<?xml version="1.0" encoding="UTF-8"?>
<testsuite xmlns:xsi="http://www.w3.org/2001/XMLSchema-instance" xsi:noNamespaceSchemaLocation="https://maven.apache.org/surefire/maven-failsafe-plugin/xsd/failsafe-test-report-3.0.xsd" version="3.0" name="Navigate to Holiday List on LMS, validate the count of Public Holidays and generate report" time="35.316" tests="1" errors="0" skipped="0" failures="0">
  <properties>
    <property name="java.specification.version" value="17"/>
    <property name="sun.cpu.isalist" value="amd64"/>
    <property name="sun.jnu.encoding" value="Cp1252"/>
    <property name="java.class.path" value="C:\Users\Aparna.Venugopal\eclipse\ShiftGear_CapstoneProj_LMS\target\test-classes;C:\Users\Aparna.Venugopal\eclipse\ShiftGear_CapstoneProj_LMS\target\ShiftGear_CapstoneProj_LMS-0.0.1-SNAPSHOT.jar;C:\Users\Aparna.Venugopal\.m2\repository\io\cucumber\cucumber-core\7.10.1\cucumber-core-7.10.1.jar;C:\Users\Aparna.Venugopal\.m2\repository\io\cucumber\cucumber-gherkin\7.10.1\cucumber-gherkin-7.10.1.jar;C:\Users\Aparna.Venugopal\.m2\repository\io\cucumber\cucumber-gherkin-messages\7.10.1\cucumber-gherkin-messages-7.10.1.jar;C:\Users\Aparna.Venugopal\.m2\repository\io\cucumber\messages\19.1.4\messages-19.1.4.jar;C:\Users\Aparna.Venugopal\.m2\repository\io\cucumber\tag-expressions\4.1.0\tag-expressions-4.1.0.jar;C:\Users\Aparna.Venugopal\.m2\repository\io\cucumber\cucumber-expressions\16.1.1\cucumber-expressions-16.1.1.jar;C:\Users\Aparna.Venugopal\.m2\repository\io\cucumber\datatable\7.10.1\datatable-7.10.1.jar;C:\Users\Aparna.Venugopal\.m2\repository\io\cucumber\cucumber-plugin\7.10.1\cucumber-plugin-7.10.1.jar;C:\Users\Aparna.Venugopal\.m2\repository\io\cucumber\docstring\7.10.1\docstring-7.10.1.jar;C:\Users\Aparna.Venugopal\.m2\repository\io\cucumber\html-formatter\20.2.0\html-formatter-20.2.0.jar;C:\Users\Aparna.Venugopal\.m2\repository\io\cucumber\ci-environment\9.1.0\ci-environment-9.1.0.jar;C:\Users\Aparna.Venugopal\.m2\repository\org\apiguardian\apiguardian-api\1.1.2\apiguardian-api-1.1.2.jar;C:\Users\Aparna.Venugopal\.m2\repository\io\cucumber\cucumber-java\7.10.1\cucumber-java-7.10.1.jar;C:\Users\Aparna.Venugopal\.m2\repository\io\cucumber\cucumber-junit\7.10.1\cucumber-junit-7.10.1.jar;C:\Users\Aparna.Venugopal\.m2\repository\io\cucumber\cucumber-jvm-deps\1.0.6\cucumber-jvm-deps-1.0.6.jar;C:\Users\Aparna.Venugopal\.m2\repository\net\masterthought\cucumber-reporting\5.7.4\cucumber-reporting-5.7.4.jar;C:\Users\Aparna.Venugopal\.m2\repository\com\fasterxml\jackson\core\jackson-databind\2.13.2.2\jackson-databind-2.13.2.2.jar;C:\Users\Aparna.Venugopal\.m2\repository\com\fasterxml\jackson\core\jackson-annotations\2.13.2\jackson-annotations-2.13.2.jar;C:\Users\Aparna.Venugopal\.m2\repository\com\fasterxml\jackson\core\jackson-core\2.13.2\jackson-core-2.13.2.jar;C:\Users\Aparna.Venugopal\.m2\repository\com\fasterxml\jackson\datatype\jackson-datatype-jsr310\2.13.2\jackson-datatype-jsr310-2.13.2.jar;C:\Users\Aparna.Venugopal\.m2\repository\org\apache\velocity\velocity-engine-core\2.3\velocity-engine-core-2.3.jar;C:\Users\Aparna.Venugopal\.m2\repository\org\apache\commons\commons-collections4\4.4\commons-collections4-4.4.jar;C:\Users\Aparna.Venugopal\.m2\repository\joda-time\joda-time\2.10.14\joda-time-2.10.14.jar;C:\Users\Aparna.Venugopal\.m2\repository\org\apache\commons\commons-lang3\3.12.0\commons-lang3-3.12.0.jar;C:\Users\Aparna.Venugopal\.m2\repository\org\codehaus\plexus\plexus-utils\3.4.2\plexus-utils-3.4.2.jar;C:\Users\Aparna.Venugopal\.m2\repository\org\jsoup\jsoup\1.15.3\jsoup-1.15.3.jar;C:\Users\Aparna.Venugopal\.m2\repository\com\google\guava\guava\31.1-jre\guava-31.1-jre.jar;C:\Users\Aparna.Venugopal\.m2\repository\com\google\guava\failureaccess\1.0.1\failureaccess-1.0.1.jar;C:\Users\Aparna.Venugopal\.m2\repository\com\google\guava\listenablefuture\9999.0-empty-to-avoid-conflict-with-guava\listenablefuture-9999.0-empty-to-avoid-conflict-with-guava.jar;C:\Users\Aparna.Venugopal\.m2\repository\com\google\code\findbugs\jsr305\3.0.2\jsr305-3.0.2.jar;C:\Users\Aparna.Venugopal\.m2\repository\org\checkerframework\checker-qual\3.12.0\checker-qual-3.12.0.jar;C:\Users\Aparna.Venugopal\.m2\repository\com\google\errorprone\error_prone_annotations\2.11.0\error_prone_annotations-2.11.0.jar;C:\Users\Aparna.Venugopal\.m2\repository\com\google\j2objc\j2objc-annotations\1.3\j2objc-annotations-1.3.jar;C:\Users\Aparna.Venugopal\.m2\repository\com\googlecode\owasp-java-html-sanitizer\owasp-java-html-sanitizer\20211018.2\owasp-java-html-sanitizer-20211018.2.jar;C:\Users\Aparna.Venugopal\.m2\repository\commons-configuration\commons-configuration\1.10\commons-configuration-1.10.jar;C:\Users\Aparna.Venugopal\.m2\repository\commons-lang\commons-lang\2.6\commons-lang-2.6.jar;C:\Users\Aparna.Venugopal\.m2\repository\commons-logging\commons-logging\1.1.1\commons-logging-1.1.1.jar;C:\Users\Aparna.Venugopal\.m2\repository\io\cucumber\gherkin\26.0.3\gherkin-26.0.3.jar;C:\Users\Aparna.Venugopal\.m2\repository\junit\junit\4.13.2\junit-4.13.2.jar;C:\Users\Aparna.Venugopal\.m2\repository\org\hamcrest\hamcrest-core\1.3\hamcrest-core-1.3.jar;C:\Users\Aparna.Venugopal\.m2\repository\org\mockito\mockito-all\1.10.19\mockito-all-1.10.19.jar;C:\Users\Aparna.Venugopal\.m2\repository\net\sourceforge\cobertura\cobertura\2.1.1\cobertura-2.1.1.jar;C:\Users\Aparna.Venugopal\.m2\repository\org\ow2\asm\asm\5.0.1\asm-5.0.1.jar;C:\Users\Aparna.Venugopal\.m2\repository\org\ow2\asm\asm-tree\5.0.1\asm-tree-5.0.1.jar;C:\Users\Aparna.Venugopal\.m2\repository\org\ow2\asm\asm-commons\5.0.1\asm-commons-5.0.1.jar;C:\Users\Aparna.Venugopal\.m2\repository\org\ow2\asm\asm-util\5.0.1\asm-util-5.0.1.jar;C:\Users\Aparna.Venugopal\.m2\repository\org\ow2\asm\asm-analysis\5.0.1\asm-analysis-5.0.1.jar;C:\Users\Aparna.Venugopal\.m2\repository\oro\oro\2.0.8\oro-2.0.8.jar;C:\Users\Aparna.Venugopal\.m2\repository\jaxen\jaxen\1.1.4\jaxen-1.1.4.jar;C:\Users\Aparna.Venugopal\.m2\repository\org\apache\ant\ant\1.8.3\ant-1.8.3.jar;C:\Users\Aparna.Venugopal\.m2\repository\org\apache\ant\ant-launcher\1.8.3\ant-launcher-1.8.3.jar;C:\Users\Aparna.Venugopal\.m2\repository\org\apache\ant\ant-junit\1.8.3\ant-junit-1.8.3.jar;C:\Users\Aparna.Venugopal\.m2\repository\org\mortbay\jetty\servlet-api-2.5\6.1.14\servlet-api-2.5-6.1.14.jar;C:\Users\Aparna.Venugopal\.m2\repository\org\mortbay\jetty\jetty\6.1.14\jetty-6.1.14.jar;C:\Users\Aparna.Venugopal\.m2\repository\org\mortbay\jetty\jetty-util\6.1.14\jetty-util-6.1.14.jar;C:\Users\Aparna.Venugopal\.m2\repository\org\slf4j\slf4j-api\1.7.5\slf4j-api-1.7.5.jar;C:\Users\Aparna.Venugopal\.m2\repository\ch\qos\logback\logback-classic\1.0.13\logback-classic-1.0.13.jar;C:\Users\Aparna.Venugopal\.m2\repository\ch\qos\logback\logback-core\1.0.13\logback-core-1.0.13.jar;C:\Users\Aparna.Venugopal\.m2\repository\org\seleniumhq\selenium\selenium-java\4.6.0\selenium-java-4.6.0.jar;C:\Users\Aparna.Venugopal\.m2\repository\org\seleniumhq\selenium\selenium-api\4.6.0\selenium-api-4.6.0.jar;C:\Users\Aparna.Venugopal\.m2\repository\org\seleniumhq\selenium\selenium-chrome-driver\4.6.0\selenium-chrome-driver-4.6.0.jar;C:\Users\Aparna.Venugopal\.m2\repository\com\google\auto\service\auto-service-annotations\1.0.1\auto-service-annotations-1.0.1.jar;C:\Users\Aparna.Venugopal\.m2\repository\com\google\auto\service\auto-service\1.0.1\auto-service-1.0.1.jar;C:\Users\Aparna.Venugopal\.m2\repository\com\google\auto\auto-common\1.2\auto-common-1.2.jar;C:\Users\Aparna.Venugopal\.m2\repository\org\seleniumhq\selenium\selenium-chromium-driver\4.6.0\selenium-chromium-driver-4.6.0.jar;C:\Users\Aparna.Venugopal\.m2\repository\org\seleniumhq\selenium\selenium-json\4.6.0\selenium-json-4.6.0.jar;C:\Users\Aparna.Venugopal\.m2\repository\org\seleniumhq\selenium\selenium-devtools-v105\4.6.0\selenium-devtools-v105-4.6.0.jar;C:\Users\Aparna.Venugopal\.m2\repository\org\seleniumhq\selenium\selenium-devtools-v106\4.6.0\selenium-devtools-v106-4.6.0.jar;C:\Users\Aparna.Venugopal\.m2\repository\org\seleniumhq\selenium\selenium-devtools-v107\4.6.0\selenium-devtools-v107-4.6.0.jar;C:\Users\Aparna.Venugopal\.m2\repository\org\seleniumhq\selenium\selenium-devtools-v85\4.6.0\selenium-devtools-v85-4.6.0.jar;C:\Users\Aparna.Venugopal\.m2\repository\org\seleniumhq\selenium\selenium-edge-driver\4.6.0\selenium-edge-driver-4.6.0.jar;C:\Users\Aparna.Venugopal\.m2\repository\org\seleniumhq\selenium\selenium-firefox-driver\4.6.0\selenium-firefox-driver-4.6.0.jar;C:\Users\Aparna.Venugopal\.m2\repository\org\seleniumhq\selenium\selenium-ie-driver\4.6.0\selenium-ie-driver-4.6.0.jar;C:\Users\Aparna.Venugopal\.m2\repository\org\seleniumhq\selenium\selenium-remote-driver\4.6.0\selenium-remote-driver-4.6.0.jar;C:\Users\Aparna.Venugopal\.m2\repository\com\beust\jcommander\1.82\jcommander-1.82.jar;C:\Users\Aparna.Venugopal\.m2\repository\io\netty\netty-buffer\4.1.84.Final\netty-buffer-4.1.84.Final.jar;C:\Users\Aparna.Venugopal\.m2\repository\io\netty\netty-codec-http\4.1.84.Final\netty-codec-http-4.1.84.Final.jar;C:\Users\Aparna.Venugopal\.m2\repository\io\netty\netty-codec\4.1.84.Final\netty-codec-4.1.84.Final.jar;C:\Users\Aparna.Venugopal\.m2\repository\io\netty\netty-handler\4.1.84.Final\netty-handler-4.1.84.Final.jar;C:\Users\Aparna.Venugopal\.m2\repository\io\netty\netty-common\4.1.84.Final\netty-common-4.1.84.Final.jar;C:\Users\Aparna.Venugopal\.m2\repository\io\netty\netty-transport-classes-epoll\4.1.84.Final\netty-transport-classes-epoll-4.1.84.Final.jar;C:\Users\Aparna.Venugopal\.m2\repository\io\netty\netty-transport-classes-kqueue\4.1.84.Final\netty-transport-classes-kqueue-4.1.84.Final.jar;C:\Users\Aparna.Venugopal\.m2\repository\io\netty\netty-transport-native-epoll\4.1.84.Final\netty-transport-native-epoll-4.1.84.Final.jar;C:\Users\Aparna.Venugopal\.m2\repository\io\netty\netty-transport-native-kqueue\4.1.84.Final\netty-transport-native-kqueue-4.1.84.Final.jar;C:\Users\Aparna.Venugopal\.m2\repository\io\netty\netty-transport-native-unix-common\4.1.84.Final\netty-transport-native-unix-common-4.1.84.Final.jar;C:\Users\Aparna.Venugopal\.m2\repository\io\netty\netty-transport\4.1.84.Final\netty-transport-4.1.84.Final.jar;C:\Users\Aparna.Venugopal\.m2\repository\io\netty\netty-resolver\4.1.84.Final\netty-resolver-4.1.84.Final.jar;C:\Users\Aparna.Venugopal\.m2\repository\io\opentelemetry\opentelemetry-api\1.19.0\opentelemetry-api-1.19.0.jar;C:\Users\Aparna.Venugopal\.m2\repository\io\opentelemetry\opentelemetry-context\1.19.0\opentelemetry-context-1.19.0.jar;C:\Users\Aparna.Venugopal\.m2\repository\io\opentelemetry\opentelemetry-exporter-logging\1.19.0\opentelemetry-exporter-logging-1.19.0.jar;C:\Users\Aparna.Venugopal\.m2\repository\io\opentelemetry\opentelemetry-sdk-metrics\1.19.0\opentelemetry-sdk-metrics-1.19.0.jar;C:\Users\Aparna.Venugopal\.m2\repository\io\opentelemetry\opentelemetry-sdk-logs\1.19.0-alpha\opentelemetry-sdk-logs-1.19.0-alpha.jar;C:\Users\Aparna.Venugopal\.m2\repository\io\opentelemetry\opentelemetry-api-logs\1.19.0-alpha\opentelemetry-api-logs-1.19.0-alpha.jar;C:\Users\Aparna.Venugopal\.m2\repository\io\opentelemetry\opentelemetry-sdk-common\1.19.0\opentelemetry-sdk-common-1.19.0.jar;C:\Users\Aparna.Venugopal\.m2\repository\io\opentelemetry\opentelemetry-sdk-extension-autoconfigure-spi\1.19.0\opentelemetry-sdk-extension-autoconfigure-spi-1.19.0.jar;C:\Users\Aparna.Venugopal\.m2\repository\io\opentelemetry\opentelemetry-sdk-extension-autoconfigure\1.19.0-alpha\opentelemetry-sdk-extension-autoconfigure-1.19.0-alpha.jar;C:\Users\Aparna.Venugopal\.m2\repository\io\opentelemetry\opentelemetry-exporter-common\1.19.0\opentelemetry-exporter-common-1.19.0.jar;C:\Users\Aparna.Venugopal\.m2\repository\io\opentelemetry\opentelemetry-sdk-trace\1.19.0\opentelemetry-sdk-trace-1.19.0.jar;C:\Users\Aparna.Venugopal\.m2\repository\io\opentelemetry\opentelemetry-sdk\1.19.0\opentelemetry-sdk-1.19.0.jar;C:\Users\Aparna.Venugopal\.m2\repository\io\opentelemetry\opentelemetry-semconv\1.19.0-alpha\opentelemetry-semconv-1.19.0-alpha.jar;C:\Users\Aparna.Venugopal\.m2\repository\io\ous\jtoml\2.0.0\jtoml-2.0.0.jar;C:\Users\Aparna.Venugopal\.m2\repository\net\bytebuddy\byte-buddy\1.12.18\byte-buddy-1.12.18.jar;C:\Users\Aparna.Venugopal\.m2\repository\org\apache\commons\commons-exec\1.3\commons-exec-1.3.jar;C:\Users\Aparna.Venugopal\.m2\repository\org\asynchttpclient\async-http-client\2.12.3\async-http-client-2.12.3.jar;C:\Users\Aparna.Venugopal\.m2\repository\org\asynchttpclient\async-http-client-netty-utils\2.12.3\async-http-client-netty-utils-2.12.3.jar;C:\Users\Aparna.Venugopal\.m2\repository\io\netty\netty-codec-socks\4.1.60.Final\netty-codec-socks-4.1.60.Final.jar;C:\Users\Aparna.Venugopal\.m2\repository\io\netty\netty-handler-proxy\4.1.60.Final\netty-handler-proxy-4.1.60.Final.jar;C:\Users\Aparna.Venugopal\.m2\repository\io\netty\netty-transport-native-epoll\4.1.60.Final\netty-transport-native-epoll-4.1.60.Final-linux-x86_64.jar;C:\Users\Aparna.Venugopal\.m2\repository\io\netty\netty-transport-native-kqueue\4.1.60.Final\netty-transport-native-kqueue-4.1.60.Final-osx-x86_64.jar;C:\Users\Aparna.Venugopal\.m2\repository\com\typesafe\netty\netty-reactive-streams\2.0.4\netty-reactive-streams-2.0.4.jar;C:\Users\Aparna.Venugopal\.m2\repository\com\sun\activation\jakarta.activation\1.2.2\jakarta.activation-1.2.2.jar;C:\Users\Aparna.Venugopal\.m2\repository\org\seleniumhq\selenium\selenium-http\4.6.0\selenium-http-4.6.0.jar;C:\Users\Aparna.Venugopal\.m2\repository\dev\failsafe\failsafe\3.3.0\failsafe-3.3.0.jar;C:\Users\Aparna.Venugopal\.m2\repository\org\seleniumhq\selenium\selenium-manager\4.6.0\selenium-manager-4.6.0.jar;C:\Users\Aparna.Venugopal\.m2\repository\org\seleniumhq\selenium\selenium-safari-driver\4.6.0\selenium-safari-driver-4.6.0.jar;C:\Users\Aparna.Venugopal\.m2\repository\org\seleniumhq\selenium\selenium-support\4.6.0\selenium-support-4.6.0.jar;C:\Users\Aparna.Venugopal\.m2\repository\io\github\bonigarcia\webdrivermanager\5.3.2\webdrivermanager-5.3.2.jar;C:\Users\Aparna.Venugopal\.m2\repository\com\google\code\gson\gson\2.10.1\gson-2.10.1.jar;C:\Users\Aparna.Venugopal\.m2\repository\com\github\docker-java\docker-java\3.2.14\docker-java-3.2.14.jar;C:\Users\Aparna.Venugopal\.m2\repository\com\github\docker-java\docker-java-core\3.2.14\docker-java-core-3.2.14.jar;C:\Users\Aparna.Venugopal\.m2\repository\com\github\docker-java\docker-java-api\3.2.14\docker-java-api-3.2.14.jar;C:\Users\Aparna.Venugopal\.m2\repository\org\bouncycastle\bcpkix-jdk15on\1.64\bcpkix-jdk15on-1.64.jar;C:\Users\Aparna.Venugopal\.m2\repository\org\bouncycastle\bcprov-jdk15on\1.64\bcprov-jdk15on-1.64.jar;C:\Users\Aparna.Venugopal\.m2\repository\org\slf4j\jcl-over-slf4j\1.7.30\jcl-over-slf4j-1.7.30.jar;C:\Users\Aparna.Venugopal\.m2\repository\com\github\docker-java\docker-java-transport-httpclient5\3.2.14\docker-java-transport-httpclient5-3.2.14.jar;C:\Users\Aparna.Venugopal\.m2\repository\com\github\docker-java\docker-java-transport\3.2.14\docker-java-transport-3.2.14.jar;C:\Users\Aparna.Venugopal\.m2\repository\net\java\dev\jna\jna\5.12.1\jna-5.12.1.jar;C:\Users\Aparna.Venugopal\.m2\repository\org\brotli\dec\0.1.2\dec-0.1.2.jar;C:\Users\Aparna.Venugopal\.m2\repository\org\apache\httpcomponents\client5\httpclient5\5.2.1\httpclient5-5.2.1.jar;C:\Users\Aparna.Venugopal\.m2\repository\org\apache\httpcomponents\core5\httpcore5\5.2\httpcore5-5.2.jar;C:\Users\Aparna.Venugopal\.m2\repository\org\apache\httpcomponents\core5\httpcore5-h2\5.2\httpcore5-h2-5.2.jar;C:\Users\Aparna.Venugopal\.m2\repository\com\vimalselvam\cucumber-extentsreport\3.1.1\cucumber-extentsreport-3.1.1.jar;C:\Users\Aparna.Venugopal\.m2\repository\com\aventstack\extentreports\5.0.9\extentreports-5.0.9.jar;C:\Users\Aparna.Venugopal\.m2\repository\io\reactivex\rxjava3\rxjava\3.0.4\rxjava-3.0.4.jar;C:\Users\Aparna.Venugopal\.m2\repository\org\reactivestreams\reactive-streams\1.0.3\reactive-streams-1.0.3.jar;C:\Users\Aparna.Venugopal\.m2\repository\org\freemarker\freemarker\2.3.30\freemarker-2.3.30.jar;C:\Users\Aparna.Venugopal\.m2\repository\net\masterthought\maven-cucumber-reporting\5.7.4\maven-cucumber-reporting-5.7.4.jar;C:\Users\Aparna.Venugopal\.m2\repository\org\apache\maven\maven-plugin-api\3.8.6\maven-plugin-api-3.8.6.jar;C:\Users\Aparna.Venugopal\.m2\repository\org\apache\maven\maven-model\3.8.6\maven-model-3.8.6.jar;C:\Users\Aparna.Venugopal\.m2\repository\org\apache\maven\maven-artifact\3.8.6\maven-artifact-3.8.6.jar;C:\Users\Aparna.Venugopal\.m2\repository\org\eclipse\sisu\org.eclipse.sisu.plexus\0.3.5\org.eclipse.sisu.plexus-0.3.5.jar;C:\Users\Aparna.Venugopal\.m2\repository\javax\annotation\javax.annotation-api\1.2\javax.annotation-api-1.2.jar;C:\Users\Aparna.Venugopal\.m2\repository\org\eclipse\sisu\org.eclipse.sisu.inject\0.3.5\org.eclipse.sisu.inject-0.3.5.jar;C:\Users\Aparna.Venugopal\.m2\repository\org\codehaus\plexus\plexus-component-annotations\1.5.5\plexus-component-annotations-1.5.5.jar;C:\Users\Aparna.Venugopal\.m2\repository\org\codehaus\plexus\plexus-classworlds\2.6.0\plexus-classworlds-2.6.0.jar;C:\Users\Aparna.Venugopal\.m2\repository\commons-collections\commons-collections\3.2.2\commons-collections-3.2.2.jar;C:\Users\Aparna.Venugopal\.m2\repository\tech\grasshopper\extentreports-cucumber7-adapter\1.10.1\extentreports-cucumber7-adapter-1.10.1.jar;C:\Users\Aparna.Venugopal\.m2\repository\com\aventstack\klov-reporter\5.0.9\klov-reporter-5.0.9.jar;C:\Users\Aparna.Venugopal\.m2\repository\org\mongodb\mongodb-driver\3.6.4\mongodb-driver-3.6.4.jar;C:\Users\Aparna.Venugopal\.m2\repository\org\mongodb\mongodb-driver-core\3.6.4\mongodb-driver-core-3.6.4.jar;C:\Users\Aparna.Venugopal\.m2\repository\org\mongodb\bson\3.6.4\bson-3.6.4.jar;C:\Users\Aparna.Venugopal\.m2\repository\org\apache\httpcomponents\httpclient\4.5.13\httpclient-4.5.13.jar;C:\Users\Aparna.Venugopal\.m2\repository\org\apache\httpcomponents\httpcore\4.4.13\httpcore-4.4.13.jar;C:\Users\Aparna.Venugopal\.m2\repository\org\apache\httpcomponents\httpmime\4.5.13\httpmime-4.5.13.jar;C:\Users\Aparna.Venugopal\.m2\repository\tech\grasshopper\htmlextentreporter\1.0.1\htmlextentreporter-1.0.1.jar;C:\Users\Aparna.Venugopal\.m2\repository\tech\grasshopper\extent-excel-report\1.3.0\extent-excel-report-1.3.0.jar;C:\Users\Aparna.Venugopal\.m2\repository\tech\grasshopper\extent-pdf-report\2.9.1\extent-pdf-report-2.9.1.jar;C:\Users\Aparna.Venugopal\.m2\repository\tech\grasshopper\cucumber-pdf-report\2.11.1\cucumber-pdf-report-2.11.1.jar;C:\Users\Aparna.Venugopal\.m2\repository\org\apache\pdfbox\pdfbox\2.0.26\pdfbox-2.0.26.jar;C:\Users\Aparna.Venugopal\.m2\repository\org\apache\pdfbox\fontbox\2.0.26\fontbox-2.0.26.jar;C:\Users\Aparna.Venugopal\.m2\repository\org\knowm\xchart\xchart\3.8.0\xchart-3.8.0.jar;C:\Users\Aparna.Venugopal\.m2\repository\de\erichseifert\vectorgraphics2d\VectorGraphics2D\0.13\VectorGraphics2D-0.13.jar;C:\Users\Aparna.Venugopal\.m2\repository\de\rototor\pdfbox\graphics2d\0.30\graphics2d-0.30.jar;C:\Users\Aparna.Venugopal\.m2\repository\com\madgag\animated-gif-lib\1.4\animated-gif-lib-1.4.jar;C:\Users\Aparna.Venugopal\.m2\repository\org\yaml\snakeyaml\1.28\snakeyaml-1.28.jar;C:\Users\Aparna.Venugopal\.m2\repository\tech\grasshopper\table-layout\1.5.1\table-layout-1.5.1.jar;C:\Users\Aparna.Venugopal\.m2\repository\tech\grasshopper\rest-assured-cucumber-pdf-report\1.4.1\rest-assured-cucumber-pdf-report-1.4.1.jar;C:\Users\Aparna.Venugopal\.m2\repository\commons-io\commons-io\2.11.0\commons-io-2.11.0.jar;C:\Users\Aparna.Venugopal\.m2\repository\org\apache\logging\log4j\log4j-core\2.19.0\log4j-core-2.19.0.jar;C:\Users\Aparna.Venugopal\.m2\repository\org\apache\logging\log4j\log4j-api\2.19.0\log4j-api-2.19.0.jar;C:\Users\Aparna.Venugopal\.m2\repository\org\apache\poi\poi\5.2.3\poi-5.2.3.jar;C:\Users\Aparna.Venugopal\.m2\repository\commons-codec\commons-codec\1.15\commons-codec-1.15.jar;C:\Users\Aparna.Venugopal\.m2\repository\org\apache\commons\commons-math3\3.6.1\commons-math3-3.6.1.jar;C:\Users\Aparna.Venugopal\.m2\repository\com\zaxxer\SparseBitSet\1.2\SparseBitSet-1.2.jar;C:\Users\Aparna.Venugopal\.m2\repository\org\apache\poi\poi-ooxml\5.2.3\poi-ooxml-5.2.3.jar;C:\Users\Aparna.Venugopal\.m2\repository\org\apache\poi\poi-ooxml-lite\5.2.3\poi-ooxml-lite-5.2.3.jar;C:\Users\Aparna.Venugopal\.m2\repository\org\apache\xmlbeans\xmlbeans\5.1.1\xmlbeans-5.1.1.jar;C:\Users\Aparna.Venugopal\.m2\repository\org\apache\commons\commons-compress\1.21\commons-compress-1.21.jar;C:\Users\Aparna.Venugopal\.m2\repository\com\github\virtuald\curvesapi\1.07\curvesapi-1.07.jar;C:\Users\Aparna.Venugopal\.m2\repository\org\apache\maven\surefire\surefire-junit4\3.0.0-M9\surefire-junit4-3.0.0-M9.jar;C:\Users\Aparna.Venugopal\.m2\repository\org\apache\maven\surefire\common-junit4\3.0.0-M9\common-junit4-3.0.0-M9.jar;C:\Users\Aparna.Venugopal\.m2\repository\org\apache\maven\surefire\common-junit3\3.0.0-M9\common-junit3-3.0.0-M9.jar;C:\Users\Aparna.Venugopal\.m2\repository\org\apache\maven\surefire\common-java5\3.0.0-M9\common-java5-3.0.0-M9.jar;C:\Users\Aparna.Venugopal\.m2\repository\org\apache\maven\surefire\surefire-api\3.0.0-M9\surefire-api-3.0.0-M9.jar;C:\Users\Aparna.Venugopal\.m2\repository\org\apache\maven\surefire\surefire-logger-api\3.0.0-M9\surefire-logger-api-3.0.0-M9.jar;C:\Users\Aparna.Venugopal\.m2\repository\org\apache\maven\surefire\surefire-shared-utils\3.0.0-M9\surefire-shared-utils-3.0.0-M9.jar;C:\Users\Aparna.Venugopal\.m2\repository\org\projectlombok\lombok\1.18.22\lombok-1.18.22.jar;"/>
    <property name="java.vm.vendor" value="Oracle Corporation"/>
    <property name="sun.arch.data.model" value="64"/>
    <property name="user.variant" value=""/>
    <property name="java.vendor.url" value="https://java.oracle.com/"/>
    <property name="user.timezone" value="Asia/Calcutta"/>
    <property name="os.name" value="Windows 10"/>
    <property name="java.vm.specification.version" value="17"/>
    <property name="sun.java.launcher" value="SUN_STANDARD"/>
    <property name="user.country" value="IN"/>
    <property name="sun.boot.library.path" value="C:\Program Files\Java\jdk-17.0.5\bin"/>
    <property name="sun.java.command" value="C:\Users\Aparna.Venugopal\AppData\Local\Temp\surefire13468393051140149470\surefirebooter-20230221022045038_3.jar C:\Users\Aparna.Venugopal\AppData\Local\Temp\surefire13468393051140149470 2023-02-21T02-20-44_052-jvmRun1 surefire-20230221022045038_1tmp surefire_0-20230221022045038_2tmp"/>
    <property name="jdk.debug" value="release"/>
    <property name="surefire.test.class.path" value="C:\Users\Aparna.Venugopal\eclipse\ShiftGear_CapstoneProj_LMS\target\test-classes;C:\Users\Aparna.Venugopal\eclipse\ShiftGear_CapstoneProj_LMS\target\ShiftGear_CapstoneProj_LMS-0.0.1-SNAPSHOT.jar;C:\Users\Aparna.Venugopal\.m2\repository\io\cucumber\cucumber-core\7.10.1\cucumber-core-7.10.1.jar;C:\Users\Aparna.Venugopal\.m2\repository\io\cucumber\cucumber-gherkin\7.10.1\cucumber-gherkin-7.10.1.jar;C:\Users\Aparna.Venugopal\.m2\repository\io\cucumber\cucumber-gherkin-messages\7.10.1\cucumber-gherkin-messages-7.10.1.jar;C:\Users\Aparna.Venugopal\.m2\repository\io\cucumber\messages\19.1.4\messages-19.1.4.jar;C:\Users\Aparna.Venugopal\.m2\repository\io\cucumber\tag-expressions\4.1.0\tag-expressions-4.1.0.jar;C:\Users\Aparna.Venugopal\.m2\repository\io\cucumber\cucumber-expressions\16.1.1\cucumber-expressions-16.1.1.jar;C:\Users\Aparna.Venugopal\.m2\repository\io\cucumber\datatable\7.10.1\datatable-7.10.1.jar;C:\Users\Aparna.Venugopal\.m2\repository\io\cucumber\cucumber-plugin\7.10.1\cucumber-plugin-7.10.1.jar;C:\Users\Aparna.Venugopal\.m2\repository\io\cucumber\docstring\7.10.1\docstring-7.10.1.jar;C:\Users\Aparna.Venugopal\.m2\repository\io\cucumber\html-formatter\20.2.0\html-formatter-20.2.0.jar;C:\Users\Aparna.Venugopal\.m2\repository\io\cucumber\ci-environment\9.1.0\ci-environment-9.1.0.jar;C:\Users\Aparna.Venugopal\.m2\repository\org\apiguardian\apiguardian-api\1.1.2\apiguardian-api-1.1.2.jar;C:\Users\Aparna.Venugopal\.m2\repository\io\cucumber\cucumber-java\7.10.1\cucumber-java-7.10.1.jar;C:\Users\Aparna.Venugopal\.m2\repository\io\cucumber\cucumber-junit\7.10.1\cucumber-junit-7.10.1.jar;C:\Users\Aparna.Venugopal\.m2\repository\io\cucumber\cucumber-jvm-deps\1.0.6\cucumber-jvm-deps-1.0.6.jar;C:\Users\Aparna.Venugopal\.m2\repository\net\masterthought\cucumber-reporting\5.7.4\cucumber-reporting-5.7.4.jar;C:\Users\Aparna.Venugopal\.m2\repository\com\fasterxml\jackson\core\jackson-databind\2.13.2.2\jackson-databind-2.13.2.2.jar;C:\Users\Aparna.Venugopal\.m2\repository\com\fasterxml\jackson\core\jackson-annotations\2.13.2\jackson-annotations-2.13.2.jar;C:\Users\Aparna.Venugopal\.m2\repository\com\fasterxml\jackson\core\jackson-core\2.13.2\jackson-core-2.13.2.jar;C:\Users\Aparna.Venugopal\.m2\repository\com\fasterxml\jackson\datatype\jackson-datatype-jsr310\2.13.2\jackson-datatype-jsr310-2.13.2.jar;C:\Users\Aparna.Venugopal\.m2\repository\org\apache\velocity\velocity-engine-core\2.3\velocity-engine-core-2.3.jar;C:\Users\Aparna.Venugopal\.m2\repository\org\apache\commons\commons-collections4\4.4\commons-collections4-4.4.jar;C:\Users\Aparna.Venugopal\.m2\repository\joda-time\joda-time\2.10.14\joda-time-2.10.14.jar;C:\Users\Aparna.Venugopal\.m2\repository\org\apache\commons\commons-lang3\3.12.0\commons-lang3-3.12.0.jar;C:\Users\Aparna.Venugopal\.m2\repository\org\codehaus\plexus\plexus-utils\3.4.2\plexus-utils-3.4.2.jar;C:\Users\Aparna.Venugopal\.m2\repository\org\jsoup\jsoup\1.15.3\jsoup-1.15.3.jar;C:\Users\Aparna.Venugopal\.m2\repository\com\google\guava\guava\31.1-jre\guava-31.1-jre.jar;C:\Users\Aparna.Venugopal\.m2\repository\com\google\guava\failureaccess\1.0.1\failureaccess-1.0.1.jar;C:\Users\Aparna.Venugopal\.m2\repository\com\google\guava\listenablefuture\9999.0-empty-to-avoid-conflict-with-guava\listenablefuture-9999.0-empty-to-avoid-conflict-with-guava.jar;C:\Users\Aparna.Venugopal\.m2\repository\com\google\code\findbugs\jsr305\3.0.2\jsr305-3.0.2.jar;C:\Users\Aparna.Venugopal\.m2\repository\org\checkerframework\checker-qual\3.12.0\checker-qual-3.12.0.jar;C:\Users\Aparna.Venugopal\.m2\repository\com\google\errorprone\error_prone_annotations\2.11.0\error_prone_annotations-2.11.0.jar;C:\Users\Aparna.Venugopal\.m2\repository\com\google\j2objc\j2objc-annotations\1.3\j2objc-annotations-1.3.jar;C:\Users\Aparna.Venugopal\.m2\repository\com\googlecode\owasp-java-html-sanitizer\owasp-java-html-sanitizer\20211018.2\owasp-java-html-sanitizer-20211018.2.jar;C:\Users\Aparna.Venugopal\.m2\repository\commons-configuration\commons-configuration\1.10\commons-configuration-1.10.jar;C:\Users\Aparna.Venugopal\.m2\repository\commons-lang\commons-lang\2.6\commons-lang-2.6.jar;C:\Users\Aparna.Venugopal\.m2\repository\commons-logging\commons-logging\1.1.1\commons-logging-1.1.1.jar;C:\Users\Aparna.Venugopal\.m2\repository\io\cucumber\gherkin\26.0.3\gherkin-26.0.3.jar;C:\Users\Aparna.Venugopal\.m2\repository\junit\junit\4.13.2\junit-4.13.2.jar;C:\Users\Aparna.Venugopal\.m2\repository\org\hamcrest\hamcrest-core\1.3\hamcrest-core-1.3.jar;C:\Users\Aparna.Venugopal\.m2\repository\org\mockito\mockito-all\1.10.19\mockito-all-1.10.19.jar;C:\Users\Aparna.Venugopal\.m2\repository\net\sourceforge\cobertura\cobertura\2.1.1\cobertura-2.1.1.jar;C:\Users\Aparna.Venugopal\.m2\repository\org\ow2\asm\asm\5.0.1\asm-5.0.1.jar;C:\Users\Aparna.Venugopal\.m2\repository\org\ow2\asm\asm-tree\5.0.1\asm-tree-5.0.1.jar;C:\Users\Aparna.Venugopal\.m2\repository\org\ow2\asm\asm-commons\5.0.1\asm-commons-5.0.1.jar;C:\Users\Aparna.Venugopal\.m2\repository\org\ow2\asm\asm-util\5.0.1\asm-util-5.0.1.jar;C:\Users\Aparna.Venugopal\.m2\repository\org\ow2\asm\asm-analysis\5.0.1\asm-analysis-5.0.1.jar;C:\Users\Aparna.Venugopal\.m2\repository\oro\oro\2.0.8\oro-2.0.8.jar;C:\Users\Aparna.Venugopal\.m2\repository\jaxen\jaxen\1.1.4\jaxen-1.1.4.jar;C:\Users\Aparna.Venugopal\.m2\repository\org\apache\ant\ant\1.8.3\ant-1.8.3.jar;C:\Users\Aparna.Venugopal\.m2\repository\org\apache\ant\ant-launcher\1.8.3\ant-launcher-1.8.3.jar;C:\Users\Aparna.Venugopal\.m2\repository\org\apache\ant\ant-junit\1.8.3\ant-junit-1.8.3.jar;C:\Users\Aparna.Venugopal\.m2\repository\org\mortbay\jetty\servlet-api-2.5\6.1.14\servlet-api-2.5-6.1.14.jar;C:\Users\Aparna.Venugopal\.m2\repository\org\mortbay\jetty\jetty\6.1.14\jetty-6.1.14.jar;C:\Users\Aparna.Venugopal\.m2\repository\org\mortbay\jetty\jetty-util\6.1.14\jetty-util-6.1.14.jar;C:\Users\Aparna.Venugopal\.m2\repository\org\slf4j\slf4j-api\1.7.5\slf4j-api-1.7.5.jar;C:\Users\Aparna.Venugopal\.m2\repository\ch\qos\logback\logback-classic\1.0.13\logback-classic-1.0.13.jar;C:\Users\Aparna.Venugopal\.m2\repository\ch\qos\logback\logback-core\1.0.13\logback-core-1.0.13.jar;C:\Users\Aparna.Venugopal\.m2\repository\org\seleniumhq\selenium\selenium-java\4.6.0\selenium-java-4.6.0.jar;C:\Users\Aparna.Venugopal\.m2\repository\org\seleniumhq\selenium\selenium-api\4.6.0\selenium-api-4.6.0.jar;C:\Users\Aparna.Venugopal\.m2\repository\org\seleniumhq\selenium\selenium-chrome-driver\4.6.0\selenium-chrome-driver-4.6.0.jar;C:\Users\Aparna.Venugopal\.m2\repository\com\google\auto\service\auto-service-annotations\1.0.1\auto-service-annotations-1.0.1.jar;C:\Users\Aparna.Venugopal\.m2\repository\com\google\auto\service\auto-service\1.0.1\auto-service-1.0.1.jar;C:\Users\Aparna.Venugopal\.m2\repository\com\google\auto\auto-common\1.2\auto-common-1.2.jar;C:\Users\Aparna.Venugopal\.m2\repository\org\seleniumhq\selenium\selenium-chromium-driver\4.6.0\selenium-chromium-driver-4.6.0.jar;C:\Users\Aparna.Venugopal\.m2\repository\org\seleniumhq\selenium\selenium-json\4.6.0\selenium-json-4.6.0.jar;C:\Users\Aparna.Venugopal\.m2\repository\org\seleniumhq\selenium\selenium-devtools-v105\4.6.0\selenium-devtools-v105-4.6.0.jar;C:\Users\Aparna.Venugopal\.m2\repository\org\seleniumhq\selenium\selenium-devtools-v106\4.6.0\selenium-devtools-v106-4.6.0.jar;C:\Users\Aparna.Venugopal\.m2\repository\org\seleniumhq\selenium\selenium-devtools-v107\4.6.0\selenium-devtools-v107-4.6.0.jar;C:\Users\Aparna.Venugopal\.m2\repository\org\seleniumhq\selenium\selenium-devtools-v85\4.6.0\selenium-devtools-v85-4.6.0.jar;C:\Users\Aparna.Venugopal\.m2\repository\org\seleniumhq\selenium\selenium-edge-driver\4.6.0\selenium-edge-driver-4.6.0.jar;C:\Users\Aparna.Venugopal\.m2\repository\org\seleniumhq\selenium\selenium-firefox-driver\4.6.0\selenium-firefox-driver-4.6.0.jar;C:\Users\Aparna.Venugopal\.m2\repository\org\seleniumhq\selenium\selenium-ie-driver\4.6.0\selenium-ie-driver-4.6.0.jar;C:\Users\Aparna.Venugopal\.m2\repository\org\seleniumhq\selenium\selenium-remote-driver\4.6.0\selenium-remote-driver-4.6.0.jar;C:\Users\Aparna.Venugopal\.m2\repository\com\beust\jcommander\1.82\jcommander-1.82.jar;C:\Users\Aparna.Venugopal\.m2\repository\io\netty\netty-buffer\4.1.84.Final\netty-buffer-4.1.84.Final.jar;C:\Users\Aparna.Venugopal\.m2\repository\io\netty\netty-codec-http\4.1.84.Final\netty-codec-http-4.1.84.Final.jar;C:\Users\Aparna.Venugopal\.m2\repository\io\netty\netty-codec\4.1.84.Final\netty-codec-4.1.84.Final.jar;C:\Users\Aparna.Venugopal\.m2\repository\io\netty\netty-handler\4.1.84.Final\netty-handler-4.1.84.Final.jar;C:\Users\Aparna.Venugopal\.m2\repository\io\netty\netty-common\4.1.84.Final\netty-common-4.1.84.Final.jar;C:\Users\Aparna.Venugopal\.m2\repository\io\netty\netty-transport-classes-epoll\4.1.84.Final\netty-transport-classes-epoll-4.1.84.Final.jar;C:\Users\Aparna.Venugopal\.m2\repository\io\netty\netty-transport-classes-kqueue\4.1.84.Final\netty-transport-classes-kqueue-4.1.84.Final.jar;C:\Users\Aparna.Venugopal\.m2\repository\io\netty\netty-transport-native-epoll\4.1.84.Final\netty-transport-native-epoll-4.1.84.Final.jar;C:\Users\Aparna.Venugopal\.m2\repository\io\netty\netty-transport-native-kqueue\4.1.84.Final\netty-transport-native-kqueue-4.1.84.Final.jar;C:\Users\Aparna.Venugopal\.m2\repository\io\netty\netty-transport-native-unix-common\4.1.84.Final\netty-transport-native-unix-common-4.1.84.Final.jar;C:\Users\Aparna.Venugopal\.m2\repository\io\netty\netty-transport\4.1.84.Final\netty-transport-4.1.84.Final.jar;C:\Users\Aparna.Venugopal\.m2\repository\io\netty\netty-resolver\4.1.84.Final\netty-resolver-4.1.84.Final.jar;C:\Users\Aparna.Venugopal\.m2\repository\io\opentelemetry\opentelemetry-api\1.19.0\opentelemetry-api-1.19.0.jar;C:\Users\Aparna.Venugopal\.m2\repository\io\opentelemetry\opentelemetry-context\1.19.0\opentelemetry-context-1.19.0.jar;C:\Users\Aparna.Venugopal\.m2\repository\io\opentelemetry\opentelemetry-exporter-logging\1.19.0\opentelemetry-exporter-logging-1.19.0.jar;C:\Users\Aparna.Venugopal\.m2\repository\io\opentelemetry\opentelemetry-sdk-metrics\1.19.0\opentelemetry-sdk-metrics-1.19.0.jar;C:\Users\Aparna.Venugopal\.m2\repository\io\opentelemetry\opentelemetry-sdk-logs\1.19.0-alpha\opentelemetry-sdk-logs-1.19.0-alpha.jar;C:\Users\Aparna.Venugopal\.m2\repository\io\opentelemetry\opentelemetry-api-logs\1.19.0-alpha\opentelemetry-api-logs-1.19.0-alpha.jar;C:\Users\Aparna.Venugopal\.m2\repository\io\opentelemetry\opentelemetry-sdk-common\1.19.0\opentelemetry-sdk-common-1.19.0.jar;C:\Users\Aparna.Venugopal\.m2\repository\io\opentelemetry\opentelemetry-sdk-extension-autoconfigure-spi\1.19.0\opentelemetry-sdk-extension-autoconfigure-spi-1.19.0.jar;C:\Users\Aparna.Venugopal\.m2\repository\io\opentelemetry\opentelemetry-sdk-extension-autoconfigure\1.19.0-alpha\opentelemetry-sdk-extension-autoconfigure-1.19.0-alpha.jar;C:\Users\Aparna.Venugopal\.m2\repository\io\opentelemetry\opentelemetry-exporter-common\1.19.0\opentelemetry-exporter-common-1.19.0.jar;C:\Users\Aparna.Venugopal\.m2\repository\io\opentelemetry\opentelemetry-sdk-trace\1.19.0\opentelemetry-sdk-trace-1.19.0.jar;C:\Users\Aparna.Venugopal\.m2\repository\io\opentelemetry\opentelemetry-sdk\1.19.0\opentelemetry-sdk-1.19.0.jar;C:\Users\Aparna.Venugopal\.m2\repository\io\opentelemetry\opentelemetry-semconv\1.19.0-alpha\opentelemetry-semconv-1.19.0-alpha.jar;C:\Users\Aparna.Venugopal\.m2\repository\io\ous\jtoml\2.0.0\jtoml-2.0.0.jar;C:\Users\Aparna.Venugopal\.m2\repository\net\bytebuddy\byte-buddy\1.12.18\byte-buddy-1.12.18.jar;C:\Users\Aparna.Venugopal\.m2\repository\org\apache\commons\commons-exec\1.3\commons-exec-1.3.jar;C:\Users\Aparna.Venugopal\.m2\repository\org\asynchttpclient\async-http-client\2.12.3\async-http-client-2.12.3.jar;C:\Users\Aparna.Venugopal\.m2\repository\org\asynchttpclient\async-http-client-netty-utils\2.12.3\async-http-client-netty-utils-2.12.3.jar;C:\Users\Aparna.Venugopal\.m2\repository\io\netty\netty-codec-socks\4.1.60.Final\netty-codec-socks-4.1.60.Final.jar;C:\Users\Aparna.Venugopal\.m2\repository\io\netty\netty-handler-proxy\4.1.60.Final\netty-handler-proxy-4.1.60.Final.jar;C:\Users\Aparna.Venugopal\.m2\repository\io\netty\netty-transport-native-epoll\4.1.60.Final\netty-transport-native-epoll-4.1.60.Final-linux-x86_64.jar;C:\Users\Aparna.Venugopal\.m2\repository\io\netty\netty-transport-native-kqueue\4.1.60.Final\netty-transport-native-kqueue-4.1.60.Final-osx-x86_64.jar;C:\Users\Aparna.Venugopal\.m2\repository\com\typesafe\netty\netty-reactive-streams\2.0.4\netty-reactive-streams-2.0.4.jar;C:\Users\Aparna.Venugopal\.m2\repository\com\sun\activation\jakarta.activation\1.2.2\jakarta.activation-1.2.2.jar;C:\Users\Aparna.Venugopal\.m2\repository\org\seleniumhq\selenium\selenium-http\4.6.0\selenium-http-4.6.0.jar;C:\Users\Aparna.Venugopal\.m2\repository\dev\failsafe\failsafe\3.3.0\failsafe-3.3.0.jar;C:\Users\Aparna.Venugopal\.m2\repository\org\seleniumhq\selenium\selenium-manager\4.6.0\selenium-manager-4.6.0.jar;C:\Users\Aparna.Venugopal\.m2\repository\org\seleniumhq\selenium\selenium-safari-driver\4.6.0\selenium-safari-driver-4.6.0.jar;C:\Users\Aparna.Venugopal\.m2\repository\org\seleniumhq\selenium\selenium-support\4.6.0\selenium-support-4.6.0.jar;C:\Users\Aparna.Venugopal\.m2\repository\io\github\bonigarcia\webdrivermanager\5.3.2\webdrivermanager-5.3.2.jar;C:\Users\Aparna.Venugopal\.m2\repository\com\google\code\gson\gson\2.10.1\gson-2.10.1.jar;C:\Users\Aparna.Venugopal\.m2\repository\com\github\docker-java\docker-java\3.2.14\docker-java-3.2.14.jar;C:\Users\Aparna.Venugopal\.m2\repository\com\github\docker-java\docker-java-core\3.2.14\docker-java-core-3.2.14.jar;C:\Users\Aparna.Venugopal\.m2\repository\com\github\docker-java\docker-java-api\3.2.14\docker-java-api-3.2.14.jar;C:\Users\Aparna.Venugopal\.m2\repository\org\bouncycastle\bcpkix-jdk15on\1.64\bcpkix-jdk15on-1.64.jar;C:\Users\Aparna.Venugopal\.m2\repository\org\bouncycastle\bcprov-jdk15on\1.64\bcprov-jdk15on-1.64.jar;C:\Users\Aparna.Venugopal\.m2\repository\org\slf4j\jcl-over-slf4j\1.7.30\jcl-over-slf4j-1.7.30.jar;C:\Users\Aparna.Venugopal\.m2\repository\com\github\docker-java\docker-java-transport-httpclient5\3.2.14\docker-java-transport-httpclient5-3.2.14.jar;C:\Users\Aparna.Venugopal\.m2\repository\com\github\docker-java\docker-java-transport\3.2.14\docker-java-transport-3.2.14.jar;C:\Users\Aparna.Venugopal\.m2\repository\net\java\dev\jna\jna\5.12.1\jna-5.12.1.jar;C:\Users\Aparna.Venugopal\.m2\repository\org\brotli\dec\0.1.2\dec-0.1.2.jar;C:\Users\Aparna.Venugopal\.m2\repository\org\apache\httpcomponents\client5\httpclient5\5.2.1\httpclient5-5.2.1.jar;C:\Users\Aparna.Venugopal\.m2\repository\org\apache\httpcomponents\core5\httpcore5\5.2\httpcore5-5.2.jar;C:\Users\Aparna.Venugopal\.m2\repository\org\apache\httpcomponents\core5\httpcore5-h2\5.2\httpcore5-h2-5.2.jar;C:\Users\Aparna.Venugopal\.m2\repository\com\vimalselvam\cucumber-extentsreport\3.1.1\cucumber-extentsreport-3.1.1.jar;C:\Users\Aparna.Venugopal\.m2\repository\com\aventstack\extentreports\5.0.9\extentreports-5.0.9.jar;C:\Users\Aparna.Venugopal\.m2\repository\io\reactivex\rxjava3\rxjava\3.0.4\rxjava-3.0.4.jar;C:\Users\Aparna.Venugopal\.m2\repository\org\reactivestreams\reactive-streams\1.0.3\reactive-streams-1.0.3.jar;C:\Users\Aparna.Venugopal\.m2\repository\org\freemarker\freemarker\2.3.30\freemarker-2.3.30.jar;C:\Users\Aparna.Venugopal\.m2\repository\net\masterthought\maven-cucumber-reporting\5.7.4\maven-cucumber-reporting-5.7.4.jar;C:\Users\Aparna.Venugopal\.m2\repository\org\apache\maven\maven-plugin-api\3.8.6\maven-plugin-api-3.8.6.jar;C:\Users\Aparna.Venugopal\.m2\repository\org\apache\maven\maven-model\3.8.6\maven-model-3.8.6.jar;C:\Users\Aparna.Venugopal\.m2\repository\org\apache\maven\maven-artifact\3.8.6\maven-artifact-3.8.6.jar;C:\Users\Aparna.Venugopal\.m2\repository\org\eclipse\sisu\org.eclipse.sisu.plexus\0.3.5\org.eclipse.sisu.plexus-0.3.5.jar;C:\Users\Aparna.Venugopal\.m2\repository\javax\annotation\javax.annotation-api\1.2\javax.annotation-api-1.2.jar;C:\Users\Aparna.Venugopal\.m2\repository\org\eclipse\sisu\org.eclipse.sisu.inject\0.3.5\org.eclipse.sisu.inject-0.3.5.jar;C:\Users\Aparna.Venugopal\.m2\repository\org\codehaus\plexus\plexus-component-annotations\1.5.5\plexus-component-annotations-1.5.5.jar;C:\Users\Aparna.Venugopal\.m2\repository\org\codehaus\plexus\plexus-classworlds\2.6.0\plexus-classworlds-2.6.0.jar;C:\Users\Aparna.Venugopal\.m2\repository\commons-collections\commons-collections\3.2.2\commons-collections-3.2.2.jar;C:\Users\Aparna.Venugopal\.m2\repository\tech\grasshopper\extentreports-cucumber7-adapter\1.10.1\extentreports-cucumber7-adapter-1.10.1.jar;C:\Users\Aparna.Venugopal\.m2\repository\com\aventstack\klov-reporter\5.0.9\klov-reporter-5.0.9.jar;C:\Users\Aparna.Venugopal\.m2\repository\org\mongodb\mongodb-driver\3.6.4\mongodb-driver-3.6.4.jar;C:\Users\Aparna.Venugopal\.m2\repository\org\mongodb\mongodb-driver-core\3.6.4\mongodb-driver-core-3.6.4.jar;C:\Users\Aparna.Venugopal\.m2\repository\org\mongodb\bson\3.6.4\bson-3.6.4.jar;C:\Users\Aparna.Venugopal\.m2\repository\org\apache\httpcomponents\httpclient\4.5.13\httpclient-4.5.13.jar;C:\Users\Aparna.Venugopal\.m2\repository\org\apache\httpcomponents\httpcore\4.4.13\httpcore-4.4.13.jar;C:\Users\Aparna.Venugopal\.m2\repository\org\apache\httpcomponents\httpmime\4.5.13\httpmime-4.5.13.jar;C:\Users\Aparna.Venugopal\.m2\repository\tech\grasshopper\htmlextentreporter\1.0.1\htmlextentreporter-1.0.1.jar;C:\Users\Aparna.Venugopal\.m2\repository\tech\grasshopper\extent-excel-report\1.3.0\extent-excel-report-1.3.0.jar;C:\Users\Aparna.Venugopal\.m2\repository\tech\grasshopper\extent-pdf-report\2.9.1\extent-pdf-report-2.9.1.jar;C:\Users\Aparna.Venugopal\.m2\repository\tech\grasshopper\cucumber-pdf-report\2.11.1\cucumber-pdf-report-2.11.1.jar;C:\Users\Aparna.Venugopal\.m2\repository\org\apache\pdfbox\pdfbox\2.0.26\pdfbox-2.0.26.jar;C:\Users\Aparna.Venugopal\.m2\repository\org\apache\pdfbox\fontbox\2.0.26\fontbox-2.0.26.jar;C:\Users\Aparna.Venugopal\.m2\repository\org\knowm\xchart\xchart\3.8.0\xchart-3.8.0.jar;C:\Users\Aparna.Venugopal\.m2\repository\de\erichseifert\vectorgraphics2d\VectorGraphics2D\0.13\VectorGraphics2D-0.13.jar;C:\Users\Aparna.Venugopal\.m2\repository\de\rototor\pdfbox\graphics2d\0.30\graphics2d-0.30.jar;C:\Users\Aparna.Venugopal\.m2\repository\com\madgag\animated-gif-lib\1.4\animated-gif-lib-1.4.jar;C:\Users\Aparna.Venugopal\.m2\repository\org\yaml\snakeyaml\1.28\snakeyaml-1.28.jar;C:\Users\Aparna.Venugopal\.m2\repository\tech\grasshopper\table-layout\1.5.1\table-layout-1.5.1.jar;C:\Users\Aparna.Venugopal\.m2\repository\tech\grasshopper\rest-assured-cucumber-pdf-report\1.4.1\rest-assured-cucumber-pdf-report-1.4.1.jar;C:\Users\Aparna.Venugopal\.m2\repository\commons-io\commons-io\2.11.0\commons-io-2.11.0.jar;C:\Users\Aparna.Venugopal\.m2\repository\org\apache\logging\log4j\log4j-core\2.19.0\log4j-core-2.19.0.jar;C:\Users\Aparna.Venugopal\.m2\repository\org\apache\logging\log4j\log4j-api\2.19.0\log4j-api-2.19.0.jar;C:\Users\Aparna.Venugopal\.m2\repository\org\apache\poi\poi\5.2.3\poi-5.2.3.jar;C:\Users\Aparna.Venugopal\.m2\repository\commons-codec\commons-codec\1.15\commons-codec-1.15.jar;C:\Users\Aparna.Venugopal\.m2\repository\org\apache\commons\commons-math3\3.6.1\commons-math3-3.6.1.jar;C:\Users\Aparna.Venugopal\.m2\repository\com\zaxxer\SparseBitSet\1.2\SparseBitSet-1.2.jar;C:\Users\Aparna.Venugopal\.m2\repository\org\apache\poi\poi-ooxml\5.2.3\poi-ooxml-5.2.3.jar;C:\Users\Aparna.Venugopal\.m2\repository\org\apache\poi\poi-ooxml-lite\5.2.3\poi-ooxml-lite-5.2.3.jar;C:\Users\Aparna.Venugopal\.m2\repository\org\apache\xmlbeans\xmlbeans\5.1.1\xmlbeans-5.1.1.jar;C:\Users\Aparna.Venugopal\.m2\repository\org\apache\commons\commons-compress\1.21\commons-compress-1.21.jar;C:\Users\Aparna.Venugopal\.m2\repository\com\github\virtuald\curvesapi\1.07\curvesapi-1.07.jar;C:\Users\Aparna.Venugopal\.m2\repository\org\apache\maven\surefire\surefire-junit4\3.0.0-M9\surefire-junit4-3.0.0-M9.jar;C:\Users\Aparna.Venugopal\.m2\repository\org\apache\maven\surefire\common-junit4\3.0.0-M9\common-junit4-3.0.0-M9.jar;C:\Users\Aparna.Venugopal\.m2\repository\org\apache\maven\surefire\common-junit3\3.0.0-M9\common-junit3-3.0.0-M9.jar;C:\Users\Aparna.Venugopal\.m2\repository\org\apache\maven\surefire\common-java5\3.0.0-M9\common-java5-3.0.0-M9.jar;C:\Users\Aparna.Venugopal\.m2\repository\org\apache\maven\surefire\surefire-api\3.0.0-M9\surefire-api-3.0.0-M9.jar;C:\Users\Aparna.Venugopal\.m2\repository\org\apache\maven\surefire\surefire-logger-api\3.0.0-M9\surefire-logger-api-3.0.0-M9.jar;C:\Users\Aparna.Venugopal\.m2\repository\org\apache\maven\surefire\surefire-shared-utils\3.0.0-M9\surefire-shared-utils-3.0.0-M9.jar;C:\Users\Aparna.Venugopal\.m2\repository\org\projectlombok\lombok\1.18.22\lombok-1.18.22.jar;"/>
    <property name="sun.cpu.endian" value="little"/>
    <property name="user.home" value="C:\Users\Aparna.Venugopal"/>
    <property name="user.language" value="en"/>
    <property name="java.specification.vendor" value="Oracle Corporation"/>
    <property name="java.version.date" value="2022-10-18"/>
    <property name="java.home" value="C:\Program Files\Java\jdk-17.0.5"/>
    <property name="file.separator" value="\"/>
    <property name="basedir" value="C:\Users\Aparna.Venugopal\eclipse\ShiftGear_CapstoneProj_LMS"/>
    <property name="java.vm.compressedOopsMode" value="Zero based"/>
    <property name="line.separator" value="&#10;"/>
    <property name="java.vm.specification.vendor" value="Oracle Corporation"/>
    <property name="java.specification.name" value="Java Platform API Specification"/>
    <property name="surefire.real.class.path" value="C:\Users\Aparna.Venugopal\AppData\Local\Temp\surefire13468393051140149470\surefirebooter-20230221022045038_3.jar"/>
    <property name="user.script" value=""/>
    <property name="sun.management.compiler" value="HotSpot 64-Bit Tiered Compilers"/>
    <property name="java.runtime.version" value="17.0.5+9-LTS-191"/>
    <property name="webdriver.edge.driver" value="C:\Users\Aparna.Venugopal\.cache\selenium\msedgedriver\win64\110.0.1587.50\msedgedriver.exe"/>
    <property name="user.name" value="Aparna.Venugopal"/>
    <property name="path.separator" value=";"/>
    <property name="os.version" value="10.0"/>
    <property name="java.runtime.name" value="Java(TM) SE Runtime Environment"/>
    <property name="file.encoding" value="Cp1252"/>
    <property name="java.vm.name" value="Java HotSpot(TM) 64-Bit Server VM"/>
    <property name="localRepository" value="C:\Users\Aparna.Venugopal\.m2\repository"/>
    <property name="java.vendor.url.bug" value="https://bugreport.java.com/bugreport/"/>
    <property name="java.io.tmpdir" value="C:\Users\APARNA~1.VEN\AppData\Local\Temp\"/>
    <property name="java.version" value="17.0.5"/>
    <property name="user.dir" value="C:\Users\Aparna.Venugopal\eclipse\ShiftGear_CapstoneProj_LMS"/>
    <property name="os.arch" value="amd64"/>
    <property name="java.vm.specification.name" value="Java Virtual Machine Specification"/>
    <property name="sun.os.patch.level" value=""/>
    <property name="native.encoding" value="Cp1252"/>
    <property name="java.library.path" value="C:\Program Files\Java\jdk-17.0.5\bin;C:\WINDOWS\Sun\Java\bin;C:\WINDOWS\system32;C:\WINDOWS;C:\Program Files\Common Files\Oracle\Java\javapath;C:\Program Files (x86)\Common Files\Oracle\Java\javapath;C:\Program Files\Microsoft MPI\Bin\;C:\WINDOWS\system32;C:\WINDOWS;C:\WINDOWS\System32\Wbem;C:\WINDOWS\System32\WindowsPowerShell\v1.0\;C:\WINDOWS\System32\OpenSSH\;C:\Program Files (x86)\Riverbed\Steelhead Mobile\;C:\Program Files\Microsoft SQL Server\Client SDK\ODBC\110\Tools\Binn\;C:\Program Files (x86)\Microsoft SQL Server\120\Tools\Binn\;C:\Program Files\Microsoft SQL Server\120\Tools\Binn\;C:\Program Files\Microsoft SQL Server\120\DTS\Binn\;C:\Program Files (x86)\Microsoft SQL Server\150\Tools\Binn\;C:\Program Files\Microsoft SQL Server\150\Tools\Binn\;C:\Program Files (x86)\Microsoft SQL Server\150\DTS\Binn\;C:\Program Files\Microsoft SQL Server\150\DTS\Binn\;C:\Program Files\Microsoft SQL Server\Client SDK\ODBC\170\Tools\Binn\;C:\Program Files\Azure Data Studio\bin;C:\Program Files\1E\Client\Extensibility\NomadBranch;C:\Program Files (x86)\Common Files\Hitachi ID\;C:\Program Files\Common Files\Hitachi ID\;C:\Program Files\Java\jdk-17.0.5\bin;C:\apache-maven-3.8.6\bin;C:\Program Files (x86)\Intel\Intel(R) Management Engine Components\DAL;C:\Program Files\Intel\Intel(R) Management Engine Components\DAL;C:\Program Files\dotnet\;C:\Users\Aparna.Venugopal\AppData\Local\Microsoft\WindowsApps;C:\Program Files\Azure Data Studio\bin;C:\Users\Aparna.Venugopal\AppData\Local\Programs\Microsoft VS Code\bin;C:\Program Files\Java\jdk-17.0.5\bin;C:\apache-maven-3.8.6\bin;C:\Users\Aparna.Venugopal\AppData\Local\Programs\Git\cmd;C:\Users\Aparna.Venugopal\.dotnet\tools;."/>
    <property name="java.vm.info" value="mixed mode, sharing"/>
    <property name="java.vendor" value="Oracle Corporation"/>
    <property name="java.vm.version" value="17.0.5+9-LTS-191"/>
    <property name="sun.io.unicode.encoding" value="UnicodeLittle"/>
    <property name="java.class.version" value="61.0"/>
  </properties>
  <testcase name="User is able to validate the count of Public Holidays on LMS and generate report" classname="Navigate to Holiday List on LMS, validate the count of Public Holidays and generate report" time="35.316">
    <system-out><![CDATA[
@LMSHolidayList
Scenario: User is able to validate the count of Public Holidays on LMS and generate report # src/test/resources/Features/TC002_LMSHolidayList.feature:13
browser value is: edge
[DEBUG] Resolution edge=110 in cache (valid until 02:59:46 21/02/2023 IST)
[DEBUG] Resolution edge110=110.0.1587.50 in cache (valid until 16:23:10 21/02/2023 IST)
[INFO] Using msedgedriver 110.0.1587.50 (resolved driver for Edge 110)
[DEBUG] Driver msedgedriver 110.0.1587.50 found in cache
[INFO] Exporting webdriver.edge.driver as C:\Users\Aparna.Venugopal\.cache\selenium\msedgedriver\win64\110.0.1587.50\msedgedriver.exe
[DEBUG] Using SLF4J as the default logging framework
[DEBUG] -Dio.netty.leakDetection.level: simple
[DEBUG] -Dio.netty.leakDetection.targetRecords: 4
[DEBUG] Loaded default ResourceLeakDetector: io.netty.util.ResourceLeakDetector@7574d1c5
[DEBUG] -Dio.netty.noUnsafe: false
[DEBUG] Java version: 17
[DEBUG] sun.misc.Unsafe.theUnsafe: available
[DEBUG] sun.misc.Unsafe.copyMemory: available
[DEBUG] sun.misc.Unsafe.storeFence: available
[DEBUG] java.nio.Buffer.address: available
[DEBUG] direct buffer constructor: unavailable: Reflective setAccessible(true) disabled
[DEBUG] java.nio.Bits.unaligned: available, true
[DEBUG] jdk.internal.misc.Unsafe.allocateUninitializedArray(int): unavailable: class io.netty.util.internal.PlatformDependent0$7 cannot access class jdk.internal.misc.Unsafe (in module java.base) because module java.base does not export jdk.internal.misc to unnamed module @32709393
[DEBUG] java.nio.DirectByteBuffer.<init>(long, int): unavailable
[DEBUG] sun.misc.Unsafe: available
[DEBUG] maxDirectMemory: 4255121408 bytes (maybe)
[DEBUG] -Dio.netty.tmpdir: C:\Users\APARNA~1.VEN\AppData\Local\Temp (java.io.tmpdir)
[DEBUG] -Dio.netty.bitMode: 64 (sun.arch.data.model)
[DEBUG] Platform: Windows
[DEBUG] -Dio.netty.maxDirectMemory: -1 bytes
[DEBUG] -Dio.netty.uninitializedArrayAllocationThreshold: -1
[DEBUG] java.nio.ByteBuffer.cleaner(): available
[DEBUG] -Dio.netty.noPreferDirect: false
[DEBUG] org.jctools-core.MpscChunkedArrayQueue: available
[DEBUG] -Dio.netty.threadLocalMap.stringBuilder.initialSize: 1024
[DEBUG] -Dio.netty.threadLocalMap.stringBuilder.maxSize: 4096
[DEBUG] Default protocols (JDK): [TLSv1.3, TLSv1.2] 
[DEBUG] Default cipher suites (JDK): [TLS_ECDHE_ECDSA_WITH_AES_256_GCM_SHA384, TLS_ECDHE_ECDSA_WITH_AES_128_GCM_SHA256, TLS_ECDHE_RSA_WITH_AES_128_GCM_SHA256, TLS_ECDHE_RSA_WITH_AES_256_GCM_SHA384, TLS_ECDHE_RSA_WITH_AES_128_CBC_SHA, TLS_ECDHE_RSA_WITH_AES_256_CBC_SHA, TLS_RSA_WITH_AES_128_GCM_SHA256, TLS_RSA_WITH_AES_128_CBC_SHA, TLS_RSA_WITH_AES_256_CBC_SHA, TLS_AES_128_GCM_SHA256, TLS_AES_256_GCM_SHA384]
[DEBUG] -Dio.netty.eventLoopThreads: 16
[DEBUG] -Dio.netty.noKeySetOptimization: false
[DEBUG] -Dio.netty.selectorAutoRebuildThreshold: 512
[DEBUG] -Dio.netty.allocator.numHeapArenas: 16
[DEBUG] -Dio.netty.allocator.numDirectArenas: 16
[DEBUG] -Dio.netty.allocator.pageSize: 8192
[DEBUG] -Dio.netty.allocator.maxOrder: 9
[DEBUG] -Dio.netty.allocator.chunkSize: 4194304
[DEBUG] -Dio.netty.allocator.smallCacheSize: 256
[DEBUG] -Dio.netty.allocator.normalCacheSize: 64
[DEBUG] -Dio.netty.allocator.maxCachedBufferCapacity: 32768
[DEBUG] -Dio.netty.allocator.cacheTrimInterval: 8192
[DEBUG] -Dio.netty.allocator.cacheTrimIntervalMillis: 0
[DEBUG] -Dio.netty.allocator.useCacheForAllThreads: false
[DEBUG] -Dio.netty.allocator.maxCachedByteBuffersPerChunk: 1023
[DEBUG] -Dio.netty.allocator.type: pooled
[DEBUG] -Dio.netty.threadLocalDirectBufferSize: 0
[DEBUG] -Dio.netty.maxThreadLocalCharBufferSize: 16384
[DEBUG] -Dio.netty.processId: 29100 (auto-detected)
[DEBUG] -Djava.net.preferIPv4Stack: false
[DEBUG] -Djava.net.preferIPv6Addresses: false
[DEBUG] Loopback interface: lo (Software Loopback Interface 1, 127.0.0.1)
[DEBUG] Failed to get SOMAXCONN from sysctl and file \proc\sys\net\core\somaxconn. Default: 200
[DEBUG] -Dio.netty.machineId: d4:d2:52:ff:fe:ea:cb:80 (auto-detected)
[DEBUG] -Dio.netty.buffer.checkAccessible: true
[DEBUG] -Dio.netty.buffer.checkBounds: true
[DEBUG] Loaded default ResourceLeakDetector: io.netty.util.ResourceLeakDetector@53dacdfb
[DEBUG] Using new Channel '[id: 0xd1d86906, L:/127.0.0.1:54062 - R:localhost/127.0.0.1:44090]' for 'POST' to '/session'
[DEBUG] -Dio.netty.recycler.maxCapacityPerThread: 4096
[DEBUG] -Dio.netty.recycler.ratio: 8
[DEBUG] -Dio.netty.recycler.chunkSize: 32
[DEBUG] -Dio.netty.recycler.blocking: false
[DEBUG] brotli4j not in the classpath; Brotli support will be unavailable.
[DEBUG] 

Request DefaultHttpRequest(decodeResult: success, version: HTTP/1.1)
POST /session HTTP/1.1
User-Agent: selenium/4.6.0 (java windows)
Content-Length: 371
Content-Type: application/json; charset=utf-8
host: localhost:44090
accept: */*

Response DefaultHttpResponse(decodeResult: success, version: HTTP/1.1)
HTTP/1.1 200 OK
Content-Type: application/json; charset=utf-8
cache-control: no-cache
content-length: 761

[DEBUG] Adding key: http://localhost:44090 for channel [id: 0xd1d86906, L:/127.0.0.1:54062 - R:localhost/127.0.0.1:44090]
[DEBUG] Using new Channel '[id: 0x45863199, L:/127.0.0.1:54079 - R:localhost/127.0.0.1:54065]' for 'GET' to '/json/version'
[DEBUG] 

Request DefaultFullHttpRequest(decodeResult: success, version: HTTP/1.1, content: EmptyByteBufBE)
GET /json/version HTTP/1.1
User-Agent: selenium/4.6.0 (java windows)
host: localhost:54065
accept: */*

Response DefaultHttpResponse(decodeResult: success, version: HTTP/1.1)
HTTP/1.1 200 OK
Content-Security-Policy: frame-ancestors 'none'
Content-Type: application/json; charset=UTF-8
content-length: 436

[DEBUG] Adding key: http://localhost:54065 for channel [id: 0x45863199, L:/127.0.0.1:54079 - R:localhost/127.0.0.1:54065]
[DEBUG] -Dio.netty.initialSeedUniquifier: 0x454d89da1f2c0b07
[DEBUG] Using new Channel '[id: 0x6e8dac32, L:/127.0.0.1:54080 - R:localhost/127.0.0.1:54065]' for 'GET' to '/devtools/browser/c726fdb7-33dd-4012-bcea-81abe633cf37'
[DEBUG] 

Request DefaultFullHttpRequest(decodeResult: success, version: HTTP/1.1, content: EmptyByteBufBE)
GET /devtools/browser/c726fdb7-33dd-4012-bcea-81abe633cf37 HTTP/1.1
upgrade: websocket
connection: upgrade
sec-websocket-key: BzyOMfxen8rhghqTFJGnIg==
sec-websocket-version: 13
origin: http://localhost:54065
host: localhost:54065
accept: */*
user-agent: AHC/2.1

Response DefaultHttpResponse(decodeResult: success, version: HTTP/1.1)
HTTP/1.1 101 WebSocket Protocol Handshake
Upgrade: WebSocket
Connection: Upgrade
Sec-WebSocket-Accept: PNgkBksUZYuL1vTwA85wez+elOk=

[DEBUG] Using pooled Channel '[id: 0xd1d86906, L:/127.0.0.1:54062 - R:localhost/127.0.0.1:44090]' for 'POST' to 'http://localhost:44090/session/67c054285278ccd4a59a3c8625af4372/window/maximize'
[DEBUG] Using open Channel [id: 0xd1d86906, L:/127.0.0.1:54062 - R:localhost/127.0.0.1:44090] for POST '/session/67c054285278ccd4a59a3c8625af4372/window/maximize'
[DEBUG] 

Request DefaultHttpRequest(decodeResult: success, version: HTTP/1.1)
POST /session/67c054285278ccd4a59a3c8625af4372/window/maximize HTTP/1.1
User-Agent: selenium/4.6.0 (java windows)
Content-Length: 3
Content-Type: application/json; charset=utf-8
host: localhost:44090
accept: */*

Response DefaultHttpResponse(decodeResult: success, version: HTTP/1.1)
HTTP/1.1 200 OK
Content-Type: application/json; charset=utf-8
cache-control: no-cache
content-length: 51

[DEBUG] Adding key: http://localhost:44090 for channel [id: 0xd1d86906, L:/127.0.0.1:54062 - R:localhost/127.0.0.1:44090]
[DEBUG] Entry count for : http://localhost:54065 : 1
[DEBUG] Entry count for : http://localhost:44090 : 1
[DEBUG] Using pooled Channel '[id: 0xd1d86906, L:/127.0.0.1:54062 - R:localhost/127.0.0.1:44090]' for 'POST' to 'http://localhost:44090/session/67c054285278ccd4a59a3c8625af4372/url'
[DEBUG] Using open Channel [id: 0xd1d86906, L:/127.0.0.1:54062 - R:localhost/127.0.0.1:44090] for POST '/session/67c054285278ccd4a59a3c8625af4372/url'
[DEBUG] Entry count for : http://localhost:54065 : 1
[DEBUG] Entry count for : http://localhost:54081 : 1
[DEBUG] Entry count for : http://localhost:54065 : 1
[DEBUG] Entry count for : http://localhost:54081 : 1
[DEBUG] Entry count for : http://localhost:54065 : 1
[DEBUG] Entry count for : http://localhost:54081 : 1
[DEBUG] Entry count for : http://localhost:54065 : 1
[DEBUG] Entry count for : http://localhost:54081 : 1
[DEBUG] Entry count for : http://localhost:54065 : 1
[DEBUG] Entry count for : http://localhost:54081 : 1
[DEBUG] Entry count for : http://localhost:54065 : 1
[DEBUG] Entry count for : http://localhost:54081 : 1
[DEBUG] Entry count for : http://localhost:54065 : 1
[DEBUG] Entry count for : http://localhost:54081 : 1
[DEBUG] Entry count for : http://localhost:54065 : 1
[DEBUG] Entry count for : http://localhost:54081 : 1
[DEBUG] Entry count for : http://localhost:54065 : 1
[DEBUG] Entry count for : http://localhost:54081 : 1
[DEBUG] Entry count for : http://localhost:54065 : 1
[DEBUG] Entry count for : http://localhost:54081 : 1
[DEBUG] Entry count for : http://localhost:54065 : 1
[DEBUG] Entry count for : http://localhost:54081 : 1
[DEBUG] Entry count for : http://localhost:54065 : 1
[DEBUG] Entry count for : http://localhost:54081 : 1
[DEBUG] Entry count for : http://localhost:54065 : 1
[DEBUG] 

Request DefaultHttpRequest(decodeResult: success, version: HTTP/1.1)
POST /session/67c054285278ccd4a59a3c8625af4372/url HTTP/1.1
User-Agent: selenium/4.6.0 (java windows)
Content-Length: 49
Content-Type: application/json; charset=utf-8
host: localhost:44090
accept: */*

Response DefaultHttpResponse(decodeResult: success, version: HTTP/1.1)
HTTP/1.1 200 OK
Content-Type: application/json; charset=utf-8
cache-control: no-cache
content-length: 14

[DEBUG] Adding key: http://localhost:44090 for channel [id: 0xd1d86906, L:/127.0.0.1:54062 - R:localhost/127.0.0.1:44090]
  Given user is already on the LMS homepage                                                # com.lms.stepdefinition.LMSHolidayListSteps.user_is_already_on_the_lms_homepage(io.cucumber.datatable.DataTable)
    | url                 |
    | https://lms.ey.net/ |
[DEBUG] Using pooled Channel '[id: 0xd1d86906, L:/127.0.0.1:54062 - R:localhost/127.0.0.1:44090]' for 'POST' to 'http://localhost:44090/session/67c054285278ccd4a59a3c8625af4372/element'
[DEBUG] Using open Channel [id: 0xd1d86906, L:/127.0.0.1:54062 - R:localhost/127.0.0.1:44090] for POST '/session/67c054285278ccd4a59a3c8625af4372/element'
[DEBUG] 

Request DefaultHttpRequest(decodeResult: success, version: HTTP/1.1)
POST /session/67c054285278ccd4a59a3c8625af4372/element HTTP/1.1
User-Agent: selenium/4.6.0 (java windows)
Content-Length: 87
Content-Type: application/json; charset=utf-8
host: localhost:44090
accept: */*

Response DefaultHttpResponse(decodeResult: success, version: HTTP/1.1)
HTTP/1.1 200 OK
Content-Type: application/json; charset=utf-8
cache-control: no-cache
content-length: 88

[DEBUG] Adding key: http://localhost:44090 for channel [id: 0xd1d86906, L:/127.0.0.1:54062 - R:localhost/127.0.0.1:44090]
[DEBUG] Using pooled Channel '[id: 0xd1d86906, L:/127.0.0.1:54062 - R:localhost/127.0.0.1:44090]' for 'POST' to 'http://localhost:44090/session/67c054285278ccd4a59a3c8625af4372/element/bd304b57-e8c5-48f4-ac24-78bfeee86400/click'
[DEBUG] Using open Channel [id: 0xd1d86906, L:/127.0.0.1:54062 - R:localhost/127.0.0.1:44090] for POST '/session/67c054285278ccd4a59a3c8625af4372/element/bd304b57-e8c5-48f4-ac24-78bfeee86400/click'
[DEBUG] 

Request DefaultHttpRequest(decodeResult: success, version: HTTP/1.1)
POST /session/67c054285278ccd4a59a3c8625af4372/element/bd304b57-e8c5-48f4-ac24-78bfeee86400/click HTTP/1.1
User-Agent: selenium/4.6.0 (java windows)
Content-Length: 50
Content-Type: application/json; charset=utf-8
host: localhost:44090
accept: */*

Response DefaultHttpResponse(decodeResult: success, version: HTTP/1.1)
HTTP/1.1 200 OK
Content-Type: application/json; charset=utf-8
cache-control: no-cache
content-length: 14

[DEBUG] Adding key: http://localhost:44090 for channel [id: 0xd1d86906, L:/127.0.0.1:54062 - R:localhost/127.0.0.1:44090]
  Given user clicks on Holidays link on the page                                           # com.lms.stepdefinition.LMSHolidayListSteps.user_clicks_on_holidays_link_on_the_page()
[DEBUG] Entry count for : http://localhost:54081 : 1
[DEBUG] Entry count for : http://localhost:54065 : 1
[DEBUG] Entry count for : http://localhost:44090 : 1
[DEBUG] Entry count for : http://localhost:54081 : 1
[DEBUG] Entry count for : http://localhost:54065 : 1
[DEBUG] Entry count for : http://localhost:1715 : 1
[DEBUG] Entry count for : http://localhost:44090 : 1
[DEBUG] Adding Candidate expired Channel [id: 0x754c72f7, L:/127.0.0.1:54097 ! R:localhost/127.0.0.1:54081] isIdleTimeoutExpired=false isRemotelyClosed=true isTtlExpired=false
[DEBUG] Closing Idle Channel [id: 0x754c72f7, L:/127.0.0.1:54097 ! R:localhost/127.0.0.1:54081]
[DEBUG] Closed 1 connections out of 4 in 1 ms
[DEBUG] Entry count for : http://localhost:54065 : 1
[DEBUG] Entry count for : http://localhost:1715 : 1
[DEBUG] Entry count for : http://localhost:44090 : 1
[DEBUG] Adding Candidate expired Channel [id: 0xa4b92c7f, L:/127.0.0.1:54077 ! R:localhost/127.0.0.1:1715] isIdleTimeoutExpired=false isRemotelyClosed=true isTtlExpired=false
[DEBUG] Closing Idle Channel [id: 0xa4b92c7f, L:/127.0.0.1:54077 ! R:localhost/127.0.0.1:1715]
[DEBUG] Closed 1 connections out of 3 in 0 ms
[DEBUG] Entry count for : http://localhost:54065 : 1
[DEBUG] Entry count for : http://localhost:44090 : 1
[DEBUG] Entry count for : http://localhost:54065 : 1
[DEBUG] Entry count for : http://localhost:44090 : 1
[DEBUG] Using pooled Channel '[id: 0xd1d86906, L:/127.0.0.1:54062 - R:localhost/127.0.0.1:44090]' for 'POST' to 'http://localhost:44090/session/67c054285278ccd4a59a3c8625af4372/element'
[DEBUG] Using open Channel [id: 0xd1d86906, L:/127.0.0.1:54062 - R:localhost/127.0.0.1:44090] for POST '/session/67c054285278ccd4a59a3c8625af4372/element'
[DEBUG] 

Request DefaultHttpRequest(decodeResult: success, version: HTTP/1.1)
POST /session/67c054285278ccd4a59a3c8625af4372/element HTTP/1.1
User-Agent: selenium/4.6.0 (java windows)
Content-Length: 102
Content-Type: application/json; charset=utf-8
host: localhost:44090
accept: */*

Response DefaultHttpResponse(decodeResult: success, version: HTTP/1.1)
HTTP/1.1 200 OK
Content-Type: application/json; charset=utf-8
cache-control: no-cache
content-length: 88

[DEBUG] Adding key: http://localhost:44090 for channel [id: 0xd1d86906, L:/127.0.0.1:54062 - R:localhost/127.0.0.1:44090]
[DEBUG] Using pooled Channel '[id: 0xd1d86906, L:/127.0.0.1:54062 - R:localhost/127.0.0.1:44090]' for 'GET' to 'http://localhost:44090/session/67c054285278ccd4a59a3c8625af4372/element/c4f09df3-7efe-43d0-9e25-123999da58b3/text'
[DEBUG] Using open Channel [id: 0xd1d86906, L:/127.0.0.1:54062 - R:localhost/127.0.0.1:44090] for GET '/session/67c054285278ccd4a59a3c8625af4372/element/c4f09df3-7efe-43d0-9e25-123999da58b3/text'
[DEBUG] 

Request DefaultFullHttpRequest(decodeResult: success, version: HTTP/1.1, content: EmptyByteBufBE)
GET /session/67c054285278ccd4a59a3c8625af4372/element/c4f09df3-7efe-43d0-9e25-123999da58b3/text HTTP/1.1
User-Agent: selenium/4.6.0 (java windows)
Cache-Control: no-cache
Content-Type: application/json; charset=utf-8
host: localhost:44090
accept: */*

Response DefaultHttpResponse(decodeResult: success, version: HTTP/1.1)
HTTP/1.1 200 OK
Content-Type: application/json; charset=utf-8
cache-control: no-cache
content-length: 31

[DEBUG] Adding key: http://localhost:44090 for channel [id: 0xd1d86906, L:/127.0.0.1:54062 - R:localhost/127.0.0.1:44090]
  Then office holiday list window is displayed                                             # com.lms.stepdefinition.LMSHolidayListSteps.office_holiday_list_window_is_displayed()
[DEBUG] Using pooled Channel '[id: 0xd1d86906, L:/127.0.0.1:54062 - R:localhost/127.0.0.1:44090]' for 'POST' to 'http://localhost:44090/session/67c054285278ccd4a59a3c8625af4372/elements'
[DEBUG] Using open Channel [id: 0xd1d86906, L:/127.0.0.1:54062 - R:localhost/127.0.0.1:44090] for POST '/session/67c054285278ccd4a59a3c8625af4372/elements'
[DEBUG] 

Request DefaultHttpRequest(decodeResult: success, version: HTTP/1.1)
POST /session/67c054285278ccd4a59a3c8625af4372/elements HTTP/1.1
User-Agent: selenium/4.6.0 (java windows)
Content-Length: 114
Content-Type: application/json; charset=utf-8
host: localhost:44090
accept: */*

Response DefaultHttpResponse(decodeResult: success, version: HTTP/1.1)
HTTP/1.1 200 OK
Content-Type: application/json; charset=utf-8
cache-control: no-cache
content-length: 3092

[DEBUG] Adding key: http://localhost:44090 for channel [id: 0xd1d86906, L:/127.0.0.1:54062 - R:localhost/127.0.0.1:44090]
[DEBUG] Using pooled Channel '[id: 0xd1d86906, L:/127.0.0.1:54062 - R:localhost/127.0.0.1:44090]' for 'POST' to 'http://localhost:44090/session/67c054285278ccd4a59a3c8625af4372/elements'
[DEBUG] Using open Channel [id: 0xd1d86906, L:/127.0.0.1:54062 - R:localhost/127.0.0.1:44090] for POST '/session/67c054285278ccd4a59a3c8625af4372/elements'
[DEBUG] 

Request DefaultHttpRequest(decodeResult: success, version: HTTP/1.1)
POST /session/67c054285278ccd4a59a3c8625af4372/elements HTTP/1.1
User-Agent: selenium/4.6.0 (java windows)
Content-Length: 125
Content-Type: application/json; charset=utf-8
host: localhost:44090
accept: */*

Response DefaultHttpResponse(decodeResult: success, version: HTTP/1.1)
HTTP/1.1 200 OK
Content-Type: application/json; charset=utf-8
cache-control: no-cache
content-length: 327

[DEBUG] Adding key: http://localhost:44090 for channel [id: 0xd1d86906, L:/127.0.0.1:54062 - R:localhost/127.0.0.1:44090]
[DEBUG] Using pooled Channel '[id: 0xd1d86906, L:/127.0.0.1:54062 - R:localhost/127.0.0.1:44090]' for 'POST' to 'http://localhost:44090/session/67c054285278ccd4a59a3c8625af4372/element'
[DEBUG] Using open Channel [id: 0xd1d86906, L:/127.0.0.1:54062 - R:localhost/127.0.0.1:44090] for POST '/session/67c054285278ccd4a59a3c8625af4372/element'
[DEBUG] 

Request DefaultHttpRequest(decodeResult: success, version: HTTP/1.1)
POST /session/67c054285278ccd4a59a3c8625af4372/element HTTP/1.1
User-Agent: selenium/4.6.0 (java windows)
Content-Length: 128
Content-Type: application/json; charset=utf-8
host: localhost:44090
accept: */*

Response DefaultHttpResponse(decodeResult: success, version: HTTP/1.1)
HTTP/1.1 200 OK
Content-Type: application/json; charset=utf-8
cache-control: no-cache
content-length: 88

[DEBUG] Adding key: http://localhost:44090 for channel [id: 0xd1d86906, L:/127.0.0.1:54062 - R:localhost/127.0.0.1:44090]
[DEBUG] Using pooled Channel '[id: 0xd1d86906, L:/127.0.0.1:54062 - R:localhost/127.0.0.1:44090]' for 'GET' to 'http://localhost:44090/session/67c054285278ccd4a59a3c8625af4372/element/85071238-d0e6-4212-86da-48ba153fa3c5/text'
[DEBUG] Using open Channel [id: 0xd1d86906, L:/127.0.0.1:54062 - R:localhost/127.0.0.1:44090] for GET '/session/67c054285278ccd4a59a3c8625af4372/element/85071238-d0e6-4212-86da-48ba153fa3c5/text'
[DEBUG] 

Request DefaultFullHttpRequest(decodeResult: success, version: HTTP/1.1, content: EmptyByteBufBE)
GET /session/67c054285278ccd4a59a3c8625af4372/element/85071238-d0e6-4212-86da-48ba153fa3c5/text HTTP/1.1
User-Agent: selenium/4.6.0 (java windows)
Cache-Control: no-cache
Content-Type: application/json; charset=utf-8
host: localhost:44090
accept: */*

Response DefaultHttpResponse(decodeResult: success, version: HTTP/1.1)
HTTP/1.1 200 OK
Content-Type: application/json; charset=utf-8
cache-control: no-cache
content-length: 23

[DEBUG] Adding key: http://localhost:44090 for channel [id: 0xd1d86906, L:/127.0.0.1:54062 - R:localhost/127.0.0.1:44090]
[DEBUG] Using pooled Channel '[id: 0xd1d86906, L:/127.0.0.1:54062 - R:localhost/127.0.0.1:44090]' for 'POST' to 'http://localhost:44090/session/67c054285278ccd4a59a3c8625af4372/element'
[DEBUG] Using open Channel [id: 0xd1d86906, L:/127.0.0.1:54062 - R:localhost/127.0.0.1:44090] for POST '/session/67c054285278ccd4a59a3c8625af4372/element'
[DEBUG] 

Request DefaultHttpRequest(decodeResult: success, version: HTTP/1.1)
POST /session/67c054285278ccd4a59a3c8625af4372/element HTTP/1.1
User-Agent: selenium/4.6.0 (java windows)
Content-Length: 128
Content-Type: application/json; charset=utf-8
host: localhost:44090
accept: */*

Response DefaultHttpResponse(decodeResult: success, version: HTTP/1.1)
HTTP/1.1 200 OK
Content-Type: application/json; charset=utf-8
cache-control: no-cache
content-length: 88

[DEBUG] Adding key: http://localhost:44090 for channel [id: 0xd1d86906, L:/127.0.0.1:54062 - R:localhost/127.0.0.1:44090]
[DEBUG] Using pooled Channel '[id: 0xd1d86906, L:/127.0.0.1:54062 - R:localhost/127.0.0.1:44090]' for 'GET' to 'http://localhost:44090/session/67c054285278ccd4a59a3c8625af4372/element/62cd04df-accc-4260-836e-67d79837666f/text'
[DEBUG] Using open Channel [id: 0xd1d86906, L:/127.0.0.1:54062 - R:localhost/127.0.0.1:44090] for GET '/session/67c054285278ccd4a59a3c8625af4372/element/62cd04df-accc-4260-836e-67d79837666f/text'
[DEBUG] 

Request DefaultFullHttpRequest(decodeResult: success, version: HTTP/1.1, content: EmptyByteBufBE)
GET /session/67c054285278ccd4a59a3c8625af4372/element/62cd04df-accc-4260-836e-67d79837666f/text HTTP/1.1
User-Agent: selenium/4.6.0 (java windows)
Cache-Control: no-cache
Content-Type: application/json; charset=utf-8
host: localhost:44090
accept: */*

Response DefaultHttpResponse(decodeResult: success, version: HTTP/1.1)
HTTP/1.1 200 OK
Content-Type: application/json; charset=utf-8
cache-control: no-cache
content-length: 18

[DEBUG] Adding key: http://localhost:44090 for channel [id: 0xd1d86906, L:/127.0.0.1:54062 - R:localhost/127.0.0.1:44090]
[DEBUG] Using pooled Channel '[id: 0xd1d86906, L:/127.0.0.1:54062 - R:localhost/127.0.0.1:44090]' for 'POST' to 'http://localhost:44090/session/67c054285278ccd4a59a3c8625af4372/element'
[DEBUG] Using open Channel [id: 0xd1d86906, L:/127.0.0.1:54062 - R:localhost/127.0.0.1:44090] for POST '/session/67c054285278ccd4a59a3c8625af4372/element'
[DEBUG] 

Request DefaultHttpRequest(decodeResult: success, version: HTTP/1.1)
POST /session/67c054285278ccd4a59a3c8625af4372/element HTTP/1.1
User-Agent: selenium/4.6.0 (java windows)
Content-Length: 128
Content-Type: application/json; charset=utf-8
host: localhost:44090
accept: */*

Response DefaultHttpResponse(decodeResult: success, version: HTTP/1.1)
HTTP/1.1 200 OK
Content-Type: application/json; charset=utf-8
cache-control: no-cache
content-length: 88

[DEBUG] Adding key: http://localhost:44090 for channel [id: 0xd1d86906, L:/127.0.0.1:54062 - R:localhost/127.0.0.1:44090]
[DEBUG] Using pooled Channel '[id: 0xd1d86906, L:/127.0.0.1:54062 - R:localhost/127.0.0.1:44090]' for 'GET' to 'http://localhost:44090/session/67c054285278ccd4a59a3c8625af4372/element/920a38e7-58a8-4332-b617-40cac1bb7fb1/text'
[DEBUG] Using open Channel [id: 0xd1d86906, L:/127.0.0.1:54062 - R:localhost/127.0.0.1:44090] for GET '/session/67c054285278ccd4a59a3c8625af4372/element/920a38e7-58a8-4332-b617-40cac1bb7fb1/text'
[DEBUG] 

Request DefaultFullHttpRequest(decodeResult: success, version: HTTP/1.1, content: EmptyByteBufBE)
GET /session/67c054285278ccd4a59a3c8625af4372/element/920a38e7-58a8-4332-b617-40cac1bb7fb1/text HTTP/1.1
User-Agent: selenium/4.6.0 (java windows)
Cache-Control: no-cache
Content-Type: application/json; charset=utf-8
host: localhost:44090
accept: */*

Response DefaultHttpResponse(decodeResult: success, version: HTTP/1.1)
HTTP/1.1 200 OK
Content-Type: application/json; charset=utf-8
cache-control: no-cache
content-length: 29

[DEBUG] Adding key: http://localhost:44090 for channel [id: 0xd1d86906, L:/127.0.0.1:54062 - R:localhost/127.0.0.1:44090]
[DEBUG] Using pooled Channel '[id: 0xd1d86906, L:/127.0.0.1:54062 - R:localhost/127.0.0.1:44090]' for 'POST' to 'http://localhost:44090/session/67c054285278ccd4a59a3c8625af4372/element'
[DEBUG] Using open Channel [id: 0xd1d86906, L:/127.0.0.1:54062 - R:localhost/127.0.0.1:44090] for POST '/session/67c054285278ccd4a59a3c8625af4372/element'
[DEBUG] 

Request DefaultHttpRequest(decodeResult: success, version: HTTP/1.1)
POST /session/67c054285278ccd4a59a3c8625af4372/element HTTP/1.1
User-Agent: selenium/4.6.0 (java windows)
Content-Length: 128
Content-Type: application/json; charset=utf-8
host: localhost:44090
accept: */*

Response DefaultHttpResponse(decodeResult: success, version: HTTP/1.1)
HTTP/1.1 200 OK
Content-Type: application/json; charset=utf-8
cache-control: no-cache
content-length: 88

[DEBUG] Adding key: http://localhost:44090 for channel [id: 0xd1d86906, L:/127.0.0.1:54062 - R:localhost/127.0.0.1:44090]
[DEBUG] Using pooled Channel '[id: 0xd1d86906, L:/127.0.0.1:54062 - R:localhost/127.0.0.1:44090]' for 'GET' to 'http://localhost:44090/session/67c054285278ccd4a59a3c8625af4372/element/defb6810-9ab5-42e1-853e-b42ac6b37c74/text'
[DEBUG] Using open Channel [id: 0xd1d86906, L:/127.0.0.1:54062 - R:localhost/127.0.0.1:44090] for GET '/session/67c054285278ccd4a59a3c8625af4372/element/defb6810-9ab5-42e1-853e-b42ac6b37c74/text'
[DEBUG] 

Request DefaultFullHttpRequest(decodeResult: success, version: HTTP/1.1, content: EmptyByteBufBE)
GET /session/67c054285278ccd4a59a3c8625af4372/element/defb6810-9ab5-42e1-853e-b42ac6b37c74/text HTTP/1.1
User-Agent: selenium/4.6.0 (java windows)
Cache-Control: no-cache
Content-Type: application/json; charset=utf-8
host: localhost:44090
accept: */*

Response DefaultHttpResponse(decodeResult: success, version: HTTP/1.1)
HTTP/1.1 200 OK
Content-Type: application/json; charset=utf-8
cache-control: no-cache
content-length: 28

[DEBUG] Adding key: http://localhost:44090 for channel [id: 0xd1d86906, L:/127.0.0.1:54062 - R:localhost/127.0.0.1:44090]
[DEBUG] Using pooled Channel '[id: 0xd1d86906, L:/127.0.0.1:54062 - R:localhost/127.0.0.1:44090]' for 'POST' to 'http://localhost:44090/session/67c054285278ccd4a59a3c8625af4372/element'
[DEBUG] Using open Channel [id: 0xd1d86906, L:/127.0.0.1:54062 - R:localhost/127.0.0.1:44090] for POST '/session/67c054285278ccd4a59a3c8625af4372/element'
[DEBUG] 

Request DefaultHttpRequest(decodeResult: success, version: HTTP/1.1)
POST /session/67c054285278ccd4a59a3c8625af4372/element HTTP/1.1
User-Agent: selenium/4.6.0 (java windows)
Content-Length: 128
Content-Type: application/json; charset=utf-8
host: localhost:44090
accept: */*

Response DefaultHttpResponse(decodeResult: success, version: HTTP/1.1)
HTTP/1.1 200 OK
Content-Type: application/json; charset=utf-8
cache-control: no-cache
content-length: 88

[DEBUG] Adding key: http://localhost:44090 for channel [id: 0xd1d86906, L:/127.0.0.1:54062 - R:localhost/127.0.0.1:44090]
[DEBUG] Using pooled Channel '[id: 0xd1d86906, L:/127.0.0.1:54062 - R:localhost/127.0.0.1:44090]' for 'GET' to 'http://localhost:44090/session/67c054285278ccd4a59a3c8625af4372/element/9d5ef4e8-e3ae-4721-9567-047ec022288f/text'
[DEBUG] Using open Channel [id: 0xd1d86906, L:/127.0.0.1:54062 - R:localhost/127.0.0.1:44090] for GET '/session/67c054285278ccd4a59a3c8625af4372/element/9d5ef4e8-e3ae-4721-9567-047ec022288f/text'
[DEBUG] 

Request DefaultFullHttpRequest(decodeResult: success, version: HTTP/1.1, content: EmptyByteBufBE)
GET /session/67c054285278ccd4a59a3c8625af4372/element/9d5ef4e8-e3ae-4721-9567-047ec022288f/text HTTP/1.1
User-Agent: selenium/4.6.0 (java windows)
Cache-Control: no-cache
Content-Type: application/json; charset=utf-8
host: localhost:44090
accept: */*

Response DefaultHttpResponse(decodeResult: success, version: HTTP/1.1)
HTTP/1.1 200 OK
Content-Type: application/json; charset=utf-8
cache-control: no-cache
content-length: 23

[DEBUG] Adding key: http://localhost:44090 for channel [id: 0xd1d86906, L:/127.0.0.1:54062 - R:localhost/127.0.0.1:44090]
[DEBUG] Using pooled Channel '[id: 0xd1d86906, L:/127.0.0.1:54062 - R:localhost/127.0.0.1:44090]' for 'POST' to 'http://localhost:44090/session/67c054285278ccd4a59a3c8625af4372/element'
[DEBUG] Using open Channel [id: 0xd1d86906, L:/127.0.0.1:54062 - R:localhost/127.0.0.1:44090] for POST '/session/67c054285278ccd4a59a3c8625af4372/element'
[DEBUG] 

Request DefaultHttpRequest(decodeResult: success, version: HTTP/1.1)
POST /session/67c054285278ccd4a59a3c8625af4372/element HTTP/1.1
User-Agent: selenium/4.6.0 (java windows)
Content-Length: 128
Content-Type: application/json; charset=utf-8
host: localhost:44090
accept: */*

Response DefaultHttpResponse(decodeResult: success, version: HTTP/1.1)
HTTP/1.1 200 OK
Content-Type: application/json; charset=utf-8
cache-control: no-cache
content-length: 88

[DEBUG] Adding key: http://localhost:44090 for channel [id: 0xd1d86906, L:/127.0.0.1:54062 - R:localhost/127.0.0.1:44090]
[DEBUG] Using pooled Channel '[id: 0xd1d86906, L:/127.0.0.1:54062 - R:localhost/127.0.0.1:44090]' for 'GET' to 'http://localhost:44090/session/67c054285278ccd4a59a3c8625af4372/element/6a6b7afb-0147-44f4-8513-100ce02a13b9/text'
[DEBUG] Using open Channel [id: 0xd1d86906, L:/127.0.0.1:54062 - R:localhost/127.0.0.1:44090] for GET '/session/67c054285278ccd4a59a3c8625af4372/element/6a6b7afb-0147-44f4-8513-100ce02a13b9/text'
[DEBUG] 

Request DefaultFullHttpRequest(decodeResult: success, version: HTTP/1.1, content: EmptyByteBufBE)
GET /session/67c054285278ccd4a59a3c8625af4372/element/6a6b7afb-0147-44f4-8513-100ce02a13b9/text HTTP/1.1
User-Agent: selenium/4.6.0 (java windows)
Cache-Control: no-cache
Content-Type: application/json; charset=utf-8
host: localhost:44090
accept: */*

Response DefaultHttpResponse(decodeResult: success, version: HTTP/1.1)
HTTP/1.1 200 OK
Content-Type: application/json; charset=utf-8
cache-control: no-cache
content-length: 20

[DEBUG] Adding key: http://localhost:44090 for channel [id: 0xd1d86906, L:/127.0.0.1:54062 - R:localhost/127.0.0.1:44090]
[DEBUG] Using pooled Channel '[id: 0xd1d86906, L:/127.0.0.1:54062 - R:localhost/127.0.0.1:44090]' for 'POST' to 'http://localhost:44090/session/67c054285278ccd4a59a3c8625af4372/element'
[DEBUG] Using open Channel [id: 0xd1d86906, L:/127.0.0.1:54062 - R:localhost/127.0.0.1:44090] for POST '/session/67c054285278ccd4a59a3c8625af4372/element'
[DEBUG] 

Request DefaultHttpRequest(decodeResult: success, version: HTTP/1.1)
POST /session/67c054285278ccd4a59a3c8625af4372/element HTTP/1.1
User-Agent: selenium/4.6.0 (java windows)
Content-Length: 128
Content-Type: application/json; charset=utf-8
host: localhost:44090
accept: */*

Response DefaultHttpResponse(decodeResult: success, version: HTTP/1.1)
HTTP/1.1 200 OK
Content-Type: application/json; charset=utf-8
cache-control: no-cache
content-length: 88

[DEBUG] Adding key: http://localhost:44090 for channel [id: 0xd1d86906, L:/127.0.0.1:54062 - R:localhost/127.0.0.1:44090]
[DEBUG] Using pooled Channel '[id: 0xd1d86906, L:/127.0.0.1:54062 - R:localhost/127.0.0.1:44090]' for 'GET' to 'http://localhost:44090/session/67c054285278ccd4a59a3c8625af4372/element/af6a7c29-033d-4c7f-93ec-e1c3c021458b/text'
[DEBUG] Using open Channel [id: 0xd1d86906, L:/127.0.0.1:54062 - R:localhost/127.0.0.1:44090] for GET '/session/67c054285278ccd4a59a3c8625af4372/element/af6a7c29-033d-4c7f-93ec-e1c3c021458b/text'
[DEBUG] 

Request DefaultFullHttpRequest(decodeResult: success, version: HTTP/1.1, content: EmptyByteBufBE)
GET /session/67c054285278ccd4a59a3c8625af4372/element/af6a7c29-033d-4c7f-93ec-e1c3c021458b/text HTTP/1.1
User-Agent: selenium/4.6.0 (java windows)
Cache-Control: no-cache
Content-Type: application/json; charset=utf-8
host: localhost:44090
accept: */*

Response DefaultHttpResponse(decodeResult: success, version: HTTP/1.1)
HTTP/1.1 200 OK
Content-Type: application/json; charset=utf-8
cache-control: no-cache
content-length: 24

[DEBUG] Adding key: http://localhost:44090 for channel [id: 0xd1d86906, L:/127.0.0.1:54062 - R:localhost/127.0.0.1:44090]
[DEBUG] Using pooled Channel '[id: 0xd1d86906, L:/127.0.0.1:54062 - R:localhost/127.0.0.1:44090]' for 'POST' to 'http://localhost:44090/session/67c054285278ccd4a59a3c8625af4372/element'
[DEBUG] Using open Channel [id: 0xd1d86906, L:/127.0.0.1:54062 - R:localhost/127.0.0.1:44090] for POST '/session/67c054285278ccd4a59a3c8625af4372/element'
[DEBUG] 

Request DefaultHttpRequest(decodeResult: success, version: HTTP/1.1)
POST /session/67c054285278ccd4a59a3c8625af4372/element HTTP/1.1
User-Agent: selenium/4.6.0 (java windows)
Content-Length: 128
Content-Type: application/json; charset=utf-8
host: localhost:44090
accept: */*

Response DefaultHttpResponse(decodeResult: success, version: HTTP/1.1)
HTTP/1.1 200 OK
Content-Type: application/json; charset=utf-8
cache-control: no-cache
content-length: 88

[DEBUG] Adding key: http://localhost:44090 for channel [id: 0xd1d86906, L:/127.0.0.1:54062 - R:localhost/127.0.0.1:44090]
[DEBUG] Using pooled Channel '[id: 0xd1d86906, L:/127.0.0.1:54062 - R:localhost/127.0.0.1:44090]' for 'GET' to 'http://localhost:44090/session/67c054285278ccd4a59a3c8625af4372/element/f5d875ce-9947-4339-a0a7-08796ee72799/text'
[DEBUG] Using open Channel [id: 0xd1d86906, L:/127.0.0.1:54062 - R:localhost/127.0.0.1:44090] for GET '/session/67c054285278ccd4a59a3c8625af4372/element/f5d875ce-9947-4339-a0a7-08796ee72799/text'
[DEBUG] 

Request DefaultFullHttpRequest(decodeResult: success, version: HTTP/1.1, content: EmptyByteBufBE)
GET /session/67c054285278ccd4a59a3c8625af4372/element/f5d875ce-9947-4339-a0a7-08796ee72799/text HTTP/1.1
User-Agent: selenium/4.6.0 (java windows)
Cache-Control: no-cache
Content-Type: application/json; charset=utf-8
host: localhost:44090
accept: */*

Response DefaultHttpResponse(decodeResult: success, version: HTTP/1.1)
HTTP/1.1 200 OK
Content-Type: application/json; charset=utf-8
cache-control: no-cache
content-length: 26

[DEBUG] Adding key: http://localhost:44090 for channel [id: 0xd1d86906, L:/127.0.0.1:54062 - R:localhost/127.0.0.1:44090]
[DEBUG] Using pooled Channel '[id: 0xd1d86906, L:/127.0.0.1:54062 - R:localhost/127.0.0.1:44090]' for 'POST' to 'http://localhost:44090/session/67c054285278ccd4a59a3c8625af4372/element'
[DEBUG] Using open Channel [id: 0xd1d86906, L:/127.0.0.1:54062 - R:localhost/127.0.0.1:44090] for POST '/session/67c054285278ccd4a59a3c8625af4372/element'
[DEBUG] 

Request DefaultHttpRequest(decodeResult: success, version: HTTP/1.1)
POST /session/67c054285278ccd4a59a3c8625af4372/element HTTP/1.1
User-Agent: selenium/4.6.0 (java windows)
Content-Length: 128
Content-Type: application/json; charset=utf-8
host: localhost:44090
accept: */*

Response DefaultHttpResponse(decodeResult: success, version: HTTP/1.1)
HTTP/1.1 200 OK
Content-Type: application/json; charset=utf-8
cache-control: no-cache
content-length: 88

[DEBUG] Adding key: http://localhost:44090 for channel [id: 0xd1d86906, L:/127.0.0.1:54062 - R:localhost/127.0.0.1:44090]
[DEBUG] Using pooled Channel '[id: 0xd1d86906, L:/127.0.0.1:54062 - R:localhost/127.0.0.1:44090]' for 'GET' to 'http://localhost:44090/session/67c054285278ccd4a59a3c8625af4372/element/c06098cf-082d-4266-bc0e-104711e7035d/text'
[DEBUG] Using open Channel [id: 0xd1d86906, L:/127.0.0.1:54062 - R:localhost/127.0.0.1:44090] for GET '/session/67c054285278ccd4a59a3c8625af4372/element/c06098cf-082d-4266-bc0e-104711e7035d/text'
[DEBUG] 

Request DefaultFullHttpRequest(decodeResult: success, version: HTTP/1.1, content: EmptyByteBufBE)
GET /session/67c054285278ccd4a59a3c8625af4372/element/c06098cf-082d-4266-bc0e-104711e7035d/text HTTP/1.1
User-Agent: selenium/4.6.0 (java windows)
Cache-Control: no-cache
Content-Type: application/json; charset=utf-8
host: localhost:44090
accept: */*

Response DefaultHttpResponse(decodeResult: success, version: HTTP/1.1)
HTTP/1.1 200 OK
Content-Type: application/json; charset=utf-8
cache-control: no-cache
content-length: 23

[DEBUG] Adding key: http://localhost:44090 for channel [id: 0xd1d86906, L:/127.0.0.1:54062 - R:localhost/127.0.0.1:44090]
[DEBUG] Using pooled Channel '[id: 0xd1d86906, L:/127.0.0.1:54062 - R:localhost/127.0.0.1:44090]' for 'POST' to 'http://localhost:44090/session/67c054285278ccd4a59a3c8625af4372/element'
[DEBUG] Using open Channel [id: 0xd1d86906, L:/127.0.0.1:54062 - R:localhost/127.0.0.1:44090] for POST '/session/67c054285278ccd4a59a3c8625af4372/element'
[DEBUG] 

Request DefaultHttpRequest(decodeResult: success, version: HTTP/1.1)
POST /session/67c054285278ccd4a59a3c8625af4372/element HTTP/1.1
User-Agent: selenium/4.6.0 (java windows)
Content-Length: 128
Content-Type: application/json; charset=utf-8
host: localhost:44090
accept: */*

Response DefaultHttpResponse(decodeResult: success, version: HTTP/1.1)
HTTP/1.1 200 OK
Content-Type: application/json; charset=utf-8
cache-control: no-cache
content-length: 88

[DEBUG] Adding key: http://localhost:44090 for channel [id: 0xd1d86906, L:/127.0.0.1:54062 - R:localhost/127.0.0.1:44090]
[DEBUG] Using pooled Channel '[id: 0xd1d86906, L:/127.0.0.1:54062 - R:localhost/127.0.0.1:44090]' for 'GET' to 'http://localhost:44090/session/67c054285278ccd4a59a3c8625af4372/element/02026556-2cbf-4223-899d-56dd8527a918/text'
[DEBUG] Using open Channel [id: 0xd1d86906, L:/127.0.0.1:54062 - R:localhost/127.0.0.1:44090] for GET '/session/67c054285278ccd4a59a3c8625af4372/element/02026556-2cbf-4223-899d-56dd8527a918/text'
[DEBUG] 

Request DefaultFullHttpRequest(decodeResult: success, version: HTTP/1.1, content: EmptyByteBufBE)
GET /session/67c054285278ccd4a59a3c8625af4372/element/02026556-2cbf-4223-899d-56dd8527a918/text HTTP/1.1
User-Agent: selenium/4.6.0 (java windows)
Cache-Control: no-cache
Content-Type: application/json; charset=utf-8
host: localhost:44090
accept: */*

Response DefaultHttpResponse(decodeResult: success, version: HTTP/1.1)
HTTP/1.1 200 OK
Content-Type: application/json; charset=utf-8
cache-control: no-cache
content-length: 20

[DEBUG] Adding key: http://localhost:44090 for channel [id: 0xd1d86906, L:/127.0.0.1:54062 - R:localhost/127.0.0.1:44090]
[DEBUG] Using pooled Channel '[id: 0xd1d86906, L:/127.0.0.1:54062 - R:localhost/127.0.0.1:44090]' for 'POST' to 'http://localhost:44090/session/67c054285278ccd4a59a3c8625af4372/element'
[DEBUG] Using open Channel [id: 0xd1d86906, L:/127.0.0.1:54062 - R:localhost/127.0.0.1:44090] for POST '/session/67c054285278ccd4a59a3c8625af4372/element'
[DEBUG] 

Request DefaultHttpRequest(decodeResult: success, version: HTTP/1.1)
POST /session/67c054285278ccd4a59a3c8625af4372/element HTTP/1.1
User-Agent: selenium/4.6.0 (java windows)
Content-Length: 128
Content-Type: application/json; charset=utf-8
host: localhost:44090
accept: */*

Response DefaultHttpResponse(decodeResult: success, version: HTTP/1.1)
HTTP/1.1 200 OK
Content-Type: application/json; charset=utf-8
cache-control: no-cache
content-length: 88

[DEBUG] Adding key: http://localhost:44090 for channel [id: 0xd1d86906, L:/127.0.0.1:54062 - R:localhost/127.0.0.1:44090]
[DEBUG] Using pooled Channel '[id: 0xd1d86906, L:/127.0.0.1:54062 - R:localhost/127.0.0.1:44090]' for 'GET' to 'http://localhost:44090/session/67c054285278ccd4a59a3c8625af4372/element/f1bf2df1-2435-4faf-a49a-f7c7955126c6/text'
[DEBUG] Using open Channel [id: 0xd1d86906, L:/127.0.0.1:54062 - R:localhost/127.0.0.1:44090] for GET '/session/67c054285278ccd4a59a3c8625af4372/element/f1bf2df1-2435-4faf-a49a-f7c7955126c6/text'
[DEBUG] 

Request DefaultFullHttpRequest(decodeResult: success, version: HTTP/1.1, content: EmptyByteBufBE)
GET /session/67c054285278ccd4a59a3c8625af4372/element/f1bf2df1-2435-4faf-a49a-f7c7955126c6/text HTTP/1.1
User-Agent: selenium/4.6.0 (java windows)
Cache-Control: no-cache
Content-Type: application/json; charset=utf-8
host: localhost:44090
accept: */*

Response DefaultHttpResponse(decodeResult: success, version: HTTP/1.1)
HTTP/1.1 200 OK
Content-Type: application/json; charset=utf-8
cache-control: no-cache
content-length: 22

[DEBUG] Adding key: http://localhost:44090 for channel [id: 0xd1d86906, L:/127.0.0.1:54062 - R:localhost/127.0.0.1:44090]
[DEBUG] Using pooled Channel '[id: 0xd1d86906, L:/127.0.0.1:54062 - R:localhost/127.0.0.1:44090]' for 'POST' to 'http://localhost:44090/session/67c054285278ccd4a59a3c8625af4372/element'
[DEBUG] Using open Channel [id: 0xd1d86906, L:/127.0.0.1:54062 - R:localhost/127.0.0.1:44090] for POST '/session/67c054285278ccd4a59a3c8625af4372/element'
[DEBUG] 

Request DefaultHttpRequest(decodeResult: success, version: HTTP/1.1)
POST /session/67c054285278ccd4a59a3c8625af4372/element HTTP/1.1
User-Agent: selenium/4.6.0 (java windows)
Content-Length: 128
Content-Type: application/json; charset=utf-8
host: localhost:44090
accept: */*

Response DefaultHttpResponse(decodeResult: success, version: HTTP/1.1)
HTTP/1.1 200 OK
Content-Type: application/json; charset=utf-8
cache-control: no-cache
content-length: 88

[DEBUG] Adding key: http://localhost:44090 for channel [id: 0xd1d86906, L:/127.0.0.1:54062 - R:localhost/127.0.0.1:44090]
[DEBUG] Using pooled Channel '[id: 0xd1d86906, L:/127.0.0.1:54062 - R:localhost/127.0.0.1:44090]' for 'GET' to 'http://localhost:44090/session/67c054285278ccd4a59a3c8625af4372/element/72d322d2-2b3d-46b3-94fd-8b57259b0feb/text'
[DEBUG] Using open Channel [id: 0xd1d86906, L:/127.0.0.1:54062 - R:localhost/127.0.0.1:44090] for GET '/session/67c054285278ccd4a59a3c8625af4372/element/72d322d2-2b3d-46b3-94fd-8b57259b0feb/text'
[DEBUG] 

Request DefaultFullHttpRequest(decodeResult: success, version: HTTP/1.1, content: EmptyByteBufBE)
GET /session/67c054285278ccd4a59a3c8625af4372/element/72d322d2-2b3d-46b3-94fd-8b57259b0feb/text HTTP/1.1
User-Agent: selenium/4.6.0 (java windows)
Cache-Control: no-cache
Content-Type: application/json; charset=utf-8
host: localhost:44090
accept: */*

Response DefaultHttpResponse(decodeResult: success, version: HTTP/1.1)
HTTP/1.1 200 OK
Content-Type: application/json; charset=utf-8
cache-control: no-cache
content-length: 28

[DEBUG] Adding key: http://localhost:44090 for channel [id: 0xd1d86906, L:/127.0.0.1:54062 - R:localhost/127.0.0.1:44090]
[DEBUG] Using pooled Channel '[id: 0xd1d86906, L:/127.0.0.1:54062 - R:localhost/127.0.0.1:44090]' for 'POST' to 'http://localhost:44090/session/67c054285278ccd4a59a3c8625af4372/element'
[DEBUG] Using open Channel [id: 0xd1d86906, L:/127.0.0.1:54062 - R:localhost/127.0.0.1:44090] for POST '/session/67c054285278ccd4a59a3c8625af4372/element'
[DEBUG] 

Request DefaultHttpRequest(decodeResult: success, version: HTTP/1.1)
POST /session/67c054285278ccd4a59a3c8625af4372/element HTTP/1.1
User-Agent: selenium/4.6.0 (java windows)
Content-Length: 128
Content-Type: application/json; charset=utf-8
host: localhost:44090
accept: */*

Response DefaultHttpResponse(decodeResult: success, version: HTTP/1.1)
HTTP/1.1 200 OK
Content-Type: application/json; charset=utf-8
cache-control: no-cache
content-length: 88

[DEBUG] Adding key: http://localhost:44090 for channel [id: 0xd1d86906, L:/127.0.0.1:54062 - R:localhost/127.0.0.1:44090]
[DEBUG] Using pooled Channel '[id: 0xd1d86906, L:/127.0.0.1:54062 - R:localhost/127.0.0.1:44090]' for 'GET' to 'http://localhost:44090/session/67c054285278ccd4a59a3c8625af4372/element/c14a4392-5c7b-4c8e-af97-ded9f6276981/text'
[DEBUG] Using open Channel [id: 0xd1d86906, L:/127.0.0.1:54062 - R:localhost/127.0.0.1:44090] for GET '/session/67c054285278ccd4a59a3c8625af4372/element/c14a4392-5c7b-4c8e-af97-ded9f6276981/text'
[DEBUG] 

Request DefaultFullHttpRequest(decodeResult: success, version: HTTP/1.1, content: EmptyByteBufBE)
GET /session/67c054285278ccd4a59a3c8625af4372/element/c14a4392-5c7b-4c8e-af97-ded9f6276981/text HTTP/1.1
User-Agent: selenium/4.6.0 (java windows)
Cache-Control: no-cache
Content-Type: application/json; charset=utf-8
host: localhost:44090
accept: */*

Response DefaultHttpResponse(decodeResult: success, version: HTTP/1.1)
HTTP/1.1 200 OK
Content-Type: application/json; charset=utf-8
cache-control: no-cache
content-length: 23

[DEBUG] Adding key: http://localhost:44090 for channel [id: 0xd1d86906, L:/127.0.0.1:54062 - R:localhost/127.0.0.1:44090]
[DEBUG] Using pooled Channel '[id: 0xd1d86906, L:/127.0.0.1:54062 - R:localhost/127.0.0.1:44090]' for 'POST' to 'http://localhost:44090/session/67c054285278ccd4a59a3c8625af4372/element'
[DEBUG] Using open Channel [id: 0xd1d86906, L:/127.0.0.1:54062 - R:localhost/127.0.0.1:44090] for POST '/session/67c054285278ccd4a59a3c8625af4372/element'
[DEBUG] 

Request DefaultHttpRequest(decodeResult: success, version: HTTP/1.1)
POST /session/67c054285278ccd4a59a3c8625af4372/element HTTP/1.1
User-Agent: selenium/4.6.0 (java windows)
Content-Length: 128
Content-Type: application/json; charset=utf-8
host: localhost:44090
accept: */*

Response DefaultHttpResponse(decodeResult: success, version: HTTP/1.1)
HTTP/1.1 200 OK
Content-Type: application/json; charset=utf-8
cache-control: no-cache
content-length: 88

[DEBUG] Adding key: http://localhost:44090 for channel [id: 0xd1d86906, L:/127.0.0.1:54062 - R:localhost/127.0.0.1:44090]
[DEBUG] Using pooled Channel '[id: 0xd1d86906, L:/127.0.0.1:54062 - R:localhost/127.0.0.1:44090]' for 'GET' to 'http://localhost:44090/session/67c054285278ccd4a59a3c8625af4372/element/f5650c22-8465-448c-ba51-06dec5e9a702/text'
[DEBUG] Using open Channel [id: 0xd1d86906, L:/127.0.0.1:54062 - R:localhost/127.0.0.1:44090] for GET '/session/67c054285278ccd4a59a3c8625af4372/element/f5650c22-8465-448c-ba51-06dec5e9a702/text'
[DEBUG] 

Request DefaultFullHttpRequest(decodeResult: success, version: HTTP/1.1, content: EmptyByteBufBE)
GET /session/67c054285278ccd4a59a3c8625af4372/element/f5650c22-8465-448c-ba51-06dec5e9a702/text HTTP/1.1
User-Agent: selenium/4.6.0 (java windows)
Cache-Control: no-cache
Content-Type: application/json; charset=utf-8
host: localhost:44090
accept: */*

Response DefaultHttpResponse(decodeResult: success, version: HTTP/1.1)
HTTP/1.1 200 OK
Content-Type: application/json; charset=utf-8
cache-control: no-cache
content-length: 19

[DEBUG] Adding key: http://localhost:44090 for channel [id: 0xd1d86906, L:/127.0.0.1:54062 - R:localhost/127.0.0.1:44090]
[DEBUG] Using pooled Channel '[id: 0xd1d86906, L:/127.0.0.1:54062 - R:localhost/127.0.0.1:44090]' for 'POST' to 'http://localhost:44090/session/67c054285278ccd4a59a3c8625af4372/element'
[DEBUG] Using open Channel [id: 0xd1d86906, L:/127.0.0.1:54062 - R:localhost/127.0.0.1:44090] for POST '/session/67c054285278ccd4a59a3c8625af4372/element'
[DEBUG] 

Request DefaultHttpRequest(decodeResult: success, version: HTTP/1.1)
POST /session/67c054285278ccd4a59a3c8625af4372/element HTTP/1.1
User-Agent: selenium/4.6.0 (java windows)
Content-Length: 128
Content-Type: application/json; charset=utf-8
host: localhost:44090
accept: */*

Response DefaultHttpResponse(decodeResult: success, version: HTTP/1.1)
HTTP/1.1 200 OK
Content-Type: application/json; charset=utf-8
cache-control: no-cache
content-length: 88

[DEBUG] Adding key: http://localhost:44090 for channel [id: 0xd1d86906, L:/127.0.0.1:54062 - R:localhost/127.0.0.1:44090]
[DEBUG] Using pooled Channel '[id: 0xd1d86906, L:/127.0.0.1:54062 - R:localhost/127.0.0.1:44090]' for 'GET' to 'http://localhost:44090/session/67c054285278ccd4a59a3c8625af4372/element/d6dbafaf-3a4e-4e39-829a-2349c843e605/text'
[DEBUG] Using open Channel [id: 0xd1d86906, L:/127.0.0.1:54062 - R:localhost/127.0.0.1:44090] for GET '/session/67c054285278ccd4a59a3c8625af4372/element/d6dbafaf-3a4e-4e39-829a-2349c843e605/text'
[DEBUG] 

Request DefaultFullHttpRequest(decodeResult: success, version: HTTP/1.1, content: EmptyByteBufBE)
GET /session/67c054285278ccd4a59a3c8625af4372/element/d6dbafaf-3a4e-4e39-829a-2349c843e605/text HTTP/1.1
User-Agent: selenium/4.6.0 (java windows)
Cache-Control: no-cache
Content-Type: application/json; charset=utf-8
host: localhost:44090
accept: */*

Response DefaultHttpResponse(decodeResult: success, version: HTTP/1.1)
HTTP/1.1 200 OK
Content-Type: application/json; charset=utf-8
cache-control: no-cache
content-length: 30

[DEBUG] Adding key: http://localhost:44090 for channel [id: 0xd1d86906, L:/127.0.0.1:54062 - R:localhost/127.0.0.1:44090]
[DEBUG] Using pooled Channel '[id: 0xd1d86906, L:/127.0.0.1:54062 - R:localhost/127.0.0.1:44090]' for 'POST' to 'http://localhost:44090/session/67c054285278ccd4a59a3c8625af4372/element'
[DEBUG] Using open Channel [id: 0xd1d86906, L:/127.0.0.1:54062 - R:localhost/127.0.0.1:44090] for POST '/session/67c054285278ccd4a59a3c8625af4372/element'
[DEBUG] 

Request DefaultHttpRequest(decodeResult: success, version: HTTP/1.1)
POST /session/67c054285278ccd4a59a3c8625af4372/element HTTP/1.1
User-Agent: selenium/4.6.0 (java windows)
Content-Length: 128
Content-Type: application/json; charset=utf-8
host: localhost:44090
accept: */*

Response DefaultHttpResponse(decodeResult: success, version: HTTP/1.1)
HTTP/1.1 200 OK
Content-Type: application/json; charset=utf-8
cache-control: no-cache
content-length: 88

[DEBUG] Adding key: http://localhost:44090 for channel [id: 0xd1d86906, L:/127.0.0.1:54062 - R:localhost/127.0.0.1:44090]
[DEBUG] Using pooled Channel '[id: 0xd1d86906, L:/127.0.0.1:54062 - R:localhost/127.0.0.1:44090]' for 'GET' to 'http://localhost:44090/session/67c054285278ccd4a59a3c8625af4372/element/60d9cc76-f404-46f9-b3a8-115f2921e4c7/text'
[DEBUG] Using open Channel [id: 0xd1d86906, L:/127.0.0.1:54062 - R:localhost/127.0.0.1:44090] for GET '/session/67c054285278ccd4a59a3c8625af4372/element/60d9cc76-f404-46f9-b3a8-115f2921e4c7/text'
[DEBUG] 

Request DefaultFullHttpRequest(decodeResult: success, version: HTTP/1.1, content: EmptyByteBufBE)
GET /session/67c054285278ccd4a59a3c8625af4372/element/60d9cc76-f404-46f9-b3a8-115f2921e4c7/text HTTP/1.1
User-Agent: selenium/4.6.0 (java windows)
Cache-Control: no-cache
Content-Type: application/json; charset=utf-8
host: localhost:44090
accept: */*

Response DefaultHttpResponse(decodeResult: success, version: HTTP/1.1)
HTTP/1.1 200 OK
Content-Type: application/json; charset=utf-8
cache-control: no-cache
content-length: 28

[DEBUG] Adding key: http://localhost:44090 for channel [id: 0xd1d86906, L:/127.0.0.1:54062 - R:localhost/127.0.0.1:44090]
[DEBUG] Using pooled Channel '[id: 0xd1d86906, L:/127.0.0.1:54062 - R:localhost/127.0.0.1:44090]' for 'POST' to 'http://localhost:44090/session/67c054285278ccd4a59a3c8625af4372/element'
[DEBUG] Using open Channel [id: 0xd1d86906, L:/127.0.0.1:54062 - R:localhost/127.0.0.1:44090] for POST '/session/67c054285278ccd4a59a3c8625af4372/element'
[DEBUG] 

Request DefaultHttpRequest(decodeResult: success, version: HTTP/1.1)
POST /session/67c054285278ccd4a59a3c8625af4372/element HTTP/1.1
User-Agent: selenium/4.6.0 (java windows)
Content-Length: 128
Content-Type: application/json; charset=utf-8
host: localhost:44090
accept: */*

Response DefaultHttpResponse(decodeResult: success, version: HTTP/1.1)
HTTP/1.1 200 OK
Content-Type: application/json; charset=utf-8
cache-control: no-cache
content-length: 88

[DEBUG] Adding key: http://localhost:44090 for channel [id: 0xd1d86906, L:/127.0.0.1:54062 - R:localhost/127.0.0.1:44090]
[DEBUG] Using pooled Channel '[id: 0xd1d86906, L:/127.0.0.1:54062 - R:localhost/127.0.0.1:44090]' for 'GET' to 'http://localhost:44090/session/67c054285278ccd4a59a3c8625af4372/element/3d2c9ce3-6f11-482f-b45a-99623ce393ad/text'
[DEBUG] Using open Channel [id: 0xd1d86906, L:/127.0.0.1:54062 - R:localhost/127.0.0.1:44090] for GET '/session/67c054285278ccd4a59a3c8625af4372/element/3d2c9ce3-6f11-482f-b45a-99623ce393ad/text'
[DEBUG] 

Request DefaultFullHttpRequest(decodeResult: success, version: HTTP/1.1, content: EmptyByteBufBE)
GET /session/67c054285278ccd4a59a3c8625af4372/element/3d2c9ce3-6f11-482f-b45a-99623ce393ad/text HTTP/1.1
User-Agent: selenium/4.6.0 (java windows)
Cache-Control: no-cache
Content-Type: application/json; charset=utf-8
host: localhost:44090
accept: */*

Response DefaultHttpResponse(decodeResult: success, version: HTTP/1.1)
HTTP/1.1 200 OK
Content-Type: application/json; charset=utf-8
cache-control: no-cache
content-length: 23

[DEBUG] Adding key: http://localhost:44090 for channel [id: 0xd1d86906, L:/127.0.0.1:54062 - R:localhost/127.0.0.1:44090]
[DEBUG] Using pooled Channel '[id: 0xd1d86906, L:/127.0.0.1:54062 - R:localhost/127.0.0.1:44090]' for 'POST' to 'http://localhost:44090/session/67c054285278ccd4a59a3c8625af4372/element'
[DEBUG] Using open Channel [id: 0xd1d86906, L:/127.0.0.1:54062 - R:localhost/127.0.0.1:44090] for POST '/session/67c054285278ccd4a59a3c8625af4372/element'
[DEBUG] 

Request DefaultHttpRequest(decodeResult: success, version: HTTP/1.1)
POST /session/67c054285278ccd4a59a3c8625af4372/element HTTP/1.1
User-Agent: selenium/4.6.0 (java windows)
Content-Length: 128
Content-Type: application/json; charset=utf-8
host: localhost:44090
accept: */*

Response DefaultHttpResponse(decodeResult: success, version: HTTP/1.1)
HTTP/1.1 200 OK
Content-Type: application/json; charset=utf-8
cache-control: no-cache
content-length: 88

[DEBUG] Adding key: http://localhost:44090 for channel [id: 0xd1d86906, L:/127.0.0.1:54062 - R:localhost/127.0.0.1:44090]
[DEBUG] Using pooled Channel '[id: 0xd1d86906, L:/127.0.0.1:54062 - R:localhost/127.0.0.1:44090]' for 'GET' to 'http://localhost:44090/session/67c054285278ccd4a59a3c8625af4372/element/c0951f08-c636-41e5-92d4-9f29f5fbb480/text'
[DEBUG] Using open Channel [id: 0xd1d86906, L:/127.0.0.1:54062 - R:localhost/127.0.0.1:44090] for GET '/session/67c054285278ccd4a59a3c8625af4372/element/c0951f08-c636-41e5-92d4-9f29f5fbb480/text'
[DEBUG] 

Request DefaultFullHttpRequest(decodeResult: success, version: HTTP/1.1, content: EmptyByteBufBE)
GET /session/67c054285278ccd4a59a3c8625af4372/element/c0951f08-c636-41e5-92d4-9f29f5fbb480/text HTTP/1.1
User-Agent: selenium/4.6.0 (java windows)
Cache-Control: no-cache
Content-Type: application/json; charset=utf-8
host: localhost:44090
accept: */*

Response DefaultHttpResponse(decodeResult: success, version: HTTP/1.1)
HTTP/1.1 200 OK
Content-Type: application/json; charset=utf-8
cache-control: no-cache
content-length: 21

[DEBUG] Adding key: http://localhost:44090 for channel [id: 0xd1d86906, L:/127.0.0.1:54062 - R:localhost/127.0.0.1:44090]
[DEBUG] Using pooled Channel '[id: 0xd1d86906, L:/127.0.0.1:54062 - R:localhost/127.0.0.1:44090]' for 'POST' to 'http://localhost:44090/session/67c054285278ccd4a59a3c8625af4372/element'
[DEBUG] Using open Channel [id: 0xd1d86906, L:/127.0.0.1:54062 - R:localhost/127.0.0.1:44090] for POST '/session/67c054285278ccd4a59a3c8625af4372/element'
[DEBUG] 

Request DefaultHttpRequest(decodeResult: success, version: HTTP/1.1)
POST /session/67c054285278ccd4a59a3c8625af4372/element HTTP/1.1
User-Agent: selenium/4.6.0 (java windows)
Content-Length: 128
Content-Type: application/json; charset=utf-8
host: localhost:44090
accept: */*

Response DefaultHttpResponse(decodeResult: success, version: HTTP/1.1)
HTTP/1.1 200 OK
Content-Type: application/json; charset=utf-8
cache-control: no-cache
content-length: 88

[DEBUG] Adding key: http://localhost:44090 for channel [id: 0xd1d86906, L:/127.0.0.1:54062 - R:localhost/127.0.0.1:44090]
[DEBUG] Using pooled Channel '[id: 0xd1d86906, L:/127.0.0.1:54062 - R:localhost/127.0.0.1:44090]' for 'GET' to 'http://localhost:44090/session/67c054285278ccd4a59a3c8625af4372/element/ffcef456-a30d-4532-b72e-bfa0dbc3f6cc/text'
[DEBUG] Using open Channel [id: 0xd1d86906, L:/127.0.0.1:54062 - R:localhost/127.0.0.1:44090] for GET '/session/67c054285278ccd4a59a3c8625af4372/element/ffcef456-a30d-4532-b72e-bfa0dbc3f6cc/text'
[DEBUG] 

Request DefaultFullHttpRequest(decodeResult: success, version: HTTP/1.1, content: EmptyByteBufBE)
GET /session/67c054285278ccd4a59a3c8625af4372/element/ffcef456-a30d-4532-b72e-bfa0dbc3f6cc/text HTTP/1.1
User-Agent: selenium/4.6.0 (java windows)
Cache-Control: no-cache
Content-Type: application/json; charset=utf-8
host: localhost:44090
accept: */*

Response DefaultHttpResponse(decodeResult: success, version: HTTP/1.1)
HTTP/1.1 200 OK
Content-Type: application/json; charset=utf-8
cache-control: no-cache
content-length: 17

[DEBUG] Adding key: http://localhost:44090 for channel [id: 0xd1d86906, L:/127.0.0.1:54062 - R:localhost/127.0.0.1:44090]
[DEBUG] Using pooled Channel '[id: 0xd1d86906, L:/127.0.0.1:54062 - R:localhost/127.0.0.1:44090]' for 'POST' to 'http://localhost:44090/session/67c054285278ccd4a59a3c8625af4372/element'
[DEBUG] Using open Channel [id: 0xd1d86906, L:/127.0.0.1:54062 - R:localhost/127.0.0.1:44090] for POST '/session/67c054285278ccd4a59a3c8625af4372/element'
[DEBUG] 

Request DefaultHttpRequest(decodeResult: success, version: HTTP/1.1)
POST /session/67c054285278ccd4a59a3c8625af4372/element HTTP/1.1
User-Agent: selenium/4.6.0 (java windows)
Content-Length: 128
Content-Type: application/json; charset=utf-8
host: localhost:44090
accept: */*

Response DefaultHttpResponse(decodeResult: success, version: HTTP/1.1)
HTTP/1.1 200 OK
Content-Type: application/json; charset=utf-8
cache-control: no-cache
content-length: 88

[DEBUG] Adding key: http://localhost:44090 for channel [id: 0xd1d86906, L:/127.0.0.1:54062 - R:localhost/127.0.0.1:44090]
[DEBUG] Using pooled Channel '[id: 0xd1d86906, L:/127.0.0.1:54062 - R:localhost/127.0.0.1:44090]' for 'GET' to 'http://localhost:44090/session/67c054285278ccd4a59a3c8625af4372/element/9829a930-026e-4532-8b61-93f9a14a03e4/text'
[DEBUG] Using open Channel [id: 0xd1d86906, L:/127.0.0.1:54062 - R:localhost/127.0.0.1:44090] for GET '/session/67c054285278ccd4a59a3c8625af4372/element/9829a930-026e-4532-8b61-93f9a14a03e4/text'
[DEBUG] 

Request DefaultFullHttpRequest(decodeResult: success, version: HTTP/1.1, content: EmptyByteBufBE)
GET /session/67c054285278ccd4a59a3c8625af4372/element/9829a930-026e-4532-8b61-93f9a14a03e4/text HTTP/1.1
User-Agent: selenium/4.6.0 (java windows)
Cache-Control: no-cache
Content-Type: application/json; charset=utf-8
host: localhost:44090
accept: */*

Response DefaultHttpResponse(decodeResult: success, version: HTTP/1.1)
HTTP/1.1 200 OK
Content-Type: application/json; charset=utf-8
cache-control: no-cache
content-length: 28

[DEBUG] Adding key: http://localhost:44090 for channel [id: 0xd1d86906, L:/127.0.0.1:54062 - R:localhost/127.0.0.1:44090]
[DEBUG] Using pooled Channel '[id: 0xd1d86906, L:/127.0.0.1:54062 - R:localhost/127.0.0.1:44090]' for 'POST' to 'http://localhost:44090/session/67c054285278ccd4a59a3c8625af4372/element'
[DEBUG] Using open Channel [id: 0xd1d86906, L:/127.0.0.1:54062 - R:localhost/127.0.0.1:44090] for POST '/session/67c054285278ccd4a59a3c8625af4372/element'
[DEBUG] 

Request DefaultHttpRequest(decodeResult: success, version: HTTP/1.1)
POST /session/67c054285278ccd4a59a3c8625af4372/element HTTP/1.1
User-Agent: selenium/4.6.0 (java windows)
Content-Length: 128
Content-Type: application/json; charset=utf-8
host: localhost:44090
accept: */*

Response DefaultHttpResponse(decodeResult: success, version: HTTP/1.1)
HTTP/1.1 200 OK
Content-Type: application/json; charset=utf-8
cache-control: no-cache
content-length: 88

[DEBUG] Adding key: http://localhost:44090 for channel [id: 0xd1d86906, L:/127.0.0.1:54062 - R:localhost/127.0.0.1:44090]
[DEBUG] Using pooled Channel '[id: 0xd1d86906, L:/127.0.0.1:54062 - R:localhost/127.0.0.1:44090]' for 'GET' to 'http://localhost:44090/session/67c054285278ccd4a59a3c8625af4372/element/beefa5a2-3d4c-456e-9c74-ca80edfa5f02/text'
[DEBUG] Using open Channel [id: 0xd1d86906, L:/127.0.0.1:54062 - R:localhost/127.0.0.1:44090] for GET '/session/67c054285278ccd4a59a3c8625af4372/element/beefa5a2-3d4c-456e-9c74-ca80edfa5f02/text'
[DEBUG] 

Request DefaultFullHttpRequest(decodeResult: success, version: HTTP/1.1, content: EmptyByteBufBE)
GET /session/67c054285278ccd4a59a3c8625af4372/element/beefa5a2-3d4c-456e-9c74-ca80edfa5f02/text HTTP/1.1
User-Agent: selenium/4.6.0 (java windows)
Cache-Control: no-cache
Content-Type: application/json; charset=utf-8
host: localhost:44090
accept: */*

Response DefaultHttpResponse(decodeResult: success, version: HTTP/1.1)
HTTP/1.1 200 OK
Content-Type: application/json; charset=utf-8
cache-control: no-cache
content-length: 23

[DEBUG] Adding key: http://localhost:44090 for channel [id: 0xd1d86906, L:/127.0.0.1:54062 - R:localhost/127.0.0.1:44090]
[DEBUG] Using pooled Channel '[id: 0xd1d86906, L:/127.0.0.1:54062 - R:localhost/127.0.0.1:44090]' for 'POST' to 'http://localhost:44090/session/67c054285278ccd4a59a3c8625af4372/element'
[DEBUG] Using open Channel [id: 0xd1d86906, L:/127.0.0.1:54062 - R:localhost/127.0.0.1:44090] for POST '/session/67c054285278ccd4a59a3c8625af4372/element'
[DEBUG] 

Request DefaultHttpRequest(decodeResult: success, version: HTTP/1.1)
POST /session/67c054285278ccd4a59a3c8625af4372/element HTTP/1.1
User-Agent: selenium/4.6.0 (java windows)
Content-Length: 128
Content-Type: application/json; charset=utf-8
host: localhost:44090
accept: */*

Response DefaultHttpResponse(decodeResult: success, version: HTTP/1.1)
HTTP/1.1 200 OK
Content-Type: application/json; charset=utf-8
cache-control: no-cache
content-length: 88

[DEBUG] Adding key: http://localhost:44090 for channel [id: 0xd1d86906, L:/127.0.0.1:54062 - R:localhost/127.0.0.1:44090]
[DEBUG] Using pooled Channel '[id: 0xd1d86906, L:/127.0.0.1:54062 - R:localhost/127.0.0.1:44090]' for 'GET' to 'http://localhost:44090/session/67c054285278ccd4a59a3c8625af4372/element/8723432f-bd4b-4925-a449-4952e601972b/text'
[DEBUG] Using open Channel [id: 0xd1d86906, L:/127.0.0.1:54062 - R:localhost/127.0.0.1:44090] for GET '/session/67c054285278ccd4a59a3c8625af4372/element/8723432f-bd4b-4925-a449-4952e601972b/text'
[DEBUG] 

Request DefaultFullHttpRequest(decodeResult: success, version: HTTP/1.1, content: EmptyByteBufBE)
GET /session/67c054285278ccd4a59a3c8625af4372/element/8723432f-bd4b-4925-a449-4952e601972b/text HTTP/1.1
User-Agent: selenium/4.6.0 (java windows)
Cache-Control: no-cache
Content-Type: application/json; charset=utf-8
host: localhost:44090
accept: */*

Response DefaultHttpResponse(decodeResult: success, version: HTTP/1.1)
HTTP/1.1 200 OK
Content-Type: application/json; charset=utf-8
cache-control: no-cache
content-length: 20

[DEBUG] Adding key: http://localhost:44090 for channel [id: 0xd1d86906, L:/127.0.0.1:54062 - R:localhost/127.0.0.1:44090]
[DEBUG] Using pooled Channel '[id: 0xd1d86906, L:/127.0.0.1:54062 - R:localhost/127.0.0.1:44090]' for 'POST' to 'http://localhost:44090/session/67c054285278ccd4a59a3c8625af4372/element'
[DEBUG] Using open Channel [id: 0xd1d86906, L:/127.0.0.1:54062 - R:localhost/127.0.0.1:44090] for POST '/session/67c054285278ccd4a59a3c8625af4372/element'
[DEBUG] 

Request DefaultHttpRequest(decodeResult: success, version: HTTP/1.1)
POST /session/67c054285278ccd4a59a3c8625af4372/element HTTP/1.1
User-Agent: selenium/4.6.0 (java windows)
Content-Length: 128
Content-Type: application/json; charset=utf-8
host: localhost:44090
accept: */*

Response DefaultHttpResponse(decodeResult: success, version: HTTP/1.1)
HTTP/1.1 200 OK
Content-Type: application/json; charset=utf-8
cache-control: no-cache
content-length: 88

[DEBUG] Adding key: http://localhost:44090 for channel [id: 0xd1d86906, L:/127.0.0.1:54062 - R:localhost/127.0.0.1:44090]
[DEBUG] Using pooled Channel '[id: 0xd1d86906, L:/127.0.0.1:54062 - R:localhost/127.0.0.1:44090]' for 'GET' to 'http://localhost:44090/session/67c054285278ccd4a59a3c8625af4372/element/c8a85077-602c-44b7-b7d5-48bd7d9c1e31/text'
[DEBUG] Using open Channel [id: 0xd1d86906, L:/127.0.0.1:54062 - R:localhost/127.0.0.1:44090] for GET '/session/67c054285278ccd4a59a3c8625af4372/element/c8a85077-602c-44b7-b7d5-48bd7d9c1e31/text'
[DEBUG] 

Request DefaultFullHttpRequest(decodeResult: success, version: HTTP/1.1, content: EmptyByteBufBE)
GET /session/67c054285278ccd4a59a3c8625af4372/element/c8a85077-602c-44b7-b7d5-48bd7d9c1e31/text HTTP/1.1
User-Agent: selenium/4.6.0 (java windows)
Cache-Control: no-cache
Content-Type: application/json; charset=utf-8
host: localhost:44090
accept: */*

Response DefaultHttpResponse(decodeResult: success, version: HTTP/1.1)
HTTP/1.1 200 OK
Content-Type: application/json; charset=utf-8
cache-control: no-cache
content-length: 27

[DEBUG] Adding key: http://localhost:44090 for channel [id: 0xd1d86906, L:/127.0.0.1:54062 - R:localhost/127.0.0.1:44090]
[DEBUG] Using pooled Channel '[id: 0xd1d86906, L:/127.0.0.1:54062 - R:localhost/127.0.0.1:44090]' for 'POST' to 'http://localhost:44090/session/67c054285278ccd4a59a3c8625af4372/element'
[DEBUG] Using open Channel [id: 0xd1d86906, L:/127.0.0.1:54062 - R:localhost/127.0.0.1:44090] for POST '/session/67c054285278ccd4a59a3c8625af4372/element'
[DEBUG] 

Request DefaultHttpRequest(decodeResult: success, version: HTTP/1.1)
POST /session/67c054285278ccd4a59a3c8625af4372/element HTTP/1.1
User-Agent: selenium/4.6.0 (java windows)
Content-Length: 128
Content-Type: application/json; charset=utf-8
host: localhost:44090
accept: */*

Response DefaultHttpResponse(decodeResult: success, version: HTTP/1.1)
HTTP/1.1 200 OK
Content-Type: application/json; charset=utf-8
cache-control: no-cache
content-length: 88

[DEBUG] Adding key: http://localhost:44090 for channel [id: 0xd1d86906, L:/127.0.0.1:54062 - R:localhost/127.0.0.1:44090]
[DEBUG] Using pooled Channel '[id: 0xd1d86906, L:/127.0.0.1:54062 - R:localhost/127.0.0.1:44090]' for 'GET' to 'http://localhost:44090/session/67c054285278ccd4a59a3c8625af4372/element/2fb7f151-dab0-4cf8-99ac-01bbd9b8b7ea/text'
[DEBUG] Using open Channel [id: 0xd1d86906, L:/127.0.0.1:54062 - R:localhost/127.0.0.1:44090] for GET '/session/67c054285278ccd4a59a3c8625af4372/element/2fb7f151-dab0-4cf8-99ac-01bbd9b8b7ea/text'
[DEBUG] 

Request DefaultFullHttpRequest(decodeResult: success, version: HTTP/1.1, content: EmptyByteBufBE)
GET /session/67c054285278ccd4a59a3c8625af4372/element/2fb7f151-dab0-4cf8-99ac-01bbd9b8b7ea/text HTTP/1.1
User-Agent: selenium/4.6.0 (java windows)
Cache-Control: no-cache
Content-Type: application/json; charset=utf-8
host: localhost:44090
accept: */*

Response DefaultHttpResponse(decodeResult: success, version: HTTP/1.1)
HTTP/1.1 200 OK
Content-Type: application/json; charset=utf-8
cache-control: no-cache
content-length: 28

[DEBUG] Adding key: http://localhost:44090 for channel [id: 0xd1d86906, L:/127.0.0.1:54062 - R:localhost/127.0.0.1:44090]
[DEBUG] Using pooled Channel '[id: 0xd1d86906, L:/127.0.0.1:54062 - R:localhost/127.0.0.1:44090]' for 'POST' to 'http://localhost:44090/session/67c054285278ccd4a59a3c8625af4372/element'
[DEBUG] Using open Channel [id: 0xd1d86906, L:/127.0.0.1:54062 - R:localhost/127.0.0.1:44090] for POST '/session/67c054285278ccd4a59a3c8625af4372/element'
[DEBUG] 

Request DefaultHttpRequest(decodeResult: success, version: HTTP/1.1)
POST /session/67c054285278ccd4a59a3c8625af4372/element HTTP/1.1
User-Agent: selenium/4.6.0 (java windows)
Content-Length: 128
Content-Type: application/json; charset=utf-8
host: localhost:44090
accept: */*

Response DefaultHttpResponse(decodeResult: success, version: HTTP/1.1)
HTTP/1.1 200 OK
Content-Type: application/json; charset=utf-8
cache-control: no-cache
content-length: 88

[DEBUG] Adding key: http://localhost:44090 for channel [id: 0xd1d86906, L:/127.0.0.1:54062 - R:localhost/127.0.0.1:44090]
[DEBUG] Using pooled Channel '[id: 0xd1d86906, L:/127.0.0.1:54062 - R:localhost/127.0.0.1:44090]' for 'GET' to 'http://localhost:44090/session/67c054285278ccd4a59a3c8625af4372/element/89f727b7-e6cb-41ef-a03b-e81350ff0d23/text'
[DEBUG] Using open Channel [id: 0xd1d86906, L:/127.0.0.1:54062 - R:localhost/127.0.0.1:44090] for GET '/session/67c054285278ccd4a59a3c8625af4372/element/89f727b7-e6cb-41ef-a03b-e81350ff0d23/text'
[DEBUG] 

Request DefaultFullHttpRequest(decodeResult: success, version: HTTP/1.1, content: EmptyByteBufBE)
GET /session/67c054285278ccd4a59a3c8625af4372/element/89f727b7-e6cb-41ef-a03b-e81350ff0d23/text HTTP/1.1
User-Agent: selenium/4.6.0 (java windows)
Cache-Control: no-cache
Content-Type: application/json; charset=utf-8
host: localhost:44090
accept: */*

Response DefaultHttpResponse(decodeResult: success, version: HTTP/1.1)
HTTP/1.1 200 OK
Content-Type: application/json; charset=utf-8
cache-control: no-cache
content-length: 23

[DEBUG] Adding key: http://localhost:44090 for channel [id: 0xd1d86906, L:/127.0.0.1:54062 - R:localhost/127.0.0.1:44090]
[DEBUG] Using pooled Channel '[id: 0xd1d86906, L:/127.0.0.1:54062 - R:localhost/127.0.0.1:44090]' for 'POST' to 'http://localhost:44090/session/67c054285278ccd4a59a3c8625af4372/element'
[DEBUG] Using open Channel [id: 0xd1d86906, L:/127.0.0.1:54062 - R:localhost/127.0.0.1:44090] for POST '/session/67c054285278ccd4a59a3c8625af4372/element'
[DEBUG] 

Request DefaultHttpRequest(decodeResult: success, version: HTTP/1.1)
POST /session/67c054285278ccd4a59a3c8625af4372/element HTTP/1.1
User-Agent: selenium/4.6.0 (java windows)
Content-Length: 128
Content-Type: application/json; charset=utf-8
host: localhost:44090
accept: */*

Response DefaultHttpResponse(decodeResult: success, version: HTTP/1.1)
HTTP/1.1 200 OK
Content-Type: application/json; charset=utf-8
cache-control: no-cache
content-length: 88

[DEBUG] Adding key: http://localhost:44090 for channel [id: 0xd1d86906, L:/127.0.0.1:54062 - R:localhost/127.0.0.1:44090]
[DEBUG] Using pooled Channel '[id: 0xd1d86906, L:/127.0.0.1:54062 - R:localhost/127.0.0.1:44090]' for 'GET' to 'http://localhost:44090/session/67c054285278ccd4a59a3c8625af4372/element/53851077-23f0-4780-b7ca-8ca40243997c/text'
[DEBUG] Using open Channel [id: 0xd1d86906, L:/127.0.0.1:54062 - R:localhost/127.0.0.1:44090] for GET '/session/67c054285278ccd4a59a3c8625af4372/element/53851077-23f0-4780-b7ca-8ca40243997c/text'
[DEBUG] 

Request DefaultFullHttpRequest(decodeResult: success, version: HTTP/1.1, content: EmptyByteBufBE)
GET /session/67c054285278ccd4a59a3c8625af4372/element/53851077-23f0-4780-b7ca-8ca40243997c/text HTTP/1.1
User-Agent: selenium/4.6.0 (java windows)
Cache-Control: no-cache
Content-Type: application/json; charset=utf-8
host: localhost:44090
accept: */*

Response DefaultHttpResponse(decodeResult: success, version: HTTP/1.1)
HTTP/1.1 200 OK
Content-Type: application/json; charset=utf-8
cache-control: no-cache
content-length: 18

[DEBUG] Adding key: http://localhost:44090 for channel [id: 0xd1d86906, L:/127.0.0.1:54062 - R:localhost/127.0.0.1:44090]
[DEBUG] Using pooled Channel '[id: 0xd1d86906, L:/127.0.0.1:54062 - R:localhost/127.0.0.1:44090]' for 'POST' to 'http://localhost:44090/session/67c054285278ccd4a59a3c8625af4372/element'
[DEBUG] Using open Channel [id: 0xd1d86906, L:/127.0.0.1:54062 - R:localhost/127.0.0.1:44090] for POST '/session/67c054285278ccd4a59a3c8625af4372/element'
[DEBUG] 

Request DefaultHttpRequest(decodeResult: success, version: HTTP/1.1)
POST /session/67c054285278ccd4a59a3c8625af4372/element HTTP/1.1
User-Agent: selenium/4.6.0 (java windows)
Content-Length: 128
Content-Type: application/json; charset=utf-8
host: localhost:44090
accept: */*

Response DefaultHttpResponse(decodeResult: success, version: HTTP/1.1)
HTTP/1.1 200 OK
Content-Type: application/json; charset=utf-8
cache-control: no-cache
content-length: 88

[DEBUG] Adding key: http://localhost:44090 for channel [id: 0xd1d86906, L:/127.0.0.1:54062 - R:localhost/127.0.0.1:44090]
[DEBUG] Using pooled Channel '[id: 0xd1d86906, L:/127.0.0.1:54062 - R:localhost/127.0.0.1:44090]' for 'GET' to 'http://localhost:44090/session/67c054285278ccd4a59a3c8625af4372/element/d22a0deb-5130-4c4c-a299-09b2bd137ec4/text'
[DEBUG] Using open Channel [id: 0xd1d86906, L:/127.0.0.1:54062 - R:localhost/127.0.0.1:44090] for GET '/session/67c054285278ccd4a59a3c8625af4372/element/d22a0deb-5130-4c4c-a299-09b2bd137ec4/text'
[DEBUG] 

Request DefaultFullHttpRequest(decodeResult: success, version: HTTP/1.1, content: EmptyByteBufBE)
GET /session/67c054285278ccd4a59a3c8625af4372/element/d22a0deb-5130-4c4c-a299-09b2bd137ec4/text HTTP/1.1
User-Agent: selenium/4.6.0 (java windows)
Cache-Control: no-cache
Content-Type: application/json; charset=utf-8
host: localhost:44090
accept: */*

Response DefaultHttpResponse(decodeResult: success, version: HTTP/1.1)
HTTP/1.1 200 OK
Content-Type: application/json; charset=utf-8
cache-control: no-cache
content-length: 40

[DEBUG] Adding key: http://localhost:44090 for channel [id: 0xd1d86906, L:/127.0.0.1:54062 - R:localhost/127.0.0.1:44090]
[DEBUG] Using pooled Channel '[id: 0xd1d86906, L:/127.0.0.1:54062 - R:localhost/127.0.0.1:44090]' for 'POST' to 'http://localhost:44090/session/67c054285278ccd4a59a3c8625af4372/element'
[DEBUG] Using open Channel [id: 0xd1d86906, L:/127.0.0.1:54062 - R:localhost/127.0.0.1:44090] for POST '/session/67c054285278ccd4a59a3c8625af4372/element'
[DEBUG] 

Request DefaultHttpRequest(decodeResult: success, version: HTTP/1.1)
POST /session/67c054285278ccd4a59a3c8625af4372/element HTTP/1.1
User-Agent: selenium/4.6.0 (java windows)
Content-Length: 128
Content-Type: application/json; charset=utf-8
host: localhost:44090
accept: */*

Response DefaultHttpResponse(decodeResult: success, version: HTTP/1.1)
HTTP/1.1 200 OK
Content-Type: application/json; charset=utf-8
cache-control: no-cache
content-length: 88

[DEBUG] Adding key: http://localhost:44090 for channel [id: 0xd1d86906, L:/127.0.0.1:54062 - R:localhost/127.0.0.1:44090]
[DEBUG] Using pooled Channel '[id: 0xd1d86906, L:/127.0.0.1:54062 - R:localhost/127.0.0.1:44090]' for 'GET' to 'http://localhost:44090/session/67c054285278ccd4a59a3c8625af4372/element/1919ad03-8ba8-4ba1-9621-b2c8ec869abd/text'
[DEBUG] Using open Channel [id: 0xd1d86906, L:/127.0.0.1:54062 - R:localhost/127.0.0.1:44090] for GET '/session/67c054285278ccd4a59a3c8625af4372/element/1919ad03-8ba8-4ba1-9621-b2c8ec869abd/text'
[DEBUG] 

Request DefaultFullHttpRequest(decodeResult: success, version: HTTP/1.1, content: EmptyByteBufBE)
GET /session/67c054285278ccd4a59a3c8625af4372/element/1919ad03-8ba8-4ba1-9621-b2c8ec869abd/text HTTP/1.1
User-Agent: selenium/4.6.0 (java windows)
Cache-Control: no-cache
Content-Type: application/json; charset=utf-8
host: localhost:44090
accept: */*

Response DefaultHttpResponse(decodeResult: success, version: HTTP/1.1)
HTTP/1.1 200 OK
Content-Type: application/json; charset=utf-8
cache-control: no-cache
content-length: 28

[DEBUG] Adding key: http://localhost:44090 for channel [id: 0xd1d86906, L:/127.0.0.1:54062 - R:localhost/127.0.0.1:44090]
[DEBUG] Using pooled Channel '[id: 0xd1d86906, L:/127.0.0.1:54062 - R:localhost/127.0.0.1:44090]' for 'POST' to 'http://localhost:44090/session/67c054285278ccd4a59a3c8625af4372/element'
[DEBUG] Using open Channel [id: 0xd1d86906, L:/127.0.0.1:54062 - R:localhost/127.0.0.1:44090] for POST '/session/67c054285278ccd4a59a3c8625af4372/element'
[DEBUG] 

Request DefaultHttpRequest(decodeResult: success, version: HTTP/1.1)
POST /session/67c054285278ccd4a59a3c8625af4372/element HTTP/1.1
User-Agent: selenium/4.6.0 (java windows)
Content-Length: 128
Content-Type: application/json; charset=utf-8
host: localhost:44090
accept: */*

Response DefaultHttpResponse(decodeResult: success, version: HTTP/1.1)
HTTP/1.1 200 OK
Content-Type: application/json; charset=utf-8
cache-control: no-cache
content-length: 88

[DEBUG] Adding key: http://localhost:44090 for channel [id: 0xd1d86906, L:/127.0.0.1:54062 - R:localhost/127.0.0.1:44090]
[DEBUG] Using pooled Channel '[id: 0xd1d86906, L:/127.0.0.1:54062 - R:localhost/127.0.0.1:44090]' for 'GET' to 'http://localhost:44090/session/67c054285278ccd4a59a3c8625af4372/element/979fd2ec-a903-4efa-beb6-f78b3947cd71/text'
[DEBUG] Using open Channel [id: 0xd1d86906, L:/127.0.0.1:54062 - R:localhost/127.0.0.1:44090] for GET '/session/67c054285278ccd4a59a3c8625af4372/element/979fd2ec-a903-4efa-beb6-f78b3947cd71/text'
[DEBUG] 

Request DefaultFullHttpRequest(decodeResult: success, version: HTTP/1.1, content: EmptyByteBufBE)
GET /session/67c054285278ccd4a59a3c8625af4372/element/979fd2ec-a903-4efa-beb6-f78b3947cd71/text HTTP/1.1
User-Agent: selenium/4.6.0 (java windows)
Cache-Control: no-cache
Content-Type: application/json; charset=utf-8
host: localhost:44090
accept: */*

Response DefaultHttpResponse(decodeResult: success, version: HTTP/1.1)
HTTP/1.1 200 OK
Content-Type: application/json; charset=utf-8
cache-control: no-cache
content-length: 23

[DEBUG] Adding key: http://localhost:44090 for channel [id: 0xd1d86906, L:/127.0.0.1:54062 - R:localhost/127.0.0.1:44090]
[DEBUG] Using pooled Channel '[id: 0xd1d86906, L:/127.0.0.1:54062 - R:localhost/127.0.0.1:44090]' for 'POST' to 'http://localhost:44090/session/67c054285278ccd4a59a3c8625af4372/element'
[DEBUG] Using open Channel [id: 0xd1d86906, L:/127.0.0.1:54062 - R:localhost/127.0.0.1:44090] for POST '/session/67c054285278ccd4a59a3c8625af4372/element'
[DEBUG] 

Request DefaultHttpRequest(decodeResult: success, version: HTTP/1.1)
POST /session/67c054285278ccd4a59a3c8625af4372/element HTTP/1.1
User-Agent: selenium/4.6.0 (java windows)
Content-Length: 128
Content-Type: application/json; charset=utf-8
host: localhost:44090
accept: */*

Response DefaultHttpResponse(decodeResult: success, version: HTTP/1.1)
HTTP/1.1 200 OK
Content-Type: application/json; charset=utf-8
cache-control: no-cache
content-length: 88

[DEBUG] Adding key: http://localhost:44090 for channel [id: 0xd1d86906, L:/127.0.0.1:54062 - R:localhost/127.0.0.1:44090]
[DEBUG] Using pooled Channel '[id: 0xd1d86906, L:/127.0.0.1:54062 - R:localhost/127.0.0.1:44090]' for 'GET' to 'http://localhost:44090/session/67c054285278ccd4a59a3c8625af4372/element/7bbab6e2-44ee-4c4a-a921-9a265a28381c/text'
[DEBUG] Using open Channel [id: 0xd1d86906, L:/127.0.0.1:54062 - R:localhost/127.0.0.1:44090] for GET '/session/67c054285278ccd4a59a3c8625af4372/element/7bbab6e2-44ee-4c4a-a921-9a265a28381c/text'
[DEBUG] 

Request DefaultFullHttpRequest(decodeResult: success, version: HTTP/1.1, content: EmptyByteBufBE)
GET /session/67c054285278ccd4a59a3c8625af4372/element/7bbab6e2-44ee-4c4a-a921-9a265a28381c/text HTTP/1.1
User-Agent: selenium/4.6.0 (java windows)
Cache-Control: no-cache
Content-Type: application/json; charset=utf-8
host: localhost:44090
accept: */*

Response DefaultHttpResponse(decodeResult: success, version: HTTP/1.1)
HTTP/1.1 200 OK
Content-Type: application/json; charset=utf-8
cache-control: no-cache
content-length: 19

[DEBUG] Adding key: http://localhost:44090 for channel [id: 0xd1d86906, L:/127.0.0.1:54062 - R:localhost/127.0.0.1:44090]
[DEBUG] Using pooled Channel '[id: 0xd1d86906, L:/127.0.0.1:54062 - R:localhost/127.0.0.1:44090]' for 'POST' to 'http://localhost:44090/session/67c054285278ccd4a59a3c8625af4372/element'
[DEBUG] Using open Channel [id: 0xd1d86906, L:/127.0.0.1:54062 - R:localhost/127.0.0.1:44090] for POST '/session/67c054285278ccd4a59a3c8625af4372/element'
[DEBUG] 

Request DefaultHttpRequest(decodeResult: success, version: HTTP/1.1)
POST /session/67c054285278ccd4a59a3c8625af4372/element HTTP/1.1
User-Agent: selenium/4.6.0 (java windows)
Content-Length: 128
Content-Type: application/json; charset=utf-8
host: localhost:44090
accept: */*

Response DefaultHttpResponse(decodeResult: success, version: HTTP/1.1)
HTTP/1.1 200 OK
Content-Type: application/json; charset=utf-8
cache-control: no-cache
content-length: 88

[DEBUG] Adding key: http://localhost:44090 for channel [id: 0xd1d86906, L:/127.0.0.1:54062 - R:localhost/127.0.0.1:44090]
[DEBUG] Using pooled Channel '[id: 0xd1d86906, L:/127.0.0.1:54062 - R:localhost/127.0.0.1:44090]' for 'GET' to 'http://localhost:44090/session/67c054285278ccd4a59a3c8625af4372/element/1cb87b14-77cb-41cd-856a-626515956b10/text'
[DEBUG] Using open Channel [id: 0xd1d86906, L:/127.0.0.1:54062 - R:localhost/127.0.0.1:44090] for GET '/session/67c054285278ccd4a59a3c8625af4372/element/1cb87b14-77cb-41cd-856a-626515956b10/text'
[DEBUG] 

Request DefaultFullHttpRequest(decodeResult: success, version: HTTP/1.1, content: EmptyByteBufBE)
GET /session/67c054285278ccd4a59a3c8625af4372/element/1cb87b14-77cb-41cd-856a-626515956b10/text HTTP/1.1
User-Agent: selenium/4.6.0 (java windows)
Cache-Control: no-cache
Content-Type: application/json; charset=utf-8
host: localhost:44090
accept: */*

Response DefaultHttpResponse(decodeResult: success, version: HTTP/1.1)
HTTP/1.1 200 OK
Content-Type: application/json; charset=utf-8
cache-control: no-cache
content-length: 54

[DEBUG] Adding key: http://localhost:44090 for channel [id: 0xd1d86906, L:/127.0.0.1:54062 - R:localhost/127.0.0.1:44090]
[DEBUG] Using pooled Channel '[id: 0xd1d86906, L:/127.0.0.1:54062 - R:localhost/127.0.0.1:44090]' for 'POST' to 'http://localhost:44090/session/67c054285278ccd4a59a3c8625af4372/element'
[DEBUG] Using open Channel [id: 0xd1d86906, L:/127.0.0.1:54062 - R:localhost/127.0.0.1:44090] for POST '/session/67c054285278ccd4a59a3c8625af4372/element'
[DEBUG] 

Request DefaultHttpRequest(decodeResult: success, version: HTTP/1.1)
POST /session/67c054285278ccd4a59a3c8625af4372/element HTTP/1.1
User-Agent: selenium/4.6.0 (java windows)
Content-Length: 128
Content-Type: application/json; charset=utf-8
host: localhost:44090
accept: */*

Response DefaultHttpResponse(decodeResult: success, version: HTTP/1.1)
HTTP/1.1 200 OK
Content-Type: application/json; charset=utf-8
cache-control: no-cache
content-length: 88

[DEBUG] Adding key: http://localhost:44090 for channel [id: 0xd1d86906, L:/127.0.0.1:54062 - R:localhost/127.0.0.1:44090]
[DEBUG] Using pooled Channel '[id: 0xd1d86906, L:/127.0.0.1:54062 - R:localhost/127.0.0.1:44090]' for 'GET' to 'http://localhost:44090/session/67c054285278ccd4a59a3c8625af4372/element/769b3997-db56-4fbf-8845-51ad3b9d9e65/text'
[DEBUG] Using open Channel [id: 0xd1d86906, L:/127.0.0.1:54062 - R:localhost/127.0.0.1:44090] for GET '/session/67c054285278ccd4a59a3c8625af4372/element/769b3997-db56-4fbf-8845-51ad3b9d9e65/text'
[DEBUG] 

Request DefaultFullHttpRequest(decodeResult: success, version: HTTP/1.1, content: EmptyByteBufBE)
GET /session/67c054285278ccd4a59a3c8625af4372/element/769b3997-db56-4fbf-8845-51ad3b9d9e65/text HTTP/1.1
User-Agent: selenium/4.6.0 (java windows)
Cache-Control: no-cache
Content-Type: application/json; charset=utf-8
host: localhost:44090
accept: */*

Response DefaultHttpResponse(decodeResult: success, version: HTTP/1.1)
HTTP/1.1 200 OK
Content-Type: application/json; charset=utf-8
cache-control: no-cache
content-length: 28

[DEBUG] Adding key: http://localhost:44090 for channel [id: 0xd1d86906, L:/127.0.0.1:54062 - R:localhost/127.0.0.1:44090]
[DEBUG] Using pooled Channel '[id: 0xd1d86906, L:/127.0.0.1:54062 - R:localhost/127.0.0.1:44090]' for 'POST' to 'http://localhost:44090/session/67c054285278ccd4a59a3c8625af4372/element'
[DEBUG] Using open Channel [id: 0xd1d86906, L:/127.0.0.1:54062 - R:localhost/127.0.0.1:44090] for POST '/session/67c054285278ccd4a59a3c8625af4372/element'
[DEBUG] 

Request DefaultHttpRequest(decodeResult: success, version: HTTP/1.1)
POST /session/67c054285278ccd4a59a3c8625af4372/element HTTP/1.1
User-Agent: selenium/4.6.0 (java windows)
Content-Length: 128
Content-Type: application/json; charset=utf-8
host: localhost:44090
accept: */*

Response DefaultHttpResponse(decodeResult: success, version: HTTP/1.1)
HTTP/1.1 200 OK
Content-Type: application/json; charset=utf-8
cache-control: no-cache
content-length: 88

[DEBUG] Adding key: http://localhost:44090 for channel [id: 0xd1d86906, L:/127.0.0.1:54062 - R:localhost/127.0.0.1:44090]
[DEBUG] Using pooled Channel '[id: 0xd1d86906, L:/127.0.0.1:54062 - R:localhost/127.0.0.1:44090]' for 'GET' to 'http://localhost:44090/session/67c054285278ccd4a59a3c8625af4372/element/69ddcc08-8de3-434f-a382-7fc2a658d25c/text'
[DEBUG] Using open Channel [id: 0xd1d86906, L:/127.0.0.1:54062 - R:localhost/127.0.0.1:44090] for GET '/session/67c054285278ccd4a59a3c8625af4372/element/69ddcc08-8de3-434f-a382-7fc2a658d25c/text'
[DEBUG] 

Request DefaultFullHttpRequest(decodeResult: success, version: HTTP/1.1, content: EmptyByteBufBE)
GET /session/67c054285278ccd4a59a3c8625af4372/element/69ddcc08-8de3-434f-a382-7fc2a658d25c/text HTTP/1.1
User-Agent: selenium/4.6.0 (java windows)
Cache-Control: no-cache
Content-Type: application/json; charset=utf-8
host: localhost:44090
accept: */*

Response DefaultHttpResponse(decodeResult: success, version: HTTP/1.1)
HTTP/1.1 200 OK
Content-Type: application/json; charset=utf-8
cache-control: no-cache
content-length: 23

[DEBUG] Adding key: http://localhost:44090 for channel [id: 0xd1d86906, L:/127.0.0.1:54062 - R:localhost/127.0.0.1:44090]
[DEBUG] Using pooled Channel '[id: 0xd1d86906, L:/127.0.0.1:54062 - R:localhost/127.0.0.1:44090]' for 'POST' to 'http://localhost:44090/session/67c054285278ccd4a59a3c8625af4372/element'
[DEBUG] Using open Channel [id: 0xd1d86906, L:/127.0.0.1:54062 - R:localhost/127.0.0.1:44090] for POST '/session/67c054285278ccd4a59a3c8625af4372/element'
[DEBUG] 

Request DefaultHttpRequest(decodeResult: success, version: HTTP/1.1)
POST /session/67c054285278ccd4a59a3c8625af4372/element HTTP/1.1
User-Agent: selenium/4.6.0 (java windows)
Content-Length: 128
Content-Type: application/json; charset=utf-8
host: localhost:44090
accept: */*

Response DefaultHttpResponse(decodeResult: success, version: HTTP/1.1)
HTTP/1.1 200 OK
Content-Type: application/json; charset=utf-8
cache-control: no-cache
content-length: 88

[DEBUG] Adding key: http://localhost:44090 for channel [id: 0xd1d86906, L:/127.0.0.1:54062 - R:localhost/127.0.0.1:44090]
[DEBUG] Using pooled Channel '[id: 0xd1d86906, L:/127.0.0.1:54062 - R:localhost/127.0.0.1:44090]' for 'GET' to 'http://localhost:44090/session/67c054285278ccd4a59a3c8625af4372/element/2f3080d4-91d7-4aa6-9987-5b8b8a5dc3ca/text'
[DEBUG] Using open Channel [id: 0xd1d86906, L:/127.0.0.1:54062 - R:localhost/127.0.0.1:44090] for GET '/session/67c054285278ccd4a59a3c8625af4372/element/2f3080d4-91d7-4aa6-9987-5b8b8a5dc3ca/text'
[DEBUG] 

Request DefaultFullHttpRequest(decodeResult: success, version: HTTP/1.1, content: EmptyByteBufBE)
GET /session/67c054285278ccd4a59a3c8625af4372/element/2f3080d4-91d7-4aa6-9987-5b8b8a5dc3ca/text HTTP/1.1
User-Agent: selenium/4.6.0 (java windows)
Cache-Control: no-cache
Content-Type: application/json; charset=utf-8
host: localhost:44090
accept: */*

Response DefaultHttpResponse(decodeResult: success, version: HTTP/1.1)
HTTP/1.1 200 OK
Content-Type: application/json; charset=utf-8
cache-control: no-cache
content-length: 21

[DEBUG] Adding key: http://localhost:44090 for channel [id: 0xd1d86906, L:/127.0.0.1:54062 - R:localhost/127.0.0.1:44090]
[DEBUG] Using pooled Channel '[id: 0xd1d86906, L:/127.0.0.1:54062 - R:localhost/127.0.0.1:44090]' for 'POST' to 'http://localhost:44090/session/67c054285278ccd4a59a3c8625af4372/element'
[DEBUG] Using open Channel [id: 0xd1d86906, L:/127.0.0.1:54062 - R:localhost/127.0.0.1:44090] for POST '/session/67c054285278ccd4a59a3c8625af4372/element'
[DEBUG] 

Request DefaultHttpRequest(decodeResult: success, version: HTTP/1.1)
POST /session/67c054285278ccd4a59a3c8625af4372/element HTTP/1.1
User-Agent: selenium/4.6.0 (java windows)
Content-Length: 128
Content-Type: application/json; charset=utf-8
host: localhost:44090
accept: */*

Response DefaultHttpResponse(decodeResult: success, version: HTTP/1.1)
HTTP/1.1 200 OK
Content-Type: application/json; charset=utf-8
cache-control: no-cache
content-length: 88

[DEBUG] Adding key: http://localhost:44090 for channel [id: 0xd1d86906, L:/127.0.0.1:54062 - R:localhost/127.0.0.1:44090]
[DEBUG] Using pooled Channel '[id: 0xd1d86906, L:/127.0.0.1:54062 - R:localhost/127.0.0.1:44090]' for 'GET' to 'http://localhost:44090/session/67c054285278ccd4a59a3c8625af4372/element/c5857bff-e5b6-4e72-a462-57dc40115267/text'
[DEBUG] Using open Channel [id: 0xd1d86906, L:/127.0.0.1:54062 - R:localhost/127.0.0.1:44090] for GET '/session/67c054285278ccd4a59a3c8625af4372/element/c5857bff-e5b6-4e72-a462-57dc40115267/text'
[DEBUG] 

Request DefaultFullHttpRequest(decodeResult: success, version: HTTP/1.1, content: EmptyByteBufBE)
GET /session/67c054285278ccd4a59a3c8625af4372/element/c5857bff-e5b6-4e72-a462-57dc40115267/text HTTP/1.1
User-Agent: selenium/4.6.0 (java windows)
Cache-Control: no-cache
Content-Type: application/json; charset=utf-8
host: localhost:44090
accept: */*

Response DefaultHttpResponse(decodeResult: success, version: HTTP/1.1)
HTTP/1.1 200 OK
Content-Type: application/json; charset=utf-8
cache-control: no-cache
content-length: 39

[DEBUG] Adding key: http://localhost:44090 for channel [id: 0xd1d86906, L:/127.0.0.1:54062 - R:localhost/127.0.0.1:44090]
[DEBUG] Using pooled Channel '[id: 0xd1d86906, L:/127.0.0.1:54062 - R:localhost/127.0.0.1:44090]' for 'POST' to 'http://localhost:44090/session/67c054285278ccd4a59a3c8625af4372/element'
[DEBUG] Using open Channel [id: 0xd1d86906, L:/127.0.0.1:54062 - R:localhost/127.0.0.1:44090] for POST '/session/67c054285278ccd4a59a3c8625af4372/element'
[DEBUG] 

Request DefaultHttpRequest(decodeResult: success, version: HTTP/1.1)
POST /session/67c054285278ccd4a59a3c8625af4372/element HTTP/1.1
User-Agent: selenium/4.6.0 (java windows)
Content-Length: 128
Content-Type: application/json; charset=utf-8
host: localhost:44090
accept: */*

Response DefaultHttpResponse(decodeResult: success, version: HTTP/1.1)
HTTP/1.1 200 OK
Content-Type: application/json; charset=utf-8
cache-control: no-cache
content-length: 88

[DEBUG] Adding key: http://localhost:44090 for channel [id: 0xd1d86906, L:/127.0.0.1:54062 - R:localhost/127.0.0.1:44090]
[DEBUG] Using pooled Channel '[id: 0xd1d86906, L:/127.0.0.1:54062 - R:localhost/127.0.0.1:44090]' for 'GET' to 'http://localhost:44090/session/67c054285278ccd4a59a3c8625af4372/element/20b67aac-e5f2-4253-a2cb-5bd51e9f30a5/text'
[DEBUG] Using open Channel [id: 0xd1d86906, L:/127.0.0.1:54062 - R:localhost/127.0.0.1:44090] for GET '/session/67c054285278ccd4a59a3c8625af4372/element/20b67aac-e5f2-4253-a2cb-5bd51e9f30a5/text'
[DEBUG] 

Request DefaultFullHttpRequest(decodeResult: success, version: HTTP/1.1, content: EmptyByteBufBE)
GET /session/67c054285278ccd4a59a3c8625af4372/element/20b67aac-e5f2-4253-a2cb-5bd51e9f30a5/text HTTP/1.1
User-Agent: selenium/4.6.0 (java windows)
Cache-Control: no-cache
Content-Type: application/json; charset=utf-8
host: localhost:44090
accept: */*

Response DefaultHttpResponse(decodeResult: success, version: HTTP/1.1)
HTTP/1.1 200 OK
Content-Type: application/json; charset=utf-8
cache-control: no-cache
content-length: 28

[DEBUG] Adding key: http://localhost:44090 for channel [id: 0xd1d86906, L:/127.0.0.1:54062 - R:localhost/127.0.0.1:44090]
[DEBUG] Using pooled Channel '[id: 0xd1d86906, L:/127.0.0.1:54062 - R:localhost/127.0.0.1:44090]' for 'POST' to 'http://localhost:44090/session/67c054285278ccd4a59a3c8625af4372/element'
[DEBUG] Using open Channel [id: 0xd1d86906, L:/127.0.0.1:54062 - R:localhost/127.0.0.1:44090] for POST '/session/67c054285278ccd4a59a3c8625af4372/element'
[DEBUG] 

Request DefaultHttpRequest(decodeResult: success, version: HTTP/1.1)
POST /session/67c054285278ccd4a59a3c8625af4372/element HTTP/1.1
User-Agent: selenium/4.6.0 (java windows)
Content-Length: 129
Content-Type: application/json; charset=utf-8
host: localhost:44090
accept: */*

Response DefaultHttpResponse(decodeResult: success, version: HTTP/1.1)
HTTP/1.1 200 OK
Content-Type: application/json; charset=utf-8
cache-control: no-cache
content-length: 88

[DEBUG] Adding key: http://localhost:44090 for channel [id: 0xd1d86906, L:/127.0.0.1:54062 - R:localhost/127.0.0.1:44090]
[DEBUG] Using pooled Channel '[id: 0xd1d86906, L:/127.0.0.1:54062 - R:localhost/127.0.0.1:44090]' for 'GET' to 'http://localhost:44090/session/67c054285278ccd4a59a3c8625af4372/element/74f6a4cf-3e9c-4f32-92ad-19eb0a793757/text'
[DEBUG] Using open Channel [id: 0xd1d86906, L:/127.0.0.1:54062 - R:localhost/127.0.0.1:44090] for GET '/session/67c054285278ccd4a59a3c8625af4372/element/74f6a4cf-3e9c-4f32-92ad-19eb0a793757/text'
[DEBUG] 

Request DefaultFullHttpRequest(decodeResult: success, version: HTTP/1.1, content: EmptyByteBufBE)
GET /session/67c054285278ccd4a59a3c8625af4372/element/74f6a4cf-3e9c-4f32-92ad-19eb0a793757/text HTTP/1.1
User-Agent: selenium/4.6.0 (java windows)
Cache-Control: no-cache
Content-Type: application/json; charset=utf-8
host: localhost:44090
accept: */*

Response DefaultHttpResponse(decodeResult: success, version: HTTP/1.1)
HTTP/1.1 200 OK
Content-Type: application/json; charset=utf-8
cache-control: no-cache
content-length: 23

[DEBUG] Adding key: http://localhost:44090 for channel [id: 0xd1d86906, L:/127.0.0.1:54062 - R:localhost/127.0.0.1:44090]
[DEBUG] Using pooled Channel '[id: 0xd1d86906, L:/127.0.0.1:54062 - R:localhost/127.0.0.1:44090]' for 'POST' to 'http://localhost:44090/session/67c054285278ccd4a59a3c8625af4372/element'
[DEBUG] Using open Channel [id: 0xd1d86906, L:/127.0.0.1:54062 - R:localhost/127.0.0.1:44090] for POST '/session/67c054285278ccd4a59a3c8625af4372/element'
[DEBUG] 

Request DefaultHttpRequest(decodeResult: success, version: HTTP/1.1)
POST /session/67c054285278ccd4a59a3c8625af4372/element HTTP/1.1
User-Agent: selenium/4.6.0 (java windows)
Content-Length: 129
Content-Type: application/json; charset=utf-8
host: localhost:44090
accept: */*

Response DefaultHttpResponse(decodeResult: success, version: HTTP/1.1)
HTTP/1.1 200 OK
Content-Type: application/json; charset=utf-8
cache-control: no-cache
content-length: 88

[DEBUG] Adding key: http://localhost:44090 for channel [id: 0xd1d86906, L:/127.0.0.1:54062 - R:localhost/127.0.0.1:44090]
[DEBUG] Using pooled Channel '[id: 0xd1d86906, L:/127.0.0.1:54062 - R:localhost/127.0.0.1:44090]' for 'GET' to 'http://localhost:44090/session/67c054285278ccd4a59a3c8625af4372/element/de815450-5375-4e15-87ef-96eb481b1a77/text'
[DEBUG] Using open Channel [id: 0xd1d86906, L:/127.0.0.1:54062 - R:localhost/127.0.0.1:44090] for GET '/session/67c054285278ccd4a59a3c8625af4372/element/de815450-5375-4e15-87ef-96eb481b1a77/text'
[DEBUG] Entry count for : http://localhost:54065 : 1
[DEBUG] 

Request DefaultFullHttpRequest(decodeResult: success, version: HTTP/1.1, content: EmptyByteBufBE)
GET /session/67c054285278ccd4a59a3c8625af4372/element/de815450-5375-4e15-87ef-96eb481b1a77/text HTTP/1.1
User-Agent: selenium/4.6.0 (java windows)
Cache-Control: no-cache
Content-Type: application/json; charset=utf-8
host: localhost:44090
accept: */*

Response DefaultHttpResponse(decodeResult: success, version: HTTP/1.1)
HTTP/1.1 200 OK
Content-Type: application/json; charset=utf-8
cache-control: no-cache
content-length: 18

[DEBUG] Adding key: http://localhost:44090 for channel [id: 0xd1d86906, L:/127.0.0.1:54062 - R:localhost/127.0.0.1:44090]
[DEBUG] Using pooled Channel '[id: 0xd1d86906, L:/127.0.0.1:54062 - R:localhost/127.0.0.1:44090]' for 'POST' to 'http://localhost:44090/session/67c054285278ccd4a59a3c8625af4372/element'
[DEBUG] Using open Channel [id: 0xd1d86906, L:/127.0.0.1:54062 - R:localhost/127.0.0.1:44090] for POST '/session/67c054285278ccd4a59a3c8625af4372/element'
[DEBUG] 

Request DefaultHttpRequest(decodeResult: success, version: HTTP/1.1)
POST /session/67c054285278ccd4a59a3c8625af4372/element HTTP/1.1
User-Agent: selenium/4.6.0 (java windows)
Content-Length: 129
Content-Type: application/json; charset=utf-8
host: localhost:44090
accept: */*

Response DefaultHttpResponse(decodeResult: success, version: HTTP/1.1)
HTTP/1.1 200 OK
Content-Type: application/json; charset=utf-8
cache-control: no-cache
content-length: 88

[DEBUG] Adding key: http://localhost:44090 for channel [id: 0xd1d86906, L:/127.0.0.1:54062 - R:localhost/127.0.0.1:44090]
[DEBUG] Using pooled Channel '[id: 0xd1d86906, L:/127.0.0.1:54062 - R:localhost/127.0.0.1:44090]' for 'GET' to 'http://localhost:44090/session/67c054285278ccd4a59a3c8625af4372/element/1a1059ec-f5fc-478d-82cb-d062cb8e269a/text'
[DEBUG] Using open Channel [id: 0xd1d86906, L:/127.0.0.1:54062 - R:localhost/127.0.0.1:44090] for GET '/session/67c054285278ccd4a59a3c8625af4372/element/1a1059ec-f5fc-478d-82cb-d062cb8e269a/text'
[DEBUG] 

Request DefaultFullHttpRequest(decodeResult: success, version: HTTP/1.1, content: EmptyByteBufBE)
GET /session/67c054285278ccd4a59a3c8625af4372/element/1a1059ec-f5fc-478d-82cb-d062cb8e269a/text HTTP/1.1
User-Agent: selenium/4.6.0 (java windows)
Cache-Control: no-cache
Content-Type: application/json; charset=utf-8
host: localhost:44090
accept: */*

Response DefaultHttpResponse(decodeResult: success, version: HTTP/1.1)
HTTP/1.1 200 OK
Content-Type: application/json; charset=utf-8
cache-control: no-cache
content-length: 23

[DEBUG] Adding key: http://localhost:44090 for channel [id: 0xd1d86906, L:/127.0.0.1:54062 - R:localhost/127.0.0.1:44090]
[DEBUG] Using pooled Channel '[id: 0xd1d86906, L:/127.0.0.1:54062 - R:localhost/127.0.0.1:44090]' for 'POST' to 'http://localhost:44090/session/67c054285278ccd4a59a3c8625af4372/element'
[DEBUG] Using open Channel [id: 0xd1d86906, L:/127.0.0.1:54062 - R:localhost/127.0.0.1:44090] for POST '/session/67c054285278ccd4a59a3c8625af4372/element'
[DEBUG] 

Request DefaultHttpRequest(decodeResult: success, version: HTTP/1.1)
POST /session/67c054285278ccd4a59a3c8625af4372/element HTTP/1.1
User-Agent: selenium/4.6.0 (java windows)
Content-Length: 129
Content-Type: application/json; charset=utf-8
host: localhost:44090
accept: */*

Response DefaultHttpResponse(decodeResult: success, version: HTTP/1.1)
HTTP/1.1 200 OK
Content-Type: application/json; charset=utf-8
cache-control: no-cache
content-length: 88

[DEBUG] Adding key: http://localhost:44090 for channel [id: 0xd1d86906, L:/127.0.0.1:54062 - R:localhost/127.0.0.1:44090]
[DEBUG] Using pooled Channel '[id: 0xd1d86906, L:/127.0.0.1:54062 - R:localhost/127.0.0.1:44090]' for 'GET' to 'http://localhost:44090/session/67c054285278ccd4a59a3c8625af4372/element/dd87f534-db2b-41f4-b071-0e461d9bd9d6/text'
[DEBUG] Using open Channel [id: 0xd1d86906, L:/127.0.0.1:54062 - R:localhost/127.0.0.1:44090] for GET '/session/67c054285278ccd4a59a3c8625af4372/element/dd87f534-db2b-41f4-b071-0e461d9bd9d6/text'
[DEBUG] 

Request DefaultFullHttpRequest(decodeResult: success, version: HTTP/1.1, content: EmptyByteBufBE)
GET /session/67c054285278ccd4a59a3c8625af4372/element/dd87f534-db2b-41f4-b071-0e461d9bd9d6/text HTTP/1.1
User-Agent: selenium/4.6.0 (java windows)
Cache-Control: no-cache
Content-Type: application/json; charset=utf-8
host: localhost:44090
accept: */*

Response DefaultHttpResponse(decodeResult: success, version: HTTP/1.1)
HTTP/1.1 200 OK
Content-Type: application/json; charset=utf-8
cache-control: no-cache
content-length: 26

[DEBUG] Adding key: http://localhost:44090 for channel [id: 0xd1d86906, L:/127.0.0.1:54062 - R:localhost/127.0.0.1:44090]
[DEBUG] Using pooled Channel '[id: 0xd1d86906, L:/127.0.0.1:54062 - R:localhost/127.0.0.1:44090]' for 'POST' to 'http://localhost:44090/session/67c054285278ccd4a59a3c8625af4372/element'
[DEBUG] Using open Channel [id: 0xd1d86906, L:/127.0.0.1:54062 - R:localhost/127.0.0.1:44090] for POST '/session/67c054285278ccd4a59a3c8625af4372/element'
[DEBUG] 

Request DefaultHttpRequest(decodeResult: success, version: HTTP/1.1)
POST /session/67c054285278ccd4a59a3c8625af4372/element HTTP/1.1
User-Agent: selenium/4.6.0 (java windows)
Content-Length: 129
Content-Type: application/json; charset=utf-8
host: localhost:44090
accept: */*

Response DefaultHttpResponse(decodeResult: success, version: HTTP/1.1)
HTTP/1.1 200 OK
Content-Type: application/json; charset=utf-8
cache-control: no-cache
content-length: 88

[DEBUG] Adding key: http://localhost:44090 for channel [id: 0xd1d86906, L:/127.0.0.1:54062 - R:localhost/127.0.0.1:44090]
[DEBUG] Using pooled Channel '[id: 0xd1d86906, L:/127.0.0.1:54062 - R:localhost/127.0.0.1:44090]' for 'GET' to 'http://localhost:44090/session/67c054285278ccd4a59a3c8625af4372/element/574e7295-0cbb-4f6f-a10a-a93511a97989/text'
[DEBUG] Using open Channel [id: 0xd1d86906, L:/127.0.0.1:54062 - R:localhost/127.0.0.1:44090] for GET '/session/67c054285278ccd4a59a3c8625af4372/element/574e7295-0cbb-4f6f-a10a-a93511a97989/text'
[DEBUG] 

Request DefaultFullHttpRequest(decodeResult: success, version: HTTP/1.1, content: EmptyByteBufBE)
GET /session/67c054285278ccd4a59a3c8625af4372/element/574e7295-0cbb-4f6f-a10a-a93511a97989/text HTTP/1.1
User-Agent: selenium/4.6.0 (java windows)
Cache-Control: no-cache
Content-Type: application/json; charset=utf-8
host: localhost:44090
accept: */*

Response DefaultHttpResponse(decodeResult: success, version: HTTP/1.1)
HTTP/1.1 200 OK
Content-Type: application/json; charset=utf-8
cache-control: no-cache
content-length: 23

[DEBUG] Adding key: http://localhost:44090 for channel [id: 0xd1d86906, L:/127.0.0.1:54062 - R:localhost/127.0.0.1:44090]
[DEBUG] Using pooled Channel '[id: 0xd1d86906, L:/127.0.0.1:54062 - R:localhost/127.0.0.1:44090]' for 'POST' to 'http://localhost:44090/session/67c054285278ccd4a59a3c8625af4372/element'
[DEBUG] Using open Channel [id: 0xd1d86906, L:/127.0.0.1:54062 - R:localhost/127.0.0.1:44090] for POST '/session/67c054285278ccd4a59a3c8625af4372/element'
[DEBUG] 

Request DefaultHttpRequest(decodeResult: success, version: HTTP/1.1)
POST /session/67c054285278ccd4a59a3c8625af4372/element HTTP/1.1
User-Agent: selenium/4.6.0 (java windows)
Content-Length: 129
Content-Type: application/json; charset=utf-8
host: localhost:44090
accept: */*

Response DefaultHttpResponse(decodeResult: success, version: HTTP/1.1)
HTTP/1.1 200 OK
Content-Type: application/json; charset=utf-8
cache-control: no-cache
content-length: 88

[DEBUG] Adding key: http://localhost:44090 for channel [id: 0xd1d86906, L:/127.0.0.1:54062 - R:localhost/127.0.0.1:44090]
[DEBUG] Using pooled Channel '[id: 0xd1d86906, L:/127.0.0.1:54062 - R:localhost/127.0.0.1:44090]' for 'GET' to 'http://localhost:44090/session/67c054285278ccd4a59a3c8625af4372/element/8d301f59-7bb6-45db-afaf-23c303c46be8/text'
[DEBUG] Using open Channel [id: 0xd1d86906, L:/127.0.0.1:54062 - R:localhost/127.0.0.1:44090] for GET '/session/67c054285278ccd4a59a3c8625af4372/element/8d301f59-7bb6-45db-afaf-23c303c46be8/text'
[DEBUG] 

Request DefaultFullHttpRequest(decodeResult: success, version: HTTP/1.1, content: EmptyByteBufBE)
GET /session/67c054285278ccd4a59a3c8625af4372/element/8d301f59-7bb6-45db-afaf-23c303c46be8/text HTTP/1.1
User-Agent: selenium/4.6.0 (java windows)
Cache-Control: no-cache
Content-Type: application/json; charset=utf-8
host: localhost:44090
accept: */*

Response DefaultHttpResponse(decodeResult: success, version: HTTP/1.1)
HTTP/1.1 200 OK
Content-Type: application/json; charset=utf-8
cache-control: no-cache
content-length: 18

[DEBUG] Adding key: http://localhost:44090 for channel [id: 0xd1d86906, L:/127.0.0.1:54062 - R:localhost/127.0.0.1:44090]
[DEBUG] Using pooled Channel '[id: 0xd1d86906, L:/127.0.0.1:54062 - R:localhost/127.0.0.1:44090]' for 'POST' to 'http://localhost:44090/session/67c054285278ccd4a59a3c8625af4372/element'
[DEBUG] Using open Channel [id: 0xd1d86906, L:/127.0.0.1:54062 - R:localhost/127.0.0.1:44090] for POST '/session/67c054285278ccd4a59a3c8625af4372/element'
[DEBUG] 

Request DefaultHttpRequest(decodeResult: success, version: HTTP/1.1)
POST /session/67c054285278ccd4a59a3c8625af4372/element HTTP/1.1
User-Agent: selenium/4.6.0 (java windows)
Content-Length: 129
Content-Type: application/json; charset=utf-8
host: localhost:44090
accept: */*

Response DefaultHttpResponse(decodeResult: success, version: HTTP/1.1)
HTTP/1.1 200 OK
Content-Type: application/json; charset=utf-8
cache-control: no-cache
content-length: 88

[DEBUG] Adding key: http://localhost:44090 for channel [id: 0xd1d86906, L:/127.0.0.1:54062 - R:localhost/127.0.0.1:44090]
[DEBUG] Using pooled Channel '[id: 0xd1d86906, L:/127.0.0.1:54062 - R:localhost/127.0.0.1:44090]' for 'GET' to 'http://localhost:44090/session/67c054285278ccd4a59a3c8625af4372/element/a0228c33-23c5-4bf6-b700-06c932051406/text'
[DEBUG] Using open Channel [id: 0xd1d86906, L:/127.0.0.1:54062 - R:localhost/127.0.0.1:44090] for GET '/session/67c054285278ccd4a59a3c8625af4372/element/a0228c33-23c5-4bf6-b700-06c932051406/text'
[DEBUG] 

Request DefaultFullHttpRequest(decodeResult: success, version: HTTP/1.1, content: EmptyByteBufBE)
GET /session/67c054285278ccd4a59a3c8625af4372/element/a0228c33-23c5-4bf6-b700-06c932051406/text HTTP/1.1
User-Agent: selenium/4.6.0 (java windows)
Cache-Control: no-cache
Content-Type: application/json; charset=utf-8
host: localhost:44090
accept: */*

Response DefaultHttpResponse(decodeResult: success, version: HTTP/1.1)
HTTP/1.1 200 OK
Content-Type: application/json; charset=utf-8
cache-control: no-cache
content-length: 18

[DEBUG] Adding key: http://localhost:44090 for channel [id: 0xd1d86906, L:/127.0.0.1:54062 - R:localhost/127.0.0.1:44090]
[DEBUG] Using pooled Channel '[id: 0xd1d86906, L:/127.0.0.1:54062 - R:localhost/127.0.0.1:44090]' for 'POST' to 'http://localhost:44090/session/67c054285278ccd4a59a3c8625af4372/element'
[DEBUG] Using open Channel [id: 0xd1d86906, L:/127.0.0.1:54062 - R:localhost/127.0.0.1:44090] for POST '/session/67c054285278ccd4a59a3c8625af4372/element'
[DEBUG] 

Request DefaultHttpRequest(decodeResult: success, version: HTTP/1.1)
POST /session/67c054285278ccd4a59a3c8625af4372/element HTTP/1.1
User-Agent: selenium/4.6.0 (java windows)
Content-Length: 129
Content-Type: application/json; charset=utf-8
host: localhost:44090
accept: */*

Response DefaultHttpResponse(decodeResult: success, version: HTTP/1.1)
HTTP/1.1 200 OK
Content-Type: application/json; charset=utf-8
cache-control: no-cache
content-length: 88

[DEBUG] Adding key: http://localhost:44090 for channel [id: 0xd1d86906, L:/127.0.0.1:54062 - R:localhost/127.0.0.1:44090]
[DEBUG] Using pooled Channel '[id: 0xd1d86906, L:/127.0.0.1:54062 - R:localhost/127.0.0.1:44090]' for 'GET' to 'http://localhost:44090/session/67c054285278ccd4a59a3c8625af4372/element/7b7167af-a0da-4af8-93d4-4bbbc4489f6a/text'
[DEBUG] Using open Channel [id: 0xd1d86906, L:/127.0.0.1:54062 - R:localhost/127.0.0.1:44090] for GET '/session/67c054285278ccd4a59a3c8625af4372/element/7b7167af-a0da-4af8-93d4-4bbbc4489f6a/text'
[DEBUG] 

Request DefaultFullHttpRequest(decodeResult: success, version: HTTP/1.1, content: EmptyByteBufBE)
GET /session/67c054285278ccd4a59a3c8625af4372/element/7b7167af-a0da-4af8-93d4-4bbbc4489f6a/text HTTP/1.1
User-Agent: selenium/4.6.0 (java windows)
Cache-Control: no-cache
Content-Type: application/json; charset=utf-8
host: localhost:44090
accept: */*

Response DefaultHttpResponse(decodeResult: success, version: HTTP/1.1)
HTTP/1.1 200 OK
Content-Type: application/json; charset=utf-8
cache-control: no-cache
content-length: 28

[DEBUG] Adding key: http://localhost:44090 for channel [id: 0xd1d86906, L:/127.0.0.1:54062 - R:localhost/127.0.0.1:44090]
[DEBUG] Using pooled Channel '[id: 0xd1d86906, L:/127.0.0.1:54062 - R:localhost/127.0.0.1:44090]' for 'POST' to 'http://localhost:44090/session/67c054285278ccd4a59a3c8625af4372/element'
[DEBUG] Using open Channel [id: 0xd1d86906, L:/127.0.0.1:54062 - R:localhost/127.0.0.1:44090] for POST '/session/67c054285278ccd4a59a3c8625af4372/element'
[DEBUG] 

Request DefaultHttpRequest(decodeResult: success, version: HTTP/1.1)
POST /session/67c054285278ccd4a59a3c8625af4372/element HTTP/1.1
User-Agent: selenium/4.6.0 (java windows)
Content-Length: 129
Content-Type: application/json; charset=utf-8
host: localhost:44090
accept: */*

Response DefaultHttpResponse(decodeResult: success, version: HTTP/1.1)
HTTP/1.1 200 OK
Content-Type: application/json; charset=utf-8
cache-control: no-cache
content-length: 88

[DEBUG] Adding key: http://localhost:44090 for channel [id: 0xd1d86906, L:/127.0.0.1:54062 - R:localhost/127.0.0.1:44090]
[DEBUG] Using pooled Channel '[id: 0xd1d86906, L:/127.0.0.1:54062 - R:localhost/127.0.0.1:44090]' for 'GET' to 'http://localhost:44090/session/67c054285278ccd4a59a3c8625af4372/element/2b95af9c-265f-4488-ae0b-aba7ce0872c1/text'
[DEBUG] Using open Channel [id: 0xd1d86906, L:/127.0.0.1:54062 - R:localhost/127.0.0.1:44090] for GET '/session/67c054285278ccd4a59a3c8625af4372/element/2b95af9c-265f-4488-ae0b-aba7ce0872c1/text'
[DEBUG] 

Request DefaultFullHttpRequest(decodeResult: success, version: HTTP/1.1, content: EmptyByteBufBE)
GET /session/67c054285278ccd4a59a3c8625af4372/element/2b95af9c-265f-4488-ae0b-aba7ce0872c1/text HTTP/1.1
User-Agent: selenium/4.6.0 (java windows)
Cache-Control: no-cache
Content-Type: application/json; charset=utf-8
host: localhost:44090
accept: */*

Response DefaultHttpResponse(decodeResult: success, version: HTTP/1.1)
HTTP/1.1 200 OK
Content-Type: application/json; charset=utf-8
cache-control: no-cache
content-length: 23

[DEBUG] Adding key: http://localhost:44090 for channel [id: 0xd1d86906, L:/127.0.0.1:54062 - R:localhost/127.0.0.1:44090]
[DEBUG] Using pooled Channel '[id: 0xd1d86906, L:/127.0.0.1:54062 - R:localhost/127.0.0.1:44090]' for 'POST' to 'http://localhost:44090/session/67c054285278ccd4a59a3c8625af4372/element'
[DEBUG] Using open Channel [id: 0xd1d86906, L:/127.0.0.1:54062 - R:localhost/127.0.0.1:44090] for POST '/session/67c054285278ccd4a59a3c8625af4372/element'
[DEBUG] 

Request DefaultHttpRequest(decodeResult: success, version: HTTP/1.1)
POST /session/67c054285278ccd4a59a3c8625af4372/element HTTP/1.1
User-Agent: selenium/4.6.0 (java windows)
Content-Length: 129
Content-Type: application/json; charset=utf-8
host: localhost:44090
accept: */*

Response DefaultHttpResponse(decodeResult: success, version: HTTP/1.1)
HTTP/1.1 200 OK
Content-Type: application/json; charset=utf-8
cache-control: no-cache
content-length: 88

[DEBUG] Adding key: http://localhost:44090 for channel [id: 0xd1d86906, L:/127.0.0.1:54062 - R:localhost/127.0.0.1:44090]
[DEBUG] Using pooled Channel '[id: 0xd1d86906, L:/127.0.0.1:54062 - R:localhost/127.0.0.1:44090]' for 'GET' to 'http://localhost:44090/session/67c054285278ccd4a59a3c8625af4372/element/6bde43c7-4f67-4fa4-a2c3-a960bcd062f3/text'
[DEBUG] Using open Channel [id: 0xd1d86906, L:/127.0.0.1:54062 - R:localhost/127.0.0.1:44090] for GET '/session/67c054285278ccd4a59a3c8625af4372/element/6bde43c7-4f67-4fa4-a2c3-a960bcd062f3/text'
[DEBUG] 

Request DefaultFullHttpRequest(decodeResult: success, version: HTTP/1.1, content: EmptyByteBufBE)
GET /session/67c054285278ccd4a59a3c8625af4372/element/6bde43c7-4f67-4fa4-a2c3-a960bcd062f3/text HTTP/1.1
User-Agent: selenium/4.6.0 (java windows)
Cache-Control: no-cache
Content-Type: application/json; charset=utf-8
host: localhost:44090
accept: */*

Response DefaultHttpResponse(decodeResult: success, version: HTTP/1.1)
HTTP/1.1 200 OK
Content-Type: application/json; charset=utf-8
cache-control: no-cache
content-length: 18

[DEBUG] Adding key: http://localhost:44090 for channel [id: 0xd1d86906, L:/127.0.0.1:54062 - R:localhost/127.0.0.1:44090]
[DEBUG] Using pooled Channel '[id: 0xd1d86906, L:/127.0.0.1:54062 - R:localhost/127.0.0.1:44090]' for 'POST' to 'http://localhost:44090/session/67c054285278ccd4a59a3c8625af4372/element'
[DEBUG] Using open Channel [id: 0xd1d86906, L:/127.0.0.1:54062 - R:localhost/127.0.0.1:44090] for POST '/session/67c054285278ccd4a59a3c8625af4372/element'
[DEBUG] 

Request DefaultHttpRequest(decodeResult: success, version: HTTP/1.1)
POST /session/67c054285278ccd4a59a3c8625af4372/element HTTP/1.1
User-Agent: selenium/4.6.0 (java windows)
Content-Length: 129
Content-Type: application/json; charset=utf-8
host: localhost:44090
accept: */*

Response DefaultHttpResponse(decodeResult: success, version: HTTP/1.1)
HTTP/1.1 200 OK
Content-Type: application/json; charset=utf-8
cache-control: no-cache
content-length: 88

[DEBUG] Adding key: http://localhost:44090 for channel [id: 0xd1d86906, L:/127.0.0.1:54062 - R:localhost/127.0.0.1:44090]
[DEBUG] Using pooled Channel '[id: 0xd1d86906, L:/127.0.0.1:54062 - R:localhost/127.0.0.1:44090]' for 'GET' to 'http://localhost:44090/session/67c054285278ccd4a59a3c8625af4372/element/cf69e736-3f95-4373-93c2-d2ad6d1244ce/text'
[DEBUG] Using open Channel [id: 0xd1d86906, L:/127.0.0.1:54062 - R:localhost/127.0.0.1:44090] for GET '/session/67c054285278ccd4a59a3c8625af4372/element/cf69e736-3f95-4373-93c2-d2ad6d1244ce/text'
[DEBUG] 

Request DefaultFullHttpRequest(decodeResult: success, version: HTTP/1.1, content: EmptyByteBufBE)
GET /session/67c054285278ccd4a59a3c8625af4372/element/cf69e736-3f95-4373-93c2-d2ad6d1244ce/text HTTP/1.1
User-Agent: selenium/4.6.0 (java windows)
Cache-Control: no-cache
Content-Type: application/json; charset=utf-8
host: localhost:44090
accept: */*

Response DefaultHttpResponse(decodeResult: success, version: HTTP/1.1)
HTTP/1.1 200 OK
Content-Type: application/json; charset=utf-8
cache-control: no-cache
content-length: 67

[DEBUG] Adding key: http://localhost:44090 for channel [id: 0xd1d86906, L:/127.0.0.1:54062 - R:localhost/127.0.0.1:44090]
[DEBUG] Using pooled Channel '[id: 0xd1d86906, L:/127.0.0.1:54062 - R:localhost/127.0.0.1:44090]' for 'POST' to 'http://localhost:44090/session/67c054285278ccd4a59a3c8625af4372/element'
[DEBUG] Using open Channel [id: 0xd1d86906, L:/127.0.0.1:54062 - R:localhost/127.0.0.1:44090] for POST '/session/67c054285278ccd4a59a3c8625af4372/element'
[DEBUG] 

Request DefaultHttpRequest(decodeResult: success, version: HTTP/1.1)
POST /session/67c054285278ccd4a59a3c8625af4372/element HTTP/1.1
User-Agent: selenium/4.6.0 (java windows)
Content-Length: 129
Content-Type: application/json; charset=utf-8
host: localhost:44090
accept: */*

Response DefaultHttpResponse(decodeResult: success, version: HTTP/1.1)
HTTP/1.1 200 OK
Content-Type: application/json; charset=utf-8
cache-control: no-cache
content-length: 88

[DEBUG] Adding key: http://localhost:44090 for channel [id: 0xd1d86906, L:/127.0.0.1:54062 - R:localhost/127.0.0.1:44090]
[DEBUG] Using pooled Channel '[id: 0xd1d86906, L:/127.0.0.1:54062 - R:localhost/127.0.0.1:44090]' for 'GET' to 'http://localhost:44090/session/67c054285278ccd4a59a3c8625af4372/element/7ac3954a-fdd9-417f-a253-dfd3ec90027d/text'
[DEBUG] Using open Channel [id: 0xd1d86906, L:/127.0.0.1:54062 - R:localhost/127.0.0.1:44090] for GET '/session/67c054285278ccd4a59a3c8625af4372/element/7ac3954a-fdd9-417f-a253-dfd3ec90027d/text'
[DEBUG] 

Request DefaultFullHttpRequest(decodeResult: success, version: HTTP/1.1, content: EmptyByteBufBE)
GET /session/67c054285278ccd4a59a3c8625af4372/element/7ac3954a-fdd9-417f-a253-dfd3ec90027d/text HTTP/1.1
User-Agent: selenium/4.6.0 (java windows)
Cache-Control: no-cache
Content-Type: application/json; charset=utf-8
host: localhost:44090
accept: */*

Response DefaultHttpResponse(decodeResult: success, version: HTTP/1.1)
HTTP/1.1 200 OK
Content-Type: application/json; charset=utf-8
cache-control: no-cache
content-length: 28

[DEBUG] Adding key: http://localhost:44090 for channel [id: 0xd1d86906, L:/127.0.0.1:54062 - R:localhost/127.0.0.1:44090]
[DEBUG] Using pooled Channel '[id: 0xd1d86906, L:/127.0.0.1:54062 - R:localhost/127.0.0.1:44090]' for 'POST' to 'http://localhost:44090/session/67c054285278ccd4a59a3c8625af4372/element'
[DEBUG] Using open Channel [id: 0xd1d86906, L:/127.0.0.1:54062 - R:localhost/127.0.0.1:44090] for POST '/session/67c054285278ccd4a59a3c8625af4372/element'
[DEBUG] 

Request DefaultHttpRequest(decodeResult: success, version: HTTP/1.1)
POST /session/67c054285278ccd4a59a3c8625af4372/element HTTP/1.1
User-Agent: selenium/4.6.0 (java windows)
Content-Length: 129
Content-Type: application/json; charset=utf-8
host: localhost:44090
accept: */*

Response DefaultHttpResponse(decodeResult: success, version: HTTP/1.1)
HTTP/1.1 200 OK
Content-Type: application/json; charset=utf-8
cache-control: no-cache
content-length: 88

[DEBUG] Adding key: http://localhost:44090 for channel [id: 0xd1d86906, L:/127.0.0.1:54062 - R:localhost/127.0.0.1:44090]
[DEBUG] Using pooled Channel '[id: 0xd1d86906, L:/127.0.0.1:54062 - R:localhost/127.0.0.1:44090]' for 'GET' to 'http://localhost:44090/session/67c054285278ccd4a59a3c8625af4372/element/0c76f655-5db4-4f16-af86-6ce3b96989a1/text'
[DEBUG] Using open Channel [id: 0xd1d86906, L:/127.0.0.1:54062 - R:localhost/127.0.0.1:44090] for GET '/session/67c054285278ccd4a59a3c8625af4372/element/0c76f655-5db4-4f16-af86-6ce3b96989a1/text'
[DEBUG] 

Request DefaultFullHttpRequest(decodeResult: success, version: HTTP/1.1, content: EmptyByteBufBE)
GET /session/67c054285278ccd4a59a3c8625af4372/element/0c76f655-5db4-4f16-af86-6ce3b96989a1/text HTTP/1.1
User-Agent: selenium/4.6.0 (java windows)
Cache-Control: no-cache
Content-Type: application/json; charset=utf-8
host: localhost:44090
accept: */*

Response DefaultHttpResponse(decodeResult: success, version: HTTP/1.1)
HTTP/1.1 200 OK
Content-Type: application/json; charset=utf-8
cache-control: no-cache
content-length: 23

[DEBUG] Adding key: http://localhost:44090 for channel [id: 0xd1d86906, L:/127.0.0.1:54062 - R:localhost/127.0.0.1:44090]
[DEBUG] Using pooled Channel '[id: 0xd1d86906, L:/127.0.0.1:54062 - R:localhost/127.0.0.1:44090]' for 'POST' to 'http://localhost:44090/session/67c054285278ccd4a59a3c8625af4372/element'
[DEBUG] Using open Channel [id: 0xd1d86906, L:/127.0.0.1:54062 - R:localhost/127.0.0.1:44090] for POST '/session/67c054285278ccd4a59a3c8625af4372/element'
[DEBUG] 

Request DefaultHttpRequest(decodeResult: success, version: HTTP/1.1)
POST /session/67c054285278ccd4a59a3c8625af4372/element HTTP/1.1
User-Agent: selenium/4.6.0 (java windows)
Content-Length: 129
Content-Type: application/json; charset=utf-8
host: localhost:44090
accept: */*

Response DefaultHttpResponse(decodeResult: success, version: HTTP/1.1)
HTTP/1.1 200 OK
Content-Type: application/json; charset=utf-8
cache-control: no-cache
content-length: 88

[DEBUG] Adding key: http://localhost:44090 for channel [id: 0xd1d86906, L:/127.0.0.1:54062 - R:localhost/127.0.0.1:44090]
[DEBUG] Using pooled Channel '[id: 0xd1d86906, L:/127.0.0.1:54062 - R:localhost/127.0.0.1:44090]' for 'GET' to 'http://localhost:44090/session/67c054285278ccd4a59a3c8625af4372/element/6a6aabb1-ee99-456f-ab55-641362fb96f9/text'
[DEBUG] Using open Channel [id: 0xd1d86906, L:/127.0.0.1:54062 - R:localhost/127.0.0.1:44090] for GET '/session/67c054285278ccd4a59a3c8625af4372/element/6a6aabb1-ee99-456f-ab55-641362fb96f9/text'
[DEBUG] 

Request DefaultFullHttpRequest(decodeResult: success, version: HTTP/1.1, content: EmptyByteBufBE)
GET /session/67c054285278ccd4a59a3c8625af4372/element/6a6aabb1-ee99-456f-ab55-641362fb96f9/text HTTP/1.1
User-Agent: selenium/4.6.0 (java windows)
Cache-Control: no-cache
Content-Type: application/json; charset=utf-8
host: localhost:44090
accept: */*

Response DefaultHttpResponse(decodeResult: success, version: HTTP/1.1)
HTTP/1.1 200 OK
Content-Type: application/json; charset=utf-8
cache-control: no-cache
content-length: 20

[DEBUG] Adding key: http://localhost:44090 for channel [id: 0xd1d86906, L:/127.0.0.1:54062 - R:localhost/127.0.0.1:44090]
[DEBUG] Using pooled Channel '[id: 0xd1d86906, L:/127.0.0.1:54062 - R:localhost/127.0.0.1:44090]' for 'POST' to 'http://localhost:44090/session/67c054285278ccd4a59a3c8625af4372/element'
[DEBUG] Using open Channel [id: 0xd1d86906, L:/127.0.0.1:54062 - R:localhost/127.0.0.1:44090] for POST '/session/67c054285278ccd4a59a3c8625af4372/element'
[DEBUG] 

Request DefaultHttpRequest(decodeResult: success, version: HTTP/1.1)
POST /session/67c054285278ccd4a59a3c8625af4372/element HTTP/1.1
User-Agent: selenium/4.6.0 (java windows)
Content-Length: 129
Content-Type: application/json; charset=utf-8
host: localhost:44090
accept: */*

Response DefaultHttpResponse(decodeResult: success, version: HTTP/1.1)
HTTP/1.1 200 OK
Content-Type: application/json; charset=utf-8
cache-control: no-cache
content-length: 88

[DEBUG] Adding key: http://localhost:44090 for channel [id: 0xd1d86906, L:/127.0.0.1:54062 - R:localhost/127.0.0.1:44090]
[DEBUG] Using pooled Channel '[id: 0xd1d86906, L:/127.0.0.1:54062 - R:localhost/127.0.0.1:44090]' for 'GET' to 'http://localhost:44090/session/67c054285278ccd4a59a3c8625af4372/element/732b125a-fe6e-47df-b2be-ffdcaf8fc27b/text'
[DEBUG] Using open Channel [id: 0xd1d86906, L:/127.0.0.1:54062 - R:localhost/127.0.0.1:44090] for GET '/session/67c054285278ccd4a59a3c8625af4372/element/732b125a-fe6e-47df-b2be-ffdcaf8fc27b/text'
[DEBUG] 

Request DefaultFullHttpRequest(decodeResult: success, version: HTTP/1.1, content: EmptyByteBufBE)
GET /session/67c054285278ccd4a59a3c8625af4372/element/732b125a-fe6e-47df-b2be-ffdcaf8fc27b/text HTTP/1.1
User-Agent: selenium/4.6.0 (java windows)
Cache-Control: no-cache
Content-Type: application/json; charset=utf-8
host: localhost:44090
accept: */*

Response DefaultHttpResponse(decodeResult: success, version: HTTP/1.1)
HTTP/1.1 200 OK
Content-Type: application/json; charset=utf-8
cache-control: no-cache
content-length: 17

[DEBUG] Adding key: http://localhost:44090 for channel [id: 0xd1d86906, L:/127.0.0.1:54062 - R:localhost/127.0.0.1:44090]
[DEBUG] Using pooled Channel '[id: 0xd1d86906, L:/127.0.0.1:54062 - R:localhost/127.0.0.1:44090]' for 'POST' to 'http://localhost:44090/session/67c054285278ccd4a59a3c8625af4372/element'
[DEBUG] Using open Channel [id: 0xd1d86906, L:/127.0.0.1:54062 - R:localhost/127.0.0.1:44090] for POST '/session/67c054285278ccd4a59a3c8625af4372/element'
[DEBUG] 

Request DefaultHttpRequest(decodeResult: success, version: HTTP/1.1)
POST /session/67c054285278ccd4a59a3c8625af4372/element HTTP/1.1
User-Agent: selenium/4.6.0 (java windows)
Content-Length: 129
Content-Type: application/json; charset=utf-8
host: localhost:44090
accept: */*

Response DefaultHttpResponse(decodeResult: success, version: HTTP/1.1)
HTTP/1.1 200 OK
Content-Type: application/json; charset=utf-8
cache-control: no-cache
content-length: 88

[DEBUG] Adding key: http://localhost:44090 for channel [id: 0xd1d86906, L:/127.0.0.1:54062 - R:localhost/127.0.0.1:44090]
[DEBUG] Using pooled Channel '[id: 0xd1d86906, L:/127.0.0.1:54062 - R:localhost/127.0.0.1:44090]' for 'GET' to 'http://localhost:44090/session/67c054285278ccd4a59a3c8625af4372/element/dd4f13c6-7a5f-4d43-880e-5b8867cf535c/text'
[DEBUG] Using open Channel [id: 0xd1d86906, L:/127.0.0.1:54062 - R:localhost/127.0.0.1:44090] for GET '/session/67c054285278ccd4a59a3c8625af4372/element/dd4f13c6-7a5f-4d43-880e-5b8867cf535c/text'
[DEBUG] 

Request DefaultFullHttpRequest(decodeResult: success, version: HTTP/1.1, content: EmptyByteBufBE)
GET /session/67c054285278ccd4a59a3c8625af4372/element/dd4f13c6-7a5f-4d43-880e-5b8867cf535c/text HTTP/1.1
User-Agent: selenium/4.6.0 (java windows)
Cache-Control: no-cache
Content-Type: application/json; charset=utf-8
host: localhost:44090
accept: */*

Response DefaultHttpResponse(decodeResult: success, version: HTTP/1.1)
HTTP/1.1 200 OK
Content-Type: application/json; charset=utf-8
cache-control: no-cache
content-length: 28

[DEBUG] Adding key: http://localhost:44090 for channel [id: 0xd1d86906, L:/127.0.0.1:54062 - R:localhost/127.0.0.1:44090]
[DEBUG] Using pooled Channel '[id: 0xd1d86906, L:/127.0.0.1:54062 - R:localhost/127.0.0.1:44090]' for 'POST' to 'http://localhost:44090/session/67c054285278ccd4a59a3c8625af4372/element'
[DEBUG] Using open Channel [id: 0xd1d86906, L:/127.0.0.1:54062 - R:localhost/127.0.0.1:44090] for POST '/session/67c054285278ccd4a59a3c8625af4372/element'
[DEBUG] 

Request DefaultHttpRequest(decodeResult: success, version: HTTP/1.1)
POST /session/67c054285278ccd4a59a3c8625af4372/element HTTP/1.1
User-Agent: selenium/4.6.0 (java windows)
Content-Length: 129
Content-Type: application/json; charset=utf-8
host: localhost:44090
accept: */*

Response DefaultHttpResponse(decodeResult: success, version: HTTP/1.1)
HTTP/1.1 200 OK
Content-Type: application/json; charset=utf-8
cache-control: no-cache
content-length: 88

[DEBUG] Adding key: http://localhost:44090 for channel [id: 0xd1d86906, L:/127.0.0.1:54062 - R:localhost/127.0.0.1:44090]
[DEBUG] Using pooled Channel '[id: 0xd1d86906, L:/127.0.0.1:54062 - R:localhost/127.0.0.1:44090]' for 'GET' to 'http://localhost:44090/session/67c054285278ccd4a59a3c8625af4372/element/b3f8ea9a-dfc3-4cbd-b2f3-5f429b72341d/text'
[DEBUG] Using open Channel [id: 0xd1d86906, L:/127.0.0.1:54062 - R:localhost/127.0.0.1:44090] for GET '/session/67c054285278ccd4a59a3c8625af4372/element/b3f8ea9a-dfc3-4cbd-b2f3-5f429b72341d/text'
[DEBUG] 

Request DefaultFullHttpRequest(decodeResult: success, version: HTTP/1.1, content: EmptyByteBufBE)
GET /session/67c054285278ccd4a59a3c8625af4372/element/b3f8ea9a-dfc3-4cbd-b2f3-5f429b72341d/text HTTP/1.1
User-Agent: selenium/4.6.0 (java windows)
Cache-Control: no-cache
Content-Type: application/json; charset=utf-8
host: localhost:44090
accept: */*

Response DefaultHttpResponse(decodeResult: success, version: HTTP/1.1)
HTTP/1.1 200 OK
Content-Type: application/json; charset=utf-8
cache-control: no-cache
content-length: 23

[DEBUG] Adding key: http://localhost:44090 for channel [id: 0xd1d86906, L:/127.0.0.1:54062 - R:localhost/127.0.0.1:44090]
[DEBUG] Using pooled Channel '[id: 0xd1d86906, L:/127.0.0.1:54062 - R:localhost/127.0.0.1:44090]' for 'POST' to 'http://localhost:44090/session/67c054285278ccd4a59a3c8625af4372/element'
[DEBUG] Using open Channel [id: 0xd1d86906, L:/127.0.0.1:54062 - R:localhost/127.0.0.1:44090] for POST '/session/67c054285278ccd4a59a3c8625af4372/element'
[DEBUG] 

Request DefaultHttpRequest(decodeResult: success, version: HTTP/1.1)
POST /session/67c054285278ccd4a59a3c8625af4372/element HTTP/1.1
User-Agent: selenium/4.6.0 (java windows)
Content-Length: 129
Content-Type: application/json; charset=utf-8
host: localhost:44090
accept: */*

Response DefaultHttpResponse(decodeResult: success, version: HTTP/1.1)
HTTP/1.1 200 OK
Content-Type: application/json; charset=utf-8
cache-control: no-cache
content-length: 88

[DEBUG] Adding key: http://localhost:44090 for channel [id: 0xd1d86906, L:/127.0.0.1:54062 - R:localhost/127.0.0.1:44090]
[DEBUG] Using pooled Channel '[id: 0xd1d86906, L:/127.0.0.1:54062 - R:localhost/127.0.0.1:44090]' for 'GET' to 'http://localhost:44090/session/67c054285278ccd4a59a3c8625af4372/element/4ac43fc4-dbd2-4b88-80da-ba2690b39b12/text'
[DEBUG] Using open Channel [id: 0xd1d86906, L:/127.0.0.1:54062 - R:localhost/127.0.0.1:44090] for GET '/session/67c054285278ccd4a59a3c8625af4372/element/4ac43fc4-dbd2-4b88-80da-ba2690b39b12/text'
[DEBUG] 

Request DefaultFullHttpRequest(decodeResult: success, version: HTTP/1.1, content: EmptyByteBufBE)
GET /session/67c054285278ccd4a59a3c8625af4372/element/4ac43fc4-dbd2-4b88-80da-ba2690b39b12/text HTTP/1.1
User-Agent: selenium/4.6.0 (java windows)
Cache-Control: no-cache
Content-Type: application/json; charset=utf-8
host: localhost:44090
accept: */*

Response DefaultHttpResponse(decodeResult: success, version: HTTP/1.1)
HTTP/1.1 200 OK
Content-Type: application/json; charset=utf-8
cache-control: no-cache
content-length: 19

[DEBUG] Adding key: http://localhost:44090 for channel [id: 0xd1d86906, L:/127.0.0.1:54062 - R:localhost/127.0.0.1:44090]
[DEBUG] Using pooled Channel '[id: 0xd1d86906, L:/127.0.0.1:54062 - R:localhost/127.0.0.1:44090]' for 'POST' to 'http://localhost:44090/session/67c054285278ccd4a59a3c8625af4372/element'
[DEBUG] Using open Channel [id: 0xd1d86906, L:/127.0.0.1:54062 - R:localhost/127.0.0.1:44090] for POST '/session/67c054285278ccd4a59a3c8625af4372/element'
[DEBUG] 

Request DefaultHttpRequest(decodeResult: success, version: HTTP/1.1)
POST /session/67c054285278ccd4a59a3c8625af4372/element HTTP/1.1
User-Agent: selenium/4.6.0 (java windows)
Content-Length: 129
Content-Type: application/json; charset=utf-8
host: localhost:44090
accept: */*

Response DefaultHttpResponse(decodeResult: success, version: HTTP/1.1)
HTTP/1.1 200 OK
Content-Type: application/json; charset=utf-8
cache-control: no-cache
content-length: 88

[DEBUG] Adding key: http://localhost:44090 for channel [id: 0xd1d86906, L:/127.0.0.1:54062 - R:localhost/127.0.0.1:44090]
[DEBUG] Using pooled Channel '[id: 0xd1d86906, L:/127.0.0.1:54062 - R:localhost/127.0.0.1:44090]' for 'GET' to 'http://localhost:44090/session/67c054285278ccd4a59a3c8625af4372/element/f6e0e390-aa2d-47e6-aed7-9f571eda5156/text'
[DEBUG] Using open Channel [id: 0xd1d86906, L:/127.0.0.1:54062 - R:localhost/127.0.0.1:44090] for GET '/session/67c054285278ccd4a59a3c8625af4372/element/f6e0e390-aa2d-47e6-aed7-9f571eda5156/text'
[DEBUG] 

Request DefaultFullHttpRequest(decodeResult: success, version: HTTP/1.1, content: EmptyByteBufBE)
GET /session/67c054285278ccd4a59a3c8625af4372/element/f6e0e390-aa2d-47e6-aed7-9f571eda5156/text HTTP/1.1
User-Agent: selenium/4.6.0 (java windows)
Cache-Control: no-cache
Content-Type: application/json; charset=utf-8
host: localhost:44090
accept: */*

Response DefaultHttpResponse(decodeResult: success, version: HTTP/1.1)
HTTP/1.1 200 OK
Content-Type: application/json; charset=utf-8
cache-control: no-cache
content-length: 25

[DEBUG] Adding key: http://localhost:44090 for channel [id: 0xd1d86906, L:/127.0.0.1:54062 - R:localhost/127.0.0.1:44090]
[DEBUG] Using pooled Channel '[id: 0xd1d86906, L:/127.0.0.1:54062 - R:localhost/127.0.0.1:44090]' for 'POST' to 'http://localhost:44090/session/67c054285278ccd4a59a3c8625af4372/element'
[DEBUG] Using open Channel [id: 0xd1d86906, L:/127.0.0.1:54062 - R:localhost/127.0.0.1:44090] for POST '/session/67c054285278ccd4a59a3c8625af4372/element'
[DEBUG] 

Request DefaultHttpRequest(decodeResult: success, version: HTTP/1.1)
POST /session/67c054285278ccd4a59a3c8625af4372/element HTTP/1.1
User-Agent: selenium/4.6.0 (java windows)
Content-Length: 129
Content-Type: application/json; charset=utf-8
host: localhost:44090
accept: */*

Response DefaultHttpResponse(decodeResult: success, version: HTTP/1.1)
HTTP/1.1 200 OK
Content-Type: application/json; charset=utf-8
cache-control: no-cache
content-length: 88

[DEBUG] Adding key: http://localhost:44090 for channel [id: 0xd1d86906, L:/127.0.0.1:54062 - R:localhost/127.0.0.1:44090]
[DEBUG] Using pooled Channel '[id: 0xd1d86906, L:/127.0.0.1:54062 - R:localhost/127.0.0.1:44090]' for 'GET' to 'http://localhost:44090/session/67c054285278ccd4a59a3c8625af4372/element/598efa5b-7590-4952-a1b0-588026ad5971/text'
[DEBUG] Using open Channel [id: 0xd1d86906, L:/127.0.0.1:54062 - R:localhost/127.0.0.1:44090] for GET '/session/67c054285278ccd4a59a3c8625af4372/element/598efa5b-7590-4952-a1b0-588026ad5971/text'
[DEBUG] 

Request DefaultFullHttpRequest(decodeResult: success, version: HTTP/1.1, content: EmptyByteBufBE)
GET /session/67c054285278ccd4a59a3c8625af4372/element/598efa5b-7590-4952-a1b0-588026ad5971/text HTTP/1.1
User-Agent: selenium/4.6.0 (java windows)
Cache-Control: no-cache
Content-Type: application/json; charset=utf-8
host: localhost:44090
accept: */*

Response DefaultHttpResponse(decodeResult: success, version: HTTP/1.1)
HTTP/1.1 200 OK
Content-Type: application/json; charset=utf-8
cache-control: no-cache
content-length: 28

[DEBUG] Adding key: http://localhost:44090 for channel [id: 0xd1d86906, L:/127.0.0.1:54062 - R:localhost/127.0.0.1:44090]
[DEBUG] Using pooled Channel '[id: 0xd1d86906, L:/127.0.0.1:54062 - R:localhost/127.0.0.1:44090]' for 'POST' to 'http://localhost:44090/session/67c054285278ccd4a59a3c8625af4372/element'
[DEBUG] Using open Channel [id: 0xd1d86906, L:/127.0.0.1:54062 - R:localhost/127.0.0.1:44090] for POST '/session/67c054285278ccd4a59a3c8625af4372/element'
[DEBUG] 

Request DefaultHttpRequest(decodeResult: success, version: HTTP/1.1)
POST /session/67c054285278ccd4a59a3c8625af4372/element HTTP/1.1
User-Agent: selenium/4.6.0 (java windows)
Content-Length: 129
Content-Type: application/json; charset=utf-8
host: localhost:44090
accept: */*

Response DefaultHttpResponse(decodeResult: success, version: HTTP/1.1)
HTTP/1.1 200 OK
Content-Type: application/json; charset=utf-8
cache-control: no-cache
content-length: 88

[DEBUG] Adding key: http://localhost:44090 for channel [id: 0xd1d86906, L:/127.0.0.1:54062 - R:localhost/127.0.0.1:44090]
[DEBUG] Using pooled Channel '[id: 0xd1d86906, L:/127.0.0.1:54062 - R:localhost/127.0.0.1:44090]' for 'GET' to 'http://localhost:44090/session/67c054285278ccd4a59a3c8625af4372/element/33340b73-3f3e-48df-88ac-0ac408bd6d63/text'
[DEBUG] Using open Channel [id: 0xd1d86906, L:/127.0.0.1:54062 - R:localhost/127.0.0.1:44090] for GET '/session/67c054285278ccd4a59a3c8625af4372/element/33340b73-3f3e-48df-88ac-0ac408bd6d63/text'
[DEBUG] 

Request DefaultFullHttpRequest(decodeResult: success, version: HTTP/1.1, content: EmptyByteBufBE)
GET /session/67c054285278ccd4a59a3c8625af4372/element/33340b73-3f3e-48df-88ac-0ac408bd6d63/text HTTP/1.1
User-Agent: selenium/4.6.0 (java windows)
Cache-Control: no-cache
Content-Type: application/json; charset=utf-8
host: localhost:44090
accept: */*

Response DefaultHttpResponse(decodeResult: success, version: HTTP/1.1)
HTTP/1.1 200 OK
Content-Type: application/json; charset=utf-8
cache-control: no-cache
content-length: 23

[DEBUG] Adding key: http://localhost:44090 for channel [id: 0xd1d86906, L:/127.0.0.1:54062 - R:localhost/127.0.0.1:44090]
[DEBUG] Using pooled Channel '[id: 0xd1d86906, L:/127.0.0.1:54062 - R:localhost/127.0.0.1:44090]' for 'POST' to 'http://localhost:44090/session/67c054285278ccd4a59a3c8625af4372/element'
[DEBUG] Using open Channel [id: 0xd1d86906, L:/127.0.0.1:54062 - R:localhost/127.0.0.1:44090] for POST '/session/67c054285278ccd4a59a3c8625af4372/element'
[DEBUG] 

Request DefaultHttpRequest(decodeResult: success, version: HTTP/1.1)
POST /session/67c054285278ccd4a59a3c8625af4372/element HTTP/1.1
User-Agent: selenium/4.6.0 (java windows)
Content-Length: 129
Content-Type: application/json; charset=utf-8
host: localhost:44090
accept: */*

Response DefaultHttpResponse(decodeResult: success, version: HTTP/1.1)
HTTP/1.1 200 OK
Content-Type: application/json; charset=utf-8
cache-control: no-cache
content-length: 88

[DEBUG] Adding key: http://localhost:44090 for channel [id: 0xd1d86906, L:/127.0.0.1:54062 - R:localhost/127.0.0.1:44090]
[DEBUG] Using pooled Channel '[id: 0xd1d86906, L:/127.0.0.1:54062 - R:localhost/127.0.0.1:44090]' for 'GET' to 'http://localhost:44090/session/67c054285278ccd4a59a3c8625af4372/element/d3a38f84-aa42-45fe-bbe6-617c30665546/text'
[DEBUG] Using open Channel [id: 0xd1d86906, L:/127.0.0.1:54062 - R:localhost/127.0.0.1:44090] for GET '/session/67c054285278ccd4a59a3c8625af4372/element/d3a38f84-aa42-45fe-bbe6-617c30665546/text'
[DEBUG] 

Request DefaultFullHttpRequest(decodeResult: success, version: HTTP/1.1, content: EmptyByteBufBE)
GET /session/67c054285278ccd4a59a3c8625af4372/element/d3a38f84-aa42-45fe-bbe6-617c30665546/text HTTP/1.1
User-Agent: selenium/4.6.0 (java windows)
Cache-Control: no-cache
Content-Type: application/json; charset=utf-8
host: localhost:44090
accept: */*

Response DefaultHttpResponse(decodeResult: success, version: HTTP/1.1)
HTTP/1.1 200 OK
Content-Type: application/json; charset=utf-8
cache-control: no-cache
content-length: 18

[DEBUG] Adding key: http://localhost:44090 for channel [id: 0xd1d86906, L:/127.0.0.1:54062 - R:localhost/127.0.0.1:44090]
[DEBUG] Using pooled Channel '[id: 0xd1d86906, L:/127.0.0.1:54062 - R:localhost/127.0.0.1:44090]' for 'POST' to 'http://localhost:44090/session/67c054285278ccd4a59a3c8625af4372/element'
[DEBUG] Using open Channel [id: 0xd1d86906, L:/127.0.0.1:54062 - R:localhost/127.0.0.1:44090] for POST '/session/67c054285278ccd4a59a3c8625af4372/element'
[DEBUG] 

Request DefaultHttpRequest(decodeResult: success, version: HTTP/1.1)
POST /session/67c054285278ccd4a59a3c8625af4372/element HTTP/1.1
User-Agent: selenium/4.6.0 (java windows)
Content-Length: 129
Content-Type: application/json; charset=utf-8
host: localhost:44090
accept: */*

Response DefaultHttpResponse(decodeResult: success, version: HTTP/1.1)
HTTP/1.1 200 OK
Content-Type: application/json; charset=utf-8
cache-control: no-cache
content-length: 88

[DEBUG] Adding key: http://localhost:44090 for channel [id: 0xd1d86906, L:/127.0.0.1:54062 - R:localhost/127.0.0.1:44090]
[DEBUG] Using pooled Channel '[id: 0xd1d86906, L:/127.0.0.1:54062 - R:localhost/127.0.0.1:44090]' for 'GET' to 'http://localhost:44090/session/67c054285278ccd4a59a3c8625af4372/element/0ff9d76d-2e2d-4ff4-9add-d0dc88376e65/text'
[DEBUG] Using open Channel [id: 0xd1d86906, L:/127.0.0.1:54062 - R:localhost/127.0.0.1:44090] for GET '/session/67c054285278ccd4a59a3c8625af4372/element/0ff9d76d-2e2d-4ff4-9add-d0dc88376e65/text'
[DEBUG] 

Request DefaultFullHttpRequest(decodeResult: success, version: HTTP/1.1, content: EmptyByteBufBE)
GET /session/67c054285278ccd4a59a3c8625af4372/element/0ff9d76d-2e2d-4ff4-9add-d0dc88376e65/text HTTP/1.1
User-Agent: selenium/4.6.0 (java windows)
Cache-Control: no-cache
Content-Type: application/json; charset=utf-8
host: localhost:44090
accept: */*

Response DefaultHttpResponse(decodeResult: success, version: HTTP/1.1)
HTTP/1.1 200 OK
Content-Type: application/json; charset=utf-8
cache-control: no-cache
content-length: 32

[DEBUG] Adding key: http://localhost:44090 for channel [id: 0xd1d86906, L:/127.0.0.1:54062 - R:localhost/127.0.0.1:44090]
[DEBUG] Using pooled Channel '[id: 0xd1d86906, L:/127.0.0.1:54062 - R:localhost/127.0.0.1:44090]' for 'POST' to 'http://localhost:44090/session/67c054285278ccd4a59a3c8625af4372/element'
[DEBUG] Using open Channel [id: 0xd1d86906, L:/127.0.0.1:54062 - R:localhost/127.0.0.1:44090] for POST '/session/67c054285278ccd4a59a3c8625af4372/element'
[DEBUG] 

Request DefaultHttpRequest(decodeResult: success, version: HTTP/1.1)
POST /session/67c054285278ccd4a59a3c8625af4372/element HTTP/1.1
User-Agent: selenium/4.6.0 (java windows)
Content-Length: 129
Content-Type: application/json; charset=utf-8
host: localhost:44090
accept: */*

Response DefaultHttpResponse(decodeResult: success, version: HTTP/1.1)
HTTP/1.1 200 OK
Content-Type: application/json; charset=utf-8
cache-control: no-cache
content-length: 88

[DEBUG] Adding key: http://localhost:44090 for channel [id: 0xd1d86906, L:/127.0.0.1:54062 - R:localhost/127.0.0.1:44090]
[DEBUG] Using pooled Channel '[id: 0xd1d86906, L:/127.0.0.1:54062 - R:localhost/127.0.0.1:44090]' for 'GET' to 'http://localhost:44090/session/67c054285278ccd4a59a3c8625af4372/element/2cd68b1c-dc36-4018-a552-795b046e6b7f/text'
[DEBUG] Using open Channel [id: 0xd1d86906, L:/127.0.0.1:54062 - R:localhost/127.0.0.1:44090] for GET '/session/67c054285278ccd4a59a3c8625af4372/element/2cd68b1c-dc36-4018-a552-795b046e6b7f/text'
[DEBUG] 

Request DefaultFullHttpRequest(decodeResult: success, version: HTTP/1.1, content: EmptyByteBufBE)
GET /session/67c054285278ccd4a59a3c8625af4372/element/2cd68b1c-dc36-4018-a552-795b046e6b7f/text HTTP/1.1
User-Agent: selenium/4.6.0 (java windows)
Cache-Control: no-cache
Content-Type: application/json; charset=utf-8
host: localhost:44090
accept: */*

Response DefaultHttpResponse(decodeResult: success, version: HTTP/1.1)
HTTP/1.1 200 OK
Content-Type: application/json; charset=utf-8
cache-control: no-cache
content-length: 26

[DEBUG] Adding key: http://localhost:44090 for channel [id: 0xd1d86906, L:/127.0.0.1:54062 - R:localhost/127.0.0.1:44090]
[DEBUG] Using pooled Channel '[id: 0xd1d86906, L:/127.0.0.1:54062 - R:localhost/127.0.0.1:44090]' for 'POST' to 'http://localhost:44090/session/67c054285278ccd4a59a3c8625af4372/element'
[DEBUG] Using open Channel [id: 0xd1d86906, L:/127.0.0.1:54062 - R:localhost/127.0.0.1:44090] for POST '/session/67c054285278ccd4a59a3c8625af4372/element'
[DEBUG] 

Request DefaultHttpRequest(decodeResult: success, version: HTTP/1.1)
POST /session/67c054285278ccd4a59a3c8625af4372/element HTTP/1.1
User-Agent: selenium/4.6.0 (java windows)
Content-Length: 129
Content-Type: application/json; charset=utf-8
host: localhost:44090
accept: */*

Response DefaultHttpResponse(decodeResult: success, version: HTTP/1.1)
HTTP/1.1 200 OK
Content-Type: application/json; charset=utf-8
cache-control: no-cache
content-length: 88

[DEBUG] Adding key: http://localhost:44090 for channel [id: 0xd1d86906, L:/127.0.0.1:54062 - R:localhost/127.0.0.1:44090]
[DEBUG] Using pooled Channel '[id: 0xd1d86906, L:/127.0.0.1:54062 - R:localhost/127.0.0.1:44090]' for 'GET' to 'http://localhost:44090/session/67c054285278ccd4a59a3c8625af4372/element/7d9370b0-b840-4989-a747-93cc004eb9e3/text'
[DEBUG] Using open Channel [id: 0xd1d86906, L:/127.0.0.1:54062 - R:localhost/127.0.0.1:44090] for GET '/session/67c054285278ccd4a59a3c8625af4372/element/7d9370b0-b840-4989-a747-93cc004eb9e3/text'
[DEBUG] 

Request DefaultFullHttpRequest(decodeResult: success, version: HTTP/1.1, content: EmptyByteBufBE)
GET /session/67c054285278ccd4a59a3c8625af4372/element/7d9370b0-b840-4989-a747-93cc004eb9e3/text HTTP/1.1
User-Agent: selenium/4.6.0 (java windows)
Cache-Control: no-cache
Content-Type: application/json; charset=utf-8
host: localhost:44090
accept: */*

Response DefaultHttpResponse(decodeResult: success, version: HTTP/1.1)
HTTP/1.1 200 OK
Content-Type: application/json; charset=utf-8
cache-control: no-cache
content-length: 23

[DEBUG] Adding key: http://localhost:44090 for channel [id: 0xd1d86906, L:/127.0.0.1:54062 - R:localhost/127.0.0.1:44090]
[DEBUG] Using pooled Channel '[id: 0xd1d86906, L:/127.0.0.1:54062 - R:localhost/127.0.0.1:44090]' for 'POST' to 'http://localhost:44090/session/67c054285278ccd4a59a3c8625af4372/element'
[DEBUG] Using open Channel [id: 0xd1d86906, L:/127.0.0.1:54062 - R:localhost/127.0.0.1:44090] for POST '/session/67c054285278ccd4a59a3c8625af4372/element'
[DEBUG] 

Request DefaultHttpRequest(decodeResult: success, version: HTTP/1.1)
POST /session/67c054285278ccd4a59a3c8625af4372/element HTTP/1.1
User-Agent: selenium/4.6.0 (java windows)
Content-Length: 129
Content-Type: application/json; charset=utf-8
host: localhost:44090
accept: */*

Response DefaultHttpResponse(decodeResult: success, version: HTTP/1.1)
HTTP/1.1 200 OK
Content-Type: application/json; charset=utf-8
cache-control: no-cache
content-length: 88

[DEBUG] Adding key: http://localhost:44090 for channel [id: 0xd1d86906, L:/127.0.0.1:54062 - R:localhost/127.0.0.1:44090]
[DEBUG] Using pooled Channel '[id: 0xd1d86906, L:/127.0.0.1:54062 - R:localhost/127.0.0.1:44090]' for 'GET' to 'http://localhost:44090/session/67c054285278ccd4a59a3c8625af4372/element/4a614ccc-0283-45fa-a212-70921bbf9c9f/text'
[DEBUG] Using open Channel [id: 0xd1d86906, L:/127.0.0.1:54062 - R:localhost/127.0.0.1:44090] for GET '/session/67c054285278ccd4a59a3c8625af4372/element/4a614ccc-0283-45fa-a212-70921bbf9c9f/text'
[DEBUG] 

Request DefaultFullHttpRequest(decodeResult: success, version: HTTP/1.1, content: EmptyByteBufBE)
GET /session/67c054285278ccd4a59a3c8625af4372/element/4a614ccc-0283-45fa-a212-70921bbf9c9f/text HTTP/1.1
User-Agent: selenium/4.6.0 (java windows)
Cache-Control: no-cache
Content-Type: application/json; charset=utf-8
host: localhost:44090
accept: */*

Response DefaultHttpResponse(decodeResult: success, version: HTTP/1.1)
HTTP/1.1 200 OK
Content-Type: application/json; charset=utf-8
cache-control: no-cache
content-length: 18

[DEBUG] Adding key: http://localhost:44090 for channel [id: 0xd1d86906, L:/127.0.0.1:54062 - R:localhost/127.0.0.1:44090]
[DEBUG] Using pooled Channel '[id: 0xd1d86906, L:/127.0.0.1:54062 - R:localhost/127.0.0.1:44090]' for 'POST' to 'http://localhost:44090/session/67c054285278ccd4a59a3c8625af4372/element'
[DEBUG] Using open Channel [id: 0xd1d86906, L:/127.0.0.1:54062 - R:localhost/127.0.0.1:44090] for POST '/session/67c054285278ccd4a59a3c8625af4372/element'
[DEBUG] 

Request DefaultHttpRequest(decodeResult: success, version: HTTP/1.1)
POST /session/67c054285278ccd4a59a3c8625af4372/element HTTP/1.1
User-Agent: selenium/4.6.0 (java windows)
Content-Length: 129
Content-Type: application/json; charset=utf-8
host: localhost:44090
accept: */*

Response DefaultHttpResponse(decodeResult: success, version: HTTP/1.1)
HTTP/1.1 200 OK
Content-Type: application/json; charset=utf-8
cache-control: no-cache
content-length: 88

[DEBUG] Adding key: http://localhost:44090 for channel [id: 0xd1d86906, L:/127.0.0.1:54062 - R:localhost/127.0.0.1:44090]
[DEBUG] Using pooled Channel '[id: 0xd1d86906, L:/127.0.0.1:54062 - R:localhost/127.0.0.1:44090]' for 'GET' to 'http://localhost:44090/session/67c054285278ccd4a59a3c8625af4372/element/3b720cd9-9835-4fd6-9b4f-8014f30795d1/text'
[DEBUG] Using open Channel [id: 0xd1d86906, L:/127.0.0.1:54062 - R:localhost/127.0.0.1:44090] for GET '/session/67c054285278ccd4a59a3c8625af4372/element/3b720cd9-9835-4fd6-9b4f-8014f30795d1/text'
[DEBUG] 

Request DefaultFullHttpRequest(decodeResult: success, version: HTTP/1.1, content: EmptyByteBufBE)
GET /session/67c054285278ccd4a59a3c8625af4372/element/3b720cd9-9835-4fd6-9b4f-8014f30795d1/text HTTP/1.1
User-Agent: selenium/4.6.0 (java windows)
Cache-Control: no-cache
Content-Type: application/json; charset=utf-8
host: localhost:44090
accept: */*

Response DefaultHttpResponse(decodeResult: success, version: HTTP/1.1)
HTTP/1.1 200 OK
Content-Type: application/json; charset=utf-8
cache-control: no-cache
content-length: 25

[DEBUG] Adding key: http://localhost:44090 for channel [id: 0xd1d86906, L:/127.0.0.1:54062 - R:localhost/127.0.0.1:44090]
[DEBUG] Using pooled Channel '[id: 0xd1d86906, L:/127.0.0.1:54062 - R:localhost/127.0.0.1:44090]' for 'POST' to 'http://localhost:44090/session/67c054285278ccd4a59a3c8625af4372/element'
[DEBUG] Using open Channel [id: 0xd1d86906, L:/127.0.0.1:54062 - R:localhost/127.0.0.1:44090] for POST '/session/67c054285278ccd4a59a3c8625af4372/element'
[DEBUG] 

Request DefaultHttpRequest(decodeResult: success, version: HTTP/1.1)
POST /session/67c054285278ccd4a59a3c8625af4372/element HTTP/1.1
User-Agent: selenium/4.6.0 (java windows)
Content-Length: 129
Content-Type: application/json; charset=utf-8
host: localhost:44090
accept: */*

Response DefaultHttpResponse(decodeResult: success, version: HTTP/1.1)
HTTP/1.1 200 OK
Content-Type: application/json; charset=utf-8
cache-control: no-cache
content-length: 88

[DEBUG] Adding key: http://localhost:44090 for channel [id: 0xd1d86906, L:/127.0.0.1:54062 - R:localhost/127.0.0.1:44090]
[DEBUG] Using pooled Channel '[id: 0xd1d86906, L:/127.0.0.1:54062 - R:localhost/127.0.0.1:44090]' for 'GET' to 'http://localhost:44090/session/67c054285278ccd4a59a3c8625af4372/element/406eabca-8c81-48aa-b3b6-25ffafcdad84/text'
[DEBUG] Using open Channel [id: 0xd1d86906, L:/127.0.0.1:54062 - R:localhost/127.0.0.1:44090] for GET '/session/67c054285278ccd4a59a3c8625af4372/element/406eabca-8c81-48aa-b3b6-25ffafcdad84/text'
[DEBUG] 

Request DefaultFullHttpRequest(decodeResult: success, version: HTTP/1.1, content: EmptyByteBufBE)
GET /session/67c054285278ccd4a59a3c8625af4372/element/406eabca-8c81-48aa-b3b6-25ffafcdad84/text HTTP/1.1
User-Agent: selenium/4.6.0 (java windows)
Cache-Control: no-cache
Content-Type: application/json; charset=utf-8
host: localhost:44090
accept: */*

Response DefaultHttpResponse(decodeResult: success, version: HTTP/1.1)
HTTP/1.1 200 OK
Content-Type: application/json; charset=utf-8
cache-control: no-cache
content-length: 28

[DEBUG] Adding key: http://localhost:44090 for channel [id: 0xd1d86906, L:/127.0.0.1:54062 - R:localhost/127.0.0.1:44090]
[DEBUG] Using pooled Channel '[id: 0xd1d86906, L:/127.0.0.1:54062 - R:localhost/127.0.0.1:44090]' for 'POST' to 'http://localhost:44090/session/67c054285278ccd4a59a3c8625af4372/element'
[DEBUG] Using open Channel [id: 0xd1d86906, L:/127.0.0.1:54062 - R:localhost/127.0.0.1:44090] for POST '/session/67c054285278ccd4a59a3c8625af4372/element'
[DEBUG] 

Request DefaultHttpRequest(decodeResult: success, version: HTTP/1.1)
POST /session/67c054285278ccd4a59a3c8625af4372/element HTTP/1.1
User-Agent: selenium/4.6.0 (java windows)
Content-Length: 129
Content-Type: application/json; charset=utf-8
host: localhost:44090
accept: */*

Response DefaultHttpResponse(decodeResult: success, version: HTTP/1.1)
HTTP/1.1 200 OK
Content-Type: application/json; charset=utf-8
cache-control: no-cache
content-length: 88

[DEBUG] Adding key: http://localhost:44090 for channel [id: 0xd1d86906, L:/127.0.0.1:54062 - R:localhost/127.0.0.1:44090]
[DEBUG] Using pooled Channel '[id: 0xd1d86906, L:/127.0.0.1:54062 - R:localhost/127.0.0.1:44090]' for 'GET' to 'http://localhost:44090/session/67c054285278ccd4a59a3c8625af4372/element/194547b9-fbaa-4a48-b273-3cd4f40a7a6a/text'
[DEBUG] Using open Channel [id: 0xd1d86906, L:/127.0.0.1:54062 - R:localhost/127.0.0.1:44090] for GET '/session/67c054285278ccd4a59a3c8625af4372/element/194547b9-fbaa-4a48-b273-3cd4f40a7a6a/text'
[DEBUG] 

Request DefaultFullHttpRequest(decodeResult: success, version: HTTP/1.1, content: EmptyByteBufBE)
GET /session/67c054285278ccd4a59a3c8625af4372/element/194547b9-fbaa-4a48-b273-3cd4f40a7a6a/text HTTP/1.1
User-Agent: selenium/4.6.0 (java windows)
Cache-Control: no-cache
Content-Type: application/json; charset=utf-8
host: localhost:44090
accept: */*

Response DefaultHttpResponse(decodeResult: success, version: HTTP/1.1)
HTTP/1.1 200 OK
Content-Type: application/json; charset=utf-8
cache-control: no-cache
content-length: 23

[DEBUG] Adding key: http://localhost:44090 for channel [id: 0xd1d86906, L:/127.0.0.1:54062 - R:localhost/127.0.0.1:44090]
[DEBUG] Using pooled Channel '[id: 0xd1d86906, L:/127.0.0.1:54062 - R:localhost/127.0.0.1:44090]' for 'POST' to 'http://localhost:44090/session/67c054285278ccd4a59a3c8625af4372/element'
[DEBUG] Using open Channel [id: 0xd1d86906, L:/127.0.0.1:54062 - R:localhost/127.0.0.1:44090] for POST '/session/67c054285278ccd4a59a3c8625af4372/element'
[DEBUG] 

Request DefaultHttpRequest(decodeResult: success, version: HTTP/1.1)
POST /session/67c054285278ccd4a59a3c8625af4372/element HTTP/1.1
User-Agent: selenium/4.6.0 (java windows)
Content-Length: 129
Content-Type: application/json; charset=utf-8
host: localhost:44090
accept: */*

Response DefaultHttpResponse(decodeResult: success, version: HTTP/1.1)
HTTP/1.1 200 OK
Content-Type: application/json; charset=utf-8
cache-control: no-cache
content-length: 88

[DEBUG] Adding key: http://localhost:44090 for channel [id: 0xd1d86906, L:/127.0.0.1:54062 - R:localhost/127.0.0.1:44090]
[DEBUG] Using pooled Channel '[id: 0xd1d86906, L:/127.0.0.1:54062 - R:localhost/127.0.0.1:44090]' for 'GET' to 'http://localhost:44090/session/67c054285278ccd4a59a3c8625af4372/element/01a4778b-f85c-40bc-b132-353ab2f96f6b/text'
[DEBUG] Using open Channel [id: 0xd1d86906, L:/127.0.0.1:54062 - R:localhost/127.0.0.1:44090] for GET '/session/67c054285278ccd4a59a3c8625af4372/element/01a4778b-f85c-40bc-b132-353ab2f96f6b/text'
[DEBUG] 

Request DefaultFullHttpRequest(decodeResult: success, version: HTTP/1.1, content: EmptyByteBufBE)
GET /session/67c054285278ccd4a59a3c8625af4372/element/01a4778b-f85c-40bc-b132-353ab2f96f6b/text HTTP/1.1
User-Agent: selenium/4.6.0 (java windows)
Cache-Control: no-cache
Content-Type: application/json; charset=utf-8
host: localhost:44090
accept: */*

Response DefaultHttpResponse(decodeResult: success, version: HTTP/1.1)
HTTP/1.1 200 OK
Content-Type: application/json; charset=utf-8
cache-control: no-cache
content-length: 18

[DEBUG] Adding key: http://localhost:44090 for channel [id: 0xd1d86906, L:/127.0.0.1:54062 - R:localhost/127.0.0.1:44090]
[DEBUG] Using pooled Channel '[id: 0xd1d86906, L:/127.0.0.1:54062 - R:localhost/127.0.0.1:44090]' for 'POST' to 'http://localhost:44090/session/67c054285278ccd4a59a3c8625af4372/element'
[DEBUG] Using open Channel [id: 0xd1d86906, L:/127.0.0.1:54062 - R:localhost/127.0.0.1:44090] for POST '/session/67c054285278ccd4a59a3c8625af4372/element'
[DEBUG] 

Request DefaultHttpRequest(decodeResult: success, version: HTTP/1.1)
POST /session/67c054285278ccd4a59a3c8625af4372/element HTTP/1.1
User-Agent: selenium/4.6.0 (java windows)
Content-Length: 129
Content-Type: application/json; charset=utf-8
host: localhost:44090
accept: */*

Response DefaultHttpResponse(decodeResult: success, version: HTTP/1.1)
HTTP/1.1 200 OK
Content-Type: application/json; charset=utf-8
cache-control: no-cache
content-length: 88

[DEBUG] Adding key: http://localhost:44090 for channel [id: 0xd1d86906, L:/127.0.0.1:54062 - R:localhost/127.0.0.1:44090]
[DEBUG] Using pooled Channel '[id: 0xd1d86906, L:/127.0.0.1:54062 - R:localhost/127.0.0.1:44090]' for 'GET' to 'http://localhost:44090/session/67c054285278ccd4a59a3c8625af4372/element/8330cce3-7a82-48f2-9bb6-bb7378a077a5/text'
[DEBUG] Using open Channel [id: 0xd1d86906, L:/127.0.0.1:54062 - R:localhost/127.0.0.1:44090] for GET '/session/67c054285278ccd4a59a3c8625af4372/element/8330cce3-7a82-48f2-9bb6-bb7378a077a5/text'
[DEBUG] 

Request DefaultFullHttpRequest(decodeResult: success, version: HTTP/1.1, content: EmptyByteBufBE)
GET /session/67c054285278ccd4a59a3c8625af4372/element/8330cce3-7a82-48f2-9bb6-bb7378a077a5/text HTTP/1.1
User-Agent: selenium/4.6.0 (java windows)
Cache-Control: no-cache
Content-Type: application/json; charset=utf-8
host: localhost:44090
accept: */*

Response DefaultHttpResponse(decodeResult: success, version: HTTP/1.1)
HTTP/1.1 200 OK
Content-Type: application/json; charset=utf-8
cache-control: no-cache
content-length: 34

[DEBUG] Adding key: http://localhost:44090 for channel [id: 0xd1d86906, L:/127.0.0.1:54062 - R:localhost/127.0.0.1:44090]
[DEBUG] Using pooled Channel '[id: 0xd1d86906, L:/127.0.0.1:54062 - R:localhost/127.0.0.1:44090]' for 'POST' to 'http://localhost:44090/session/67c054285278ccd4a59a3c8625af4372/element'
[DEBUG] Using open Channel [id: 0xd1d86906, L:/127.0.0.1:54062 - R:localhost/127.0.0.1:44090] for POST '/session/67c054285278ccd4a59a3c8625af4372/element'
[DEBUG] 

Request DefaultHttpRequest(decodeResult: success, version: HTTP/1.1)
POST /session/67c054285278ccd4a59a3c8625af4372/element HTTP/1.1
User-Agent: selenium/4.6.0 (java windows)
Content-Length: 129
Content-Type: application/json; charset=utf-8
host: localhost:44090
accept: */*

Response DefaultHttpResponse(decodeResult: success, version: HTTP/1.1)
HTTP/1.1 200 OK
Content-Type: application/json; charset=utf-8
cache-control: no-cache
content-length: 88

[DEBUG] Adding key: http://localhost:44090 for channel [id: 0xd1d86906, L:/127.0.0.1:54062 - R:localhost/127.0.0.1:44090]
[DEBUG] Using pooled Channel '[id: 0xd1d86906, L:/127.0.0.1:54062 - R:localhost/127.0.0.1:44090]' for 'GET' to 'http://localhost:44090/session/67c054285278ccd4a59a3c8625af4372/element/dd04bb8a-22fd-4b44-9067-5001a9fb0e7d/text'
[DEBUG] Using open Channel [id: 0xd1d86906, L:/127.0.0.1:54062 - R:localhost/127.0.0.1:44090] for GET '/session/67c054285278ccd4a59a3c8625af4372/element/dd04bb8a-22fd-4b44-9067-5001a9fb0e7d/text'
[DEBUG] 

Request DefaultFullHttpRequest(decodeResult: success, version: HTTP/1.1, content: EmptyByteBufBE)
GET /session/67c054285278ccd4a59a3c8625af4372/element/dd04bb8a-22fd-4b44-9067-5001a9fb0e7d/text HTTP/1.1
User-Agent: selenium/4.6.0 (java windows)
Cache-Control: no-cache
Content-Type: application/json; charset=utf-8
host: localhost:44090
accept: */*

Response DefaultHttpResponse(decodeResult: success, version: HTTP/1.1)
HTTP/1.1 200 OK
Content-Type: application/json; charset=utf-8
cache-control: no-cache
content-length: 26

[DEBUG] Adding key: http://localhost:44090 for channel [id: 0xd1d86906, L:/127.0.0.1:54062 - R:localhost/127.0.0.1:44090]
[DEBUG] Using pooled Channel '[id: 0xd1d86906, L:/127.0.0.1:54062 - R:localhost/127.0.0.1:44090]' for 'POST' to 'http://localhost:44090/session/67c054285278ccd4a59a3c8625af4372/element'
[DEBUG] Using open Channel [id: 0xd1d86906, L:/127.0.0.1:54062 - R:localhost/127.0.0.1:44090] for POST '/session/67c054285278ccd4a59a3c8625af4372/element'
[DEBUG] 

Request DefaultHttpRequest(decodeResult: success, version: HTTP/1.1)
POST /session/67c054285278ccd4a59a3c8625af4372/element HTTP/1.1
User-Agent: selenium/4.6.0 (java windows)
Content-Length: 129
Content-Type: application/json; charset=utf-8
host: localhost:44090
accept: */*

Response DefaultHttpResponse(decodeResult: success, version: HTTP/1.1)
HTTP/1.1 200 OK
Content-Type: application/json; charset=utf-8
cache-control: no-cache
content-length: 88

[DEBUG] Adding key: http://localhost:44090 for channel [id: 0xd1d86906, L:/127.0.0.1:54062 - R:localhost/127.0.0.1:44090]
[DEBUG] Using pooled Channel '[id: 0xd1d86906, L:/127.0.0.1:54062 - R:localhost/127.0.0.1:44090]' for 'GET' to 'http://localhost:44090/session/67c054285278ccd4a59a3c8625af4372/element/8590e630-0825-4153-a9fa-46354de91b6b/text'
[DEBUG] Using open Channel [id: 0xd1d86906, L:/127.0.0.1:54062 - R:localhost/127.0.0.1:44090] for GET '/session/67c054285278ccd4a59a3c8625af4372/element/8590e630-0825-4153-a9fa-46354de91b6b/text'
[DEBUG] 

Request DefaultFullHttpRequest(decodeResult: success, version: HTTP/1.1, content: EmptyByteBufBE)
GET /session/67c054285278ccd4a59a3c8625af4372/element/8590e630-0825-4153-a9fa-46354de91b6b/text HTTP/1.1
User-Agent: selenium/4.6.0 (java windows)
Cache-Control: no-cache
Content-Type: application/json; charset=utf-8
host: localhost:44090
accept: */*

Response DefaultHttpResponse(decodeResult: success, version: HTTP/1.1)
HTTP/1.1 200 OK
Content-Type: application/json; charset=utf-8
cache-control: no-cache
content-length: 23

[DEBUG] Adding key: http://localhost:44090 for channel [id: 0xd1d86906, L:/127.0.0.1:54062 - R:localhost/127.0.0.1:44090]
[DEBUG] Using pooled Channel '[id: 0xd1d86906, L:/127.0.0.1:54062 - R:localhost/127.0.0.1:44090]' for 'POST' to 'http://localhost:44090/session/67c054285278ccd4a59a3c8625af4372/element'
[DEBUG] Using open Channel [id: 0xd1d86906, L:/127.0.0.1:54062 - R:localhost/127.0.0.1:44090] for POST '/session/67c054285278ccd4a59a3c8625af4372/element'
[DEBUG] 

Request DefaultHttpRequest(decodeResult: success, version: HTTP/1.1)
POST /session/67c054285278ccd4a59a3c8625af4372/element HTTP/1.1
User-Agent: selenium/4.6.0 (java windows)
Content-Length: 129
Content-Type: application/json; charset=utf-8
host: localhost:44090
accept: */*

Response DefaultHttpResponse(decodeResult: success, version: HTTP/1.1)
HTTP/1.1 200 OK
Content-Type: application/json; charset=utf-8
cache-control: no-cache
content-length: 88

[DEBUG] Adding key: http://localhost:44090 for channel [id: 0xd1d86906, L:/127.0.0.1:54062 - R:localhost/127.0.0.1:44090]
[DEBUG] Using pooled Channel '[id: 0xd1d86906, L:/127.0.0.1:54062 - R:localhost/127.0.0.1:44090]' for 'GET' to 'http://localhost:44090/session/67c054285278ccd4a59a3c8625af4372/element/8a0d3435-60f4-4d2b-ab55-591635bf695d/text'
[DEBUG] Using open Channel [id: 0xd1d86906, L:/127.0.0.1:54062 - R:localhost/127.0.0.1:44090] for GET '/session/67c054285278ccd4a59a3c8625af4372/element/8a0d3435-60f4-4d2b-ab55-591635bf695d/text'
[DEBUG] 

Request DefaultFullHttpRequest(decodeResult: success, version: HTTP/1.1, content: EmptyByteBufBE)
GET /session/67c054285278ccd4a59a3c8625af4372/element/8a0d3435-60f4-4d2b-ab55-591635bf695d/text HTTP/1.1
User-Agent: selenium/4.6.0 (java windows)
Cache-Control: no-cache
Content-Type: application/json; charset=utf-8
host: localhost:44090
accept: */*

Response DefaultHttpResponse(decodeResult: success, version: HTTP/1.1)
HTTP/1.1 200 OK
Content-Type: application/json; charset=utf-8
cache-control: no-cache
content-length: 18

[DEBUG] Adding key: http://localhost:44090 for channel [id: 0xd1d86906, L:/127.0.0.1:54062 - R:localhost/127.0.0.1:44090]
[DEBUG] Using pooled Channel '[id: 0xd1d86906, L:/127.0.0.1:54062 - R:localhost/127.0.0.1:44090]' for 'POST' to 'http://localhost:44090/session/67c054285278ccd4a59a3c8625af4372/element'
[DEBUG] Using open Channel [id: 0xd1d86906, L:/127.0.0.1:54062 - R:localhost/127.0.0.1:44090] for POST '/session/67c054285278ccd4a59a3c8625af4372/element'
[DEBUG] 

Request DefaultHttpRequest(decodeResult: success, version: HTTP/1.1)
POST /session/67c054285278ccd4a59a3c8625af4372/element HTTP/1.1
User-Agent: selenium/4.6.0 (java windows)
Content-Length: 129
Content-Type: application/json; charset=utf-8
host: localhost:44090
accept: */*

Response DefaultHttpResponse(decodeResult: success, version: HTTP/1.1)
HTTP/1.1 200 OK
Content-Type: application/json; charset=utf-8
cache-control: no-cache
content-length: 88

[DEBUG] Adding key: http://localhost:44090 for channel [id: 0xd1d86906, L:/127.0.0.1:54062 - R:localhost/127.0.0.1:44090]
[DEBUG] Using pooled Channel '[id: 0xd1d86906, L:/127.0.0.1:54062 - R:localhost/127.0.0.1:44090]' for 'GET' to 'http://localhost:44090/session/67c054285278ccd4a59a3c8625af4372/element/c3cda761-399e-4c5d-ad42-7ddbbc9ab694/text'
[DEBUG] Using open Channel [id: 0xd1d86906, L:/127.0.0.1:54062 - R:localhost/127.0.0.1:44090] for GET '/session/67c054285278ccd4a59a3c8625af4372/element/c3cda761-399e-4c5d-ad42-7ddbbc9ab694/text'
[DEBUG] 

Request DefaultFullHttpRequest(decodeResult: success, version: HTTP/1.1, content: EmptyByteBufBE)
GET /session/67c054285278ccd4a59a3c8625af4372/element/c3cda761-399e-4c5d-ad42-7ddbbc9ab694/text HTTP/1.1
User-Agent: selenium/4.6.0 (java windows)
Cache-Control: no-cache
Content-Type: application/json; charset=utf-8
host: localhost:44090
accept: */*

Response DefaultHttpResponse(decodeResult: success, version: HTTP/1.1)
HTTP/1.1 200 OK
Content-Type: application/json; charset=utf-8
cache-control: no-cache
content-length: 24

[DEBUG] Adding key: http://localhost:44090 for channel [id: 0xd1d86906, L:/127.0.0.1:54062 - R:localhost/127.0.0.1:44090]
[DEBUG] Using pooled Channel '[id: 0xd1d86906, L:/127.0.0.1:54062 - R:localhost/127.0.0.1:44090]' for 'POST' to 'http://localhost:44090/session/67c054285278ccd4a59a3c8625af4372/element'
[DEBUG] Using open Channel [id: 0xd1d86906, L:/127.0.0.1:54062 - R:localhost/127.0.0.1:44090] for POST '/session/67c054285278ccd4a59a3c8625af4372/element'
[DEBUG] 

Request DefaultHttpRequest(decodeResult: success, version: HTTP/1.1)
POST /session/67c054285278ccd4a59a3c8625af4372/element HTTP/1.1
User-Agent: selenium/4.6.0 (java windows)
Content-Length: 129
Content-Type: application/json; charset=utf-8
host: localhost:44090
accept: */*

Response DefaultHttpResponse(decodeResult: success, version: HTTP/1.1)
HTTP/1.1 200 OK
Content-Type: application/json; charset=utf-8
cache-control: no-cache
content-length: 88

[DEBUG] Adding key: http://localhost:44090 for channel [id: 0xd1d86906, L:/127.0.0.1:54062 - R:localhost/127.0.0.1:44090]
[DEBUG] Using pooled Channel '[id: 0xd1d86906, L:/127.0.0.1:54062 - R:localhost/127.0.0.1:44090]' for 'GET' to 'http://localhost:44090/session/67c054285278ccd4a59a3c8625af4372/element/e3f1957e-26b9-43f2-a6a0-87ef7615b180/text'
[DEBUG] Using open Channel [id: 0xd1d86906, L:/127.0.0.1:54062 - R:localhost/127.0.0.1:44090] for GET '/session/67c054285278ccd4a59a3c8625af4372/element/e3f1957e-26b9-43f2-a6a0-87ef7615b180/text'
[DEBUG] 

Request DefaultFullHttpRequest(decodeResult: success, version: HTTP/1.1, content: EmptyByteBufBE)
GET /session/67c054285278ccd4a59a3c8625af4372/element/e3f1957e-26b9-43f2-a6a0-87ef7615b180/text HTTP/1.1
User-Agent: selenium/4.6.0 (java windows)
Cache-Control: no-cache
Content-Type: application/json; charset=utf-8
host: localhost:44090
accept: */*

Response DefaultHttpResponse(decodeResult: success, version: HTTP/1.1)
HTTP/1.1 200 OK
Content-Type: application/json; charset=utf-8
cache-control: no-cache
content-length: 28

[DEBUG] Adding key: http://localhost:44090 for channel [id: 0xd1d86906, L:/127.0.0.1:54062 - R:localhost/127.0.0.1:44090]
[DEBUG] Using pooled Channel '[id: 0xd1d86906, L:/127.0.0.1:54062 - R:localhost/127.0.0.1:44090]' for 'POST' to 'http://localhost:44090/session/67c054285278ccd4a59a3c8625af4372/element'
[DEBUG] Using open Channel [id: 0xd1d86906, L:/127.0.0.1:54062 - R:localhost/127.0.0.1:44090] for POST '/session/67c054285278ccd4a59a3c8625af4372/element'
[DEBUG] 

Request DefaultHttpRequest(decodeResult: success, version: HTTP/1.1)
POST /session/67c054285278ccd4a59a3c8625af4372/element HTTP/1.1
User-Agent: selenium/4.6.0 (java windows)
Content-Length: 129
Content-Type: application/json; charset=utf-8
host: localhost:44090
accept: */*

Response DefaultHttpResponse(decodeResult: success, version: HTTP/1.1)
HTTP/1.1 200 OK
Content-Type: application/json; charset=utf-8
cache-control: no-cache
content-length: 88

[DEBUG] Adding key: http://localhost:44090 for channel [id: 0xd1d86906, L:/127.0.0.1:54062 - R:localhost/127.0.0.1:44090]
[DEBUG] Using pooled Channel '[id: 0xd1d86906, L:/127.0.0.1:54062 - R:localhost/127.0.0.1:44090]' for 'GET' to 'http://localhost:44090/session/67c054285278ccd4a59a3c8625af4372/element/5e84ab54-e1fa-4061-9e9b-0d30dee92ebb/text'
[DEBUG] Using open Channel [id: 0xd1d86906, L:/127.0.0.1:54062 - R:localhost/127.0.0.1:44090] for GET '/session/67c054285278ccd4a59a3c8625af4372/element/5e84ab54-e1fa-4061-9e9b-0d30dee92ebb/text'
[DEBUG] 

Request DefaultFullHttpRequest(decodeResult: success, version: HTTP/1.1, content: EmptyByteBufBE)
GET /session/67c054285278ccd4a59a3c8625af4372/element/5e84ab54-e1fa-4061-9e9b-0d30dee92ebb/text HTTP/1.1
User-Agent: selenium/4.6.0 (java windows)
Cache-Control: no-cache
Content-Type: application/json; charset=utf-8
host: localhost:44090
accept: */*

Response DefaultHttpResponse(decodeResult: success, version: HTTP/1.1)
HTTP/1.1 200 OK
Content-Type: application/json; charset=utf-8
cache-control: no-cache
content-length: 23

[DEBUG] Adding key: http://localhost:44090 for channel [id: 0xd1d86906, L:/127.0.0.1:54062 - R:localhost/127.0.0.1:44090]
[DEBUG] Using pooled Channel '[id: 0xd1d86906, L:/127.0.0.1:54062 - R:localhost/127.0.0.1:44090]' for 'POST' to 'http://localhost:44090/session/67c054285278ccd4a59a3c8625af4372/element'
[DEBUG] Using open Channel [id: 0xd1d86906, L:/127.0.0.1:54062 - R:localhost/127.0.0.1:44090] for POST '/session/67c054285278ccd4a59a3c8625af4372/element'
[DEBUG] 

Request DefaultHttpRequest(decodeResult: success, version: HTTP/1.1)
POST /session/67c054285278ccd4a59a3c8625af4372/element HTTP/1.1
User-Agent: selenium/4.6.0 (java windows)
Content-Length: 129
Content-Type: application/json; charset=utf-8
host: localhost:44090
accept: */*

Response DefaultHttpResponse(decodeResult: success, version: HTTP/1.1)
HTTP/1.1 200 OK
Content-Type: application/json; charset=utf-8
cache-control: no-cache
content-length: 88

[DEBUG] Adding key: http://localhost:44090 for channel [id: 0xd1d86906, L:/127.0.0.1:54062 - R:localhost/127.0.0.1:44090]
[DEBUG] Using pooled Channel '[id: 0xd1d86906, L:/127.0.0.1:54062 - R:localhost/127.0.0.1:44090]' for 'GET' to 'http://localhost:44090/session/67c054285278ccd4a59a3c8625af4372/element/daf1f7e1-99db-4796-8543-e126a382ad9e/text'
[DEBUG] Using open Channel [id: 0xd1d86906, L:/127.0.0.1:54062 - R:localhost/127.0.0.1:44090] for GET '/session/67c054285278ccd4a59a3c8625af4372/element/daf1f7e1-99db-4796-8543-e126a382ad9e/text'
[DEBUG] 

Request DefaultFullHttpRequest(decodeResult: success, version: HTTP/1.1, content: EmptyByteBufBE)
GET /session/67c054285278ccd4a59a3c8625af4372/element/daf1f7e1-99db-4796-8543-e126a382ad9e/text HTTP/1.1
User-Agent: selenium/4.6.0 (java windows)
Cache-Control: no-cache
Content-Type: application/json; charset=utf-8
host: localhost:44090
accept: */*

Response DefaultHttpResponse(decodeResult: success, version: HTTP/1.1)
HTTP/1.1 200 OK
Content-Type: application/json; charset=utf-8
cache-control: no-cache
content-length: 21

[DEBUG] Adding key: http://localhost:44090 for channel [id: 0xd1d86906, L:/127.0.0.1:54062 - R:localhost/127.0.0.1:44090]
[DEBUG] Using pooled Channel '[id: 0xd1d86906, L:/127.0.0.1:54062 - R:localhost/127.0.0.1:44090]' for 'POST' to 'http://localhost:44090/session/67c054285278ccd4a59a3c8625af4372/element'
[DEBUG] Using open Channel [id: 0xd1d86906, L:/127.0.0.1:54062 - R:localhost/127.0.0.1:44090] for POST '/session/67c054285278ccd4a59a3c8625af4372/element'
[DEBUG] 

Request DefaultHttpRequest(decodeResult: success, version: HTTP/1.1)
POST /session/67c054285278ccd4a59a3c8625af4372/element HTTP/1.1
User-Agent: selenium/4.6.0 (java windows)
Content-Length: 129
Content-Type: application/json; charset=utf-8
host: localhost:44090
accept: */*

Response DefaultHttpResponse(decodeResult: success, version: HTTP/1.1)
HTTP/1.1 200 OK
Content-Type: application/json; charset=utf-8
cache-control: no-cache
content-length: 88

[DEBUG] Adding key: http://localhost:44090 for channel [id: 0xd1d86906, L:/127.0.0.1:54062 - R:localhost/127.0.0.1:44090]
[DEBUG] Using pooled Channel '[id: 0xd1d86906, L:/127.0.0.1:54062 - R:localhost/127.0.0.1:44090]' for 'GET' to 'http://localhost:44090/session/67c054285278ccd4a59a3c8625af4372/element/5db9b5e8-1845-44d2-8092-deae6c581c31/text'
[DEBUG] Using open Channel [id: 0xd1d86906, L:/127.0.0.1:54062 - R:localhost/127.0.0.1:44090] for GET '/session/67c054285278ccd4a59a3c8625af4372/element/5db9b5e8-1845-44d2-8092-deae6c581c31/text'
[DEBUG] 

Request DefaultFullHttpRequest(decodeResult: success, version: HTTP/1.1, content: EmptyByteBufBE)
GET /session/67c054285278ccd4a59a3c8625af4372/element/5db9b5e8-1845-44d2-8092-deae6c581c31/text HTTP/1.1
User-Agent: selenium/4.6.0 (java windows)
Cache-Control: no-cache
Content-Type: application/json; charset=utf-8
host: localhost:44090
accept: */*

Response DefaultHttpResponse(decodeResult: success, version: HTTP/1.1)
HTTP/1.1 200 OK
Content-Type: application/json; charset=utf-8
cache-control: no-cache
content-length: 35

[DEBUG] Adding key: http://localhost:44090 for channel [id: 0xd1d86906, L:/127.0.0.1:54062 - R:localhost/127.0.0.1:44090]
[DEBUG] Using pooled Channel '[id: 0xd1d86906, L:/127.0.0.1:54062 - R:localhost/127.0.0.1:44090]' for 'POST' to 'http://localhost:44090/session/67c054285278ccd4a59a3c8625af4372/element'
[DEBUG] Using open Channel [id: 0xd1d86906, L:/127.0.0.1:54062 - R:localhost/127.0.0.1:44090] for POST '/session/67c054285278ccd4a59a3c8625af4372/element'
[DEBUG] 

Request DefaultHttpRequest(decodeResult: success, version: HTTP/1.1)
POST /session/67c054285278ccd4a59a3c8625af4372/element HTTP/1.1
User-Agent: selenium/4.6.0 (java windows)
Content-Length: 129
Content-Type: application/json; charset=utf-8
host: localhost:44090
accept: */*

Response DefaultHttpResponse(decodeResult: success, version: HTTP/1.1)
HTTP/1.1 200 OK
Content-Type: application/json; charset=utf-8
cache-control: no-cache
content-length: 88

[DEBUG] Adding key: http://localhost:44090 for channel [id: 0xd1d86906, L:/127.0.0.1:54062 - R:localhost/127.0.0.1:44090]
[DEBUG] Using pooled Channel '[id: 0xd1d86906, L:/127.0.0.1:54062 - R:localhost/127.0.0.1:44090]' for 'GET' to 'http://localhost:44090/session/67c054285278ccd4a59a3c8625af4372/element/f9534b43-ef44-490a-ad86-5641f2d92a10/text'
[DEBUG] Using open Channel [id: 0xd1d86906, L:/127.0.0.1:54062 - R:localhost/127.0.0.1:44090] for GET '/session/67c054285278ccd4a59a3c8625af4372/element/f9534b43-ef44-490a-ad86-5641f2d92a10/text'
[DEBUG] 

Request DefaultFullHttpRequest(decodeResult: success, version: HTTP/1.1, content: EmptyByteBufBE)
GET /session/67c054285278ccd4a59a3c8625af4372/element/f9534b43-ef44-490a-ad86-5641f2d92a10/text HTTP/1.1
User-Agent: selenium/4.6.0 (java windows)
Cache-Control: no-cache
Content-Type: application/json; charset=utf-8
host: localhost:44090
accept: */*

Response DefaultHttpResponse(decodeResult: success, version: HTTP/1.1)
HTTP/1.1 200 OK
Content-Type: application/json; charset=utf-8
cache-control: no-cache
content-length: 26

[DEBUG] Adding key: http://localhost:44090 for channel [id: 0xd1d86906, L:/127.0.0.1:54062 - R:localhost/127.0.0.1:44090]
[DEBUG] Using pooled Channel '[id: 0xd1d86906, L:/127.0.0.1:54062 - R:localhost/127.0.0.1:44090]' for 'POST' to 'http://localhost:44090/session/67c054285278ccd4a59a3c8625af4372/element'
[DEBUG] Using open Channel [id: 0xd1d86906, L:/127.0.0.1:54062 - R:localhost/127.0.0.1:44090] for POST '/session/67c054285278ccd4a59a3c8625af4372/element'
[DEBUG] 

Request DefaultHttpRequest(decodeResult: success, version: HTTP/1.1)
POST /session/67c054285278ccd4a59a3c8625af4372/element HTTP/1.1
User-Agent: selenium/4.6.0 (java windows)
Content-Length: 129
Content-Type: application/json; charset=utf-8
host: localhost:44090
accept: */*

Response DefaultHttpResponse(decodeResult: success, version: HTTP/1.1)
HTTP/1.1 200 OK
Content-Type: application/json; charset=utf-8
cache-control: no-cache
content-length: 88

[DEBUG] Adding key: http://localhost:44090 for channel [id: 0xd1d86906, L:/127.0.0.1:54062 - R:localhost/127.0.0.1:44090]
[DEBUG] Using pooled Channel '[id: 0xd1d86906, L:/127.0.0.1:54062 - R:localhost/127.0.0.1:44090]' for 'GET' to 'http://localhost:44090/session/67c054285278ccd4a59a3c8625af4372/element/8785d3e1-a97c-44bb-9622-1cb5d66828cb/text'
[DEBUG] Using open Channel [id: 0xd1d86906, L:/127.0.0.1:54062 - R:localhost/127.0.0.1:44090] for GET '/session/67c054285278ccd4a59a3c8625af4372/element/8785d3e1-a97c-44bb-9622-1cb5d66828cb/text'
[DEBUG] 

Request DefaultFullHttpRequest(decodeResult: success, version: HTTP/1.1, content: EmptyByteBufBE)
GET /session/67c054285278ccd4a59a3c8625af4372/element/8785d3e1-a97c-44bb-9622-1cb5d66828cb/text HTTP/1.1
User-Agent: selenium/4.6.0 (java windows)
Cache-Control: no-cache
Content-Type: application/json; charset=utf-8
host: localhost:44090
accept: */*

Response DefaultHttpResponse(decodeResult: success, version: HTTP/1.1)
HTTP/1.1 200 OK
Content-Type: application/json; charset=utf-8
cache-control: no-cache
content-length: 23

[DEBUG] Adding key: http://localhost:44090 for channel [id: 0xd1d86906, L:/127.0.0.1:54062 - R:localhost/127.0.0.1:44090]
[DEBUG] Using pooled Channel '[id: 0xd1d86906, L:/127.0.0.1:54062 - R:localhost/127.0.0.1:44090]' for 'POST' to 'http://localhost:44090/session/67c054285278ccd4a59a3c8625af4372/element'
[DEBUG] Using open Channel [id: 0xd1d86906, L:/127.0.0.1:54062 - R:localhost/127.0.0.1:44090] for POST '/session/67c054285278ccd4a59a3c8625af4372/element'
[DEBUG] 

Request DefaultHttpRequest(decodeResult: success, version: HTTP/1.1)
POST /session/67c054285278ccd4a59a3c8625af4372/element HTTP/1.1
User-Agent: selenium/4.6.0 (java windows)
Content-Length: 129
Content-Type: application/json; charset=utf-8
host: localhost:44090
accept: */*

Response DefaultHttpResponse(decodeResult: success, version: HTTP/1.1)
HTTP/1.1 200 OK
Content-Type: application/json; charset=utf-8
cache-control: no-cache
content-length: 88

[DEBUG] Adding key: http://localhost:44090 for channel [id: 0xd1d86906, L:/127.0.0.1:54062 - R:localhost/127.0.0.1:44090]
[DEBUG] Using pooled Channel '[id: 0xd1d86906, L:/127.0.0.1:54062 - R:localhost/127.0.0.1:44090]' for 'GET' to 'http://localhost:44090/session/67c054285278ccd4a59a3c8625af4372/element/c4d67caa-bb12-4f91-9a38-1cae5201fe44/text'
[DEBUG] Using open Channel [id: 0xd1d86906, L:/127.0.0.1:54062 - R:localhost/127.0.0.1:44090] for GET '/session/67c054285278ccd4a59a3c8625af4372/element/c4d67caa-bb12-4f91-9a38-1cae5201fe44/text'
[DEBUG] 

Request DefaultFullHttpRequest(decodeResult: success, version: HTTP/1.1, content: EmptyByteBufBE)
GET /session/67c054285278ccd4a59a3c8625af4372/element/c4d67caa-bb12-4f91-9a38-1cae5201fe44/text HTTP/1.1
User-Agent: selenium/4.6.0 (java windows)
Cache-Control: no-cache
Content-Type: application/json; charset=utf-8
host: localhost:44090
accept: */*

Response DefaultHttpResponse(decodeResult: success, version: HTTP/1.1)
HTTP/1.1 200 OK
Content-Type: application/json; charset=utf-8
cache-control: no-cache
content-length: 18

[DEBUG] Adding key: http://localhost:44090 for channel [id: 0xd1d86906, L:/127.0.0.1:54062 - R:localhost/127.0.0.1:44090]
[DEBUG] Using pooled Channel '[id: 0xd1d86906, L:/127.0.0.1:54062 - R:localhost/127.0.0.1:44090]' for 'POST' to 'http://localhost:44090/session/67c054285278ccd4a59a3c8625af4372/element'
[DEBUG] Using open Channel [id: 0xd1d86906, L:/127.0.0.1:54062 - R:localhost/127.0.0.1:44090] for POST '/session/67c054285278ccd4a59a3c8625af4372/element'
[DEBUG] 

Request DefaultHttpRequest(decodeResult: success, version: HTTP/1.1)
POST /session/67c054285278ccd4a59a3c8625af4372/element HTTP/1.1
User-Agent: selenium/4.6.0 (java windows)
Content-Length: 129
Content-Type: application/json; charset=utf-8
host: localhost:44090
accept: */*

Response DefaultHttpResponse(decodeResult: success, version: HTTP/1.1)
HTTP/1.1 200 OK
Content-Type: application/json; charset=utf-8
cache-control: no-cache
content-length: 88

[DEBUG] Adding key: http://localhost:44090 for channel [id: 0xd1d86906, L:/127.0.0.1:54062 - R:localhost/127.0.0.1:44090]
[DEBUG] Using pooled Channel '[id: 0xd1d86906, L:/127.0.0.1:54062 - R:localhost/127.0.0.1:44090]' for 'GET' to 'http://localhost:44090/session/67c054285278ccd4a59a3c8625af4372/element/bbf7f661-e437-4a15-8154-2ec669d24d7b/text'
[DEBUG] Using open Channel [id: 0xd1d86906, L:/127.0.0.1:54062 - R:localhost/127.0.0.1:44090] for GET '/session/67c054285278ccd4a59a3c8625af4372/element/bbf7f661-e437-4a15-8154-2ec669d24d7b/text'
[DEBUG] 

Request DefaultFullHttpRequest(decodeResult: success, version: HTTP/1.1, content: EmptyByteBufBE)
GET /session/67c054285278ccd4a59a3c8625af4372/element/bbf7f661-e437-4a15-8154-2ec669d24d7b/text HTTP/1.1
User-Agent: selenium/4.6.0 (java windows)
Cache-Control: no-cache
Content-Type: application/json; charset=utf-8
host: localhost:44090
accept: */*

Response DefaultHttpResponse(decodeResult: success, version: HTTP/1.1)
HTTP/1.1 200 OK
Content-Type: application/json; charset=utf-8
cache-control: no-cache
content-length: 20

[DEBUG] Adding key: http://localhost:44090 for channel [id: 0xd1d86906, L:/127.0.0.1:54062 - R:localhost/127.0.0.1:44090]
[DEBUG] Using pooled Channel '[id: 0xd1d86906, L:/127.0.0.1:54062 - R:localhost/127.0.0.1:44090]' for 'POST' to 'http://localhost:44090/session/67c054285278ccd4a59a3c8625af4372/element'
[DEBUG] Using open Channel [id: 0xd1d86906, L:/127.0.0.1:54062 - R:localhost/127.0.0.1:44090] for POST '/session/67c054285278ccd4a59a3c8625af4372/element'
[DEBUG] 

Request DefaultHttpRequest(decodeResult: success, version: HTTP/1.1)
POST /session/67c054285278ccd4a59a3c8625af4372/element HTTP/1.1
User-Agent: selenium/4.6.0 (java windows)
Content-Length: 129
Content-Type: application/json; charset=utf-8
host: localhost:44090
accept: */*

Response DefaultHttpResponse(decodeResult: success, version: HTTP/1.1)
HTTP/1.1 200 OK
Content-Type: application/json; charset=utf-8
cache-control: no-cache
content-length: 88

[DEBUG] Adding key: http://localhost:44090 for channel [id: 0xd1d86906, L:/127.0.0.1:54062 - R:localhost/127.0.0.1:44090]
[DEBUG] Using pooled Channel '[id: 0xd1d86906, L:/127.0.0.1:54062 - R:localhost/127.0.0.1:44090]' for 'GET' to 'http://localhost:44090/session/67c054285278ccd4a59a3c8625af4372/element/105fa288-7ab8-4e43-b1e9-77297b46ee53/text'
[DEBUG] Using open Channel [id: 0xd1d86906, L:/127.0.0.1:54062 - R:localhost/127.0.0.1:44090] for GET '/session/67c054285278ccd4a59a3c8625af4372/element/105fa288-7ab8-4e43-b1e9-77297b46ee53/text'
[DEBUG] 

Request DefaultFullHttpRequest(decodeResult: success, version: HTTP/1.1, content: EmptyByteBufBE)
GET /session/67c054285278ccd4a59a3c8625af4372/element/105fa288-7ab8-4e43-b1e9-77297b46ee53/text HTTP/1.1
User-Agent: selenium/4.6.0 (java windows)
Cache-Control: no-cache
Content-Type: application/json; charset=utf-8
host: localhost:44090
accept: */*

Response DefaultHttpResponse(decodeResult: success, version: HTTP/1.1)
HTTP/1.1 200 OK
Content-Type: application/json; charset=utf-8
cache-control: no-cache
content-length: 28

[DEBUG] Adding key: http://localhost:44090 for channel [id: 0xd1d86906, L:/127.0.0.1:54062 - R:localhost/127.0.0.1:44090]
[DEBUG] Using pooled Channel '[id: 0xd1d86906, L:/127.0.0.1:54062 - R:localhost/127.0.0.1:44090]' for 'POST' to 'http://localhost:44090/session/67c054285278ccd4a59a3c8625af4372/element'
[DEBUG] Using open Channel [id: 0xd1d86906, L:/127.0.0.1:54062 - R:localhost/127.0.0.1:44090] for POST '/session/67c054285278ccd4a59a3c8625af4372/element'
[DEBUG] 

Request DefaultHttpRequest(decodeResult: success, version: HTTP/1.1)
POST /session/67c054285278ccd4a59a3c8625af4372/element HTTP/1.1
User-Agent: selenium/4.6.0 (java windows)
Content-Length: 129
Content-Type: application/json; charset=utf-8
host: localhost:44090
accept: */*

Response DefaultHttpResponse(decodeResult: success, version: HTTP/1.1)
HTTP/1.1 200 OK
Content-Type: application/json; charset=utf-8
cache-control: no-cache
content-length: 88

[DEBUG] Adding key: http://localhost:44090 for channel [id: 0xd1d86906, L:/127.0.0.1:54062 - R:localhost/127.0.0.1:44090]
[DEBUG] Using pooled Channel '[id: 0xd1d86906, L:/127.0.0.1:54062 - R:localhost/127.0.0.1:44090]' for 'GET' to 'http://localhost:44090/session/67c054285278ccd4a59a3c8625af4372/element/d059156d-28a8-47d2-a456-ede1a056662d/text'
[DEBUG] Using open Channel [id: 0xd1d86906, L:/127.0.0.1:54062 - R:localhost/127.0.0.1:44090] for GET '/session/67c054285278ccd4a59a3c8625af4372/element/d059156d-28a8-47d2-a456-ede1a056662d/text'
[DEBUG] 

Request DefaultFullHttpRequest(decodeResult: success, version: HTTP/1.1, content: EmptyByteBufBE)
GET /session/67c054285278ccd4a59a3c8625af4372/element/d059156d-28a8-47d2-a456-ede1a056662d/text HTTP/1.1
User-Agent: selenium/4.6.0 (java windows)
Cache-Control: no-cache
Content-Type: application/json; charset=utf-8
host: localhost:44090
accept: */*

Response DefaultHttpResponse(decodeResult: success, version: HTTP/1.1)
HTTP/1.1 200 OK
Content-Type: application/json; charset=utf-8
cache-control: no-cache
content-length: 23

[DEBUG] Adding key: http://localhost:44090 for channel [id: 0xd1d86906, L:/127.0.0.1:54062 - R:localhost/127.0.0.1:44090]
[DEBUG] Using pooled Channel '[id: 0xd1d86906, L:/127.0.0.1:54062 - R:localhost/127.0.0.1:44090]' for 'POST' to 'http://localhost:44090/session/67c054285278ccd4a59a3c8625af4372/element'
[DEBUG] Using open Channel [id: 0xd1d86906, L:/127.0.0.1:54062 - R:localhost/127.0.0.1:44090] for POST '/session/67c054285278ccd4a59a3c8625af4372/element'
[DEBUG] 

Request DefaultHttpRequest(decodeResult: success, version: HTTP/1.1)
POST /session/67c054285278ccd4a59a3c8625af4372/element HTTP/1.1
User-Agent: selenium/4.6.0 (java windows)
Content-Length: 129
Content-Type: application/json; charset=utf-8
host: localhost:44090
accept: */*

Response DefaultHttpResponse(decodeResult: success, version: HTTP/1.1)
HTTP/1.1 200 OK
Content-Type: application/json; charset=utf-8
cache-control: no-cache
content-length: 88

[DEBUG] Adding key: http://localhost:44090 for channel [id: 0xd1d86906, L:/127.0.0.1:54062 - R:localhost/127.0.0.1:44090]
[DEBUG] Using pooled Channel '[id: 0xd1d86906, L:/127.0.0.1:54062 - R:localhost/127.0.0.1:44090]' for 'GET' to 'http://localhost:44090/session/67c054285278ccd4a59a3c8625af4372/element/4428e36c-8dab-4c7d-b214-9e6827cccbc4/text'
[DEBUG] Using open Channel [id: 0xd1d86906, L:/127.0.0.1:54062 - R:localhost/127.0.0.1:44090] for GET '/session/67c054285278ccd4a59a3c8625af4372/element/4428e36c-8dab-4c7d-b214-9e6827cccbc4/text'
[DEBUG] Entry count for : http://localhost:54065 : 1
[DEBUG] 

Request DefaultFullHttpRequest(decodeResult: success, version: HTTP/1.1, content: EmptyByteBufBE)
GET /session/67c054285278ccd4a59a3c8625af4372/element/4428e36c-8dab-4c7d-b214-9e6827cccbc4/text HTTP/1.1
User-Agent: selenium/4.6.0 (java windows)
Cache-Control: no-cache
Content-Type: application/json; charset=utf-8
host: localhost:44090
accept: */*

Response DefaultHttpResponse(decodeResult: success, version: HTTP/1.1)
HTTP/1.1 200 OK
Content-Type: application/json; charset=utf-8
cache-control: no-cache
content-length: 19

[DEBUG] Adding key: http://localhost:44090 for channel [id: 0xd1d86906, L:/127.0.0.1:54062 - R:localhost/127.0.0.1:44090]
[DEBUG] Using pooled Channel '[id: 0xd1d86906, L:/127.0.0.1:54062 - R:localhost/127.0.0.1:44090]' for 'POST' to 'http://localhost:44090/session/67c054285278ccd4a59a3c8625af4372/element'
[DEBUG] Using open Channel [id: 0xd1d86906, L:/127.0.0.1:54062 - R:localhost/127.0.0.1:44090] for POST '/session/67c054285278ccd4a59a3c8625af4372/element'
[DEBUG] 

Request DefaultHttpRequest(decodeResult: success, version: HTTP/1.1)
POST /session/67c054285278ccd4a59a3c8625af4372/element HTTP/1.1
User-Agent: selenium/4.6.0 (java windows)
Content-Length: 129
Content-Type: application/json; charset=utf-8
host: localhost:44090
accept: */*

Response DefaultHttpResponse(decodeResult: success, version: HTTP/1.1)
HTTP/1.1 200 OK
Content-Type: application/json; charset=utf-8
cache-control: no-cache
content-length: 88

[DEBUG] Adding key: http://localhost:44090 for channel [id: 0xd1d86906, L:/127.0.0.1:54062 - R:localhost/127.0.0.1:44090]
[DEBUG] Using pooled Channel '[id: 0xd1d86906, L:/127.0.0.1:54062 - R:localhost/127.0.0.1:44090]' for 'GET' to 'http://localhost:44090/session/67c054285278ccd4a59a3c8625af4372/element/0e114f48-8351-4123-b3a9-109e5cb5a72d/text'
[DEBUG] Using open Channel [id: 0xd1d86906, L:/127.0.0.1:54062 - R:localhost/127.0.0.1:44090] for GET '/session/67c054285278ccd4a59a3c8625af4372/element/0e114f48-8351-4123-b3a9-109e5cb5a72d/text'
[DEBUG] 

Request DefaultFullHttpRequest(decodeResult: success, version: HTTP/1.1, content: EmptyByteBufBE)
GET /session/67c054285278ccd4a59a3c8625af4372/element/0e114f48-8351-4123-b3a9-109e5cb5a72d/text HTTP/1.1
User-Agent: selenium/4.6.0 (java windows)
Cache-Control: no-cache
Content-Type: application/json; charset=utf-8
host: localhost:44090
accept: */*

Response DefaultHttpResponse(decodeResult: success, version: HTTP/1.1)
HTTP/1.1 200 OK
Content-Type: application/json; charset=utf-8
cache-control: no-cache
content-length: 28

[DEBUG] Adding key: http://localhost:44090 for channel [id: 0xd1d86906, L:/127.0.0.1:54062 - R:localhost/127.0.0.1:44090]
[DEBUG] Using pooled Channel '[id: 0xd1d86906, L:/127.0.0.1:54062 - R:localhost/127.0.0.1:44090]' for 'POST' to 'http://localhost:44090/session/67c054285278ccd4a59a3c8625af4372/element'
[DEBUG] Using open Channel [id: 0xd1d86906, L:/127.0.0.1:54062 - R:localhost/127.0.0.1:44090] for POST '/session/67c054285278ccd4a59a3c8625af4372/element'
[DEBUG] 

Request DefaultHttpRequest(decodeResult: success, version: HTTP/1.1)
POST /session/67c054285278ccd4a59a3c8625af4372/element HTTP/1.1
User-Agent: selenium/4.6.0 (java windows)
Content-Length: 129
Content-Type: application/json; charset=utf-8
host: localhost:44090
accept: */*

Response DefaultHttpResponse(decodeResult: success, version: HTTP/1.1)
HTTP/1.1 200 OK
Content-Type: application/json; charset=utf-8
cache-control: no-cache
content-length: 88

[DEBUG] Adding key: http://localhost:44090 for channel [id: 0xd1d86906, L:/127.0.0.1:54062 - R:localhost/127.0.0.1:44090]
[DEBUG] Using pooled Channel '[id: 0xd1d86906, L:/127.0.0.1:54062 - R:localhost/127.0.0.1:44090]' for 'GET' to 'http://localhost:44090/session/67c054285278ccd4a59a3c8625af4372/element/c7819153-a8d3-4f9d-9d9e-de3655c38597/text'
[DEBUG] Using open Channel [id: 0xd1d86906, L:/127.0.0.1:54062 - R:localhost/127.0.0.1:44090] for GET '/session/67c054285278ccd4a59a3c8625af4372/element/c7819153-a8d3-4f9d-9d9e-de3655c38597/text'
[DEBUG] 

Request DefaultFullHttpRequest(decodeResult: success, version: HTTP/1.1, content: EmptyByteBufBE)
GET /session/67c054285278ccd4a59a3c8625af4372/element/c7819153-a8d3-4f9d-9d9e-de3655c38597/text HTTP/1.1
User-Agent: selenium/4.6.0 (java windows)
Cache-Control: no-cache
Content-Type: application/json; charset=utf-8
host: localhost:44090
accept: */*

Response DefaultHttpResponse(decodeResult: success, version: HTTP/1.1)
HTTP/1.1 200 OK
Content-Type: application/json; charset=utf-8
cache-control: no-cache
content-length: 26

[DEBUG] Adding key: http://localhost:44090 for channel [id: 0xd1d86906, L:/127.0.0.1:54062 - R:localhost/127.0.0.1:44090]
[DEBUG] Using pooled Channel '[id: 0xd1d86906, L:/127.0.0.1:54062 - R:localhost/127.0.0.1:44090]' for 'POST' to 'http://localhost:44090/session/67c054285278ccd4a59a3c8625af4372/element'
[DEBUG] Using open Channel [id: 0xd1d86906, L:/127.0.0.1:54062 - R:localhost/127.0.0.1:44090] for POST '/session/67c054285278ccd4a59a3c8625af4372/element'
[DEBUG] 

Request DefaultHttpRequest(decodeResult: success, version: HTTP/1.1)
POST /session/67c054285278ccd4a59a3c8625af4372/element HTTP/1.1
User-Agent: selenium/4.6.0 (java windows)
Content-Length: 129
Content-Type: application/json; charset=utf-8
host: localhost:44090
accept: */*

Response DefaultHttpResponse(decodeResult: success, version: HTTP/1.1)
HTTP/1.1 200 OK
Content-Type: application/json; charset=utf-8
cache-control: no-cache
content-length: 88

[DEBUG] Adding key: http://localhost:44090 for channel [id: 0xd1d86906, L:/127.0.0.1:54062 - R:localhost/127.0.0.1:44090]
[DEBUG] Using pooled Channel '[id: 0xd1d86906, L:/127.0.0.1:54062 - R:localhost/127.0.0.1:44090]' for 'GET' to 'http://localhost:44090/session/67c054285278ccd4a59a3c8625af4372/element/9643326e-ad20-488e-932e-fd3ed55ff3b3/text'
[DEBUG] Using open Channel [id: 0xd1d86906, L:/127.0.0.1:54062 - R:localhost/127.0.0.1:44090] for GET '/session/67c054285278ccd4a59a3c8625af4372/element/9643326e-ad20-488e-932e-fd3ed55ff3b3/text'
[DEBUG] 

Request DefaultFullHttpRequest(decodeResult: success, version: HTTP/1.1, content: EmptyByteBufBE)
GET /session/67c054285278ccd4a59a3c8625af4372/element/9643326e-ad20-488e-932e-fd3ed55ff3b3/text HTTP/1.1
User-Agent: selenium/4.6.0 (java windows)
Cache-Control: no-cache
Content-Type: application/json; charset=utf-8
host: localhost:44090
accept: */*

Response DefaultHttpResponse(decodeResult: success, version: HTTP/1.1)
HTTP/1.1 200 OK
Content-Type: application/json; charset=utf-8
cache-control: no-cache
content-length: 23

[DEBUG] Adding key: http://localhost:44090 for channel [id: 0xd1d86906, L:/127.0.0.1:54062 - R:localhost/127.0.0.1:44090]
[DEBUG] Using pooled Channel '[id: 0xd1d86906, L:/127.0.0.1:54062 - R:localhost/127.0.0.1:44090]' for 'POST' to 'http://localhost:44090/session/67c054285278ccd4a59a3c8625af4372/element'
[DEBUG] Using open Channel [id: 0xd1d86906, L:/127.0.0.1:54062 - R:localhost/127.0.0.1:44090] for POST '/session/67c054285278ccd4a59a3c8625af4372/element'
[DEBUG] 

Request DefaultHttpRequest(decodeResult: success, version: HTTP/1.1)
POST /session/67c054285278ccd4a59a3c8625af4372/element HTTP/1.1
User-Agent: selenium/4.6.0 (java windows)
Content-Length: 129
Content-Type: application/json; charset=utf-8
host: localhost:44090
accept: */*

Response DefaultHttpResponse(decodeResult: success, version: HTTP/1.1)
HTTP/1.1 200 OK
Content-Type: application/json; charset=utf-8
cache-control: no-cache
content-length: 88

[DEBUG] Adding key: http://localhost:44090 for channel [id: 0xd1d86906, L:/127.0.0.1:54062 - R:localhost/127.0.0.1:44090]
[DEBUG] Using pooled Channel '[id: 0xd1d86906, L:/127.0.0.1:54062 - R:localhost/127.0.0.1:44090]' for 'GET' to 'http://localhost:44090/session/67c054285278ccd4a59a3c8625af4372/element/738360df-a849-4e55-8e79-ef013920431e/text'
[DEBUG] Using open Channel [id: 0xd1d86906, L:/127.0.0.1:54062 - R:localhost/127.0.0.1:44090] for GET '/session/67c054285278ccd4a59a3c8625af4372/element/738360df-a849-4e55-8e79-ef013920431e/text'
[DEBUG] 

Request DefaultFullHttpRequest(decodeResult: success, version: HTTP/1.1, content: EmptyByteBufBE)
GET /session/67c054285278ccd4a59a3c8625af4372/element/738360df-a849-4e55-8e79-ef013920431e/text HTTP/1.1
User-Agent: selenium/4.6.0 (java windows)
Cache-Control: no-cache
Content-Type: application/json; charset=utf-8
host: localhost:44090
accept: */*

Response DefaultHttpResponse(decodeResult: success, version: HTTP/1.1)
HTTP/1.1 200 OK
Content-Type: application/json; charset=utf-8
cache-control: no-cache
content-length: 18

[DEBUG] Adding key: http://localhost:44090 for channel [id: 0xd1d86906, L:/127.0.0.1:54062 - R:localhost/127.0.0.1:44090]
[DEBUG] Using pooled Channel '[id: 0xd1d86906, L:/127.0.0.1:54062 - R:localhost/127.0.0.1:44090]' for 'POST' to 'http://localhost:44090/session/67c054285278ccd4a59a3c8625af4372/element'
[DEBUG] Using open Channel [id: 0xd1d86906, L:/127.0.0.1:54062 - R:localhost/127.0.0.1:44090] for POST '/session/67c054285278ccd4a59a3c8625af4372/element'
[DEBUG] 

Request DefaultHttpRequest(decodeResult: success, version: HTTP/1.1)
POST /session/67c054285278ccd4a59a3c8625af4372/element HTTP/1.1
User-Agent: selenium/4.6.0 (java windows)
Content-Length: 129
Content-Type: application/json; charset=utf-8
host: localhost:44090
accept: */*

Response DefaultHttpResponse(decodeResult: success, version: HTTP/1.1)
HTTP/1.1 200 OK
Content-Type: application/json; charset=utf-8
cache-control: no-cache
content-length: 88

[DEBUG] Adding key: http://localhost:44090 for channel [id: 0xd1d86906, L:/127.0.0.1:54062 - R:localhost/127.0.0.1:44090]
[DEBUG] Using pooled Channel '[id: 0xd1d86906, L:/127.0.0.1:54062 - R:localhost/127.0.0.1:44090]' for 'GET' to 'http://localhost:44090/session/67c054285278ccd4a59a3c8625af4372/element/089988a9-68b1-4588-916a-bc7cdb83053d/text'
[DEBUG] Using open Channel [id: 0xd1d86906, L:/127.0.0.1:54062 - R:localhost/127.0.0.1:44090] for GET '/session/67c054285278ccd4a59a3c8625af4372/element/089988a9-68b1-4588-916a-bc7cdb83053d/text'
[DEBUG] 

Request DefaultFullHttpRequest(decodeResult: success, version: HTTP/1.1, content: EmptyByteBufBE)
GET /session/67c054285278ccd4a59a3c8625af4372/element/089988a9-68b1-4588-916a-bc7cdb83053d/text HTTP/1.1
User-Agent: selenium/4.6.0 (java windows)
Cache-Control: no-cache
Content-Type: application/json; charset=utf-8
host: localhost:44090
accept: */*

Response DefaultHttpResponse(decodeResult: success, version: HTTP/1.1)
HTTP/1.1 200 OK
Content-Type: application/json; charset=utf-8
cache-control: no-cache
content-length: 33

[DEBUG] Adding key: http://localhost:44090 for channel [id: 0xd1d86906, L:/127.0.0.1:54062 - R:localhost/127.0.0.1:44090]
[DEBUG] Using pooled Channel '[id: 0xd1d86906, L:/127.0.0.1:54062 - R:localhost/127.0.0.1:44090]' for 'POST' to 'http://localhost:44090/session/67c054285278ccd4a59a3c8625af4372/element'
[DEBUG] Using open Channel [id: 0xd1d86906, L:/127.0.0.1:54062 - R:localhost/127.0.0.1:44090] for POST '/session/67c054285278ccd4a59a3c8625af4372/element'
[DEBUG] 

Request DefaultHttpRequest(decodeResult: success, version: HTTP/1.1)
POST /session/67c054285278ccd4a59a3c8625af4372/element HTTP/1.1
User-Agent: selenium/4.6.0 (java windows)
Content-Length: 129
Content-Type: application/json; charset=utf-8
host: localhost:44090
accept: */*

Response DefaultHttpResponse(decodeResult: success, version: HTTP/1.1)
HTTP/1.1 200 OK
Content-Type: application/json; charset=utf-8
cache-control: no-cache
content-length: 88

[DEBUG] Adding key: http://localhost:44090 for channel [id: 0xd1d86906, L:/127.0.0.1:54062 - R:localhost/127.0.0.1:44090]
[DEBUG] Using pooled Channel '[id: 0xd1d86906, L:/127.0.0.1:54062 - R:localhost/127.0.0.1:44090]' for 'GET' to 'http://localhost:44090/session/67c054285278ccd4a59a3c8625af4372/element/4ac26606-b57f-4b81-80a3-9233120350e8/text'
[DEBUG] Using open Channel [id: 0xd1d86906, L:/127.0.0.1:54062 - R:localhost/127.0.0.1:44090] for GET '/session/67c054285278ccd4a59a3c8625af4372/element/4ac26606-b57f-4b81-80a3-9233120350e8/text'
[DEBUG] 

Request DefaultFullHttpRequest(decodeResult: success, version: HTTP/1.1, content: EmptyByteBufBE)
GET /session/67c054285278ccd4a59a3c8625af4372/element/4ac26606-b57f-4b81-80a3-9233120350e8/text HTTP/1.1
User-Agent: selenium/4.6.0 (java windows)
Cache-Control: no-cache
Content-Type: application/json; charset=utf-8
host: localhost:44090
accept: */*

Response DefaultHttpResponse(decodeResult: success, version: HTTP/1.1)
HTTP/1.1 200 OK
Content-Type: application/json; charset=utf-8
cache-control: no-cache
content-length: 28

[DEBUG] Adding key: http://localhost:44090 for channel [id: 0xd1d86906, L:/127.0.0.1:54062 - R:localhost/127.0.0.1:44090]
[DEBUG] Using pooled Channel '[id: 0xd1d86906, L:/127.0.0.1:54062 - R:localhost/127.0.0.1:44090]' for 'POST' to 'http://localhost:44090/session/67c054285278ccd4a59a3c8625af4372/element'
[DEBUG] Using open Channel [id: 0xd1d86906, L:/127.0.0.1:54062 - R:localhost/127.0.0.1:44090] for POST '/session/67c054285278ccd4a59a3c8625af4372/element'
[DEBUG] 

Request DefaultHttpRequest(decodeResult: success, version: HTTP/1.1)
POST /session/67c054285278ccd4a59a3c8625af4372/element HTTP/1.1
User-Agent: selenium/4.6.0 (java windows)
Content-Length: 129
Content-Type: application/json; charset=utf-8
host: localhost:44090
accept: */*

Response DefaultHttpResponse(decodeResult: success, version: HTTP/1.1)
HTTP/1.1 200 OK
Content-Type: application/json; charset=utf-8
cache-control: no-cache
content-length: 88

[DEBUG] Adding key: http://localhost:44090 for channel [id: 0xd1d86906, L:/127.0.0.1:54062 - R:localhost/127.0.0.1:44090]
[DEBUG] Using pooled Channel '[id: 0xd1d86906, L:/127.0.0.1:54062 - R:localhost/127.0.0.1:44090]' for 'GET' to 'http://localhost:44090/session/67c054285278ccd4a59a3c8625af4372/element/8e055711-15cc-4d76-bc0f-64546f732353/text'
[DEBUG] Using open Channel [id: 0xd1d86906, L:/127.0.0.1:54062 - R:localhost/127.0.0.1:44090] for GET '/session/67c054285278ccd4a59a3c8625af4372/element/8e055711-15cc-4d76-bc0f-64546f732353/text'
[DEBUG] 

Request DefaultFullHttpRequest(decodeResult: success, version: HTTP/1.1, content: EmptyByteBufBE)
GET /session/67c054285278ccd4a59a3c8625af4372/element/8e055711-15cc-4d76-bc0f-64546f732353/text HTTP/1.1
User-Agent: selenium/4.6.0 (java windows)
Cache-Control: no-cache
Content-Type: application/json; charset=utf-8
host: localhost:44090
accept: */*

Response DefaultHttpResponse(decodeResult: success, version: HTTP/1.1)
HTTP/1.1 200 OK
Content-Type: application/json; charset=utf-8
cache-control: no-cache
content-length: 23

[DEBUG] Adding key: http://localhost:44090 for channel [id: 0xd1d86906, L:/127.0.0.1:54062 - R:localhost/127.0.0.1:44090]
[DEBUG] Using pooled Channel '[id: 0xd1d86906, L:/127.0.0.1:54062 - R:localhost/127.0.0.1:44090]' for 'POST' to 'http://localhost:44090/session/67c054285278ccd4a59a3c8625af4372/element'
[DEBUG] Using open Channel [id: 0xd1d86906, L:/127.0.0.1:54062 - R:localhost/127.0.0.1:44090] for POST '/session/67c054285278ccd4a59a3c8625af4372/element'
[DEBUG] 

Request DefaultHttpRequest(decodeResult: success, version: HTTP/1.1)
POST /session/67c054285278ccd4a59a3c8625af4372/element HTTP/1.1
User-Agent: selenium/4.6.0 (java windows)
Content-Length: 129
Content-Type: application/json; charset=utf-8
host: localhost:44090
accept: */*

Response DefaultHttpResponse(decodeResult: success, version: HTTP/1.1)
HTTP/1.1 200 OK
Content-Type: application/json; charset=utf-8
cache-control: no-cache
content-length: 88

[DEBUG] Adding key: http://localhost:44090 for channel [id: 0xd1d86906, L:/127.0.0.1:54062 - R:localhost/127.0.0.1:44090]
[DEBUG] Using pooled Channel '[id: 0xd1d86906, L:/127.0.0.1:54062 - R:localhost/127.0.0.1:44090]' for 'GET' to 'http://localhost:44090/session/67c054285278ccd4a59a3c8625af4372/element/e6239cd4-902d-4727-81e2-f98df0e831b9/text'
[DEBUG] Using open Channel [id: 0xd1d86906, L:/127.0.0.1:54062 - R:localhost/127.0.0.1:44090] for GET '/session/67c054285278ccd4a59a3c8625af4372/element/e6239cd4-902d-4727-81e2-f98df0e831b9/text'
[DEBUG] 

Request DefaultFullHttpRequest(decodeResult: success, version: HTTP/1.1, content: EmptyByteBufBE)
GET /session/67c054285278ccd4a59a3c8625af4372/element/e6239cd4-902d-4727-81e2-f98df0e831b9/text HTTP/1.1
User-Agent: selenium/4.6.0 (java windows)
Cache-Control: no-cache
Content-Type: application/json; charset=utf-8
host: localhost:44090
accept: */*

Response DefaultHttpResponse(decodeResult: success, version: HTTP/1.1)
HTTP/1.1 200 OK
Content-Type: application/json; charset=utf-8
cache-control: no-cache
content-length: 18

[DEBUG] Adding key: http://localhost:44090 for channel [id: 0xd1d86906, L:/127.0.0.1:54062 - R:localhost/127.0.0.1:44090]
[DEBUG] Using pooled Channel '[id: 0xd1d86906, L:/127.0.0.1:54062 - R:localhost/127.0.0.1:44090]' for 'POST' to 'http://localhost:44090/session/67c054285278ccd4a59a3c8625af4372/element'
[DEBUG] Using open Channel [id: 0xd1d86906, L:/127.0.0.1:54062 - R:localhost/127.0.0.1:44090] for POST '/session/67c054285278ccd4a59a3c8625af4372/element'
[DEBUG] 

Request DefaultHttpRequest(decodeResult: success, version: HTTP/1.1)
POST /session/67c054285278ccd4a59a3c8625af4372/element HTTP/1.1
User-Agent: selenium/4.6.0 (java windows)
Content-Length: 129
Content-Type: application/json; charset=utf-8
host: localhost:44090
accept: */*

Response DefaultHttpResponse(decodeResult: success, version: HTTP/1.1)
HTTP/1.1 200 OK
Content-Type: application/json; charset=utf-8
cache-control: no-cache
content-length: 88

[DEBUG] Adding key: http://localhost:44090 for channel [id: 0xd1d86906, L:/127.0.0.1:54062 - R:localhost/127.0.0.1:44090]
[DEBUG] Using pooled Channel '[id: 0xd1d86906, L:/127.0.0.1:54062 - R:localhost/127.0.0.1:44090]' for 'GET' to 'http://localhost:44090/session/67c054285278ccd4a59a3c8625af4372/element/de55de62-0011-460a-aae6-db2818f38c9f/text'
[DEBUG] Using open Channel [id: 0xd1d86906, L:/127.0.0.1:54062 - R:localhost/127.0.0.1:44090] for GET '/session/67c054285278ccd4a59a3c8625af4372/element/de55de62-0011-460a-aae6-db2818f38c9f/text'
[DEBUG] 

Request DefaultFullHttpRequest(decodeResult: success, version: HTTP/1.1, content: EmptyByteBufBE)
GET /session/67c054285278ccd4a59a3c8625af4372/element/de55de62-0011-460a-aae6-db2818f38c9f/text HTTP/1.1
User-Agent: selenium/4.6.0 (java windows)
Cache-Control: no-cache
Content-Type: application/json; charset=utf-8
host: localhost:44090
accept: */*

Response DefaultHttpResponse(decodeResult: success, version: HTTP/1.1)
HTTP/1.1 200 OK
Content-Type: application/json; charset=utf-8
cache-control: no-cache
content-length: 22

[DEBUG] Adding key: http://localhost:44090 for channel [id: 0xd1d86906, L:/127.0.0.1:54062 - R:localhost/127.0.0.1:44090]
[DEBUG] Using pooled Channel '[id: 0xd1d86906, L:/127.0.0.1:54062 - R:localhost/127.0.0.1:44090]' for 'POST' to 'http://localhost:44090/session/67c054285278ccd4a59a3c8625af4372/element'
[DEBUG] Using open Channel [id: 0xd1d86906, L:/127.0.0.1:54062 - R:localhost/127.0.0.1:44090] for POST '/session/67c054285278ccd4a59a3c8625af4372/element'
[DEBUG] 

Request DefaultHttpRequest(decodeResult: success, version: HTTP/1.1)
POST /session/67c054285278ccd4a59a3c8625af4372/element HTTP/1.1
User-Agent: selenium/4.6.0 (java windows)
Content-Length: 129
Content-Type: application/json; charset=utf-8
host: localhost:44090
accept: */*

Response DefaultHttpResponse(decodeResult: success, version: HTTP/1.1)
HTTP/1.1 200 OK
Content-Type: application/json; charset=utf-8
cache-control: no-cache
content-length: 88

[DEBUG] Adding key: http://localhost:44090 for channel [id: 0xd1d86906, L:/127.0.0.1:54062 - R:localhost/127.0.0.1:44090]
[DEBUG] Using pooled Channel '[id: 0xd1d86906, L:/127.0.0.1:54062 - R:localhost/127.0.0.1:44090]' for 'GET' to 'http://localhost:44090/session/67c054285278ccd4a59a3c8625af4372/element/a85525d1-6cd9-4c1b-819f-93cca2ef23e8/text'
[DEBUG] Using open Channel [id: 0xd1d86906, L:/127.0.0.1:54062 - R:localhost/127.0.0.1:44090] for GET '/session/67c054285278ccd4a59a3c8625af4372/element/a85525d1-6cd9-4c1b-819f-93cca2ef23e8/text'
[DEBUG] 

Request DefaultFullHttpRequest(decodeResult: success, version: HTTP/1.1, content: EmptyByteBufBE)
GET /session/67c054285278ccd4a59a3c8625af4372/element/a85525d1-6cd9-4c1b-819f-93cca2ef23e8/text HTTP/1.1
User-Agent: selenium/4.6.0 (java windows)
Cache-Control: no-cache
Content-Type: application/json; charset=utf-8
host: localhost:44090
accept: */*

Response DefaultHttpResponse(decodeResult: success, version: HTTP/1.1)
HTTP/1.1 200 OK
Content-Type: application/json; charset=utf-8
cache-control: no-cache
content-length: 26

[DEBUG] Adding key: http://localhost:44090 for channel [id: 0xd1d86906, L:/127.0.0.1:54062 - R:localhost/127.0.0.1:44090]
[DEBUG] Using pooled Channel '[id: 0xd1d86906, L:/127.0.0.1:54062 - R:localhost/127.0.0.1:44090]' for 'POST' to 'http://localhost:44090/session/67c054285278ccd4a59a3c8625af4372/element'
[DEBUG] Using open Channel [id: 0xd1d86906, L:/127.0.0.1:54062 - R:localhost/127.0.0.1:44090] for POST '/session/67c054285278ccd4a59a3c8625af4372/element'
[DEBUG] 

Request DefaultHttpRequest(decodeResult: success, version: HTTP/1.1)
POST /session/67c054285278ccd4a59a3c8625af4372/element HTTP/1.1
User-Agent: selenium/4.6.0 (java windows)
Content-Length: 129
Content-Type: application/json; charset=utf-8
host: localhost:44090
accept: */*

Response DefaultHttpResponse(decodeResult: success, version: HTTP/1.1)
HTTP/1.1 200 OK
Content-Type: application/json; charset=utf-8
cache-control: no-cache
content-length: 88

[DEBUG] Adding key: http://localhost:44090 for channel [id: 0xd1d86906, L:/127.0.0.1:54062 - R:localhost/127.0.0.1:44090]
[DEBUG] Using pooled Channel '[id: 0xd1d86906, L:/127.0.0.1:54062 - R:localhost/127.0.0.1:44090]' for 'GET' to 'http://localhost:44090/session/67c054285278ccd4a59a3c8625af4372/element/4b711143-0dfb-48af-ba6a-33f3dc554150/text'
[DEBUG] Using open Channel [id: 0xd1d86906, L:/127.0.0.1:54062 - R:localhost/127.0.0.1:44090] for GET '/session/67c054285278ccd4a59a3c8625af4372/element/4b711143-0dfb-48af-ba6a-33f3dc554150/text'
[DEBUG] 

Request DefaultFullHttpRequest(decodeResult: success, version: HTTP/1.1, content: EmptyByteBufBE)
GET /session/67c054285278ccd4a59a3c8625af4372/element/4b711143-0dfb-48af-ba6a-33f3dc554150/text HTTP/1.1
User-Agent: selenium/4.6.0 (java windows)
Cache-Control: no-cache
Content-Type: application/json; charset=utf-8
host: localhost:44090
accept: */*

Response DefaultHttpResponse(decodeResult: success, version: HTTP/1.1)
HTTP/1.1 200 OK
Content-Type: application/json; charset=utf-8
cache-control: no-cache
content-length: 23

[DEBUG] Adding key: http://localhost:44090 for channel [id: 0xd1d86906, L:/127.0.0.1:54062 - R:localhost/127.0.0.1:44090]
[DEBUG] Using pooled Channel '[id: 0xd1d86906, L:/127.0.0.1:54062 - R:localhost/127.0.0.1:44090]' for 'POST' to 'http://localhost:44090/session/67c054285278ccd4a59a3c8625af4372/element'
[DEBUG] Using open Channel [id: 0xd1d86906, L:/127.0.0.1:54062 - R:localhost/127.0.0.1:44090] for POST '/session/67c054285278ccd4a59a3c8625af4372/element'
[DEBUG] 

Request DefaultHttpRequest(decodeResult: success, version: HTTP/1.1)
POST /session/67c054285278ccd4a59a3c8625af4372/element HTTP/1.1
User-Agent: selenium/4.6.0 (java windows)
Content-Length: 129
Content-Type: application/json; charset=utf-8
host: localhost:44090
accept: */*

Response DefaultHttpResponse(decodeResult: success, version: HTTP/1.1)
HTTP/1.1 200 OK
Content-Type: application/json; charset=utf-8
cache-control: no-cache
content-length: 88

[DEBUG] Adding key: http://localhost:44090 for channel [id: 0xd1d86906, L:/127.0.0.1:54062 - R:localhost/127.0.0.1:44090]
[DEBUG] Using pooled Channel '[id: 0xd1d86906, L:/127.0.0.1:54062 - R:localhost/127.0.0.1:44090]' for 'GET' to 'http://localhost:44090/session/67c054285278ccd4a59a3c8625af4372/element/3961eca5-6228-4bee-bd63-6552bb50ad71/text'
[DEBUG] Using open Channel [id: 0xd1d86906, L:/127.0.0.1:54062 - R:localhost/127.0.0.1:44090] for GET '/session/67c054285278ccd4a59a3c8625af4372/element/3961eca5-6228-4bee-bd63-6552bb50ad71/text'
[DEBUG] 

Request DefaultFullHttpRequest(decodeResult: success, version: HTTP/1.1, content: EmptyByteBufBE)
GET /session/67c054285278ccd4a59a3c8625af4372/element/3961eca5-6228-4bee-bd63-6552bb50ad71/text HTTP/1.1
User-Agent: selenium/4.6.0 (java windows)
Cache-Control: no-cache
Content-Type: application/json; charset=utf-8
host: localhost:44090
accept: */*

Response DefaultHttpResponse(decodeResult: success, version: HTTP/1.1)
HTTP/1.1 200 OK
Content-Type: application/json; charset=utf-8
cache-control: no-cache
content-length: 19

[DEBUG] Adding key: http://localhost:44090 for channel [id: 0xd1d86906, L:/127.0.0.1:54062 - R:localhost/127.0.0.1:44090]
[DEBUG] Using pooled Channel '[id: 0xd1d86906, L:/127.0.0.1:54062 - R:localhost/127.0.0.1:44090]' for 'POST' to 'http://localhost:44090/session/67c054285278ccd4a59a3c8625af4372/element'
[DEBUG] Using open Channel [id: 0xd1d86906, L:/127.0.0.1:54062 - R:localhost/127.0.0.1:44090] for POST '/session/67c054285278ccd4a59a3c8625af4372/element'
[DEBUG] 

Request DefaultHttpRequest(decodeResult: success, version: HTTP/1.1)
POST /session/67c054285278ccd4a59a3c8625af4372/element HTTP/1.1
User-Agent: selenium/4.6.0 (java windows)
Content-Length: 129
Content-Type: application/json; charset=utf-8
host: localhost:44090
accept: */*

Response DefaultHttpResponse(decodeResult: success, version: HTTP/1.1)
HTTP/1.1 200 OK
Content-Type: application/json; charset=utf-8
cache-control: no-cache
content-length: 88

[DEBUG] Adding key: http://localhost:44090 for channel [id: 0xd1d86906, L:/127.0.0.1:54062 - R:localhost/127.0.0.1:44090]
[DEBUG] Using pooled Channel '[id: 0xd1d86906, L:/127.0.0.1:54062 - R:localhost/127.0.0.1:44090]' for 'GET' to 'http://localhost:44090/session/67c054285278ccd4a59a3c8625af4372/element/d8cc36ba-0cd0-4a15-9c3a-eda78c3512ac/text'
[DEBUG] Using open Channel [id: 0xd1d86906, L:/127.0.0.1:54062 - R:localhost/127.0.0.1:44090] for GET '/session/67c054285278ccd4a59a3c8625af4372/element/d8cc36ba-0cd0-4a15-9c3a-eda78c3512ac/text'
[DEBUG] 

Request DefaultFullHttpRequest(decodeResult: success, version: HTTP/1.1, content: EmptyByteBufBE)
GET /session/67c054285278ccd4a59a3c8625af4372/element/d8cc36ba-0cd0-4a15-9c3a-eda78c3512ac/text HTTP/1.1
User-Agent: selenium/4.6.0 (java windows)
Cache-Control: no-cache
Content-Type: application/json; charset=utf-8
host: localhost:44090
accept: */*

Response DefaultHttpResponse(decodeResult: success, version: HTTP/1.1)
HTTP/1.1 200 OK
Content-Type: application/json; charset=utf-8
cache-control: no-cache
content-length: 22

[DEBUG] Adding key: http://localhost:44090 for channel [id: 0xd1d86906, L:/127.0.0.1:54062 - R:localhost/127.0.0.1:44090]
[DEBUG] Using pooled Channel '[id: 0xd1d86906, L:/127.0.0.1:54062 - R:localhost/127.0.0.1:44090]' for 'POST' to 'http://localhost:44090/session/67c054285278ccd4a59a3c8625af4372/element'
[DEBUG] Using open Channel [id: 0xd1d86906, L:/127.0.0.1:54062 - R:localhost/127.0.0.1:44090] for POST '/session/67c054285278ccd4a59a3c8625af4372/element'
[DEBUG] 

Request DefaultHttpRequest(decodeResult: success, version: HTTP/1.1)
POST /session/67c054285278ccd4a59a3c8625af4372/element HTTP/1.1
User-Agent: selenium/4.6.0 (java windows)
Content-Length: 129
Content-Type: application/json; charset=utf-8
host: localhost:44090
accept: */*

Response DefaultHttpResponse(decodeResult: success, version: HTTP/1.1)
HTTP/1.1 200 OK
Content-Type: application/json; charset=utf-8
cache-control: no-cache
content-length: 88

[DEBUG] Adding key: http://localhost:44090 for channel [id: 0xd1d86906, L:/127.0.0.1:54062 - R:localhost/127.0.0.1:44090]
[DEBUG] Using pooled Channel '[id: 0xd1d86906, L:/127.0.0.1:54062 - R:localhost/127.0.0.1:44090]' for 'GET' to 'http://localhost:44090/session/67c054285278ccd4a59a3c8625af4372/element/a176b7a7-eb07-4217-b061-d43ab3dc5654/text'
[DEBUG] Using open Channel [id: 0xd1d86906, L:/127.0.0.1:54062 - R:localhost/127.0.0.1:44090] for GET '/session/67c054285278ccd4a59a3c8625af4372/element/a176b7a7-eb07-4217-b061-d43ab3dc5654/text'
[DEBUG] 

Request DefaultFullHttpRequest(decodeResult: success, version: HTTP/1.1, content: EmptyByteBufBE)
GET /session/67c054285278ccd4a59a3c8625af4372/element/a176b7a7-eb07-4217-b061-d43ab3dc5654/text HTTP/1.1
User-Agent: selenium/4.6.0 (java windows)
Cache-Control: no-cache
Content-Type: application/json; charset=utf-8
host: localhost:44090
accept: */*

Response DefaultHttpResponse(decodeResult: success, version: HTTP/1.1)
HTTP/1.1 200 OK
Content-Type: application/json; charset=utf-8
cache-control: no-cache
content-length: 26

[DEBUG] Adding key: http://localhost:44090 for channel [id: 0xd1d86906, L:/127.0.0.1:54062 - R:localhost/127.0.0.1:44090]
[DEBUG] Using pooled Channel '[id: 0xd1d86906, L:/127.0.0.1:54062 - R:localhost/127.0.0.1:44090]' for 'POST' to 'http://localhost:44090/session/67c054285278ccd4a59a3c8625af4372/element'
[DEBUG] Using open Channel [id: 0xd1d86906, L:/127.0.0.1:54062 - R:localhost/127.0.0.1:44090] for POST '/session/67c054285278ccd4a59a3c8625af4372/element'
[DEBUG] 

Request DefaultHttpRequest(decodeResult: success, version: HTTP/1.1)
POST /session/67c054285278ccd4a59a3c8625af4372/element HTTP/1.1
User-Agent: selenium/4.6.0 (java windows)
Content-Length: 129
Content-Type: application/json; charset=utf-8
host: localhost:44090
accept: */*

Response DefaultHttpResponse(decodeResult: success, version: HTTP/1.1)
HTTP/1.1 200 OK
Content-Type: application/json; charset=utf-8
cache-control: no-cache
content-length: 88

[DEBUG] Adding key: http://localhost:44090 for channel [id: 0xd1d86906, L:/127.0.0.1:54062 - R:localhost/127.0.0.1:44090]
[DEBUG] Using pooled Channel '[id: 0xd1d86906, L:/127.0.0.1:54062 - R:localhost/127.0.0.1:44090]' for 'GET' to 'http://localhost:44090/session/67c054285278ccd4a59a3c8625af4372/element/27fa2165-f6db-4ffb-8915-6b9a4d3a30a5/text'
[DEBUG] Using open Channel [id: 0xd1d86906, L:/127.0.0.1:54062 - R:localhost/127.0.0.1:44090] for GET '/session/67c054285278ccd4a59a3c8625af4372/element/27fa2165-f6db-4ffb-8915-6b9a4d3a30a5/text'
[DEBUG] 

Request DefaultFullHttpRequest(decodeResult: success, version: HTTP/1.1, content: EmptyByteBufBE)
GET /session/67c054285278ccd4a59a3c8625af4372/element/27fa2165-f6db-4ffb-8915-6b9a4d3a30a5/text HTTP/1.1
User-Agent: selenium/4.6.0 (java windows)
Cache-Control: no-cache
Content-Type: application/json; charset=utf-8
host: localhost:44090
accept: */*

Response DefaultHttpResponse(decodeResult: success, version: HTTP/1.1)
HTTP/1.1 200 OK
Content-Type: application/json; charset=utf-8
cache-control: no-cache
content-length: 23

[DEBUG] Adding key: http://localhost:44090 for channel [id: 0xd1d86906, L:/127.0.0.1:54062 - R:localhost/127.0.0.1:44090]
[DEBUG] Using pooled Channel '[id: 0xd1d86906, L:/127.0.0.1:54062 - R:localhost/127.0.0.1:44090]' for 'POST' to 'http://localhost:44090/session/67c054285278ccd4a59a3c8625af4372/element'
[DEBUG] Using open Channel [id: 0xd1d86906, L:/127.0.0.1:54062 - R:localhost/127.0.0.1:44090] for POST '/session/67c054285278ccd4a59a3c8625af4372/element'
[DEBUG] 

Request DefaultHttpRequest(decodeResult: success, version: HTTP/1.1)
POST /session/67c054285278ccd4a59a3c8625af4372/element HTTP/1.1
User-Agent: selenium/4.6.0 (java windows)
Content-Length: 129
Content-Type: application/json; charset=utf-8
host: localhost:44090
accept: */*

Response DefaultHttpResponse(decodeResult: success, version: HTTP/1.1)
HTTP/1.1 200 OK
Content-Type: application/json; charset=utf-8
cache-control: no-cache
content-length: 88

[DEBUG] Adding key: http://localhost:44090 for channel [id: 0xd1d86906, L:/127.0.0.1:54062 - R:localhost/127.0.0.1:44090]
[DEBUG] Using pooled Channel '[id: 0xd1d86906, L:/127.0.0.1:54062 - R:localhost/127.0.0.1:44090]' for 'GET' to 'http://localhost:44090/session/67c054285278ccd4a59a3c8625af4372/element/3ee92eff-b71d-4b38-8d6f-dcec70ccbbe2/text'
[DEBUG] Using open Channel [id: 0xd1d86906, L:/127.0.0.1:54062 - R:localhost/127.0.0.1:44090] for GET '/session/67c054285278ccd4a59a3c8625af4372/element/3ee92eff-b71d-4b38-8d6f-dcec70ccbbe2/text'
[DEBUG] 

Request DefaultFullHttpRequest(decodeResult: success, version: HTTP/1.1, content: EmptyByteBufBE)
GET /session/67c054285278ccd4a59a3c8625af4372/element/3ee92eff-b71d-4b38-8d6f-dcec70ccbbe2/text HTTP/1.1
User-Agent: selenium/4.6.0 (java windows)
Cache-Control: no-cache
Content-Type: application/json; charset=utf-8
host: localhost:44090
accept: */*

Response DefaultHttpResponse(decodeResult: success, version: HTTP/1.1)
HTTP/1.1 200 OK
Content-Type: application/json; charset=utf-8
cache-control: no-cache
content-length: 20

[DEBUG] Adding key: http://localhost:44090 for channel [id: 0xd1d86906, L:/127.0.0.1:54062 - R:localhost/127.0.0.1:44090]
[DEBUG] Using pooled Channel '[id: 0xd1d86906, L:/127.0.0.1:54062 - R:localhost/127.0.0.1:44090]' for 'POST' to 'http://localhost:44090/session/67c054285278ccd4a59a3c8625af4372/element'
[DEBUG] Using open Channel [id: 0xd1d86906, L:/127.0.0.1:54062 - R:localhost/127.0.0.1:44090] for POST '/session/67c054285278ccd4a59a3c8625af4372/element'
[DEBUG] 

Request DefaultHttpRequest(decodeResult: success, version: HTTP/1.1)
POST /session/67c054285278ccd4a59a3c8625af4372/element HTTP/1.1
User-Agent: selenium/4.6.0 (java windows)
Content-Length: 129
Content-Type: application/json; charset=utf-8
host: localhost:44090
accept: */*

Response DefaultHttpResponse(decodeResult: success, version: HTTP/1.1)
HTTP/1.1 200 OK
Content-Type: application/json; charset=utf-8
cache-control: no-cache
content-length: 88

[DEBUG] Adding key: http://localhost:44090 for channel [id: 0xd1d86906, L:/127.0.0.1:54062 - R:localhost/127.0.0.1:44090]
[DEBUG] Using pooled Channel '[id: 0xd1d86906, L:/127.0.0.1:54062 - R:localhost/127.0.0.1:44090]' for 'GET' to 'http://localhost:44090/session/67c054285278ccd4a59a3c8625af4372/element/b035752c-0f3d-4de7-8a0d-83fb22ea74c6/text'
[DEBUG] Using open Channel [id: 0xd1d86906, L:/127.0.0.1:54062 - R:localhost/127.0.0.1:44090] for GET '/session/67c054285278ccd4a59a3c8625af4372/element/b035752c-0f3d-4de7-8a0d-83fb22ea74c6/text'
[DEBUG] 

Request DefaultFullHttpRequest(decodeResult: success, version: HTTP/1.1, content: EmptyByteBufBE)
GET /session/67c054285278ccd4a59a3c8625af4372/element/b035752c-0f3d-4de7-8a0d-83fb22ea74c6/text HTTP/1.1
User-Agent: selenium/4.6.0 (java windows)
Cache-Control: no-cache
Content-Type: application/json; charset=utf-8
host: localhost:44090
accept: */*

Response DefaultHttpResponse(decodeResult: success, version: HTTP/1.1)
HTTP/1.1 200 OK
Content-Type: application/json; charset=utf-8
cache-control: no-cache
content-length: 55

[DEBUG] Adding key: http://localhost:44090 for channel [id: 0xd1d86906, L:/127.0.0.1:54062 - R:localhost/127.0.0.1:44090]
[DEBUG] Using pooled Channel '[id: 0xd1d86906, L:/127.0.0.1:54062 - R:localhost/127.0.0.1:44090]' for 'POST' to 'http://localhost:44090/session/67c054285278ccd4a59a3c8625af4372/element'
[DEBUG] Using open Channel [id: 0xd1d86906, L:/127.0.0.1:54062 - R:localhost/127.0.0.1:44090] for POST '/session/67c054285278ccd4a59a3c8625af4372/element'
[DEBUG] 

Request DefaultHttpRequest(decodeResult: success, version: HTTP/1.1)
POST /session/67c054285278ccd4a59a3c8625af4372/element HTTP/1.1
User-Agent: selenium/4.6.0 (java windows)
Content-Length: 129
Content-Type: application/json; charset=utf-8
host: localhost:44090
accept: */*

Response DefaultHttpResponse(decodeResult: success, version: HTTP/1.1)
HTTP/1.1 200 OK
Content-Type: application/json; charset=utf-8
cache-control: no-cache
content-length: 88

[DEBUG] Adding key: http://localhost:44090 for channel [id: 0xd1d86906, L:/127.0.0.1:54062 - R:localhost/127.0.0.1:44090]
[DEBUG] Using pooled Channel '[id: 0xd1d86906, L:/127.0.0.1:54062 - R:localhost/127.0.0.1:44090]' for 'GET' to 'http://localhost:44090/session/67c054285278ccd4a59a3c8625af4372/element/b79816fa-8190-4bd4-8748-b02ee7c2ec10/text'
[DEBUG] Using open Channel [id: 0xd1d86906, L:/127.0.0.1:54062 - R:localhost/127.0.0.1:44090] for GET '/session/67c054285278ccd4a59a3c8625af4372/element/b79816fa-8190-4bd4-8748-b02ee7c2ec10/text'
[DEBUG] 

Request DefaultFullHttpRequest(decodeResult: success, version: HTTP/1.1, content: EmptyByteBufBE)
GET /session/67c054285278ccd4a59a3c8625af4372/element/b79816fa-8190-4bd4-8748-b02ee7c2ec10/text HTTP/1.1
User-Agent: selenium/4.6.0 (java windows)
Cache-Control: no-cache
Content-Type: application/json; charset=utf-8
host: localhost:44090
accept: */*

Response DefaultHttpResponse(decodeResult: success, version: HTTP/1.1)
HTTP/1.1 200 OK
Content-Type: application/json; charset=utf-8
cache-control: no-cache
content-length: 28

[DEBUG] Adding key: http://localhost:44090 for channel [id: 0xd1d86906, L:/127.0.0.1:54062 - R:localhost/127.0.0.1:44090]
[DEBUG] Using pooled Channel '[id: 0xd1d86906, L:/127.0.0.1:54062 - R:localhost/127.0.0.1:44090]' for 'POST' to 'http://localhost:44090/session/67c054285278ccd4a59a3c8625af4372/element'
[DEBUG] Using open Channel [id: 0xd1d86906, L:/127.0.0.1:54062 - R:localhost/127.0.0.1:44090] for POST '/session/67c054285278ccd4a59a3c8625af4372/element'
[DEBUG] 

Request DefaultHttpRequest(decodeResult: success, version: HTTP/1.1)
POST /session/67c054285278ccd4a59a3c8625af4372/element HTTP/1.1
User-Agent: selenium/4.6.0 (java windows)
Content-Length: 129
Content-Type: application/json; charset=utf-8
host: localhost:44090
accept: */*

Response DefaultHttpResponse(decodeResult: success, version: HTTP/1.1)
HTTP/1.1 200 OK
Content-Type: application/json; charset=utf-8
cache-control: no-cache
content-length: 88

[DEBUG] Adding key: http://localhost:44090 for channel [id: 0xd1d86906, L:/127.0.0.1:54062 - R:localhost/127.0.0.1:44090]
[DEBUG] Using pooled Channel '[id: 0xd1d86906, L:/127.0.0.1:54062 - R:localhost/127.0.0.1:44090]' for 'GET' to 'http://localhost:44090/session/67c054285278ccd4a59a3c8625af4372/element/8fd24653-c3f9-468f-8fa9-dd3449a1c8fd/text'
[DEBUG] Using open Channel [id: 0xd1d86906, L:/127.0.0.1:54062 - R:localhost/127.0.0.1:44090] for GET '/session/67c054285278ccd4a59a3c8625af4372/element/8fd24653-c3f9-468f-8fa9-dd3449a1c8fd/text'
[DEBUG] 

Request DefaultFullHttpRequest(decodeResult: success, version: HTTP/1.1, content: EmptyByteBufBE)
GET /session/67c054285278ccd4a59a3c8625af4372/element/8fd24653-c3f9-468f-8fa9-dd3449a1c8fd/text HTTP/1.1
User-Agent: selenium/4.6.0 (java windows)
Cache-Control: no-cache
Content-Type: application/json; charset=utf-8
host: localhost:44090
accept: */*

Response DefaultHttpResponse(decodeResult: success, version: HTTP/1.1)
HTTP/1.1 200 OK
Content-Type: application/json; charset=utf-8
cache-control: no-cache
content-length: 23

[DEBUG] Adding key: http://localhost:44090 for channel [id: 0xd1d86906, L:/127.0.0.1:54062 - R:localhost/127.0.0.1:44090]
[DEBUG] Using pooled Channel '[id: 0xd1d86906, L:/127.0.0.1:54062 - R:localhost/127.0.0.1:44090]' for 'POST' to 'http://localhost:44090/session/67c054285278ccd4a59a3c8625af4372/element'
[DEBUG] Using open Channel [id: 0xd1d86906, L:/127.0.0.1:54062 - R:localhost/127.0.0.1:44090] for POST '/session/67c054285278ccd4a59a3c8625af4372/element'
[DEBUG] 

Request DefaultHttpRequest(decodeResult: success, version: HTTP/1.1)
POST /session/67c054285278ccd4a59a3c8625af4372/element HTTP/1.1
User-Agent: selenium/4.6.0 (java windows)
Content-Length: 129
Content-Type: application/json; charset=utf-8
host: localhost:44090
accept: */*

Response DefaultHttpResponse(decodeResult: success, version: HTTP/1.1)
HTTP/1.1 200 OK
Content-Type: application/json; charset=utf-8
cache-control: no-cache
content-length: 88

[DEBUG] Adding key: http://localhost:44090 for channel [id: 0xd1d86906, L:/127.0.0.1:54062 - R:localhost/127.0.0.1:44090]
[DEBUG] Using pooled Channel '[id: 0xd1d86906, L:/127.0.0.1:54062 - R:localhost/127.0.0.1:44090]' for 'GET' to 'http://localhost:44090/session/67c054285278ccd4a59a3c8625af4372/element/e0f0ec4e-5108-47e1-b48c-ff3c51130d94/text'
[DEBUG] Using open Channel [id: 0xd1d86906, L:/127.0.0.1:54062 - R:localhost/127.0.0.1:44090] for GET '/session/67c054285278ccd4a59a3c8625af4372/element/e0f0ec4e-5108-47e1-b48c-ff3c51130d94/text'
[DEBUG] 

Request DefaultFullHttpRequest(decodeResult: success, version: HTTP/1.1, content: EmptyByteBufBE)
GET /session/67c054285278ccd4a59a3c8625af4372/element/e0f0ec4e-5108-47e1-b48c-ff3c51130d94/text HTTP/1.1
User-Agent: selenium/4.6.0 (java windows)
Cache-Control: no-cache
Content-Type: application/json; charset=utf-8
host: localhost:44090
accept: */*

Response DefaultHttpResponse(decodeResult: success, version: HTTP/1.1)
HTTP/1.1 200 OK
Content-Type: application/json; charset=utf-8
cache-control: no-cache
content-length: 21

[DEBUG] Adding key: http://localhost:44090 for channel [id: 0xd1d86906, L:/127.0.0.1:54062 - R:localhost/127.0.0.1:44090]
[DEBUG] Using pooled Channel '[id: 0xd1d86906, L:/127.0.0.1:54062 - R:localhost/127.0.0.1:44090]' for 'POST' to 'http://localhost:44090/session/67c054285278ccd4a59a3c8625af4372/element'
[DEBUG] Using open Channel [id: 0xd1d86906, L:/127.0.0.1:54062 - R:localhost/127.0.0.1:44090] for POST '/session/67c054285278ccd4a59a3c8625af4372/element'
[DEBUG] 

Request DefaultHttpRequest(decodeResult: success, version: HTTP/1.1)
POST /session/67c054285278ccd4a59a3c8625af4372/element HTTP/1.1
User-Agent: selenium/4.6.0 (java windows)
Content-Length: 129
Content-Type: application/json; charset=utf-8
host: localhost:44090
accept: */*

Response DefaultHttpResponse(decodeResult: success, version: HTTP/1.1)
HTTP/1.1 200 OK
Content-Type: application/json; charset=utf-8
cache-control: no-cache
content-length: 88

[DEBUG] Adding key: http://localhost:44090 for channel [id: 0xd1d86906, L:/127.0.0.1:54062 - R:localhost/127.0.0.1:44090]
[DEBUG] Using pooled Channel '[id: 0xd1d86906, L:/127.0.0.1:54062 - R:localhost/127.0.0.1:44090]' for 'GET' to 'http://localhost:44090/session/67c054285278ccd4a59a3c8625af4372/element/da196fc2-64ac-47ce-baf0-db2b68ea6d85/text'
[DEBUG] Using open Channel [id: 0xd1d86906, L:/127.0.0.1:54062 - R:localhost/127.0.0.1:44090] for GET '/session/67c054285278ccd4a59a3c8625af4372/element/da196fc2-64ac-47ce-baf0-db2b68ea6d85/text'
[DEBUG] 

Request DefaultFullHttpRequest(decodeResult: success, version: HTTP/1.1, content: EmptyByteBufBE)
GET /session/67c054285278ccd4a59a3c8625af4372/element/da196fc2-64ac-47ce-baf0-db2b68ea6d85/text HTTP/1.1
User-Agent: selenium/4.6.0 (java windows)
Cache-Control: no-cache
Content-Type: application/json; charset=utf-8
host: localhost:44090
accept: */*

Response DefaultHttpResponse(decodeResult: success, version: HTTP/1.1)
HTTP/1.1 200 OK
Content-Type: application/json; charset=utf-8
cache-control: no-cache
content-length: 44

[DEBUG] Adding key: http://localhost:44090 for channel [id: 0xd1d86906, L:/127.0.0.1:54062 - R:localhost/127.0.0.1:44090]
[DEBUG] Using pooled Channel '[id: 0xd1d86906, L:/127.0.0.1:54062 - R:localhost/127.0.0.1:44090]' for 'POST' to 'http://localhost:44090/session/67c054285278ccd4a59a3c8625af4372/element'
[DEBUG] Using open Channel [id: 0xd1d86906, L:/127.0.0.1:54062 - R:localhost/127.0.0.1:44090] for POST '/session/67c054285278ccd4a59a3c8625af4372/element'
[DEBUG] 

Request DefaultHttpRequest(decodeResult: success, version: HTTP/1.1)
POST /session/67c054285278ccd4a59a3c8625af4372/element HTTP/1.1
User-Agent: selenium/4.6.0 (java windows)
Content-Length: 129
Content-Type: application/json; charset=utf-8
host: localhost:44090
accept: */*

Response DefaultHttpResponse(decodeResult: success, version: HTTP/1.1)
HTTP/1.1 200 OK
Content-Type: application/json; charset=utf-8
cache-control: no-cache
content-length: 88

[DEBUG] Adding key: http://localhost:44090 for channel [id: 0xd1d86906, L:/127.0.0.1:54062 - R:localhost/127.0.0.1:44090]
[DEBUG] Using pooled Channel '[id: 0xd1d86906, L:/127.0.0.1:54062 - R:localhost/127.0.0.1:44090]' for 'GET' to 'http://localhost:44090/session/67c054285278ccd4a59a3c8625af4372/element/15772955-fe1d-46d1-895c-2f2fb8ad086a/text'
[DEBUG] Using open Channel [id: 0xd1d86906, L:/127.0.0.1:54062 - R:localhost/127.0.0.1:44090] for GET '/session/67c054285278ccd4a59a3c8625af4372/element/15772955-fe1d-46d1-895c-2f2fb8ad086a/text'
[DEBUG] 

Request DefaultFullHttpRequest(decodeResult: success, version: HTTP/1.1, content: EmptyByteBufBE)
GET /session/67c054285278ccd4a59a3c8625af4372/element/15772955-fe1d-46d1-895c-2f2fb8ad086a/text HTTP/1.1
User-Agent: selenium/4.6.0 (java windows)
Cache-Control: no-cache
Content-Type: application/json; charset=utf-8
host: localhost:44090
accept: */*

Response DefaultHttpResponse(decodeResult: success, version: HTTP/1.1)
HTTP/1.1 200 OK
Content-Type: application/json; charset=utf-8
cache-control: no-cache
content-length: 28

[DEBUG] Adding key: http://localhost:44090 for channel [id: 0xd1d86906, L:/127.0.0.1:54062 - R:localhost/127.0.0.1:44090]
[DEBUG] Using pooled Channel '[id: 0xd1d86906, L:/127.0.0.1:54062 - R:localhost/127.0.0.1:44090]' for 'POST' to 'http://localhost:44090/session/67c054285278ccd4a59a3c8625af4372/element'
[DEBUG] Using open Channel [id: 0xd1d86906, L:/127.0.0.1:54062 - R:localhost/127.0.0.1:44090] for POST '/session/67c054285278ccd4a59a3c8625af4372/element'
[DEBUG] 

Request DefaultHttpRequest(decodeResult: success, version: HTTP/1.1)
POST /session/67c054285278ccd4a59a3c8625af4372/element HTTP/1.1
User-Agent: selenium/4.6.0 (java windows)
Content-Length: 129
Content-Type: application/json; charset=utf-8
host: localhost:44090
accept: */*

Response DefaultHttpResponse(decodeResult: success, version: HTTP/1.1)
HTTP/1.1 200 OK
Content-Type: application/json; charset=utf-8
cache-control: no-cache
content-length: 88

[DEBUG] Adding key: http://localhost:44090 for channel [id: 0xd1d86906, L:/127.0.0.1:54062 - R:localhost/127.0.0.1:44090]
[DEBUG] Using pooled Channel '[id: 0xd1d86906, L:/127.0.0.1:54062 - R:localhost/127.0.0.1:44090]' for 'GET' to 'http://localhost:44090/session/67c054285278ccd4a59a3c8625af4372/element/1b7bc147-360d-452a-80e5-9e3d72ad11f4/text'
[DEBUG] Using open Channel [id: 0xd1d86906, L:/127.0.0.1:54062 - R:localhost/127.0.0.1:44090] for GET '/session/67c054285278ccd4a59a3c8625af4372/element/1b7bc147-360d-452a-80e5-9e3d72ad11f4/text'
[DEBUG] 

Request DefaultFullHttpRequest(decodeResult: success, version: HTTP/1.1, content: EmptyByteBufBE)
GET /session/67c054285278ccd4a59a3c8625af4372/element/1b7bc147-360d-452a-80e5-9e3d72ad11f4/text HTTP/1.1
User-Agent: selenium/4.6.0 (java windows)
Cache-Control: no-cache
Content-Type: application/json; charset=utf-8
host: localhost:44090
accept: */*

Response DefaultHttpResponse(decodeResult: success, version: HTTP/1.1)
HTTP/1.1 200 OK
Content-Type: application/json; charset=utf-8
cache-control: no-cache
content-length: 23

[DEBUG] Adding key: http://localhost:44090 for channel [id: 0xd1d86906, L:/127.0.0.1:54062 - R:localhost/127.0.0.1:44090]
[DEBUG] Using pooled Channel '[id: 0xd1d86906, L:/127.0.0.1:54062 - R:localhost/127.0.0.1:44090]' for 'POST' to 'http://localhost:44090/session/67c054285278ccd4a59a3c8625af4372/element'
[DEBUG] Using open Channel [id: 0xd1d86906, L:/127.0.0.1:54062 - R:localhost/127.0.0.1:44090] for POST '/session/67c054285278ccd4a59a3c8625af4372/element'
[DEBUG] 

Request DefaultHttpRequest(decodeResult: success, version: HTTP/1.1)
POST /session/67c054285278ccd4a59a3c8625af4372/element HTTP/1.1
User-Agent: selenium/4.6.0 (java windows)
Content-Length: 129
Content-Type: application/json; charset=utf-8
host: localhost:44090
accept: */*

Response DefaultHttpResponse(decodeResult: success, version: HTTP/1.1)
HTTP/1.1 200 OK
Content-Type: application/json; charset=utf-8
cache-control: no-cache
content-length: 88

[DEBUG] Adding key: http://localhost:44090 for channel [id: 0xd1d86906, L:/127.0.0.1:54062 - R:localhost/127.0.0.1:44090]
[DEBUG] Using pooled Channel '[id: 0xd1d86906, L:/127.0.0.1:54062 - R:localhost/127.0.0.1:44090]' for 'GET' to 'http://localhost:44090/session/67c054285278ccd4a59a3c8625af4372/element/f67dcb8e-365b-4996-ab75-543f5929e96b/text'
[DEBUG] Using open Channel [id: 0xd1d86906, L:/127.0.0.1:54062 - R:localhost/127.0.0.1:44090] for GET '/session/67c054285278ccd4a59a3c8625af4372/element/f67dcb8e-365b-4996-ab75-543f5929e96b/text'
[DEBUG] 

Request DefaultFullHttpRequest(decodeResult: success, version: HTTP/1.1, content: EmptyByteBufBE)
GET /session/67c054285278ccd4a59a3c8625af4372/element/f67dcb8e-365b-4996-ab75-543f5929e96b/text HTTP/1.1
User-Agent: selenium/4.6.0 (java windows)
Cache-Control: no-cache
Content-Type: application/json; charset=utf-8
host: localhost:44090
accept: */*

Response DefaultHttpResponse(decodeResult: success, version: HTTP/1.1)
HTTP/1.1 200 OK
Content-Type: application/json; charset=utf-8
cache-control: no-cache
content-length: 19

[DEBUG] Adding key: http://localhost:44090 for channel [id: 0xd1d86906, L:/127.0.0.1:54062 - R:localhost/127.0.0.1:44090]
[DEBUG] Using pooled Channel '[id: 0xd1d86906, L:/127.0.0.1:54062 - R:localhost/127.0.0.1:44090]' for 'POST' to 'http://localhost:44090/session/67c054285278ccd4a59a3c8625af4372/element'
[DEBUG] Using open Channel [id: 0xd1d86906, L:/127.0.0.1:54062 - R:localhost/127.0.0.1:44090] for POST '/session/67c054285278ccd4a59a3c8625af4372/element'
[DEBUG] 

Request DefaultHttpRequest(decodeResult: success, version: HTTP/1.1)
POST /session/67c054285278ccd4a59a3c8625af4372/element HTTP/1.1
User-Agent: selenium/4.6.0 (java windows)
Content-Length: 129
Content-Type: application/json; charset=utf-8
host: localhost:44090
accept: */*

Response DefaultHttpResponse(decodeResult: success, version: HTTP/1.1)
HTTP/1.1 200 OK
Content-Type: application/json; charset=utf-8
cache-control: no-cache
content-length: 88

[DEBUG] Adding key: http://localhost:44090 for channel [id: 0xd1d86906, L:/127.0.0.1:54062 - R:localhost/127.0.0.1:44090]
[DEBUG] Using pooled Channel '[id: 0xd1d86906, L:/127.0.0.1:54062 - R:localhost/127.0.0.1:44090]' for 'GET' to 'http://localhost:44090/session/67c054285278ccd4a59a3c8625af4372/element/6979ba79-bd62-4ebe-9dbe-b3c96aa21d1f/text'
[DEBUG] Using open Channel [id: 0xd1d86906, L:/127.0.0.1:54062 - R:localhost/127.0.0.1:44090] for GET '/session/67c054285278ccd4a59a3c8625af4372/element/6979ba79-bd62-4ebe-9dbe-b3c96aa21d1f/text'
[DEBUG] 

Request DefaultFullHttpRequest(decodeResult: success, version: HTTP/1.1, content: EmptyByteBufBE)
GET /session/67c054285278ccd4a59a3c8625af4372/element/6979ba79-bd62-4ebe-9dbe-b3c96aa21d1f/text HTTP/1.1
User-Agent: selenium/4.6.0 (java windows)
Cache-Control: no-cache
Content-Type: application/json; charset=utf-8
host: localhost:44090
accept: */*

Response DefaultHttpResponse(decodeResult: success, version: HTTP/1.1)
HTTP/1.1 200 OK
Content-Type: application/json; charset=utf-8
cache-control: no-cache
content-length: 28

[DEBUG] Adding key: http://localhost:44090 for channel [id: 0xd1d86906, L:/127.0.0.1:54062 - R:localhost/127.0.0.1:44090]
[DEBUG] Using pooled Channel '[id: 0xd1d86906, L:/127.0.0.1:54062 - R:localhost/127.0.0.1:44090]' for 'POST' to 'http://localhost:44090/session/67c054285278ccd4a59a3c8625af4372/element'
[DEBUG] Using open Channel [id: 0xd1d86906, L:/127.0.0.1:54062 - R:localhost/127.0.0.1:44090] for POST '/session/67c054285278ccd4a59a3c8625af4372/element'
[DEBUG] 

Request DefaultHttpRequest(decodeResult: success, version: HTTP/1.1)
POST /session/67c054285278ccd4a59a3c8625af4372/element HTTP/1.1
User-Agent: selenium/4.6.0 (java windows)
Content-Length: 129
Content-Type: application/json; charset=utf-8
host: localhost:44090
accept: */*

Response DefaultHttpResponse(decodeResult: success, version: HTTP/1.1)
HTTP/1.1 200 OK
Content-Type: application/json; charset=utf-8
cache-control: no-cache
content-length: 88

[DEBUG] Adding key: http://localhost:44090 for channel [id: 0xd1d86906, L:/127.0.0.1:54062 - R:localhost/127.0.0.1:44090]
[DEBUG] Using pooled Channel '[id: 0xd1d86906, L:/127.0.0.1:54062 - R:localhost/127.0.0.1:44090]' for 'GET' to 'http://localhost:44090/session/67c054285278ccd4a59a3c8625af4372/element/24109083-bde5-4866-9fd9-66a695eed5e6/text'
[DEBUG] Using open Channel [id: 0xd1d86906, L:/127.0.0.1:54062 - R:localhost/127.0.0.1:44090] for GET '/session/67c054285278ccd4a59a3c8625af4372/element/24109083-bde5-4866-9fd9-66a695eed5e6/text'
[DEBUG] 

Request DefaultFullHttpRequest(decodeResult: success, version: HTTP/1.1, content: EmptyByteBufBE)
GET /session/67c054285278ccd4a59a3c8625af4372/element/24109083-bde5-4866-9fd9-66a695eed5e6/text HTTP/1.1
User-Agent: selenium/4.6.0 (java windows)
Cache-Control: no-cache
Content-Type: application/json; charset=utf-8
host: localhost:44090
accept: */*

Response DefaultHttpResponse(decodeResult: success, version: HTTP/1.1)
HTTP/1.1 200 OK
Content-Type: application/json; charset=utf-8
cache-control: no-cache
content-length: 28

[DEBUG] Adding key: http://localhost:44090 for channel [id: 0xd1d86906, L:/127.0.0.1:54062 - R:localhost/127.0.0.1:44090]
[DEBUG] Using pooled Channel '[id: 0xd1d86906, L:/127.0.0.1:54062 - R:localhost/127.0.0.1:44090]' for 'POST' to 'http://localhost:44090/session/67c054285278ccd4a59a3c8625af4372/element'
[DEBUG] Using open Channel [id: 0xd1d86906, L:/127.0.0.1:54062 - R:localhost/127.0.0.1:44090] for POST '/session/67c054285278ccd4a59a3c8625af4372/element'
[DEBUG] 

Request DefaultHttpRequest(decodeResult: success, version: HTTP/1.1)
POST /session/67c054285278ccd4a59a3c8625af4372/element HTTP/1.1
User-Agent: selenium/4.6.0 (java windows)
Content-Length: 129
Content-Type: application/json; charset=utf-8
host: localhost:44090
accept: */*

Response DefaultHttpResponse(decodeResult: success, version: HTTP/1.1)
HTTP/1.1 200 OK
Content-Type: application/json; charset=utf-8
cache-control: no-cache
content-length: 88

[DEBUG] Adding key: http://localhost:44090 for channel [id: 0xd1d86906, L:/127.0.0.1:54062 - R:localhost/127.0.0.1:44090]
[DEBUG] Using pooled Channel '[id: 0xd1d86906, L:/127.0.0.1:54062 - R:localhost/127.0.0.1:44090]' for 'GET' to 'http://localhost:44090/session/67c054285278ccd4a59a3c8625af4372/element/cd80bea7-22fe-48d2-a9a6-0607c2c5d152/text'
[DEBUG] Using open Channel [id: 0xd1d86906, L:/127.0.0.1:54062 - R:localhost/127.0.0.1:44090] for GET '/session/67c054285278ccd4a59a3c8625af4372/element/cd80bea7-22fe-48d2-a9a6-0607c2c5d152/text'
[DEBUG] 

Request DefaultFullHttpRequest(decodeResult: success, version: HTTP/1.1, content: EmptyByteBufBE)
GET /session/67c054285278ccd4a59a3c8625af4372/element/cd80bea7-22fe-48d2-a9a6-0607c2c5d152/text HTTP/1.1
User-Agent: selenium/4.6.0 (java windows)
Cache-Control: no-cache
Content-Type: application/json; charset=utf-8
host: localhost:44090
accept: */*

Response DefaultHttpResponse(decodeResult: success, version: HTTP/1.1)
HTTP/1.1 200 OK
Content-Type: application/json; charset=utf-8
cache-control: no-cache
content-length: 23

[DEBUG] Adding key: http://localhost:44090 for channel [id: 0xd1d86906, L:/127.0.0.1:54062 - R:localhost/127.0.0.1:44090]
[DEBUG] Using pooled Channel '[id: 0xd1d86906, L:/127.0.0.1:54062 - R:localhost/127.0.0.1:44090]' for 'POST' to 'http://localhost:44090/session/67c054285278ccd4a59a3c8625af4372/element'
[DEBUG] Using open Channel [id: 0xd1d86906, L:/127.0.0.1:54062 - R:localhost/127.0.0.1:44090] for POST '/session/67c054285278ccd4a59a3c8625af4372/element'
[DEBUG] 

Request DefaultHttpRequest(decodeResult: success, version: HTTP/1.1)
POST /session/67c054285278ccd4a59a3c8625af4372/element HTTP/1.1
User-Agent: selenium/4.6.0 (java windows)
Content-Length: 129
Content-Type: application/json; charset=utf-8
host: localhost:44090
accept: */*

Response DefaultHttpResponse(decodeResult: success, version: HTTP/1.1)
HTTP/1.1 200 OK
Content-Type: application/json; charset=utf-8
cache-control: no-cache
content-length: 88

[DEBUG] Adding key: http://localhost:44090 for channel [id: 0xd1d86906, L:/127.0.0.1:54062 - R:localhost/127.0.0.1:44090]
[DEBUG] Using pooled Channel '[id: 0xd1d86906, L:/127.0.0.1:54062 - R:localhost/127.0.0.1:44090]' for 'GET' to 'http://localhost:44090/session/67c054285278ccd4a59a3c8625af4372/element/941851d1-4e19-4fb1-aa32-3dedd08a1365/text'
[DEBUG] Using open Channel [id: 0xd1d86906, L:/127.0.0.1:54062 - R:localhost/127.0.0.1:44090] for GET '/session/67c054285278ccd4a59a3c8625af4372/element/941851d1-4e19-4fb1-aa32-3dedd08a1365/text'
[DEBUG] 

Request DefaultFullHttpRequest(decodeResult: success, version: HTTP/1.1, content: EmptyByteBufBE)
GET /session/67c054285278ccd4a59a3c8625af4372/element/941851d1-4e19-4fb1-aa32-3dedd08a1365/text HTTP/1.1
User-Agent: selenium/4.6.0 (java windows)
Cache-Control: no-cache
Content-Type: application/json; charset=utf-8
host: localhost:44090
accept: */*

Response DefaultHttpResponse(decodeResult: success, version: HTTP/1.1)
HTTP/1.1 200 OK
Content-Type: application/json; charset=utf-8
cache-control: no-cache
content-length: 18

[DEBUG] Adding key: http://localhost:44090 for channel [id: 0xd1d86906, L:/127.0.0.1:54062 - R:localhost/127.0.0.1:44090]
[DEBUG] Using pooled Channel '[id: 0xd1d86906, L:/127.0.0.1:54062 - R:localhost/127.0.0.1:44090]' for 'POST' to 'http://localhost:44090/session/67c054285278ccd4a59a3c8625af4372/element'
[DEBUG] Using open Channel [id: 0xd1d86906, L:/127.0.0.1:54062 - R:localhost/127.0.0.1:44090] for POST '/session/67c054285278ccd4a59a3c8625af4372/element'
[DEBUG] 

Request DefaultHttpRequest(decodeResult: success, version: HTTP/1.1)
POST /session/67c054285278ccd4a59a3c8625af4372/element HTTP/1.1
User-Agent: selenium/4.6.0 (java windows)
Content-Length: 129
Content-Type: application/json; charset=utf-8
host: localhost:44090
accept: */*

Response DefaultHttpResponse(decodeResult: success, version: HTTP/1.1)
HTTP/1.1 200 OK
Content-Type: application/json; charset=utf-8
cache-control: no-cache
content-length: 88

[DEBUG] Adding key: http://localhost:44090 for channel [id: 0xd1d86906, L:/127.0.0.1:54062 - R:localhost/127.0.0.1:44090]
[DEBUG] Using pooled Channel '[id: 0xd1d86906, L:/127.0.0.1:54062 - R:localhost/127.0.0.1:44090]' for 'GET' to 'http://localhost:44090/session/67c054285278ccd4a59a3c8625af4372/element/6968d785-d694-4a00-9648-ca0b0b81b5ce/text'
[DEBUG] Using open Channel [id: 0xd1d86906, L:/127.0.0.1:54062 - R:localhost/127.0.0.1:44090] for GET '/session/67c054285278ccd4a59a3c8625af4372/element/6968d785-d694-4a00-9648-ca0b0b81b5ce/text'
[DEBUG] 

Request DefaultFullHttpRequest(decodeResult: success, version: HTTP/1.1, content: EmptyByteBufBE)
GET /session/67c054285278ccd4a59a3c8625af4372/element/6968d785-d694-4a00-9648-ca0b0b81b5ce/text HTTP/1.1
User-Agent: selenium/4.6.0 (java windows)
Cache-Control: no-cache
Content-Type: application/json; charset=utf-8
host: localhost:44090
accept: */*

Response DefaultHttpResponse(decodeResult: success, version: HTTP/1.1)
HTTP/1.1 200 OK
Content-Type: application/json; charset=utf-8
cache-control: no-cache
content-length: 42

[DEBUG] Adding key: http://localhost:44090 for channel [id: 0xd1d86906, L:/127.0.0.1:54062 - R:localhost/127.0.0.1:44090]
[DEBUG] Using pooled Channel '[id: 0xd1d86906, L:/127.0.0.1:54062 - R:localhost/127.0.0.1:44090]' for 'POST' to 'http://localhost:44090/session/67c054285278ccd4a59a3c8625af4372/element'
[DEBUG] Using open Channel [id: 0xd1d86906, L:/127.0.0.1:54062 - R:localhost/127.0.0.1:44090] for POST '/session/67c054285278ccd4a59a3c8625af4372/element'
[DEBUG] 

Request DefaultHttpRequest(decodeResult: success, version: HTTP/1.1)
POST /session/67c054285278ccd4a59a3c8625af4372/element HTTP/1.1
User-Agent: selenium/4.6.0 (java windows)
Content-Length: 129
Content-Type: application/json; charset=utf-8
host: localhost:44090
accept: */*

Response DefaultHttpResponse(decodeResult: success, version: HTTP/1.1)
HTTP/1.1 200 OK
Content-Type: application/json; charset=utf-8
cache-control: no-cache
content-length: 88

[DEBUG] Adding key: http://localhost:44090 for channel [id: 0xd1d86906, L:/127.0.0.1:54062 - R:localhost/127.0.0.1:44090]
[DEBUG] Using pooled Channel '[id: 0xd1d86906, L:/127.0.0.1:54062 - R:localhost/127.0.0.1:44090]' for 'GET' to 'http://localhost:44090/session/67c054285278ccd4a59a3c8625af4372/element/2128cc37-ebf2-4cb8-89ad-66250b90cbea/text'
[DEBUG] Using open Channel [id: 0xd1d86906, L:/127.0.0.1:54062 - R:localhost/127.0.0.1:44090] for GET '/session/67c054285278ccd4a59a3c8625af4372/element/2128cc37-ebf2-4cb8-89ad-66250b90cbea/text'
[DEBUG] 

Request DefaultFullHttpRequest(decodeResult: success, version: HTTP/1.1, content: EmptyByteBufBE)
GET /session/67c054285278ccd4a59a3c8625af4372/element/2128cc37-ebf2-4cb8-89ad-66250b90cbea/text HTTP/1.1
User-Agent: selenium/4.6.0 (java windows)
Cache-Control: no-cache
Content-Type: application/json; charset=utf-8
host: localhost:44090
accept: */*

Response DefaultHttpResponse(decodeResult: success, version: HTTP/1.1)
HTTP/1.1 200 OK
Content-Type: application/json; charset=utf-8
cache-control: no-cache
content-length: 28

[DEBUG] Adding key: http://localhost:44090 for channel [id: 0xd1d86906, L:/127.0.0.1:54062 - R:localhost/127.0.0.1:44090]
[DEBUG] Using pooled Channel '[id: 0xd1d86906, L:/127.0.0.1:54062 - R:localhost/127.0.0.1:44090]' for 'POST' to 'http://localhost:44090/session/67c054285278ccd4a59a3c8625af4372/element'
[DEBUG] Using open Channel [id: 0xd1d86906, L:/127.0.0.1:54062 - R:localhost/127.0.0.1:44090] for POST '/session/67c054285278ccd4a59a3c8625af4372/element'
[DEBUG] 

Request DefaultHttpRequest(decodeResult: success, version: HTTP/1.1)
POST /session/67c054285278ccd4a59a3c8625af4372/element HTTP/1.1
User-Agent: selenium/4.6.0 (java windows)
Content-Length: 129
Content-Type: application/json; charset=utf-8
host: localhost:44090
accept: */*

Response DefaultHttpResponse(decodeResult: success, version: HTTP/1.1)
HTTP/1.1 200 OK
Content-Type: application/json; charset=utf-8
cache-control: no-cache
content-length: 88

[DEBUG] Adding key: http://localhost:44090 for channel [id: 0xd1d86906, L:/127.0.0.1:54062 - R:localhost/127.0.0.1:44090]
[DEBUG] Using pooled Channel '[id: 0xd1d86906, L:/127.0.0.1:54062 - R:localhost/127.0.0.1:44090]' for 'GET' to 'http://localhost:44090/session/67c054285278ccd4a59a3c8625af4372/element/0e139a46-d943-4e5d-ac43-b0c46bc7bd31/text'
[DEBUG] Using open Channel [id: 0xd1d86906, L:/127.0.0.1:54062 - R:localhost/127.0.0.1:44090] for GET '/session/67c054285278ccd4a59a3c8625af4372/element/0e139a46-d943-4e5d-ac43-b0c46bc7bd31/text'
[DEBUG] 

Request DefaultFullHttpRequest(decodeResult: success, version: HTTP/1.1, content: EmptyByteBufBE)
GET /session/67c054285278ccd4a59a3c8625af4372/element/0e139a46-d943-4e5d-ac43-b0c46bc7bd31/text HTTP/1.1
User-Agent: selenium/4.6.0 (java windows)
Cache-Control: no-cache
Content-Type: application/json; charset=utf-8
host: localhost:44090
accept: */*

Response DefaultHttpResponse(decodeResult: success, version: HTTP/1.1)
HTTP/1.1 200 OK
Content-Type: application/json; charset=utf-8
cache-control: no-cache
content-length: 23

[DEBUG] Adding key: http://localhost:44090 for channel [id: 0xd1d86906, L:/127.0.0.1:54062 - R:localhost/127.0.0.1:44090]
[DEBUG] Using pooled Channel '[id: 0xd1d86906, L:/127.0.0.1:54062 - R:localhost/127.0.0.1:44090]' for 'POST' to 'http://localhost:44090/session/67c054285278ccd4a59a3c8625af4372/element'
[DEBUG] Using open Channel [id: 0xd1d86906, L:/127.0.0.1:54062 - R:localhost/127.0.0.1:44090] for POST '/session/67c054285278ccd4a59a3c8625af4372/element'
[DEBUG] 

Request DefaultHttpRequest(decodeResult: success, version: HTTP/1.1)
POST /session/67c054285278ccd4a59a3c8625af4372/element HTTP/1.1
User-Agent: selenium/4.6.0 (java windows)
Content-Length: 129
Content-Type: application/json; charset=utf-8
host: localhost:44090
accept: */*

Response DefaultHttpResponse(decodeResult: success, version: HTTP/1.1)
HTTP/1.1 200 OK
Content-Type: application/json; charset=utf-8
cache-control: no-cache
content-length: 88

[DEBUG] Adding key: http://localhost:44090 for channel [id: 0xd1d86906, L:/127.0.0.1:54062 - R:localhost/127.0.0.1:44090]
[DEBUG] Using pooled Channel '[id: 0xd1d86906, L:/127.0.0.1:54062 - R:localhost/127.0.0.1:44090]' for 'GET' to 'http://localhost:44090/session/67c054285278ccd4a59a3c8625af4372/element/1a8696fe-7b05-4244-b4bb-408450cd3463/text'
[DEBUG] Using open Channel [id: 0xd1d86906, L:/127.0.0.1:54062 - R:localhost/127.0.0.1:44090] for GET '/session/67c054285278ccd4a59a3c8625af4372/element/1a8696fe-7b05-4244-b4bb-408450cd3463/text'
[DEBUG] 

Request DefaultFullHttpRequest(decodeResult: success, version: HTTP/1.1, content: EmptyByteBufBE)
GET /session/67c054285278ccd4a59a3c8625af4372/element/1a8696fe-7b05-4244-b4bb-408450cd3463/text HTTP/1.1
User-Agent: selenium/4.6.0 (java windows)
Cache-Control: no-cache
Content-Type: application/json; charset=utf-8
host: localhost:44090
accept: */*

Response DefaultHttpResponse(decodeResult: success, version: HTTP/1.1)
HTTP/1.1 200 OK
Content-Type: application/json; charset=utf-8
cache-control: no-cache
content-length: 21

[DEBUG] Adding key: http://localhost:44090 for channel [id: 0xd1d86906, L:/127.0.0.1:54062 - R:localhost/127.0.0.1:44090]
[DEBUG] Using pooled Channel '[id: 0xd1d86906, L:/127.0.0.1:54062 - R:localhost/127.0.0.1:44090]' for 'POST' to 'http://localhost:44090/session/67c054285278ccd4a59a3c8625af4372/element'
[DEBUG] Using open Channel [id: 0xd1d86906, L:/127.0.0.1:54062 - R:localhost/127.0.0.1:44090] for POST '/session/67c054285278ccd4a59a3c8625af4372/element'
[DEBUG] 

Request DefaultHttpRequest(decodeResult: success, version: HTTP/1.1)
POST /session/67c054285278ccd4a59a3c8625af4372/element HTTP/1.1
User-Agent: selenium/4.6.0 (java windows)
Content-Length: 129
Content-Type: application/json; charset=utf-8
host: localhost:44090
accept: */*

Response DefaultHttpResponse(decodeResult: success, version: HTTP/1.1)
HTTP/1.1 200 OK
Content-Type: application/json; charset=utf-8
cache-control: no-cache
content-length: 88

[DEBUG] Adding key: http://localhost:44090 for channel [id: 0xd1d86906, L:/127.0.0.1:54062 - R:localhost/127.0.0.1:44090]
[DEBUG] Using pooled Channel '[id: 0xd1d86906, L:/127.0.0.1:54062 - R:localhost/127.0.0.1:44090]' for 'GET' to 'http://localhost:44090/session/67c054285278ccd4a59a3c8625af4372/element/5892346e-7ee2-4e5a-aae1-041c7c1cf824/text'
[DEBUG] Using open Channel [id: 0xd1d86906, L:/127.0.0.1:54062 - R:localhost/127.0.0.1:44090] for GET '/session/67c054285278ccd4a59a3c8625af4372/element/5892346e-7ee2-4e5a-aae1-041c7c1cf824/text'
[DEBUG] 

Request DefaultFullHttpRequest(decodeResult: success, version: HTTP/1.1, content: EmptyByteBufBE)
GET /session/67c054285278ccd4a59a3c8625af4372/element/5892346e-7ee2-4e5a-aae1-041c7c1cf824/text HTTP/1.1
User-Agent: selenium/4.6.0 (java windows)
Cache-Control: no-cache
Content-Type: application/json; charset=utf-8
host: localhost:44090
accept: */*

Response DefaultHttpResponse(decodeResult: success, version: HTTP/1.1)
HTTP/1.1 200 OK
Content-Type: application/json; charset=utf-8
cache-control: no-cache
content-length: 58

[DEBUG] Adding key: http://localhost:44090 for channel [id: 0xd1d86906, L:/127.0.0.1:54062 - R:localhost/127.0.0.1:44090]
[DEBUG] Using pooled Channel '[id: 0xd1d86906, L:/127.0.0.1:54062 - R:localhost/127.0.0.1:44090]' for 'POST' to 'http://localhost:44090/session/67c054285278ccd4a59a3c8625af4372/element'
[DEBUG] Using open Channel [id: 0xd1d86906, L:/127.0.0.1:54062 - R:localhost/127.0.0.1:44090] for POST '/session/67c054285278ccd4a59a3c8625af4372/element'
[DEBUG] 

Request DefaultHttpRequest(decodeResult: success, version: HTTP/1.1)
POST /session/67c054285278ccd4a59a3c8625af4372/element HTTP/1.1
User-Agent: selenium/4.6.0 (java windows)
Content-Length: 129
Content-Type: application/json; charset=utf-8
host: localhost:44090
accept: */*

Response DefaultHttpResponse(decodeResult: success, version: HTTP/1.1)
HTTP/1.1 200 OK
Content-Type: application/json; charset=utf-8
cache-control: no-cache
content-length: 88

[DEBUG] Adding key: http://localhost:44090 for channel [id: 0xd1d86906, L:/127.0.0.1:54062 - R:localhost/127.0.0.1:44090]
[DEBUG] Using pooled Channel '[id: 0xd1d86906, L:/127.0.0.1:54062 - R:localhost/127.0.0.1:44090]' for 'GET' to 'http://localhost:44090/session/67c054285278ccd4a59a3c8625af4372/element/5e1b1fbd-9916-43bd-9cd3-70e4c8e9bdb1/text'
[DEBUG] Using open Channel [id: 0xd1d86906, L:/127.0.0.1:54062 - R:localhost/127.0.0.1:44090] for GET '/session/67c054285278ccd4a59a3c8625af4372/element/5e1b1fbd-9916-43bd-9cd3-70e4c8e9bdb1/text'
[DEBUG] 

Request DefaultFullHttpRequest(decodeResult: success, version: HTTP/1.1, content: EmptyByteBufBE)
GET /session/67c054285278ccd4a59a3c8625af4372/element/5e1b1fbd-9916-43bd-9cd3-70e4c8e9bdb1/text HTTP/1.1
User-Agent: selenium/4.6.0 (java windows)
Cache-Control: no-cache
Content-Type: application/json; charset=utf-8
host: localhost:44090
accept: */*

Response DefaultHttpResponse(decodeResult: success, version: HTTP/1.1)
HTTP/1.1 200 OK
Content-Type: application/json; charset=utf-8
cache-control: no-cache
content-length: 28

[DEBUG] Adding key: http://localhost:44090 for channel [id: 0xd1d86906, L:/127.0.0.1:54062 - R:localhost/127.0.0.1:44090]
[DEBUG] Using pooled Channel '[id: 0xd1d86906, L:/127.0.0.1:54062 - R:localhost/127.0.0.1:44090]' for 'POST' to 'http://localhost:44090/session/67c054285278ccd4a59a3c8625af4372/element'
[DEBUG] Using open Channel [id: 0xd1d86906, L:/127.0.0.1:54062 - R:localhost/127.0.0.1:44090] for POST '/session/67c054285278ccd4a59a3c8625af4372/element'
[DEBUG] 

Request DefaultHttpRequest(decodeResult: success, version: HTTP/1.1)
POST /session/67c054285278ccd4a59a3c8625af4372/element HTTP/1.1
User-Agent: selenium/4.6.0 (java windows)
Content-Length: 129
Content-Type: application/json; charset=utf-8
host: localhost:44090
accept: */*

Response DefaultHttpResponse(decodeResult: success, version: HTTP/1.1)
HTTP/1.1 200 OK
Content-Type: application/json; charset=utf-8
cache-control: no-cache
content-length: 88

[DEBUG] Adding key: http://localhost:44090 for channel [id: 0xd1d86906, L:/127.0.0.1:54062 - R:localhost/127.0.0.1:44090]
[DEBUG] Using pooled Channel '[id: 0xd1d86906, L:/127.0.0.1:54062 - R:localhost/127.0.0.1:44090]' for 'GET' to 'http://localhost:44090/session/67c054285278ccd4a59a3c8625af4372/element/8d11cfa7-6c19-42fa-a639-83430f554c4d/text'
[DEBUG] Using open Channel [id: 0xd1d86906, L:/127.0.0.1:54062 - R:localhost/127.0.0.1:44090] for GET '/session/67c054285278ccd4a59a3c8625af4372/element/8d11cfa7-6c19-42fa-a639-83430f554c4d/text'
[DEBUG] 

Request DefaultFullHttpRequest(decodeResult: success, version: HTTP/1.1, content: EmptyByteBufBE)
GET /session/67c054285278ccd4a59a3c8625af4372/element/8d11cfa7-6c19-42fa-a639-83430f554c4d/text HTTP/1.1
User-Agent: selenium/4.6.0 (java windows)
Cache-Control: no-cache
Content-Type: application/json; charset=utf-8
host: localhost:44090
accept: */*

Response DefaultHttpResponse(decodeResult: success, version: HTTP/1.1)
HTTP/1.1 200 OK
Content-Type: application/json; charset=utf-8
cache-control: no-cache
content-length: 23

[DEBUG] Adding key: http://localhost:44090 for channel [id: 0xd1d86906, L:/127.0.0.1:54062 - R:localhost/127.0.0.1:44090]
[DEBUG] Using pooled Channel '[id: 0xd1d86906, L:/127.0.0.1:54062 - R:localhost/127.0.0.1:44090]' for 'POST' to 'http://localhost:44090/session/67c054285278ccd4a59a3c8625af4372/element'
[DEBUG] Using open Channel [id: 0xd1d86906, L:/127.0.0.1:54062 - R:localhost/127.0.0.1:44090] for POST '/session/67c054285278ccd4a59a3c8625af4372/element'
[DEBUG] 

Request DefaultHttpRequest(decodeResult: success, version: HTTP/1.1)
POST /session/67c054285278ccd4a59a3c8625af4372/element HTTP/1.1
User-Agent: selenium/4.6.0 (java windows)
Content-Length: 129
Content-Type: application/json; charset=utf-8
host: localhost:44090
accept: */*

Response DefaultHttpResponse(decodeResult: success, version: HTTP/1.1)
HTTP/1.1 200 OK
Content-Type: application/json; charset=utf-8
cache-control: no-cache
content-length: 88

[DEBUG] Adding key: http://localhost:44090 for channel [id: 0xd1d86906, L:/127.0.0.1:54062 - R:localhost/127.0.0.1:44090]
[DEBUG] Using pooled Channel '[id: 0xd1d86906, L:/127.0.0.1:54062 - R:localhost/127.0.0.1:44090]' for 'GET' to 'http://localhost:44090/session/67c054285278ccd4a59a3c8625af4372/element/80f05155-d45d-463e-bfc8-bc9eea496ea9/text'
[DEBUG] Using open Channel [id: 0xd1d86906, L:/127.0.0.1:54062 - R:localhost/127.0.0.1:44090] for GET '/session/67c054285278ccd4a59a3c8625af4372/element/80f05155-d45d-463e-bfc8-bc9eea496ea9/text'
[DEBUG] 

Request DefaultFullHttpRequest(decodeResult: success, version: HTTP/1.1, content: EmptyByteBufBE)
GET /session/67c054285278ccd4a59a3c8625af4372/element/80f05155-d45d-463e-bfc8-bc9eea496ea9/text HTTP/1.1
User-Agent: selenium/4.6.0 (java windows)
Cache-Control: no-cache
Content-Type: application/json; charset=utf-8
host: localhost:44090
accept: */*

Response DefaultHttpResponse(decodeResult: success, version: HTTP/1.1)
HTTP/1.1 200 OK
Content-Type: application/json; charset=utf-8
cache-control: no-cache
content-length: 20

[DEBUG] Adding key: http://localhost:44090 for channel [id: 0xd1d86906, L:/127.0.0.1:54062 - R:localhost/127.0.0.1:44090]
[DEBUG] Using pooled Channel '[id: 0xd1d86906, L:/127.0.0.1:54062 - R:localhost/127.0.0.1:44090]' for 'POST' to 'http://localhost:44090/session/67c054285278ccd4a59a3c8625af4372/element'
[DEBUG] Using open Channel [id: 0xd1d86906, L:/127.0.0.1:54062 - R:localhost/127.0.0.1:44090] for POST '/session/67c054285278ccd4a59a3c8625af4372/element'
[DEBUG] 

Request DefaultHttpRequest(decodeResult: success, version: HTTP/1.1)
POST /session/67c054285278ccd4a59a3c8625af4372/element HTTP/1.1
User-Agent: selenium/4.6.0 (java windows)
Content-Length: 129
Content-Type: application/json; charset=utf-8
host: localhost:44090
accept: */*

Response DefaultHttpResponse(decodeResult: success, version: HTTP/1.1)
HTTP/1.1 200 OK
Content-Type: application/json; charset=utf-8
cache-control: no-cache
content-length: 88

[DEBUG] Adding key: http://localhost:44090 for channel [id: 0xd1d86906, L:/127.0.0.1:54062 - R:localhost/127.0.0.1:44090]
[DEBUG] Using pooled Channel '[id: 0xd1d86906, L:/127.0.0.1:54062 - R:localhost/127.0.0.1:44090]' for 'GET' to 'http://localhost:44090/session/67c054285278ccd4a59a3c8625af4372/element/970f1287-80b7-42b6-85e0-9d8468ae9487/text'
[DEBUG] Using open Channel [id: 0xd1d86906, L:/127.0.0.1:54062 - R:localhost/127.0.0.1:44090] for GET '/session/67c054285278ccd4a59a3c8625af4372/element/970f1287-80b7-42b6-85e0-9d8468ae9487/text'
[DEBUG] 

Request DefaultFullHttpRequest(decodeResult: success, version: HTTP/1.1, content: EmptyByteBufBE)
GET /session/67c054285278ccd4a59a3c8625af4372/element/970f1287-80b7-42b6-85e0-9d8468ae9487/text HTTP/1.1
User-Agent: selenium/4.6.0 (java windows)
Cache-Control: no-cache
Content-Type: application/json; charset=utf-8
host: localhost:44090
accept: */*

Response DefaultHttpResponse(decodeResult: success, version: HTTP/1.1)
HTTP/1.1 200 OK
Content-Type: application/json; charset=utf-8
cache-control: no-cache
content-length: 28

[DEBUG] Adding key: http://localhost:44090 for channel [id: 0xd1d86906, L:/127.0.0.1:54062 - R:localhost/127.0.0.1:44090]
[DEBUG] Using pooled Channel '[id: 0xd1d86906, L:/127.0.0.1:54062 - R:localhost/127.0.0.1:44090]' for 'POST' to 'http://localhost:44090/session/67c054285278ccd4a59a3c8625af4372/element'
[DEBUG] Using open Channel [id: 0xd1d86906, L:/127.0.0.1:54062 - R:localhost/127.0.0.1:44090] for POST '/session/67c054285278ccd4a59a3c8625af4372/element'
[DEBUG] 

Request DefaultHttpRequest(decodeResult: success, version: HTTP/1.1)
POST /session/67c054285278ccd4a59a3c8625af4372/element HTTP/1.1
User-Agent: selenium/4.6.0 (java windows)
Content-Length: 129
Content-Type: application/json; charset=utf-8
host: localhost:44090
accept: */*

Response DefaultHttpResponse(decodeResult: success, version: HTTP/1.1)
HTTP/1.1 200 OK
Content-Type: application/json; charset=utf-8
cache-control: no-cache
content-length: 88

[DEBUG] Adding key: http://localhost:44090 for channel [id: 0xd1d86906, L:/127.0.0.1:54062 - R:localhost/127.0.0.1:44090]
[DEBUG] Using pooled Channel '[id: 0xd1d86906, L:/127.0.0.1:54062 - R:localhost/127.0.0.1:44090]' for 'GET' to 'http://localhost:44090/session/67c054285278ccd4a59a3c8625af4372/element/ca7f7f7c-83ed-46e3-ae88-7bf1b4603513/text'
[DEBUG] Using open Channel [id: 0xd1d86906, L:/127.0.0.1:54062 - R:localhost/127.0.0.1:44090] for GET '/session/67c054285278ccd4a59a3c8625af4372/element/ca7f7f7c-83ed-46e3-ae88-7bf1b4603513/text'
[DEBUG] 

Request DefaultFullHttpRequest(decodeResult: success, version: HTTP/1.1, content: EmptyByteBufBE)
GET /session/67c054285278ccd4a59a3c8625af4372/element/ca7f7f7c-83ed-46e3-ae88-7bf1b4603513/text HTTP/1.1
User-Agent: selenium/4.6.0 (java windows)
Cache-Control: no-cache
Content-Type: application/json; charset=utf-8
host: localhost:44090
accept: */*

Response DefaultHttpResponse(decodeResult: success, version: HTTP/1.1)
HTTP/1.1 200 OK
Content-Type: application/json; charset=utf-8
cache-control: no-cache
content-length: 28

[DEBUG] Adding key: http://localhost:44090 for channel [id: 0xd1d86906, L:/127.0.0.1:54062 - R:localhost/127.0.0.1:44090]
[DEBUG] Using pooled Channel '[id: 0xd1d86906, L:/127.0.0.1:54062 - R:localhost/127.0.0.1:44090]' for 'POST' to 'http://localhost:44090/session/67c054285278ccd4a59a3c8625af4372/element'
[DEBUG] Using open Channel [id: 0xd1d86906, L:/127.0.0.1:54062 - R:localhost/127.0.0.1:44090] for POST '/session/67c054285278ccd4a59a3c8625af4372/element'
[DEBUG] 

Request DefaultHttpRequest(decodeResult: success, version: HTTP/1.1)
POST /session/67c054285278ccd4a59a3c8625af4372/element HTTP/1.1
User-Agent: selenium/4.6.0 (java windows)
Content-Length: 129
Content-Type: application/json; charset=utf-8
host: localhost:44090
accept: */*

Response DefaultHttpResponse(decodeResult: success, version: HTTP/1.1)
HTTP/1.1 200 OK
Content-Type: application/json; charset=utf-8
cache-control: no-cache
content-length: 88

[DEBUG] Adding key: http://localhost:44090 for channel [id: 0xd1d86906, L:/127.0.0.1:54062 - R:localhost/127.0.0.1:44090]
[DEBUG] Using pooled Channel '[id: 0xd1d86906, L:/127.0.0.1:54062 - R:localhost/127.0.0.1:44090]' for 'GET' to 'http://localhost:44090/session/67c054285278ccd4a59a3c8625af4372/element/6da3655e-2492-443c-9031-68435183aae7/text'
[DEBUG] Using open Channel [id: 0xd1d86906, L:/127.0.0.1:54062 - R:localhost/127.0.0.1:44090] for GET '/session/67c054285278ccd4a59a3c8625af4372/element/6da3655e-2492-443c-9031-68435183aae7/text'
[DEBUG] 

Request DefaultFullHttpRequest(decodeResult: success, version: HTTP/1.1, content: EmptyByteBufBE)
GET /session/67c054285278ccd4a59a3c8625af4372/element/6da3655e-2492-443c-9031-68435183aae7/text HTTP/1.1
User-Agent: selenium/4.6.0 (java windows)
Cache-Control: no-cache
Content-Type: application/json; charset=utf-8
host: localhost:44090
accept: */*

Response DefaultHttpResponse(decodeResult: success, version: HTTP/1.1)
HTTP/1.1 200 OK
Content-Type: application/json; charset=utf-8
cache-control: no-cache
content-length: 23

[DEBUG] Adding key: http://localhost:44090 for channel [id: 0xd1d86906, L:/127.0.0.1:54062 - R:localhost/127.0.0.1:44090]
[DEBUG] Using pooled Channel '[id: 0xd1d86906, L:/127.0.0.1:54062 - R:localhost/127.0.0.1:44090]' for 'POST' to 'http://localhost:44090/session/67c054285278ccd4a59a3c8625af4372/element'
[DEBUG] Using open Channel [id: 0xd1d86906, L:/127.0.0.1:54062 - R:localhost/127.0.0.1:44090] for POST '/session/67c054285278ccd4a59a3c8625af4372/element'
[DEBUG] 

Request DefaultHttpRequest(decodeResult: success, version: HTTP/1.1)
POST /session/67c054285278ccd4a59a3c8625af4372/element HTTP/1.1
User-Agent: selenium/4.6.0 (java windows)
Content-Length: 129
Content-Type: application/json; charset=utf-8
host: localhost:44090
accept: */*

Response DefaultHttpResponse(decodeResult: success, version: HTTP/1.1)
HTTP/1.1 200 OK
Content-Type: application/json; charset=utf-8
cache-control: no-cache
content-length: 88

[DEBUG] Adding key: http://localhost:44090 for channel [id: 0xd1d86906, L:/127.0.0.1:54062 - R:localhost/127.0.0.1:44090]
[DEBUG] Using pooled Channel '[id: 0xd1d86906, L:/127.0.0.1:54062 - R:localhost/127.0.0.1:44090]' for 'GET' to 'http://localhost:44090/session/67c054285278ccd4a59a3c8625af4372/element/2d8c54b3-0144-46c4-a189-92360aa54c42/text'
[DEBUG] Using open Channel [id: 0xd1d86906, L:/127.0.0.1:54062 - R:localhost/127.0.0.1:44090] for GET '/session/67c054285278ccd4a59a3c8625af4372/element/2d8c54b3-0144-46c4-a189-92360aa54c42/text'
[DEBUG] 

Request DefaultFullHttpRequest(decodeResult: success, version: HTTP/1.1, content: EmptyByteBufBE)
GET /session/67c054285278ccd4a59a3c8625af4372/element/2d8c54b3-0144-46c4-a189-92360aa54c42/text HTTP/1.1
User-Agent: selenium/4.6.0 (java windows)
Cache-Control: no-cache
Content-Type: application/json; charset=utf-8
host: localhost:44090
accept: */*

Response DefaultHttpResponse(decodeResult: success, version: HTTP/1.1)
HTTP/1.1 200 OK
Content-Type: application/json; charset=utf-8
cache-control: no-cache
content-length: 18

[DEBUG] Adding key: http://localhost:44090 for channel [id: 0xd1d86906, L:/127.0.0.1:54062 - R:localhost/127.0.0.1:44090]
[DEBUG] Using pooled Channel '[id: 0xd1d86906, L:/127.0.0.1:54062 - R:localhost/127.0.0.1:44090]' for 'POST' to 'http://localhost:44090/session/67c054285278ccd4a59a3c8625af4372/element'
[DEBUG] Using open Channel [id: 0xd1d86906, L:/127.0.0.1:54062 - R:localhost/127.0.0.1:44090] for POST '/session/67c054285278ccd4a59a3c8625af4372/element'
[DEBUG] 

Request DefaultHttpRequest(decodeResult: success, version: HTTP/1.1)
POST /session/67c054285278ccd4a59a3c8625af4372/element HTTP/1.1
User-Agent: selenium/4.6.0 (java windows)
Content-Length: 129
Content-Type: application/json; charset=utf-8
host: localhost:44090
accept: */*

Response DefaultHttpResponse(decodeResult: success, version: HTTP/1.1)
HTTP/1.1 200 OK
Content-Type: application/json; charset=utf-8
cache-control: no-cache
content-length: 88

[DEBUG] Adding key: http://localhost:44090 for channel [id: 0xd1d86906, L:/127.0.0.1:54062 - R:localhost/127.0.0.1:44090]
[DEBUG] Using pooled Channel '[id: 0xd1d86906, L:/127.0.0.1:54062 - R:localhost/127.0.0.1:44090]' for 'GET' to 'http://localhost:44090/session/67c054285278ccd4a59a3c8625af4372/element/44945b0d-746f-4eb2-872a-da7ebf1f43a4/text'
[DEBUG] Using open Channel [id: 0xd1d86906, L:/127.0.0.1:54062 - R:localhost/127.0.0.1:44090] for GET '/session/67c054285278ccd4a59a3c8625af4372/element/44945b0d-746f-4eb2-872a-da7ebf1f43a4/text'
[DEBUG] 

Request DefaultFullHttpRequest(decodeResult: success, version: HTTP/1.1, content: EmptyByteBufBE)
GET /session/67c054285278ccd4a59a3c8625af4372/element/44945b0d-746f-4eb2-872a-da7ebf1f43a4/text HTTP/1.1
User-Agent: selenium/4.6.0 (java windows)
Cache-Control: no-cache
Content-Type: application/json; charset=utf-8
host: localhost:44090
accept: */*

Response DefaultHttpResponse(decodeResult: success, version: HTTP/1.1)
HTTP/1.1 200 OK
Content-Type: application/json; charset=utf-8
cache-control: no-cache
content-length: 27

[DEBUG] Adding key: http://localhost:44090 for channel [id: 0xd1d86906, L:/127.0.0.1:54062 - R:localhost/127.0.0.1:44090]
[DEBUG] Using pooled Channel '[id: 0xd1d86906, L:/127.0.0.1:54062 - R:localhost/127.0.0.1:44090]' for 'POST' to 'http://localhost:44090/session/67c054285278ccd4a59a3c8625af4372/element'
[DEBUG] Using open Channel [id: 0xd1d86906, L:/127.0.0.1:54062 - R:localhost/127.0.0.1:44090] for POST '/session/67c054285278ccd4a59a3c8625af4372/element'
[DEBUG] 

Request DefaultHttpRequest(decodeResult: success, version: HTTP/1.1)
POST /session/67c054285278ccd4a59a3c8625af4372/element HTTP/1.1
User-Agent: selenium/4.6.0 (java windows)
Content-Length: 129
Content-Type: application/json; charset=utf-8
host: localhost:44090
accept: */*

Response DefaultHttpResponse(decodeResult: success, version: HTTP/1.1)
HTTP/1.1 200 OK
Content-Type: application/json; charset=utf-8
cache-control: no-cache
content-length: 88

[DEBUG] Adding key: http://localhost:44090 for channel [id: 0xd1d86906, L:/127.0.0.1:54062 - R:localhost/127.0.0.1:44090]
[DEBUG] Using pooled Channel '[id: 0xd1d86906, L:/127.0.0.1:54062 - R:localhost/127.0.0.1:44090]' for 'GET' to 'http://localhost:44090/session/67c054285278ccd4a59a3c8625af4372/element/e13cb251-5d47-4b3c-a575-ba811e47d14b/text'
[DEBUG] Using open Channel [id: 0xd1d86906, L:/127.0.0.1:54062 - R:localhost/127.0.0.1:44090] for GET '/session/67c054285278ccd4a59a3c8625af4372/element/e13cb251-5d47-4b3c-a575-ba811e47d14b/text'
[DEBUG] 

Request DefaultFullHttpRequest(decodeResult: success, version: HTTP/1.1, content: EmptyByteBufBE)
GET /session/67c054285278ccd4a59a3c8625af4372/element/e13cb251-5d47-4b3c-a575-ba811e47d14b/text HTTP/1.1
User-Agent: selenium/4.6.0 (java windows)
Cache-Control: no-cache
Content-Type: application/json; charset=utf-8
host: localhost:44090
accept: */*

Response DefaultHttpResponse(decodeResult: success, version: HTTP/1.1)
HTTP/1.1 200 OK
Content-Type: application/json; charset=utf-8
cache-control: no-cache
content-length: 26

[DEBUG] Adding key: http://localhost:44090 for channel [id: 0xd1d86906, L:/127.0.0.1:54062 - R:localhost/127.0.0.1:44090]
[DEBUG] Using pooled Channel '[id: 0xd1d86906, L:/127.0.0.1:54062 - R:localhost/127.0.0.1:44090]' for 'POST' to 'http://localhost:44090/session/67c054285278ccd4a59a3c8625af4372/element'
[DEBUG] Using open Channel [id: 0xd1d86906, L:/127.0.0.1:54062 - R:localhost/127.0.0.1:44090] for POST '/session/67c054285278ccd4a59a3c8625af4372/element'
[DEBUG] 

Request DefaultHttpRequest(decodeResult: success, version: HTTP/1.1)
POST /session/67c054285278ccd4a59a3c8625af4372/element HTTP/1.1
User-Agent: selenium/4.6.0 (java windows)
Content-Length: 129
Content-Type: application/json; charset=utf-8
host: localhost:44090
accept: */*

Response DefaultHttpResponse(decodeResult: success, version: HTTP/1.1)
HTTP/1.1 200 OK
Content-Type: application/json; charset=utf-8
cache-control: no-cache
content-length: 88

[DEBUG] Adding key: http://localhost:44090 for channel [id: 0xd1d86906, L:/127.0.0.1:54062 - R:localhost/127.0.0.1:44090]
[DEBUG] Using pooled Channel '[id: 0xd1d86906, L:/127.0.0.1:54062 - R:localhost/127.0.0.1:44090]' for 'GET' to 'http://localhost:44090/session/67c054285278ccd4a59a3c8625af4372/element/6e0214ca-3b95-4b77-81b6-aebf9f84a937/text'
[DEBUG] Using open Channel [id: 0xd1d86906, L:/127.0.0.1:54062 - R:localhost/127.0.0.1:44090] for GET '/session/67c054285278ccd4a59a3c8625af4372/element/6e0214ca-3b95-4b77-81b6-aebf9f84a937/text'
[DEBUG] 

Request DefaultFullHttpRequest(decodeResult: success, version: HTTP/1.1, content: EmptyByteBufBE)
GET /session/67c054285278ccd4a59a3c8625af4372/element/6e0214ca-3b95-4b77-81b6-aebf9f84a937/text HTTP/1.1
User-Agent: selenium/4.6.0 (java windows)
Cache-Control: no-cache
Content-Type: application/json; charset=utf-8
host: localhost:44090
accept: */*

Response DefaultHttpResponse(decodeResult: success, version: HTTP/1.1)
HTTP/1.1 200 OK
Content-Type: application/json; charset=utf-8
cache-control: no-cache
content-length: 23

[DEBUG] Adding key: http://localhost:44090 for channel [id: 0xd1d86906, L:/127.0.0.1:54062 - R:localhost/127.0.0.1:44090]
[DEBUG] Using pooled Channel '[id: 0xd1d86906, L:/127.0.0.1:54062 - R:localhost/127.0.0.1:44090]' for 'POST' to 'http://localhost:44090/session/67c054285278ccd4a59a3c8625af4372/element'
[DEBUG] Using open Channel [id: 0xd1d86906, L:/127.0.0.1:54062 - R:localhost/127.0.0.1:44090] for POST '/session/67c054285278ccd4a59a3c8625af4372/element'
[DEBUG] Entry count for : http://localhost:54065 : 1
[DEBUG] 

Request DefaultHttpRequest(decodeResult: success, version: HTTP/1.1)
POST /session/67c054285278ccd4a59a3c8625af4372/element HTTP/1.1
User-Agent: selenium/4.6.0 (java windows)
Content-Length: 129
Content-Type: application/json; charset=utf-8
host: localhost:44090
accept: */*

Response DefaultHttpResponse(decodeResult: success, version: HTTP/1.1)
HTTP/1.1 200 OK
Content-Type: application/json; charset=utf-8
cache-control: no-cache
content-length: 88

[DEBUG] Adding key: http://localhost:44090 for channel [id: 0xd1d86906, L:/127.0.0.1:54062 - R:localhost/127.0.0.1:44090]
[DEBUG] Using pooled Channel '[id: 0xd1d86906, L:/127.0.0.1:54062 - R:localhost/127.0.0.1:44090]' for 'GET' to 'http://localhost:44090/session/67c054285278ccd4a59a3c8625af4372/element/37dad418-bf54-40a8-8032-4257ecac4267/text'
[DEBUG] Using open Channel [id: 0xd1d86906, L:/127.0.0.1:54062 - R:localhost/127.0.0.1:44090] for GET '/session/67c054285278ccd4a59a3c8625af4372/element/37dad418-bf54-40a8-8032-4257ecac4267/text'
[DEBUG] 

Request DefaultFullHttpRequest(decodeResult: success, version: HTTP/1.1, content: EmptyByteBufBE)
GET /session/67c054285278ccd4a59a3c8625af4372/element/37dad418-bf54-40a8-8032-4257ecac4267/text HTTP/1.1
User-Agent: selenium/4.6.0 (java windows)
Cache-Control: no-cache
Content-Type: application/json; charset=utf-8
host: localhost:44090
accept: */*

Response DefaultHttpResponse(decodeResult: success, version: HTTP/1.1)
HTTP/1.1 200 OK
Content-Type: application/json; charset=utf-8
cache-control: no-cache
content-length: 18

[DEBUG] Adding key: http://localhost:44090 for channel [id: 0xd1d86906, L:/127.0.0.1:54062 - R:localhost/127.0.0.1:44090]
[DEBUG] Using pooled Channel '[id: 0xd1d86906, L:/127.0.0.1:54062 - R:localhost/127.0.0.1:44090]' for 'POST' to 'http://localhost:44090/session/67c054285278ccd4a59a3c8625af4372/element'
[DEBUG] Using open Channel [id: 0xd1d86906, L:/127.0.0.1:54062 - R:localhost/127.0.0.1:44090] for POST '/session/67c054285278ccd4a59a3c8625af4372/element'
[DEBUG] 

Request DefaultHttpRequest(decodeResult: success, version: HTTP/1.1)
POST /session/67c054285278ccd4a59a3c8625af4372/element HTTP/1.1
User-Agent: selenium/4.6.0 (java windows)
Content-Length: 129
Content-Type: application/json; charset=utf-8
host: localhost:44090
accept: */*

Response DefaultHttpResponse(decodeResult: success, version: HTTP/1.1)
HTTP/1.1 200 OK
Content-Type: application/json; charset=utf-8
cache-control: no-cache
content-length: 88

[DEBUG] Adding key: http://localhost:44090 for channel [id: 0xd1d86906, L:/127.0.0.1:54062 - R:localhost/127.0.0.1:44090]
[DEBUG] Using pooled Channel '[id: 0xd1d86906, L:/127.0.0.1:54062 - R:localhost/127.0.0.1:44090]' for 'GET' to 'http://localhost:44090/session/67c054285278ccd4a59a3c8625af4372/element/00278a51-16ec-47e8-b44b-c8ee53ddbc0a/text'
[DEBUG] Using open Channel [id: 0xd1d86906, L:/127.0.0.1:54062 - R:localhost/127.0.0.1:44090] for GET '/session/67c054285278ccd4a59a3c8625af4372/element/00278a51-16ec-47e8-b44b-c8ee53ddbc0a/text'
[DEBUG] 

Request DefaultFullHttpRequest(decodeResult: success, version: HTTP/1.1, content: EmptyByteBufBE)
GET /session/67c054285278ccd4a59a3c8625af4372/element/00278a51-16ec-47e8-b44b-c8ee53ddbc0a/text HTTP/1.1
User-Agent: selenium/4.6.0 (java windows)
Cache-Control: no-cache
Content-Type: application/json; charset=utf-8
host: localhost:44090
accept: */*

Response DefaultHttpResponse(decodeResult: success, version: HTTP/1.1)
HTTP/1.1 200 OK
Content-Type: application/json; charset=utf-8
cache-control: no-cache
content-length: 44

[DEBUG] Adding key: http://localhost:44090 for channel [id: 0xd1d86906, L:/127.0.0.1:54062 - R:localhost/127.0.0.1:44090]
[DEBUG] Using pooled Channel '[id: 0xd1d86906, L:/127.0.0.1:54062 - R:localhost/127.0.0.1:44090]' for 'POST' to 'http://localhost:44090/session/67c054285278ccd4a59a3c8625af4372/element'
[DEBUG] Using open Channel [id: 0xd1d86906, L:/127.0.0.1:54062 - R:localhost/127.0.0.1:44090] for POST '/session/67c054285278ccd4a59a3c8625af4372/element'
[DEBUG] 

Request DefaultHttpRequest(decodeResult: success, version: HTTP/1.1)
POST /session/67c054285278ccd4a59a3c8625af4372/element HTTP/1.1
User-Agent: selenium/4.6.0 (java windows)
Content-Length: 129
Content-Type: application/json; charset=utf-8
host: localhost:44090
accept: */*

Response DefaultHttpResponse(decodeResult: success, version: HTTP/1.1)
HTTP/1.1 200 OK
Content-Type: application/json; charset=utf-8
cache-control: no-cache
content-length: 88

[DEBUG] Adding key: http://localhost:44090 for channel [id: 0xd1d86906, L:/127.0.0.1:54062 - R:localhost/127.0.0.1:44090]
[DEBUG] Using pooled Channel '[id: 0xd1d86906, L:/127.0.0.1:54062 - R:localhost/127.0.0.1:44090]' for 'GET' to 'http://localhost:44090/session/67c054285278ccd4a59a3c8625af4372/element/a7c7f7a8-a904-455b-b00b-3872813bc57f/text'
[DEBUG] Using open Channel [id: 0xd1d86906, L:/127.0.0.1:54062 - R:localhost/127.0.0.1:44090] for GET '/session/67c054285278ccd4a59a3c8625af4372/element/a7c7f7a8-a904-455b-b00b-3872813bc57f/text'
[DEBUG] 

Request DefaultFullHttpRequest(decodeResult: success, version: HTTP/1.1, content: EmptyByteBufBE)
GET /session/67c054285278ccd4a59a3c8625af4372/element/a7c7f7a8-a904-455b-b00b-3872813bc57f/text HTTP/1.1
User-Agent: selenium/4.6.0 (java windows)
Cache-Control: no-cache
Content-Type: application/json; charset=utf-8
host: localhost:44090
accept: */*

Response DefaultHttpResponse(decodeResult: success, version: HTTP/1.1)
HTTP/1.1 200 OK
Content-Type: application/json; charset=utf-8
cache-control: no-cache
content-length: 26

[DEBUG] Adding key: http://localhost:44090 for channel [id: 0xd1d86906, L:/127.0.0.1:54062 - R:localhost/127.0.0.1:44090]
[DEBUG] Using pooled Channel '[id: 0xd1d86906, L:/127.0.0.1:54062 - R:localhost/127.0.0.1:44090]' for 'POST' to 'http://localhost:44090/session/67c054285278ccd4a59a3c8625af4372/element'
[DEBUG] Using open Channel [id: 0xd1d86906, L:/127.0.0.1:54062 - R:localhost/127.0.0.1:44090] for POST '/session/67c054285278ccd4a59a3c8625af4372/element'
[DEBUG] 

Request DefaultHttpRequest(decodeResult: success, version: HTTP/1.1)
POST /session/67c054285278ccd4a59a3c8625af4372/element HTTP/1.1
User-Agent: selenium/4.6.0 (java windows)
Content-Length: 129
Content-Type: application/json; charset=utf-8
host: localhost:44090
accept: */*

Response DefaultHttpResponse(decodeResult: success, version: HTTP/1.1)
HTTP/1.1 200 OK
Content-Type: application/json; charset=utf-8
cache-control: no-cache
content-length: 88

[DEBUG] Adding key: http://localhost:44090 for channel [id: 0xd1d86906, L:/127.0.0.1:54062 - R:localhost/127.0.0.1:44090]
[DEBUG] Using pooled Channel '[id: 0xd1d86906, L:/127.0.0.1:54062 - R:localhost/127.0.0.1:44090]' for 'GET' to 'http://localhost:44090/session/67c054285278ccd4a59a3c8625af4372/element/080a5c56-ae53-4152-90f4-b190b924a49b/text'
[DEBUG] Using open Channel [id: 0xd1d86906, L:/127.0.0.1:54062 - R:localhost/127.0.0.1:44090] for GET '/session/67c054285278ccd4a59a3c8625af4372/element/080a5c56-ae53-4152-90f4-b190b924a49b/text'
[DEBUG] 

Request DefaultFullHttpRequest(decodeResult: success, version: HTTP/1.1, content: EmptyByteBufBE)
GET /session/67c054285278ccd4a59a3c8625af4372/element/080a5c56-ae53-4152-90f4-b190b924a49b/text HTTP/1.1
User-Agent: selenium/4.6.0 (java windows)
Cache-Control: no-cache
Content-Type: application/json; charset=utf-8
host: localhost:44090
accept: */*

Response DefaultHttpResponse(decodeResult: success, version: HTTP/1.1)
HTTP/1.1 200 OK
Content-Type: application/json; charset=utf-8
cache-control: no-cache
content-length: 23

[DEBUG] Adding key: http://localhost:44090 for channel [id: 0xd1d86906, L:/127.0.0.1:54062 - R:localhost/127.0.0.1:44090]
[DEBUG] Using pooled Channel '[id: 0xd1d86906, L:/127.0.0.1:54062 - R:localhost/127.0.0.1:44090]' for 'POST' to 'http://localhost:44090/session/67c054285278ccd4a59a3c8625af4372/element'
[DEBUG] Using open Channel [id: 0xd1d86906, L:/127.0.0.1:54062 - R:localhost/127.0.0.1:44090] for POST '/session/67c054285278ccd4a59a3c8625af4372/element'
[DEBUG] 

Request DefaultHttpRequest(decodeResult: success, version: HTTP/1.1)
POST /session/67c054285278ccd4a59a3c8625af4372/element HTTP/1.1
User-Agent: selenium/4.6.0 (java windows)
Content-Length: 129
Content-Type: application/json; charset=utf-8
host: localhost:44090
accept: */*

Response DefaultHttpResponse(decodeResult: success, version: HTTP/1.1)
HTTP/1.1 200 OK
Content-Type: application/json; charset=utf-8
cache-control: no-cache
content-length: 88

[DEBUG] Adding key: http://localhost:44090 for channel [id: 0xd1d86906, L:/127.0.0.1:54062 - R:localhost/127.0.0.1:44090]
[DEBUG] Using pooled Channel '[id: 0xd1d86906, L:/127.0.0.1:54062 - R:localhost/127.0.0.1:44090]' for 'GET' to 'http://localhost:44090/session/67c054285278ccd4a59a3c8625af4372/element/996f3e63-857e-42d9-8514-612baba28813/text'
[DEBUG] Using open Channel [id: 0xd1d86906, L:/127.0.0.1:54062 - R:localhost/127.0.0.1:44090] for GET '/session/67c054285278ccd4a59a3c8625af4372/element/996f3e63-857e-42d9-8514-612baba28813/text'
[DEBUG] 

Request DefaultFullHttpRequest(decodeResult: success, version: HTTP/1.1, content: EmptyByteBufBE)
GET /session/67c054285278ccd4a59a3c8625af4372/element/996f3e63-857e-42d9-8514-612baba28813/text HTTP/1.1
User-Agent: selenium/4.6.0 (java windows)
Cache-Control: no-cache
Content-Type: application/json; charset=utf-8
host: localhost:44090
accept: */*

Response DefaultHttpResponse(decodeResult: success, version: HTTP/1.1)
HTTP/1.1 200 OK
Content-Type: application/json; charset=utf-8
cache-control: no-cache
content-length: 19

[DEBUG] Adding key: http://localhost:44090 for channel [id: 0xd1d86906, L:/127.0.0.1:54062 - R:localhost/127.0.0.1:44090]
[DEBUG] Using pooled Channel '[id: 0xd1d86906, L:/127.0.0.1:54062 - R:localhost/127.0.0.1:44090]' for 'POST' to 'http://localhost:44090/session/67c054285278ccd4a59a3c8625af4372/element'
[DEBUG] Using open Channel [id: 0xd1d86906, L:/127.0.0.1:54062 - R:localhost/127.0.0.1:44090] for POST '/session/67c054285278ccd4a59a3c8625af4372/element'
[DEBUG] 

Request DefaultHttpRequest(decodeResult: success, version: HTTP/1.1)
POST /session/67c054285278ccd4a59a3c8625af4372/element HTTP/1.1
User-Agent: selenium/4.6.0 (java windows)
Content-Length: 129
Content-Type: application/json; charset=utf-8
host: localhost:44090
accept: */*

Response DefaultHttpResponse(decodeResult: success, version: HTTP/1.1)
HTTP/1.1 200 OK
Content-Type: application/json; charset=utf-8
cache-control: no-cache
content-length: 88

[DEBUG] Adding key: http://localhost:44090 for channel [id: 0xd1d86906, L:/127.0.0.1:54062 - R:localhost/127.0.0.1:44090]
[DEBUG] Using pooled Channel '[id: 0xd1d86906, L:/127.0.0.1:54062 - R:localhost/127.0.0.1:44090]' for 'GET' to 'http://localhost:44090/session/67c054285278ccd4a59a3c8625af4372/element/42a136fa-e0e7-42fa-a9e4-061974415310/text'
[DEBUG] Using open Channel [id: 0xd1d86906, L:/127.0.0.1:54062 - R:localhost/127.0.0.1:44090] for GET '/session/67c054285278ccd4a59a3c8625af4372/element/42a136fa-e0e7-42fa-a9e4-061974415310/text'
[DEBUG] 

Request DefaultFullHttpRequest(decodeResult: success, version: HTTP/1.1, content: EmptyByteBufBE)
GET /session/67c054285278ccd4a59a3c8625af4372/element/42a136fa-e0e7-42fa-a9e4-061974415310/text HTTP/1.1
User-Agent: selenium/4.6.0 (java windows)
Cache-Control: no-cache
Content-Type: application/json; charset=utf-8
host: localhost:44090
accept: */*

Response DefaultHttpResponse(decodeResult: success, version: HTTP/1.1)
HTTP/1.1 200 OK
Content-Type: application/json; charset=utf-8
cache-control: no-cache
content-length: 57

[DEBUG] Adding key: http://localhost:44090 for channel [id: 0xd1d86906, L:/127.0.0.1:54062 - R:localhost/127.0.0.1:44090]
[DEBUG] Using pooled Channel '[id: 0xd1d86906, L:/127.0.0.1:54062 - R:localhost/127.0.0.1:44090]' for 'POST' to 'http://localhost:44090/session/67c054285278ccd4a59a3c8625af4372/element'
[DEBUG] Using open Channel [id: 0xd1d86906, L:/127.0.0.1:54062 - R:localhost/127.0.0.1:44090] for POST '/session/67c054285278ccd4a59a3c8625af4372/element'
[DEBUG] 

Request DefaultHttpRequest(decodeResult: success, version: HTTP/1.1)
POST /session/67c054285278ccd4a59a3c8625af4372/element HTTP/1.1
User-Agent: selenium/4.6.0 (java windows)
Content-Length: 129
Content-Type: application/json; charset=utf-8
host: localhost:44090
accept: */*

Response DefaultHttpResponse(decodeResult: success, version: HTTP/1.1)
HTTP/1.1 200 OK
Content-Type: application/json; charset=utf-8
cache-control: no-cache
content-length: 88

[DEBUG] Adding key: http://localhost:44090 for channel [id: 0xd1d86906, L:/127.0.0.1:54062 - R:localhost/127.0.0.1:44090]
[DEBUG] Using pooled Channel '[id: 0xd1d86906, L:/127.0.0.1:54062 - R:localhost/127.0.0.1:44090]' for 'GET' to 'http://localhost:44090/session/67c054285278ccd4a59a3c8625af4372/element/a5468868-ad07-4d3e-9e36-3f8f2e7d5fb1/text'
[DEBUG] Using open Channel [id: 0xd1d86906, L:/127.0.0.1:54062 - R:localhost/127.0.0.1:44090] for GET '/session/67c054285278ccd4a59a3c8625af4372/element/a5468868-ad07-4d3e-9e36-3f8f2e7d5fb1/text'
[DEBUG] 

Request DefaultFullHttpRequest(decodeResult: success, version: HTTP/1.1, content: EmptyByteBufBE)
GET /session/67c054285278ccd4a59a3c8625af4372/element/a5468868-ad07-4d3e-9e36-3f8f2e7d5fb1/text HTTP/1.1
User-Agent: selenium/4.6.0 (java windows)
Cache-Control: no-cache
Content-Type: application/json; charset=utf-8
host: localhost:44090
accept: */*

Response DefaultHttpResponse(decodeResult: success, version: HTTP/1.1)
HTTP/1.1 200 OK
Content-Type: application/json; charset=utf-8
cache-control: no-cache
content-length: 28

[DEBUG] Adding key: http://localhost:44090 for channel [id: 0xd1d86906, L:/127.0.0.1:54062 - R:localhost/127.0.0.1:44090]
[DEBUG] Using pooled Channel '[id: 0xd1d86906, L:/127.0.0.1:54062 - R:localhost/127.0.0.1:44090]' for 'POST' to 'http://localhost:44090/session/67c054285278ccd4a59a3c8625af4372/element'
[DEBUG] Using open Channel [id: 0xd1d86906, L:/127.0.0.1:54062 - R:localhost/127.0.0.1:44090] for POST '/session/67c054285278ccd4a59a3c8625af4372/element'
[DEBUG] 

Request DefaultHttpRequest(decodeResult: success, version: HTTP/1.1)
POST /session/67c054285278ccd4a59a3c8625af4372/element HTTP/1.1
User-Agent: selenium/4.6.0 (java windows)
Content-Length: 129
Content-Type: application/json; charset=utf-8
host: localhost:44090
accept: */*

Response DefaultHttpResponse(decodeResult: success, version: HTTP/1.1)
HTTP/1.1 200 OK
Content-Type: application/json; charset=utf-8
cache-control: no-cache
content-length: 88

[DEBUG] Adding key: http://localhost:44090 for channel [id: 0xd1d86906, L:/127.0.0.1:54062 - R:localhost/127.0.0.1:44090]
[DEBUG] Using pooled Channel '[id: 0xd1d86906, L:/127.0.0.1:54062 - R:localhost/127.0.0.1:44090]' for 'GET' to 'http://localhost:44090/session/67c054285278ccd4a59a3c8625af4372/element/edc13973-abb5-430b-b355-ca822665ce3e/text'
[DEBUG] Using open Channel [id: 0xd1d86906, L:/127.0.0.1:54062 - R:localhost/127.0.0.1:44090] for GET '/session/67c054285278ccd4a59a3c8625af4372/element/edc13973-abb5-430b-b355-ca822665ce3e/text'
[DEBUG] 

Request DefaultFullHttpRequest(decodeResult: success, version: HTTP/1.1, content: EmptyByteBufBE)
GET /session/67c054285278ccd4a59a3c8625af4372/element/edc13973-abb5-430b-b355-ca822665ce3e/text HTTP/1.1
User-Agent: selenium/4.6.0 (java windows)
Cache-Control: no-cache
Content-Type: application/json; charset=utf-8
host: localhost:44090
accept: */*

Response DefaultHttpResponse(decodeResult: success, version: HTTP/1.1)
HTTP/1.1 200 OK
Content-Type: application/json; charset=utf-8
cache-control: no-cache
content-length: 23

[DEBUG] Adding key: http://localhost:44090 for channel [id: 0xd1d86906, L:/127.0.0.1:54062 - R:localhost/127.0.0.1:44090]
[DEBUG] Using pooled Channel '[id: 0xd1d86906, L:/127.0.0.1:54062 - R:localhost/127.0.0.1:44090]' for 'POST' to 'http://localhost:44090/session/67c054285278ccd4a59a3c8625af4372/element'
[DEBUG] Using open Channel [id: 0xd1d86906, L:/127.0.0.1:54062 - R:localhost/127.0.0.1:44090] for POST '/session/67c054285278ccd4a59a3c8625af4372/element'
[DEBUG] 

Request DefaultHttpRequest(decodeResult: success, version: HTTP/1.1)
POST /session/67c054285278ccd4a59a3c8625af4372/element HTTP/1.1
User-Agent: selenium/4.6.0 (java windows)
Content-Length: 129
Content-Type: application/json; charset=utf-8
host: localhost:44090
accept: */*

Response DefaultHttpResponse(decodeResult: success, version: HTTP/1.1)
HTTP/1.1 200 OK
Content-Type: application/json; charset=utf-8
cache-control: no-cache
content-length: 88

[DEBUG] Adding key: http://localhost:44090 for channel [id: 0xd1d86906, L:/127.0.0.1:54062 - R:localhost/127.0.0.1:44090]
[DEBUG] Using pooled Channel '[id: 0xd1d86906, L:/127.0.0.1:54062 - R:localhost/127.0.0.1:44090]' for 'GET' to 'http://localhost:44090/session/67c054285278ccd4a59a3c8625af4372/element/0ccbb47d-dc60-4735-8bfd-4ac5c24fdef1/text'
[DEBUG] Using open Channel [id: 0xd1d86906, L:/127.0.0.1:54062 - R:localhost/127.0.0.1:44090] for GET '/session/67c054285278ccd4a59a3c8625af4372/element/0ccbb47d-dc60-4735-8bfd-4ac5c24fdef1/text'
[DEBUG] 

Request DefaultFullHttpRequest(decodeResult: success, version: HTTP/1.1, content: EmptyByteBufBE)
GET /session/67c054285278ccd4a59a3c8625af4372/element/0ccbb47d-dc60-4735-8bfd-4ac5c24fdef1/text HTTP/1.1
User-Agent: selenium/4.6.0 (java windows)
Cache-Control: no-cache
Content-Type: application/json; charset=utf-8
host: localhost:44090
accept: */*

Response DefaultHttpResponse(decodeResult: success, version: HTTP/1.1)
HTTP/1.1 200 OK
Content-Type: application/json; charset=utf-8
cache-control: no-cache
content-length: 18

[DEBUG] Adding key: http://localhost:44090 for channel [id: 0xd1d86906, L:/127.0.0.1:54062 - R:localhost/127.0.0.1:44090]
[DEBUG] Using pooled Channel '[id: 0xd1d86906, L:/127.0.0.1:54062 - R:localhost/127.0.0.1:44090]' for 'POST' to 'http://localhost:44090/session/67c054285278ccd4a59a3c8625af4372/element'
[DEBUG] Using open Channel [id: 0xd1d86906, L:/127.0.0.1:54062 - R:localhost/127.0.0.1:44090] for POST '/session/67c054285278ccd4a59a3c8625af4372/element'
[DEBUG] 

Request DefaultHttpRequest(decodeResult: success, version: HTTP/1.1)
POST /session/67c054285278ccd4a59a3c8625af4372/element HTTP/1.1
User-Agent: selenium/4.6.0 (java windows)
Content-Length: 129
Content-Type: application/json; charset=utf-8
host: localhost:44090
accept: */*

Response DefaultHttpResponse(decodeResult: success, version: HTTP/1.1)
HTTP/1.1 200 OK
Content-Type: application/json; charset=utf-8
cache-control: no-cache
content-length: 88

[DEBUG] Adding key: http://localhost:44090 for channel [id: 0xd1d86906, L:/127.0.0.1:54062 - R:localhost/127.0.0.1:44090]
[DEBUG] Using pooled Channel '[id: 0xd1d86906, L:/127.0.0.1:54062 - R:localhost/127.0.0.1:44090]' for 'GET' to 'http://localhost:44090/session/67c054285278ccd4a59a3c8625af4372/element/81129c3f-b0cc-43d7-8bef-08f0e35b740e/text'
[DEBUG] Using open Channel [id: 0xd1d86906, L:/127.0.0.1:54062 - R:localhost/127.0.0.1:44090] for GET '/session/67c054285278ccd4a59a3c8625af4372/element/81129c3f-b0cc-43d7-8bef-08f0e35b740e/text'
[DEBUG] 

Request DefaultFullHttpRequest(decodeResult: success, version: HTTP/1.1, content: EmptyByteBufBE)
GET /session/67c054285278ccd4a59a3c8625af4372/element/81129c3f-b0cc-43d7-8bef-08f0e35b740e/text HTTP/1.1
User-Agent: selenium/4.6.0 (java windows)
Cache-Control: no-cache
Content-Type: application/json; charset=utf-8
host: localhost:44090
accept: */*

Response DefaultHttpResponse(decodeResult: success, version: HTTP/1.1)
HTTP/1.1 200 OK
Content-Type: application/json; charset=utf-8
cache-control: no-cache
content-length: 41

[DEBUG] Adding key: http://localhost:44090 for channel [id: 0xd1d86906, L:/127.0.0.1:54062 - R:localhost/127.0.0.1:44090]
[DEBUG] Using pooled Channel '[id: 0xd1d86906, L:/127.0.0.1:54062 - R:localhost/127.0.0.1:44090]' for 'POST' to 'http://localhost:44090/session/67c054285278ccd4a59a3c8625af4372/element'
[DEBUG] Using open Channel [id: 0xd1d86906, L:/127.0.0.1:54062 - R:localhost/127.0.0.1:44090] for POST '/session/67c054285278ccd4a59a3c8625af4372/element'
[DEBUG] 

Request DefaultHttpRequest(decodeResult: success, version: HTTP/1.1)
POST /session/67c054285278ccd4a59a3c8625af4372/element HTTP/1.1
User-Agent: selenium/4.6.0 (java windows)
Content-Length: 129
Content-Type: application/json; charset=utf-8
host: localhost:44090
accept: */*

Response DefaultHttpResponse(decodeResult: success, version: HTTP/1.1)
HTTP/1.1 200 OK
Content-Type: application/json; charset=utf-8
cache-control: no-cache
content-length: 88

[DEBUG] Adding key: http://localhost:44090 for channel [id: 0xd1d86906, L:/127.0.0.1:54062 - R:localhost/127.0.0.1:44090]
[DEBUG] Using pooled Channel '[id: 0xd1d86906, L:/127.0.0.1:54062 - R:localhost/127.0.0.1:44090]' for 'GET' to 'http://localhost:44090/session/67c054285278ccd4a59a3c8625af4372/element/d26114ee-577f-4dfc-8785-ee90cebf878e/text'
[DEBUG] Using open Channel [id: 0xd1d86906, L:/127.0.0.1:54062 - R:localhost/127.0.0.1:44090] for GET '/session/67c054285278ccd4a59a3c8625af4372/element/d26114ee-577f-4dfc-8785-ee90cebf878e/text'
[DEBUG] 

Request DefaultFullHttpRequest(decodeResult: success, version: HTTP/1.1, content: EmptyByteBufBE)
GET /session/67c054285278ccd4a59a3c8625af4372/element/d26114ee-577f-4dfc-8785-ee90cebf878e/text HTTP/1.1
User-Agent: selenium/4.6.0 (java windows)
Cache-Control: no-cache
Content-Type: application/json; charset=utf-8
host: localhost:44090
accept: */*

Response DefaultHttpResponse(decodeResult: success, version: HTTP/1.1)
HTTP/1.1 200 OK
Content-Type: application/json; charset=utf-8
cache-control: no-cache
content-length: 28

[DEBUG] Adding key: http://localhost:44090 for channel [id: 0xd1d86906, L:/127.0.0.1:54062 - R:localhost/127.0.0.1:44090]
[DEBUG] Using pooled Channel '[id: 0xd1d86906, L:/127.0.0.1:54062 - R:localhost/127.0.0.1:44090]' for 'POST' to 'http://localhost:44090/session/67c054285278ccd4a59a3c8625af4372/element'
[DEBUG] Using open Channel [id: 0xd1d86906, L:/127.0.0.1:54062 - R:localhost/127.0.0.1:44090] for POST '/session/67c054285278ccd4a59a3c8625af4372/element'
[DEBUG] 

Request DefaultHttpRequest(decodeResult: success, version: HTTP/1.1)
POST /session/67c054285278ccd4a59a3c8625af4372/element HTTP/1.1
User-Agent: selenium/4.6.0 (java windows)
Content-Length: 129
Content-Type: application/json; charset=utf-8
host: localhost:44090
accept: */*

Response DefaultHttpResponse(decodeResult: success, version: HTTP/1.1)
HTTP/1.1 200 OK
Content-Type: application/json; charset=utf-8
cache-control: no-cache
content-length: 88

[DEBUG] Adding key: http://localhost:44090 for channel [id: 0xd1d86906, L:/127.0.0.1:54062 - R:localhost/127.0.0.1:44090]
[DEBUG] Using pooled Channel '[id: 0xd1d86906, L:/127.0.0.1:54062 - R:localhost/127.0.0.1:44090]' for 'GET' to 'http://localhost:44090/session/67c054285278ccd4a59a3c8625af4372/element/573db1fa-9e0d-430b-b6c4-65165f6d90e8/text'
[DEBUG] Using open Channel [id: 0xd1d86906, L:/127.0.0.1:54062 - R:localhost/127.0.0.1:44090] for GET '/session/67c054285278ccd4a59a3c8625af4372/element/573db1fa-9e0d-430b-b6c4-65165f6d90e8/text'
[DEBUG] 

Request DefaultFullHttpRequest(decodeResult: success, version: HTTP/1.1, content: EmptyByteBufBE)
GET /session/67c054285278ccd4a59a3c8625af4372/element/573db1fa-9e0d-430b-b6c4-65165f6d90e8/text HTTP/1.1
User-Agent: selenium/4.6.0 (java windows)
Cache-Control: no-cache
Content-Type: application/json; charset=utf-8
host: localhost:44090
accept: */*

Response DefaultHttpResponse(decodeResult: success, version: HTTP/1.1)
HTTP/1.1 200 OK
Content-Type: application/json; charset=utf-8
cache-control: no-cache
content-length: 23

[DEBUG] Adding key: http://localhost:44090 for channel [id: 0xd1d86906, L:/127.0.0.1:54062 - R:localhost/127.0.0.1:44090]
[DEBUG] Using pooled Channel '[id: 0xd1d86906, L:/127.0.0.1:54062 - R:localhost/127.0.0.1:44090]' for 'POST' to 'http://localhost:44090/session/67c054285278ccd4a59a3c8625af4372/element'
[DEBUG] Using open Channel [id: 0xd1d86906, L:/127.0.0.1:54062 - R:localhost/127.0.0.1:44090] for POST '/session/67c054285278ccd4a59a3c8625af4372/element'
[DEBUG] 

Request DefaultHttpRequest(decodeResult: success, version: HTTP/1.1)
POST /session/67c054285278ccd4a59a3c8625af4372/element HTTP/1.1
User-Agent: selenium/4.6.0 (java windows)
Content-Length: 129
Content-Type: application/json; charset=utf-8
host: localhost:44090
accept: */*

Response DefaultHttpResponse(decodeResult: success, version: HTTP/1.1)
HTTP/1.1 200 OK
Content-Type: application/json; charset=utf-8
cache-control: no-cache
content-length: 88

[DEBUG] Adding key: http://localhost:44090 for channel [id: 0xd1d86906, L:/127.0.0.1:54062 - R:localhost/127.0.0.1:44090]
[DEBUG] Using pooled Channel '[id: 0xd1d86906, L:/127.0.0.1:54062 - R:localhost/127.0.0.1:44090]' for 'GET' to 'http://localhost:44090/session/67c054285278ccd4a59a3c8625af4372/element/e21f0ccf-cd5c-43cf-95ad-b64507bccbf7/text'
[DEBUG] Using open Channel [id: 0xd1d86906, L:/127.0.0.1:54062 - R:localhost/127.0.0.1:44090] for GET '/session/67c054285278ccd4a59a3c8625af4372/element/e21f0ccf-cd5c-43cf-95ad-b64507bccbf7/text'
[DEBUG] 

Request DefaultFullHttpRequest(decodeResult: success, version: HTTP/1.1, content: EmptyByteBufBE)
GET /session/67c054285278ccd4a59a3c8625af4372/element/e21f0ccf-cd5c-43cf-95ad-b64507bccbf7/text HTTP/1.1
User-Agent: selenium/4.6.0 (java windows)
Cache-Control: no-cache
Content-Type: application/json; charset=utf-8
host: localhost:44090
accept: */*

Response DefaultHttpResponse(decodeResult: success, version: HTTP/1.1)
HTTP/1.1 200 OK
Content-Type: application/json; charset=utf-8
cache-control: no-cache
content-length: 18

[DEBUG] Adding key: http://localhost:44090 for channel [id: 0xd1d86906, L:/127.0.0.1:54062 - R:localhost/127.0.0.1:44090]
[DEBUG] Using pooled Channel '[id: 0xd1d86906, L:/127.0.0.1:54062 - R:localhost/127.0.0.1:44090]' for 'POST' to 'http://localhost:44090/session/67c054285278ccd4a59a3c8625af4372/element'
[DEBUG] Using open Channel [id: 0xd1d86906, L:/127.0.0.1:54062 - R:localhost/127.0.0.1:44090] for POST '/session/67c054285278ccd4a59a3c8625af4372/element'
[DEBUG] 

Request DefaultHttpRequest(decodeResult: success, version: HTTP/1.1)
POST /session/67c054285278ccd4a59a3c8625af4372/element HTTP/1.1
User-Agent: selenium/4.6.0 (java windows)
Content-Length: 129
Content-Type: application/json; charset=utf-8
host: localhost:44090
accept: */*

Response DefaultHttpResponse(decodeResult: success, version: HTTP/1.1)
HTTP/1.1 200 OK
Content-Type: application/json; charset=utf-8
cache-control: no-cache
content-length: 88

[DEBUG] Adding key: http://localhost:44090 for channel [id: 0xd1d86906, L:/127.0.0.1:54062 - R:localhost/127.0.0.1:44090]
[DEBUG] Using pooled Channel '[id: 0xd1d86906, L:/127.0.0.1:54062 - R:localhost/127.0.0.1:44090]' for 'GET' to 'http://localhost:44090/session/67c054285278ccd4a59a3c8625af4372/element/3f2ccda7-8447-4177-82e1-9e0961fa34ce/text'
[DEBUG] Using open Channel [id: 0xd1d86906, L:/127.0.0.1:54062 - R:localhost/127.0.0.1:44090] for GET '/session/67c054285278ccd4a59a3c8625af4372/element/3f2ccda7-8447-4177-82e1-9e0961fa34ce/text'
[DEBUG] 

Request DefaultFullHttpRequest(decodeResult: success, version: HTTP/1.1, content: EmptyByteBufBE)
GET /session/67c054285278ccd4a59a3c8625af4372/element/3f2ccda7-8447-4177-82e1-9e0961fa34ce/text HTTP/1.1
User-Agent: selenium/4.6.0 (java windows)
Cache-Control: no-cache
Content-Type: application/json; charset=utf-8
host: localhost:44090
accept: */*

Response DefaultHttpResponse(decodeResult: success, version: HTTP/1.1)
HTTP/1.1 200 OK
Content-Type: application/json; charset=utf-8
cache-control: no-cache
content-length: 26

[DEBUG] Adding key: http://localhost:44090 for channel [id: 0xd1d86906, L:/127.0.0.1:54062 - R:localhost/127.0.0.1:44090]
[DEBUG] Using pooled Channel '[id: 0xd1d86906, L:/127.0.0.1:54062 - R:localhost/127.0.0.1:44090]' for 'POST' to 'http://localhost:44090/session/67c054285278ccd4a59a3c8625af4372/element'
[DEBUG] Using open Channel [id: 0xd1d86906, L:/127.0.0.1:54062 - R:localhost/127.0.0.1:44090] for POST '/session/67c054285278ccd4a59a3c8625af4372/element'
[DEBUG] 

Request DefaultHttpRequest(decodeResult: success, version: HTTP/1.1)
POST /session/67c054285278ccd4a59a3c8625af4372/element HTTP/1.1
User-Agent: selenium/4.6.0 (java windows)
Content-Length: 129
Content-Type: application/json; charset=utf-8
host: localhost:44090
accept: */*

Response DefaultHttpResponse(decodeResult: success, version: HTTP/1.1)
HTTP/1.1 200 OK
Content-Type: application/json; charset=utf-8
cache-control: no-cache
content-length: 88

[DEBUG] Adding key: http://localhost:44090 for channel [id: 0xd1d86906, L:/127.0.0.1:54062 - R:localhost/127.0.0.1:44090]
[DEBUG] Using pooled Channel '[id: 0xd1d86906, L:/127.0.0.1:54062 - R:localhost/127.0.0.1:44090]' for 'GET' to 'http://localhost:44090/session/67c054285278ccd4a59a3c8625af4372/element/ff557526-7327-430e-8b42-6b745e6d1f0b/text'
[DEBUG] Using open Channel [id: 0xd1d86906, L:/127.0.0.1:54062 - R:localhost/127.0.0.1:44090] for GET '/session/67c054285278ccd4a59a3c8625af4372/element/ff557526-7327-430e-8b42-6b745e6d1f0b/text'
[DEBUG] 

Request DefaultFullHttpRequest(decodeResult: success, version: HTTP/1.1, content: EmptyByteBufBE)
GET /session/67c054285278ccd4a59a3c8625af4372/element/ff557526-7327-430e-8b42-6b745e6d1f0b/text HTTP/1.1
User-Agent: selenium/4.6.0 (java windows)
Cache-Control: no-cache
Content-Type: application/json; charset=utf-8
host: localhost:44090
accept: */*

Response DefaultHttpResponse(decodeResult: success, version: HTTP/1.1)
HTTP/1.1 200 OK
Content-Type: application/json; charset=utf-8
cache-control: no-cache
content-length: 28

[DEBUG] Adding key: http://localhost:44090 for channel [id: 0xd1d86906, L:/127.0.0.1:54062 - R:localhost/127.0.0.1:44090]
[DEBUG] Using pooled Channel '[id: 0xd1d86906, L:/127.0.0.1:54062 - R:localhost/127.0.0.1:44090]' for 'POST' to 'http://localhost:44090/session/67c054285278ccd4a59a3c8625af4372/element'
[DEBUG] Using open Channel [id: 0xd1d86906, L:/127.0.0.1:54062 - R:localhost/127.0.0.1:44090] for POST '/session/67c054285278ccd4a59a3c8625af4372/element'
[DEBUG] 

Request DefaultHttpRequest(decodeResult: success, version: HTTP/1.1)
POST /session/67c054285278ccd4a59a3c8625af4372/element HTTP/1.1
User-Agent: selenium/4.6.0 (java windows)
Content-Length: 129
Content-Type: application/json; charset=utf-8
host: localhost:44090
accept: */*

Response DefaultHttpResponse(decodeResult: success, version: HTTP/1.1)
HTTP/1.1 200 OK
Content-Type: application/json; charset=utf-8
cache-control: no-cache
content-length: 88

[DEBUG] Adding key: http://localhost:44090 for channel [id: 0xd1d86906, L:/127.0.0.1:54062 - R:localhost/127.0.0.1:44090]
[DEBUG] Using pooled Channel '[id: 0xd1d86906, L:/127.0.0.1:54062 - R:localhost/127.0.0.1:44090]' for 'GET' to 'http://localhost:44090/session/67c054285278ccd4a59a3c8625af4372/element/774276b1-4a36-4981-a74f-fde88fbdac6a/text'
[DEBUG] Using open Channel [id: 0xd1d86906, L:/127.0.0.1:54062 - R:localhost/127.0.0.1:44090] for GET '/session/67c054285278ccd4a59a3c8625af4372/element/774276b1-4a36-4981-a74f-fde88fbdac6a/text'
[DEBUG] 

Request DefaultFullHttpRequest(decodeResult: success, version: HTTP/1.1, content: EmptyByteBufBE)
GET /session/67c054285278ccd4a59a3c8625af4372/element/774276b1-4a36-4981-a74f-fde88fbdac6a/text HTTP/1.1
User-Agent: selenium/4.6.0 (java windows)
Cache-Control: no-cache
Content-Type: application/json; charset=utf-8
host: localhost:44090
accept: */*

Response DefaultHttpResponse(decodeResult: success, version: HTTP/1.1)
HTTP/1.1 200 OK
Content-Type: application/json; charset=utf-8
cache-control: no-cache
content-length: 23

[DEBUG] Adding key: http://localhost:44090 for channel [id: 0xd1d86906, L:/127.0.0.1:54062 - R:localhost/127.0.0.1:44090]
[DEBUG] Using pooled Channel '[id: 0xd1d86906, L:/127.0.0.1:54062 - R:localhost/127.0.0.1:44090]' for 'POST' to 'http://localhost:44090/session/67c054285278ccd4a59a3c8625af4372/element'
[DEBUG] Using open Channel [id: 0xd1d86906, L:/127.0.0.1:54062 - R:localhost/127.0.0.1:44090] for POST '/session/67c054285278ccd4a59a3c8625af4372/element'
[DEBUG] 

Request DefaultHttpRequest(decodeResult: success, version: HTTP/1.1)
POST /session/67c054285278ccd4a59a3c8625af4372/element HTTP/1.1
User-Agent: selenium/4.6.0 (java windows)
Content-Length: 129
Content-Type: application/json; charset=utf-8
host: localhost:44090
accept: */*

Response DefaultHttpResponse(decodeResult: success, version: HTTP/1.1)
HTTP/1.1 200 OK
Content-Type: application/json; charset=utf-8
cache-control: no-cache
content-length: 88

[DEBUG] Adding key: http://localhost:44090 for channel [id: 0xd1d86906, L:/127.0.0.1:54062 - R:localhost/127.0.0.1:44090]
[DEBUG] Using pooled Channel '[id: 0xd1d86906, L:/127.0.0.1:54062 - R:localhost/127.0.0.1:44090]' for 'GET' to 'http://localhost:44090/session/67c054285278ccd4a59a3c8625af4372/element/a9ae9364-49e9-4b1d-b3cc-afe691365488/text'
[DEBUG] Using open Channel [id: 0xd1d86906, L:/127.0.0.1:54062 - R:localhost/127.0.0.1:44090] for GET '/session/67c054285278ccd4a59a3c8625af4372/element/a9ae9364-49e9-4b1d-b3cc-afe691365488/text'
[DEBUG] 

Request DefaultFullHttpRequest(decodeResult: success, version: HTTP/1.1, content: EmptyByteBufBE)
GET /session/67c054285278ccd4a59a3c8625af4372/element/a9ae9364-49e9-4b1d-b3cc-afe691365488/text HTTP/1.1
User-Agent: selenium/4.6.0 (java windows)
Cache-Control: no-cache
Content-Type: application/json; charset=utf-8
host: localhost:44090
accept: */*

Response DefaultHttpResponse(decodeResult: success, version: HTTP/1.1)
HTTP/1.1 200 OK
Content-Type: application/json; charset=utf-8
cache-control: no-cache
content-length: 19

[DEBUG] Adding key: http://localhost:44090 for channel [id: 0xd1d86906, L:/127.0.0.1:54062 - R:localhost/127.0.0.1:44090]
[DEBUG] Using pooled Channel '[id: 0xd1d86906, L:/127.0.0.1:54062 - R:localhost/127.0.0.1:44090]' for 'POST' to 'http://localhost:44090/session/67c054285278ccd4a59a3c8625af4372/element'
[DEBUG] Using open Channel [id: 0xd1d86906, L:/127.0.0.1:54062 - R:localhost/127.0.0.1:44090] for POST '/session/67c054285278ccd4a59a3c8625af4372/element'
[DEBUG] 

Request DefaultHttpRequest(decodeResult: success, version: HTTP/1.1)
POST /session/67c054285278ccd4a59a3c8625af4372/element HTTP/1.1
User-Agent: selenium/4.6.0 (java windows)
Content-Length: 129
Content-Type: application/json; charset=utf-8
host: localhost:44090
accept: */*

Response DefaultHttpResponse(decodeResult: success, version: HTTP/1.1)
HTTP/1.1 200 OK
Content-Type: application/json; charset=utf-8
cache-control: no-cache
content-length: 88

[DEBUG] Adding key: http://localhost:44090 for channel [id: 0xd1d86906, L:/127.0.0.1:54062 - R:localhost/127.0.0.1:44090]
[DEBUG] Using pooled Channel '[id: 0xd1d86906, L:/127.0.0.1:54062 - R:localhost/127.0.0.1:44090]' for 'GET' to 'http://localhost:44090/session/67c054285278ccd4a59a3c8625af4372/element/65e34cf1-7109-48bd-9146-5df39a8b1562/text'
[DEBUG] Using open Channel [id: 0xd1d86906, L:/127.0.0.1:54062 - R:localhost/127.0.0.1:44090] for GET '/session/67c054285278ccd4a59a3c8625af4372/element/65e34cf1-7109-48bd-9146-5df39a8b1562/text'
[DEBUG] 

Request DefaultFullHttpRequest(decodeResult: success, version: HTTP/1.1, content: EmptyByteBufBE)
GET /session/67c054285278ccd4a59a3c8625af4372/element/65e34cf1-7109-48bd-9146-5df39a8b1562/text HTTP/1.1
User-Agent: selenium/4.6.0 (java windows)
Cache-Control: no-cache
Content-Type: application/json; charset=utf-8
host: localhost:44090
accept: */*

Response DefaultHttpResponse(decodeResult: success, version: HTTP/1.1)
HTTP/1.1 200 OK
Content-Type: application/json; charset=utf-8
cache-control: no-cache
content-length: 34

[DEBUG] Adding key: http://localhost:44090 for channel [id: 0xd1d86906, L:/127.0.0.1:54062 - R:localhost/127.0.0.1:44090]
[DEBUG] Using pooled Channel '[id: 0xd1d86906, L:/127.0.0.1:54062 - R:localhost/127.0.0.1:44090]' for 'POST' to 'http://localhost:44090/session/67c054285278ccd4a59a3c8625af4372/element'
[DEBUG] Using open Channel [id: 0xd1d86906, L:/127.0.0.1:54062 - R:localhost/127.0.0.1:44090] for POST '/session/67c054285278ccd4a59a3c8625af4372/element'
[DEBUG] 

Request DefaultHttpRequest(decodeResult: success, version: HTTP/1.1)
POST /session/67c054285278ccd4a59a3c8625af4372/element HTTP/1.1
User-Agent: selenium/4.6.0 (java windows)
Content-Length: 129
Content-Type: application/json; charset=utf-8
host: localhost:44090
accept: */*

Response DefaultHttpResponse(decodeResult: success, version: HTTP/1.1)
HTTP/1.1 200 OK
Content-Type: application/json; charset=utf-8
cache-control: no-cache
content-length: 88

[DEBUG] Adding key: http://localhost:44090 for channel [id: 0xd1d86906, L:/127.0.0.1:54062 - R:localhost/127.0.0.1:44090]
[DEBUG] Using pooled Channel '[id: 0xd1d86906, L:/127.0.0.1:54062 - R:localhost/127.0.0.1:44090]' for 'GET' to 'http://localhost:44090/session/67c054285278ccd4a59a3c8625af4372/element/6012788b-6e0c-4abd-bbef-c71b64961f6e/text'
[DEBUG] Using open Channel [id: 0xd1d86906, L:/127.0.0.1:54062 - R:localhost/127.0.0.1:44090] for GET '/session/67c054285278ccd4a59a3c8625af4372/element/6012788b-6e0c-4abd-bbef-c71b64961f6e/text'
[DEBUG] 

Request DefaultFullHttpRequest(decodeResult: success, version: HTTP/1.1, content: EmptyByteBufBE)
GET /session/67c054285278ccd4a59a3c8625af4372/element/6012788b-6e0c-4abd-bbef-c71b64961f6e/text HTTP/1.1
User-Agent: selenium/4.6.0 (java windows)
Cache-Control: no-cache
Content-Type: application/json; charset=utf-8
host: localhost:44090
accept: */*

Response DefaultHttpResponse(decodeResult: success, version: HTTP/1.1)
HTTP/1.1 200 OK
Content-Type: application/json; charset=utf-8
cache-control: no-cache
content-length: 28

[DEBUG] Adding key: http://localhost:44090 for channel [id: 0xd1d86906, L:/127.0.0.1:54062 - R:localhost/127.0.0.1:44090]
[DEBUG] Using pooled Channel '[id: 0xd1d86906, L:/127.0.0.1:54062 - R:localhost/127.0.0.1:44090]' for 'POST' to 'http://localhost:44090/session/67c054285278ccd4a59a3c8625af4372/element'
[DEBUG] Using open Channel [id: 0xd1d86906, L:/127.0.0.1:54062 - R:localhost/127.0.0.1:44090] for POST '/session/67c054285278ccd4a59a3c8625af4372/element'
[DEBUG] 

Request DefaultHttpRequest(decodeResult: success, version: HTTP/1.1)
POST /session/67c054285278ccd4a59a3c8625af4372/element HTTP/1.1
User-Agent: selenium/4.6.0 (java windows)
Content-Length: 129
Content-Type: application/json; charset=utf-8
host: localhost:44090
accept: */*

Response DefaultHttpResponse(decodeResult: success, version: HTTP/1.1)
HTTP/1.1 200 OK
Content-Type: application/json; charset=utf-8
cache-control: no-cache
content-length: 88

[DEBUG] Adding key: http://localhost:44090 for channel [id: 0xd1d86906, L:/127.0.0.1:54062 - R:localhost/127.0.0.1:44090]
[DEBUG] Using pooled Channel '[id: 0xd1d86906, L:/127.0.0.1:54062 - R:localhost/127.0.0.1:44090]' for 'GET' to 'http://localhost:44090/session/67c054285278ccd4a59a3c8625af4372/element/f7ebd6a7-d799-43a6-ab60-e3b8be4d27f5/text'
[DEBUG] Using open Channel [id: 0xd1d86906, L:/127.0.0.1:54062 - R:localhost/127.0.0.1:44090] for GET '/session/67c054285278ccd4a59a3c8625af4372/element/f7ebd6a7-d799-43a6-ab60-e3b8be4d27f5/text'
[DEBUG] 

Request DefaultFullHttpRequest(decodeResult: success, version: HTTP/1.1, content: EmptyByteBufBE)
GET /session/67c054285278ccd4a59a3c8625af4372/element/f7ebd6a7-d799-43a6-ab60-e3b8be4d27f5/text HTTP/1.1
User-Agent: selenium/4.6.0 (java windows)
Cache-Control: no-cache
Content-Type: application/json; charset=utf-8
host: localhost:44090
accept: */*

Response DefaultHttpResponse(decodeResult: success, version: HTTP/1.1)
HTTP/1.1 200 OK
Content-Type: application/json; charset=utf-8
cache-control: no-cache
content-length: 23

[DEBUG] Adding key: http://localhost:44090 for channel [id: 0xd1d86906, L:/127.0.0.1:54062 - R:localhost/127.0.0.1:44090]
[DEBUG] Using pooled Channel '[id: 0xd1d86906, L:/127.0.0.1:54062 - R:localhost/127.0.0.1:44090]' for 'POST' to 'http://localhost:44090/session/67c054285278ccd4a59a3c8625af4372/element'
[DEBUG] Using open Channel [id: 0xd1d86906, L:/127.0.0.1:54062 - R:localhost/127.0.0.1:44090] for POST '/session/67c054285278ccd4a59a3c8625af4372/element'
[DEBUG] 

Request DefaultHttpRequest(decodeResult: success, version: HTTP/1.1)
POST /session/67c054285278ccd4a59a3c8625af4372/element HTTP/1.1
User-Agent: selenium/4.6.0 (java windows)
Content-Length: 129
Content-Type: application/json; charset=utf-8
host: localhost:44090
accept: */*

Response DefaultHttpResponse(decodeResult: success, version: HTTP/1.1)
HTTP/1.1 200 OK
Content-Type: application/json; charset=utf-8
cache-control: no-cache
content-length: 88

[DEBUG] Adding key: http://localhost:44090 for channel [id: 0xd1d86906, L:/127.0.0.1:54062 - R:localhost/127.0.0.1:44090]
[DEBUG] Using pooled Channel '[id: 0xd1d86906, L:/127.0.0.1:54062 - R:localhost/127.0.0.1:44090]' for 'GET' to 'http://localhost:44090/session/67c054285278ccd4a59a3c8625af4372/element/df2d1bc5-f958-4086-bbe2-73385df78d12/text'
[DEBUG] Using open Channel [id: 0xd1d86906, L:/127.0.0.1:54062 - R:localhost/127.0.0.1:44090] for GET '/session/67c054285278ccd4a59a3c8625af4372/element/df2d1bc5-f958-4086-bbe2-73385df78d12/text'
[DEBUG] 

Request DefaultFullHttpRequest(decodeResult: success, version: HTTP/1.1, content: EmptyByteBufBE)
GET /session/67c054285278ccd4a59a3c8625af4372/element/df2d1bc5-f958-4086-bbe2-73385df78d12/text HTTP/1.1
User-Agent: selenium/4.6.0 (java windows)
Cache-Control: no-cache
Content-Type: application/json; charset=utf-8
host: localhost:44090
accept: */*

Response DefaultHttpResponse(decodeResult: success, version: HTTP/1.1)
HTTP/1.1 200 OK
Content-Type: application/json; charset=utf-8
cache-control: no-cache
content-length: 21

[DEBUG] Adding key: http://localhost:44090 for channel [id: 0xd1d86906, L:/127.0.0.1:54062 - R:localhost/127.0.0.1:44090]
[DEBUG] Using pooled Channel '[id: 0xd1d86906, L:/127.0.0.1:54062 - R:localhost/127.0.0.1:44090]' for 'POST' to 'http://localhost:44090/session/67c054285278ccd4a59a3c8625af4372/element'
[DEBUG] Using open Channel [id: 0xd1d86906, L:/127.0.0.1:54062 - R:localhost/127.0.0.1:44090] for POST '/session/67c054285278ccd4a59a3c8625af4372/element'
[DEBUG] 

Request DefaultHttpRequest(decodeResult: success, version: HTTP/1.1)
POST /session/67c054285278ccd4a59a3c8625af4372/element HTTP/1.1
User-Agent: selenium/4.6.0 (java windows)
Content-Length: 129
Content-Type: application/json; charset=utf-8
host: localhost:44090
accept: */*

Response DefaultHttpResponse(decodeResult: success, version: HTTP/1.1)
HTTP/1.1 200 OK
Content-Type: application/json; charset=utf-8
cache-control: no-cache
content-length: 88

[DEBUG] Adding key: http://localhost:44090 for channel [id: 0xd1d86906, L:/127.0.0.1:54062 - R:localhost/127.0.0.1:44090]
[DEBUG] Using pooled Channel '[id: 0xd1d86906, L:/127.0.0.1:54062 - R:localhost/127.0.0.1:44090]' for 'GET' to 'http://localhost:44090/session/67c054285278ccd4a59a3c8625af4372/element/760efa11-e979-4862-af5f-c62f12ae5997/text'
[DEBUG] Using open Channel [id: 0xd1d86906, L:/127.0.0.1:54062 - R:localhost/127.0.0.1:44090] for GET '/session/67c054285278ccd4a59a3c8625af4372/element/760efa11-e979-4862-af5f-c62f12ae5997/text'
[DEBUG] 

Request DefaultFullHttpRequest(decodeResult: success, version: HTTP/1.1, content: EmptyByteBufBE)
GET /session/67c054285278ccd4a59a3c8625af4372/element/760efa11-e979-4862-af5f-c62f12ae5997/text HTTP/1.1
User-Agent: selenium/4.6.0 (java windows)
Cache-Control: no-cache
Content-Type: application/json; charset=utf-8
host: localhost:44090
accept: */*

Response DefaultHttpResponse(decodeResult: success, version: HTTP/1.1)
HTTP/1.1 200 OK
Content-Type: application/json; charset=utf-8
cache-control: no-cache
content-length: 36

[DEBUG] Adding key: http://localhost:44090 for channel [id: 0xd1d86906, L:/127.0.0.1:54062 - R:localhost/127.0.0.1:44090]
[DEBUG] Using pooled Channel '[id: 0xd1d86906, L:/127.0.0.1:54062 - R:localhost/127.0.0.1:44090]' for 'POST' to 'http://localhost:44090/session/67c054285278ccd4a59a3c8625af4372/element'
[DEBUG] Using open Channel [id: 0xd1d86906, L:/127.0.0.1:54062 - R:localhost/127.0.0.1:44090] for POST '/session/67c054285278ccd4a59a3c8625af4372/element'
[DEBUG] 

Request DefaultHttpRequest(decodeResult: success, version: HTTP/1.1)
POST /session/67c054285278ccd4a59a3c8625af4372/element HTTP/1.1
User-Agent: selenium/4.6.0 (java windows)
Content-Length: 129
Content-Type: application/json; charset=utf-8
host: localhost:44090
accept: */*

Response DefaultHttpResponse(decodeResult: success, version: HTTP/1.1)
HTTP/1.1 200 OK
Content-Type: application/json; charset=utf-8
cache-control: no-cache
content-length: 88

[DEBUG] Adding key: http://localhost:44090 for channel [id: 0xd1d86906, L:/127.0.0.1:54062 - R:localhost/127.0.0.1:44090]
[DEBUG] Using pooled Channel '[id: 0xd1d86906, L:/127.0.0.1:54062 - R:localhost/127.0.0.1:44090]' for 'GET' to 'http://localhost:44090/session/67c054285278ccd4a59a3c8625af4372/element/b90a67cd-317a-4900-9ab2-b7171571ed7a/text'
[DEBUG] Using open Channel [id: 0xd1d86906, L:/127.0.0.1:54062 - R:localhost/127.0.0.1:44090] for GET '/session/67c054285278ccd4a59a3c8625af4372/element/b90a67cd-317a-4900-9ab2-b7171571ed7a/text'
[DEBUG] 

Request DefaultFullHttpRequest(decodeResult: success, version: HTTP/1.1, content: EmptyByteBufBE)
GET /session/67c054285278ccd4a59a3c8625af4372/element/b90a67cd-317a-4900-9ab2-b7171571ed7a/text HTTP/1.1
User-Agent: selenium/4.6.0 (java windows)
Cache-Control: no-cache
Content-Type: application/json; charset=utf-8
host: localhost:44090
accept: */*

Response DefaultHttpResponse(decodeResult: success, version: HTTP/1.1)
HTTP/1.1 200 OK
Content-Type: application/json; charset=utf-8
cache-control: no-cache
content-length: 28

[DEBUG] Adding key: http://localhost:44090 for channel [id: 0xd1d86906, L:/127.0.0.1:54062 - R:localhost/127.0.0.1:44090]
[DEBUG] Using pooled Channel '[id: 0xd1d86906, L:/127.0.0.1:54062 - R:localhost/127.0.0.1:44090]' for 'POST' to 'http://localhost:44090/session/67c054285278ccd4a59a3c8625af4372/element'
[DEBUG] Using open Channel [id: 0xd1d86906, L:/127.0.0.1:54062 - R:localhost/127.0.0.1:44090] for POST '/session/67c054285278ccd4a59a3c8625af4372/element'
[DEBUG] 

Request DefaultHttpRequest(decodeResult: success, version: HTTP/1.1)
POST /session/67c054285278ccd4a59a3c8625af4372/element HTTP/1.1
User-Agent: selenium/4.6.0 (java windows)
Content-Length: 129
Content-Type: application/json; charset=utf-8
host: localhost:44090
accept: */*

Response DefaultHttpResponse(decodeResult: success, version: HTTP/1.1)
HTTP/1.1 200 OK
Content-Type: application/json; charset=utf-8
cache-control: no-cache
content-length: 88

[DEBUG] Adding key: http://localhost:44090 for channel [id: 0xd1d86906, L:/127.0.0.1:54062 - R:localhost/127.0.0.1:44090]
[DEBUG] Using pooled Channel '[id: 0xd1d86906, L:/127.0.0.1:54062 - R:localhost/127.0.0.1:44090]' for 'GET' to 'http://localhost:44090/session/67c054285278ccd4a59a3c8625af4372/element/5fb16a93-0b9a-46cb-88ad-9193a1f17272/text'
[DEBUG] Using open Channel [id: 0xd1d86906, L:/127.0.0.1:54062 - R:localhost/127.0.0.1:44090] for GET '/session/67c054285278ccd4a59a3c8625af4372/element/5fb16a93-0b9a-46cb-88ad-9193a1f17272/text'
[DEBUG] 

Request DefaultFullHttpRequest(decodeResult: success, version: HTTP/1.1, content: EmptyByteBufBE)
GET /session/67c054285278ccd4a59a3c8625af4372/element/5fb16a93-0b9a-46cb-88ad-9193a1f17272/text HTTP/1.1
User-Agent: selenium/4.6.0 (java windows)
Cache-Control: no-cache
Content-Type: application/json; charset=utf-8
host: localhost:44090
accept: */*

Response DefaultHttpResponse(decodeResult: success, version: HTTP/1.1)
HTTP/1.1 200 OK
Content-Type: application/json; charset=utf-8
cache-control: no-cache
content-length: 23

[DEBUG] Adding key: http://localhost:44090 for channel [id: 0xd1d86906, L:/127.0.0.1:54062 - R:localhost/127.0.0.1:44090]
[DEBUG] Using pooled Channel '[id: 0xd1d86906, L:/127.0.0.1:54062 - R:localhost/127.0.0.1:44090]' for 'POST' to 'http://localhost:44090/session/67c054285278ccd4a59a3c8625af4372/element'
[DEBUG] Using open Channel [id: 0xd1d86906, L:/127.0.0.1:54062 - R:localhost/127.0.0.1:44090] for POST '/session/67c054285278ccd4a59a3c8625af4372/element'
[DEBUG] 

Request DefaultHttpRequest(decodeResult: success, version: HTTP/1.1)
POST /session/67c054285278ccd4a59a3c8625af4372/element HTTP/1.1
User-Agent: selenium/4.6.0 (java windows)
Content-Length: 129
Content-Type: application/json; charset=utf-8
host: localhost:44090
accept: */*

Response DefaultHttpResponse(decodeResult: success, version: HTTP/1.1)
HTTP/1.1 200 OK
Content-Type: application/json; charset=utf-8
cache-control: no-cache
content-length: 88

[DEBUG] Adding key: http://localhost:44090 for channel [id: 0xd1d86906, L:/127.0.0.1:54062 - R:localhost/127.0.0.1:44090]
[DEBUG] Using pooled Channel '[id: 0xd1d86906, L:/127.0.0.1:54062 - R:localhost/127.0.0.1:44090]' for 'GET' to 'http://localhost:44090/session/67c054285278ccd4a59a3c8625af4372/element/00411714-012c-46eb-ad79-1f74707b4bac/text'
[DEBUG] Using open Channel [id: 0xd1d86906, L:/127.0.0.1:54062 - R:localhost/127.0.0.1:44090] for GET '/session/67c054285278ccd4a59a3c8625af4372/element/00411714-012c-46eb-ad79-1f74707b4bac/text'
[DEBUG] 

Request DefaultFullHttpRequest(decodeResult: success, version: HTTP/1.1, content: EmptyByteBufBE)
GET /session/67c054285278ccd4a59a3c8625af4372/element/00411714-012c-46eb-ad79-1f74707b4bac/text HTTP/1.1
User-Agent: selenium/4.6.0 (java windows)
Cache-Control: no-cache
Content-Type: application/json; charset=utf-8
host: localhost:44090
accept: */*

Response DefaultHttpResponse(decodeResult: success, version: HTTP/1.1)
HTTP/1.1 200 OK
Content-Type: application/json; charset=utf-8
cache-control: no-cache
content-length: 18

[DEBUG] Adding key: http://localhost:44090 for channel [id: 0xd1d86906, L:/127.0.0.1:54062 - R:localhost/127.0.0.1:44090]
[DEBUG] Using pooled Channel '[id: 0xd1d86906, L:/127.0.0.1:54062 - R:localhost/127.0.0.1:44090]' for 'POST' to 'http://localhost:44090/session/67c054285278ccd4a59a3c8625af4372/element'
[DEBUG] Using open Channel [id: 0xd1d86906, L:/127.0.0.1:54062 - R:localhost/127.0.0.1:44090] for POST '/session/67c054285278ccd4a59a3c8625af4372/element'
[DEBUG] 

Request DefaultHttpRequest(decodeResult: success, version: HTTP/1.1)
POST /session/67c054285278ccd4a59a3c8625af4372/element HTTP/1.1
User-Agent: selenium/4.6.0 (java windows)
Content-Length: 129
Content-Type: application/json; charset=utf-8
host: localhost:44090
accept: */*

Response DefaultHttpResponse(decodeResult: success, version: HTTP/1.1)
HTTP/1.1 200 OK
Content-Type: application/json; charset=utf-8
cache-control: no-cache
content-length: 88

[DEBUG] Adding key: http://localhost:44090 for channel [id: 0xd1d86906, L:/127.0.0.1:54062 - R:localhost/127.0.0.1:44090]
[DEBUG] Using pooled Channel '[id: 0xd1d86906, L:/127.0.0.1:54062 - R:localhost/127.0.0.1:44090]' for 'GET' to 'http://localhost:44090/session/67c054285278ccd4a59a3c8625af4372/element/6005cfdc-b22c-4848-99d4-82e5d311030d/text'
[DEBUG] Using open Channel [id: 0xd1d86906, L:/127.0.0.1:54062 - R:localhost/127.0.0.1:44090] for GET '/session/67c054285278ccd4a59a3c8625af4372/element/6005cfdc-b22c-4848-99d4-82e5d311030d/text'
[DEBUG] 

Request DefaultFullHttpRequest(decodeResult: success, version: HTTP/1.1, content: EmptyByteBufBE)
GET /session/67c054285278ccd4a59a3c8625af4372/element/6005cfdc-b22c-4848-99d4-82e5d311030d/text HTTP/1.1
User-Agent: selenium/4.6.0 (java windows)
Cache-Control: no-cache
Content-Type: application/json; charset=utf-8
host: localhost:44090
accept: */*

Response DefaultHttpResponse(decodeResult: success, version: HTTP/1.1)
HTTP/1.1 200 OK
Content-Type: application/json; charset=utf-8
cache-control: no-cache
content-length: 45

[DEBUG] Adding key: http://localhost:44090 for channel [id: 0xd1d86906, L:/127.0.0.1:54062 - R:localhost/127.0.0.1:44090]
[DEBUG] Using pooled Channel '[id: 0xd1d86906, L:/127.0.0.1:54062 - R:localhost/127.0.0.1:44090]' for 'POST' to 'http://localhost:44090/session/67c054285278ccd4a59a3c8625af4372/element'
[DEBUG] Using open Channel [id: 0xd1d86906, L:/127.0.0.1:54062 - R:localhost/127.0.0.1:44090] for POST '/session/67c054285278ccd4a59a3c8625af4372/element'
[DEBUG] 

Request DefaultHttpRequest(decodeResult: success, version: HTTP/1.1)
POST /session/67c054285278ccd4a59a3c8625af4372/element HTTP/1.1
User-Agent: selenium/4.6.0 (java windows)
Content-Length: 129
Content-Type: application/json; charset=utf-8
host: localhost:44090
accept: */*

Response DefaultHttpResponse(decodeResult: success, version: HTTP/1.1)
HTTP/1.1 200 OK
Content-Type: application/json; charset=utf-8
cache-control: no-cache
content-length: 88

[DEBUG] Adding key: http://localhost:44090 for channel [id: 0xd1d86906, L:/127.0.0.1:54062 - R:localhost/127.0.0.1:44090]
[DEBUG] Using pooled Channel '[id: 0xd1d86906, L:/127.0.0.1:54062 - R:localhost/127.0.0.1:44090]' for 'GET' to 'http://localhost:44090/session/67c054285278ccd4a59a3c8625af4372/element/a703e766-6539-424b-b89a-12a3bbd9ae77/text'
[DEBUG] Using open Channel [id: 0xd1d86906, L:/127.0.0.1:54062 - R:localhost/127.0.0.1:44090] for GET '/session/67c054285278ccd4a59a3c8625af4372/element/a703e766-6539-424b-b89a-12a3bbd9ae77/text'
[DEBUG] 

Request DefaultFullHttpRequest(decodeResult: success, version: HTTP/1.1, content: EmptyByteBufBE)
GET /session/67c054285278ccd4a59a3c8625af4372/element/a703e766-6539-424b-b89a-12a3bbd9ae77/text HTTP/1.1
User-Agent: selenium/4.6.0 (java windows)
Cache-Control: no-cache
Content-Type: application/json; charset=utf-8
host: localhost:44090
accept: */*

Response DefaultHttpResponse(decodeResult: success, version: HTTP/1.1)
HTTP/1.1 200 OK
Content-Type: application/json; charset=utf-8
cache-control: no-cache
content-length: 28

[DEBUG] Adding key: http://localhost:44090 for channel [id: 0xd1d86906, L:/127.0.0.1:54062 - R:localhost/127.0.0.1:44090]
[DEBUG] Using pooled Channel '[id: 0xd1d86906, L:/127.0.0.1:54062 - R:localhost/127.0.0.1:44090]' for 'POST' to 'http://localhost:44090/session/67c054285278ccd4a59a3c8625af4372/element'
[DEBUG] Using open Channel [id: 0xd1d86906, L:/127.0.0.1:54062 - R:localhost/127.0.0.1:44090] for POST '/session/67c054285278ccd4a59a3c8625af4372/element'
[DEBUG] 

Request DefaultHttpRequest(decodeResult: success, version: HTTP/1.1)
POST /session/67c054285278ccd4a59a3c8625af4372/element HTTP/1.1
User-Agent: selenium/4.6.0 (java windows)
Content-Length: 129
Content-Type: application/json; charset=utf-8
host: localhost:44090
accept: */*

Response DefaultHttpResponse(decodeResult: success, version: HTTP/1.1)
HTTP/1.1 200 OK
Content-Type: application/json; charset=utf-8
cache-control: no-cache
content-length: 88

[DEBUG] Adding key: http://localhost:44090 for channel [id: 0xd1d86906, L:/127.0.0.1:54062 - R:localhost/127.0.0.1:44090]
[DEBUG] Using pooled Channel '[id: 0xd1d86906, L:/127.0.0.1:54062 - R:localhost/127.0.0.1:44090]' for 'GET' to 'http://localhost:44090/session/67c054285278ccd4a59a3c8625af4372/element/682b6165-1b8d-4085-b511-7a31911bee6f/text'
[DEBUG] Using open Channel [id: 0xd1d86906, L:/127.0.0.1:54062 - R:localhost/127.0.0.1:44090] for GET '/session/67c054285278ccd4a59a3c8625af4372/element/682b6165-1b8d-4085-b511-7a31911bee6f/text'
[DEBUG] 

Request DefaultFullHttpRequest(decodeResult: success, version: HTTP/1.1, content: EmptyByteBufBE)
GET /session/67c054285278ccd4a59a3c8625af4372/element/682b6165-1b8d-4085-b511-7a31911bee6f/text HTTP/1.1
User-Agent: selenium/4.6.0 (java windows)
Cache-Control: no-cache
Content-Type: application/json; charset=utf-8
host: localhost:44090
accept: */*

Response DefaultHttpResponse(decodeResult: success, version: HTTP/1.1)
HTTP/1.1 200 OK
Content-Type: application/json; charset=utf-8
cache-control: no-cache
content-length: 23

[DEBUG] Adding key: http://localhost:44090 for channel [id: 0xd1d86906, L:/127.0.0.1:54062 - R:localhost/127.0.0.1:44090]
[DEBUG] Using pooled Channel '[id: 0xd1d86906, L:/127.0.0.1:54062 - R:localhost/127.0.0.1:44090]' for 'POST' to 'http://localhost:44090/session/67c054285278ccd4a59a3c8625af4372/element'
[DEBUG] Using open Channel [id: 0xd1d86906, L:/127.0.0.1:54062 - R:localhost/127.0.0.1:44090] for POST '/session/67c054285278ccd4a59a3c8625af4372/element'
[DEBUG] 

Request DefaultHttpRequest(decodeResult: success, version: HTTP/1.1)
POST /session/67c054285278ccd4a59a3c8625af4372/element HTTP/1.1
User-Agent: selenium/4.6.0 (java windows)
Content-Length: 129
Content-Type: application/json; charset=utf-8
host: localhost:44090
accept: */*

Response DefaultHttpResponse(decodeResult: success, version: HTTP/1.1)
HTTP/1.1 200 OK
Content-Type: application/json; charset=utf-8
cache-control: no-cache
content-length: 88

[DEBUG] Adding key: http://localhost:44090 for channel [id: 0xd1d86906, L:/127.0.0.1:54062 - R:localhost/127.0.0.1:44090]
[DEBUG] Using pooled Channel '[id: 0xd1d86906, L:/127.0.0.1:54062 - R:localhost/127.0.0.1:44090]' for 'GET' to 'http://localhost:44090/session/67c054285278ccd4a59a3c8625af4372/element/d89b9880-0ca9-4749-8234-50b9069dd5c1/text'
[DEBUG] Using open Channel [id: 0xd1d86906, L:/127.0.0.1:54062 - R:localhost/127.0.0.1:44090] for GET '/session/67c054285278ccd4a59a3c8625af4372/element/d89b9880-0ca9-4749-8234-50b9069dd5c1/text'
[DEBUG] 

Request DefaultFullHttpRequest(decodeResult: success, version: HTTP/1.1, content: EmptyByteBufBE)
GET /session/67c054285278ccd4a59a3c8625af4372/element/d89b9880-0ca9-4749-8234-50b9069dd5c1/text HTTP/1.1
User-Agent: selenium/4.6.0 (java windows)
Cache-Control: no-cache
Content-Type: application/json; charset=utf-8
host: localhost:44090
accept: */*

Response DefaultHttpResponse(decodeResult: success, version: HTTP/1.1)
HTTP/1.1 200 OK
Content-Type: application/json; charset=utf-8
cache-control: no-cache
content-length: 18

[DEBUG] Adding key: http://localhost:44090 for channel [id: 0xd1d86906, L:/127.0.0.1:54062 - R:localhost/127.0.0.1:44090]
[DEBUG] Using pooled Channel '[id: 0xd1d86906, L:/127.0.0.1:54062 - R:localhost/127.0.0.1:44090]' for 'POST' to 'http://localhost:44090/session/67c054285278ccd4a59a3c8625af4372/element'
[DEBUG] Using open Channel [id: 0xd1d86906, L:/127.0.0.1:54062 - R:localhost/127.0.0.1:44090] for POST '/session/67c054285278ccd4a59a3c8625af4372/element'
[DEBUG] 

Request DefaultHttpRequest(decodeResult: success, version: HTTP/1.1)
POST /session/67c054285278ccd4a59a3c8625af4372/element HTTP/1.1
User-Agent: selenium/4.6.0 (java windows)
Content-Length: 129
Content-Type: application/json; charset=utf-8
host: localhost:44090
accept: */*

Response DefaultHttpResponse(decodeResult: success, version: HTTP/1.1)
HTTP/1.1 200 OK
Content-Type: application/json; charset=utf-8
cache-control: no-cache
content-length: 88

[DEBUG] Adding key: http://localhost:44090 for channel [id: 0xd1d86906, L:/127.0.0.1:54062 - R:localhost/127.0.0.1:44090]
[DEBUG] Using pooled Channel '[id: 0xd1d86906, L:/127.0.0.1:54062 - R:localhost/127.0.0.1:44090]' for 'GET' to 'http://localhost:44090/session/67c054285278ccd4a59a3c8625af4372/element/20d432fb-91da-41fb-ba17-226bac781b3b/text'
[DEBUG] Using open Channel [id: 0xd1d86906, L:/127.0.0.1:54062 - R:localhost/127.0.0.1:44090] for GET '/session/67c054285278ccd4a59a3c8625af4372/element/20d432fb-91da-41fb-ba17-226bac781b3b/text'
[DEBUG] 

Request DefaultFullHttpRequest(decodeResult: success, version: HTTP/1.1, content: EmptyByteBufBE)
GET /session/67c054285278ccd4a59a3c8625af4372/element/20d432fb-91da-41fb-ba17-226bac781b3b/text HTTP/1.1
User-Agent: selenium/4.6.0 (java windows)
Cache-Control: no-cache
Content-Type: application/json; charset=utf-8
host: localhost:44090
accept: */*

Response DefaultHttpResponse(decodeResult: success, version: HTTP/1.1)
HTTP/1.1 200 OK
Content-Type: application/json; charset=utf-8
cache-control: no-cache
content-length: 21

[DEBUG] Adding key: http://localhost:44090 for channel [id: 0xd1d86906, L:/127.0.0.1:54062 - R:localhost/127.0.0.1:44090]
[DEBUG] Using pooled Channel '[id: 0xd1d86906, L:/127.0.0.1:54062 - R:localhost/127.0.0.1:44090]' for 'POST' to 'http://localhost:44090/session/67c054285278ccd4a59a3c8625af4372/element'
[DEBUG] Using open Channel [id: 0xd1d86906, L:/127.0.0.1:54062 - R:localhost/127.0.0.1:44090] for POST '/session/67c054285278ccd4a59a3c8625af4372/element'
[DEBUG] 

Request DefaultHttpRequest(decodeResult: success, version: HTTP/1.1)
POST /session/67c054285278ccd4a59a3c8625af4372/element HTTP/1.1
User-Agent: selenium/4.6.0 (java windows)
Content-Length: 129
Content-Type: application/json; charset=utf-8
host: localhost:44090
accept: */*

Response DefaultHttpResponse(decodeResult: success, version: HTTP/1.1)
HTTP/1.1 200 OK
Content-Type: application/json; charset=utf-8
cache-control: no-cache
content-length: 88

[DEBUG] Adding key: http://localhost:44090 for channel [id: 0xd1d86906, L:/127.0.0.1:54062 - R:localhost/127.0.0.1:44090]
[DEBUG] Using pooled Channel '[id: 0xd1d86906, L:/127.0.0.1:54062 - R:localhost/127.0.0.1:44090]' for 'GET' to 'http://localhost:44090/session/67c054285278ccd4a59a3c8625af4372/element/09b888de-9851-46c7-b5fe-2869efa20893/text'
[DEBUG] Using open Channel [id: 0xd1d86906, L:/127.0.0.1:54062 - R:localhost/127.0.0.1:44090] for GET '/session/67c054285278ccd4a59a3c8625af4372/element/09b888de-9851-46c7-b5fe-2869efa20893/text'
[DEBUG] 

Request DefaultFullHttpRequest(decodeResult: success, version: HTTP/1.1, content: EmptyByteBufBE)
GET /session/67c054285278ccd4a59a3c8625af4372/element/09b888de-9851-46c7-b5fe-2869efa20893/text HTTP/1.1
User-Agent: selenium/4.6.0 (java windows)
Cache-Control: no-cache
Content-Type: application/json; charset=utf-8
host: localhost:44090
accept: */*

Response DefaultHttpResponse(decodeResult: success, version: HTTP/1.1)
HTTP/1.1 200 OK
Content-Type: application/json; charset=utf-8
cache-control: no-cache
content-length: 26

[DEBUG] Adding key: http://localhost:44090 for channel [id: 0xd1d86906, L:/127.0.0.1:54062 - R:localhost/127.0.0.1:44090]
  And user validates count of Public Holidays is greater than or equal to ten              # com.lms.stepdefinition.LMSHolidayListSteps.user_validates_count_of_public_holidays_is_less_than_or_equal_to_ten()
[DEBUG] Using pooled Channel '[id: 0xd1d86906, L:/127.0.0.1:54062 - R:localhost/127.0.0.1:44090]' for 'POST' to 'http://localhost:44090/session/67c054285278ccd4a59a3c8625af4372/elements'
[DEBUG] Using open Channel [id: 0xd1d86906, L:/127.0.0.1:54062 - R:localhost/127.0.0.1:44090] for POST '/session/67c054285278ccd4a59a3c8625af4372/elements'
[DEBUG] 

Request DefaultHttpRequest(decodeResult: success, version: HTTP/1.1)
POST /session/67c054285278ccd4a59a3c8625af4372/elements HTTP/1.1
User-Agent: selenium/4.6.0 (java windows)
Content-Length: 125
Content-Type: application/json; charset=utf-8
host: localhost:44090
accept: */*

Response DefaultHttpResponse(decodeResult: success, version: HTTP/1.1)
HTTP/1.1 200 OK
Content-Type: application/json; charset=utf-8
cache-control: no-cache
content-length: 327

[DEBUG] Adding key: http://localhost:44090 for channel [id: 0xd1d86906, L:/127.0.0.1:54062 - R:localhost/127.0.0.1:44090]
[DEBUG] Using pooled Channel '[id: 0xd1d86906, L:/127.0.0.1:54062 - R:localhost/127.0.0.1:44090]' for 'POST' to 'http://localhost:44090/session/67c054285278ccd4a59a3c8625af4372/elements'
[DEBUG] Using open Channel [id: 0xd1d86906, L:/127.0.0.1:54062 - R:localhost/127.0.0.1:44090] for POST '/session/67c054285278ccd4a59a3c8625af4372/elements'
[DEBUG] 

Request DefaultHttpRequest(decodeResult: success, version: HTTP/1.1)
POST /session/67c054285278ccd4a59a3c8625af4372/elements HTTP/1.1
User-Agent: selenium/4.6.0 (java windows)
Content-Length: 114
Content-Type: application/json; charset=utf-8
host: localhost:44090
accept: */*

Response DefaultHttpResponse(decodeResult: success, version: HTTP/1.1)
HTTP/1.1 200 OK
Content-Type: application/json; charset=utf-8
cache-control: no-cache
content-length: 3092

[DEBUG] Adding key: http://localhost:44090 for channel [id: 0xd1d86906, L:/127.0.0.1:54062 - R:localhost/127.0.0.1:44090]
[DEBUG] Using pooled Channel '[id: 0xd1d86906, L:/127.0.0.1:54062 - R:localhost/127.0.0.1:44090]' for 'POST' to 'http://localhost:44090/session/67c054285278ccd4a59a3c8625af4372/elements'
[DEBUG] Using open Channel [id: 0xd1d86906, L:/127.0.0.1:54062 - R:localhost/127.0.0.1:44090] for POST '/session/67c054285278ccd4a59a3c8625af4372/elements'
[DEBUG] 

Request DefaultHttpRequest(decodeResult: success, version: HTTP/1.1)
POST /session/67c054285278ccd4a59a3c8625af4372/elements HTTP/1.1
User-Agent: selenium/4.6.0 (java windows)
Content-Length: 125
Content-Type: application/json; charset=utf-8
host: localhost:44090
accept: */*

Response DefaultHttpResponse(decodeResult: success, version: HTTP/1.1)
HTTP/1.1 200 OK
Content-Type: application/json; charset=utf-8
cache-control: no-cache
content-length: 327

[DEBUG] Adding key: http://localhost:44090 for channel [id: 0xd1d86906, L:/127.0.0.1:54062 - R:localhost/127.0.0.1:44090]
[DEBUG] Using pooled Channel '[id: 0xd1d86906, L:/127.0.0.1:54062 - R:localhost/127.0.0.1:44090]' for 'POST' to 'http://localhost:44090/session/67c054285278ccd4a59a3c8625af4372/element'
[DEBUG] Using open Channel [id: 0xd1d86906, L:/127.0.0.1:54062 - R:localhost/127.0.0.1:44090] for POST '/session/67c054285278ccd4a59a3c8625af4372/element'
[DEBUG] 

Request DefaultHttpRequest(decodeResult: success, version: HTTP/1.1)
POST /session/67c054285278ccd4a59a3c8625af4372/element HTTP/1.1
User-Agent: selenium/4.6.0 (java windows)
Content-Length: 128
Content-Type: application/json; charset=utf-8
host: localhost:44090
accept: */*

Response DefaultHttpResponse(decodeResult: success, version: HTTP/1.1)
HTTP/1.1 200 OK
Content-Type: application/json; charset=utf-8
cache-control: no-cache
content-length: 88

[DEBUG] Adding key: http://localhost:44090 for channel [id: 0xd1d86906, L:/127.0.0.1:54062 - R:localhost/127.0.0.1:44090]
[DEBUG] Using pooled Channel '[id: 0xd1d86906, L:/127.0.0.1:54062 - R:localhost/127.0.0.1:44090]' for 'GET' to 'http://localhost:44090/session/67c054285278ccd4a59a3c8625af4372/element/ef548c85-0e7b-45a6-970c-3bd8412caf38/text'
[DEBUG] Using open Channel [id: 0xd1d86906, L:/127.0.0.1:54062 - R:localhost/127.0.0.1:44090] for GET '/session/67c054285278ccd4a59a3c8625af4372/element/ef548c85-0e7b-45a6-970c-3bd8412caf38/text'
[DEBUG] 

Request DefaultFullHttpRequest(decodeResult: success, version: HTTP/1.1, content: EmptyByteBufBE)
GET /session/67c054285278ccd4a59a3c8625af4372/element/ef548c85-0e7b-45a6-970c-3bd8412caf38/text HTTP/1.1
User-Agent: selenium/4.6.0 (java windows)
Cache-Control: no-cache
Content-Type: application/json; charset=utf-8
host: localhost:44090
accept: */*

Response DefaultHttpResponse(decodeResult: success, version: HTTP/1.1)
HTTP/1.1 200 OK
Content-Type: application/json; charset=utf-8
cache-control: no-cache
content-length: 24

[DEBUG] Adding key: http://localhost:44090 for channel [id: 0xd1d86906, L:/127.0.0.1:54062 - R:localhost/127.0.0.1:44090]
[DEBUG] Using pooled Channel '[id: 0xd1d86906, L:/127.0.0.1:54062 - R:localhost/127.0.0.1:44090]' for 'POST' to 'http://localhost:44090/session/67c054285278ccd4a59a3c8625af4372/element'
[DEBUG] Using open Channel [id: 0xd1d86906, L:/127.0.0.1:54062 - R:localhost/127.0.0.1:44090] for POST '/session/67c054285278ccd4a59a3c8625af4372/element'
[DEBUG] 

Request DefaultHttpRequest(decodeResult: success, version: HTTP/1.1)
POST /session/67c054285278ccd4a59a3c8625af4372/element HTTP/1.1
User-Agent: selenium/4.6.0 (java windows)
Content-Length: 128
Content-Type: application/json; charset=utf-8
host: localhost:44090
accept: */*

Response DefaultHttpResponse(decodeResult: success, version: HTTP/1.1)
HTTP/1.1 200 OK
Content-Type: application/json; charset=utf-8
cache-control: no-cache
content-length: 88

[DEBUG] Adding key: http://localhost:44090 for channel [id: 0xd1d86906, L:/127.0.0.1:54062 - R:localhost/127.0.0.1:44090]
[DEBUG] Using pooled Channel '[id: 0xd1d86906, L:/127.0.0.1:54062 - R:localhost/127.0.0.1:44090]' for 'GET' to 'http://localhost:44090/session/67c054285278ccd4a59a3c8625af4372/element/5a0c8bcb-a79e-4f8d-bc65-3404f57a5aa1/text'
[DEBUG] Using open Channel [id: 0xd1d86906, L:/127.0.0.1:54062 - R:localhost/127.0.0.1:44090] for GET '/session/67c054285278ccd4a59a3c8625af4372/element/5a0c8bcb-a79e-4f8d-bc65-3404f57a5aa1/text'
[DEBUG] 

Request DefaultFullHttpRequest(decodeResult: success, version: HTTP/1.1, content: EmptyByteBufBE)
GET /session/67c054285278ccd4a59a3c8625af4372/element/5a0c8bcb-a79e-4f8d-bc65-3404f57a5aa1/text HTTP/1.1
User-Agent: selenium/4.6.0 (java windows)
Cache-Control: no-cache
Content-Type: application/json; charset=utf-8
host: localhost:44090
accept: */*

Response DefaultHttpResponse(decodeResult: success, version: HTTP/1.1)
HTTP/1.1 200 OK
Content-Type: application/json; charset=utf-8
cache-control: no-cache
content-length: 23

[DEBUG] Adding key: http://localhost:44090 for channel [id: 0xd1d86906, L:/127.0.0.1:54062 - R:localhost/127.0.0.1:44090]
[DEBUG] Using pooled Channel '[id: 0xd1d86906, L:/127.0.0.1:54062 - R:localhost/127.0.0.1:44090]' for 'POST' to 'http://localhost:44090/session/67c054285278ccd4a59a3c8625af4372/element'
[DEBUG] Using open Channel [id: 0xd1d86906, L:/127.0.0.1:54062 - R:localhost/127.0.0.1:44090] for POST '/session/67c054285278ccd4a59a3c8625af4372/element'
[DEBUG] 

Request DefaultHttpRequest(decodeResult: success, version: HTTP/1.1)
POST /session/67c054285278ccd4a59a3c8625af4372/element HTTP/1.1
User-Agent: selenium/4.6.0 (java windows)
Content-Length: 128
Content-Type: application/json; charset=utf-8
host: localhost:44090
accept: */*

Response DefaultHttpResponse(decodeResult: success, version: HTTP/1.1)
HTTP/1.1 200 OK
Content-Type: application/json; charset=utf-8
cache-control: no-cache
content-length: 88

[DEBUG] Adding key: http://localhost:44090 for channel [id: 0xd1d86906, L:/127.0.0.1:54062 - R:localhost/127.0.0.1:44090]
[DEBUG] Using pooled Channel '[id: 0xd1d86906, L:/127.0.0.1:54062 - R:localhost/127.0.0.1:44090]' for 'GET' to 'http://localhost:44090/session/67c054285278ccd4a59a3c8625af4372/element/2688f0b6-65a0-47ee-826f-630d63f262e6/text'
[DEBUG] Using open Channel [id: 0xd1d86906, L:/127.0.0.1:54062 - R:localhost/127.0.0.1:44090] for GET '/session/67c054285278ccd4a59a3c8625af4372/element/2688f0b6-65a0-47ee-826f-630d63f262e6/text'
[DEBUG] 

Request DefaultFullHttpRequest(decodeResult: success, version: HTTP/1.1, content: EmptyByteBufBE)
GET /session/67c054285278ccd4a59a3c8625af4372/element/2688f0b6-65a0-47ee-826f-630d63f262e6/text HTTP/1.1
User-Agent: selenium/4.6.0 (java windows)
Cache-Control: no-cache
Content-Type: application/json; charset=utf-8
host: localhost:44090
accept: */*

Response DefaultHttpResponse(decodeResult: success, version: HTTP/1.1)
HTTP/1.1 200 OK
Content-Type: application/json; charset=utf-8
cache-control: no-cache
content-length: 31

[DEBUG] Adding key: http://localhost:44090 for channel [id: 0xd1d86906, L:/127.0.0.1:54062 - R:localhost/127.0.0.1:44090]
[DEBUG] Using pooled Channel '[id: 0xd1d86906, L:/127.0.0.1:54062 - R:localhost/127.0.0.1:44090]' for 'POST' to 'http://localhost:44090/session/67c054285278ccd4a59a3c8625af4372/element'
[DEBUG] Using open Channel [id: 0xd1d86906, L:/127.0.0.1:54062 - R:localhost/127.0.0.1:44090] for POST '/session/67c054285278ccd4a59a3c8625af4372/element'
[DEBUG] 

Request DefaultHttpRequest(decodeResult: success, version: HTTP/1.1)
POST /session/67c054285278ccd4a59a3c8625af4372/element HTTP/1.1
User-Agent: selenium/4.6.0 (java windows)
Content-Length: 128
Content-Type: application/json; charset=utf-8
host: localhost:44090
accept: */*

Response DefaultHttpResponse(decodeResult: success, version: HTTP/1.1)
HTTP/1.1 200 OK
Content-Type: application/json; charset=utf-8
cache-control: no-cache
content-length: 88

[DEBUG] Adding key: http://localhost:44090 for channel [id: 0xd1d86906, L:/127.0.0.1:54062 - R:localhost/127.0.0.1:44090]
[DEBUG] Using pooled Channel '[id: 0xd1d86906, L:/127.0.0.1:54062 - R:localhost/127.0.0.1:44090]' for 'GET' to 'http://localhost:44090/session/67c054285278ccd4a59a3c8625af4372/element/a1b1903f-53ee-4baa-8837-8553d8a947c6/text'
[DEBUG] Using open Channel [id: 0xd1d86906, L:/127.0.0.1:54062 - R:localhost/127.0.0.1:44090] for GET '/session/67c054285278ccd4a59a3c8625af4372/element/a1b1903f-53ee-4baa-8837-8553d8a947c6/text'
[DEBUG] 

Request DefaultFullHttpRequest(decodeResult: success, version: HTTP/1.1, content: EmptyByteBufBE)
GET /session/67c054285278ccd4a59a3c8625af4372/element/a1b1903f-53ee-4baa-8837-8553d8a947c6/text HTTP/1.1
User-Agent: selenium/4.6.0 (java windows)
Cache-Control: no-cache
Content-Type: application/json; charset=utf-8
host: localhost:44090
accept: */*

Response DefaultHttpResponse(decodeResult: success, version: HTTP/1.1)
HTTP/1.1 200 OK
Content-Type: application/json; charset=utf-8
cache-control: no-cache
content-length: 24

[DEBUG] Adding key: http://localhost:44090 for channel [id: 0xd1d86906, L:/127.0.0.1:54062 - R:localhost/127.0.0.1:44090]
[DEBUG] Using pooled Channel '[id: 0xd1d86906, L:/127.0.0.1:54062 - R:localhost/127.0.0.1:44090]' for 'POST' to 'http://localhost:44090/session/67c054285278ccd4a59a3c8625af4372/element'
[DEBUG] Using open Channel [id: 0xd1d86906, L:/127.0.0.1:54062 - R:localhost/127.0.0.1:44090] for POST '/session/67c054285278ccd4a59a3c8625af4372/element'
[DEBUG] 

Request DefaultHttpRequest(decodeResult: success, version: HTTP/1.1)
POST /session/67c054285278ccd4a59a3c8625af4372/element HTTP/1.1
User-Agent: selenium/4.6.0 (java windows)
Content-Length: 128
Content-Type: application/json; charset=utf-8
host: localhost:44090
accept: */*

Response DefaultHttpResponse(decodeResult: success, version: HTTP/1.1)
HTTP/1.1 200 OK
Content-Type: application/json; charset=utf-8
cache-control: no-cache
content-length: 88

[DEBUG] Adding key: http://localhost:44090 for channel [id: 0xd1d86906, L:/127.0.0.1:54062 - R:localhost/127.0.0.1:44090]
[DEBUG] Using pooled Channel '[id: 0xd1d86906, L:/127.0.0.1:54062 - R:localhost/127.0.0.1:44090]' for 'GET' to 'http://localhost:44090/session/67c054285278ccd4a59a3c8625af4372/element/defb6810-9ab5-42e1-853e-b42ac6b37c74/text'
[DEBUG] Using open Channel [id: 0xd1d86906, L:/127.0.0.1:54062 - R:localhost/127.0.0.1:44090] for GET '/session/67c054285278ccd4a59a3c8625af4372/element/defb6810-9ab5-42e1-853e-b42ac6b37c74/text'
[DEBUG] 

Request DefaultFullHttpRequest(decodeResult: success, version: HTTP/1.1, content: EmptyByteBufBE)
GET /session/67c054285278ccd4a59a3c8625af4372/element/defb6810-9ab5-42e1-853e-b42ac6b37c74/text HTTP/1.1
User-Agent: selenium/4.6.0 (java windows)
Cache-Control: no-cache
Content-Type: application/json; charset=utf-8
host: localhost:44090
accept: */*

Response DefaultHttpResponse(decodeResult: success, version: HTTP/1.1)
HTTP/1.1 200 OK
Content-Type: application/json; charset=utf-8
cache-control: no-cache
content-length: 28

[DEBUG] Adding key: http://localhost:44090 for channel [id: 0xd1d86906, L:/127.0.0.1:54062 - R:localhost/127.0.0.1:44090]
[DEBUG] Using pooled Channel '[id: 0xd1d86906, L:/127.0.0.1:54062 - R:localhost/127.0.0.1:44090]' for 'POST' to 'http://localhost:44090/session/67c054285278ccd4a59a3c8625af4372/element'
[DEBUG] Using open Channel [id: 0xd1d86906, L:/127.0.0.1:54062 - R:localhost/127.0.0.1:44090] for POST '/session/67c054285278ccd4a59a3c8625af4372/element'
[DEBUG] Entry count for : http://localhost:54065 : 1
[DEBUG] 

Request DefaultHttpRequest(decodeResult: success, version: HTTP/1.1)
POST /session/67c054285278ccd4a59a3c8625af4372/element HTTP/1.1
User-Agent: selenium/4.6.0 (java windows)
Content-Length: 128
Content-Type: application/json; charset=utf-8
host: localhost:44090
accept: */*

Response DefaultHttpResponse(decodeResult: success, version: HTTP/1.1)
HTTP/1.1 200 OK
Content-Type: application/json; charset=utf-8
cache-control: no-cache
content-length: 88

[DEBUG] Adding key: http://localhost:44090 for channel [id: 0xd1d86906, L:/127.0.0.1:54062 - R:localhost/127.0.0.1:44090]
[DEBUG] Using pooled Channel '[id: 0xd1d86906, L:/127.0.0.1:54062 - R:localhost/127.0.0.1:44090]' for 'GET' to 'http://localhost:44090/session/67c054285278ccd4a59a3c8625af4372/element/f5d875ce-9947-4339-a0a7-08796ee72799/text'
[DEBUG] Using open Channel [id: 0xd1d86906, L:/127.0.0.1:54062 - R:localhost/127.0.0.1:44090] for GET '/session/67c054285278ccd4a59a3c8625af4372/element/f5d875ce-9947-4339-a0a7-08796ee72799/text'
[DEBUG] 

Request DefaultFullHttpRequest(decodeResult: success, version: HTTP/1.1, content: EmptyByteBufBE)
GET /session/67c054285278ccd4a59a3c8625af4372/element/f5d875ce-9947-4339-a0a7-08796ee72799/text HTTP/1.1
User-Agent: selenium/4.6.0 (java windows)
Cache-Control: no-cache
Content-Type: application/json; charset=utf-8
host: localhost:44090
accept: */*

Response DefaultHttpResponse(decodeResult: success, version: HTTP/1.1)
HTTP/1.1 200 OK
Content-Type: application/json; charset=utf-8
cache-control: no-cache
content-length: 26

[DEBUG] Adding key: http://localhost:44090 for channel [id: 0xd1d86906, L:/127.0.0.1:54062 - R:localhost/127.0.0.1:44090]
[DEBUG] Using pooled Channel '[id: 0xd1d86906, L:/127.0.0.1:54062 - R:localhost/127.0.0.1:44090]' for 'POST' to 'http://localhost:44090/session/67c054285278ccd4a59a3c8625af4372/elements'
[DEBUG] Using open Channel [id: 0xd1d86906, L:/127.0.0.1:54062 - R:localhost/127.0.0.1:44090] for POST '/session/67c054285278ccd4a59a3c8625af4372/elements'
[DEBUG] 

Request DefaultHttpRequest(decodeResult: success, version: HTTP/1.1)
POST /session/67c054285278ccd4a59a3c8625af4372/elements HTTP/1.1
User-Agent: selenium/4.6.0 (java windows)
Content-Length: 128
Content-Type: application/json; charset=utf-8
host: localhost:44090
accept: */*

Response DefaultHttpResponse(decodeResult: success, version: HTTP/1.1)
HTTP/1.1 200 OK
Content-Type: application/json; charset=utf-8
cache-control: no-cache
content-length: 90

[DEBUG] Adding key: http://localhost:44090 for channel [id: 0xd1d86906, L:/127.0.0.1:54062 - R:localhost/127.0.0.1:44090]
[DEBUG] Using pooled Channel '[id: 0xd1d86906, L:/127.0.0.1:54062 - R:localhost/127.0.0.1:44090]' for 'GET' to 'http://localhost:44090/session/67c054285278ccd4a59a3c8625af4372/element/9d5ef4e8-e3ae-4721-9567-047ec022288f/text'
[DEBUG] Using open Channel [id: 0xd1d86906, L:/127.0.0.1:54062 - R:localhost/127.0.0.1:44090] for GET '/session/67c054285278ccd4a59a3c8625af4372/element/9d5ef4e8-e3ae-4721-9567-047ec022288f/text'
[DEBUG] 

Request DefaultFullHttpRequest(decodeResult: success, version: HTTP/1.1, content: EmptyByteBufBE)
GET /session/67c054285278ccd4a59a3c8625af4372/element/9d5ef4e8-e3ae-4721-9567-047ec022288f/text HTTP/1.1
User-Agent: selenium/4.6.0 (java windows)
Cache-Control: no-cache
Content-Type: application/json; charset=utf-8
host: localhost:44090
accept: */*

Response DefaultHttpResponse(decodeResult: success, version: HTTP/1.1)
HTTP/1.1 200 OK
Content-Type: application/json; charset=utf-8
cache-control: no-cache
content-length: 23

[DEBUG] Adding key: http://localhost:44090 for channel [id: 0xd1d86906, L:/127.0.0.1:54062 - R:localhost/127.0.0.1:44090]
[DEBUG] Using pooled Channel '[id: 0xd1d86906, L:/127.0.0.1:54062 - R:localhost/127.0.0.1:44090]' for 'POST' to 'http://localhost:44090/session/67c054285278ccd4a59a3c8625af4372/elements'
[DEBUG] Using open Channel [id: 0xd1d86906, L:/127.0.0.1:54062 - R:localhost/127.0.0.1:44090] for POST '/session/67c054285278ccd4a59a3c8625af4372/elements'
[DEBUG] 

Request DefaultHttpRequest(decodeResult: success, version: HTTP/1.1)
POST /session/67c054285278ccd4a59a3c8625af4372/elements HTTP/1.1
User-Agent: selenium/4.6.0 (java windows)
Content-Length: 128
Content-Type: application/json; charset=utf-8
host: localhost:44090
accept: */*

Response DefaultHttpResponse(decodeResult: success, version: HTTP/1.1)
HTTP/1.1 200 OK
Content-Type: application/json; charset=utf-8
cache-control: no-cache
content-length: 90

[DEBUG] Adding key: http://localhost:44090 for channel [id: 0xd1d86906, L:/127.0.0.1:54062 - R:localhost/127.0.0.1:44090]
[DEBUG] Using pooled Channel '[id: 0xd1d86906, L:/127.0.0.1:54062 - R:localhost/127.0.0.1:44090]' for 'GET' to 'http://localhost:44090/session/67c054285278ccd4a59a3c8625af4372/element/6a6b7afb-0147-44f4-8513-100ce02a13b9/text'
[DEBUG] Using open Channel [id: 0xd1d86906, L:/127.0.0.1:54062 - R:localhost/127.0.0.1:44090] for GET '/session/67c054285278ccd4a59a3c8625af4372/element/6a6b7afb-0147-44f4-8513-100ce02a13b9/text'
[DEBUG] 

Request DefaultFullHttpRequest(decodeResult: success, version: HTTP/1.1, content: EmptyByteBufBE)
GET /session/67c054285278ccd4a59a3c8625af4372/element/6a6b7afb-0147-44f4-8513-100ce02a13b9/text HTTP/1.1
User-Agent: selenium/4.6.0 (java windows)
Cache-Control: no-cache
Content-Type: application/json; charset=utf-8
host: localhost:44090
accept: */*

Response DefaultHttpResponse(decodeResult: success, version: HTTP/1.1)
HTTP/1.1 200 OK
Content-Type: application/json; charset=utf-8
cache-control: no-cache
content-length: 20

[DEBUG] Adding key: http://localhost:44090 for channel [id: 0xd1d86906, L:/127.0.0.1:54062 - R:localhost/127.0.0.1:44090]
[DEBUG] Using pooled Channel '[id: 0xd1d86906, L:/127.0.0.1:54062 - R:localhost/127.0.0.1:44090]' for 'POST' to 'http://localhost:44090/session/67c054285278ccd4a59a3c8625af4372/elements'
[DEBUG] Using open Channel [id: 0xd1d86906, L:/127.0.0.1:54062 - R:localhost/127.0.0.1:44090] for POST '/session/67c054285278ccd4a59a3c8625af4372/elements'
[DEBUG] 

Request DefaultHttpRequest(decodeResult: success, version: HTTP/1.1)
POST /session/67c054285278ccd4a59a3c8625af4372/elements HTTP/1.1
User-Agent: selenium/4.6.0 (java windows)
Content-Length: 128
Content-Type: application/json; charset=utf-8
host: localhost:44090
accept: */*

Response DefaultHttpResponse(decodeResult: success, version: HTTP/1.1)
HTTP/1.1 200 OK
Content-Type: application/json; charset=utf-8
cache-control: no-cache
content-length: 90

[DEBUG] Adding key: http://localhost:44090 for channel [id: 0xd1d86906, L:/127.0.0.1:54062 - R:localhost/127.0.0.1:44090]
[DEBUG] Using pooled Channel '[id: 0xd1d86906, L:/127.0.0.1:54062 - R:localhost/127.0.0.1:44090]' for 'GET' to 'http://localhost:44090/session/67c054285278ccd4a59a3c8625af4372/element/af6a7c29-033d-4c7f-93ec-e1c3c021458b/text'
[DEBUG] Using open Channel [id: 0xd1d86906, L:/127.0.0.1:54062 - R:localhost/127.0.0.1:44090] for GET '/session/67c054285278ccd4a59a3c8625af4372/element/af6a7c29-033d-4c7f-93ec-e1c3c021458b/text'
[DEBUG] 

Request DefaultFullHttpRequest(decodeResult: success, version: HTTP/1.1, content: EmptyByteBufBE)
GET /session/67c054285278ccd4a59a3c8625af4372/element/af6a7c29-033d-4c7f-93ec-e1c3c021458b/text HTTP/1.1
User-Agent: selenium/4.6.0 (java windows)
Cache-Control: no-cache
Content-Type: application/json; charset=utf-8
host: localhost:44090
accept: */*

Response DefaultHttpResponse(decodeResult: success, version: HTTP/1.1)
HTTP/1.1 200 OK
Content-Type: application/json; charset=utf-8
cache-control: no-cache
content-length: 24

[DEBUG] Adding key: http://localhost:44090 for channel [id: 0xd1d86906, L:/127.0.0.1:54062 - R:localhost/127.0.0.1:44090]
[DEBUG] Using pooled Channel '[id: 0xd1d86906, L:/127.0.0.1:54062 - R:localhost/127.0.0.1:44090]' for 'POST' to 'http://localhost:44090/session/67c054285278ccd4a59a3c8625af4372/elements'
[DEBUG] Using open Channel [id: 0xd1d86906, L:/127.0.0.1:54062 - R:localhost/127.0.0.1:44090] for POST '/session/67c054285278ccd4a59a3c8625af4372/elements'
[DEBUG] 

Request DefaultHttpRequest(decodeResult: success, version: HTTP/1.1)
POST /session/67c054285278ccd4a59a3c8625af4372/elements HTTP/1.1
User-Agent: selenium/4.6.0 (java windows)
Content-Length: 128
Content-Type: application/json; charset=utf-8
host: localhost:44090
accept: */*

Response DefaultHttpResponse(decodeResult: success, version: HTTP/1.1)
HTTP/1.1 200 OK
Content-Type: application/json; charset=utf-8
cache-control: no-cache
content-length: 90

[DEBUG] Adding key: http://localhost:44090 for channel [id: 0xd1d86906, L:/127.0.0.1:54062 - R:localhost/127.0.0.1:44090]
[DEBUG] Using pooled Channel '[id: 0xd1d86906, L:/127.0.0.1:54062 - R:localhost/127.0.0.1:44090]' for 'GET' to 'http://localhost:44090/session/67c054285278ccd4a59a3c8625af4372/element/f5d875ce-9947-4339-a0a7-08796ee72799/text'
[DEBUG] Using open Channel [id: 0xd1d86906, L:/127.0.0.1:54062 - R:localhost/127.0.0.1:44090] for GET '/session/67c054285278ccd4a59a3c8625af4372/element/f5d875ce-9947-4339-a0a7-08796ee72799/text'
[DEBUG] 

Request DefaultFullHttpRequest(decodeResult: success, version: HTTP/1.1, content: EmptyByteBufBE)
GET /session/67c054285278ccd4a59a3c8625af4372/element/f5d875ce-9947-4339-a0a7-08796ee72799/text HTTP/1.1
User-Agent: selenium/4.6.0 (java windows)
Cache-Control: no-cache
Content-Type: application/json; charset=utf-8
host: localhost:44090
accept: */*

Response DefaultHttpResponse(decodeResult: success, version: HTTP/1.1)
HTTP/1.1 200 OK
Content-Type: application/json; charset=utf-8
cache-control: no-cache
content-length: 26

[DEBUG] Adding key: http://localhost:44090 for channel [id: 0xd1d86906, L:/127.0.0.1:54062 - R:localhost/127.0.0.1:44090]
[DEBUG] Using pooled Channel '[id: 0xd1d86906, L:/127.0.0.1:54062 - R:localhost/127.0.0.1:44090]' for 'POST' to 'http://localhost:44090/session/67c054285278ccd4a59a3c8625af4372/element'
[DEBUG] Using open Channel [id: 0xd1d86906, L:/127.0.0.1:54062 - R:localhost/127.0.0.1:44090] for POST '/session/67c054285278ccd4a59a3c8625af4372/element'
[DEBUG] 

Request DefaultHttpRequest(decodeResult: success, version: HTTP/1.1)
POST /session/67c054285278ccd4a59a3c8625af4372/element HTTP/1.1
User-Agent: selenium/4.6.0 (java windows)
Content-Length: 128
Content-Type: application/json; charset=utf-8
host: localhost:44090
accept: */*

Response DefaultHttpResponse(decodeResult: success, version: HTTP/1.1)
HTTP/1.1 200 OK
Content-Type: application/json; charset=utf-8
cache-control: no-cache
content-length: 88

[DEBUG] Adding key: http://localhost:44090 for channel [id: 0xd1d86906, L:/127.0.0.1:54062 - R:localhost/127.0.0.1:44090]
[DEBUG] Using pooled Channel '[id: 0xd1d86906, L:/127.0.0.1:54062 - R:localhost/127.0.0.1:44090]' for 'GET' to 'http://localhost:44090/session/67c054285278ccd4a59a3c8625af4372/element/72d322d2-2b3d-46b3-94fd-8b57259b0feb/text'
[DEBUG] Using open Channel [id: 0xd1d86906, L:/127.0.0.1:54062 - R:localhost/127.0.0.1:44090] for GET '/session/67c054285278ccd4a59a3c8625af4372/element/72d322d2-2b3d-46b3-94fd-8b57259b0feb/text'
[DEBUG] 

Request DefaultFullHttpRequest(decodeResult: success, version: HTTP/1.1, content: EmptyByteBufBE)
GET /session/67c054285278ccd4a59a3c8625af4372/element/72d322d2-2b3d-46b3-94fd-8b57259b0feb/text HTTP/1.1
User-Agent: selenium/4.6.0 (java windows)
Cache-Control: no-cache
Content-Type: application/json; charset=utf-8
host: localhost:44090
accept: */*

Response DefaultHttpResponse(decodeResult: success, version: HTTP/1.1)
HTTP/1.1 200 OK
Content-Type: application/json; charset=utf-8
cache-control: no-cache
content-length: 28

[DEBUG] Adding key: http://localhost:44090 for channel [id: 0xd1d86906, L:/127.0.0.1:54062 - R:localhost/127.0.0.1:44090]
[DEBUG] Using pooled Channel '[id: 0xd1d86906, L:/127.0.0.1:54062 - R:localhost/127.0.0.1:44090]' for 'POST' to 'http://localhost:44090/session/67c054285278ccd4a59a3c8625af4372/element'
[DEBUG] Using open Channel [id: 0xd1d86906, L:/127.0.0.1:54062 - R:localhost/127.0.0.1:44090] for POST '/session/67c054285278ccd4a59a3c8625af4372/element'
[DEBUG] 

Request DefaultHttpRequest(decodeResult: success, version: HTTP/1.1)
POST /session/67c054285278ccd4a59a3c8625af4372/element HTTP/1.1
User-Agent: selenium/4.6.0 (java windows)
Content-Length: 128
Content-Type: application/json; charset=utf-8
host: localhost:44090
accept: */*

Response DefaultHttpResponse(decodeResult: success, version: HTTP/1.1)
HTTP/1.1 200 OK
Content-Type: application/json; charset=utf-8
cache-control: no-cache
content-length: 88

[DEBUG] Adding key: http://localhost:44090 for channel [id: 0xd1d86906, L:/127.0.0.1:54062 - R:localhost/127.0.0.1:44090]
[DEBUG] Using pooled Channel '[id: 0xd1d86906, L:/127.0.0.1:54062 - R:localhost/127.0.0.1:44090]' for 'GET' to 'http://localhost:44090/session/67c054285278ccd4a59a3c8625af4372/element/60d9cc76-f404-46f9-b3a8-115f2921e4c7/text'
[DEBUG] Using open Channel [id: 0xd1d86906, L:/127.0.0.1:54062 - R:localhost/127.0.0.1:44090] for GET '/session/67c054285278ccd4a59a3c8625af4372/element/60d9cc76-f404-46f9-b3a8-115f2921e4c7/text'
[DEBUG] 

Request DefaultFullHttpRequest(decodeResult: success, version: HTTP/1.1, content: EmptyByteBufBE)
GET /session/67c054285278ccd4a59a3c8625af4372/element/60d9cc76-f404-46f9-b3a8-115f2921e4c7/text HTTP/1.1
User-Agent: selenium/4.6.0 (java windows)
Cache-Control: no-cache
Content-Type: application/json; charset=utf-8
host: localhost:44090
accept: */*

Response DefaultHttpResponse(decodeResult: success, version: HTTP/1.1)
HTTP/1.1 200 OK
Content-Type: application/json; charset=utf-8
cache-control: no-cache
content-length: 28

[DEBUG] Adding key: http://localhost:44090 for channel [id: 0xd1d86906, L:/127.0.0.1:54062 - R:localhost/127.0.0.1:44090]
[DEBUG] Using pooled Channel '[id: 0xd1d86906, L:/127.0.0.1:54062 - R:localhost/127.0.0.1:44090]' for 'POST' to 'http://localhost:44090/session/67c054285278ccd4a59a3c8625af4372/element'
[DEBUG] Using open Channel [id: 0xd1d86906, L:/127.0.0.1:54062 - R:localhost/127.0.0.1:44090] for POST '/session/67c054285278ccd4a59a3c8625af4372/element'
[DEBUG] 

Request DefaultHttpRequest(decodeResult: success, version: HTTP/1.1)
POST /session/67c054285278ccd4a59a3c8625af4372/element HTTP/1.1
User-Agent: selenium/4.6.0 (java windows)
Content-Length: 128
Content-Type: application/json; charset=utf-8
host: localhost:44090
accept: */*

Response DefaultHttpResponse(decodeResult: success, version: HTTP/1.1)
HTTP/1.1 200 OK
Content-Type: application/json; charset=utf-8
cache-control: no-cache
content-length: 88

[DEBUG] Adding key: http://localhost:44090 for channel [id: 0xd1d86906, L:/127.0.0.1:54062 - R:localhost/127.0.0.1:44090]
[DEBUG] Using pooled Channel '[id: 0xd1d86906, L:/127.0.0.1:54062 - R:localhost/127.0.0.1:44090]' for 'GET' to 'http://localhost:44090/session/67c054285278ccd4a59a3c8625af4372/element/9829a930-026e-4532-8b61-93f9a14a03e4/text'
[DEBUG] Using open Channel [id: 0xd1d86906, L:/127.0.0.1:54062 - R:localhost/127.0.0.1:44090] for GET '/session/67c054285278ccd4a59a3c8625af4372/element/9829a930-026e-4532-8b61-93f9a14a03e4/text'
[DEBUG] 

Request DefaultFullHttpRequest(decodeResult: success, version: HTTP/1.1, content: EmptyByteBufBE)
GET /session/67c054285278ccd4a59a3c8625af4372/element/9829a930-026e-4532-8b61-93f9a14a03e4/text HTTP/1.1
User-Agent: selenium/4.6.0 (java windows)
Cache-Control: no-cache
Content-Type: application/json; charset=utf-8
host: localhost:44090
accept: */*

Response DefaultHttpResponse(decodeResult: success, version: HTTP/1.1)
HTTP/1.1 200 OK
Content-Type: application/json; charset=utf-8
cache-control: no-cache
content-length: 28

[DEBUG] Adding key: http://localhost:44090 for channel [id: 0xd1d86906, L:/127.0.0.1:54062 - R:localhost/127.0.0.1:44090]
[DEBUG] Using pooled Channel '[id: 0xd1d86906, L:/127.0.0.1:54062 - R:localhost/127.0.0.1:44090]' for 'POST' to 'http://localhost:44090/session/67c054285278ccd4a59a3c8625af4372/element'
[DEBUG] Using open Channel [id: 0xd1d86906, L:/127.0.0.1:54062 - R:localhost/127.0.0.1:44090] for POST '/session/67c054285278ccd4a59a3c8625af4372/element'
[DEBUG] 

Request DefaultHttpRequest(decodeResult: success, version: HTTP/1.1)
POST /session/67c054285278ccd4a59a3c8625af4372/element HTTP/1.1
User-Agent: selenium/4.6.0 (java windows)
Content-Length: 128
Content-Type: application/json; charset=utf-8
host: localhost:44090
accept: */*

Response DefaultHttpResponse(decodeResult: success, version: HTTP/1.1)
HTTP/1.1 200 OK
Content-Type: application/json; charset=utf-8
cache-control: no-cache
content-length: 88

[DEBUG] Adding key: http://localhost:44090 for channel [id: 0xd1d86906, L:/127.0.0.1:54062 - R:localhost/127.0.0.1:44090]
[DEBUG] Using pooled Channel '[id: 0xd1d86906, L:/127.0.0.1:54062 - R:localhost/127.0.0.1:44090]' for 'GET' to 'http://localhost:44090/session/67c054285278ccd4a59a3c8625af4372/element/2fb7f151-dab0-4cf8-99ac-01bbd9b8b7ea/text'
[DEBUG] Using open Channel [id: 0xd1d86906, L:/127.0.0.1:54062 - R:localhost/127.0.0.1:44090] for GET '/session/67c054285278ccd4a59a3c8625af4372/element/2fb7f151-dab0-4cf8-99ac-01bbd9b8b7ea/text'
[DEBUG] 

Request DefaultFullHttpRequest(decodeResult: success, version: HTTP/1.1, content: EmptyByteBufBE)
GET /session/67c054285278ccd4a59a3c8625af4372/element/2fb7f151-dab0-4cf8-99ac-01bbd9b8b7ea/text HTTP/1.1
User-Agent: selenium/4.6.0 (java windows)
Cache-Control: no-cache
Content-Type: application/json; charset=utf-8
host: localhost:44090
accept: */*

Response DefaultHttpResponse(decodeResult: success, version: HTTP/1.1)
HTTP/1.1 200 OK
Content-Type: application/json; charset=utf-8
cache-control: no-cache
content-length: 28

[DEBUG] Adding key: http://localhost:44090 for channel [id: 0xd1d86906, L:/127.0.0.1:54062 - R:localhost/127.0.0.1:44090]
[DEBUG] Using pooled Channel '[id: 0xd1d86906, L:/127.0.0.1:54062 - R:localhost/127.0.0.1:44090]' for 'POST' to 'http://localhost:44090/session/67c054285278ccd4a59a3c8625af4372/element'
[DEBUG] Using open Channel [id: 0xd1d86906, L:/127.0.0.1:54062 - R:localhost/127.0.0.1:44090] for POST '/session/67c054285278ccd4a59a3c8625af4372/element'
[DEBUG] 

Request DefaultHttpRequest(decodeResult: success, version: HTTP/1.1)
POST /session/67c054285278ccd4a59a3c8625af4372/element HTTP/1.1
User-Agent: selenium/4.6.0 (java windows)
Content-Length: 128
Content-Type: application/json; charset=utf-8
host: localhost:44090
accept: */*

Response DefaultHttpResponse(decodeResult: success, version: HTTP/1.1)
HTTP/1.1 200 OK
Content-Type: application/json; charset=utf-8
cache-control: no-cache
content-length: 88

[DEBUG] Adding key: http://localhost:44090 for channel [id: 0xd1d86906, L:/127.0.0.1:54062 - R:localhost/127.0.0.1:44090]
[DEBUG] Using pooled Channel '[id: 0xd1d86906, L:/127.0.0.1:54062 - R:localhost/127.0.0.1:44090]' for 'GET' to 'http://localhost:44090/session/67c054285278ccd4a59a3c8625af4372/element/1919ad03-8ba8-4ba1-9621-b2c8ec869abd/text'
[DEBUG] Using open Channel [id: 0xd1d86906, L:/127.0.0.1:54062 - R:localhost/127.0.0.1:44090] for GET '/session/67c054285278ccd4a59a3c8625af4372/element/1919ad03-8ba8-4ba1-9621-b2c8ec869abd/text'
[DEBUG] 

Request DefaultFullHttpRequest(decodeResult: success, version: HTTP/1.1, content: EmptyByteBufBE)
GET /session/67c054285278ccd4a59a3c8625af4372/element/1919ad03-8ba8-4ba1-9621-b2c8ec869abd/text HTTP/1.1
User-Agent: selenium/4.6.0 (java windows)
Cache-Control: no-cache
Content-Type: application/json; charset=utf-8
host: localhost:44090
accept: */*

Response DefaultHttpResponse(decodeResult: success, version: HTTP/1.1)
HTTP/1.1 200 OK
Content-Type: application/json; charset=utf-8
cache-control: no-cache
content-length: 28

[DEBUG] Adding key: http://localhost:44090 for channel [id: 0xd1d86906, L:/127.0.0.1:54062 - R:localhost/127.0.0.1:44090]
[DEBUG] Using pooled Channel '[id: 0xd1d86906, L:/127.0.0.1:54062 - R:localhost/127.0.0.1:44090]' for 'POST' to 'http://localhost:44090/session/67c054285278ccd4a59a3c8625af4372/element'
[DEBUG] Using open Channel [id: 0xd1d86906, L:/127.0.0.1:54062 - R:localhost/127.0.0.1:44090] for POST '/session/67c054285278ccd4a59a3c8625af4372/element'
[DEBUG] 

Request DefaultHttpRequest(decodeResult: success, version: HTTP/1.1)
POST /session/67c054285278ccd4a59a3c8625af4372/element HTTP/1.1
User-Agent: selenium/4.6.0 (java windows)
Content-Length: 128
Content-Type: application/json; charset=utf-8
host: localhost:44090
accept: */*

Response DefaultHttpResponse(decodeResult: success, version: HTTP/1.1)
HTTP/1.1 200 OK
Content-Type: application/json; charset=utf-8
cache-control: no-cache
content-length: 88

[DEBUG] Adding key: http://localhost:44090 for channel [id: 0xd1d86906, L:/127.0.0.1:54062 - R:localhost/127.0.0.1:44090]
[DEBUG] Using pooled Channel '[id: 0xd1d86906, L:/127.0.0.1:54062 - R:localhost/127.0.0.1:44090]' for 'GET' to 'http://localhost:44090/session/67c054285278ccd4a59a3c8625af4372/element/769b3997-db56-4fbf-8845-51ad3b9d9e65/text'
[DEBUG] Using open Channel [id: 0xd1d86906, L:/127.0.0.1:54062 - R:localhost/127.0.0.1:44090] for GET '/session/67c054285278ccd4a59a3c8625af4372/element/769b3997-db56-4fbf-8845-51ad3b9d9e65/text'
[DEBUG] 

Request DefaultFullHttpRequest(decodeResult: success, version: HTTP/1.1, content: EmptyByteBufBE)
GET /session/67c054285278ccd4a59a3c8625af4372/element/769b3997-db56-4fbf-8845-51ad3b9d9e65/text HTTP/1.1
User-Agent: selenium/4.6.0 (java windows)
Cache-Control: no-cache
Content-Type: application/json; charset=utf-8
host: localhost:44090
accept: */*

Response DefaultHttpResponse(decodeResult: success, version: HTTP/1.1)
HTTP/1.1 200 OK
Content-Type: application/json; charset=utf-8
cache-control: no-cache
content-length: 28

[DEBUG] Adding key: http://localhost:44090 for channel [id: 0xd1d86906, L:/127.0.0.1:54062 - R:localhost/127.0.0.1:44090]
[DEBUG] Using pooled Channel '[id: 0xd1d86906, L:/127.0.0.1:54062 - R:localhost/127.0.0.1:44090]' for 'POST' to 'http://localhost:44090/session/67c054285278ccd4a59a3c8625af4372/element'
[DEBUG] Using open Channel [id: 0xd1d86906, L:/127.0.0.1:54062 - R:localhost/127.0.0.1:44090] for POST '/session/67c054285278ccd4a59a3c8625af4372/element'
[DEBUG] 

Request DefaultHttpRequest(decodeResult: success, version: HTTP/1.1)
POST /session/67c054285278ccd4a59a3c8625af4372/element HTTP/1.1
User-Agent: selenium/4.6.0 (java windows)
Content-Length: 128
Content-Type: application/json; charset=utf-8
host: localhost:44090
accept: */*

Response DefaultHttpResponse(decodeResult: success, version: HTTP/1.1)
HTTP/1.1 200 OK
Content-Type: application/json; charset=utf-8
cache-control: no-cache
content-length: 88

[DEBUG] Adding key: http://localhost:44090 for channel [id: 0xd1d86906, L:/127.0.0.1:54062 - R:localhost/127.0.0.1:44090]
[DEBUG] Using pooled Channel '[id: 0xd1d86906, L:/127.0.0.1:54062 - R:localhost/127.0.0.1:44090]' for 'GET' to 'http://localhost:44090/session/67c054285278ccd4a59a3c8625af4372/element/20b67aac-e5f2-4253-a2cb-5bd51e9f30a5/text'
[DEBUG] Using open Channel [id: 0xd1d86906, L:/127.0.0.1:54062 - R:localhost/127.0.0.1:44090] for GET '/session/67c054285278ccd4a59a3c8625af4372/element/20b67aac-e5f2-4253-a2cb-5bd51e9f30a5/text'
[DEBUG] 

Request DefaultFullHttpRequest(decodeResult: success, version: HTTP/1.1, content: EmptyByteBufBE)
GET /session/67c054285278ccd4a59a3c8625af4372/element/20b67aac-e5f2-4253-a2cb-5bd51e9f30a5/text HTTP/1.1
User-Agent: selenium/4.6.0 (java windows)
Cache-Control: no-cache
Content-Type: application/json; charset=utf-8
host: localhost:44090
accept: */*

Response DefaultHttpResponse(decodeResult: success, version: HTTP/1.1)
HTTP/1.1 200 OK
Content-Type: application/json; charset=utf-8
cache-control: no-cache
content-length: 28

[DEBUG] Adding key: http://localhost:44090 for channel [id: 0xd1d86906, L:/127.0.0.1:54062 - R:localhost/127.0.0.1:44090]
[DEBUG] Using pooled Channel '[id: 0xd1d86906, L:/127.0.0.1:54062 - R:localhost/127.0.0.1:44090]' for 'POST' to 'http://localhost:44090/session/67c054285278ccd4a59a3c8625af4372/element'
[DEBUG] Using open Channel [id: 0xd1d86906, L:/127.0.0.1:54062 - R:localhost/127.0.0.1:44090] for POST '/session/67c054285278ccd4a59a3c8625af4372/element'
[DEBUG] 

Request DefaultHttpRequest(decodeResult: success, version: HTTP/1.1)
POST /session/67c054285278ccd4a59a3c8625af4372/element HTTP/1.1
User-Agent: selenium/4.6.0 (java windows)
Content-Length: 129
Content-Type: application/json; charset=utf-8
host: localhost:44090
accept: */*

Response DefaultHttpResponse(decodeResult: success, version: HTTP/1.1)
HTTP/1.1 200 OK
Content-Type: application/json; charset=utf-8
cache-control: no-cache
content-length: 88

[DEBUG] Adding key: http://localhost:44090 for channel [id: 0xd1d86906, L:/127.0.0.1:54062 - R:localhost/127.0.0.1:44090]
[DEBUG] Using pooled Channel '[id: 0xd1d86906, L:/127.0.0.1:54062 - R:localhost/127.0.0.1:44090]' for 'GET' to 'http://localhost:44090/session/67c054285278ccd4a59a3c8625af4372/element/dd87f534-db2b-41f4-b071-0e461d9bd9d6/text'
[DEBUG] Using open Channel [id: 0xd1d86906, L:/127.0.0.1:54062 - R:localhost/127.0.0.1:44090] for GET '/session/67c054285278ccd4a59a3c8625af4372/element/dd87f534-db2b-41f4-b071-0e461d9bd9d6/text'
[DEBUG] 

Request DefaultFullHttpRequest(decodeResult: success, version: HTTP/1.1, content: EmptyByteBufBE)
GET /session/67c054285278ccd4a59a3c8625af4372/element/dd87f534-db2b-41f4-b071-0e461d9bd9d6/text HTTP/1.1
User-Agent: selenium/4.6.0 (java windows)
Cache-Control: no-cache
Content-Type: application/json; charset=utf-8
host: localhost:44090
accept: */*

Response DefaultHttpResponse(decodeResult: success, version: HTTP/1.1)
HTTP/1.1 200 OK
Content-Type: application/json; charset=utf-8
cache-control: no-cache
content-length: 26

[DEBUG] Adding key: http://localhost:44090 for channel [id: 0xd1d86906, L:/127.0.0.1:54062 - R:localhost/127.0.0.1:44090]
[DEBUG] Using pooled Channel '[id: 0xd1d86906, L:/127.0.0.1:54062 - R:localhost/127.0.0.1:44090]' for 'POST' to 'http://localhost:44090/session/67c054285278ccd4a59a3c8625af4372/elements'
[DEBUG] Using open Channel [id: 0xd1d86906, L:/127.0.0.1:54062 - R:localhost/127.0.0.1:44090] for POST '/session/67c054285278ccd4a59a3c8625af4372/elements'
[DEBUG] 

Request DefaultHttpRequest(decodeResult: success, version: HTTP/1.1)
POST /session/67c054285278ccd4a59a3c8625af4372/elements HTTP/1.1
User-Agent: selenium/4.6.0 (java windows)
Content-Length: 129
Content-Type: application/json; charset=utf-8
host: localhost:44090
accept: */*

Response DefaultHttpResponse(decodeResult: success, version: HTTP/1.1)
HTTP/1.1 200 OK
Content-Type: application/json; charset=utf-8
cache-control: no-cache
content-length: 90

[DEBUG] Adding key: http://localhost:44090 for channel [id: 0xd1d86906, L:/127.0.0.1:54062 - R:localhost/127.0.0.1:44090]
[DEBUG] Using pooled Channel '[id: 0xd1d86906, L:/127.0.0.1:54062 - R:localhost/127.0.0.1:44090]' for 'GET' to 'http://localhost:44090/session/67c054285278ccd4a59a3c8625af4372/element/74f6a4cf-3e9c-4f32-92ad-19eb0a793757/text'
[DEBUG] Using open Channel [id: 0xd1d86906, L:/127.0.0.1:54062 - R:localhost/127.0.0.1:44090] for GET '/session/67c054285278ccd4a59a3c8625af4372/element/74f6a4cf-3e9c-4f32-92ad-19eb0a793757/text'
[DEBUG] 

Request DefaultFullHttpRequest(decodeResult: success, version: HTTP/1.1, content: EmptyByteBufBE)
GET /session/67c054285278ccd4a59a3c8625af4372/element/74f6a4cf-3e9c-4f32-92ad-19eb0a793757/text HTTP/1.1
User-Agent: selenium/4.6.0 (java windows)
Cache-Control: no-cache
Content-Type: application/json; charset=utf-8
host: localhost:44090
accept: */*

Response DefaultHttpResponse(decodeResult: success, version: HTTP/1.1)
HTTP/1.1 200 OK
Content-Type: application/json; charset=utf-8
cache-control: no-cache
content-length: 23

[DEBUG] Adding key: http://localhost:44090 for channel [id: 0xd1d86906, L:/127.0.0.1:54062 - R:localhost/127.0.0.1:44090]
[DEBUG] Using pooled Channel '[id: 0xd1d86906, L:/127.0.0.1:54062 - R:localhost/127.0.0.1:44090]' for 'POST' to 'http://localhost:44090/session/67c054285278ccd4a59a3c8625af4372/elements'
[DEBUG] Using open Channel [id: 0xd1d86906, L:/127.0.0.1:54062 - R:localhost/127.0.0.1:44090] for POST '/session/67c054285278ccd4a59a3c8625af4372/elements'
[DEBUG] 

Request DefaultHttpRequest(decodeResult: success, version: HTTP/1.1)
POST /session/67c054285278ccd4a59a3c8625af4372/elements HTTP/1.1
User-Agent: selenium/4.6.0 (java windows)
Content-Length: 129
Content-Type: application/json; charset=utf-8
host: localhost:44090
accept: */*

Response DefaultHttpResponse(decodeResult: success, version: HTTP/1.1)
HTTP/1.1 200 OK
Content-Type: application/json; charset=utf-8
cache-control: no-cache
content-length: 90

[DEBUG] Adding key: http://localhost:44090 for channel [id: 0xd1d86906, L:/127.0.0.1:54062 - R:localhost/127.0.0.1:44090]
[DEBUG] Using pooled Channel '[id: 0xd1d86906, L:/127.0.0.1:54062 - R:localhost/127.0.0.1:44090]' for 'GET' to 'http://localhost:44090/session/67c054285278ccd4a59a3c8625af4372/element/de815450-5375-4e15-87ef-96eb481b1a77/text'
[DEBUG] Using open Channel [id: 0xd1d86906, L:/127.0.0.1:54062 - R:localhost/127.0.0.1:44090] for GET '/session/67c054285278ccd4a59a3c8625af4372/element/de815450-5375-4e15-87ef-96eb481b1a77/text'
[DEBUG] 

Request DefaultFullHttpRequest(decodeResult: success, version: HTTP/1.1, content: EmptyByteBufBE)
GET /session/67c054285278ccd4a59a3c8625af4372/element/de815450-5375-4e15-87ef-96eb481b1a77/text HTTP/1.1
User-Agent: selenium/4.6.0 (java windows)
Cache-Control: no-cache
Content-Type: application/json; charset=utf-8
host: localhost:44090
accept: */*

Response DefaultHttpResponse(decodeResult: success, version: HTTP/1.1)
HTTP/1.1 200 OK
Content-Type: application/json; charset=utf-8
cache-control: no-cache
content-length: 18

[DEBUG] Adding key: http://localhost:44090 for channel [id: 0xd1d86906, L:/127.0.0.1:54062 - R:localhost/127.0.0.1:44090]
[DEBUG] Using pooled Channel '[id: 0xd1d86906, L:/127.0.0.1:54062 - R:localhost/127.0.0.1:44090]' for 'POST' to 'http://localhost:44090/session/67c054285278ccd4a59a3c8625af4372/elements'
[DEBUG] Using open Channel [id: 0xd1d86906, L:/127.0.0.1:54062 - R:localhost/127.0.0.1:44090] for POST '/session/67c054285278ccd4a59a3c8625af4372/elements'
[DEBUG] 

Request DefaultHttpRequest(decodeResult: success, version: HTTP/1.1)
POST /session/67c054285278ccd4a59a3c8625af4372/elements HTTP/1.1
User-Agent: selenium/4.6.0 (java windows)
Content-Length: 129
Content-Type: application/json; charset=utf-8
host: localhost:44090
accept: */*

Response DefaultHttpResponse(decodeResult: success, version: HTTP/1.1)
HTTP/1.1 200 OK
Content-Type: application/json; charset=utf-8
cache-control: no-cache
content-length: 90

[DEBUG] Adding key: http://localhost:44090 for channel [id: 0xd1d86906, L:/127.0.0.1:54062 - R:localhost/127.0.0.1:44090]
[DEBUG] Using pooled Channel '[id: 0xd1d86906, L:/127.0.0.1:54062 - R:localhost/127.0.0.1:44090]' for 'GET' to 'http://localhost:44090/session/67c054285278ccd4a59a3c8625af4372/element/1a1059ec-f5fc-478d-82cb-d062cb8e269a/text'
[DEBUG] Using open Channel [id: 0xd1d86906, L:/127.0.0.1:54062 - R:localhost/127.0.0.1:44090] for GET '/session/67c054285278ccd4a59a3c8625af4372/element/1a1059ec-f5fc-478d-82cb-d062cb8e269a/text'
[DEBUG] 

Request DefaultFullHttpRequest(decodeResult: success, version: HTTP/1.1, content: EmptyByteBufBE)
GET /session/67c054285278ccd4a59a3c8625af4372/element/1a1059ec-f5fc-478d-82cb-d062cb8e269a/text HTTP/1.1
User-Agent: selenium/4.6.0 (java windows)
Cache-Control: no-cache
Content-Type: application/json; charset=utf-8
host: localhost:44090
accept: */*

Response DefaultHttpResponse(decodeResult: success, version: HTTP/1.1)
HTTP/1.1 200 OK
Content-Type: application/json; charset=utf-8
cache-control: no-cache
content-length: 23

[DEBUG] Adding key: http://localhost:44090 for channel [id: 0xd1d86906, L:/127.0.0.1:54062 - R:localhost/127.0.0.1:44090]
[DEBUG] Using pooled Channel '[id: 0xd1d86906, L:/127.0.0.1:54062 - R:localhost/127.0.0.1:44090]' for 'POST' to 'http://localhost:44090/session/67c054285278ccd4a59a3c8625af4372/elements'
[DEBUG] Using open Channel [id: 0xd1d86906, L:/127.0.0.1:54062 - R:localhost/127.0.0.1:44090] for POST '/session/67c054285278ccd4a59a3c8625af4372/elements'
[DEBUG] 

Request DefaultHttpRequest(decodeResult: success, version: HTTP/1.1)
POST /session/67c054285278ccd4a59a3c8625af4372/elements HTTP/1.1
User-Agent: selenium/4.6.0 (java windows)
Content-Length: 129
Content-Type: application/json; charset=utf-8
host: localhost:44090
accept: */*

Response DefaultHttpResponse(decodeResult: success, version: HTTP/1.1)
HTTP/1.1 200 OK
Content-Type: application/json; charset=utf-8
cache-control: no-cache
content-length: 90

[DEBUG] Adding key: http://localhost:44090 for channel [id: 0xd1d86906, L:/127.0.0.1:54062 - R:localhost/127.0.0.1:44090]
[DEBUG] Using pooled Channel '[id: 0xd1d86906, L:/127.0.0.1:54062 - R:localhost/127.0.0.1:44090]' for 'GET' to 'http://localhost:44090/session/67c054285278ccd4a59a3c8625af4372/element/dd87f534-db2b-41f4-b071-0e461d9bd9d6/text'
[DEBUG] Using open Channel [id: 0xd1d86906, L:/127.0.0.1:54062 - R:localhost/127.0.0.1:44090] for GET '/session/67c054285278ccd4a59a3c8625af4372/element/dd87f534-db2b-41f4-b071-0e461d9bd9d6/text'
[DEBUG] 

Request DefaultFullHttpRequest(decodeResult: success, version: HTTP/1.1, content: EmptyByteBufBE)
GET /session/67c054285278ccd4a59a3c8625af4372/element/dd87f534-db2b-41f4-b071-0e461d9bd9d6/text HTTP/1.1
User-Agent: selenium/4.6.0 (java windows)
Cache-Control: no-cache
Content-Type: application/json; charset=utf-8
host: localhost:44090
accept: */*

Response DefaultHttpResponse(decodeResult: success, version: HTTP/1.1)
HTTP/1.1 200 OK
Content-Type: application/json; charset=utf-8
cache-control: no-cache
content-length: 26

[DEBUG] Adding key: http://localhost:44090 for channel [id: 0xd1d86906, L:/127.0.0.1:54062 - R:localhost/127.0.0.1:44090]
[DEBUG] Using pooled Channel '[id: 0xd1d86906, L:/127.0.0.1:54062 - R:localhost/127.0.0.1:44090]' for 'POST' to 'http://localhost:44090/session/67c054285278ccd4a59a3c8625af4372/element'
[DEBUG] Using open Channel [id: 0xd1d86906, L:/127.0.0.1:54062 - R:localhost/127.0.0.1:44090] for POST '/session/67c054285278ccd4a59a3c8625af4372/element'
[DEBUG] 

Request DefaultHttpRequest(decodeResult: success, version: HTTP/1.1)
POST /session/67c054285278ccd4a59a3c8625af4372/element HTTP/1.1
User-Agent: selenium/4.6.0 (java windows)
Content-Length: 129
Content-Type: application/json; charset=utf-8
host: localhost:44090
accept: */*

Response DefaultHttpResponse(decodeResult: success, version: HTTP/1.1)
HTTP/1.1 200 OK
Content-Type: application/json; charset=utf-8
cache-control: no-cache
content-length: 88

[DEBUG] Adding key: http://localhost:44090 for channel [id: 0xd1d86906, L:/127.0.0.1:54062 - R:localhost/127.0.0.1:44090]
[DEBUG] Using pooled Channel '[id: 0xd1d86906, L:/127.0.0.1:54062 - R:localhost/127.0.0.1:44090]' for 'GET' to 'http://localhost:44090/session/67c054285278ccd4a59a3c8625af4372/element/7b7167af-a0da-4af8-93d4-4bbbc4489f6a/text'
[DEBUG] Using open Channel [id: 0xd1d86906, L:/127.0.0.1:54062 - R:localhost/127.0.0.1:44090] for GET '/session/67c054285278ccd4a59a3c8625af4372/element/7b7167af-a0da-4af8-93d4-4bbbc4489f6a/text'
[DEBUG] 

Request DefaultFullHttpRequest(decodeResult: success, version: HTTP/1.1, content: EmptyByteBufBE)
GET /session/67c054285278ccd4a59a3c8625af4372/element/7b7167af-a0da-4af8-93d4-4bbbc4489f6a/text HTTP/1.1
User-Agent: selenium/4.6.0 (java windows)
Cache-Control: no-cache
Content-Type: application/json; charset=utf-8
host: localhost:44090
accept: */*

Response DefaultHttpResponse(decodeResult: success, version: HTTP/1.1)
HTTP/1.1 200 OK
Content-Type: application/json; charset=utf-8
cache-control: no-cache
content-length: 28

[DEBUG] Adding key: http://localhost:44090 for channel [id: 0xd1d86906, L:/127.0.0.1:54062 - R:localhost/127.0.0.1:44090]
[DEBUG] Using pooled Channel '[id: 0xd1d86906, L:/127.0.0.1:54062 - R:localhost/127.0.0.1:44090]' for 'POST' to 'http://localhost:44090/session/67c054285278ccd4a59a3c8625af4372/element'
[DEBUG] Using open Channel [id: 0xd1d86906, L:/127.0.0.1:54062 - R:localhost/127.0.0.1:44090] for POST '/session/67c054285278ccd4a59a3c8625af4372/element'
[DEBUG] 

Request DefaultHttpRequest(decodeResult: success, version: HTTP/1.1)
POST /session/67c054285278ccd4a59a3c8625af4372/element HTTP/1.1
User-Agent: selenium/4.6.0 (java windows)
Content-Length: 129
Content-Type: application/json; charset=utf-8
host: localhost:44090
accept: */*

Response DefaultHttpResponse(decodeResult: success, version: HTTP/1.1)
HTTP/1.1 200 OK
Content-Type: application/json; charset=utf-8
cache-control: no-cache
content-length: 88

[DEBUG] Adding key: http://localhost:44090 for channel [id: 0xd1d86906, L:/127.0.0.1:54062 - R:localhost/127.0.0.1:44090]
[DEBUG] Using pooled Channel '[id: 0xd1d86906, L:/127.0.0.1:54062 - R:localhost/127.0.0.1:44090]' for 'GET' to 'http://localhost:44090/session/67c054285278ccd4a59a3c8625af4372/element/7ac3954a-fdd9-417f-a253-dfd3ec90027d/text'
[DEBUG] Using open Channel [id: 0xd1d86906, L:/127.0.0.1:54062 - R:localhost/127.0.0.1:44090] for GET '/session/67c054285278ccd4a59a3c8625af4372/element/7ac3954a-fdd9-417f-a253-dfd3ec90027d/text'
[DEBUG] 

Request DefaultFullHttpRequest(decodeResult: success, version: HTTP/1.1, content: EmptyByteBufBE)
GET /session/67c054285278ccd4a59a3c8625af4372/element/7ac3954a-fdd9-417f-a253-dfd3ec90027d/text HTTP/1.1
User-Agent: selenium/4.6.0 (java windows)
Cache-Control: no-cache
Content-Type: application/json; charset=utf-8
host: localhost:44090
accept: */*

Response DefaultHttpResponse(decodeResult: success, version: HTTP/1.1)
HTTP/1.1 200 OK
Content-Type: application/json; charset=utf-8
cache-control: no-cache
content-length: 28

[DEBUG] Adding key: http://localhost:44090 for channel [id: 0xd1d86906, L:/127.0.0.1:54062 - R:localhost/127.0.0.1:44090]
[DEBUG] Using pooled Channel '[id: 0xd1d86906, L:/127.0.0.1:54062 - R:localhost/127.0.0.1:44090]' for 'POST' to 'http://localhost:44090/session/67c054285278ccd4a59a3c8625af4372/element'
[DEBUG] Using open Channel [id: 0xd1d86906, L:/127.0.0.1:54062 - R:localhost/127.0.0.1:44090] for POST '/session/67c054285278ccd4a59a3c8625af4372/element'
[DEBUG] 

Request DefaultHttpRequest(decodeResult: success, version: HTTP/1.1)
POST /session/67c054285278ccd4a59a3c8625af4372/element HTTP/1.1
User-Agent: selenium/4.6.0 (java windows)
Content-Length: 129
Content-Type: application/json; charset=utf-8
host: localhost:44090
accept: */*

Response DefaultHttpResponse(decodeResult: success, version: HTTP/1.1)
HTTP/1.1 200 OK
Content-Type: application/json; charset=utf-8
cache-control: no-cache
content-length: 88

[DEBUG] Adding key: http://localhost:44090 for channel [id: 0xd1d86906, L:/127.0.0.1:54062 - R:localhost/127.0.0.1:44090]
[DEBUG] Using pooled Channel '[id: 0xd1d86906, L:/127.0.0.1:54062 - R:localhost/127.0.0.1:44090]' for 'GET' to 'http://localhost:44090/session/67c054285278ccd4a59a3c8625af4372/element/dd4f13c6-7a5f-4d43-880e-5b8867cf535c/text'
[DEBUG] Using open Channel [id: 0xd1d86906, L:/127.0.0.1:54062 - R:localhost/127.0.0.1:44090] for GET '/session/67c054285278ccd4a59a3c8625af4372/element/dd4f13c6-7a5f-4d43-880e-5b8867cf535c/text'
[DEBUG] 

Request DefaultFullHttpRequest(decodeResult: success, version: HTTP/1.1, content: EmptyByteBufBE)
GET /session/67c054285278ccd4a59a3c8625af4372/element/dd4f13c6-7a5f-4d43-880e-5b8867cf535c/text HTTP/1.1
User-Agent: selenium/4.6.0 (java windows)
Cache-Control: no-cache
Content-Type: application/json; charset=utf-8
host: localhost:44090
accept: */*

Response DefaultHttpResponse(decodeResult: success, version: HTTP/1.1)
HTTP/1.1 200 OK
Content-Type: application/json; charset=utf-8
cache-control: no-cache
content-length: 28

[DEBUG] Adding key: http://localhost:44090 for channel [id: 0xd1d86906, L:/127.0.0.1:54062 - R:localhost/127.0.0.1:44090]
[DEBUG] Using pooled Channel '[id: 0xd1d86906, L:/127.0.0.1:54062 - R:localhost/127.0.0.1:44090]' for 'POST' to 'http://localhost:44090/session/67c054285278ccd4a59a3c8625af4372/element'
[DEBUG] Using open Channel [id: 0xd1d86906, L:/127.0.0.1:54062 - R:localhost/127.0.0.1:44090] for POST '/session/67c054285278ccd4a59a3c8625af4372/element'
[DEBUG] 

Request DefaultHttpRequest(decodeResult: success, version: HTTP/1.1)
POST /session/67c054285278ccd4a59a3c8625af4372/element HTTP/1.1
User-Agent: selenium/4.6.0 (java windows)
Content-Length: 129
Content-Type: application/json; charset=utf-8
host: localhost:44090
accept: */*

Response DefaultHttpResponse(decodeResult: success, version: HTTP/1.1)
HTTP/1.1 200 OK
Content-Type: application/json; charset=utf-8
cache-control: no-cache
content-length: 88

[DEBUG] Adding key: http://localhost:44090 for channel [id: 0xd1d86906, L:/127.0.0.1:54062 - R:localhost/127.0.0.1:44090]
[DEBUG] Using pooled Channel '[id: 0xd1d86906, L:/127.0.0.1:54062 - R:localhost/127.0.0.1:44090]' for 'GET' to 'http://localhost:44090/session/67c054285278ccd4a59a3c8625af4372/element/598efa5b-7590-4952-a1b0-588026ad5971/text'
[DEBUG] Using open Channel [id: 0xd1d86906, L:/127.0.0.1:54062 - R:localhost/127.0.0.1:44090] for GET '/session/67c054285278ccd4a59a3c8625af4372/element/598efa5b-7590-4952-a1b0-588026ad5971/text'
[DEBUG] 

Request DefaultFullHttpRequest(decodeResult: success, version: HTTP/1.1, content: EmptyByteBufBE)
GET /session/67c054285278ccd4a59a3c8625af4372/element/598efa5b-7590-4952-a1b0-588026ad5971/text HTTP/1.1
User-Agent: selenium/4.6.0 (java windows)
Cache-Control: no-cache
Content-Type: application/json; charset=utf-8
host: localhost:44090
accept: */*

Response DefaultHttpResponse(decodeResult: success, version: HTTP/1.1)
HTTP/1.1 200 OK
Content-Type: application/json; charset=utf-8
cache-control: no-cache
content-length: 28

[DEBUG] Adding key: http://localhost:44090 for channel [id: 0xd1d86906, L:/127.0.0.1:54062 - R:localhost/127.0.0.1:44090]
[DEBUG] Using pooled Channel '[id: 0xd1d86906, L:/127.0.0.1:54062 - R:localhost/127.0.0.1:44090]' for 'POST' to 'http://localhost:44090/session/67c054285278ccd4a59a3c8625af4372/element'
[DEBUG] Using open Channel [id: 0xd1d86906, L:/127.0.0.1:54062 - R:localhost/127.0.0.1:44090] for POST '/session/67c054285278ccd4a59a3c8625af4372/element'
[DEBUG] 

Request DefaultHttpRequest(decodeResult: success, version: HTTP/1.1)
POST /session/67c054285278ccd4a59a3c8625af4372/element HTTP/1.1
User-Agent: selenium/4.6.0 (java windows)
Content-Length: 129
Content-Type: application/json; charset=utf-8
host: localhost:44090
accept: */*

Response DefaultHttpResponse(decodeResult: success, version: HTTP/1.1)
HTTP/1.1 200 OK
Content-Type: application/json; charset=utf-8
cache-control: no-cache
content-length: 88

[DEBUG] Adding key: http://localhost:44090 for channel [id: 0xd1d86906, L:/127.0.0.1:54062 - R:localhost/127.0.0.1:44090]
[DEBUG] Using pooled Channel '[id: 0xd1d86906, L:/127.0.0.1:54062 - R:localhost/127.0.0.1:44090]' for 'GET' to 'http://localhost:44090/session/67c054285278ccd4a59a3c8625af4372/element/2cd68b1c-dc36-4018-a552-795b046e6b7f/text'
[DEBUG] Using open Channel [id: 0xd1d86906, L:/127.0.0.1:54062 - R:localhost/127.0.0.1:44090] for GET '/session/67c054285278ccd4a59a3c8625af4372/element/2cd68b1c-dc36-4018-a552-795b046e6b7f/text'
[DEBUG] 

Request DefaultFullHttpRequest(decodeResult: success, version: HTTP/1.1, content: EmptyByteBufBE)
GET /session/67c054285278ccd4a59a3c8625af4372/element/2cd68b1c-dc36-4018-a552-795b046e6b7f/text HTTP/1.1
User-Agent: selenium/4.6.0 (java windows)
Cache-Control: no-cache
Content-Type: application/json; charset=utf-8
host: localhost:44090
accept: */*

Response DefaultHttpResponse(decodeResult: success, version: HTTP/1.1)
HTTP/1.1 200 OK
Content-Type: application/json; charset=utf-8
cache-control: no-cache
content-length: 26

[DEBUG] Adding key: http://localhost:44090 for channel [id: 0xd1d86906, L:/127.0.0.1:54062 - R:localhost/127.0.0.1:44090]
[DEBUG] Using pooled Channel '[id: 0xd1d86906, L:/127.0.0.1:54062 - R:localhost/127.0.0.1:44090]' for 'POST' to 'http://localhost:44090/session/67c054285278ccd4a59a3c8625af4372/elements'
[DEBUG] Using open Channel [id: 0xd1d86906, L:/127.0.0.1:54062 - R:localhost/127.0.0.1:44090] for POST '/session/67c054285278ccd4a59a3c8625af4372/elements'
[DEBUG] 

Request DefaultHttpRequest(decodeResult: success, version: HTTP/1.1)
POST /session/67c054285278ccd4a59a3c8625af4372/elements HTTP/1.1
User-Agent: selenium/4.6.0 (java windows)
Content-Length: 129
Content-Type: application/json; charset=utf-8
host: localhost:44090
accept: */*

Response DefaultHttpResponse(decodeResult: success, version: HTTP/1.1)
HTTP/1.1 200 OK
Content-Type: application/json; charset=utf-8
cache-control: no-cache
content-length: 90

[DEBUG] Adding key: http://localhost:44090 for channel [id: 0xd1d86906, L:/127.0.0.1:54062 - R:localhost/127.0.0.1:44090]
[DEBUG] Using pooled Channel '[id: 0xd1d86906, L:/127.0.0.1:54062 - R:localhost/127.0.0.1:44090]' for 'GET' to 'http://localhost:44090/session/67c054285278ccd4a59a3c8625af4372/element/33340b73-3f3e-48df-88ac-0ac408bd6d63/text'
[DEBUG] Using open Channel [id: 0xd1d86906, L:/127.0.0.1:54062 - R:localhost/127.0.0.1:44090] for GET '/session/67c054285278ccd4a59a3c8625af4372/element/33340b73-3f3e-48df-88ac-0ac408bd6d63/text'
[DEBUG] 

Request DefaultFullHttpRequest(decodeResult: success, version: HTTP/1.1, content: EmptyByteBufBE)
GET /session/67c054285278ccd4a59a3c8625af4372/element/33340b73-3f3e-48df-88ac-0ac408bd6d63/text HTTP/1.1
User-Agent: selenium/4.6.0 (java windows)
Cache-Control: no-cache
Content-Type: application/json; charset=utf-8
host: localhost:44090
accept: */*

Response DefaultHttpResponse(decodeResult: success, version: HTTP/1.1)
HTTP/1.1 200 OK
Content-Type: application/json; charset=utf-8
cache-control: no-cache
content-length: 23

[DEBUG] Adding key: http://localhost:44090 for channel [id: 0xd1d86906, L:/127.0.0.1:54062 - R:localhost/127.0.0.1:44090]
[DEBUG] Using pooled Channel '[id: 0xd1d86906, L:/127.0.0.1:54062 - R:localhost/127.0.0.1:44090]' for 'POST' to 'http://localhost:44090/session/67c054285278ccd4a59a3c8625af4372/elements'
[DEBUG] Using open Channel [id: 0xd1d86906, L:/127.0.0.1:54062 - R:localhost/127.0.0.1:44090] for POST '/session/67c054285278ccd4a59a3c8625af4372/elements'
[DEBUG] 

Request DefaultHttpRequest(decodeResult: success, version: HTTP/1.1)
POST /session/67c054285278ccd4a59a3c8625af4372/elements HTTP/1.1
User-Agent: selenium/4.6.0 (java windows)
Content-Length: 129
Content-Type: application/json; charset=utf-8
host: localhost:44090
accept: */*

Response DefaultHttpResponse(decodeResult: success, version: HTTP/1.1)
HTTP/1.1 200 OK
Content-Type: application/json; charset=utf-8
cache-control: no-cache
content-length: 90

[DEBUG] Adding key: http://localhost:44090 for channel [id: 0xd1d86906, L:/127.0.0.1:54062 - R:localhost/127.0.0.1:44090]
[DEBUG] Using pooled Channel '[id: 0xd1d86906, L:/127.0.0.1:54062 - R:localhost/127.0.0.1:44090]' for 'GET' to 'http://localhost:44090/session/67c054285278ccd4a59a3c8625af4372/element/d3a38f84-aa42-45fe-bbe6-617c30665546/text'
[DEBUG] Using open Channel [id: 0xd1d86906, L:/127.0.0.1:54062 - R:localhost/127.0.0.1:44090] for GET '/session/67c054285278ccd4a59a3c8625af4372/element/d3a38f84-aa42-45fe-bbe6-617c30665546/text'
[DEBUG] 

Request DefaultFullHttpRequest(decodeResult: success, version: HTTP/1.1, content: EmptyByteBufBE)
GET /session/67c054285278ccd4a59a3c8625af4372/element/d3a38f84-aa42-45fe-bbe6-617c30665546/text HTTP/1.1
User-Agent: selenium/4.6.0 (java windows)
Cache-Control: no-cache
Content-Type: application/json; charset=utf-8
host: localhost:44090
accept: */*

Response DefaultHttpResponse(decodeResult: success, version: HTTP/1.1)
HTTP/1.1 200 OK
Content-Type: application/json; charset=utf-8
cache-control: no-cache
content-length: 18

[DEBUG] Adding key: http://localhost:44090 for channel [id: 0xd1d86906, L:/127.0.0.1:54062 - R:localhost/127.0.0.1:44090]
[DEBUG] Using pooled Channel '[id: 0xd1d86906, L:/127.0.0.1:54062 - R:localhost/127.0.0.1:44090]' for 'POST' to 'http://localhost:44090/session/67c054285278ccd4a59a3c8625af4372/elements'
[DEBUG] Using open Channel [id: 0xd1d86906, L:/127.0.0.1:54062 - R:localhost/127.0.0.1:44090] for POST '/session/67c054285278ccd4a59a3c8625af4372/elements'
[DEBUG] 

Request DefaultHttpRequest(decodeResult: success, version: HTTP/1.1)
POST /session/67c054285278ccd4a59a3c8625af4372/elements HTTP/1.1
User-Agent: selenium/4.6.0 (java windows)
Content-Length: 129
Content-Type: application/json; charset=utf-8
host: localhost:44090
accept: */*

Response DefaultHttpResponse(decodeResult: success, version: HTTP/1.1)
HTTP/1.1 200 OK
Content-Type: application/json; charset=utf-8
cache-control: no-cache
content-length: 90

[DEBUG] Adding key: http://localhost:44090 for channel [id: 0xd1d86906, L:/127.0.0.1:54062 - R:localhost/127.0.0.1:44090]
[DEBUG] Using pooled Channel '[id: 0xd1d86906, L:/127.0.0.1:54062 - R:localhost/127.0.0.1:44090]' for 'GET' to 'http://localhost:44090/session/67c054285278ccd4a59a3c8625af4372/element/0ff9d76d-2e2d-4ff4-9add-d0dc88376e65/text'
[DEBUG] Using open Channel [id: 0xd1d86906, L:/127.0.0.1:54062 - R:localhost/127.0.0.1:44090] for GET '/session/67c054285278ccd4a59a3c8625af4372/element/0ff9d76d-2e2d-4ff4-9add-d0dc88376e65/text'
[DEBUG] 

Request DefaultFullHttpRequest(decodeResult: success, version: HTTP/1.1, content: EmptyByteBufBE)
GET /session/67c054285278ccd4a59a3c8625af4372/element/0ff9d76d-2e2d-4ff4-9add-d0dc88376e65/text HTTP/1.1
User-Agent: selenium/4.6.0 (java windows)
Cache-Control: no-cache
Content-Type: application/json; charset=utf-8
host: localhost:44090
accept: */*

Response DefaultHttpResponse(decodeResult: success, version: HTTP/1.1)
HTTP/1.1 200 OK
Content-Type: application/json; charset=utf-8
cache-control: no-cache
content-length: 32

[DEBUG] Adding key: http://localhost:44090 for channel [id: 0xd1d86906, L:/127.0.0.1:54062 - R:localhost/127.0.0.1:44090]
[DEBUG] Using pooled Channel '[id: 0xd1d86906, L:/127.0.0.1:54062 - R:localhost/127.0.0.1:44090]' for 'POST' to 'http://localhost:44090/session/67c054285278ccd4a59a3c8625af4372/elements'
[DEBUG] Using open Channel [id: 0xd1d86906, L:/127.0.0.1:54062 - R:localhost/127.0.0.1:44090] for POST '/session/67c054285278ccd4a59a3c8625af4372/elements'
[DEBUG] 

Request DefaultHttpRequest(decodeResult: success, version: HTTP/1.1)
POST /session/67c054285278ccd4a59a3c8625af4372/elements HTTP/1.1
User-Agent: selenium/4.6.0 (java windows)
Content-Length: 129
Content-Type: application/json; charset=utf-8
host: localhost:44090
accept: */*

Response DefaultHttpResponse(decodeResult: success, version: HTTP/1.1)
HTTP/1.1 200 OK
Content-Type: application/json; charset=utf-8
cache-control: no-cache
content-length: 90

[DEBUG] Adding key: http://localhost:44090 for channel [id: 0xd1d86906, L:/127.0.0.1:54062 - R:localhost/127.0.0.1:44090]
[DEBUG] Using pooled Channel '[id: 0xd1d86906, L:/127.0.0.1:54062 - R:localhost/127.0.0.1:44090]' for 'GET' to 'http://localhost:44090/session/67c054285278ccd4a59a3c8625af4372/element/2cd68b1c-dc36-4018-a552-795b046e6b7f/text'
[DEBUG] Using open Channel [id: 0xd1d86906, L:/127.0.0.1:54062 - R:localhost/127.0.0.1:44090] for GET '/session/67c054285278ccd4a59a3c8625af4372/element/2cd68b1c-dc36-4018-a552-795b046e6b7f/text'
[DEBUG] 

Request DefaultFullHttpRequest(decodeResult: success, version: HTTP/1.1, content: EmptyByteBufBE)
GET /session/67c054285278ccd4a59a3c8625af4372/element/2cd68b1c-dc36-4018-a552-795b046e6b7f/text HTTP/1.1
User-Agent: selenium/4.6.0 (java windows)
Cache-Control: no-cache
Content-Type: application/json; charset=utf-8
host: localhost:44090
accept: */*

Response DefaultHttpResponse(decodeResult: success, version: HTTP/1.1)
HTTP/1.1 200 OK
Content-Type: application/json; charset=utf-8
cache-control: no-cache
content-length: 26

[DEBUG] Adding key: http://localhost:44090 for channel [id: 0xd1d86906, L:/127.0.0.1:54062 - R:localhost/127.0.0.1:44090]
[DEBUG] Using pooled Channel '[id: 0xd1d86906, L:/127.0.0.1:54062 - R:localhost/127.0.0.1:44090]' for 'POST' to 'http://localhost:44090/session/67c054285278ccd4a59a3c8625af4372/element'
[DEBUG] Using open Channel [id: 0xd1d86906, L:/127.0.0.1:54062 - R:localhost/127.0.0.1:44090] for POST '/session/67c054285278ccd4a59a3c8625af4372/element'
[DEBUG] 

Request DefaultHttpRequest(decodeResult: success, version: HTTP/1.1)
POST /session/67c054285278ccd4a59a3c8625af4372/element HTTP/1.1
User-Agent: selenium/4.6.0 (java windows)
Content-Length: 129
Content-Type: application/json; charset=utf-8
host: localhost:44090
accept: */*

Response DefaultHttpResponse(decodeResult: success, version: HTTP/1.1)
HTTP/1.1 200 OK
Content-Type: application/json; charset=utf-8
cache-control: no-cache
content-length: 88

[DEBUG] Adding key: http://localhost:44090 for channel [id: 0xd1d86906, L:/127.0.0.1:54062 - R:localhost/127.0.0.1:44090]
[DEBUG] Using pooled Channel '[id: 0xd1d86906, L:/127.0.0.1:54062 - R:localhost/127.0.0.1:44090]' for 'GET' to 'http://localhost:44090/session/67c054285278ccd4a59a3c8625af4372/element/406eabca-8c81-48aa-b3b6-25ffafcdad84/text'
[DEBUG] Using open Channel [id: 0xd1d86906, L:/127.0.0.1:54062 - R:localhost/127.0.0.1:44090] for GET '/session/67c054285278ccd4a59a3c8625af4372/element/406eabca-8c81-48aa-b3b6-25ffafcdad84/text'
[DEBUG] 

Request DefaultFullHttpRequest(decodeResult: success, version: HTTP/1.1, content: EmptyByteBufBE)
GET /session/67c054285278ccd4a59a3c8625af4372/element/406eabca-8c81-48aa-b3b6-25ffafcdad84/text HTTP/1.1
User-Agent: selenium/4.6.0 (java windows)
Cache-Control: no-cache
Content-Type: application/json; charset=utf-8
host: localhost:44090
accept: */*

Response DefaultHttpResponse(decodeResult: success, version: HTTP/1.1)
HTTP/1.1 200 OK
Content-Type: application/json; charset=utf-8
cache-control: no-cache
content-length: 28

[DEBUG] Adding key: http://localhost:44090 for channel [id: 0xd1d86906, L:/127.0.0.1:54062 - R:localhost/127.0.0.1:44090]
[DEBUG] Using pooled Channel '[id: 0xd1d86906, L:/127.0.0.1:54062 - R:localhost/127.0.0.1:44090]' for 'POST' to 'http://localhost:44090/session/67c054285278ccd4a59a3c8625af4372/element'
[DEBUG] Using open Channel [id: 0xd1d86906, L:/127.0.0.1:54062 - R:localhost/127.0.0.1:44090] for POST '/session/67c054285278ccd4a59a3c8625af4372/element'
[DEBUG] 

Request DefaultHttpRequest(decodeResult: success, version: HTTP/1.1)
POST /session/67c054285278ccd4a59a3c8625af4372/element HTTP/1.1
User-Agent: selenium/4.6.0 (java windows)
Content-Length: 129
Content-Type: application/json; charset=utf-8
host: localhost:44090
accept: */*

Response DefaultHttpResponse(decodeResult: success, version: HTTP/1.1)
HTTP/1.1 200 OK
Content-Type: application/json; charset=utf-8
cache-control: no-cache
content-length: 88

[DEBUG] Adding key: http://localhost:44090 for channel [id: 0xd1d86906, L:/127.0.0.1:54062 - R:localhost/127.0.0.1:44090]
[DEBUG] Using pooled Channel '[id: 0xd1d86906, L:/127.0.0.1:54062 - R:localhost/127.0.0.1:44090]' for 'GET' to 'http://localhost:44090/session/67c054285278ccd4a59a3c8625af4372/element/dd04bb8a-22fd-4b44-9067-5001a9fb0e7d/text'
[DEBUG] Using open Channel [id: 0xd1d86906, L:/127.0.0.1:54062 - R:localhost/127.0.0.1:44090] for GET '/session/67c054285278ccd4a59a3c8625af4372/element/dd04bb8a-22fd-4b44-9067-5001a9fb0e7d/text'
[DEBUG] 

Request DefaultFullHttpRequest(decodeResult: success, version: HTTP/1.1, content: EmptyByteBufBE)
GET /session/67c054285278ccd4a59a3c8625af4372/element/dd04bb8a-22fd-4b44-9067-5001a9fb0e7d/text HTTP/1.1
User-Agent: selenium/4.6.0 (java windows)
Cache-Control: no-cache
Content-Type: application/json; charset=utf-8
host: localhost:44090
accept: */*

Response DefaultHttpResponse(decodeResult: success, version: HTTP/1.1)
HTTP/1.1 200 OK
Content-Type: application/json; charset=utf-8
cache-control: no-cache
content-length: 26

[DEBUG] Adding key: http://localhost:44090 for channel [id: 0xd1d86906, L:/127.0.0.1:54062 - R:localhost/127.0.0.1:44090]
[DEBUG] Using pooled Channel '[id: 0xd1d86906, L:/127.0.0.1:54062 - R:localhost/127.0.0.1:44090]' for 'POST' to 'http://localhost:44090/session/67c054285278ccd4a59a3c8625af4372/elements'
[DEBUG] Using open Channel [id: 0xd1d86906, L:/127.0.0.1:54062 - R:localhost/127.0.0.1:44090] for POST '/session/67c054285278ccd4a59a3c8625af4372/elements'
[DEBUG] 

Request DefaultHttpRequest(decodeResult: success, version: HTTP/1.1)
POST /session/67c054285278ccd4a59a3c8625af4372/elements HTTP/1.1
User-Agent: selenium/4.6.0 (java windows)
Content-Length: 129
Content-Type: application/json; charset=utf-8
host: localhost:44090
accept: */*

Response DefaultHttpResponse(decodeResult: success, version: HTTP/1.1)
HTTP/1.1 200 OK
Content-Type: application/json; charset=utf-8
cache-control: no-cache
content-length: 90

[DEBUG] Adding key: http://localhost:44090 for channel [id: 0xd1d86906, L:/127.0.0.1:54062 - R:localhost/127.0.0.1:44090]
[DEBUG] Using pooled Channel '[id: 0xd1d86906, L:/127.0.0.1:54062 - R:localhost/127.0.0.1:44090]' for 'GET' to 'http://localhost:44090/session/67c054285278ccd4a59a3c8625af4372/element/194547b9-fbaa-4a48-b273-3cd4f40a7a6a/text'
[DEBUG] Using open Channel [id: 0xd1d86906, L:/127.0.0.1:54062 - R:localhost/127.0.0.1:44090] for GET '/session/67c054285278ccd4a59a3c8625af4372/element/194547b9-fbaa-4a48-b273-3cd4f40a7a6a/text'
[DEBUG] 

Request DefaultFullHttpRequest(decodeResult: success, version: HTTP/1.1, content: EmptyByteBufBE)
GET /session/67c054285278ccd4a59a3c8625af4372/element/194547b9-fbaa-4a48-b273-3cd4f40a7a6a/text HTTP/1.1
User-Agent: selenium/4.6.0 (java windows)
Cache-Control: no-cache
Content-Type: application/json; charset=utf-8
host: localhost:44090
accept: */*

Response DefaultHttpResponse(decodeResult: success, version: HTTP/1.1)
HTTP/1.1 200 OK
Content-Type: application/json; charset=utf-8
cache-control: no-cache
content-length: 23

[DEBUG] Adding key: http://localhost:44090 for channel [id: 0xd1d86906, L:/127.0.0.1:54062 - R:localhost/127.0.0.1:44090]
[DEBUG] Using pooled Channel '[id: 0xd1d86906, L:/127.0.0.1:54062 - R:localhost/127.0.0.1:44090]' for 'POST' to 'http://localhost:44090/session/67c054285278ccd4a59a3c8625af4372/elements'
[DEBUG] Using open Channel [id: 0xd1d86906, L:/127.0.0.1:54062 - R:localhost/127.0.0.1:44090] for POST '/session/67c054285278ccd4a59a3c8625af4372/elements'
[DEBUG] 

Request DefaultHttpRequest(decodeResult: success, version: HTTP/1.1)
POST /session/67c054285278ccd4a59a3c8625af4372/elements HTTP/1.1
User-Agent: selenium/4.6.0 (java windows)
Content-Length: 129
Content-Type: application/json; charset=utf-8
host: localhost:44090
accept: */*

Response DefaultHttpResponse(decodeResult: success, version: HTTP/1.1)
HTTP/1.1 200 OK
Content-Type: application/json; charset=utf-8
cache-control: no-cache
content-length: 90

[DEBUG] Adding key: http://localhost:44090 for channel [id: 0xd1d86906, L:/127.0.0.1:54062 - R:localhost/127.0.0.1:44090]
[DEBUG] Using pooled Channel '[id: 0xd1d86906, L:/127.0.0.1:54062 - R:localhost/127.0.0.1:44090]' for 'GET' to 'http://localhost:44090/session/67c054285278ccd4a59a3c8625af4372/element/01a4778b-f85c-40bc-b132-353ab2f96f6b/text'
[DEBUG] Using open Channel [id: 0xd1d86906, L:/127.0.0.1:54062 - R:localhost/127.0.0.1:44090] for GET '/session/67c054285278ccd4a59a3c8625af4372/element/01a4778b-f85c-40bc-b132-353ab2f96f6b/text'
[DEBUG] 

Request DefaultFullHttpRequest(decodeResult: success, version: HTTP/1.1, content: EmptyByteBufBE)
GET /session/67c054285278ccd4a59a3c8625af4372/element/01a4778b-f85c-40bc-b132-353ab2f96f6b/text HTTP/1.1
User-Agent: selenium/4.6.0 (java windows)
Cache-Control: no-cache
Content-Type: application/json; charset=utf-8
host: localhost:44090
accept: */*

Response DefaultHttpResponse(decodeResult: success, version: HTTP/1.1)
HTTP/1.1 200 OK
Content-Type: application/json; charset=utf-8
cache-control: no-cache
content-length: 18

[DEBUG] Adding key: http://localhost:44090 for channel [id: 0xd1d86906, L:/127.0.0.1:54062 - R:localhost/127.0.0.1:44090]
[DEBUG] Using pooled Channel '[id: 0xd1d86906, L:/127.0.0.1:54062 - R:localhost/127.0.0.1:44090]' for 'POST' to 'http://localhost:44090/session/67c054285278ccd4a59a3c8625af4372/elements'
[DEBUG] Using open Channel [id: 0xd1d86906, L:/127.0.0.1:54062 - R:localhost/127.0.0.1:44090] for POST '/session/67c054285278ccd4a59a3c8625af4372/elements'
[DEBUG] 

Request DefaultHttpRequest(decodeResult: success, version: HTTP/1.1)
POST /session/67c054285278ccd4a59a3c8625af4372/elements HTTP/1.1
User-Agent: selenium/4.6.0 (java windows)
Content-Length: 129
Content-Type: application/json; charset=utf-8
host: localhost:44090
accept: */*

Response DefaultHttpResponse(decodeResult: success, version: HTTP/1.1)
HTTP/1.1 200 OK
Content-Type: application/json; charset=utf-8
cache-control: no-cache
content-length: 90

[DEBUG] Adding key: http://localhost:44090 for channel [id: 0xd1d86906, L:/127.0.0.1:54062 - R:localhost/127.0.0.1:44090]
[DEBUG] Using pooled Channel '[id: 0xd1d86906, L:/127.0.0.1:54062 - R:localhost/127.0.0.1:44090]' for 'GET' to 'http://localhost:44090/session/67c054285278ccd4a59a3c8625af4372/element/8330cce3-7a82-48f2-9bb6-bb7378a077a5/text'
[DEBUG] Using open Channel [id: 0xd1d86906, L:/127.0.0.1:54062 - R:localhost/127.0.0.1:44090] for GET '/session/67c054285278ccd4a59a3c8625af4372/element/8330cce3-7a82-48f2-9bb6-bb7378a077a5/text'
[DEBUG] 

Request DefaultFullHttpRequest(decodeResult: success, version: HTTP/1.1, content: EmptyByteBufBE)
GET /session/67c054285278ccd4a59a3c8625af4372/element/8330cce3-7a82-48f2-9bb6-bb7378a077a5/text HTTP/1.1
User-Agent: selenium/4.6.0 (java windows)
Cache-Control: no-cache
Content-Type: application/json; charset=utf-8
host: localhost:44090
accept: */*

Response DefaultHttpResponse(decodeResult: success, version: HTTP/1.1)
HTTP/1.1 200 OK
Content-Type: application/json; charset=utf-8
cache-control: no-cache
content-length: 34

[DEBUG] Adding key: http://localhost:44090 for channel [id: 0xd1d86906, L:/127.0.0.1:54062 - R:localhost/127.0.0.1:44090]
[DEBUG] Using pooled Channel '[id: 0xd1d86906, L:/127.0.0.1:54062 - R:localhost/127.0.0.1:44090]' for 'POST' to 'http://localhost:44090/session/67c054285278ccd4a59a3c8625af4372/elements'
[DEBUG] Using open Channel [id: 0xd1d86906, L:/127.0.0.1:54062 - R:localhost/127.0.0.1:44090] for POST '/session/67c054285278ccd4a59a3c8625af4372/elements'
[DEBUG] 

Request DefaultHttpRequest(decodeResult: success, version: HTTP/1.1)
POST /session/67c054285278ccd4a59a3c8625af4372/elements HTTP/1.1
User-Agent: selenium/4.6.0 (java windows)
Content-Length: 129
Content-Type: application/json; charset=utf-8
host: localhost:44090
accept: */*

Response DefaultHttpResponse(decodeResult: success, version: HTTP/1.1)
HTTP/1.1 200 OK
Content-Type: application/json; charset=utf-8
cache-control: no-cache
content-length: 90

[DEBUG] Adding key: http://localhost:44090 for channel [id: 0xd1d86906, L:/127.0.0.1:54062 - R:localhost/127.0.0.1:44090]
[DEBUG] Using pooled Channel '[id: 0xd1d86906, L:/127.0.0.1:54062 - R:localhost/127.0.0.1:44090]' for 'GET' to 'http://localhost:44090/session/67c054285278ccd4a59a3c8625af4372/element/dd04bb8a-22fd-4b44-9067-5001a9fb0e7d/text'
[DEBUG] Using open Channel [id: 0xd1d86906, L:/127.0.0.1:54062 - R:localhost/127.0.0.1:44090] for GET '/session/67c054285278ccd4a59a3c8625af4372/element/dd04bb8a-22fd-4b44-9067-5001a9fb0e7d/text'
[DEBUG] 

Request DefaultFullHttpRequest(decodeResult: success, version: HTTP/1.1, content: EmptyByteBufBE)
GET /session/67c054285278ccd4a59a3c8625af4372/element/dd04bb8a-22fd-4b44-9067-5001a9fb0e7d/text HTTP/1.1
User-Agent: selenium/4.6.0 (java windows)
Cache-Control: no-cache
Content-Type: application/json; charset=utf-8
host: localhost:44090
accept: */*

Response DefaultHttpResponse(decodeResult: success, version: HTTP/1.1)
HTTP/1.1 200 OK
Content-Type: application/json; charset=utf-8
cache-control: no-cache
content-length: 26

[DEBUG] Adding key: http://localhost:44090 for channel [id: 0xd1d86906, L:/127.0.0.1:54062 - R:localhost/127.0.0.1:44090]
[DEBUG] Using pooled Channel '[id: 0xd1d86906, L:/127.0.0.1:54062 - R:localhost/127.0.0.1:44090]' for 'POST' to 'http://localhost:44090/session/67c054285278ccd4a59a3c8625af4372/element'
[DEBUG] Using open Channel [id: 0xd1d86906, L:/127.0.0.1:54062 - R:localhost/127.0.0.1:44090] for POST '/session/67c054285278ccd4a59a3c8625af4372/element'
[DEBUG] 

Request DefaultHttpRequest(decodeResult: success, version: HTTP/1.1)
POST /session/67c054285278ccd4a59a3c8625af4372/element HTTP/1.1
User-Agent: selenium/4.6.0 (java windows)
Content-Length: 129
Content-Type: application/json; charset=utf-8
host: localhost:44090
accept: */*

Response DefaultHttpResponse(decodeResult: success, version: HTTP/1.1)
HTTP/1.1 200 OK
Content-Type: application/json; charset=utf-8
cache-control: no-cache
content-length: 88

[DEBUG] Adding key: http://localhost:44090 for channel [id: 0xd1d86906, L:/127.0.0.1:54062 - R:localhost/127.0.0.1:44090]
[DEBUG] Using pooled Channel '[id: 0xd1d86906, L:/127.0.0.1:54062 - R:localhost/127.0.0.1:44090]' for 'GET' to 'http://localhost:44090/session/67c054285278ccd4a59a3c8625af4372/element/e3f1957e-26b9-43f2-a6a0-87ef7615b180/text'
[DEBUG] Using open Channel [id: 0xd1d86906, L:/127.0.0.1:54062 - R:localhost/127.0.0.1:44090] for GET '/session/67c054285278ccd4a59a3c8625af4372/element/e3f1957e-26b9-43f2-a6a0-87ef7615b180/text'
[DEBUG] 

Request DefaultFullHttpRequest(decodeResult: success, version: HTTP/1.1, content: EmptyByteBufBE)
GET /session/67c054285278ccd4a59a3c8625af4372/element/e3f1957e-26b9-43f2-a6a0-87ef7615b180/text HTTP/1.1
User-Agent: selenium/4.6.0 (java windows)
Cache-Control: no-cache
Content-Type: application/json; charset=utf-8
host: localhost:44090
accept: */*

Response DefaultHttpResponse(decodeResult: success, version: HTTP/1.1)
HTTP/1.1 200 OK
Content-Type: application/json; charset=utf-8
cache-control: no-cache
content-length: 28

[DEBUG] Adding key: http://localhost:44090 for channel [id: 0xd1d86906, L:/127.0.0.1:54062 - R:localhost/127.0.0.1:44090]
[DEBUG] Using pooled Channel '[id: 0xd1d86906, L:/127.0.0.1:54062 - R:localhost/127.0.0.1:44090]' for 'POST' to 'http://localhost:44090/session/67c054285278ccd4a59a3c8625af4372/element'
[DEBUG] Using open Channel [id: 0xd1d86906, L:/127.0.0.1:54062 - R:localhost/127.0.0.1:44090] for POST '/session/67c054285278ccd4a59a3c8625af4372/element'
[DEBUG] 

Request DefaultHttpRequest(decodeResult: success, version: HTTP/1.1)
POST /session/67c054285278ccd4a59a3c8625af4372/element HTTP/1.1
User-Agent: selenium/4.6.0 (java windows)
Content-Length: 129
Content-Type: application/json; charset=utf-8
host: localhost:44090
accept: */*

Response DefaultHttpResponse(decodeResult: success, version: HTTP/1.1)
HTTP/1.1 200 OK
Content-Type: application/json; charset=utf-8
cache-control: no-cache
content-length: 88

[DEBUG] Adding key: http://localhost:44090 for channel [id: 0xd1d86906, L:/127.0.0.1:54062 - R:localhost/127.0.0.1:44090]
[DEBUG] Using pooled Channel '[id: 0xd1d86906, L:/127.0.0.1:54062 - R:localhost/127.0.0.1:44090]' for 'GET' to 'http://localhost:44090/session/67c054285278ccd4a59a3c8625af4372/element/f9534b43-ef44-490a-ad86-5641f2d92a10/text'
[DEBUG] Using open Channel [id: 0xd1d86906, L:/127.0.0.1:54062 - R:localhost/127.0.0.1:44090] for GET '/session/67c054285278ccd4a59a3c8625af4372/element/f9534b43-ef44-490a-ad86-5641f2d92a10/text'
[DEBUG] 

Request DefaultFullHttpRequest(decodeResult: success, version: HTTP/1.1, content: EmptyByteBufBE)
GET /session/67c054285278ccd4a59a3c8625af4372/element/f9534b43-ef44-490a-ad86-5641f2d92a10/text HTTP/1.1
User-Agent: selenium/4.6.0 (java windows)
Cache-Control: no-cache
Content-Type: application/json; charset=utf-8
host: localhost:44090
accept: */*

Response DefaultHttpResponse(decodeResult: success, version: HTTP/1.1)
HTTP/1.1 200 OK
Content-Type: application/json; charset=utf-8
cache-control: no-cache
content-length: 26

[DEBUG] Adding key: http://localhost:44090 for channel [id: 0xd1d86906, L:/127.0.0.1:54062 - R:localhost/127.0.0.1:44090]
[DEBUG] Using pooled Channel '[id: 0xd1d86906, L:/127.0.0.1:54062 - R:localhost/127.0.0.1:44090]' for 'POST' to 'http://localhost:44090/session/67c054285278ccd4a59a3c8625af4372/elements'
[DEBUG] Using open Channel [id: 0xd1d86906, L:/127.0.0.1:54062 - R:localhost/127.0.0.1:44090] for POST '/session/67c054285278ccd4a59a3c8625af4372/elements'
[DEBUG] 

Request DefaultHttpRequest(decodeResult: success, version: HTTP/1.1)
POST /session/67c054285278ccd4a59a3c8625af4372/elements HTTP/1.1
User-Agent: selenium/4.6.0 (java windows)
Content-Length: 129
Content-Type: application/json; charset=utf-8
host: localhost:44090
accept: */*

Response DefaultHttpResponse(decodeResult: success, version: HTTP/1.1)
HTTP/1.1 200 OK
Content-Type: application/json; charset=utf-8
cache-control: no-cache
content-length: 90

[DEBUG] Adding key: http://localhost:44090 for channel [id: 0xd1d86906, L:/127.0.0.1:54062 - R:localhost/127.0.0.1:44090]
[DEBUG] Using pooled Channel '[id: 0xd1d86906, L:/127.0.0.1:54062 - R:localhost/127.0.0.1:44090]' for 'GET' to 'http://localhost:44090/session/67c054285278ccd4a59a3c8625af4372/element/5e84ab54-e1fa-4061-9e9b-0d30dee92ebb/text'
[DEBUG] Using open Channel [id: 0xd1d86906, L:/127.0.0.1:54062 - R:localhost/127.0.0.1:44090] for GET '/session/67c054285278ccd4a59a3c8625af4372/element/5e84ab54-e1fa-4061-9e9b-0d30dee92ebb/text'
[DEBUG] 

Request DefaultFullHttpRequest(decodeResult: success, version: HTTP/1.1, content: EmptyByteBufBE)
GET /session/67c054285278ccd4a59a3c8625af4372/element/5e84ab54-e1fa-4061-9e9b-0d30dee92ebb/text HTTP/1.1
User-Agent: selenium/4.6.0 (java windows)
Cache-Control: no-cache
Content-Type: application/json; charset=utf-8
host: localhost:44090
accept: */*

Response DefaultHttpResponse(decodeResult: success, version: HTTP/1.1)
HTTP/1.1 200 OK
Content-Type: application/json; charset=utf-8
cache-control: no-cache
content-length: 23

[DEBUG] Adding key: http://localhost:44090 for channel [id: 0xd1d86906, L:/127.0.0.1:54062 - R:localhost/127.0.0.1:44090]
[DEBUG] Using pooled Channel '[id: 0xd1d86906, L:/127.0.0.1:54062 - R:localhost/127.0.0.1:44090]' for 'POST' to 'http://localhost:44090/session/67c054285278ccd4a59a3c8625af4372/elements'
[DEBUG] Using open Channel [id: 0xd1d86906, L:/127.0.0.1:54062 - R:localhost/127.0.0.1:44090] for POST '/session/67c054285278ccd4a59a3c8625af4372/elements'
[DEBUG] 

Request DefaultHttpRequest(decodeResult: success, version: HTTP/1.1)
POST /session/67c054285278ccd4a59a3c8625af4372/elements HTTP/1.1
User-Agent: selenium/4.6.0 (java windows)
Content-Length: 129
Content-Type: application/json; charset=utf-8
host: localhost:44090
accept: */*

Response DefaultHttpResponse(decodeResult: success, version: HTTP/1.1)
HTTP/1.1 200 OK
Content-Type: application/json; charset=utf-8
cache-control: no-cache
content-length: 90

[DEBUG] Adding key: http://localhost:44090 for channel [id: 0xd1d86906, L:/127.0.0.1:54062 - R:localhost/127.0.0.1:44090]
[DEBUG] Using pooled Channel '[id: 0xd1d86906, L:/127.0.0.1:54062 - R:localhost/127.0.0.1:44090]' for 'GET' to 'http://localhost:44090/session/67c054285278ccd4a59a3c8625af4372/element/daf1f7e1-99db-4796-8543-e126a382ad9e/text'
[DEBUG] Using open Channel [id: 0xd1d86906, L:/127.0.0.1:54062 - R:localhost/127.0.0.1:44090] for GET '/session/67c054285278ccd4a59a3c8625af4372/element/daf1f7e1-99db-4796-8543-e126a382ad9e/text'
[DEBUG] 

Request DefaultFullHttpRequest(decodeResult: success, version: HTTP/1.1, content: EmptyByteBufBE)
GET /session/67c054285278ccd4a59a3c8625af4372/element/daf1f7e1-99db-4796-8543-e126a382ad9e/text HTTP/1.1
User-Agent: selenium/4.6.0 (java windows)
Cache-Control: no-cache
Content-Type: application/json; charset=utf-8
host: localhost:44090
accept: */*

Response DefaultHttpResponse(decodeResult: success, version: HTTP/1.1)
HTTP/1.1 200 OK
Content-Type: application/json; charset=utf-8
cache-control: no-cache
content-length: 21

[DEBUG] Adding key: http://localhost:44090 for channel [id: 0xd1d86906, L:/127.0.0.1:54062 - R:localhost/127.0.0.1:44090]
[DEBUG] Using pooled Channel '[id: 0xd1d86906, L:/127.0.0.1:54062 - R:localhost/127.0.0.1:44090]' for 'POST' to 'http://localhost:44090/session/67c054285278ccd4a59a3c8625af4372/elements'
[DEBUG] Using open Channel [id: 0xd1d86906, L:/127.0.0.1:54062 - R:localhost/127.0.0.1:44090] for POST '/session/67c054285278ccd4a59a3c8625af4372/elements'
[DEBUG] 

Request DefaultHttpRequest(decodeResult: success, version: HTTP/1.1)
POST /session/67c054285278ccd4a59a3c8625af4372/elements HTTP/1.1
User-Agent: selenium/4.6.0 (java windows)
Content-Length: 129
Content-Type: application/json; charset=utf-8
host: localhost:44090
accept: */*

Response DefaultHttpResponse(decodeResult: success, version: HTTP/1.1)
HTTP/1.1 200 OK
Content-Type: application/json; charset=utf-8
cache-control: no-cache
content-length: 90

[DEBUG] Adding key: http://localhost:44090 for channel [id: 0xd1d86906, L:/127.0.0.1:54062 - R:localhost/127.0.0.1:44090]
[DEBUG] Using pooled Channel '[id: 0xd1d86906, L:/127.0.0.1:54062 - R:localhost/127.0.0.1:44090]' for 'GET' to 'http://localhost:44090/session/67c054285278ccd4a59a3c8625af4372/element/5db9b5e8-1845-44d2-8092-deae6c581c31/text'
[DEBUG] Using open Channel [id: 0xd1d86906, L:/127.0.0.1:54062 - R:localhost/127.0.0.1:44090] for GET '/session/67c054285278ccd4a59a3c8625af4372/element/5db9b5e8-1845-44d2-8092-deae6c581c31/text'
[DEBUG] 

Request DefaultFullHttpRequest(decodeResult: success, version: HTTP/1.1, content: EmptyByteBufBE)
GET /session/67c054285278ccd4a59a3c8625af4372/element/5db9b5e8-1845-44d2-8092-deae6c581c31/text HTTP/1.1
User-Agent: selenium/4.6.0 (java windows)
Cache-Control: no-cache
Content-Type: application/json; charset=utf-8
host: localhost:44090
accept: */*

Response DefaultHttpResponse(decodeResult: success, version: HTTP/1.1)
HTTP/1.1 200 OK
Content-Type: application/json; charset=utf-8
cache-control: no-cache
content-length: 35

[DEBUG] Adding key: http://localhost:44090 for channel [id: 0xd1d86906, L:/127.0.0.1:54062 - R:localhost/127.0.0.1:44090]
[DEBUG] Using pooled Channel '[id: 0xd1d86906, L:/127.0.0.1:54062 - R:localhost/127.0.0.1:44090]' for 'POST' to 'http://localhost:44090/session/67c054285278ccd4a59a3c8625af4372/elements'
[DEBUG] Using open Channel [id: 0xd1d86906, L:/127.0.0.1:54062 - R:localhost/127.0.0.1:44090] for POST '/session/67c054285278ccd4a59a3c8625af4372/elements'
[DEBUG] 

Request DefaultHttpRequest(decodeResult: success, version: HTTP/1.1)
POST /session/67c054285278ccd4a59a3c8625af4372/elements HTTP/1.1
User-Agent: selenium/4.6.0 (java windows)
Content-Length: 129
Content-Type: application/json; charset=utf-8
host: localhost:44090
accept: */*

Response DefaultHttpResponse(decodeResult: success, version: HTTP/1.1)
HTTP/1.1 200 OK
Content-Type: application/json; charset=utf-8
cache-control: no-cache
content-length: 90

[DEBUG] Adding key: http://localhost:44090 for channel [id: 0xd1d86906, L:/127.0.0.1:54062 - R:localhost/127.0.0.1:44090]
[DEBUG] Using pooled Channel '[id: 0xd1d86906, L:/127.0.0.1:54062 - R:localhost/127.0.0.1:44090]' for 'GET' to 'http://localhost:44090/session/67c054285278ccd4a59a3c8625af4372/element/f9534b43-ef44-490a-ad86-5641f2d92a10/text'
[DEBUG] Using open Channel [id: 0xd1d86906, L:/127.0.0.1:54062 - R:localhost/127.0.0.1:44090] for GET '/session/67c054285278ccd4a59a3c8625af4372/element/f9534b43-ef44-490a-ad86-5641f2d92a10/text'
[DEBUG] 

Request DefaultFullHttpRequest(decodeResult: success, version: HTTP/1.1, content: EmptyByteBufBE)
GET /session/67c054285278ccd4a59a3c8625af4372/element/f9534b43-ef44-490a-ad86-5641f2d92a10/text HTTP/1.1
User-Agent: selenium/4.6.0 (java windows)
Cache-Control: no-cache
Content-Type: application/json; charset=utf-8
host: localhost:44090
accept: */*

Response DefaultHttpResponse(decodeResult: success, version: HTTP/1.1)
HTTP/1.1 200 OK
Content-Type: application/json; charset=utf-8
cache-control: no-cache
content-length: 26

[DEBUG] Adding key: http://localhost:44090 for channel [id: 0xd1d86906, L:/127.0.0.1:54062 - R:localhost/127.0.0.1:44090]
[DEBUG] Using pooled Channel '[id: 0xd1d86906, L:/127.0.0.1:54062 - R:localhost/127.0.0.1:44090]' for 'POST' to 'http://localhost:44090/session/67c054285278ccd4a59a3c8625af4372/element'
[DEBUG] Using open Channel [id: 0xd1d86906, L:/127.0.0.1:54062 - R:localhost/127.0.0.1:44090] for POST '/session/67c054285278ccd4a59a3c8625af4372/element'
[DEBUG] 

Request DefaultHttpRequest(decodeResult: success, version: HTTP/1.1)
POST /session/67c054285278ccd4a59a3c8625af4372/element HTTP/1.1
User-Agent: selenium/4.6.0 (java windows)
Content-Length: 129
Content-Type: application/json; charset=utf-8
host: localhost:44090
accept: */*

Response DefaultHttpResponse(decodeResult: success, version: HTTP/1.1)
HTTP/1.1 200 OK
Content-Type: application/json; charset=utf-8
cache-control: no-cache
content-length: 88

[DEBUG] Adding key: http://localhost:44090 for channel [id: 0xd1d86906, L:/127.0.0.1:54062 - R:localhost/127.0.0.1:44090]
[DEBUG] Using pooled Channel '[id: 0xd1d86906, L:/127.0.0.1:54062 - R:localhost/127.0.0.1:44090]' for 'GET' to 'http://localhost:44090/session/67c054285278ccd4a59a3c8625af4372/element/105fa288-7ab8-4e43-b1e9-77297b46ee53/text'
[DEBUG] Using open Channel [id: 0xd1d86906, L:/127.0.0.1:54062 - R:localhost/127.0.0.1:44090] for GET '/session/67c054285278ccd4a59a3c8625af4372/element/105fa288-7ab8-4e43-b1e9-77297b46ee53/text'
[DEBUG] 

Request DefaultFullHttpRequest(decodeResult: success, version: HTTP/1.1, content: EmptyByteBufBE)
GET /session/67c054285278ccd4a59a3c8625af4372/element/105fa288-7ab8-4e43-b1e9-77297b46ee53/text HTTP/1.1
User-Agent: selenium/4.6.0 (java windows)
Cache-Control: no-cache
Content-Type: application/json; charset=utf-8
host: localhost:44090
accept: */*

Response DefaultHttpResponse(decodeResult: success, version: HTTP/1.1)
HTTP/1.1 200 OK
Content-Type: application/json; charset=utf-8
cache-control: no-cache
content-length: 28

[DEBUG] Adding key: http://localhost:44090 for channel [id: 0xd1d86906, L:/127.0.0.1:54062 - R:localhost/127.0.0.1:44090]
[DEBUG] Using pooled Channel '[id: 0xd1d86906, L:/127.0.0.1:54062 - R:localhost/127.0.0.1:44090]' for 'POST' to 'http://localhost:44090/session/67c054285278ccd4a59a3c8625af4372/element'
[DEBUG] Using open Channel [id: 0xd1d86906, L:/127.0.0.1:54062 - R:localhost/127.0.0.1:44090] for POST '/session/67c054285278ccd4a59a3c8625af4372/element'
[DEBUG] 

Request DefaultHttpRequest(decodeResult: success, version: HTTP/1.1)
POST /session/67c054285278ccd4a59a3c8625af4372/element HTTP/1.1
User-Agent: selenium/4.6.0 (java windows)
Content-Length: 129
Content-Type: application/json; charset=utf-8
host: localhost:44090
accept: */*

Response DefaultHttpResponse(decodeResult: success, version: HTTP/1.1)
HTTP/1.1 200 OK
Content-Type: application/json; charset=utf-8
cache-control: no-cache
content-length: 88

[DEBUG] Adding key: http://localhost:44090 for channel [id: 0xd1d86906, L:/127.0.0.1:54062 - R:localhost/127.0.0.1:44090]
[DEBUG] Using pooled Channel '[id: 0xd1d86906, L:/127.0.0.1:54062 - R:localhost/127.0.0.1:44090]' for 'GET' to 'http://localhost:44090/session/67c054285278ccd4a59a3c8625af4372/element/c7819153-a8d3-4f9d-9d9e-de3655c38597/text'
[DEBUG] Using open Channel [id: 0xd1d86906, L:/127.0.0.1:54062 - R:localhost/127.0.0.1:44090] for GET '/session/67c054285278ccd4a59a3c8625af4372/element/c7819153-a8d3-4f9d-9d9e-de3655c38597/text'
[DEBUG] 

Request DefaultFullHttpRequest(decodeResult: success, version: HTTP/1.1, content: EmptyByteBufBE)
GET /session/67c054285278ccd4a59a3c8625af4372/element/c7819153-a8d3-4f9d-9d9e-de3655c38597/text HTTP/1.1
User-Agent: selenium/4.6.0 (java windows)
Cache-Control: no-cache
Content-Type: application/json; charset=utf-8
host: localhost:44090
accept: */*

Response DefaultHttpResponse(decodeResult: success, version: HTTP/1.1)
HTTP/1.1 200 OK
Content-Type: application/json; charset=utf-8
cache-control: no-cache
content-length: 26

[DEBUG] Adding key: http://localhost:44090 for channel [id: 0xd1d86906, L:/127.0.0.1:54062 - R:localhost/127.0.0.1:44090]
[DEBUG] Using pooled Channel '[id: 0xd1d86906, L:/127.0.0.1:54062 - R:localhost/127.0.0.1:44090]' for 'POST' to 'http://localhost:44090/session/67c054285278ccd4a59a3c8625af4372/elements'
[DEBUG] Using open Channel [id: 0xd1d86906, L:/127.0.0.1:54062 - R:localhost/127.0.0.1:44090] for POST '/session/67c054285278ccd4a59a3c8625af4372/elements'
[DEBUG] 

Request DefaultHttpRequest(decodeResult: success, version: HTTP/1.1)
POST /session/67c054285278ccd4a59a3c8625af4372/elements HTTP/1.1
User-Agent: selenium/4.6.0 (java windows)
Content-Length: 129
Content-Type: application/json; charset=utf-8
host: localhost:44090
accept: */*

Response DefaultHttpResponse(decodeResult: success, version: HTTP/1.1)
HTTP/1.1 200 OK
Content-Type: application/json; charset=utf-8
cache-control: no-cache
content-length: 90

[DEBUG] Adding key: http://localhost:44090 for channel [id: 0xd1d86906, L:/127.0.0.1:54062 - R:localhost/127.0.0.1:44090]
[DEBUG] Using pooled Channel '[id: 0xd1d86906, L:/127.0.0.1:54062 - R:localhost/127.0.0.1:44090]' for 'GET' to 'http://localhost:44090/session/67c054285278ccd4a59a3c8625af4372/element/d059156d-28a8-47d2-a456-ede1a056662d/text'
[DEBUG] Using open Channel [id: 0xd1d86906, L:/127.0.0.1:54062 - R:localhost/127.0.0.1:44090] for GET '/session/67c054285278ccd4a59a3c8625af4372/element/d059156d-28a8-47d2-a456-ede1a056662d/text'
[DEBUG] 

Request DefaultFullHttpRequest(decodeResult: success, version: HTTP/1.1, content: EmptyByteBufBE)
GET /session/67c054285278ccd4a59a3c8625af4372/element/d059156d-28a8-47d2-a456-ede1a056662d/text HTTP/1.1
User-Agent: selenium/4.6.0 (java windows)
Cache-Control: no-cache
Content-Type: application/json; charset=utf-8
host: localhost:44090
accept: */*

Response DefaultHttpResponse(decodeResult: success, version: HTTP/1.1)
HTTP/1.1 200 OK
Content-Type: application/json; charset=utf-8
cache-control: no-cache
content-length: 23

[DEBUG] Adding key: http://localhost:44090 for channel [id: 0xd1d86906, L:/127.0.0.1:54062 - R:localhost/127.0.0.1:44090]
[DEBUG] Using pooled Channel '[id: 0xd1d86906, L:/127.0.0.1:54062 - R:localhost/127.0.0.1:44090]' for 'POST' to 'http://localhost:44090/session/67c054285278ccd4a59a3c8625af4372/elements'
[DEBUG] Using open Channel [id: 0xd1d86906, L:/127.0.0.1:54062 - R:localhost/127.0.0.1:44090] for POST '/session/67c054285278ccd4a59a3c8625af4372/elements'
[DEBUG] 

Request DefaultHttpRequest(decodeResult: success, version: HTTP/1.1)
POST /session/67c054285278ccd4a59a3c8625af4372/elements HTTP/1.1
User-Agent: selenium/4.6.0 (java windows)
Content-Length: 129
Content-Type: application/json; charset=utf-8
host: localhost:44090
accept: */*

Response DefaultHttpResponse(decodeResult: success, version: HTTP/1.1)
HTTP/1.1 200 OK
Content-Type: application/json; charset=utf-8
cache-control: no-cache
content-length: 90

[DEBUG] Adding key: http://localhost:44090 for channel [id: 0xd1d86906, L:/127.0.0.1:54062 - R:localhost/127.0.0.1:44090]
[DEBUG] Using pooled Channel '[id: 0xd1d86906, L:/127.0.0.1:54062 - R:localhost/127.0.0.1:44090]' for 'GET' to 'http://localhost:44090/session/67c054285278ccd4a59a3c8625af4372/element/4428e36c-8dab-4c7d-b214-9e6827cccbc4/text'
[DEBUG] Using open Channel [id: 0xd1d86906, L:/127.0.0.1:54062 - R:localhost/127.0.0.1:44090] for GET '/session/67c054285278ccd4a59a3c8625af4372/element/4428e36c-8dab-4c7d-b214-9e6827cccbc4/text'
[DEBUG] 

Request DefaultFullHttpRequest(decodeResult: success, version: HTTP/1.1, content: EmptyByteBufBE)
GET /session/67c054285278ccd4a59a3c8625af4372/element/4428e36c-8dab-4c7d-b214-9e6827cccbc4/text HTTP/1.1
User-Agent: selenium/4.6.0 (java windows)
Cache-Control: no-cache
Content-Type: application/json; charset=utf-8
host: localhost:44090
accept: */*

Response DefaultHttpResponse(decodeResult: success, version: HTTP/1.1)
HTTP/1.1 200 OK
Content-Type: application/json; charset=utf-8
cache-control: no-cache
content-length: 19

[DEBUG] Adding key: http://localhost:44090 for channel [id: 0xd1d86906, L:/127.0.0.1:54062 - R:localhost/127.0.0.1:44090]
[DEBUG] Using pooled Channel '[id: 0xd1d86906, L:/127.0.0.1:54062 - R:localhost/127.0.0.1:44090]' for 'POST' to 'http://localhost:44090/session/67c054285278ccd4a59a3c8625af4372/elements'
[DEBUG] Using open Channel [id: 0xd1d86906, L:/127.0.0.1:54062 - R:localhost/127.0.0.1:44090] for POST '/session/67c054285278ccd4a59a3c8625af4372/elements'
[DEBUG] 

Request DefaultHttpRequest(decodeResult: success, version: HTTP/1.1)
POST /session/67c054285278ccd4a59a3c8625af4372/elements HTTP/1.1
User-Agent: selenium/4.6.0 (java windows)
Content-Length: 129
Content-Type: application/json; charset=utf-8
host: localhost:44090
accept: */*

Response DefaultHttpResponse(decodeResult: success, version: HTTP/1.1)
HTTP/1.1 200 OK
Content-Type: application/json; charset=utf-8
cache-control: no-cache
content-length: 90

[DEBUG] Adding key: http://localhost:44090 for channel [id: 0xd1d86906, L:/127.0.0.1:54062 - R:localhost/127.0.0.1:44090]
[DEBUG] Using pooled Channel '[id: 0xd1d86906, L:/127.0.0.1:54062 - R:localhost/127.0.0.1:44090]' for 'GET' to 'http://localhost:44090/session/67c054285278ccd4a59a3c8625af4372/element/0e114f48-8351-4123-b3a9-109e5cb5a72d/text'
[DEBUG] Using open Channel [id: 0xd1d86906, L:/127.0.0.1:54062 - R:localhost/127.0.0.1:44090] for GET '/session/67c054285278ccd4a59a3c8625af4372/element/0e114f48-8351-4123-b3a9-109e5cb5a72d/text'
[DEBUG] 

Request DefaultFullHttpRequest(decodeResult: success, version: HTTP/1.1, content: EmptyByteBufBE)
GET /session/67c054285278ccd4a59a3c8625af4372/element/0e114f48-8351-4123-b3a9-109e5cb5a72d/text HTTP/1.1
User-Agent: selenium/4.6.0 (java windows)
Cache-Control: no-cache
Content-Type: application/json; charset=utf-8
host: localhost:44090
accept: */*

Response DefaultHttpResponse(decodeResult: success, version: HTTP/1.1)
HTTP/1.1 200 OK
Content-Type: application/json; charset=utf-8
cache-control: no-cache
content-length: 28

[DEBUG] Adding key: http://localhost:44090 for channel [id: 0xd1d86906, L:/127.0.0.1:54062 - R:localhost/127.0.0.1:44090]
[DEBUG] Using pooled Channel '[id: 0xd1d86906, L:/127.0.0.1:54062 - R:localhost/127.0.0.1:44090]' for 'POST' to 'http://localhost:44090/session/67c054285278ccd4a59a3c8625af4372/elements'
[DEBUG] Using open Channel [id: 0xd1d86906, L:/127.0.0.1:54062 - R:localhost/127.0.0.1:44090] for POST '/session/67c054285278ccd4a59a3c8625af4372/elements'
[DEBUG] 

Request DefaultHttpRequest(decodeResult: success, version: HTTP/1.1)
POST /session/67c054285278ccd4a59a3c8625af4372/elements HTTP/1.1
User-Agent: selenium/4.6.0 (java windows)
Content-Length: 129
Content-Type: application/json; charset=utf-8
host: localhost:44090
accept: */*

Response DefaultHttpResponse(decodeResult: success, version: HTTP/1.1)
HTTP/1.1 200 OK
Content-Type: application/json; charset=utf-8
cache-control: no-cache
content-length: 90

[DEBUG] Adding key: http://localhost:44090 for channel [id: 0xd1d86906, L:/127.0.0.1:54062 - R:localhost/127.0.0.1:44090]
[DEBUG] Using pooled Channel '[id: 0xd1d86906, L:/127.0.0.1:54062 - R:localhost/127.0.0.1:44090]' for 'GET' to 'http://localhost:44090/session/67c054285278ccd4a59a3c8625af4372/element/c7819153-a8d3-4f9d-9d9e-de3655c38597/text'
[DEBUG] Using open Channel [id: 0xd1d86906, L:/127.0.0.1:54062 - R:localhost/127.0.0.1:44090] for GET '/session/67c054285278ccd4a59a3c8625af4372/element/c7819153-a8d3-4f9d-9d9e-de3655c38597/text'
[DEBUG] 

Request DefaultFullHttpRequest(decodeResult: success, version: HTTP/1.1, content: EmptyByteBufBE)
GET /session/67c054285278ccd4a59a3c8625af4372/element/c7819153-a8d3-4f9d-9d9e-de3655c38597/text HTTP/1.1
User-Agent: selenium/4.6.0 (java windows)
Cache-Control: no-cache
Content-Type: application/json; charset=utf-8
host: localhost:44090
accept: */*

Response DefaultHttpResponse(decodeResult: success, version: HTTP/1.1)
HTTP/1.1 200 OK
Content-Type: application/json; charset=utf-8
cache-control: no-cache
content-length: 26

[DEBUG] Adding key: http://localhost:44090 for channel [id: 0xd1d86906, L:/127.0.0.1:54062 - R:localhost/127.0.0.1:44090]
[DEBUG] Using pooled Channel '[id: 0xd1d86906, L:/127.0.0.1:54062 - R:localhost/127.0.0.1:44090]' for 'POST' to 'http://localhost:44090/session/67c054285278ccd4a59a3c8625af4372/element'
[DEBUG] Using open Channel [id: 0xd1d86906, L:/127.0.0.1:54062 - R:localhost/127.0.0.1:44090] for POST '/session/67c054285278ccd4a59a3c8625af4372/element'
[DEBUG] 

Request DefaultHttpRequest(decodeResult: success, version: HTTP/1.1)
POST /session/67c054285278ccd4a59a3c8625af4372/element HTTP/1.1
User-Agent: selenium/4.6.0 (java windows)
Content-Length: 129
Content-Type: application/json; charset=utf-8
host: localhost:44090
accept: */*

Response DefaultHttpResponse(decodeResult: success, version: HTTP/1.1)
HTTP/1.1 200 OK
Content-Type: application/json; charset=utf-8
cache-control: no-cache
content-length: 88

[DEBUG] Adding key: http://localhost:44090 for channel [id: 0xd1d86906, L:/127.0.0.1:54062 - R:localhost/127.0.0.1:44090]
[DEBUG] Using pooled Channel '[id: 0xd1d86906, L:/127.0.0.1:54062 - R:localhost/127.0.0.1:44090]' for 'GET' to 'http://localhost:44090/session/67c054285278ccd4a59a3c8625af4372/element/4ac26606-b57f-4b81-80a3-9233120350e8/text'
[DEBUG] Using open Channel [id: 0xd1d86906, L:/127.0.0.1:54062 - R:localhost/127.0.0.1:44090] for GET '/session/67c054285278ccd4a59a3c8625af4372/element/4ac26606-b57f-4b81-80a3-9233120350e8/text'
[DEBUG] 

Request DefaultFullHttpRequest(decodeResult: success, version: HTTP/1.1, content: EmptyByteBufBE)
GET /session/67c054285278ccd4a59a3c8625af4372/element/4ac26606-b57f-4b81-80a3-9233120350e8/text HTTP/1.1
User-Agent: selenium/4.6.0 (java windows)
Cache-Control: no-cache
Content-Type: application/json; charset=utf-8
host: localhost:44090
accept: */*

Response DefaultHttpResponse(decodeResult: success, version: HTTP/1.1)
HTTP/1.1 200 OK
Content-Type: application/json; charset=utf-8
cache-control: no-cache
content-length: 28

[DEBUG] Adding key: http://localhost:44090 for channel [id: 0xd1d86906, L:/127.0.0.1:54062 - R:localhost/127.0.0.1:44090]
[DEBUG] Using pooled Channel '[id: 0xd1d86906, L:/127.0.0.1:54062 - R:localhost/127.0.0.1:44090]' for 'POST' to 'http://localhost:44090/session/67c054285278ccd4a59a3c8625af4372/element'
[DEBUG] Using open Channel [id: 0xd1d86906, L:/127.0.0.1:54062 - R:localhost/127.0.0.1:44090] for POST '/session/67c054285278ccd4a59a3c8625af4372/element'
[DEBUG] 

Request DefaultHttpRequest(decodeResult: success, version: HTTP/1.1)
POST /session/67c054285278ccd4a59a3c8625af4372/element HTTP/1.1
User-Agent: selenium/4.6.0 (java windows)
Content-Length: 129
Content-Type: application/json; charset=utf-8
host: localhost:44090
accept: */*

Response DefaultHttpResponse(decodeResult: success, version: HTTP/1.1)
HTTP/1.1 200 OK
Content-Type: application/json; charset=utf-8
cache-control: no-cache
content-length: 88

[DEBUG] Adding key: http://localhost:44090 for channel [id: 0xd1d86906, L:/127.0.0.1:54062 - R:localhost/127.0.0.1:44090]
[DEBUG] Using pooled Channel '[id: 0xd1d86906, L:/127.0.0.1:54062 - R:localhost/127.0.0.1:44090]' for 'GET' to 'http://localhost:44090/session/67c054285278ccd4a59a3c8625af4372/element/a85525d1-6cd9-4c1b-819f-93cca2ef23e8/text'
[DEBUG] Using open Channel [id: 0xd1d86906, L:/127.0.0.1:54062 - R:localhost/127.0.0.1:44090] for GET '/session/67c054285278ccd4a59a3c8625af4372/element/a85525d1-6cd9-4c1b-819f-93cca2ef23e8/text'
[DEBUG] 

Request DefaultFullHttpRequest(decodeResult: success, version: HTTP/1.1, content: EmptyByteBufBE)
GET /session/67c054285278ccd4a59a3c8625af4372/element/a85525d1-6cd9-4c1b-819f-93cca2ef23e8/text HTTP/1.1
User-Agent: selenium/4.6.0 (java windows)
Cache-Control: no-cache
Content-Type: application/json; charset=utf-8
host: localhost:44090
accept: */*

Response DefaultHttpResponse(decodeResult: success, version: HTTP/1.1)
HTTP/1.1 200 OK
Content-Type: application/json; charset=utf-8
cache-control: no-cache
content-length: 26

[DEBUG] Adding key: http://localhost:44090 for channel [id: 0xd1d86906, L:/127.0.0.1:54062 - R:localhost/127.0.0.1:44090]
[DEBUG] Using pooled Channel '[id: 0xd1d86906, L:/127.0.0.1:54062 - R:localhost/127.0.0.1:44090]' for 'POST' to 'http://localhost:44090/session/67c054285278ccd4a59a3c8625af4372/elements'
[DEBUG] Using open Channel [id: 0xd1d86906, L:/127.0.0.1:54062 - R:localhost/127.0.0.1:44090] for POST '/session/67c054285278ccd4a59a3c8625af4372/elements'
[DEBUG] 

Request DefaultHttpRequest(decodeResult: success, version: HTTP/1.1)
POST /session/67c054285278ccd4a59a3c8625af4372/elements HTTP/1.1
User-Agent: selenium/4.6.0 (java windows)
Content-Length: 129
Content-Type: application/json; charset=utf-8
host: localhost:44090
accept: */*

Response DefaultHttpResponse(decodeResult: success, version: HTTP/1.1)
HTTP/1.1 200 OK
Content-Type: application/json; charset=utf-8
cache-control: no-cache
content-length: 90

[DEBUG] Adding key: http://localhost:44090 for channel [id: 0xd1d86906, L:/127.0.0.1:54062 - R:localhost/127.0.0.1:44090]
[DEBUG] Using pooled Channel '[id: 0xd1d86906, L:/127.0.0.1:54062 - R:localhost/127.0.0.1:44090]' for 'GET' to 'http://localhost:44090/session/67c054285278ccd4a59a3c8625af4372/element/8e055711-15cc-4d76-bc0f-64546f732353/text'
[DEBUG] Using open Channel [id: 0xd1d86906, L:/127.0.0.1:54062 - R:localhost/127.0.0.1:44090] for GET '/session/67c054285278ccd4a59a3c8625af4372/element/8e055711-15cc-4d76-bc0f-64546f732353/text'
[DEBUG] 

Request DefaultFullHttpRequest(decodeResult: success, version: HTTP/1.1, content: EmptyByteBufBE)
GET /session/67c054285278ccd4a59a3c8625af4372/element/8e055711-15cc-4d76-bc0f-64546f732353/text HTTP/1.1
User-Agent: selenium/4.6.0 (java windows)
Cache-Control: no-cache
Content-Type: application/json; charset=utf-8
host: localhost:44090
accept: */*

Response DefaultHttpResponse(decodeResult: success, version: HTTP/1.1)
HTTP/1.1 200 OK
Content-Type: application/json; charset=utf-8
cache-control: no-cache
content-length: 23

[DEBUG] Adding key: http://localhost:44090 for channel [id: 0xd1d86906, L:/127.0.0.1:54062 - R:localhost/127.0.0.1:44090]
[DEBUG] Using pooled Channel '[id: 0xd1d86906, L:/127.0.0.1:54062 - R:localhost/127.0.0.1:44090]' for 'POST' to 'http://localhost:44090/session/67c054285278ccd4a59a3c8625af4372/elements'
[DEBUG] Using open Channel [id: 0xd1d86906, L:/127.0.0.1:54062 - R:localhost/127.0.0.1:44090] for POST '/session/67c054285278ccd4a59a3c8625af4372/elements'
[DEBUG] 

Request DefaultHttpRequest(decodeResult: success, version: HTTP/1.1)
POST /session/67c054285278ccd4a59a3c8625af4372/elements HTTP/1.1
User-Agent: selenium/4.6.0 (java windows)
Content-Length: 129
Content-Type: application/json; charset=utf-8
host: localhost:44090
accept: */*

Response DefaultHttpResponse(decodeResult: success, version: HTTP/1.1)
HTTP/1.1 200 OK
Content-Type: application/json; charset=utf-8
cache-control: no-cache
content-length: 90

[DEBUG] Adding key: http://localhost:44090 for channel [id: 0xd1d86906, L:/127.0.0.1:54062 - R:localhost/127.0.0.1:44090]
[DEBUG] Using pooled Channel '[id: 0xd1d86906, L:/127.0.0.1:54062 - R:localhost/127.0.0.1:44090]' for 'GET' to 'http://localhost:44090/session/67c054285278ccd4a59a3c8625af4372/element/e6239cd4-902d-4727-81e2-f98df0e831b9/text'
[DEBUG] Using open Channel [id: 0xd1d86906, L:/127.0.0.1:54062 - R:localhost/127.0.0.1:44090] for GET '/session/67c054285278ccd4a59a3c8625af4372/element/e6239cd4-902d-4727-81e2-f98df0e831b9/text'
[DEBUG] 

Request DefaultFullHttpRequest(decodeResult: success, version: HTTP/1.1, content: EmptyByteBufBE)
GET /session/67c054285278ccd4a59a3c8625af4372/element/e6239cd4-902d-4727-81e2-f98df0e831b9/text HTTP/1.1
User-Agent: selenium/4.6.0 (java windows)
Cache-Control: no-cache
Content-Type: application/json; charset=utf-8
host: localhost:44090
accept: */*

Response DefaultHttpResponse(decodeResult: success, version: HTTP/1.1)
HTTP/1.1 200 OK
Content-Type: application/json; charset=utf-8
cache-control: no-cache
content-length: 18

[DEBUG] Adding key: http://localhost:44090 for channel [id: 0xd1d86906, L:/127.0.0.1:54062 - R:localhost/127.0.0.1:44090]
[DEBUG] Using pooled Channel '[id: 0xd1d86906, L:/127.0.0.1:54062 - R:localhost/127.0.0.1:44090]' for 'POST' to 'http://localhost:44090/session/67c054285278ccd4a59a3c8625af4372/elements'
[DEBUG] Using open Channel [id: 0xd1d86906, L:/127.0.0.1:54062 - R:localhost/127.0.0.1:44090] for POST '/session/67c054285278ccd4a59a3c8625af4372/elements'
[DEBUG] 

Request DefaultHttpRequest(decodeResult: success, version: HTTP/1.1)
POST /session/67c054285278ccd4a59a3c8625af4372/elements HTTP/1.1
User-Agent: selenium/4.6.0 (java windows)
Content-Length: 129
Content-Type: application/json; charset=utf-8
host: localhost:44090
accept: */*

Response DefaultHttpResponse(decodeResult: success, version: HTTP/1.1)
HTTP/1.1 200 OK
Content-Type: application/json; charset=utf-8
cache-control: no-cache
content-length: 90

[DEBUG] Adding key: http://localhost:44090 for channel [id: 0xd1d86906, L:/127.0.0.1:54062 - R:localhost/127.0.0.1:44090]
[DEBUG] Using pooled Channel '[id: 0xd1d86906, L:/127.0.0.1:54062 - R:localhost/127.0.0.1:44090]' for 'GET' to 'http://localhost:44090/session/67c054285278ccd4a59a3c8625af4372/element/de55de62-0011-460a-aae6-db2818f38c9f/text'
[DEBUG] Using open Channel [id: 0xd1d86906, L:/127.0.0.1:54062 - R:localhost/127.0.0.1:44090] for GET '/session/67c054285278ccd4a59a3c8625af4372/element/de55de62-0011-460a-aae6-db2818f38c9f/text'
[DEBUG] 

Request DefaultFullHttpRequest(decodeResult: success, version: HTTP/1.1, content: EmptyByteBufBE)
GET /session/67c054285278ccd4a59a3c8625af4372/element/de55de62-0011-460a-aae6-db2818f38c9f/text HTTP/1.1
User-Agent: selenium/4.6.0 (java windows)
Cache-Control: no-cache
Content-Type: application/json; charset=utf-8
host: localhost:44090
accept: */*

Response DefaultHttpResponse(decodeResult: success, version: HTTP/1.1)
HTTP/1.1 200 OK
Content-Type: application/json; charset=utf-8
cache-control: no-cache
content-length: 22

[DEBUG] Adding key: http://localhost:44090 for channel [id: 0xd1d86906, L:/127.0.0.1:54062 - R:localhost/127.0.0.1:44090]
[DEBUG] Using pooled Channel '[id: 0xd1d86906, L:/127.0.0.1:54062 - R:localhost/127.0.0.1:44090]' for 'POST' to 'http://localhost:44090/session/67c054285278ccd4a59a3c8625af4372/elements'
[DEBUG] Using open Channel [id: 0xd1d86906, L:/127.0.0.1:54062 - R:localhost/127.0.0.1:44090] for POST '/session/67c054285278ccd4a59a3c8625af4372/elements'
[DEBUG] 

Request DefaultHttpRequest(decodeResult: success, version: HTTP/1.1)
POST /session/67c054285278ccd4a59a3c8625af4372/elements HTTP/1.1
User-Agent: selenium/4.6.0 (java windows)
Content-Length: 129
Content-Type: application/json; charset=utf-8
host: localhost:44090
accept: */*

Response DefaultHttpResponse(decodeResult: success, version: HTTP/1.1)
HTTP/1.1 200 OK
Content-Type: application/json; charset=utf-8
cache-control: no-cache
content-length: 90

[DEBUG] Adding key: http://localhost:44090 for channel [id: 0xd1d86906, L:/127.0.0.1:54062 - R:localhost/127.0.0.1:44090]
[DEBUG] Using pooled Channel '[id: 0xd1d86906, L:/127.0.0.1:54062 - R:localhost/127.0.0.1:44090]' for 'GET' to 'http://localhost:44090/session/67c054285278ccd4a59a3c8625af4372/element/a85525d1-6cd9-4c1b-819f-93cca2ef23e8/text'
[DEBUG] Using open Channel [id: 0xd1d86906, L:/127.0.0.1:54062 - R:localhost/127.0.0.1:44090] for GET '/session/67c054285278ccd4a59a3c8625af4372/element/a85525d1-6cd9-4c1b-819f-93cca2ef23e8/text'
[DEBUG] 

Request DefaultFullHttpRequest(decodeResult: success, version: HTTP/1.1, content: EmptyByteBufBE)
GET /session/67c054285278ccd4a59a3c8625af4372/element/a85525d1-6cd9-4c1b-819f-93cca2ef23e8/text HTTP/1.1
User-Agent: selenium/4.6.0 (java windows)
Cache-Control: no-cache
Content-Type: application/json; charset=utf-8
host: localhost:44090
accept: */*

Response DefaultHttpResponse(decodeResult: success, version: HTTP/1.1)
HTTP/1.1 200 OK
Content-Type: application/json; charset=utf-8
cache-control: no-cache
content-length: 26

[DEBUG] Adding key: http://localhost:44090 for channel [id: 0xd1d86906, L:/127.0.0.1:54062 - R:localhost/127.0.0.1:44090]
[DEBUG] Using pooled Channel '[id: 0xd1d86906, L:/127.0.0.1:54062 - R:localhost/127.0.0.1:44090]' for 'POST' to 'http://localhost:44090/session/67c054285278ccd4a59a3c8625af4372/element'
[DEBUG] Using open Channel [id: 0xd1d86906, L:/127.0.0.1:54062 - R:localhost/127.0.0.1:44090] for POST '/session/67c054285278ccd4a59a3c8625af4372/element'
[DEBUG] 

Request DefaultHttpRequest(decodeResult: success, version: HTTP/1.1)
POST /session/67c054285278ccd4a59a3c8625af4372/element HTTP/1.1
User-Agent: selenium/4.6.0 (java windows)
Content-Length: 129
Content-Type: application/json; charset=utf-8
host: localhost:44090
accept: */*

Response DefaultHttpResponse(decodeResult: success, version: HTTP/1.1)
HTTP/1.1 200 OK
Content-Type: application/json; charset=utf-8
cache-control: no-cache
content-length: 88

[DEBUG] Adding key: http://localhost:44090 for channel [id: 0xd1d86906, L:/127.0.0.1:54062 - R:localhost/127.0.0.1:44090]
[DEBUG] Using pooled Channel '[id: 0xd1d86906, L:/127.0.0.1:54062 - R:localhost/127.0.0.1:44090]' for 'GET' to 'http://localhost:44090/session/67c054285278ccd4a59a3c8625af4372/element/a176b7a7-eb07-4217-b061-d43ab3dc5654/text'
[DEBUG] Using open Channel [id: 0xd1d86906, L:/127.0.0.1:54062 - R:localhost/127.0.0.1:44090] for GET '/session/67c054285278ccd4a59a3c8625af4372/element/a176b7a7-eb07-4217-b061-d43ab3dc5654/text'
[DEBUG] 

Request DefaultFullHttpRequest(decodeResult: success, version: HTTP/1.1, content: EmptyByteBufBE)
GET /session/67c054285278ccd4a59a3c8625af4372/element/a176b7a7-eb07-4217-b061-d43ab3dc5654/text HTTP/1.1
User-Agent: selenium/4.6.0 (java windows)
Cache-Control: no-cache
Content-Type: application/json; charset=utf-8
host: localhost:44090
accept: */*

Response DefaultHttpResponse(decodeResult: success, version: HTTP/1.1)
HTTP/1.1 200 OK
Content-Type: application/json; charset=utf-8
cache-control: no-cache
content-length: 26

[DEBUG] Adding key: http://localhost:44090 for channel [id: 0xd1d86906, L:/127.0.0.1:54062 - R:localhost/127.0.0.1:44090]
[DEBUG] Using pooled Channel '[id: 0xd1d86906, L:/127.0.0.1:54062 - R:localhost/127.0.0.1:44090]' for 'POST' to 'http://localhost:44090/session/67c054285278ccd4a59a3c8625af4372/elements'
[DEBUG] Using open Channel [id: 0xd1d86906, L:/127.0.0.1:54062 - R:localhost/127.0.0.1:44090] for POST '/session/67c054285278ccd4a59a3c8625af4372/elements'
[DEBUG] 

Request DefaultHttpRequest(decodeResult: success, version: HTTP/1.1)
POST /session/67c054285278ccd4a59a3c8625af4372/elements HTTP/1.1
User-Agent: selenium/4.6.0 (java windows)
Content-Length: 129
Content-Type: application/json; charset=utf-8
host: localhost:44090
accept: */*

Response DefaultHttpResponse(decodeResult: success, version: HTTP/1.1)
HTTP/1.1 200 OK
Content-Type: application/json; charset=utf-8
cache-control: no-cache
content-length: 90

[DEBUG] Adding key: http://localhost:44090 for channel [id: 0xd1d86906, L:/127.0.0.1:54062 - R:localhost/127.0.0.1:44090]
[DEBUG] Using pooled Channel '[id: 0xd1d86906, L:/127.0.0.1:54062 - R:localhost/127.0.0.1:44090]' for 'GET' to 'http://localhost:44090/session/67c054285278ccd4a59a3c8625af4372/element/4b711143-0dfb-48af-ba6a-33f3dc554150/text'
[DEBUG] Using open Channel [id: 0xd1d86906, L:/127.0.0.1:54062 - R:localhost/127.0.0.1:44090] for GET '/session/67c054285278ccd4a59a3c8625af4372/element/4b711143-0dfb-48af-ba6a-33f3dc554150/text'
[DEBUG] 

Request DefaultFullHttpRequest(decodeResult: success, version: HTTP/1.1, content: EmptyByteBufBE)
GET /session/67c054285278ccd4a59a3c8625af4372/element/4b711143-0dfb-48af-ba6a-33f3dc554150/text HTTP/1.1
User-Agent: selenium/4.6.0 (java windows)
Cache-Control: no-cache
Content-Type: application/json; charset=utf-8
host: localhost:44090
accept: */*

Response DefaultHttpResponse(decodeResult: success, version: HTTP/1.1)
HTTP/1.1 200 OK
Content-Type: application/json; charset=utf-8
cache-control: no-cache
content-length: 23

[DEBUG] Adding key: http://localhost:44090 for channel [id: 0xd1d86906, L:/127.0.0.1:54062 - R:localhost/127.0.0.1:44090]
[DEBUG] Using pooled Channel '[id: 0xd1d86906, L:/127.0.0.1:54062 - R:localhost/127.0.0.1:44090]' for 'POST' to 'http://localhost:44090/session/67c054285278ccd4a59a3c8625af4372/elements'
[DEBUG] Using open Channel [id: 0xd1d86906, L:/127.0.0.1:54062 - R:localhost/127.0.0.1:44090] for POST '/session/67c054285278ccd4a59a3c8625af4372/elements'
[DEBUG] 

Request DefaultHttpRequest(decodeResult: success, version: HTTP/1.1)
POST /session/67c054285278ccd4a59a3c8625af4372/elements HTTP/1.1
User-Agent: selenium/4.6.0 (java windows)
Content-Length: 129
Content-Type: application/json; charset=utf-8
host: localhost:44090
accept: */*

Response DefaultHttpResponse(decodeResult: success, version: HTTP/1.1)
HTTP/1.1 200 OK
Content-Type: application/json; charset=utf-8
cache-control: no-cache
content-length: 90

[DEBUG] Adding key: http://localhost:44090 for channel [id: 0xd1d86906, L:/127.0.0.1:54062 - R:localhost/127.0.0.1:44090]
[DEBUG] Using pooled Channel '[id: 0xd1d86906, L:/127.0.0.1:54062 - R:localhost/127.0.0.1:44090]' for 'GET' to 'http://localhost:44090/session/67c054285278ccd4a59a3c8625af4372/element/3961eca5-6228-4bee-bd63-6552bb50ad71/text'
[DEBUG] Using open Channel [id: 0xd1d86906, L:/127.0.0.1:54062 - R:localhost/127.0.0.1:44090] for GET '/session/67c054285278ccd4a59a3c8625af4372/element/3961eca5-6228-4bee-bd63-6552bb50ad71/text'
[DEBUG] 

Request DefaultFullHttpRequest(decodeResult: success, version: HTTP/1.1, content: EmptyByteBufBE)
GET /session/67c054285278ccd4a59a3c8625af4372/element/3961eca5-6228-4bee-bd63-6552bb50ad71/text HTTP/1.1
User-Agent: selenium/4.6.0 (java windows)
Cache-Control: no-cache
Content-Type: application/json; charset=utf-8
host: localhost:44090
accept: */*

Response DefaultHttpResponse(decodeResult: success, version: HTTP/1.1)
HTTP/1.1 200 OK
Content-Type: application/json; charset=utf-8
cache-control: no-cache
content-length: 19

[DEBUG] Adding key: http://localhost:44090 for channel [id: 0xd1d86906, L:/127.0.0.1:54062 - R:localhost/127.0.0.1:44090]
[DEBUG] Using pooled Channel '[id: 0xd1d86906, L:/127.0.0.1:54062 - R:localhost/127.0.0.1:44090]' for 'POST' to 'http://localhost:44090/session/67c054285278ccd4a59a3c8625af4372/elements'
[DEBUG] Using open Channel [id: 0xd1d86906, L:/127.0.0.1:54062 - R:localhost/127.0.0.1:44090] for POST '/session/67c054285278ccd4a59a3c8625af4372/elements'
[DEBUG] 

Request DefaultHttpRequest(decodeResult: success, version: HTTP/1.1)
POST /session/67c054285278ccd4a59a3c8625af4372/elements HTTP/1.1
User-Agent: selenium/4.6.0 (java windows)
Content-Length: 129
Content-Type: application/json; charset=utf-8
host: localhost:44090
accept: */*

Response DefaultHttpResponse(decodeResult: success, version: HTTP/1.1)
HTTP/1.1 200 OK
Content-Type: application/json; charset=utf-8
cache-control: no-cache
content-length: 90

[DEBUG] Adding key: http://localhost:44090 for channel [id: 0xd1d86906, L:/127.0.0.1:54062 - R:localhost/127.0.0.1:44090]
[DEBUG] Using pooled Channel '[id: 0xd1d86906, L:/127.0.0.1:54062 - R:localhost/127.0.0.1:44090]' for 'GET' to 'http://localhost:44090/session/67c054285278ccd4a59a3c8625af4372/element/d8cc36ba-0cd0-4a15-9c3a-eda78c3512ac/text'
[DEBUG] Using open Channel [id: 0xd1d86906, L:/127.0.0.1:54062 - R:localhost/127.0.0.1:44090] for GET '/session/67c054285278ccd4a59a3c8625af4372/element/d8cc36ba-0cd0-4a15-9c3a-eda78c3512ac/text'
[DEBUG] 

Request DefaultFullHttpRequest(decodeResult: success, version: HTTP/1.1, content: EmptyByteBufBE)
GET /session/67c054285278ccd4a59a3c8625af4372/element/d8cc36ba-0cd0-4a15-9c3a-eda78c3512ac/text HTTP/1.1
User-Agent: selenium/4.6.0 (java windows)
Cache-Control: no-cache
Content-Type: application/json; charset=utf-8
host: localhost:44090
accept: */*

Response DefaultHttpResponse(decodeResult: success, version: HTTP/1.1)
HTTP/1.1 200 OK
Content-Type: application/json; charset=utf-8
cache-control: no-cache
content-length: 22

[DEBUG] Adding key: http://localhost:44090 for channel [id: 0xd1d86906, L:/127.0.0.1:54062 - R:localhost/127.0.0.1:44090]
[DEBUG] Using pooled Channel '[id: 0xd1d86906, L:/127.0.0.1:54062 - R:localhost/127.0.0.1:44090]' for 'POST' to 'http://localhost:44090/session/67c054285278ccd4a59a3c8625af4372/elements'
[DEBUG] Using open Channel [id: 0xd1d86906, L:/127.0.0.1:54062 - R:localhost/127.0.0.1:44090] for POST '/session/67c054285278ccd4a59a3c8625af4372/elements'
[DEBUG] 

Request DefaultHttpRequest(decodeResult: success, version: HTTP/1.1)
POST /session/67c054285278ccd4a59a3c8625af4372/elements HTTP/1.1
User-Agent: selenium/4.6.0 (java windows)
Content-Length: 129
Content-Type: application/json; charset=utf-8
host: localhost:44090
accept: */*

Response DefaultHttpResponse(decodeResult: success, version: HTTP/1.1)
HTTP/1.1 200 OK
Content-Type: application/json; charset=utf-8
cache-control: no-cache
content-length: 90

[DEBUG] Adding key: http://localhost:44090 for channel [id: 0xd1d86906, L:/127.0.0.1:54062 - R:localhost/127.0.0.1:44090]
[DEBUG] Using pooled Channel '[id: 0xd1d86906, L:/127.0.0.1:54062 - R:localhost/127.0.0.1:44090]' for 'GET' to 'http://localhost:44090/session/67c054285278ccd4a59a3c8625af4372/element/a176b7a7-eb07-4217-b061-d43ab3dc5654/text'
[DEBUG] Using open Channel [id: 0xd1d86906, L:/127.0.0.1:54062 - R:localhost/127.0.0.1:44090] for GET '/session/67c054285278ccd4a59a3c8625af4372/element/a176b7a7-eb07-4217-b061-d43ab3dc5654/text'
[DEBUG] 

Request DefaultFullHttpRequest(decodeResult: success, version: HTTP/1.1, content: EmptyByteBufBE)
GET /session/67c054285278ccd4a59a3c8625af4372/element/a176b7a7-eb07-4217-b061-d43ab3dc5654/text HTTP/1.1
User-Agent: selenium/4.6.0 (java windows)
Cache-Control: no-cache
Content-Type: application/json; charset=utf-8
host: localhost:44090
accept: */*

Response DefaultHttpResponse(decodeResult: success, version: HTTP/1.1)
HTTP/1.1 200 OK
Content-Type: application/json; charset=utf-8
cache-control: no-cache
content-length: 26

[DEBUG] Adding key: http://localhost:44090 for channel [id: 0xd1d86906, L:/127.0.0.1:54062 - R:localhost/127.0.0.1:44090]
[DEBUG] Using pooled Channel '[id: 0xd1d86906, L:/127.0.0.1:54062 - R:localhost/127.0.0.1:44090]' for 'POST' to 'http://localhost:44090/session/67c054285278ccd4a59a3c8625af4372/element'
[DEBUG] Using open Channel [id: 0xd1d86906, L:/127.0.0.1:54062 - R:localhost/127.0.0.1:44090] for POST '/session/67c054285278ccd4a59a3c8625af4372/element'
[DEBUG] 

Request DefaultHttpRequest(decodeResult: success, version: HTTP/1.1)
POST /session/67c054285278ccd4a59a3c8625af4372/element HTTP/1.1
User-Agent: selenium/4.6.0 (java windows)
Content-Length: 129
Content-Type: application/json; charset=utf-8
host: localhost:44090
accept: */*

Response DefaultHttpResponse(decodeResult: success, version: HTTP/1.1)
HTTP/1.1 200 OK
Content-Type: application/json; charset=utf-8
cache-control: no-cache
content-length: 88

[DEBUG] Adding key: http://localhost:44090 for channel [id: 0xd1d86906, L:/127.0.0.1:54062 - R:localhost/127.0.0.1:44090]
[DEBUG] Using pooled Channel '[id: 0xd1d86906, L:/127.0.0.1:54062 - R:localhost/127.0.0.1:44090]' for 'GET' to 'http://localhost:44090/session/67c054285278ccd4a59a3c8625af4372/element/b79816fa-8190-4bd4-8748-b02ee7c2ec10/text'
[DEBUG] Using open Channel [id: 0xd1d86906, L:/127.0.0.1:54062 - R:localhost/127.0.0.1:44090] for GET '/session/67c054285278ccd4a59a3c8625af4372/element/b79816fa-8190-4bd4-8748-b02ee7c2ec10/text'
[DEBUG] 

Request DefaultFullHttpRequest(decodeResult: success, version: HTTP/1.1, content: EmptyByteBufBE)
GET /session/67c054285278ccd4a59a3c8625af4372/element/b79816fa-8190-4bd4-8748-b02ee7c2ec10/text HTTP/1.1
User-Agent: selenium/4.6.0 (java windows)
Cache-Control: no-cache
Content-Type: application/json; charset=utf-8
host: localhost:44090
accept: */*

Response DefaultHttpResponse(decodeResult: success, version: HTTP/1.1)
HTTP/1.1 200 OK
Content-Type: application/json; charset=utf-8
cache-control: no-cache
content-length: 28

[DEBUG] Adding key: http://localhost:44090 for channel [id: 0xd1d86906, L:/127.0.0.1:54062 - R:localhost/127.0.0.1:44090]
[DEBUG] Using pooled Channel '[id: 0xd1d86906, L:/127.0.0.1:54062 - R:localhost/127.0.0.1:44090]' for 'POST' to 'http://localhost:44090/session/67c054285278ccd4a59a3c8625af4372/element'
[DEBUG] Using open Channel [id: 0xd1d86906, L:/127.0.0.1:54062 - R:localhost/127.0.0.1:44090] for POST '/session/67c054285278ccd4a59a3c8625af4372/element'
[DEBUG] 

Request DefaultHttpRequest(decodeResult: success, version: HTTP/1.1)
POST /session/67c054285278ccd4a59a3c8625af4372/element HTTP/1.1
User-Agent: selenium/4.6.0 (java windows)
Content-Length: 129
Content-Type: application/json; charset=utf-8
host: localhost:44090
accept: */*

Response DefaultHttpResponse(decodeResult: success, version: HTTP/1.1)
HTTP/1.1 200 OK
Content-Type: application/json; charset=utf-8
cache-control: no-cache
content-length: 88

[DEBUG] Adding key: http://localhost:44090 for channel [id: 0xd1d86906, L:/127.0.0.1:54062 - R:localhost/127.0.0.1:44090]
[DEBUG] Using pooled Channel '[id: 0xd1d86906, L:/127.0.0.1:54062 - R:localhost/127.0.0.1:44090]' for 'GET' to 'http://localhost:44090/session/67c054285278ccd4a59a3c8625af4372/element/15772955-fe1d-46d1-895c-2f2fb8ad086a/text'
[DEBUG] Using open Channel [id: 0xd1d86906, L:/127.0.0.1:54062 - R:localhost/127.0.0.1:44090] for GET '/session/67c054285278ccd4a59a3c8625af4372/element/15772955-fe1d-46d1-895c-2f2fb8ad086a/text'
[DEBUG] 

Request DefaultFullHttpRequest(decodeResult: success, version: HTTP/1.1, content: EmptyByteBufBE)
GET /session/67c054285278ccd4a59a3c8625af4372/element/15772955-fe1d-46d1-895c-2f2fb8ad086a/text HTTP/1.1
User-Agent: selenium/4.6.0 (java windows)
Cache-Control: no-cache
Content-Type: application/json; charset=utf-8
host: localhost:44090
accept: */*

Response DefaultHttpResponse(decodeResult: success, version: HTTP/1.1)
HTTP/1.1 200 OK
Content-Type: application/json; charset=utf-8
cache-control: no-cache
content-length: 28

[DEBUG] Adding key: http://localhost:44090 for channel [id: 0xd1d86906, L:/127.0.0.1:54062 - R:localhost/127.0.0.1:44090]
[DEBUG] Using pooled Channel '[id: 0xd1d86906, L:/127.0.0.1:54062 - R:localhost/127.0.0.1:44090]' for 'POST' to 'http://localhost:44090/session/67c054285278ccd4a59a3c8625af4372/element'
[DEBUG] Using open Channel [id: 0xd1d86906, L:/127.0.0.1:54062 - R:localhost/127.0.0.1:44090] for POST '/session/67c054285278ccd4a59a3c8625af4372/element'
[DEBUG] 

Request DefaultHttpRequest(decodeResult: success, version: HTTP/1.1)
POST /session/67c054285278ccd4a59a3c8625af4372/element HTTP/1.1
User-Agent: selenium/4.6.0 (java windows)
Content-Length: 129
Content-Type: application/json; charset=utf-8
host: localhost:44090
accept: */*

Response DefaultHttpResponse(decodeResult: success, version: HTTP/1.1)
HTTP/1.1 200 OK
Content-Type: application/json; charset=utf-8
cache-control: no-cache
content-length: 88

[DEBUG] Adding key: http://localhost:44090 for channel [id: 0xd1d86906, L:/127.0.0.1:54062 - R:localhost/127.0.0.1:44090]
[DEBUG] Using pooled Channel '[id: 0xd1d86906, L:/127.0.0.1:54062 - R:localhost/127.0.0.1:44090]' for 'GET' to 'http://localhost:44090/session/67c054285278ccd4a59a3c8625af4372/element/24109083-bde5-4866-9fd9-66a695eed5e6/text'
[DEBUG] Using open Channel [id: 0xd1d86906, L:/127.0.0.1:54062 - R:localhost/127.0.0.1:44090] for GET '/session/67c054285278ccd4a59a3c8625af4372/element/24109083-bde5-4866-9fd9-66a695eed5e6/text'
[DEBUG] 

Request DefaultFullHttpRequest(decodeResult: success, version: HTTP/1.1, content: EmptyByteBufBE)
GET /session/67c054285278ccd4a59a3c8625af4372/element/24109083-bde5-4866-9fd9-66a695eed5e6/text HTTP/1.1
User-Agent: selenium/4.6.0 (java windows)
Cache-Control: no-cache
Content-Type: application/json; charset=utf-8
host: localhost:44090
accept: */*

Response DefaultHttpResponse(decodeResult: success, version: HTTP/1.1)
HTTP/1.1 200 OK
Content-Type: application/json; charset=utf-8
cache-control: no-cache
content-length: 28

[DEBUG] Adding key: http://localhost:44090 for channel [id: 0xd1d86906, L:/127.0.0.1:54062 - R:localhost/127.0.0.1:44090]
[DEBUG] Using pooled Channel '[id: 0xd1d86906, L:/127.0.0.1:54062 - R:localhost/127.0.0.1:44090]' for 'POST' to 'http://localhost:44090/session/67c054285278ccd4a59a3c8625af4372/element'
[DEBUG] Using open Channel [id: 0xd1d86906, L:/127.0.0.1:54062 - R:localhost/127.0.0.1:44090] for POST '/session/67c054285278ccd4a59a3c8625af4372/element'
[DEBUG] 

Request DefaultHttpRequest(decodeResult: success, version: HTTP/1.1)
POST /session/67c054285278ccd4a59a3c8625af4372/element HTTP/1.1
User-Agent: selenium/4.6.0 (java windows)
Content-Length: 129
Content-Type: application/json; charset=utf-8
host: localhost:44090
accept: */*

Response DefaultHttpResponse(decodeResult: success, version: HTTP/1.1)
HTTP/1.1 200 OK
Content-Type: application/json; charset=utf-8
cache-control: no-cache
content-length: 88

[DEBUG] Adding key: http://localhost:44090 for channel [id: 0xd1d86906, L:/127.0.0.1:54062 - R:localhost/127.0.0.1:44090]
[DEBUG] Using pooled Channel '[id: 0xd1d86906, L:/127.0.0.1:54062 - R:localhost/127.0.0.1:44090]' for 'GET' to 'http://localhost:44090/session/67c054285278ccd4a59a3c8625af4372/element/2128cc37-ebf2-4cb8-89ad-66250b90cbea/text'
[DEBUG] Using open Channel [id: 0xd1d86906, L:/127.0.0.1:54062 - R:localhost/127.0.0.1:44090] for GET '/session/67c054285278ccd4a59a3c8625af4372/element/2128cc37-ebf2-4cb8-89ad-66250b90cbea/text'
[DEBUG] 

Request DefaultFullHttpRequest(decodeResult: success, version: HTTP/1.1, content: EmptyByteBufBE)
GET /session/67c054285278ccd4a59a3c8625af4372/element/2128cc37-ebf2-4cb8-89ad-66250b90cbea/text HTTP/1.1
User-Agent: selenium/4.6.0 (java windows)
Cache-Control: no-cache
Content-Type: application/json; charset=utf-8
host: localhost:44090
accept: */*

Response DefaultHttpResponse(decodeResult: success, version: HTTP/1.1)
HTTP/1.1 200 OK
Content-Type: application/json; charset=utf-8
cache-control: no-cache
content-length: 28

[DEBUG] Adding key: http://localhost:44090 for channel [id: 0xd1d86906, L:/127.0.0.1:54062 - R:localhost/127.0.0.1:44090]
[DEBUG] Using pooled Channel '[id: 0xd1d86906, L:/127.0.0.1:54062 - R:localhost/127.0.0.1:44090]' for 'POST' to 'http://localhost:44090/session/67c054285278ccd4a59a3c8625af4372/element'
[DEBUG] Using open Channel [id: 0xd1d86906, L:/127.0.0.1:54062 - R:localhost/127.0.0.1:44090] for POST '/session/67c054285278ccd4a59a3c8625af4372/element'
[DEBUG] 

Request DefaultHttpRequest(decodeResult: success, version: HTTP/1.1)
POST /session/67c054285278ccd4a59a3c8625af4372/element HTTP/1.1
User-Agent: selenium/4.6.0 (java windows)
Content-Length: 129
Content-Type: application/json; charset=utf-8
host: localhost:44090
accept: */*

Response DefaultHttpResponse(decodeResult: success, version: HTTP/1.1)
HTTP/1.1 200 OK
Content-Type: application/json; charset=utf-8
cache-control: no-cache
content-length: 88

[DEBUG] Adding key: http://localhost:44090 for channel [id: 0xd1d86906, L:/127.0.0.1:54062 - R:localhost/127.0.0.1:44090]
[DEBUG] Using pooled Channel '[id: 0xd1d86906, L:/127.0.0.1:54062 - R:localhost/127.0.0.1:44090]' for 'GET' to 'http://localhost:44090/session/67c054285278ccd4a59a3c8625af4372/element/5e1b1fbd-9916-43bd-9cd3-70e4c8e9bdb1/text'
[DEBUG] Using open Channel [id: 0xd1d86906, L:/127.0.0.1:54062 - R:localhost/127.0.0.1:44090] for GET '/session/67c054285278ccd4a59a3c8625af4372/element/5e1b1fbd-9916-43bd-9cd3-70e4c8e9bdb1/text'
[DEBUG] 

Request DefaultFullHttpRequest(decodeResult: success, version: HTTP/1.1, content: EmptyByteBufBE)
GET /session/67c054285278ccd4a59a3c8625af4372/element/5e1b1fbd-9916-43bd-9cd3-70e4c8e9bdb1/text HTTP/1.1
User-Agent: selenium/4.6.0 (java windows)
Cache-Control: no-cache
Content-Type: application/json; charset=utf-8
host: localhost:44090
accept: */*

Response DefaultHttpResponse(decodeResult: success, version: HTTP/1.1)
HTTP/1.1 200 OK
Content-Type: application/json; charset=utf-8
cache-control: no-cache
content-length: 28

[DEBUG] Adding key: http://localhost:44090 for channel [id: 0xd1d86906, L:/127.0.0.1:54062 - R:localhost/127.0.0.1:44090]
[DEBUG] Using pooled Channel '[id: 0xd1d86906, L:/127.0.0.1:54062 - R:localhost/127.0.0.1:44090]' for 'POST' to 'http://localhost:44090/session/67c054285278ccd4a59a3c8625af4372/element'
[DEBUG] Using open Channel [id: 0xd1d86906, L:/127.0.0.1:54062 - R:localhost/127.0.0.1:44090] for POST '/session/67c054285278ccd4a59a3c8625af4372/element'
[DEBUG] 

Request DefaultHttpRequest(decodeResult: success, version: HTTP/1.1)
POST /session/67c054285278ccd4a59a3c8625af4372/element HTTP/1.1
User-Agent: selenium/4.6.0 (java windows)
Content-Length: 129
Content-Type: application/json; charset=utf-8
host: localhost:44090
accept: */*

Response DefaultHttpResponse(decodeResult: success, version: HTTP/1.1)
HTTP/1.1 200 OK
Content-Type: application/json; charset=utf-8
cache-control: no-cache
content-length: 88

[DEBUG] Adding key: http://localhost:44090 for channel [id: 0xd1d86906, L:/127.0.0.1:54062 - R:localhost/127.0.0.1:44090]
[DEBUG] Using pooled Channel '[id: 0xd1d86906, L:/127.0.0.1:54062 - R:localhost/127.0.0.1:44090]' for 'GET' to 'http://localhost:44090/session/67c054285278ccd4a59a3c8625af4372/element/ca7f7f7c-83ed-46e3-ae88-7bf1b4603513/text'
[DEBUG] Using open Channel [id: 0xd1d86906, L:/127.0.0.1:54062 - R:localhost/127.0.0.1:44090] for GET '/session/67c054285278ccd4a59a3c8625af4372/element/ca7f7f7c-83ed-46e3-ae88-7bf1b4603513/text'
[DEBUG] 

Request DefaultFullHttpRequest(decodeResult: success, version: HTTP/1.1, content: EmptyByteBufBE)
GET /session/67c054285278ccd4a59a3c8625af4372/element/ca7f7f7c-83ed-46e3-ae88-7bf1b4603513/text HTTP/1.1
User-Agent: selenium/4.6.0 (java windows)
Cache-Control: no-cache
Content-Type: application/json; charset=utf-8
host: localhost:44090
accept: */*

Response DefaultHttpResponse(decodeResult: success, version: HTTP/1.1)
HTTP/1.1 200 OK
Content-Type: application/json; charset=utf-8
cache-control: no-cache
content-length: 28

[DEBUG] Adding key: http://localhost:44090 for channel [id: 0xd1d86906, L:/127.0.0.1:54062 - R:localhost/127.0.0.1:44090]
[DEBUG] Using pooled Channel '[id: 0xd1d86906, L:/127.0.0.1:54062 - R:localhost/127.0.0.1:44090]' for 'POST' to 'http://localhost:44090/session/67c054285278ccd4a59a3c8625af4372/element'
[DEBUG] Using open Channel [id: 0xd1d86906, L:/127.0.0.1:54062 - R:localhost/127.0.0.1:44090] for POST '/session/67c054285278ccd4a59a3c8625af4372/element'
[DEBUG] 

Request DefaultHttpRequest(decodeResult: success, version: HTTP/1.1)
POST /session/67c054285278ccd4a59a3c8625af4372/element HTTP/1.1
User-Agent: selenium/4.6.0 (java windows)
Content-Length: 129
Content-Type: application/json; charset=utf-8
host: localhost:44090
accept: */*

Response DefaultHttpResponse(decodeResult: success, version: HTTP/1.1)
HTTP/1.1 200 OK
Content-Type: application/json; charset=utf-8
cache-control: no-cache
content-length: 88

[DEBUG] Adding key: http://localhost:44090 for channel [id: 0xd1d86906, L:/127.0.0.1:54062 - R:localhost/127.0.0.1:44090]
[DEBUG] Using pooled Channel '[id: 0xd1d86906, L:/127.0.0.1:54062 - R:localhost/127.0.0.1:44090]' for 'GET' to 'http://localhost:44090/session/67c054285278ccd4a59a3c8625af4372/element/e13cb251-5d47-4b3c-a575-ba811e47d14b/text'
[DEBUG] Using open Channel [id: 0xd1d86906, L:/127.0.0.1:54062 - R:localhost/127.0.0.1:44090] for GET '/session/67c054285278ccd4a59a3c8625af4372/element/e13cb251-5d47-4b3c-a575-ba811e47d14b/text'
[DEBUG] 

Request DefaultFullHttpRequest(decodeResult: success, version: HTTP/1.1, content: EmptyByteBufBE)
GET /session/67c054285278ccd4a59a3c8625af4372/element/e13cb251-5d47-4b3c-a575-ba811e47d14b/text HTTP/1.1
User-Agent: selenium/4.6.0 (java windows)
Cache-Control: no-cache
Content-Type: application/json; charset=utf-8
host: localhost:44090
accept: */*

Response DefaultHttpResponse(decodeResult: success, version: HTTP/1.1)
HTTP/1.1 200 OK
Content-Type: application/json; charset=utf-8
cache-control: no-cache
content-length: 26

[DEBUG] Adding key: http://localhost:44090 for channel [id: 0xd1d86906, L:/127.0.0.1:54062 - R:localhost/127.0.0.1:44090]
[DEBUG] Using pooled Channel '[id: 0xd1d86906, L:/127.0.0.1:54062 - R:localhost/127.0.0.1:44090]' for 'POST' to 'http://localhost:44090/session/67c054285278ccd4a59a3c8625af4372/elements'
[DEBUG] Using open Channel [id: 0xd1d86906, L:/127.0.0.1:54062 - R:localhost/127.0.0.1:44090] for POST '/session/67c054285278ccd4a59a3c8625af4372/elements'
[DEBUG] 

Request DefaultHttpRequest(decodeResult: success, version: HTTP/1.1)
POST /session/67c054285278ccd4a59a3c8625af4372/elements HTTP/1.1
User-Agent: selenium/4.6.0 (java windows)
Content-Length: 129
Content-Type: application/json; charset=utf-8
host: localhost:44090
accept: */*

Response DefaultHttpResponse(decodeResult: success, version: HTTP/1.1)
HTTP/1.1 200 OK
Content-Type: application/json; charset=utf-8
cache-control: no-cache
content-length: 90

[DEBUG] Adding key: http://localhost:44090 for channel [id: 0xd1d86906, L:/127.0.0.1:54062 - R:localhost/127.0.0.1:44090]
[DEBUG] Using pooled Channel '[id: 0xd1d86906, L:/127.0.0.1:54062 - R:localhost/127.0.0.1:44090]' for 'GET' to 'http://localhost:44090/session/67c054285278ccd4a59a3c8625af4372/element/6da3655e-2492-443c-9031-68435183aae7/text'
[DEBUG] Using open Channel [id: 0xd1d86906, L:/127.0.0.1:54062 - R:localhost/127.0.0.1:44090] for GET '/session/67c054285278ccd4a59a3c8625af4372/element/6da3655e-2492-443c-9031-68435183aae7/text'
[DEBUG] 

Request DefaultFullHttpRequest(decodeResult: success, version: HTTP/1.1, content: EmptyByteBufBE)
GET /session/67c054285278ccd4a59a3c8625af4372/element/6da3655e-2492-443c-9031-68435183aae7/text HTTP/1.1
User-Agent: selenium/4.6.0 (java windows)
Cache-Control: no-cache
Content-Type: application/json; charset=utf-8
host: localhost:44090
accept: */*

Response DefaultHttpResponse(decodeResult: success, version: HTTP/1.1)
HTTP/1.1 200 OK
Content-Type: application/json; charset=utf-8
cache-control: no-cache
content-length: 23

[DEBUG] Adding key: http://localhost:44090 for channel [id: 0xd1d86906, L:/127.0.0.1:54062 - R:localhost/127.0.0.1:44090]
[DEBUG] Using pooled Channel '[id: 0xd1d86906, L:/127.0.0.1:54062 - R:localhost/127.0.0.1:44090]' for 'POST' to 'http://localhost:44090/session/67c054285278ccd4a59a3c8625af4372/elements'
[DEBUG] Using open Channel [id: 0xd1d86906, L:/127.0.0.1:54062 - R:localhost/127.0.0.1:44090] for POST '/session/67c054285278ccd4a59a3c8625af4372/elements'
[DEBUG] Entry count for : http://localhost:54065 : 1
[DEBUG] 

Request DefaultHttpRequest(decodeResult: success, version: HTTP/1.1)
POST /session/67c054285278ccd4a59a3c8625af4372/elements HTTP/1.1
User-Agent: selenium/4.6.0 (java windows)
Content-Length: 129
Content-Type: application/json; charset=utf-8
host: localhost:44090
accept: */*

Response DefaultHttpResponse(decodeResult: success, version: HTTP/1.1)
HTTP/1.1 200 OK
Content-Type: application/json; charset=utf-8
cache-control: no-cache
content-length: 90

[DEBUG] Adding key: http://localhost:44090 for channel [id: 0xd1d86906, L:/127.0.0.1:54062 - R:localhost/127.0.0.1:44090]
[DEBUG] Using pooled Channel '[id: 0xd1d86906, L:/127.0.0.1:54062 - R:localhost/127.0.0.1:44090]' for 'GET' to 'http://localhost:44090/session/67c054285278ccd4a59a3c8625af4372/element/2d8c54b3-0144-46c4-a189-92360aa54c42/text'
[DEBUG] Using open Channel [id: 0xd1d86906, L:/127.0.0.1:54062 - R:localhost/127.0.0.1:44090] for GET '/session/67c054285278ccd4a59a3c8625af4372/element/2d8c54b3-0144-46c4-a189-92360aa54c42/text'
[DEBUG] 

Request DefaultFullHttpRequest(decodeResult: success, version: HTTP/1.1, content: EmptyByteBufBE)
GET /session/67c054285278ccd4a59a3c8625af4372/element/2d8c54b3-0144-46c4-a189-92360aa54c42/text HTTP/1.1
User-Agent: selenium/4.6.0 (java windows)
Cache-Control: no-cache
Content-Type: application/json; charset=utf-8
host: localhost:44090
accept: */*

Response DefaultHttpResponse(decodeResult: success, version: HTTP/1.1)
HTTP/1.1 200 OK
Content-Type: application/json; charset=utf-8
cache-control: no-cache
content-length: 18

[DEBUG] Adding key: http://localhost:44090 for channel [id: 0xd1d86906, L:/127.0.0.1:54062 - R:localhost/127.0.0.1:44090]
[DEBUG] Using pooled Channel '[id: 0xd1d86906, L:/127.0.0.1:54062 - R:localhost/127.0.0.1:44090]' for 'POST' to 'http://localhost:44090/session/67c054285278ccd4a59a3c8625af4372/elements'
[DEBUG] Using open Channel [id: 0xd1d86906, L:/127.0.0.1:54062 - R:localhost/127.0.0.1:44090] for POST '/session/67c054285278ccd4a59a3c8625af4372/elements'
[DEBUG] 

Request DefaultHttpRequest(decodeResult: success, version: HTTP/1.1)
POST /session/67c054285278ccd4a59a3c8625af4372/elements HTTP/1.1
User-Agent: selenium/4.6.0 (java windows)
Content-Length: 129
Content-Type: application/json; charset=utf-8
host: localhost:44090
accept: */*

Response DefaultHttpResponse(decodeResult: success, version: HTTP/1.1)
HTTP/1.1 200 OK
Content-Type: application/json; charset=utf-8
cache-control: no-cache
content-length: 90

[DEBUG] Adding key: http://localhost:44090 for channel [id: 0xd1d86906, L:/127.0.0.1:54062 - R:localhost/127.0.0.1:44090]
[DEBUG] Using pooled Channel '[id: 0xd1d86906, L:/127.0.0.1:54062 - R:localhost/127.0.0.1:44090]' for 'GET' to 'http://localhost:44090/session/67c054285278ccd4a59a3c8625af4372/element/44945b0d-746f-4eb2-872a-da7ebf1f43a4/text'
[DEBUG] Using open Channel [id: 0xd1d86906, L:/127.0.0.1:54062 - R:localhost/127.0.0.1:44090] for GET '/session/67c054285278ccd4a59a3c8625af4372/element/44945b0d-746f-4eb2-872a-da7ebf1f43a4/text'
[DEBUG] 

Request DefaultFullHttpRequest(decodeResult: success, version: HTTP/1.1, content: EmptyByteBufBE)
GET /session/67c054285278ccd4a59a3c8625af4372/element/44945b0d-746f-4eb2-872a-da7ebf1f43a4/text HTTP/1.1
User-Agent: selenium/4.6.0 (java windows)
Cache-Control: no-cache
Content-Type: application/json; charset=utf-8
host: localhost:44090
accept: */*

Response DefaultHttpResponse(decodeResult: success, version: HTTP/1.1)
HTTP/1.1 200 OK
Content-Type: application/json; charset=utf-8
cache-control: no-cache
content-length: 27

[DEBUG] Adding key: http://localhost:44090 for channel [id: 0xd1d86906, L:/127.0.0.1:54062 - R:localhost/127.0.0.1:44090]
[DEBUG] Using pooled Channel '[id: 0xd1d86906, L:/127.0.0.1:54062 - R:localhost/127.0.0.1:44090]' for 'POST' to 'http://localhost:44090/session/67c054285278ccd4a59a3c8625af4372/elements'
[DEBUG] Using open Channel [id: 0xd1d86906, L:/127.0.0.1:54062 - R:localhost/127.0.0.1:44090] for POST '/session/67c054285278ccd4a59a3c8625af4372/elements'
[DEBUG] 

Request DefaultHttpRequest(decodeResult: success, version: HTTP/1.1)
POST /session/67c054285278ccd4a59a3c8625af4372/elements HTTP/1.1
User-Agent: selenium/4.6.0 (java windows)
Content-Length: 129
Content-Type: application/json; charset=utf-8
host: localhost:44090
accept: */*

Response DefaultHttpResponse(decodeResult: success, version: HTTP/1.1)
HTTP/1.1 200 OK
Content-Type: application/json; charset=utf-8
cache-control: no-cache
content-length: 90

[DEBUG] Adding key: http://localhost:44090 for channel [id: 0xd1d86906, L:/127.0.0.1:54062 - R:localhost/127.0.0.1:44090]
[DEBUG] Using pooled Channel '[id: 0xd1d86906, L:/127.0.0.1:54062 - R:localhost/127.0.0.1:44090]' for 'GET' to 'http://localhost:44090/session/67c054285278ccd4a59a3c8625af4372/element/e13cb251-5d47-4b3c-a575-ba811e47d14b/text'
[DEBUG] Using open Channel [id: 0xd1d86906, L:/127.0.0.1:54062 - R:localhost/127.0.0.1:44090] for GET '/session/67c054285278ccd4a59a3c8625af4372/element/e13cb251-5d47-4b3c-a575-ba811e47d14b/text'
[DEBUG] 

Request DefaultFullHttpRequest(decodeResult: success, version: HTTP/1.1, content: EmptyByteBufBE)
GET /session/67c054285278ccd4a59a3c8625af4372/element/e13cb251-5d47-4b3c-a575-ba811e47d14b/text HTTP/1.1
User-Agent: selenium/4.6.0 (java windows)
Cache-Control: no-cache
Content-Type: application/json; charset=utf-8
host: localhost:44090
accept: */*

Response DefaultHttpResponse(decodeResult: success, version: HTTP/1.1)
HTTP/1.1 200 OK
Content-Type: application/json; charset=utf-8
cache-control: no-cache
content-length: 26

[DEBUG] Adding key: http://localhost:44090 for channel [id: 0xd1d86906, L:/127.0.0.1:54062 - R:localhost/127.0.0.1:44090]
[DEBUG] Using pooled Channel '[id: 0xd1d86906, L:/127.0.0.1:54062 - R:localhost/127.0.0.1:44090]' for 'POST' to 'http://localhost:44090/session/67c054285278ccd4a59a3c8625af4372/element'
[DEBUG] Using open Channel [id: 0xd1d86906, L:/127.0.0.1:54062 - R:localhost/127.0.0.1:44090] for POST '/session/67c054285278ccd4a59a3c8625af4372/element'
[DEBUG] 

Request DefaultHttpRequest(decodeResult: success, version: HTTP/1.1)
POST /session/67c054285278ccd4a59a3c8625af4372/element HTTP/1.1
User-Agent: selenium/4.6.0 (java windows)
Content-Length: 129
Content-Type: application/json; charset=utf-8
host: localhost:44090
accept: */*

Response DefaultHttpResponse(decodeResult: success, version: HTTP/1.1)
HTTP/1.1 200 OK
Content-Type: application/json; charset=utf-8
cache-control: no-cache
content-length: 88

[DEBUG] Adding key: http://localhost:44090 for channel [id: 0xd1d86906, L:/127.0.0.1:54062 - R:localhost/127.0.0.1:44090]
[DEBUG] Using pooled Channel '[id: 0xd1d86906, L:/127.0.0.1:54062 - R:localhost/127.0.0.1:44090]' for 'GET' to 'http://localhost:44090/session/67c054285278ccd4a59a3c8625af4372/element/a7c7f7a8-a904-455b-b00b-3872813bc57f/text'
[DEBUG] Using open Channel [id: 0xd1d86906, L:/127.0.0.1:54062 - R:localhost/127.0.0.1:44090] for GET '/session/67c054285278ccd4a59a3c8625af4372/element/a7c7f7a8-a904-455b-b00b-3872813bc57f/text'
[DEBUG] 

Request DefaultFullHttpRequest(decodeResult: success, version: HTTP/1.1, content: EmptyByteBufBE)
GET /session/67c054285278ccd4a59a3c8625af4372/element/a7c7f7a8-a904-455b-b00b-3872813bc57f/text HTTP/1.1
User-Agent: selenium/4.6.0 (java windows)
Cache-Control: no-cache
Content-Type: application/json; charset=utf-8
host: localhost:44090
accept: */*

Response DefaultHttpResponse(decodeResult: success, version: HTTP/1.1)
HTTP/1.1 200 OK
Content-Type: application/json; charset=utf-8
cache-control: no-cache
content-length: 26

[DEBUG] Adding key: http://localhost:44090 for channel [id: 0xd1d86906, L:/127.0.0.1:54062 - R:localhost/127.0.0.1:44090]
[DEBUG] Using pooled Channel '[id: 0xd1d86906, L:/127.0.0.1:54062 - R:localhost/127.0.0.1:44090]' for 'POST' to 'http://localhost:44090/session/67c054285278ccd4a59a3c8625af4372/elements'
[DEBUG] Using open Channel [id: 0xd1d86906, L:/127.0.0.1:54062 - R:localhost/127.0.0.1:44090] for POST '/session/67c054285278ccd4a59a3c8625af4372/elements'
[DEBUG] 

Request DefaultHttpRequest(decodeResult: success, version: HTTP/1.1)
POST /session/67c054285278ccd4a59a3c8625af4372/elements HTTP/1.1
User-Agent: selenium/4.6.0 (java windows)
Content-Length: 129
Content-Type: application/json; charset=utf-8
host: localhost:44090
accept: */*

Response DefaultHttpResponse(decodeResult: success, version: HTTP/1.1)
HTTP/1.1 200 OK
Content-Type: application/json; charset=utf-8
cache-control: no-cache
content-length: 90

[DEBUG] Adding key: http://localhost:44090 for channel [id: 0xd1d86906, L:/127.0.0.1:54062 - R:localhost/127.0.0.1:44090]
[DEBUG] Using pooled Channel '[id: 0xd1d86906, L:/127.0.0.1:54062 - R:localhost/127.0.0.1:44090]' for 'GET' to 'http://localhost:44090/session/67c054285278ccd4a59a3c8625af4372/element/6e0214ca-3b95-4b77-81b6-aebf9f84a937/text'
[DEBUG] Using open Channel [id: 0xd1d86906, L:/127.0.0.1:54062 - R:localhost/127.0.0.1:44090] for GET '/session/67c054285278ccd4a59a3c8625af4372/element/6e0214ca-3b95-4b77-81b6-aebf9f84a937/text'
[DEBUG] 

Request DefaultFullHttpRequest(decodeResult: success, version: HTTP/1.1, content: EmptyByteBufBE)
GET /session/67c054285278ccd4a59a3c8625af4372/element/6e0214ca-3b95-4b77-81b6-aebf9f84a937/text HTTP/1.1
User-Agent: selenium/4.6.0 (java windows)
Cache-Control: no-cache
Content-Type: application/json; charset=utf-8
host: localhost:44090
accept: */*

Response DefaultHttpResponse(decodeResult: success, version: HTTP/1.1)
HTTP/1.1 200 OK
Content-Type: application/json; charset=utf-8
cache-control: no-cache
content-length: 23

[DEBUG] Adding key: http://localhost:44090 for channel [id: 0xd1d86906, L:/127.0.0.1:54062 - R:localhost/127.0.0.1:44090]
[DEBUG] Using pooled Channel '[id: 0xd1d86906, L:/127.0.0.1:54062 - R:localhost/127.0.0.1:44090]' for 'POST' to 'http://localhost:44090/session/67c054285278ccd4a59a3c8625af4372/elements'
[DEBUG] Using open Channel [id: 0xd1d86906, L:/127.0.0.1:54062 - R:localhost/127.0.0.1:44090] for POST '/session/67c054285278ccd4a59a3c8625af4372/elements'
[DEBUG] 

Request DefaultHttpRequest(decodeResult: success, version: HTTP/1.1)
POST /session/67c054285278ccd4a59a3c8625af4372/elements HTTP/1.1
User-Agent: selenium/4.6.0 (java windows)
Content-Length: 129
Content-Type: application/json; charset=utf-8
host: localhost:44090
accept: */*

Response DefaultHttpResponse(decodeResult: success, version: HTTP/1.1)
HTTP/1.1 200 OK
Content-Type: application/json; charset=utf-8
cache-control: no-cache
content-length: 90

[DEBUG] Adding key: http://localhost:44090 for channel [id: 0xd1d86906, L:/127.0.0.1:54062 - R:localhost/127.0.0.1:44090]
[DEBUG] Using pooled Channel '[id: 0xd1d86906, L:/127.0.0.1:54062 - R:localhost/127.0.0.1:44090]' for 'GET' to 'http://localhost:44090/session/67c054285278ccd4a59a3c8625af4372/element/37dad418-bf54-40a8-8032-4257ecac4267/text'
[DEBUG] Using open Channel [id: 0xd1d86906, L:/127.0.0.1:54062 - R:localhost/127.0.0.1:44090] for GET '/session/67c054285278ccd4a59a3c8625af4372/element/37dad418-bf54-40a8-8032-4257ecac4267/text'
[DEBUG] 

Request DefaultFullHttpRequest(decodeResult: success, version: HTTP/1.1, content: EmptyByteBufBE)
GET /session/67c054285278ccd4a59a3c8625af4372/element/37dad418-bf54-40a8-8032-4257ecac4267/text HTTP/1.1
User-Agent: selenium/4.6.0 (java windows)
Cache-Control: no-cache
Content-Type: application/json; charset=utf-8
host: localhost:44090
accept: */*

Response DefaultHttpResponse(decodeResult: success, version: HTTP/1.1)
HTTP/1.1 200 OK
Content-Type: application/json; charset=utf-8
cache-control: no-cache
content-length: 18

[DEBUG] Adding key: http://localhost:44090 for channel [id: 0xd1d86906, L:/127.0.0.1:54062 - R:localhost/127.0.0.1:44090]
[DEBUG] Using pooled Channel '[id: 0xd1d86906, L:/127.0.0.1:54062 - R:localhost/127.0.0.1:44090]' for 'POST' to 'http://localhost:44090/session/67c054285278ccd4a59a3c8625af4372/elements'
[DEBUG] Using open Channel [id: 0xd1d86906, L:/127.0.0.1:54062 - R:localhost/127.0.0.1:44090] for POST '/session/67c054285278ccd4a59a3c8625af4372/elements'
[DEBUG] 

Request DefaultHttpRequest(decodeResult: success, version: HTTP/1.1)
POST /session/67c054285278ccd4a59a3c8625af4372/elements HTTP/1.1
User-Agent: selenium/4.6.0 (java windows)
Content-Length: 129
Content-Type: application/json; charset=utf-8
host: localhost:44090
accept: */*

Response DefaultHttpResponse(decodeResult: success, version: HTTP/1.1)
HTTP/1.1 200 OK
Content-Type: application/json; charset=utf-8
cache-control: no-cache
content-length: 90

[DEBUG] Adding key: http://localhost:44090 for channel [id: 0xd1d86906, L:/127.0.0.1:54062 - R:localhost/127.0.0.1:44090]
[DEBUG] Using pooled Channel '[id: 0xd1d86906, L:/127.0.0.1:54062 - R:localhost/127.0.0.1:44090]' for 'GET' to 'http://localhost:44090/session/67c054285278ccd4a59a3c8625af4372/element/00278a51-16ec-47e8-b44b-c8ee53ddbc0a/text'
[DEBUG] Using open Channel [id: 0xd1d86906, L:/127.0.0.1:54062 - R:localhost/127.0.0.1:44090] for GET '/session/67c054285278ccd4a59a3c8625af4372/element/00278a51-16ec-47e8-b44b-c8ee53ddbc0a/text'
[DEBUG] 

Request DefaultFullHttpRequest(decodeResult: success, version: HTTP/1.1, content: EmptyByteBufBE)
GET /session/67c054285278ccd4a59a3c8625af4372/element/00278a51-16ec-47e8-b44b-c8ee53ddbc0a/text HTTP/1.1
User-Agent: selenium/4.6.0 (java windows)
Cache-Control: no-cache
Content-Type: application/json; charset=utf-8
host: localhost:44090
accept: */*

Response DefaultHttpResponse(decodeResult: success, version: HTTP/1.1)
HTTP/1.1 200 OK
Content-Type: application/json; charset=utf-8
cache-control: no-cache
content-length: 44

[DEBUG] Adding key: http://localhost:44090 for channel [id: 0xd1d86906, L:/127.0.0.1:54062 - R:localhost/127.0.0.1:44090]
[DEBUG] Using pooled Channel '[id: 0xd1d86906, L:/127.0.0.1:54062 - R:localhost/127.0.0.1:44090]' for 'POST' to 'http://localhost:44090/session/67c054285278ccd4a59a3c8625af4372/elements'
[DEBUG] Using open Channel [id: 0xd1d86906, L:/127.0.0.1:54062 - R:localhost/127.0.0.1:44090] for POST '/session/67c054285278ccd4a59a3c8625af4372/elements'
[DEBUG] 

Request DefaultHttpRequest(decodeResult: success, version: HTTP/1.1)
POST /session/67c054285278ccd4a59a3c8625af4372/elements HTTP/1.1
User-Agent: selenium/4.6.0 (java windows)
Content-Length: 129
Content-Type: application/json; charset=utf-8
host: localhost:44090
accept: */*

Response DefaultHttpResponse(decodeResult: success, version: HTTP/1.1)
HTTP/1.1 200 OK
Content-Type: application/json; charset=utf-8
cache-control: no-cache
content-length: 90

[DEBUG] Adding key: http://localhost:44090 for channel [id: 0xd1d86906, L:/127.0.0.1:54062 - R:localhost/127.0.0.1:44090]
[DEBUG] Using pooled Channel '[id: 0xd1d86906, L:/127.0.0.1:54062 - R:localhost/127.0.0.1:44090]' for 'GET' to 'http://localhost:44090/session/67c054285278ccd4a59a3c8625af4372/element/a7c7f7a8-a904-455b-b00b-3872813bc57f/text'
[DEBUG] Using open Channel [id: 0xd1d86906, L:/127.0.0.1:54062 - R:localhost/127.0.0.1:44090] for GET '/session/67c054285278ccd4a59a3c8625af4372/element/a7c7f7a8-a904-455b-b00b-3872813bc57f/text'
[DEBUG] 

Request DefaultFullHttpRequest(decodeResult: success, version: HTTP/1.1, content: EmptyByteBufBE)
GET /session/67c054285278ccd4a59a3c8625af4372/element/a7c7f7a8-a904-455b-b00b-3872813bc57f/text HTTP/1.1
User-Agent: selenium/4.6.0 (java windows)
Cache-Control: no-cache
Content-Type: application/json; charset=utf-8
host: localhost:44090
accept: */*

Response DefaultHttpResponse(decodeResult: success, version: HTTP/1.1)
HTTP/1.1 200 OK
Content-Type: application/json; charset=utf-8
cache-control: no-cache
content-length: 26

[DEBUG] Adding key: http://localhost:44090 for channel [id: 0xd1d86906, L:/127.0.0.1:54062 - R:localhost/127.0.0.1:44090]
[DEBUG] Using pooled Channel '[id: 0xd1d86906, L:/127.0.0.1:54062 - R:localhost/127.0.0.1:44090]' for 'POST' to 'http://localhost:44090/session/67c054285278ccd4a59a3c8625af4372/element'
[DEBUG] Using open Channel [id: 0xd1d86906, L:/127.0.0.1:54062 - R:localhost/127.0.0.1:44090] for POST '/session/67c054285278ccd4a59a3c8625af4372/element'
[DEBUG] 

Request DefaultHttpRequest(decodeResult: success, version: HTTP/1.1)
POST /session/67c054285278ccd4a59a3c8625af4372/element HTTP/1.1
User-Agent: selenium/4.6.0 (java windows)
Content-Length: 129
Content-Type: application/json; charset=utf-8
host: localhost:44090
accept: */*

Response DefaultHttpResponse(decodeResult: success, version: HTTP/1.1)
HTTP/1.1 200 OK
Content-Type: application/json; charset=utf-8
cache-control: no-cache
content-length: 88

[DEBUG] Adding key: http://localhost:44090 for channel [id: 0xd1d86906, L:/127.0.0.1:54062 - R:localhost/127.0.0.1:44090]
[DEBUG] Using pooled Channel '[id: 0xd1d86906, L:/127.0.0.1:54062 - R:localhost/127.0.0.1:44090]' for 'GET' to 'http://localhost:44090/session/67c054285278ccd4a59a3c8625af4372/element/a5468868-ad07-4d3e-9e36-3f8f2e7d5fb1/text'
[DEBUG] Using open Channel [id: 0xd1d86906, L:/127.0.0.1:54062 - R:localhost/127.0.0.1:44090] for GET '/session/67c054285278ccd4a59a3c8625af4372/element/a5468868-ad07-4d3e-9e36-3f8f2e7d5fb1/text'
[DEBUG] 

Request DefaultFullHttpRequest(decodeResult: success, version: HTTP/1.1, content: EmptyByteBufBE)
GET /session/67c054285278ccd4a59a3c8625af4372/element/a5468868-ad07-4d3e-9e36-3f8f2e7d5fb1/text HTTP/1.1
User-Agent: selenium/4.6.0 (java windows)
Cache-Control: no-cache
Content-Type: application/json; charset=utf-8
host: localhost:44090
accept: */*

Response DefaultHttpResponse(decodeResult: success, version: HTTP/1.1)
HTTP/1.1 200 OK
Content-Type: application/json; charset=utf-8
cache-control: no-cache
content-length: 28

[DEBUG] Adding key: http://localhost:44090 for channel [id: 0xd1d86906, L:/127.0.0.1:54062 - R:localhost/127.0.0.1:44090]
[DEBUG] Using pooled Channel '[id: 0xd1d86906, L:/127.0.0.1:54062 - R:localhost/127.0.0.1:44090]' for 'POST' to 'http://localhost:44090/session/67c054285278ccd4a59a3c8625af4372/element'
[DEBUG] Using open Channel [id: 0xd1d86906, L:/127.0.0.1:54062 - R:localhost/127.0.0.1:44090] for POST '/session/67c054285278ccd4a59a3c8625af4372/element'
[DEBUG] 

Request DefaultHttpRequest(decodeResult: success, version: HTTP/1.1)
POST /session/67c054285278ccd4a59a3c8625af4372/element HTTP/1.1
User-Agent: selenium/4.6.0 (java windows)
Content-Length: 129
Content-Type: application/json; charset=utf-8
host: localhost:44090
accept: */*

Response DefaultHttpResponse(decodeResult: success, version: HTTP/1.1)
HTTP/1.1 200 OK
Content-Type: application/json; charset=utf-8
cache-control: no-cache
content-length: 88

[DEBUG] Adding key: http://localhost:44090 for channel [id: 0xd1d86906, L:/127.0.0.1:54062 - R:localhost/127.0.0.1:44090]
[DEBUG] Using pooled Channel '[id: 0xd1d86906, L:/127.0.0.1:54062 - R:localhost/127.0.0.1:44090]' for 'GET' to 'http://localhost:44090/session/67c054285278ccd4a59a3c8625af4372/element/d26114ee-577f-4dfc-8785-ee90cebf878e/text'
[DEBUG] Using open Channel [id: 0xd1d86906, L:/127.0.0.1:54062 - R:localhost/127.0.0.1:44090] for GET '/session/67c054285278ccd4a59a3c8625af4372/element/d26114ee-577f-4dfc-8785-ee90cebf878e/text'
[DEBUG] 

Request DefaultFullHttpRequest(decodeResult: success, version: HTTP/1.1, content: EmptyByteBufBE)
GET /session/67c054285278ccd4a59a3c8625af4372/element/d26114ee-577f-4dfc-8785-ee90cebf878e/text HTTP/1.1
User-Agent: selenium/4.6.0 (java windows)
Cache-Control: no-cache
Content-Type: application/json; charset=utf-8
host: localhost:44090
accept: */*

Response DefaultHttpResponse(decodeResult: success, version: HTTP/1.1)
HTTP/1.1 200 OK
Content-Type: application/json; charset=utf-8
cache-control: no-cache
content-length: 28

[DEBUG] Adding key: http://localhost:44090 for channel [id: 0xd1d86906, L:/127.0.0.1:54062 - R:localhost/127.0.0.1:44090]
[DEBUG] Using pooled Channel '[id: 0xd1d86906, L:/127.0.0.1:54062 - R:localhost/127.0.0.1:44090]' for 'POST' to 'http://localhost:44090/session/67c054285278ccd4a59a3c8625af4372/element'
[DEBUG] Using open Channel [id: 0xd1d86906, L:/127.0.0.1:54062 - R:localhost/127.0.0.1:44090] for POST '/session/67c054285278ccd4a59a3c8625af4372/element'
[DEBUG] 

Request DefaultHttpRequest(decodeResult: success, version: HTTP/1.1)
POST /session/67c054285278ccd4a59a3c8625af4372/element HTTP/1.1
User-Agent: selenium/4.6.0 (java windows)
Content-Length: 129
Content-Type: application/json; charset=utf-8
host: localhost:44090
accept: */*

Response DefaultHttpResponse(decodeResult: success, version: HTTP/1.1)
HTTP/1.1 200 OK
Content-Type: application/json; charset=utf-8
cache-control: no-cache
content-length: 88

[DEBUG] Adding key: http://localhost:44090 for channel [id: 0xd1d86906, L:/127.0.0.1:54062 - R:localhost/127.0.0.1:44090]
[DEBUG] Using pooled Channel '[id: 0xd1d86906, L:/127.0.0.1:54062 - R:localhost/127.0.0.1:44090]' for 'GET' to 'http://localhost:44090/session/67c054285278ccd4a59a3c8625af4372/element/ff557526-7327-430e-8b42-6b745e6d1f0b/text'
[DEBUG] Using open Channel [id: 0xd1d86906, L:/127.0.0.1:54062 - R:localhost/127.0.0.1:44090] for GET '/session/67c054285278ccd4a59a3c8625af4372/element/ff557526-7327-430e-8b42-6b745e6d1f0b/text'
[DEBUG] 

Request DefaultFullHttpRequest(decodeResult: success, version: HTTP/1.1, content: EmptyByteBufBE)
GET /session/67c054285278ccd4a59a3c8625af4372/element/ff557526-7327-430e-8b42-6b745e6d1f0b/text HTTP/1.1
User-Agent: selenium/4.6.0 (java windows)
Cache-Control: no-cache
Content-Type: application/json; charset=utf-8
host: localhost:44090
accept: */*

Response DefaultHttpResponse(decodeResult: success, version: HTTP/1.1)
HTTP/1.1 200 OK
Content-Type: application/json; charset=utf-8
cache-control: no-cache
content-length: 28

[DEBUG] Adding key: http://localhost:44090 for channel [id: 0xd1d86906, L:/127.0.0.1:54062 - R:localhost/127.0.0.1:44090]
[DEBUG] Using pooled Channel '[id: 0xd1d86906, L:/127.0.0.1:54062 - R:localhost/127.0.0.1:44090]' for 'POST' to 'http://localhost:44090/session/67c054285278ccd4a59a3c8625af4372/element'
[DEBUG] Using open Channel [id: 0xd1d86906, L:/127.0.0.1:54062 - R:localhost/127.0.0.1:44090] for POST '/session/67c054285278ccd4a59a3c8625af4372/element'
[DEBUG] 

Request DefaultHttpRequest(decodeResult: success, version: HTTP/1.1)
POST /session/67c054285278ccd4a59a3c8625af4372/element HTTP/1.1
User-Agent: selenium/4.6.0 (java windows)
Content-Length: 129
Content-Type: application/json; charset=utf-8
host: localhost:44090
accept: */*

Response DefaultHttpResponse(decodeResult: success, version: HTTP/1.1)
HTTP/1.1 200 OK
Content-Type: application/json; charset=utf-8
cache-control: no-cache
content-length: 88

[DEBUG] Adding key: http://localhost:44090 for channel [id: 0xd1d86906, L:/127.0.0.1:54062 - R:localhost/127.0.0.1:44090]
[DEBUG] Using pooled Channel '[id: 0xd1d86906, L:/127.0.0.1:54062 - R:localhost/127.0.0.1:44090]' for 'GET' to 'http://localhost:44090/session/67c054285278ccd4a59a3c8625af4372/element/6012788b-6e0c-4abd-bbef-c71b64961f6e/text'
[DEBUG] Using open Channel [id: 0xd1d86906, L:/127.0.0.1:54062 - R:localhost/127.0.0.1:44090] for GET '/session/67c054285278ccd4a59a3c8625af4372/element/6012788b-6e0c-4abd-bbef-c71b64961f6e/text'
[DEBUG] 

Request DefaultFullHttpRequest(decodeResult: success, version: HTTP/1.1, content: EmptyByteBufBE)
GET /session/67c054285278ccd4a59a3c8625af4372/element/6012788b-6e0c-4abd-bbef-c71b64961f6e/text HTTP/1.1
User-Agent: selenium/4.6.0 (java windows)
Cache-Control: no-cache
Content-Type: application/json; charset=utf-8
host: localhost:44090
accept: */*

Response DefaultHttpResponse(decodeResult: success, version: HTTP/1.1)
HTTP/1.1 200 OK
Content-Type: application/json; charset=utf-8
cache-control: no-cache
content-length: 28

[DEBUG] Adding key: http://localhost:44090 for channel [id: 0xd1d86906, L:/127.0.0.1:54062 - R:localhost/127.0.0.1:44090]
[DEBUG] Using pooled Channel '[id: 0xd1d86906, L:/127.0.0.1:54062 - R:localhost/127.0.0.1:44090]' for 'POST' to 'http://localhost:44090/session/67c054285278ccd4a59a3c8625af4372/element'
[DEBUG] Using open Channel [id: 0xd1d86906, L:/127.0.0.1:54062 - R:localhost/127.0.0.1:44090] for POST '/session/67c054285278ccd4a59a3c8625af4372/element'
[DEBUG] 

Request DefaultHttpRequest(decodeResult: success, version: HTTP/1.1)
POST /session/67c054285278ccd4a59a3c8625af4372/element HTTP/1.1
User-Agent: selenium/4.6.0 (java windows)
Content-Length: 129
Content-Type: application/json; charset=utf-8
host: localhost:44090
accept: */*

Response DefaultHttpResponse(decodeResult: success, version: HTTP/1.1)
HTTP/1.1 200 OK
Content-Type: application/json; charset=utf-8
cache-control: no-cache
content-length: 88

[DEBUG] Adding key: http://localhost:44090 for channel [id: 0xd1d86906, L:/127.0.0.1:54062 - R:localhost/127.0.0.1:44090]
[DEBUG] Using pooled Channel '[id: 0xd1d86906, L:/127.0.0.1:54062 - R:localhost/127.0.0.1:44090]' for 'GET' to 'http://localhost:44090/session/67c054285278ccd4a59a3c8625af4372/element/b90a67cd-317a-4900-9ab2-b7171571ed7a/text'
[DEBUG] Using open Channel [id: 0xd1d86906, L:/127.0.0.1:54062 - R:localhost/127.0.0.1:44090] for GET '/session/67c054285278ccd4a59a3c8625af4372/element/b90a67cd-317a-4900-9ab2-b7171571ed7a/text'
[DEBUG] 

Request DefaultFullHttpRequest(decodeResult: success, version: HTTP/1.1, content: EmptyByteBufBE)
GET /session/67c054285278ccd4a59a3c8625af4372/element/b90a67cd-317a-4900-9ab2-b7171571ed7a/text HTTP/1.1
User-Agent: selenium/4.6.0 (java windows)
Cache-Control: no-cache
Content-Type: application/json; charset=utf-8
host: localhost:44090
accept: */*

Response DefaultHttpResponse(decodeResult: success, version: HTTP/1.1)
HTTP/1.1 200 OK
Content-Type: application/json; charset=utf-8
cache-control: no-cache
content-length: 28

[DEBUG] Adding key: http://localhost:44090 for channel [id: 0xd1d86906, L:/127.0.0.1:54062 - R:localhost/127.0.0.1:44090]
[DEBUG] Using pooled Channel '[id: 0xd1d86906, L:/127.0.0.1:54062 - R:localhost/127.0.0.1:44090]' for 'POST' to 'http://localhost:44090/session/67c054285278ccd4a59a3c8625af4372/element'
[DEBUG] Using open Channel [id: 0xd1d86906, L:/127.0.0.1:54062 - R:localhost/127.0.0.1:44090] for POST '/session/67c054285278ccd4a59a3c8625af4372/element'
[DEBUG] 

Request DefaultHttpRequest(decodeResult: success, version: HTTP/1.1)
POST /session/67c054285278ccd4a59a3c8625af4372/element HTTP/1.1
User-Agent: selenium/4.6.0 (java windows)
Content-Length: 129
Content-Type: application/json; charset=utf-8
host: localhost:44090
accept: */*

Response DefaultHttpResponse(decodeResult: success, version: HTTP/1.1)
HTTP/1.1 200 OK
Content-Type: application/json; charset=utf-8
cache-control: no-cache
content-length: 88

[DEBUG] Adding key: http://localhost:44090 for channel [id: 0xd1d86906, L:/127.0.0.1:54062 - R:localhost/127.0.0.1:44090]
[DEBUG] Using pooled Channel '[id: 0xd1d86906, L:/127.0.0.1:54062 - R:localhost/127.0.0.1:44090]' for 'GET' to 'http://localhost:44090/session/67c054285278ccd4a59a3c8625af4372/element/a703e766-6539-424b-b89a-12a3bbd9ae77/text'
[DEBUG] Using open Channel [id: 0xd1d86906, L:/127.0.0.1:54062 - R:localhost/127.0.0.1:44090] for GET '/session/67c054285278ccd4a59a3c8625af4372/element/a703e766-6539-424b-b89a-12a3bbd9ae77/text'
[DEBUG] 

Request DefaultFullHttpRequest(decodeResult: success, version: HTTP/1.1, content: EmptyByteBufBE)
GET /session/67c054285278ccd4a59a3c8625af4372/element/a703e766-6539-424b-b89a-12a3bbd9ae77/text HTTP/1.1
User-Agent: selenium/4.6.0 (java windows)
Cache-Control: no-cache
Content-Type: application/json; charset=utf-8
host: localhost:44090
accept: */*

Response DefaultHttpResponse(decodeResult: success, version: HTTP/1.1)
HTTP/1.1 200 OK
Content-Type: application/json; charset=utf-8
cache-control: no-cache
content-length: 28

[DEBUG] Adding key: http://localhost:44090 for channel [id: 0xd1d86906, L:/127.0.0.1:54062 - R:localhost/127.0.0.1:44090]
[DEBUG] Using pooled Channel '[id: 0xd1d86906, L:/127.0.0.1:54062 - R:localhost/127.0.0.1:44090]' for 'POST' to 'http://localhost:44090/session/67c054285278ccd4a59a3c8625af4372/element'
[DEBUG] Using open Channel [id: 0xd1d86906, L:/127.0.0.1:54062 - R:localhost/127.0.0.1:44090] for POST '/session/67c054285278ccd4a59a3c8625af4372/element'
[DEBUG] 

Request DefaultHttpRequest(decodeResult: success, version: HTTP/1.1)
POST /session/67c054285278ccd4a59a3c8625af4372/element HTTP/1.1
User-Agent: selenium/4.6.0 (java windows)
Content-Length: 129
Content-Type: application/json; charset=utf-8
host: localhost:44090
accept: */*

Response DefaultHttpResponse(decodeResult: success, version: HTTP/1.1)
HTTP/1.1 200 OK
Content-Type: application/json; charset=utf-8
cache-control: no-cache
content-length: 88

[DEBUG] Adding key: http://localhost:44090 for channel [id: 0xd1d86906, L:/127.0.0.1:54062 - R:localhost/127.0.0.1:44090]
[DEBUG] Using pooled Channel '[id: 0xd1d86906, L:/127.0.0.1:54062 - R:localhost/127.0.0.1:44090]' for 'GET' to 'http://localhost:44090/session/67c054285278ccd4a59a3c8625af4372/element/09b888de-9851-46c7-b5fe-2869efa20893/text'
[DEBUG] Using open Channel [id: 0xd1d86906, L:/127.0.0.1:54062 - R:localhost/127.0.0.1:44090] for GET '/session/67c054285278ccd4a59a3c8625af4372/element/09b888de-9851-46c7-b5fe-2869efa20893/text'
[DEBUG] 

Request DefaultFullHttpRequest(decodeResult: success, version: HTTP/1.1, content: EmptyByteBufBE)
GET /session/67c054285278ccd4a59a3c8625af4372/element/09b888de-9851-46c7-b5fe-2869efa20893/text HTTP/1.1
User-Agent: selenium/4.6.0 (java windows)
Cache-Control: no-cache
Content-Type: application/json; charset=utf-8
host: localhost:44090
accept: */*

Response DefaultHttpResponse(decodeResult: success, version: HTTP/1.1)
HTTP/1.1 200 OK
Content-Type: application/json; charset=utf-8
cache-control: no-cache
content-length: 26

[DEBUG] Adding key: http://localhost:44090 for channel [id: 0xd1d86906, L:/127.0.0.1:54062 - R:localhost/127.0.0.1:44090]
[DEBUG] Using pooled Channel '[id: 0xd1d86906, L:/127.0.0.1:54062 - R:localhost/127.0.0.1:44090]' for 'POST' to 'http://localhost:44090/session/67c054285278ccd4a59a3c8625af4372/elements'
[DEBUG] Using open Channel [id: 0xd1d86906, L:/127.0.0.1:54062 - R:localhost/127.0.0.1:44090] for POST '/session/67c054285278ccd4a59a3c8625af4372/elements'
[DEBUG] 

Request DefaultHttpRequest(decodeResult: success, version: HTTP/1.1)
POST /session/67c054285278ccd4a59a3c8625af4372/elements HTTP/1.1
User-Agent: selenium/4.6.0 (java windows)
Content-Length: 129
Content-Type: application/json; charset=utf-8
host: localhost:44090
accept: */*

Response DefaultHttpResponse(decodeResult: success, version: HTTP/1.1)
HTTP/1.1 200 OK
Content-Type: application/json; charset=utf-8
cache-control: no-cache
content-length: 90

[DEBUG] Adding key: http://localhost:44090 for channel [id: 0xd1d86906, L:/127.0.0.1:54062 - R:localhost/127.0.0.1:44090]
[DEBUG] Using pooled Channel '[id: 0xd1d86906, L:/127.0.0.1:54062 - R:localhost/127.0.0.1:44090]' for 'GET' to 'http://localhost:44090/session/67c054285278ccd4a59a3c8625af4372/element/682b6165-1b8d-4085-b511-7a31911bee6f/text'
[DEBUG] Using open Channel [id: 0xd1d86906, L:/127.0.0.1:54062 - R:localhost/127.0.0.1:44090] for GET '/session/67c054285278ccd4a59a3c8625af4372/element/682b6165-1b8d-4085-b511-7a31911bee6f/text'
[DEBUG] 

Request DefaultFullHttpRequest(decodeResult: success, version: HTTP/1.1, content: EmptyByteBufBE)
GET /session/67c054285278ccd4a59a3c8625af4372/element/682b6165-1b8d-4085-b511-7a31911bee6f/text HTTP/1.1
User-Agent: selenium/4.6.0 (java windows)
Cache-Control: no-cache
Content-Type: application/json; charset=utf-8
host: localhost:44090
accept: */*

Response DefaultHttpResponse(decodeResult: success, version: HTTP/1.1)
HTTP/1.1 200 OK
Content-Type: application/json; charset=utf-8
cache-control: no-cache
content-length: 23

[DEBUG] Adding key: http://localhost:44090 for channel [id: 0xd1d86906, L:/127.0.0.1:54062 - R:localhost/127.0.0.1:44090]
[DEBUG] Using pooled Channel '[id: 0xd1d86906, L:/127.0.0.1:54062 - R:localhost/127.0.0.1:44090]' for 'POST' to 'http://localhost:44090/session/67c054285278ccd4a59a3c8625af4372/elements'
[DEBUG] Using open Channel [id: 0xd1d86906, L:/127.0.0.1:54062 - R:localhost/127.0.0.1:44090] for POST '/session/67c054285278ccd4a59a3c8625af4372/elements'
[DEBUG] 

Request DefaultHttpRequest(decodeResult: success, version: HTTP/1.1)
POST /session/67c054285278ccd4a59a3c8625af4372/elements HTTP/1.1
User-Agent: selenium/4.6.0 (java windows)
Content-Length: 129
Content-Type: application/json; charset=utf-8
host: localhost:44090
accept: */*

Response DefaultHttpResponse(decodeResult: success, version: HTTP/1.1)
HTTP/1.1 200 OK
Content-Type: application/json; charset=utf-8
cache-control: no-cache
content-length: 90

[DEBUG] Adding key: http://localhost:44090 for channel [id: 0xd1d86906, L:/127.0.0.1:54062 - R:localhost/127.0.0.1:44090]
[DEBUG] Using pooled Channel '[id: 0xd1d86906, L:/127.0.0.1:54062 - R:localhost/127.0.0.1:44090]' for 'GET' to 'http://localhost:44090/session/67c054285278ccd4a59a3c8625af4372/element/d89b9880-0ca9-4749-8234-50b9069dd5c1/text'
[DEBUG] Using open Channel [id: 0xd1d86906, L:/127.0.0.1:54062 - R:localhost/127.0.0.1:44090] for GET '/session/67c054285278ccd4a59a3c8625af4372/element/d89b9880-0ca9-4749-8234-50b9069dd5c1/text'
[DEBUG] 

Request DefaultFullHttpRequest(decodeResult: success, version: HTTP/1.1, content: EmptyByteBufBE)
GET /session/67c054285278ccd4a59a3c8625af4372/element/d89b9880-0ca9-4749-8234-50b9069dd5c1/text HTTP/1.1
User-Agent: selenium/4.6.0 (java windows)
Cache-Control: no-cache
Content-Type: application/json; charset=utf-8
host: localhost:44090
accept: */*

Response DefaultHttpResponse(decodeResult: success, version: HTTP/1.1)
HTTP/1.1 200 OK
Content-Type: application/json; charset=utf-8
cache-control: no-cache
content-length: 18

[DEBUG] Adding key: http://localhost:44090 for channel [id: 0xd1d86906, L:/127.0.0.1:54062 - R:localhost/127.0.0.1:44090]
[DEBUG] Using pooled Channel '[id: 0xd1d86906, L:/127.0.0.1:54062 - R:localhost/127.0.0.1:44090]' for 'POST' to 'http://localhost:44090/session/67c054285278ccd4a59a3c8625af4372/elements'
[DEBUG] Using open Channel [id: 0xd1d86906, L:/127.0.0.1:54062 - R:localhost/127.0.0.1:44090] for POST '/session/67c054285278ccd4a59a3c8625af4372/elements'
[DEBUG] 

Request DefaultHttpRequest(decodeResult: success, version: HTTP/1.1)
POST /session/67c054285278ccd4a59a3c8625af4372/elements HTTP/1.1
User-Agent: selenium/4.6.0 (java windows)
Content-Length: 129
Content-Type: application/json; charset=utf-8
host: localhost:44090
accept: */*

Response DefaultHttpResponse(decodeResult: success, version: HTTP/1.1)
HTTP/1.1 200 OK
Content-Type: application/json; charset=utf-8
cache-control: no-cache
content-length: 90

[DEBUG] Adding key: http://localhost:44090 for channel [id: 0xd1d86906, L:/127.0.0.1:54062 - R:localhost/127.0.0.1:44090]
[DEBUG] Using pooled Channel '[id: 0xd1d86906, L:/127.0.0.1:54062 - R:localhost/127.0.0.1:44090]' for 'GET' to 'http://localhost:44090/session/67c054285278ccd4a59a3c8625af4372/element/20d432fb-91da-41fb-ba17-226bac781b3b/text'
[DEBUG] Using open Channel [id: 0xd1d86906, L:/127.0.0.1:54062 - R:localhost/127.0.0.1:44090] for GET '/session/67c054285278ccd4a59a3c8625af4372/element/20d432fb-91da-41fb-ba17-226bac781b3b/text'
[DEBUG] 

Request DefaultFullHttpRequest(decodeResult: success, version: HTTP/1.1, content: EmptyByteBufBE)
GET /session/67c054285278ccd4a59a3c8625af4372/element/20d432fb-91da-41fb-ba17-226bac781b3b/text HTTP/1.1
User-Agent: selenium/4.6.0 (java windows)
Cache-Control: no-cache
Content-Type: application/json; charset=utf-8
host: localhost:44090
accept: */*

Response DefaultHttpResponse(decodeResult: success, version: HTTP/1.1)
HTTP/1.1 200 OK
Content-Type: application/json; charset=utf-8
cache-control: no-cache
content-length: 21

[DEBUG] Adding key: http://localhost:44090 for channel [id: 0xd1d86906, L:/127.0.0.1:54062 - R:localhost/127.0.0.1:44090]
[DEBUG] Using pooled Channel '[id: 0xd1d86906, L:/127.0.0.1:54062 - R:localhost/127.0.0.1:44090]' for 'POST' to 'http://localhost:44090/session/67c054285278ccd4a59a3c8625af4372/elements'
[DEBUG] Using open Channel [id: 0xd1d86906, L:/127.0.0.1:54062 - R:localhost/127.0.0.1:44090] for POST '/session/67c054285278ccd4a59a3c8625af4372/elements'
[DEBUG] 

Request DefaultHttpRequest(decodeResult: success, version: HTTP/1.1)
POST /session/67c054285278ccd4a59a3c8625af4372/elements HTTP/1.1
User-Agent: selenium/4.6.0 (java windows)
Content-Length: 129
Content-Type: application/json; charset=utf-8
host: localhost:44090
accept: */*

Response DefaultHttpResponse(decodeResult: success, version: HTTP/1.1)
HTTP/1.1 200 OK
Content-Type: application/json; charset=utf-8
cache-control: no-cache
content-length: 90

[DEBUG] Adding key: http://localhost:44090 for channel [id: 0xd1d86906, L:/127.0.0.1:54062 - R:localhost/127.0.0.1:44090]
[DEBUG] Using pooled Channel '[id: 0xd1d86906, L:/127.0.0.1:54062 - R:localhost/127.0.0.1:44090]' for 'GET' to 'http://localhost:44090/session/67c054285278ccd4a59a3c8625af4372/element/09b888de-9851-46c7-b5fe-2869efa20893/text'
[DEBUG] Using open Channel [id: 0xd1d86906, L:/127.0.0.1:54062 - R:localhost/127.0.0.1:44090] for GET '/session/67c054285278ccd4a59a3c8625af4372/element/09b888de-9851-46c7-b5fe-2869efa20893/text'
[DEBUG] 

Request DefaultFullHttpRequest(decodeResult: success, version: HTTP/1.1, content: EmptyByteBufBE)
GET /session/67c054285278ccd4a59a3c8625af4372/element/09b888de-9851-46c7-b5fe-2869efa20893/text HTTP/1.1
User-Agent: selenium/4.6.0 (java windows)
Cache-Control: no-cache
Content-Type: application/json; charset=utf-8
host: localhost:44090
accept: */*

Response DefaultHttpResponse(decodeResult: success, version: HTTP/1.1)
HTTP/1.1 200 OK
Content-Type: application/json; charset=utf-8
cache-control: no-cache
content-length: 26

[DEBUG] Adding key: http://localhost:44090 for channel [id: 0xd1d86906, L:/127.0.0.1:54062 - R:localhost/127.0.0.1:44090]
[DEBUG] Using pooled Channel '[id: 0xd1d86906, L:/127.0.0.1:54062 - R:localhost/127.0.0.1:44090]' for 'POST' to 'http://localhost:44090/session/67c054285278ccd4a59a3c8625af4372/element'
[DEBUG] Using open Channel [id: 0xd1d86906, L:/127.0.0.1:54062 - R:localhost/127.0.0.1:44090] for POST '/session/67c054285278ccd4a59a3c8625af4372/element'
[DEBUG] 

Request DefaultHttpRequest(decodeResult: success, version: HTTP/1.1)
POST /session/67c054285278ccd4a59a3c8625af4372/element HTTP/1.1
User-Agent: selenium/4.6.0 (java windows)
Content-Length: 128
Content-Type: application/json; charset=utf-8
host: localhost:44090
accept: */*

Response DefaultHttpResponse(decodeResult: success, version: HTTP/1.1)
HTTP/1.1 200 OK
Content-Type: application/json; charset=utf-8
cache-control: no-cache
content-length: 88

[DEBUG] Adding key: http://localhost:44090 for channel [id: 0xd1d86906, L:/127.0.0.1:54062 - R:localhost/127.0.0.1:44090]
[DEBUG] Using pooled Channel '[id: 0xd1d86906, L:/127.0.0.1:54062 - R:localhost/127.0.0.1:44090]' for 'GET' to 'http://localhost:44090/session/67c054285278ccd4a59a3c8625af4372/element/defb6810-9ab5-42e1-853e-b42ac6b37c74/text'
[DEBUG] Using open Channel [id: 0xd1d86906, L:/127.0.0.1:54062 - R:localhost/127.0.0.1:44090] for GET '/session/67c054285278ccd4a59a3c8625af4372/element/defb6810-9ab5-42e1-853e-b42ac6b37c74/text'
[DEBUG] 

Request DefaultFullHttpRequest(decodeResult: success, version: HTTP/1.1, content: EmptyByteBufBE)
GET /session/67c054285278ccd4a59a3c8625af4372/element/defb6810-9ab5-42e1-853e-b42ac6b37c74/text HTTP/1.1
User-Agent: selenium/4.6.0 (java windows)
Cache-Control: no-cache
Content-Type: application/json; charset=utf-8
host: localhost:44090
accept: */*

Response DefaultHttpResponse(decodeResult: success, version: HTTP/1.1)
HTTP/1.1 200 OK
Content-Type: application/json; charset=utf-8
cache-control: no-cache
content-length: 28

[DEBUG] Adding key: http://localhost:44090 for channel [id: 0xd1d86906, L:/127.0.0.1:54062 - R:localhost/127.0.0.1:44090]
[DEBUG] Using pooled Channel '[id: 0xd1d86906, L:/127.0.0.1:54062 - R:localhost/127.0.0.1:44090]' for 'POST' to 'http://localhost:44090/session/67c054285278ccd4a59a3c8625af4372/elements'
[DEBUG] Using open Channel [id: 0xd1d86906, L:/127.0.0.1:54062 - R:localhost/127.0.0.1:44090] for POST '/session/67c054285278ccd4a59a3c8625af4372/elements'
[DEBUG] 

Request DefaultHttpRequest(decodeResult: success, version: HTTP/1.1)
POST /session/67c054285278ccd4a59a3c8625af4372/elements HTTP/1.1
User-Agent: selenium/4.6.0 (java windows)
Content-Length: 128
Content-Type: application/json; charset=utf-8
host: localhost:44090
accept: */*

Response DefaultHttpResponse(decodeResult: success, version: HTTP/1.1)
HTTP/1.1 200 OK
Content-Type: application/json; charset=utf-8
cache-control: no-cache
content-length: 90

[DEBUG] Adding key: http://localhost:44090 for channel [id: 0xd1d86906, L:/127.0.0.1:54062 - R:localhost/127.0.0.1:44090]
[DEBUG] Using pooled Channel '[id: 0xd1d86906, L:/127.0.0.1:54062 - R:localhost/127.0.0.1:44090]' for 'GET' to 'http://localhost:44090/session/67c054285278ccd4a59a3c8625af4372/element/85071238-d0e6-4212-86da-48ba153fa3c5/text'
[DEBUG] Using open Channel [id: 0xd1d86906, L:/127.0.0.1:54062 - R:localhost/127.0.0.1:44090] for GET '/session/67c054285278ccd4a59a3c8625af4372/element/85071238-d0e6-4212-86da-48ba153fa3c5/text'
[DEBUG] 

Request DefaultFullHttpRequest(decodeResult: success, version: HTTP/1.1, content: EmptyByteBufBE)
GET /session/67c054285278ccd4a59a3c8625af4372/element/85071238-d0e6-4212-86da-48ba153fa3c5/text HTTP/1.1
User-Agent: selenium/4.6.0 (java windows)
Cache-Control: no-cache
Content-Type: application/json; charset=utf-8
host: localhost:44090
accept: */*

Response DefaultHttpResponse(decodeResult: success, version: HTTP/1.1)
HTTP/1.1 200 OK
Content-Type: application/json; charset=utf-8
cache-control: no-cache
content-length: 23

[DEBUG] Adding key: http://localhost:44090 for channel [id: 0xd1d86906, L:/127.0.0.1:54062 - R:localhost/127.0.0.1:44090]
[DEBUG] Using pooled Channel '[id: 0xd1d86906, L:/127.0.0.1:54062 - R:localhost/127.0.0.1:44090]' for 'POST' to 'http://localhost:44090/session/67c054285278ccd4a59a3c8625af4372/elements'
[DEBUG] Using open Channel [id: 0xd1d86906, L:/127.0.0.1:54062 - R:localhost/127.0.0.1:44090] for POST '/session/67c054285278ccd4a59a3c8625af4372/elements'
[DEBUG] 

Request DefaultHttpRequest(decodeResult: success, version: HTTP/1.1)
POST /session/67c054285278ccd4a59a3c8625af4372/elements HTTP/1.1
User-Agent: selenium/4.6.0 (java windows)
Content-Length: 128
Content-Type: application/json; charset=utf-8
host: localhost:44090
accept: */*

Response DefaultHttpResponse(decodeResult: success, version: HTTP/1.1)
HTTP/1.1 200 OK
Content-Type: application/json; charset=utf-8
cache-control: no-cache
content-length: 90

[DEBUG] Adding key: http://localhost:44090 for channel [id: 0xd1d86906, L:/127.0.0.1:54062 - R:localhost/127.0.0.1:44090]
[DEBUG] Using pooled Channel '[id: 0xd1d86906, L:/127.0.0.1:54062 - R:localhost/127.0.0.1:44090]' for 'GET' to 'http://localhost:44090/session/67c054285278ccd4a59a3c8625af4372/element/62cd04df-accc-4260-836e-67d79837666f/text'
[DEBUG] Using open Channel [id: 0xd1d86906, L:/127.0.0.1:54062 - R:localhost/127.0.0.1:44090] for GET '/session/67c054285278ccd4a59a3c8625af4372/element/62cd04df-accc-4260-836e-67d79837666f/text'
[DEBUG] 

Request DefaultFullHttpRequest(decodeResult: success, version: HTTP/1.1, content: EmptyByteBufBE)
GET /session/67c054285278ccd4a59a3c8625af4372/element/62cd04df-accc-4260-836e-67d79837666f/text HTTP/1.1
User-Agent: selenium/4.6.0 (java windows)
Cache-Control: no-cache
Content-Type: application/json; charset=utf-8
host: localhost:44090
accept: */*

Response DefaultHttpResponse(decodeResult: success, version: HTTP/1.1)
HTTP/1.1 200 OK
Content-Type: application/json; charset=utf-8
cache-control: no-cache
content-length: 18

[DEBUG] Adding key: http://localhost:44090 for channel [id: 0xd1d86906, L:/127.0.0.1:54062 - R:localhost/127.0.0.1:44090]
[DEBUG] Using pooled Channel '[id: 0xd1d86906, L:/127.0.0.1:54062 - R:localhost/127.0.0.1:44090]' for 'POST' to 'http://localhost:44090/session/67c054285278ccd4a59a3c8625af4372/elements'
[DEBUG] Using open Channel [id: 0xd1d86906, L:/127.0.0.1:54062 - R:localhost/127.0.0.1:44090] for POST '/session/67c054285278ccd4a59a3c8625af4372/elements'
[DEBUG] 

Request DefaultHttpRequest(decodeResult: success, version: HTTP/1.1)
POST /session/67c054285278ccd4a59a3c8625af4372/elements HTTP/1.1
User-Agent: selenium/4.6.0 (java windows)
Content-Length: 128
Content-Type: application/json; charset=utf-8
host: localhost:44090
accept: */*

Response DefaultHttpResponse(decodeResult: success, version: HTTP/1.1)
HTTP/1.1 200 OK
Content-Type: application/json; charset=utf-8
cache-control: no-cache
content-length: 90

[DEBUG] Adding key: http://localhost:44090 for channel [id: 0xd1d86906, L:/127.0.0.1:54062 - R:localhost/127.0.0.1:44090]
[DEBUG] Using pooled Channel '[id: 0xd1d86906, L:/127.0.0.1:54062 - R:localhost/127.0.0.1:44090]' for 'GET' to 'http://localhost:44090/session/67c054285278ccd4a59a3c8625af4372/element/920a38e7-58a8-4332-b617-40cac1bb7fb1/text'
[DEBUG] Using open Channel [id: 0xd1d86906, L:/127.0.0.1:54062 - R:localhost/127.0.0.1:44090] for GET '/session/67c054285278ccd4a59a3c8625af4372/element/920a38e7-58a8-4332-b617-40cac1bb7fb1/text'
[DEBUG] 

Request DefaultFullHttpRequest(decodeResult: success, version: HTTP/1.1, content: EmptyByteBufBE)
GET /session/67c054285278ccd4a59a3c8625af4372/element/920a38e7-58a8-4332-b617-40cac1bb7fb1/text HTTP/1.1
User-Agent: selenium/4.6.0 (java windows)
Cache-Control: no-cache
Content-Type: application/json; charset=utf-8
host: localhost:44090
accept: */*

Response DefaultHttpResponse(decodeResult: success, version: HTTP/1.1)
HTTP/1.1 200 OK
Content-Type: application/json; charset=utf-8
cache-control: no-cache
content-length: 29

[DEBUG] Adding key: http://localhost:44090 for channel [id: 0xd1d86906, L:/127.0.0.1:54062 - R:localhost/127.0.0.1:44090]
[DEBUG] Using pooled Channel '[id: 0xd1d86906, L:/127.0.0.1:54062 - R:localhost/127.0.0.1:44090]' for 'POST' to 'http://localhost:44090/session/67c054285278ccd4a59a3c8625af4372/elements'
[DEBUG] Using open Channel [id: 0xd1d86906, L:/127.0.0.1:54062 - R:localhost/127.0.0.1:44090] for POST '/session/67c054285278ccd4a59a3c8625af4372/elements'
[DEBUG] 

Request DefaultHttpRequest(decodeResult: success, version: HTTP/1.1)
POST /session/67c054285278ccd4a59a3c8625af4372/elements HTTP/1.1
User-Agent: selenium/4.6.0 (java windows)
Content-Length: 128
Content-Type: application/json; charset=utf-8
host: localhost:44090
accept: */*

Response DefaultHttpResponse(decodeResult: success, version: HTTP/1.1)
HTTP/1.1 200 OK
Content-Type: application/json; charset=utf-8
cache-control: no-cache
content-length: 90

[DEBUG] Adding key: http://localhost:44090 for channel [id: 0xd1d86906, L:/127.0.0.1:54062 - R:localhost/127.0.0.1:44090]
[DEBUG] Using pooled Channel '[id: 0xd1d86906, L:/127.0.0.1:54062 - R:localhost/127.0.0.1:44090]' for 'GET' to 'http://localhost:44090/session/67c054285278ccd4a59a3c8625af4372/element/defb6810-9ab5-42e1-853e-b42ac6b37c74/text'
[DEBUG] Using open Channel [id: 0xd1d86906, L:/127.0.0.1:54062 - R:localhost/127.0.0.1:44090] for GET '/session/67c054285278ccd4a59a3c8625af4372/element/defb6810-9ab5-42e1-853e-b42ac6b37c74/text'
[DEBUG] 

Request DefaultFullHttpRequest(decodeResult: success, version: HTTP/1.1, content: EmptyByteBufBE)
GET /session/67c054285278ccd4a59a3c8625af4372/element/defb6810-9ab5-42e1-853e-b42ac6b37c74/text HTTP/1.1
User-Agent: selenium/4.6.0 (java windows)
Cache-Control: no-cache
Content-Type: application/json; charset=utf-8
host: localhost:44090
accept: */*

Response DefaultHttpResponse(decodeResult: success, version: HTTP/1.1)
HTTP/1.1 200 OK
Content-Type: application/json; charset=utf-8
cache-control: no-cache
content-length: 28

[DEBUG] Adding key: http://localhost:44090 for channel [id: 0xd1d86906, L:/127.0.0.1:54062 - R:localhost/127.0.0.1:44090]
[DEBUG] Using pooled Channel '[id: 0xd1d86906, L:/127.0.0.1:54062 - R:localhost/127.0.0.1:44090]' for 'POST' to 'http://localhost:44090/session/67c054285278ccd4a59a3c8625af4372/element'
[DEBUG] Using open Channel [id: 0xd1d86906, L:/127.0.0.1:54062 - R:localhost/127.0.0.1:44090] for POST '/session/67c054285278ccd4a59a3c8625af4372/element'
[DEBUG] 

Request DefaultHttpRequest(decodeResult: success, version: HTTP/1.1)
POST /session/67c054285278ccd4a59a3c8625af4372/element HTTP/1.1
User-Agent: selenium/4.6.0 (java windows)
Content-Length: 128
Content-Type: application/json; charset=utf-8
host: localhost:44090
accept: */*

Response DefaultHttpResponse(decodeResult: success, version: HTTP/1.1)
HTTP/1.1 200 OK
Content-Type: application/json; charset=utf-8
cache-control: no-cache
content-length: 88

[DEBUG] Adding key: http://localhost:44090 for channel [id: 0xd1d86906, L:/127.0.0.1:54062 - R:localhost/127.0.0.1:44090]
[DEBUG] Using pooled Channel '[id: 0xd1d86906, L:/127.0.0.1:54062 - R:localhost/127.0.0.1:44090]' for 'GET' to 'http://localhost:44090/session/67c054285278ccd4a59a3c8625af4372/element/f5d875ce-9947-4339-a0a7-08796ee72799/text'
[DEBUG] Using open Channel [id: 0xd1d86906, L:/127.0.0.1:54062 - R:localhost/127.0.0.1:44090] for GET '/session/67c054285278ccd4a59a3c8625af4372/element/f5d875ce-9947-4339-a0a7-08796ee72799/text'
[DEBUG] 

Request DefaultFullHttpRequest(decodeResult: success, version: HTTP/1.1, content: EmptyByteBufBE)
GET /session/67c054285278ccd4a59a3c8625af4372/element/f5d875ce-9947-4339-a0a7-08796ee72799/text HTTP/1.1
User-Agent: selenium/4.6.0 (java windows)
Cache-Control: no-cache
Content-Type: application/json; charset=utf-8
host: localhost:44090
accept: */*

Response DefaultHttpResponse(decodeResult: success, version: HTTP/1.1)
HTTP/1.1 200 OK
Content-Type: application/json; charset=utf-8
cache-control: no-cache
content-length: 26

[DEBUG] Adding key: http://localhost:44090 for channel [id: 0xd1d86906, L:/127.0.0.1:54062 - R:localhost/127.0.0.1:44090]
[DEBUG] Using pooled Channel '[id: 0xd1d86906, L:/127.0.0.1:54062 - R:localhost/127.0.0.1:44090]' for 'POST' to 'http://localhost:44090/session/67c054285278ccd4a59a3c8625af4372/element'
[DEBUG] Using open Channel [id: 0xd1d86906, L:/127.0.0.1:54062 - R:localhost/127.0.0.1:44090] for POST '/session/67c054285278ccd4a59a3c8625af4372/element'
[DEBUG] 

Request DefaultHttpRequest(decodeResult: success, version: HTTP/1.1)
POST /session/67c054285278ccd4a59a3c8625af4372/element HTTP/1.1
User-Agent: selenium/4.6.0 (java windows)
Content-Length: 128
Content-Type: application/json; charset=utf-8
host: localhost:44090
accept: */*

Response DefaultHttpResponse(decodeResult: success, version: HTTP/1.1)
HTTP/1.1 200 OK
Content-Type: application/json; charset=utf-8
cache-control: no-cache
content-length: 88

[DEBUG] Adding key: http://localhost:44090 for channel [id: 0xd1d86906, L:/127.0.0.1:54062 - R:localhost/127.0.0.1:44090]
[DEBUG] Using pooled Channel '[id: 0xd1d86906, L:/127.0.0.1:54062 - R:localhost/127.0.0.1:44090]' for 'GET' to 'http://localhost:44090/session/67c054285278ccd4a59a3c8625af4372/element/72d322d2-2b3d-46b3-94fd-8b57259b0feb/text'
[DEBUG] Using open Channel [id: 0xd1d86906, L:/127.0.0.1:54062 - R:localhost/127.0.0.1:44090] for GET '/session/67c054285278ccd4a59a3c8625af4372/element/72d322d2-2b3d-46b3-94fd-8b57259b0feb/text'
[DEBUG] 

Request DefaultFullHttpRequest(decodeResult: success, version: HTTP/1.1, content: EmptyByteBufBE)
GET /session/67c054285278ccd4a59a3c8625af4372/element/72d322d2-2b3d-46b3-94fd-8b57259b0feb/text HTTP/1.1
User-Agent: selenium/4.6.0 (java windows)
Cache-Control: no-cache
Content-Type: application/json; charset=utf-8
host: localhost:44090
accept: */*

Response DefaultHttpResponse(decodeResult: success, version: HTTP/1.1)
HTTP/1.1 200 OK
Content-Type: application/json; charset=utf-8
cache-control: no-cache
content-length: 28

[DEBUG] Adding key: http://localhost:44090 for channel [id: 0xd1d86906, L:/127.0.0.1:54062 - R:localhost/127.0.0.1:44090]
[DEBUG] Using pooled Channel '[id: 0xd1d86906, L:/127.0.0.1:54062 - R:localhost/127.0.0.1:44090]' for 'POST' to 'http://localhost:44090/session/67c054285278ccd4a59a3c8625af4372/elements'
[DEBUG] Using open Channel [id: 0xd1d86906, L:/127.0.0.1:54062 - R:localhost/127.0.0.1:44090] for POST '/session/67c054285278ccd4a59a3c8625af4372/elements'
[DEBUG] 

Request DefaultHttpRequest(decodeResult: success, version: HTTP/1.1)
POST /session/67c054285278ccd4a59a3c8625af4372/elements HTTP/1.1
User-Agent: selenium/4.6.0 (java windows)
Content-Length: 128
Content-Type: application/json; charset=utf-8
host: localhost:44090
accept: */*

Response DefaultHttpResponse(decodeResult: success, version: HTTP/1.1)
HTTP/1.1 200 OK
Content-Type: application/json; charset=utf-8
cache-control: no-cache
content-length: 90

[DEBUG] Adding key: http://localhost:44090 for channel [id: 0xd1d86906, L:/127.0.0.1:54062 - R:localhost/127.0.0.1:44090]
[DEBUG] Using pooled Channel '[id: 0xd1d86906, L:/127.0.0.1:54062 - R:localhost/127.0.0.1:44090]' for 'GET' to 'http://localhost:44090/session/67c054285278ccd4a59a3c8625af4372/element/c06098cf-082d-4266-bc0e-104711e7035d/text'
[DEBUG] Using open Channel [id: 0xd1d86906, L:/127.0.0.1:54062 - R:localhost/127.0.0.1:44090] for GET '/session/67c054285278ccd4a59a3c8625af4372/element/c06098cf-082d-4266-bc0e-104711e7035d/text'
[DEBUG] 

Request DefaultFullHttpRequest(decodeResult: success, version: HTTP/1.1, content: EmptyByteBufBE)
GET /session/67c054285278ccd4a59a3c8625af4372/element/c06098cf-082d-4266-bc0e-104711e7035d/text HTTP/1.1
User-Agent: selenium/4.6.0 (java windows)
Cache-Control: no-cache
Content-Type: application/json; charset=utf-8
host: localhost:44090
accept: */*

Response DefaultHttpResponse(decodeResult: success, version: HTTP/1.1)
HTTP/1.1 200 OK
Content-Type: application/json; charset=utf-8
cache-control: no-cache
content-length: 23

[DEBUG] Adding key: http://localhost:44090 for channel [id: 0xd1d86906, L:/127.0.0.1:54062 - R:localhost/127.0.0.1:44090]
[DEBUG] Using pooled Channel '[id: 0xd1d86906, L:/127.0.0.1:54062 - R:localhost/127.0.0.1:44090]' for 'POST' to 'http://localhost:44090/session/67c054285278ccd4a59a3c8625af4372/elements'
[DEBUG] Using open Channel [id: 0xd1d86906, L:/127.0.0.1:54062 - R:localhost/127.0.0.1:44090] for POST '/session/67c054285278ccd4a59a3c8625af4372/elements'
[DEBUG] 

Request DefaultHttpRequest(decodeResult: success, version: HTTP/1.1)
POST /session/67c054285278ccd4a59a3c8625af4372/elements HTTP/1.1
User-Agent: selenium/4.6.0 (java windows)
Content-Length: 128
Content-Type: application/json; charset=utf-8
host: localhost:44090
accept: */*

Response DefaultHttpResponse(decodeResult: success, version: HTTP/1.1)
HTTP/1.1 200 OK
Content-Type: application/json; charset=utf-8
cache-control: no-cache
content-length: 90

[DEBUG] Adding key: http://localhost:44090 for channel [id: 0xd1d86906, L:/127.0.0.1:54062 - R:localhost/127.0.0.1:44090]
[DEBUG] Using pooled Channel '[id: 0xd1d86906, L:/127.0.0.1:54062 - R:localhost/127.0.0.1:44090]' for 'GET' to 'http://localhost:44090/session/67c054285278ccd4a59a3c8625af4372/element/02026556-2cbf-4223-899d-56dd8527a918/text'
[DEBUG] Using open Channel [id: 0xd1d86906, L:/127.0.0.1:54062 - R:localhost/127.0.0.1:44090] for GET '/session/67c054285278ccd4a59a3c8625af4372/element/02026556-2cbf-4223-899d-56dd8527a918/text'
[DEBUG] 

Request DefaultFullHttpRequest(decodeResult: success, version: HTTP/1.1, content: EmptyByteBufBE)
GET /session/67c054285278ccd4a59a3c8625af4372/element/02026556-2cbf-4223-899d-56dd8527a918/text HTTP/1.1
User-Agent: selenium/4.6.0 (java windows)
Cache-Control: no-cache
Content-Type: application/json; charset=utf-8
host: localhost:44090
accept: */*

Response DefaultHttpResponse(decodeResult: success, version: HTTP/1.1)
HTTP/1.1 200 OK
Content-Type: application/json; charset=utf-8
cache-control: no-cache
content-length: 20

[DEBUG] Adding key: http://localhost:44090 for channel [id: 0xd1d86906, L:/127.0.0.1:54062 - R:localhost/127.0.0.1:44090]
[DEBUG] Using pooled Channel '[id: 0xd1d86906, L:/127.0.0.1:54062 - R:localhost/127.0.0.1:44090]' for 'POST' to 'http://localhost:44090/session/67c054285278ccd4a59a3c8625af4372/elements'
[DEBUG] Using open Channel [id: 0xd1d86906, L:/127.0.0.1:54062 - R:localhost/127.0.0.1:44090] for POST '/session/67c054285278ccd4a59a3c8625af4372/elements'
[DEBUG] 

Request DefaultHttpRequest(decodeResult: success, version: HTTP/1.1)
POST /session/67c054285278ccd4a59a3c8625af4372/elements HTTP/1.1
User-Agent: selenium/4.6.0 (java windows)
Content-Length: 128
Content-Type: application/json; charset=utf-8
host: localhost:44090
accept: */*

Response DefaultHttpResponse(decodeResult: success, version: HTTP/1.1)
HTTP/1.1 200 OK
Content-Type: application/json; charset=utf-8
cache-control: no-cache
content-length: 90

[DEBUG] Adding key: http://localhost:44090 for channel [id: 0xd1d86906, L:/127.0.0.1:54062 - R:localhost/127.0.0.1:44090]
[DEBUG] Using pooled Channel '[id: 0xd1d86906, L:/127.0.0.1:54062 - R:localhost/127.0.0.1:44090]' for 'GET' to 'http://localhost:44090/session/67c054285278ccd4a59a3c8625af4372/element/f1bf2df1-2435-4faf-a49a-f7c7955126c6/text'
[DEBUG] Using open Channel [id: 0xd1d86906, L:/127.0.0.1:54062 - R:localhost/127.0.0.1:44090] for GET '/session/67c054285278ccd4a59a3c8625af4372/element/f1bf2df1-2435-4faf-a49a-f7c7955126c6/text'
[DEBUG] 

Request DefaultFullHttpRequest(decodeResult: success, version: HTTP/1.1, content: EmptyByteBufBE)
GET /session/67c054285278ccd4a59a3c8625af4372/element/f1bf2df1-2435-4faf-a49a-f7c7955126c6/text HTTP/1.1
User-Agent: selenium/4.6.0 (java windows)
Cache-Control: no-cache
Content-Type: application/json; charset=utf-8
host: localhost:44090
accept: */*

Response DefaultHttpResponse(decodeResult: success, version: HTTP/1.1)
HTTP/1.1 200 OK
Content-Type: application/json; charset=utf-8
cache-control: no-cache
content-length: 22

[DEBUG] Adding key: http://localhost:44090 for channel [id: 0xd1d86906, L:/127.0.0.1:54062 - R:localhost/127.0.0.1:44090]
[DEBUG] Using pooled Channel '[id: 0xd1d86906, L:/127.0.0.1:54062 - R:localhost/127.0.0.1:44090]' for 'POST' to 'http://localhost:44090/session/67c054285278ccd4a59a3c8625af4372/elements'
[DEBUG] Using open Channel [id: 0xd1d86906, L:/127.0.0.1:54062 - R:localhost/127.0.0.1:44090] for POST '/session/67c054285278ccd4a59a3c8625af4372/elements'
[DEBUG] 

Request DefaultHttpRequest(decodeResult: success, version: HTTP/1.1)
POST /session/67c054285278ccd4a59a3c8625af4372/elements HTTP/1.1
User-Agent: selenium/4.6.0 (java windows)
Content-Length: 128
Content-Type: application/json; charset=utf-8
host: localhost:44090
accept: */*

Response DefaultHttpResponse(decodeResult: success, version: HTTP/1.1)
HTTP/1.1 200 OK
Content-Type: application/json; charset=utf-8
cache-control: no-cache
content-length: 90

[DEBUG] Adding key: http://localhost:44090 for channel [id: 0xd1d86906, L:/127.0.0.1:54062 - R:localhost/127.0.0.1:44090]
[DEBUG] Using pooled Channel '[id: 0xd1d86906, L:/127.0.0.1:54062 - R:localhost/127.0.0.1:44090]' for 'GET' to 'http://localhost:44090/session/67c054285278ccd4a59a3c8625af4372/element/72d322d2-2b3d-46b3-94fd-8b57259b0feb/text'
[DEBUG] Using open Channel [id: 0xd1d86906, L:/127.0.0.1:54062 - R:localhost/127.0.0.1:44090] for GET '/session/67c054285278ccd4a59a3c8625af4372/element/72d322d2-2b3d-46b3-94fd-8b57259b0feb/text'
[DEBUG] 

Request DefaultFullHttpRequest(decodeResult: success, version: HTTP/1.1, content: EmptyByteBufBE)
GET /session/67c054285278ccd4a59a3c8625af4372/element/72d322d2-2b3d-46b3-94fd-8b57259b0feb/text HTTP/1.1
User-Agent: selenium/4.6.0 (java windows)
Cache-Control: no-cache
Content-Type: application/json; charset=utf-8
host: localhost:44090
accept: */*

Response DefaultHttpResponse(decodeResult: success, version: HTTP/1.1)
HTTP/1.1 200 OK
Content-Type: application/json; charset=utf-8
cache-control: no-cache
content-length: 28

[DEBUG] Adding key: http://localhost:44090 for channel [id: 0xd1d86906, L:/127.0.0.1:54062 - R:localhost/127.0.0.1:44090]
[DEBUG] Using pooled Channel '[id: 0xd1d86906, L:/127.0.0.1:54062 - R:localhost/127.0.0.1:44090]' for 'POST' to 'http://localhost:44090/session/67c054285278ccd4a59a3c8625af4372/element'
[DEBUG] Using open Channel [id: 0xd1d86906, L:/127.0.0.1:54062 - R:localhost/127.0.0.1:44090] for POST '/session/67c054285278ccd4a59a3c8625af4372/element'
[DEBUG] 

Request DefaultHttpRequest(decodeResult: success, version: HTTP/1.1)
POST /session/67c054285278ccd4a59a3c8625af4372/element HTTP/1.1
User-Agent: selenium/4.6.0 (java windows)
Content-Length: 128
Content-Type: application/json; charset=utf-8
host: localhost:44090
accept: */*

Response DefaultHttpResponse(decodeResult: success, version: HTTP/1.1)
HTTP/1.1 200 OK
Content-Type: application/json; charset=utf-8
cache-control: no-cache
content-length: 88

[DEBUG] Adding key: http://localhost:44090 for channel [id: 0xd1d86906, L:/127.0.0.1:54062 - R:localhost/127.0.0.1:44090]
[DEBUG] Using pooled Channel '[id: 0xd1d86906, L:/127.0.0.1:54062 - R:localhost/127.0.0.1:44090]' for 'GET' to 'http://localhost:44090/session/67c054285278ccd4a59a3c8625af4372/element/60d9cc76-f404-46f9-b3a8-115f2921e4c7/text'
[DEBUG] Using open Channel [id: 0xd1d86906, L:/127.0.0.1:54062 - R:localhost/127.0.0.1:44090] for GET '/session/67c054285278ccd4a59a3c8625af4372/element/60d9cc76-f404-46f9-b3a8-115f2921e4c7/text'
[DEBUG] 

Request DefaultFullHttpRequest(decodeResult: success, version: HTTP/1.1, content: EmptyByteBufBE)
GET /session/67c054285278ccd4a59a3c8625af4372/element/60d9cc76-f404-46f9-b3a8-115f2921e4c7/text HTTP/1.1
User-Agent: selenium/4.6.0 (java windows)
Cache-Control: no-cache
Content-Type: application/json; charset=utf-8
host: localhost:44090
accept: */*

Response DefaultHttpResponse(decodeResult: success, version: HTTP/1.1)
HTTP/1.1 200 OK
Content-Type: application/json; charset=utf-8
cache-control: no-cache
content-length: 28

[DEBUG] Adding key: http://localhost:44090 for channel [id: 0xd1d86906, L:/127.0.0.1:54062 - R:localhost/127.0.0.1:44090]
[DEBUG] Using pooled Channel '[id: 0xd1d86906, L:/127.0.0.1:54062 - R:localhost/127.0.0.1:44090]' for 'POST' to 'http://localhost:44090/session/67c054285278ccd4a59a3c8625af4372/elements'
[DEBUG] Using open Channel [id: 0xd1d86906, L:/127.0.0.1:54062 - R:localhost/127.0.0.1:44090] for POST '/session/67c054285278ccd4a59a3c8625af4372/elements'
[DEBUG] 

Request DefaultHttpRequest(decodeResult: success, version: HTTP/1.1)
POST /session/67c054285278ccd4a59a3c8625af4372/elements HTTP/1.1
User-Agent: selenium/4.6.0 (java windows)
Content-Length: 128
Content-Type: application/json; charset=utf-8
host: localhost:44090
accept: */*

Response DefaultHttpResponse(decodeResult: success, version: HTTP/1.1)
HTTP/1.1 200 OK
Content-Type: application/json; charset=utf-8
cache-control: no-cache
content-length: 90

[DEBUG] Adding key: http://localhost:44090 for channel [id: 0xd1d86906, L:/127.0.0.1:54062 - R:localhost/127.0.0.1:44090]
[DEBUG] Using pooled Channel '[id: 0xd1d86906, L:/127.0.0.1:54062 - R:localhost/127.0.0.1:44090]' for 'GET' to 'http://localhost:44090/session/67c054285278ccd4a59a3c8625af4372/element/c14a4392-5c7b-4c8e-af97-ded9f6276981/text'
[DEBUG] Using open Channel [id: 0xd1d86906, L:/127.0.0.1:54062 - R:localhost/127.0.0.1:44090] for GET '/session/67c054285278ccd4a59a3c8625af4372/element/c14a4392-5c7b-4c8e-af97-ded9f6276981/text'
[DEBUG] 

Request DefaultFullHttpRequest(decodeResult: success, version: HTTP/1.1, content: EmptyByteBufBE)
GET /session/67c054285278ccd4a59a3c8625af4372/element/c14a4392-5c7b-4c8e-af97-ded9f6276981/text HTTP/1.1
User-Agent: selenium/4.6.0 (java windows)
Cache-Control: no-cache
Content-Type: application/json; charset=utf-8
host: localhost:44090
accept: */*

Response DefaultHttpResponse(decodeResult: success, version: HTTP/1.1)
HTTP/1.1 200 OK
Content-Type: application/json; charset=utf-8
cache-control: no-cache
content-length: 23

[DEBUG] Adding key: http://localhost:44090 for channel [id: 0xd1d86906, L:/127.0.0.1:54062 - R:localhost/127.0.0.1:44090]
[DEBUG] Using pooled Channel '[id: 0xd1d86906, L:/127.0.0.1:54062 - R:localhost/127.0.0.1:44090]' for 'POST' to 'http://localhost:44090/session/67c054285278ccd4a59a3c8625af4372/elements'
[DEBUG] Using open Channel [id: 0xd1d86906, L:/127.0.0.1:54062 - R:localhost/127.0.0.1:44090] for POST '/session/67c054285278ccd4a59a3c8625af4372/elements'
[DEBUG] 

Request DefaultHttpRequest(decodeResult: success, version: HTTP/1.1)
POST /session/67c054285278ccd4a59a3c8625af4372/elements HTTP/1.1
User-Agent: selenium/4.6.0 (java windows)
Content-Length: 128
Content-Type: application/json; charset=utf-8
host: localhost:44090
accept: */*

Response DefaultHttpResponse(decodeResult: success, version: HTTP/1.1)
HTTP/1.1 200 OK
Content-Type: application/json; charset=utf-8
cache-control: no-cache
content-length: 90

[DEBUG] Adding key: http://localhost:44090 for channel [id: 0xd1d86906, L:/127.0.0.1:54062 - R:localhost/127.0.0.1:44090]
[DEBUG] Using pooled Channel '[id: 0xd1d86906, L:/127.0.0.1:54062 - R:localhost/127.0.0.1:44090]' for 'GET' to 'http://localhost:44090/session/67c054285278ccd4a59a3c8625af4372/element/f5650c22-8465-448c-ba51-06dec5e9a702/text'
[DEBUG] Using open Channel [id: 0xd1d86906, L:/127.0.0.1:54062 - R:localhost/127.0.0.1:44090] for GET '/session/67c054285278ccd4a59a3c8625af4372/element/f5650c22-8465-448c-ba51-06dec5e9a702/text'
[DEBUG] 

Request DefaultFullHttpRequest(decodeResult: success, version: HTTP/1.1, content: EmptyByteBufBE)
GET /session/67c054285278ccd4a59a3c8625af4372/element/f5650c22-8465-448c-ba51-06dec5e9a702/text HTTP/1.1
User-Agent: selenium/4.6.0 (java windows)
Cache-Control: no-cache
Content-Type: application/json; charset=utf-8
host: localhost:44090
accept: */*

Response DefaultHttpResponse(decodeResult: success, version: HTTP/1.1)
HTTP/1.1 200 OK
Content-Type: application/json; charset=utf-8
cache-control: no-cache
content-length: 19

[DEBUG] Adding key: http://localhost:44090 for channel [id: 0xd1d86906, L:/127.0.0.1:54062 - R:localhost/127.0.0.1:44090]
[DEBUG] Using pooled Channel '[id: 0xd1d86906, L:/127.0.0.1:54062 - R:localhost/127.0.0.1:44090]' for 'POST' to 'http://localhost:44090/session/67c054285278ccd4a59a3c8625af4372/elements'
[DEBUG] Using open Channel [id: 0xd1d86906, L:/127.0.0.1:54062 - R:localhost/127.0.0.1:44090] for POST '/session/67c054285278ccd4a59a3c8625af4372/elements'
[DEBUG] 

Request DefaultHttpRequest(decodeResult: success, version: HTTP/1.1)
POST /session/67c054285278ccd4a59a3c8625af4372/elements HTTP/1.1
User-Agent: selenium/4.6.0 (java windows)
Content-Length: 128
Content-Type: application/json; charset=utf-8
host: localhost:44090
accept: */*

Response DefaultHttpResponse(decodeResult: success, version: HTTP/1.1)
HTTP/1.1 200 OK
Content-Type: application/json; charset=utf-8
cache-control: no-cache
content-length: 90

[DEBUG] Adding key: http://localhost:44090 for channel [id: 0xd1d86906, L:/127.0.0.1:54062 - R:localhost/127.0.0.1:44090]
[DEBUG] Using pooled Channel '[id: 0xd1d86906, L:/127.0.0.1:54062 - R:localhost/127.0.0.1:44090]' for 'GET' to 'http://localhost:44090/session/67c054285278ccd4a59a3c8625af4372/element/d6dbafaf-3a4e-4e39-829a-2349c843e605/text'
[DEBUG] Using open Channel [id: 0xd1d86906, L:/127.0.0.1:54062 - R:localhost/127.0.0.1:44090] for GET '/session/67c054285278ccd4a59a3c8625af4372/element/d6dbafaf-3a4e-4e39-829a-2349c843e605/text'
[DEBUG] 

Request DefaultFullHttpRequest(decodeResult: success, version: HTTP/1.1, content: EmptyByteBufBE)
GET /session/67c054285278ccd4a59a3c8625af4372/element/d6dbafaf-3a4e-4e39-829a-2349c843e605/text HTTP/1.1
User-Agent: selenium/4.6.0 (java windows)
Cache-Control: no-cache
Content-Type: application/json; charset=utf-8
host: localhost:44090
accept: */*

Response DefaultHttpResponse(decodeResult: success, version: HTTP/1.1)
HTTP/1.1 200 OK
Content-Type: application/json; charset=utf-8
cache-control: no-cache
content-length: 30

[DEBUG] Adding key: http://localhost:44090 for channel [id: 0xd1d86906, L:/127.0.0.1:54062 - R:localhost/127.0.0.1:44090]
[DEBUG] Using pooled Channel '[id: 0xd1d86906, L:/127.0.0.1:54062 - R:localhost/127.0.0.1:44090]' for 'POST' to 'http://localhost:44090/session/67c054285278ccd4a59a3c8625af4372/elements'
[DEBUG] Using open Channel [id: 0xd1d86906, L:/127.0.0.1:54062 - R:localhost/127.0.0.1:44090] for POST '/session/67c054285278ccd4a59a3c8625af4372/elements'
[DEBUG] 

Request DefaultHttpRequest(decodeResult: success, version: HTTP/1.1)
POST /session/67c054285278ccd4a59a3c8625af4372/elements HTTP/1.1
User-Agent: selenium/4.6.0 (java windows)
Content-Length: 128
Content-Type: application/json; charset=utf-8
host: localhost:44090
accept: */*

Response DefaultHttpResponse(decodeResult: success, version: HTTP/1.1)
HTTP/1.1 200 OK
Content-Type: application/json; charset=utf-8
cache-control: no-cache
content-length: 90

[DEBUG] Adding key: http://localhost:44090 for channel [id: 0xd1d86906, L:/127.0.0.1:54062 - R:localhost/127.0.0.1:44090]
[DEBUG] Using pooled Channel '[id: 0xd1d86906, L:/127.0.0.1:54062 - R:localhost/127.0.0.1:44090]' for 'GET' to 'http://localhost:44090/session/67c054285278ccd4a59a3c8625af4372/element/60d9cc76-f404-46f9-b3a8-115f2921e4c7/text'
[DEBUG] Using open Channel [id: 0xd1d86906, L:/127.0.0.1:54062 - R:localhost/127.0.0.1:44090] for GET '/session/67c054285278ccd4a59a3c8625af4372/element/60d9cc76-f404-46f9-b3a8-115f2921e4c7/text'
[DEBUG] 

Request DefaultFullHttpRequest(decodeResult: success, version: HTTP/1.1, content: EmptyByteBufBE)
GET /session/67c054285278ccd4a59a3c8625af4372/element/60d9cc76-f404-46f9-b3a8-115f2921e4c7/text HTTP/1.1
User-Agent: selenium/4.6.0 (java windows)
Cache-Control: no-cache
Content-Type: application/json; charset=utf-8
host: localhost:44090
accept: */*

Response DefaultHttpResponse(decodeResult: success, version: HTTP/1.1)
HTTP/1.1 200 OK
Content-Type: application/json; charset=utf-8
cache-control: no-cache
content-length: 28

[DEBUG] Adding key: http://localhost:44090 for channel [id: 0xd1d86906, L:/127.0.0.1:54062 - R:localhost/127.0.0.1:44090]
[DEBUG] Using pooled Channel '[id: 0xd1d86906, L:/127.0.0.1:54062 - R:localhost/127.0.0.1:44090]' for 'POST' to 'http://localhost:44090/session/67c054285278ccd4a59a3c8625af4372/element'
[DEBUG] Using open Channel [id: 0xd1d86906, L:/127.0.0.1:54062 - R:localhost/127.0.0.1:44090] for POST '/session/67c054285278ccd4a59a3c8625af4372/element'
[DEBUG] 

Request DefaultHttpRequest(decodeResult: success, version: HTTP/1.1)
POST /session/67c054285278ccd4a59a3c8625af4372/element HTTP/1.1
User-Agent: selenium/4.6.0 (java windows)
Content-Length: 128
Content-Type: application/json; charset=utf-8
host: localhost:44090
accept: */*

Response DefaultHttpResponse(decodeResult: success, version: HTTP/1.1)
HTTP/1.1 200 OK
Content-Type: application/json; charset=utf-8
cache-control: no-cache
content-length: 88

[DEBUG] Adding key: http://localhost:44090 for channel [id: 0xd1d86906, L:/127.0.0.1:54062 - R:localhost/127.0.0.1:44090]
[DEBUG] Using pooled Channel '[id: 0xd1d86906, L:/127.0.0.1:54062 - R:localhost/127.0.0.1:44090]' for 'GET' to 'http://localhost:44090/session/67c054285278ccd4a59a3c8625af4372/element/9829a930-026e-4532-8b61-93f9a14a03e4/text'
[DEBUG] Using open Channel [id: 0xd1d86906, L:/127.0.0.1:54062 - R:localhost/127.0.0.1:44090] for GET '/session/67c054285278ccd4a59a3c8625af4372/element/9829a930-026e-4532-8b61-93f9a14a03e4/text'
[DEBUG] 

Request DefaultFullHttpRequest(decodeResult: success, version: HTTP/1.1, content: EmptyByteBufBE)
GET /session/67c054285278ccd4a59a3c8625af4372/element/9829a930-026e-4532-8b61-93f9a14a03e4/text HTTP/1.1
User-Agent: selenium/4.6.0 (java windows)
Cache-Control: no-cache
Content-Type: application/json; charset=utf-8
host: localhost:44090
accept: */*

Response DefaultHttpResponse(decodeResult: success, version: HTTP/1.1)
HTTP/1.1 200 OK
Content-Type: application/json; charset=utf-8
cache-control: no-cache
content-length: 28

[DEBUG] Adding key: http://localhost:44090 for channel [id: 0xd1d86906, L:/127.0.0.1:54062 - R:localhost/127.0.0.1:44090]
[DEBUG] Using pooled Channel '[id: 0xd1d86906, L:/127.0.0.1:54062 - R:localhost/127.0.0.1:44090]' for 'POST' to 'http://localhost:44090/session/67c054285278ccd4a59a3c8625af4372/elements'
[DEBUG] Using open Channel [id: 0xd1d86906, L:/127.0.0.1:54062 - R:localhost/127.0.0.1:44090] for POST '/session/67c054285278ccd4a59a3c8625af4372/elements'
[DEBUG] 

Request DefaultHttpRequest(decodeResult: success, version: HTTP/1.1)
POST /session/67c054285278ccd4a59a3c8625af4372/elements HTTP/1.1
User-Agent: selenium/4.6.0 (java windows)
Content-Length: 128
Content-Type: application/json; charset=utf-8
host: localhost:44090
accept: */*

Response DefaultHttpResponse(decodeResult: success, version: HTTP/1.1)
HTTP/1.1 200 OK
Content-Type: application/json; charset=utf-8
cache-control: no-cache
content-length: 90

[DEBUG] Adding key: http://localhost:44090 for channel [id: 0xd1d86906, L:/127.0.0.1:54062 - R:localhost/127.0.0.1:44090]
[DEBUG] Using pooled Channel '[id: 0xd1d86906, L:/127.0.0.1:54062 - R:localhost/127.0.0.1:44090]' for 'GET' to 'http://localhost:44090/session/67c054285278ccd4a59a3c8625af4372/element/3d2c9ce3-6f11-482f-b45a-99623ce393ad/text'
[DEBUG] Using open Channel [id: 0xd1d86906, L:/127.0.0.1:54062 - R:localhost/127.0.0.1:44090] for GET '/session/67c054285278ccd4a59a3c8625af4372/element/3d2c9ce3-6f11-482f-b45a-99623ce393ad/text'
[DEBUG] 

Request DefaultFullHttpRequest(decodeResult: success, version: HTTP/1.1, content: EmptyByteBufBE)
GET /session/67c054285278ccd4a59a3c8625af4372/element/3d2c9ce3-6f11-482f-b45a-99623ce393ad/text HTTP/1.1
User-Agent: selenium/4.6.0 (java windows)
Cache-Control: no-cache
Content-Type: application/json; charset=utf-8
host: localhost:44090
accept: */*

Response DefaultHttpResponse(decodeResult: success, version: HTTP/1.1)
HTTP/1.1 200 OK
Content-Type: application/json; charset=utf-8
cache-control: no-cache
content-length: 23

[DEBUG] Adding key: http://localhost:44090 for channel [id: 0xd1d86906, L:/127.0.0.1:54062 - R:localhost/127.0.0.1:44090]
[DEBUG] Using pooled Channel '[id: 0xd1d86906, L:/127.0.0.1:54062 - R:localhost/127.0.0.1:44090]' for 'POST' to 'http://localhost:44090/session/67c054285278ccd4a59a3c8625af4372/elements'
[DEBUG] Using open Channel [id: 0xd1d86906, L:/127.0.0.1:54062 - R:localhost/127.0.0.1:44090] for POST '/session/67c054285278ccd4a59a3c8625af4372/elements'
[DEBUG] 

Request DefaultHttpRequest(decodeResult: success, version: HTTP/1.1)
POST /session/67c054285278ccd4a59a3c8625af4372/elements HTTP/1.1
User-Agent: selenium/4.6.0 (java windows)
Content-Length: 128
Content-Type: application/json; charset=utf-8
host: localhost:44090
accept: */*

Response DefaultHttpResponse(decodeResult: success, version: HTTP/1.1)
HTTP/1.1 200 OK
Content-Type: application/json; charset=utf-8
cache-control: no-cache
content-length: 90

[DEBUG] Adding key: http://localhost:44090 for channel [id: 0xd1d86906, L:/127.0.0.1:54062 - R:localhost/127.0.0.1:44090]
[DEBUG] Using pooled Channel '[id: 0xd1d86906, L:/127.0.0.1:54062 - R:localhost/127.0.0.1:44090]' for 'GET' to 'http://localhost:44090/session/67c054285278ccd4a59a3c8625af4372/element/c0951f08-c636-41e5-92d4-9f29f5fbb480/text'
[DEBUG] Using open Channel [id: 0xd1d86906, L:/127.0.0.1:54062 - R:localhost/127.0.0.1:44090] for GET '/session/67c054285278ccd4a59a3c8625af4372/element/c0951f08-c636-41e5-92d4-9f29f5fbb480/text'
[DEBUG] 

Request DefaultFullHttpRequest(decodeResult: success, version: HTTP/1.1, content: EmptyByteBufBE)
GET /session/67c054285278ccd4a59a3c8625af4372/element/c0951f08-c636-41e5-92d4-9f29f5fbb480/text HTTP/1.1
User-Agent: selenium/4.6.0 (java windows)
Cache-Control: no-cache
Content-Type: application/json; charset=utf-8
host: localhost:44090
accept: */*

Response DefaultHttpResponse(decodeResult: success, version: HTTP/1.1)
HTTP/1.1 200 OK
Content-Type: application/json; charset=utf-8
cache-control: no-cache
content-length: 21

[DEBUG] Adding key: http://localhost:44090 for channel [id: 0xd1d86906, L:/127.0.0.1:54062 - R:localhost/127.0.0.1:44090]
[DEBUG] Using pooled Channel '[id: 0xd1d86906, L:/127.0.0.1:54062 - R:localhost/127.0.0.1:44090]' for 'POST' to 'http://localhost:44090/session/67c054285278ccd4a59a3c8625af4372/elements'
[DEBUG] Using open Channel [id: 0xd1d86906, L:/127.0.0.1:54062 - R:localhost/127.0.0.1:44090] for POST '/session/67c054285278ccd4a59a3c8625af4372/elements'
[DEBUG] 

Request DefaultHttpRequest(decodeResult: success, version: HTTP/1.1)
POST /session/67c054285278ccd4a59a3c8625af4372/elements HTTP/1.1
User-Agent: selenium/4.6.0 (java windows)
Content-Length: 128
Content-Type: application/json; charset=utf-8
host: localhost:44090
accept: */*

Response DefaultHttpResponse(decodeResult: success, version: HTTP/1.1)
HTTP/1.1 200 OK
Content-Type: application/json; charset=utf-8
cache-control: no-cache
content-length: 90

[DEBUG] Adding key: http://localhost:44090 for channel [id: 0xd1d86906, L:/127.0.0.1:54062 - R:localhost/127.0.0.1:44090]
[DEBUG] Using pooled Channel '[id: 0xd1d86906, L:/127.0.0.1:54062 - R:localhost/127.0.0.1:44090]' for 'GET' to 'http://localhost:44090/session/67c054285278ccd4a59a3c8625af4372/element/ffcef456-a30d-4532-b72e-bfa0dbc3f6cc/text'
[DEBUG] Using open Channel [id: 0xd1d86906, L:/127.0.0.1:54062 - R:localhost/127.0.0.1:44090] for GET '/session/67c054285278ccd4a59a3c8625af4372/element/ffcef456-a30d-4532-b72e-bfa0dbc3f6cc/text'
[DEBUG] 

Request DefaultFullHttpRequest(decodeResult: success, version: HTTP/1.1, content: EmptyByteBufBE)
GET /session/67c054285278ccd4a59a3c8625af4372/element/ffcef456-a30d-4532-b72e-bfa0dbc3f6cc/text HTTP/1.1
User-Agent: selenium/4.6.0 (java windows)
Cache-Control: no-cache
Content-Type: application/json; charset=utf-8
host: localhost:44090
accept: */*

Response DefaultHttpResponse(decodeResult: success, version: HTTP/1.1)
HTTP/1.1 200 OK
Content-Type: application/json; charset=utf-8
cache-control: no-cache
content-length: 17

[DEBUG] Adding key: http://localhost:44090 for channel [id: 0xd1d86906, L:/127.0.0.1:54062 - R:localhost/127.0.0.1:44090]
[DEBUG] Using pooled Channel '[id: 0xd1d86906, L:/127.0.0.1:54062 - R:localhost/127.0.0.1:44090]' for 'POST' to 'http://localhost:44090/session/67c054285278ccd4a59a3c8625af4372/elements'
[DEBUG] Using open Channel [id: 0xd1d86906, L:/127.0.0.1:54062 - R:localhost/127.0.0.1:44090] for POST '/session/67c054285278ccd4a59a3c8625af4372/elements'
[DEBUG] 

Request DefaultHttpRequest(decodeResult: success, version: HTTP/1.1)
POST /session/67c054285278ccd4a59a3c8625af4372/elements HTTP/1.1
User-Agent: selenium/4.6.0 (java windows)
Content-Length: 128
Content-Type: application/json; charset=utf-8
host: localhost:44090
accept: */*

Response DefaultHttpResponse(decodeResult: success, version: HTTP/1.1)
HTTP/1.1 200 OK
Content-Type: application/json; charset=utf-8
cache-control: no-cache
content-length: 90

[DEBUG] Adding key: http://localhost:44090 for channel [id: 0xd1d86906, L:/127.0.0.1:54062 - R:localhost/127.0.0.1:44090]
[DEBUG] Using pooled Channel '[id: 0xd1d86906, L:/127.0.0.1:54062 - R:localhost/127.0.0.1:44090]' for 'GET' to 'http://localhost:44090/session/67c054285278ccd4a59a3c8625af4372/element/9829a930-026e-4532-8b61-93f9a14a03e4/text'
[DEBUG] Using open Channel [id: 0xd1d86906, L:/127.0.0.1:54062 - R:localhost/127.0.0.1:44090] for GET '/session/67c054285278ccd4a59a3c8625af4372/element/9829a930-026e-4532-8b61-93f9a14a03e4/text'
[DEBUG] 

Request DefaultFullHttpRequest(decodeResult: success, version: HTTP/1.1, content: EmptyByteBufBE)
GET /session/67c054285278ccd4a59a3c8625af4372/element/9829a930-026e-4532-8b61-93f9a14a03e4/text HTTP/1.1
User-Agent: selenium/4.6.0 (java windows)
Cache-Control: no-cache
Content-Type: application/json; charset=utf-8
host: localhost:44090
accept: */*

Response DefaultHttpResponse(decodeResult: success, version: HTTP/1.1)
HTTP/1.1 200 OK
Content-Type: application/json; charset=utf-8
cache-control: no-cache
content-length: 28

[DEBUG] Adding key: http://localhost:44090 for channel [id: 0xd1d86906, L:/127.0.0.1:54062 - R:localhost/127.0.0.1:44090]
[DEBUG] Using pooled Channel '[id: 0xd1d86906, L:/127.0.0.1:54062 - R:localhost/127.0.0.1:44090]' for 'POST' to 'http://localhost:44090/session/67c054285278ccd4a59a3c8625af4372/element'
[DEBUG] Using open Channel [id: 0xd1d86906, L:/127.0.0.1:54062 - R:localhost/127.0.0.1:44090] for POST '/session/67c054285278ccd4a59a3c8625af4372/element'
[DEBUG] 

Request DefaultHttpRequest(decodeResult: success, version: HTTP/1.1)
POST /session/67c054285278ccd4a59a3c8625af4372/element HTTP/1.1
User-Agent: selenium/4.6.0 (java windows)
Content-Length: 128
Content-Type: application/json; charset=utf-8
host: localhost:44090
accept: */*

Response DefaultHttpResponse(decodeResult: success, version: HTTP/1.1)
HTTP/1.1 200 OK
Content-Type: application/json; charset=utf-8
cache-control: no-cache
content-length: 88

[DEBUG] Adding key: http://localhost:44090 for channel [id: 0xd1d86906, L:/127.0.0.1:54062 - R:localhost/127.0.0.1:44090]
[DEBUG] Using pooled Channel '[id: 0xd1d86906, L:/127.0.0.1:54062 - R:localhost/127.0.0.1:44090]' for 'GET' to 'http://localhost:44090/session/67c054285278ccd4a59a3c8625af4372/element/2fb7f151-dab0-4cf8-99ac-01bbd9b8b7ea/text'
[DEBUG] Using open Channel [id: 0xd1d86906, L:/127.0.0.1:54062 - R:localhost/127.0.0.1:44090] for GET '/session/67c054285278ccd4a59a3c8625af4372/element/2fb7f151-dab0-4cf8-99ac-01bbd9b8b7ea/text'
[DEBUG] 

Request DefaultFullHttpRequest(decodeResult: success, version: HTTP/1.1, content: EmptyByteBufBE)
GET /session/67c054285278ccd4a59a3c8625af4372/element/2fb7f151-dab0-4cf8-99ac-01bbd9b8b7ea/text HTTP/1.1
User-Agent: selenium/4.6.0 (java windows)
Cache-Control: no-cache
Content-Type: application/json; charset=utf-8
host: localhost:44090
accept: */*

Response DefaultHttpResponse(decodeResult: success, version: HTTP/1.1)
HTTP/1.1 200 OK
Content-Type: application/json; charset=utf-8
cache-control: no-cache
content-length: 28

[DEBUG] Adding key: http://localhost:44090 for channel [id: 0xd1d86906, L:/127.0.0.1:54062 - R:localhost/127.0.0.1:44090]
[DEBUG] Using pooled Channel '[id: 0xd1d86906, L:/127.0.0.1:54062 - R:localhost/127.0.0.1:44090]' for 'POST' to 'http://localhost:44090/session/67c054285278ccd4a59a3c8625af4372/elements'
[DEBUG] Using open Channel [id: 0xd1d86906, L:/127.0.0.1:54062 - R:localhost/127.0.0.1:44090] for POST '/session/67c054285278ccd4a59a3c8625af4372/elements'
[DEBUG] 

Request DefaultHttpRequest(decodeResult: success, version: HTTP/1.1)
POST /session/67c054285278ccd4a59a3c8625af4372/elements HTTP/1.1
User-Agent: selenium/4.6.0 (java windows)
Content-Length: 128
Content-Type: application/json; charset=utf-8
host: localhost:44090
accept: */*

Response DefaultHttpResponse(decodeResult: success, version: HTTP/1.1)
HTTP/1.1 200 OK
Content-Type: application/json; charset=utf-8
cache-control: no-cache
content-length: 90

[DEBUG] Adding key: http://localhost:44090 for channel [id: 0xd1d86906, L:/127.0.0.1:54062 - R:localhost/127.0.0.1:44090]
[DEBUG] Using pooled Channel '[id: 0xd1d86906, L:/127.0.0.1:54062 - R:localhost/127.0.0.1:44090]' for 'GET' to 'http://localhost:44090/session/67c054285278ccd4a59a3c8625af4372/element/beefa5a2-3d4c-456e-9c74-ca80edfa5f02/text'
[DEBUG] Using open Channel [id: 0xd1d86906, L:/127.0.0.1:54062 - R:localhost/127.0.0.1:44090] for GET '/session/67c054285278ccd4a59a3c8625af4372/element/beefa5a2-3d4c-456e-9c74-ca80edfa5f02/text'
[DEBUG] 

Request DefaultFullHttpRequest(decodeResult: success, version: HTTP/1.1, content: EmptyByteBufBE)
GET /session/67c054285278ccd4a59a3c8625af4372/element/beefa5a2-3d4c-456e-9c74-ca80edfa5f02/text HTTP/1.1
User-Agent: selenium/4.6.0 (java windows)
Cache-Control: no-cache
Content-Type: application/json; charset=utf-8
host: localhost:44090
accept: */*

Response DefaultHttpResponse(decodeResult: success, version: HTTP/1.1)
HTTP/1.1 200 OK
Content-Type: application/json; charset=utf-8
cache-control: no-cache
content-length: 23

[DEBUG] Adding key: http://localhost:44090 for channel [id: 0xd1d86906, L:/127.0.0.1:54062 - R:localhost/127.0.0.1:44090]
[DEBUG] Using pooled Channel '[id: 0xd1d86906, L:/127.0.0.1:54062 - R:localhost/127.0.0.1:44090]' for 'POST' to 'http://localhost:44090/session/67c054285278ccd4a59a3c8625af4372/elements'
[DEBUG] Using open Channel [id: 0xd1d86906, L:/127.0.0.1:54062 - R:localhost/127.0.0.1:44090] for POST '/session/67c054285278ccd4a59a3c8625af4372/elements'
[DEBUG] 

Request DefaultHttpRequest(decodeResult: success, version: HTTP/1.1)
POST /session/67c054285278ccd4a59a3c8625af4372/elements HTTP/1.1
User-Agent: selenium/4.6.0 (java windows)
Content-Length: 128
Content-Type: application/json; charset=utf-8
host: localhost:44090
accept: */*

Response DefaultHttpResponse(decodeResult: success, version: HTTP/1.1)
HTTP/1.1 200 OK
Content-Type: application/json; charset=utf-8
cache-control: no-cache
content-length: 90

[DEBUG] Adding key: http://localhost:44090 for channel [id: 0xd1d86906, L:/127.0.0.1:54062 - R:localhost/127.0.0.1:44090]
[DEBUG] Using pooled Channel '[id: 0xd1d86906, L:/127.0.0.1:54062 - R:localhost/127.0.0.1:44090]' for 'GET' to 'http://localhost:44090/session/67c054285278ccd4a59a3c8625af4372/element/8723432f-bd4b-4925-a449-4952e601972b/text'
[DEBUG] Using open Channel [id: 0xd1d86906, L:/127.0.0.1:54062 - R:localhost/127.0.0.1:44090] for GET '/session/67c054285278ccd4a59a3c8625af4372/element/8723432f-bd4b-4925-a449-4952e601972b/text'
[DEBUG] 

Request DefaultFullHttpRequest(decodeResult: success, version: HTTP/1.1, content: EmptyByteBufBE)
GET /session/67c054285278ccd4a59a3c8625af4372/element/8723432f-bd4b-4925-a449-4952e601972b/text HTTP/1.1
User-Agent: selenium/4.6.0 (java windows)
Cache-Control: no-cache
Content-Type: application/json; charset=utf-8
host: localhost:44090
accept: */*

Response DefaultHttpResponse(decodeResult: success, version: HTTP/1.1)
HTTP/1.1 200 OK
Content-Type: application/json; charset=utf-8
cache-control: no-cache
content-length: 20

[DEBUG] Adding key: http://localhost:44090 for channel [id: 0xd1d86906, L:/127.0.0.1:54062 - R:localhost/127.0.0.1:44090]
[DEBUG] Using pooled Channel '[id: 0xd1d86906, L:/127.0.0.1:54062 - R:localhost/127.0.0.1:44090]' for 'POST' to 'http://localhost:44090/session/67c054285278ccd4a59a3c8625af4372/elements'
[DEBUG] Using open Channel [id: 0xd1d86906, L:/127.0.0.1:54062 - R:localhost/127.0.0.1:44090] for POST '/session/67c054285278ccd4a59a3c8625af4372/elements'
[DEBUG] 

Request DefaultHttpRequest(decodeResult: success, version: HTTP/1.1)
POST /session/67c054285278ccd4a59a3c8625af4372/elements HTTP/1.1
User-Agent: selenium/4.6.0 (java windows)
Content-Length: 128
Content-Type: application/json; charset=utf-8
host: localhost:44090
accept: */*

Response DefaultHttpResponse(decodeResult: success, version: HTTP/1.1)
HTTP/1.1 200 OK
Content-Type: application/json; charset=utf-8
cache-control: no-cache
content-length: 90

[DEBUG] Adding key: http://localhost:44090 for channel [id: 0xd1d86906, L:/127.0.0.1:54062 - R:localhost/127.0.0.1:44090]
[DEBUG] Using pooled Channel '[id: 0xd1d86906, L:/127.0.0.1:54062 - R:localhost/127.0.0.1:44090]' for 'GET' to 'http://localhost:44090/session/67c054285278ccd4a59a3c8625af4372/element/c8a85077-602c-44b7-b7d5-48bd7d9c1e31/text'
[DEBUG] Using open Channel [id: 0xd1d86906, L:/127.0.0.1:54062 - R:localhost/127.0.0.1:44090] for GET '/session/67c054285278ccd4a59a3c8625af4372/element/c8a85077-602c-44b7-b7d5-48bd7d9c1e31/text'
[DEBUG] 

Request DefaultFullHttpRequest(decodeResult: success, version: HTTP/1.1, content: EmptyByteBufBE)
GET /session/67c054285278ccd4a59a3c8625af4372/element/c8a85077-602c-44b7-b7d5-48bd7d9c1e31/text HTTP/1.1
User-Agent: selenium/4.6.0 (java windows)
Cache-Control: no-cache
Content-Type: application/json; charset=utf-8
host: localhost:44090
accept: */*

Response DefaultHttpResponse(decodeResult: success, version: HTTP/1.1)
HTTP/1.1 200 OK
Content-Type: application/json; charset=utf-8
cache-control: no-cache
content-length: 27

[DEBUG] Adding key: http://localhost:44090 for channel [id: 0xd1d86906, L:/127.0.0.1:54062 - R:localhost/127.0.0.1:44090]
[DEBUG] Using pooled Channel '[id: 0xd1d86906, L:/127.0.0.1:54062 - R:localhost/127.0.0.1:44090]' for 'POST' to 'http://localhost:44090/session/67c054285278ccd4a59a3c8625af4372/elements'
[DEBUG] Using open Channel [id: 0xd1d86906, L:/127.0.0.1:54062 - R:localhost/127.0.0.1:44090] for POST '/session/67c054285278ccd4a59a3c8625af4372/elements'
[DEBUG] 

Request DefaultHttpRequest(decodeResult: success, version: HTTP/1.1)
POST /session/67c054285278ccd4a59a3c8625af4372/elements HTTP/1.1
User-Agent: selenium/4.6.0 (java windows)
Content-Length: 128
Content-Type: application/json; charset=utf-8
host: localhost:44090
accept: */*

Response DefaultHttpResponse(decodeResult: success, version: HTTP/1.1)
HTTP/1.1 200 OK
Content-Type: application/json; charset=utf-8
cache-control: no-cache
content-length: 90

[DEBUG] Adding key: http://localhost:44090 for channel [id: 0xd1d86906, L:/127.0.0.1:54062 - R:localhost/127.0.0.1:44090]
[DEBUG] Using pooled Channel '[id: 0xd1d86906, L:/127.0.0.1:54062 - R:localhost/127.0.0.1:44090]' for 'GET' to 'http://localhost:44090/session/67c054285278ccd4a59a3c8625af4372/element/2fb7f151-dab0-4cf8-99ac-01bbd9b8b7ea/text'
[DEBUG] Using open Channel [id: 0xd1d86906, L:/127.0.0.1:54062 - R:localhost/127.0.0.1:44090] for GET '/session/67c054285278ccd4a59a3c8625af4372/element/2fb7f151-dab0-4cf8-99ac-01bbd9b8b7ea/text'
[DEBUG] 

Request DefaultFullHttpRequest(decodeResult: success, version: HTTP/1.1, content: EmptyByteBufBE)
GET /session/67c054285278ccd4a59a3c8625af4372/element/2fb7f151-dab0-4cf8-99ac-01bbd9b8b7ea/text HTTP/1.1
User-Agent: selenium/4.6.0 (java windows)
Cache-Control: no-cache
Content-Type: application/json; charset=utf-8
host: localhost:44090
accept: */*

Response DefaultHttpResponse(decodeResult: success, version: HTTP/1.1)
HTTP/1.1 200 OK
Content-Type: application/json; charset=utf-8
cache-control: no-cache
content-length: 28

[DEBUG] Adding key: http://localhost:44090 for channel [id: 0xd1d86906, L:/127.0.0.1:54062 - R:localhost/127.0.0.1:44090]
[DEBUG] Using pooled Channel '[id: 0xd1d86906, L:/127.0.0.1:54062 - R:localhost/127.0.0.1:44090]' for 'POST' to 'http://localhost:44090/session/67c054285278ccd4a59a3c8625af4372/element'
[DEBUG] Using open Channel [id: 0xd1d86906, L:/127.0.0.1:54062 - R:localhost/127.0.0.1:44090] for POST '/session/67c054285278ccd4a59a3c8625af4372/element'
[DEBUG] 

Request DefaultHttpRequest(decodeResult: success, version: HTTP/1.1)
POST /session/67c054285278ccd4a59a3c8625af4372/element HTTP/1.1
User-Agent: selenium/4.6.0 (java windows)
Content-Length: 128
Content-Type: application/json; charset=utf-8
host: localhost:44090
accept: */*

Response DefaultHttpResponse(decodeResult: success, version: HTTP/1.1)
HTTP/1.1 200 OK
Content-Type: application/json; charset=utf-8
cache-control: no-cache
content-length: 88

[DEBUG] Adding key: http://localhost:44090 for channel [id: 0xd1d86906, L:/127.0.0.1:54062 - R:localhost/127.0.0.1:44090]
[DEBUG] Using pooled Channel '[id: 0xd1d86906, L:/127.0.0.1:54062 - R:localhost/127.0.0.1:44090]' for 'GET' to 'http://localhost:44090/session/67c054285278ccd4a59a3c8625af4372/element/1919ad03-8ba8-4ba1-9621-b2c8ec869abd/text'
[DEBUG] Using open Channel [id: 0xd1d86906, L:/127.0.0.1:54062 - R:localhost/127.0.0.1:44090] for GET '/session/67c054285278ccd4a59a3c8625af4372/element/1919ad03-8ba8-4ba1-9621-b2c8ec869abd/text'
[DEBUG] 

Request DefaultFullHttpRequest(decodeResult: success, version: HTTP/1.1, content: EmptyByteBufBE)
GET /session/67c054285278ccd4a59a3c8625af4372/element/1919ad03-8ba8-4ba1-9621-b2c8ec869abd/text HTTP/1.1
User-Agent: selenium/4.6.0 (java windows)
Cache-Control: no-cache
Content-Type: application/json; charset=utf-8
host: localhost:44090
accept: */*

Response DefaultHttpResponse(decodeResult: success, version: HTTP/1.1)
HTTP/1.1 200 OK
Content-Type: application/json; charset=utf-8
cache-control: no-cache
content-length: 28

[DEBUG] Adding key: http://localhost:44090 for channel [id: 0xd1d86906, L:/127.0.0.1:54062 - R:localhost/127.0.0.1:44090]
[DEBUG] Using pooled Channel '[id: 0xd1d86906, L:/127.0.0.1:54062 - R:localhost/127.0.0.1:44090]' for 'POST' to 'http://localhost:44090/session/67c054285278ccd4a59a3c8625af4372/elements'
[DEBUG] Using open Channel [id: 0xd1d86906, L:/127.0.0.1:54062 - R:localhost/127.0.0.1:44090] for POST '/session/67c054285278ccd4a59a3c8625af4372/elements'
[DEBUG] 

Request DefaultHttpRequest(decodeResult: success, version: HTTP/1.1)
POST /session/67c054285278ccd4a59a3c8625af4372/elements HTTP/1.1
User-Agent: selenium/4.6.0 (java windows)
Content-Length: 128
Content-Type: application/json; charset=utf-8
host: localhost:44090
accept: */*

Response DefaultHttpResponse(decodeResult: success, version: HTTP/1.1)
HTTP/1.1 200 OK
Content-Type: application/json; charset=utf-8
cache-control: no-cache
content-length: 90

[DEBUG] Adding key: http://localhost:44090 for channel [id: 0xd1d86906, L:/127.0.0.1:54062 - R:localhost/127.0.0.1:44090]
[DEBUG] Using pooled Channel '[id: 0xd1d86906, L:/127.0.0.1:54062 - R:localhost/127.0.0.1:44090]' for 'GET' to 'http://localhost:44090/session/67c054285278ccd4a59a3c8625af4372/element/89f727b7-e6cb-41ef-a03b-e81350ff0d23/text'
[DEBUG] Using open Channel [id: 0xd1d86906, L:/127.0.0.1:54062 - R:localhost/127.0.0.1:44090] for GET '/session/67c054285278ccd4a59a3c8625af4372/element/89f727b7-e6cb-41ef-a03b-e81350ff0d23/text'
[DEBUG] 

Request DefaultFullHttpRequest(decodeResult: success, version: HTTP/1.1, content: EmptyByteBufBE)
GET /session/67c054285278ccd4a59a3c8625af4372/element/89f727b7-e6cb-41ef-a03b-e81350ff0d23/text HTTP/1.1
User-Agent: selenium/4.6.0 (java windows)
Cache-Control: no-cache
Content-Type: application/json; charset=utf-8
host: localhost:44090
accept: */*

Response DefaultHttpResponse(decodeResult: success, version: HTTP/1.1)
HTTP/1.1 200 OK
Content-Type: application/json; charset=utf-8
cache-control: no-cache
content-length: 23

[DEBUG] Adding key: http://localhost:44090 for channel [id: 0xd1d86906, L:/127.0.0.1:54062 - R:localhost/127.0.0.1:44090]
[DEBUG] Using pooled Channel '[id: 0xd1d86906, L:/127.0.0.1:54062 - R:localhost/127.0.0.1:44090]' for 'POST' to 'http://localhost:44090/session/67c054285278ccd4a59a3c8625af4372/elements'
[DEBUG] Using open Channel [id: 0xd1d86906, L:/127.0.0.1:54062 - R:localhost/127.0.0.1:44090] for POST '/session/67c054285278ccd4a59a3c8625af4372/elements'
[DEBUG] 

Request DefaultHttpRequest(decodeResult: success, version: HTTP/1.1)
POST /session/67c054285278ccd4a59a3c8625af4372/elements HTTP/1.1
User-Agent: selenium/4.6.0 (java windows)
Content-Length: 128
Content-Type: application/json; charset=utf-8
host: localhost:44090
accept: */*

Response DefaultHttpResponse(decodeResult: success, version: HTTP/1.1)
HTTP/1.1 200 OK
Content-Type: application/json; charset=utf-8
cache-control: no-cache
content-length: 90

[DEBUG] Adding key: http://localhost:44090 for channel [id: 0xd1d86906, L:/127.0.0.1:54062 - R:localhost/127.0.0.1:44090]
[DEBUG] Using pooled Channel '[id: 0xd1d86906, L:/127.0.0.1:54062 - R:localhost/127.0.0.1:44090]' for 'GET' to 'http://localhost:44090/session/67c054285278ccd4a59a3c8625af4372/element/53851077-23f0-4780-b7ca-8ca40243997c/text'
[DEBUG] Using open Channel [id: 0xd1d86906, L:/127.0.0.1:54062 - R:localhost/127.0.0.1:44090] for GET '/session/67c054285278ccd4a59a3c8625af4372/element/53851077-23f0-4780-b7ca-8ca40243997c/text'
[DEBUG] 

Request DefaultFullHttpRequest(decodeResult: success, version: HTTP/1.1, content: EmptyByteBufBE)
GET /session/67c054285278ccd4a59a3c8625af4372/element/53851077-23f0-4780-b7ca-8ca40243997c/text HTTP/1.1
User-Agent: selenium/4.6.0 (java windows)
Cache-Control: no-cache
Content-Type: application/json; charset=utf-8
host: localhost:44090
accept: */*

Response DefaultHttpResponse(decodeResult: success, version: HTTP/1.1)
HTTP/1.1 200 OK
Content-Type: application/json; charset=utf-8
cache-control: no-cache
content-length: 18

[DEBUG] Adding key: http://localhost:44090 for channel [id: 0xd1d86906, L:/127.0.0.1:54062 - R:localhost/127.0.0.1:44090]
[DEBUG] Using pooled Channel '[id: 0xd1d86906, L:/127.0.0.1:54062 - R:localhost/127.0.0.1:44090]' for 'POST' to 'http://localhost:44090/session/67c054285278ccd4a59a3c8625af4372/elements'
[DEBUG] Using open Channel [id: 0xd1d86906, L:/127.0.0.1:54062 - R:localhost/127.0.0.1:44090] for POST '/session/67c054285278ccd4a59a3c8625af4372/elements'
[DEBUG] 

Request DefaultHttpRequest(decodeResult: success, version: HTTP/1.1)
POST /session/67c054285278ccd4a59a3c8625af4372/elements HTTP/1.1
User-Agent: selenium/4.6.0 (java windows)
Content-Length: 128
Content-Type: application/json; charset=utf-8
host: localhost:44090
accept: */*

Response DefaultHttpResponse(decodeResult: success, version: HTTP/1.1)
HTTP/1.1 200 OK
Content-Type: application/json; charset=utf-8
cache-control: no-cache
content-length: 90

[DEBUG] Adding key: http://localhost:44090 for channel [id: 0xd1d86906, L:/127.0.0.1:54062 - R:localhost/127.0.0.1:44090]
[DEBUG] Using pooled Channel '[id: 0xd1d86906, L:/127.0.0.1:54062 - R:localhost/127.0.0.1:44090]' for 'GET' to 'http://localhost:44090/session/67c054285278ccd4a59a3c8625af4372/element/d22a0deb-5130-4c4c-a299-09b2bd137ec4/text'
[DEBUG] Using open Channel [id: 0xd1d86906, L:/127.0.0.1:54062 - R:localhost/127.0.0.1:44090] for GET '/session/67c054285278ccd4a59a3c8625af4372/element/d22a0deb-5130-4c4c-a299-09b2bd137ec4/text'
[DEBUG] 

Request DefaultFullHttpRequest(decodeResult: success, version: HTTP/1.1, content: EmptyByteBufBE)
GET /session/67c054285278ccd4a59a3c8625af4372/element/d22a0deb-5130-4c4c-a299-09b2bd137ec4/text HTTP/1.1
User-Agent: selenium/4.6.0 (java windows)
Cache-Control: no-cache
Content-Type: application/json; charset=utf-8
host: localhost:44090
accept: */*

Response DefaultHttpResponse(decodeResult: success, version: HTTP/1.1)
HTTP/1.1 200 OK
Content-Type: application/json; charset=utf-8
cache-control: no-cache
content-length: 40

[DEBUG] Adding key: http://localhost:44090 for channel [id: 0xd1d86906, L:/127.0.0.1:54062 - R:localhost/127.0.0.1:44090]
[DEBUG] Using pooled Channel '[id: 0xd1d86906, L:/127.0.0.1:54062 - R:localhost/127.0.0.1:44090]' for 'POST' to 'http://localhost:44090/session/67c054285278ccd4a59a3c8625af4372/elements'
[DEBUG] Using open Channel [id: 0xd1d86906, L:/127.0.0.1:54062 - R:localhost/127.0.0.1:44090] for POST '/session/67c054285278ccd4a59a3c8625af4372/elements'
[DEBUG] 

Request DefaultHttpRequest(decodeResult: success, version: HTTP/1.1)
POST /session/67c054285278ccd4a59a3c8625af4372/elements HTTP/1.1
User-Agent: selenium/4.6.0 (java windows)
Content-Length: 128
Content-Type: application/json; charset=utf-8
host: localhost:44090
accept: */*

Response DefaultHttpResponse(decodeResult: success, version: HTTP/1.1)
HTTP/1.1 200 OK
Content-Type: application/json; charset=utf-8
cache-control: no-cache
content-length: 90

[DEBUG] Adding key: http://localhost:44090 for channel [id: 0xd1d86906, L:/127.0.0.1:54062 - R:localhost/127.0.0.1:44090]
[DEBUG] Using pooled Channel '[id: 0xd1d86906, L:/127.0.0.1:54062 - R:localhost/127.0.0.1:44090]' for 'GET' to 'http://localhost:44090/session/67c054285278ccd4a59a3c8625af4372/element/1919ad03-8ba8-4ba1-9621-b2c8ec869abd/text'
[DEBUG] Using open Channel [id: 0xd1d86906, L:/127.0.0.1:54062 - R:localhost/127.0.0.1:44090] for GET '/session/67c054285278ccd4a59a3c8625af4372/element/1919ad03-8ba8-4ba1-9621-b2c8ec869abd/text'
[DEBUG] 

Request DefaultFullHttpRequest(decodeResult: success, version: HTTP/1.1, content: EmptyByteBufBE)
GET /session/67c054285278ccd4a59a3c8625af4372/element/1919ad03-8ba8-4ba1-9621-b2c8ec869abd/text HTTP/1.1
User-Agent: selenium/4.6.0 (java windows)
Cache-Control: no-cache
Content-Type: application/json; charset=utf-8
host: localhost:44090
accept: */*

Response DefaultHttpResponse(decodeResult: success, version: HTTP/1.1)
HTTP/1.1 200 OK
Content-Type: application/json; charset=utf-8
cache-control: no-cache
content-length: 28

[DEBUG] Adding key: http://localhost:44090 for channel [id: 0xd1d86906, L:/127.0.0.1:54062 - R:localhost/127.0.0.1:44090]
[DEBUG] Using pooled Channel '[id: 0xd1d86906, L:/127.0.0.1:54062 - R:localhost/127.0.0.1:44090]' for 'POST' to 'http://localhost:44090/session/67c054285278ccd4a59a3c8625af4372/element'
[DEBUG] Using open Channel [id: 0xd1d86906, L:/127.0.0.1:54062 - R:localhost/127.0.0.1:44090] for POST '/session/67c054285278ccd4a59a3c8625af4372/element'
[DEBUG] 

Request DefaultHttpRequest(decodeResult: success, version: HTTP/1.1)
POST /session/67c054285278ccd4a59a3c8625af4372/element HTTP/1.1
User-Agent: selenium/4.6.0 (java windows)
Content-Length: 128
Content-Type: application/json; charset=utf-8
host: localhost:44090
accept: */*

Response DefaultHttpResponse(decodeResult: success, version: HTTP/1.1)
HTTP/1.1 200 OK
Content-Type: application/json; charset=utf-8
cache-control: no-cache
content-length: 88

[DEBUG] Adding key: http://localhost:44090 for channel [id: 0xd1d86906, L:/127.0.0.1:54062 - R:localhost/127.0.0.1:44090]
[DEBUG] Using pooled Channel '[id: 0xd1d86906, L:/127.0.0.1:54062 - R:localhost/127.0.0.1:44090]' for 'GET' to 'http://localhost:44090/session/67c054285278ccd4a59a3c8625af4372/element/769b3997-db56-4fbf-8845-51ad3b9d9e65/text'
[DEBUG] Using open Channel [id: 0xd1d86906, L:/127.0.0.1:54062 - R:localhost/127.0.0.1:44090] for GET '/session/67c054285278ccd4a59a3c8625af4372/element/769b3997-db56-4fbf-8845-51ad3b9d9e65/text'
[DEBUG] 

Request DefaultFullHttpRequest(decodeResult: success, version: HTTP/1.1, content: EmptyByteBufBE)
GET /session/67c054285278ccd4a59a3c8625af4372/element/769b3997-db56-4fbf-8845-51ad3b9d9e65/text HTTP/1.1
User-Agent: selenium/4.6.0 (java windows)
Cache-Control: no-cache
Content-Type: application/json; charset=utf-8
host: localhost:44090
accept: */*

Response DefaultHttpResponse(decodeResult: success, version: HTTP/1.1)
HTTP/1.1 200 OK
Content-Type: application/json; charset=utf-8
cache-control: no-cache
content-length: 28

[DEBUG] Adding key: http://localhost:44090 for channel [id: 0xd1d86906, L:/127.0.0.1:54062 - R:localhost/127.0.0.1:44090]
[DEBUG] Using pooled Channel '[id: 0xd1d86906, L:/127.0.0.1:54062 - R:localhost/127.0.0.1:44090]' for 'POST' to 'http://localhost:44090/session/67c054285278ccd4a59a3c8625af4372/elements'
[DEBUG] Using open Channel [id: 0xd1d86906, L:/127.0.0.1:54062 - R:localhost/127.0.0.1:44090] for POST '/session/67c054285278ccd4a59a3c8625af4372/elements'
[DEBUG] 

Request DefaultHttpRequest(decodeResult: success, version: HTTP/1.1)
POST /session/67c054285278ccd4a59a3c8625af4372/elements HTTP/1.1
User-Agent: selenium/4.6.0 (java windows)
Content-Length: 128
Content-Type: application/json; charset=utf-8
host: localhost:44090
accept: */*

Response DefaultHttpResponse(decodeResult: success, version: HTTP/1.1)
HTTP/1.1 200 OK
Content-Type: application/json; charset=utf-8
cache-control: no-cache
content-length: 90

[DEBUG] Adding key: http://localhost:44090 for channel [id: 0xd1d86906, L:/127.0.0.1:54062 - R:localhost/127.0.0.1:44090]
[DEBUG] Using pooled Channel '[id: 0xd1d86906, L:/127.0.0.1:54062 - R:localhost/127.0.0.1:44090]' for 'GET' to 'http://localhost:44090/session/67c054285278ccd4a59a3c8625af4372/element/979fd2ec-a903-4efa-beb6-f78b3947cd71/text'
[DEBUG] Using open Channel [id: 0xd1d86906, L:/127.0.0.1:54062 - R:localhost/127.0.0.1:44090] for GET '/session/67c054285278ccd4a59a3c8625af4372/element/979fd2ec-a903-4efa-beb6-f78b3947cd71/text'
[DEBUG] 

Request DefaultFullHttpRequest(decodeResult: success, version: HTTP/1.1, content: EmptyByteBufBE)
GET /session/67c054285278ccd4a59a3c8625af4372/element/979fd2ec-a903-4efa-beb6-f78b3947cd71/text HTTP/1.1
User-Agent: selenium/4.6.0 (java windows)
Cache-Control: no-cache
Content-Type: application/json; charset=utf-8
host: localhost:44090
accept: */*

Response DefaultHttpResponse(decodeResult: success, version: HTTP/1.1)
HTTP/1.1 200 OK
Content-Type: application/json; charset=utf-8
cache-control: no-cache
content-length: 23

[DEBUG] Adding key: http://localhost:44090 for channel [id: 0xd1d86906, L:/127.0.0.1:54062 - R:localhost/127.0.0.1:44090]
[DEBUG] Using pooled Channel '[id: 0xd1d86906, L:/127.0.0.1:54062 - R:localhost/127.0.0.1:44090]' for 'POST' to 'http://localhost:44090/session/67c054285278ccd4a59a3c8625af4372/elements'
[DEBUG] Using open Channel [id: 0xd1d86906, L:/127.0.0.1:54062 - R:localhost/127.0.0.1:44090] for POST '/session/67c054285278ccd4a59a3c8625af4372/elements'
[DEBUG] 

Request DefaultHttpRequest(decodeResult: success, version: HTTP/1.1)
POST /session/67c054285278ccd4a59a3c8625af4372/elements HTTP/1.1
User-Agent: selenium/4.6.0 (java windows)
Content-Length: 128
Content-Type: application/json; charset=utf-8
host: localhost:44090
accept: */*

Response DefaultHttpResponse(decodeResult: success, version: HTTP/1.1)
HTTP/1.1 200 OK
Content-Type: application/json; charset=utf-8
cache-control: no-cache
content-length: 90

[DEBUG] Adding key: http://localhost:44090 for channel [id: 0xd1d86906, L:/127.0.0.1:54062 - R:localhost/127.0.0.1:44090]
[DEBUG] Using pooled Channel '[id: 0xd1d86906, L:/127.0.0.1:54062 - R:localhost/127.0.0.1:44090]' for 'GET' to 'http://localhost:44090/session/67c054285278ccd4a59a3c8625af4372/element/7bbab6e2-44ee-4c4a-a921-9a265a28381c/text'
[DEBUG] Using open Channel [id: 0xd1d86906, L:/127.0.0.1:54062 - R:localhost/127.0.0.1:44090] for GET '/session/67c054285278ccd4a59a3c8625af4372/element/7bbab6e2-44ee-4c4a-a921-9a265a28381c/text'
[DEBUG] 

Request DefaultFullHttpRequest(decodeResult: success, version: HTTP/1.1, content: EmptyByteBufBE)
GET /session/67c054285278ccd4a59a3c8625af4372/element/7bbab6e2-44ee-4c4a-a921-9a265a28381c/text HTTP/1.1
User-Agent: selenium/4.6.0 (java windows)
Cache-Control: no-cache
Content-Type: application/json; charset=utf-8
host: localhost:44090
accept: */*

Response DefaultHttpResponse(decodeResult: success, version: HTTP/1.1)
HTTP/1.1 200 OK
Content-Type: application/json; charset=utf-8
cache-control: no-cache
content-length: 19

[DEBUG] Adding key: http://localhost:44090 for channel [id: 0xd1d86906, L:/127.0.0.1:54062 - R:localhost/127.0.0.1:44090]
[DEBUG] Using pooled Channel '[id: 0xd1d86906, L:/127.0.0.1:54062 - R:localhost/127.0.0.1:44090]' for 'POST' to 'http://localhost:44090/session/67c054285278ccd4a59a3c8625af4372/elements'
[DEBUG] Using open Channel [id: 0xd1d86906, L:/127.0.0.1:54062 - R:localhost/127.0.0.1:44090] for POST '/session/67c054285278ccd4a59a3c8625af4372/elements'
[DEBUG] 

Request DefaultHttpRequest(decodeResult: success, version: HTTP/1.1)
POST /session/67c054285278ccd4a59a3c8625af4372/elements HTTP/1.1
User-Agent: selenium/4.6.0 (java windows)
Content-Length: 128
Content-Type: application/json; charset=utf-8
host: localhost:44090
accept: */*

Response DefaultHttpResponse(decodeResult: success, version: HTTP/1.1)
HTTP/1.1 200 OK
Content-Type: application/json; charset=utf-8
cache-control: no-cache
content-length: 90

[DEBUG] Adding key: http://localhost:44090 for channel [id: 0xd1d86906, L:/127.0.0.1:54062 - R:localhost/127.0.0.1:44090]
[DEBUG] Using pooled Channel '[id: 0xd1d86906, L:/127.0.0.1:54062 - R:localhost/127.0.0.1:44090]' for 'GET' to 'http://localhost:44090/session/67c054285278ccd4a59a3c8625af4372/element/1cb87b14-77cb-41cd-856a-626515956b10/text'
[DEBUG] Using open Channel [id: 0xd1d86906, L:/127.0.0.1:54062 - R:localhost/127.0.0.1:44090] for GET '/session/67c054285278ccd4a59a3c8625af4372/element/1cb87b14-77cb-41cd-856a-626515956b10/text'
[DEBUG] 

Request DefaultFullHttpRequest(decodeResult: success, version: HTTP/1.1, content: EmptyByteBufBE)
GET /session/67c054285278ccd4a59a3c8625af4372/element/1cb87b14-77cb-41cd-856a-626515956b10/text HTTP/1.1
User-Agent: selenium/4.6.0 (java windows)
Cache-Control: no-cache
Content-Type: application/json; charset=utf-8
host: localhost:44090
accept: */*

Response DefaultHttpResponse(decodeResult: success, version: HTTP/1.1)
HTTP/1.1 200 OK
Content-Type: application/json; charset=utf-8
cache-control: no-cache
content-length: 54

[DEBUG] Adding key: http://localhost:44090 for channel [id: 0xd1d86906, L:/127.0.0.1:54062 - R:localhost/127.0.0.1:44090]
[DEBUG] Using pooled Channel '[id: 0xd1d86906, L:/127.0.0.1:54062 - R:localhost/127.0.0.1:44090]' for 'POST' to 'http://localhost:44090/session/67c054285278ccd4a59a3c8625af4372/elements'
[DEBUG] Using open Channel [id: 0xd1d86906, L:/127.0.0.1:54062 - R:localhost/127.0.0.1:44090] for POST '/session/67c054285278ccd4a59a3c8625af4372/elements'
[DEBUG] 

Request DefaultHttpRequest(decodeResult: success, version: HTTP/1.1)
POST /session/67c054285278ccd4a59a3c8625af4372/elements HTTP/1.1
User-Agent: selenium/4.6.0 (java windows)
Content-Length: 128
Content-Type: application/json; charset=utf-8
host: localhost:44090
accept: */*

Response DefaultHttpResponse(decodeResult: success, version: HTTP/1.1)
HTTP/1.1 200 OK
Content-Type: application/json; charset=utf-8
cache-control: no-cache
content-length: 90

[DEBUG] Adding key: http://localhost:44090 for channel [id: 0xd1d86906, L:/127.0.0.1:54062 - R:localhost/127.0.0.1:44090]
[DEBUG] Using pooled Channel '[id: 0xd1d86906, L:/127.0.0.1:54062 - R:localhost/127.0.0.1:44090]' for 'GET' to 'http://localhost:44090/session/67c054285278ccd4a59a3c8625af4372/element/769b3997-db56-4fbf-8845-51ad3b9d9e65/text'
[DEBUG] Using open Channel [id: 0xd1d86906, L:/127.0.0.1:54062 - R:localhost/127.0.0.1:44090] for GET '/session/67c054285278ccd4a59a3c8625af4372/element/769b3997-db56-4fbf-8845-51ad3b9d9e65/text'
[DEBUG] 

Request DefaultFullHttpRequest(decodeResult: success, version: HTTP/1.1, content: EmptyByteBufBE)
GET /session/67c054285278ccd4a59a3c8625af4372/element/769b3997-db56-4fbf-8845-51ad3b9d9e65/text HTTP/1.1
User-Agent: selenium/4.6.0 (java windows)
Cache-Control: no-cache
Content-Type: application/json; charset=utf-8
host: localhost:44090
accept: */*

Response DefaultHttpResponse(decodeResult: success, version: HTTP/1.1)
HTTP/1.1 200 OK
Content-Type: application/json; charset=utf-8
cache-control: no-cache
content-length: 28

[DEBUG] Adding key: http://localhost:44090 for channel [id: 0xd1d86906, L:/127.0.0.1:54062 - R:localhost/127.0.0.1:44090]
[DEBUG] Using pooled Channel '[id: 0xd1d86906, L:/127.0.0.1:54062 - R:localhost/127.0.0.1:44090]' for 'POST' to 'http://localhost:44090/session/67c054285278ccd4a59a3c8625af4372/element'
[DEBUG] Using open Channel [id: 0xd1d86906, L:/127.0.0.1:54062 - R:localhost/127.0.0.1:44090] for POST '/session/67c054285278ccd4a59a3c8625af4372/element'
[DEBUG] 

Request DefaultHttpRequest(decodeResult: success, version: HTTP/1.1)
POST /session/67c054285278ccd4a59a3c8625af4372/element HTTP/1.1
User-Agent: selenium/4.6.0 (java windows)
Content-Length: 128
Content-Type: application/json; charset=utf-8
host: localhost:44090
accept: */*

Response DefaultHttpResponse(decodeResult: success, version: HTTP/1.1)
HTTP/1.1 200 OK
Content-Type: application/json; charset=utf-8
cache-control: no-cache
content-length: 88

[DEBUG] Adding key: http://localhost:44090 for channel [id: 0xd1d86906, L:/127.0.0.1:54062 - R:localhost/127.0.0.1:44090]
[DEBUG] Using pooled Channel '[id: 0xd1d86906, L:/127.0.0.1:54062 - R:localhost/127.0.0.1:44090]' for 'GET' to 'http://localhost:44090/session/67c054285278ccd4a59a3c8625af4372/element/20b67aac-e5f2-4253-a2cb-5bd51e9f30a5/text'
[DEBUG] Using open Channel [id: 0xd1d86906, L:/127.0.0.1:54062 - R:localhost/127.0.0.1:44090] for GET '/session/67c054285278ccd4a59a3c8625af4372/element/20b67aac-e5f2-4253-a2cb-5bd51e9f30a5/text'
[DEBUG] 

Request DefaultFullHttpRequest(decodeResult: success, version: HTTP/1.1, content: EmptyByteBufBE)
GET /session/67c054285278ccd4a59a3c8625af4372/element/20b67aac-e5f2-4253-a2cb-5bd51e9f30a5/text HTTP/1.1
User-Agent: selenium/4.6.0 (java windows)
Cache-Control: no-cache
Content-Type: application/json; charset=utf-8
host: localhost:44090
accept: */*

Response DefaultHttpResponse(decodeResult: success, version: HTTP/1.1)
HTTP/1.1 200 OK
Content-Type: application/json; charset=utf-8
cache-control: no-cache
content-length: 28

[DEBUG] Adding key: http://localhost:44090 for channel [id: 0xd1d86906, L:/127.0.0.1:54062 - R:localhost/127.0.0.1:44090]
[DEBUG] Using pooled Channel '[id: 0xd1d86906, L:/127.0.0.1:54062 - R:localhost/127.0.0.1:44090]' for 'POST' to 'http://localhost:44090/session/67c054285278ccd4a59a3c8625af4372/elements'
[DEBUG] Using open Channel [id: 0xd1d86906, L:/127.0.0.1:54062 - R:localhost/127.0.0.1:44090] for POST '/session/67c054285278ccd4a59a3c8625af4372/elements'
[DEBUG] 

Request DefaultHttpRequest(decodeResult: success, version: HTTP/1.1)
POST /session/67c054285278ccd4a59a3c8625af4372/elements HTTP/1.1
User-Agent: selenium/4.6.0 (java windows)
Content-Length: 128
Content-Type: application/json; charset=utf-8
host: localhost:44090
accept: */*

Response DefaultHttpResponse(decodeResult: success, version: HTTP/1.1)
HTTP/1.1 200 OK
Content-Type: application/json; charset=utf-8
cache-control: no-cache
content-length: 90

[DEBUG] Adding key: http://localhost:44090 for channel [id: 0xd1d86906, L:/127.0.0.1:54062 - R:localhost/127.0.0.1:44090]
[DEBUG] Using pooled Channel '[id: 0xd1d86906, L:/127.0.0.1:54062 - R:localhost/127.0.0.1:44090]' for 'GET' to 'http://localhost:44090/session/67c054285278ccd4a59a3c8625af4372/element/69ddcc08-8de3-434f-a382-7fc2a658d25c/text'
[DEBUG] Using open Channel [id: 0xd1d86906, L:/127.0.0.1:54062 - R:localhost/127.0.0.1:44090] for GET '/session/67c054285278ccd4a59a3c8625af4372/element/69ddcc08-8de3-434f-a382-7fc2a658d25c/text'
[DEBUG] 

Request DefaultFullHttpRequest(decodeResult: success, version: HTTP/1.1, content: EmptyByteBufBE)
GET /session/67c054285278ccd4a59a3c8625af4372/element/69ddcc08-8de3-434f-a382-7fc2a658d25c/text HTTP/1.1
User-Agent: selenium/4.6.0 (java windows)
Cache-Control: no-cache
Content-Type: application/json; charset=utf-8
host: localhost:44090
accept: */*

Response DefaultHttpResponse(decodeResult: success, version: HTTP/1.1)
HTTP/1.1 200 OK
Content-Type: application/json; charset=utf-8
cache-control: no-cache
content-length: 23

[DEBUG] Adding key: http://localhost:44090 for channel [id: 0xd1d86906, L:/127.0.0.1:54062 - R:localhost/127.0.0.1:44090]
[DEBUG] Using pooled Channel '[id: 0xd1d86906, L:/127.0.0.1:54062 - R:localhost/127.0.0.1:44090]' for 'POST' to 'http://localhost:44090/session/67c054285278ccd4a59a3c8625af4372/elements'
[DEBUG] Using open Channel [id: 0xd1d86906, L:/127.0.0.1:54062 - R:localhost/127.0.0.1:44090] for POST '/session/67c054285278ccd4a59a3c8625af4372/elements'
[DEBUG] 

Request DefaultHttpRequest(decodeResult: success, version: HTTP/1.1)
POST /session/67c054285278ccd4a59a3c8625af4372/elements HTTP/1.1
User-Agent: selenium/4.6.0 (java windows)
Content-Length: 128
Content-Type: application/json; charset=utf-8
host: localhost:44090
accept: */*

Response DefaultHttpResponse(decodeResult: success, version: HTTP/1.1)
HTTP/1.1 200 OK
Content-Type: application/json; charset=utf-8
cache-control: no-cache
content-length: 90

[DEBUG] Adding key: http://localhost:44090 for channel [id: 0xd1d86906, L:/127.0.0.1:54062 - R:localhost/127.0.0.1:44090]
[DEBUG] Using pooled Channel '[id: 0xd1d86906, L:/127.0.0.1:54062 - R:localhost/127.0.0.1:44090]' for 'GET' to 'http://localhost:44090/session/67c054285278ccd4a59a3c8625af4372/element/2f3080d4-91d7-4aa6-9987-5b8b8a5dc3ca/text'
[DEBUG] Using open Channel [id: 0xd1d86906, L:/127.0.0.1:54062 - R:localhost/127.0.0.1:44090] for GET '/session/67c054285278ccd4a59a3c8625af4372/element/2f3080d4-91d7-4aa6-9987-5b8b8a5dc3ca/text'
[DEBUG] 

Request DefaultFullHttpRequest(decodeResult: success, version: HTTP/1.1, content: EmptyByteBufBE)
GET /session/67c054285278ccd4a59a3c8625af4372/element/2f3080d4-91d7-4aa6-9987-5b8b8a5dc3ca/text HTTP/1.1
User-Agent: selenium/4.6.0 (java windows)
Cache-Control: no-cache
Content-Type: application/json; charset=utf-8
host: localhost:44090
accept: */*

Response DefaultHttpResponse(decodeResult: success, version: HTTP/1.1)
HTTP/1.1 200 OK
Content-Type: application/json; charset=utf-8
cache-control: no-cache
content-length: 21

[DEBUG] Adding key: http://localhost:44090 for channel [id: 0xd1d86906, L:/127.0.0.1:54062 - R:localhost/127.0.0.1:44090]
[DEBUG] Using pooled Channel '[id: 0xd1d86906, L:/127.0.0.1:54062 - R:localhost/127.0.0.1:44090]' for 'POST' to 'http://localhost:44090/session/67c054285278ccd4a59a3c8625af4372/elements'
[DEBUG] Using open Channel [id: 0xd1d86906, L:/127.0.0.1:54062 - R:localhost/127.0.0.1:44090] for POST '/session/67c054285278ccd4a59a3c8625af4372/elements'
[DEBUG] 

Request DefaultHttpRequest(decodeResult: success, version: HTTP/1.1)
POST /session/67c054285278ccd4a59a3c8625af4372/elements HTTP/1.1
User-Agent: selenium/4.6.0 (java windows)
Content-Length: 128
Content-Type: application/json; charset=utf-8
host: localhost:44090
accept: */*

Response DefaultHttpResponse(decodeResult: success, version: HTTP/1.1)
HTTP/1.1 200 OK
Content-Type: application/json; charset=utf-8
cache-control: no-cache
content-length: 90

[DEBUG] Adding key: http://localhost:44090 for channel [id: 0xd1d86906, L:/127.0.0.1:54062 - R:localhost/127.0.0.1:44090]
[DEBUG] Using pooled Channel '[id: 0xd1d86906, L:/127.0.0.1:54062 - R:localhost/127.0.0.1:44090]' for 'GET' to 'http://localhost:44090/session/67c054285278ccd4a59a3c8625af4372/element/c5857bff-e5b6-4e72-a462-57dc40115267/text'
[DEBUG] Using open Channel [id: 0xd1d86906, L:/127.0.0.1:54062 - R:localhost/127.0.0.1:44090] for GET '/session/67c054285278ccd4a59a3c8625af4372/element/c5857bff-e5b6-4e72-a462-57dc40115267/text'
[DEBUG] 

Request DefaultFullHttpRequest(decodeResult: success, version: HTTP/1.1, content: EmptyByteBufBE)
GET /session/67c054285278ccd4a59a3c8625af4372/element/c5857bff-e5b6-4e72-a462-57dc40115267/text HTTP/1.1
User-Agent: selenium/4.6.0 (java windows)
Cache-Control: no-cache
Content-Type: application/json; charset=utf-8
host: localhost:44090
accept: */*

Response DefaultHttpResponse(decodeResult: success, version: HTTP/1.1)
HTTP/1.1 200 OK
Content-Type: application/json; charset=utf-8
cache-control: no-cache
content-length: 39

[DEBUG] Adding key: http://localhost:44090 for channel [id: 0xd1d86906, L:/127.0.0.1:54062 - R:localhost/127.0.0.1:44090]
[DEBUG] Using pooled Channel '[id: 0xd1d86906, L:/127.0.0.1:54062 - R:localhost/127.0.0.1:44090]' for 'POST' to 'http://localhost:44090/session/67c054285278ccd4a59a3c8625af4372/elements'
[DEBUG] Using open Channel [id: 0xd1d86906, L:/127.0.0.1:54062 - R:localhost/127.0.0.1:44090] for POST '/session/67c054285278ccd4a59a3c8625af4372/elements'
[DEBUG] 

Request DefaultHttpRequest(decodeResult: success, version: HTTP/1.1)
POST /session/67c054285278ccd4a59a3c8625af4372/elements HTTP/1.1
User-Agent: selenium/4.6.0 (java windows)
Content-Length: 128
Content-Type: application/json; charset=utf-8
host: localhost:44090
accept: */*

Response DefaultHttpResponse(decodeResult: success, version: HTTP/1.1)
HTTP/1.1 200 OK
Content-Type: application/json; charset=utf-8
cache-control: no-cache
content-length: 90

[DEBUG] Adding key: http://localhost:44090 for channel [id: 0xd1d86906, L:/127.0.0.1:54062 - R:localhost/127.0.0.1:44090]
[DEBUG] Using pooled Channel '[id: 0xd1d86906, L:/127.0.0.1:54062 - R:localhost/127.0.0.1:44090]' for 'GET' to 'http://localhost:44090/session/67c054285278ccd4a59a3c8625af4372/element/20b67aac-e5f2-4253-a2cb-5bd51e9f30a5/text'
[DEBUG] Using open Channel [id: 0xd1d86906, L:/127.0.0.1:54062 - R:localhost/127.0.0.1:44090] for GET '/session/67c054285278ccd4a59a3c8625af4372/element/20b67aac-e5f2-4253-a2cb-5bd51e9f30a5/text'
[DEBUG] 

Request DefaultFullHttpRequest(decodeResult: success, version: HTTP/1.1, content: EmptyByteBufBE)
GET /session/67c054285278ccd4a59a3c8625af4372/element/20b67aac-e5f2-4253-a2cb-5bd51e9f30a5/text HTTP/1.1
User-Agent: selenium/4.6.0 (java windows)
Cache-Control: no-cache
Content-Type: application/json; charset=utf-8
host: localhost:44090
accept: */*

Response DefaultHttpResponse(decodeResult: success, version: HTTP/1.1)
HTTP/1.1 200 OK
Content-Type: application/json; charset=utf-8
cache-control: no-cache
content-length: 28

[DEBUG] Adding key: http://localhost:44090 for channel [id: 0xd1d86906, L:/127.0.0.1:54062 - R:localhost/127.0.0.1:44090]
[DEBUG] Using pooled Channel '[id: 0xd1d86906, L:/127.0.0.1:54062 - R:localhost/127.0.0.1:44090]' for 'POST' to 'http://localhost:44090/session/67c054285278ccd4a59a3c8625af4372/element'
[DEBUG] Using open Channel [id: 0xd1d86906, L:/127.0.0.1:54062 - R:localhost/127.0.0.1:44090] for POST '/session/67c054285278ccd4a59a3c8625af4372/element'
[DEBUG] 

Request DefaultHttpRequest(decodeResult: success, version: HTTP/1.1)
POST /session/67c054285278ccd4a59a3c8625af4372/element HTTP/1.1
User-Agent: selenium/4.6.0 (java windows)
Content-Length: 129
Content-Type: application/json; charset=utf-8
host: localhost:44090
accept: */*

Response DefaultHttpResponse(decodeResult: success, version: HTTP/1.1)
HTTP/1.1 200 OK
Content-Type: application/json; charset=utf-8
cache-control: no-cache
content-length: 88

[DEBUG] Adding key: http://localhost:44090 for channel [id: 0xd1d86906, L:/127.0.0.1:54062 - R:localhost/127.0.0.1:44090]
[DEBUG] Using pooled Channel '[id: 0xd1d86906, L:/127.0.0.1:54062 - R:localhost/127.0.0.1:44090]' for 'GET' to 'http://localhost:44090/session/67c054285278ccd4a59a3c8625af4372/element/dd87f534-db2b-41f4-b071-0e461d9bd9d6/text'
[DEBUG] Using open Channel [id: 0xd1d86906, L:/127.0.0.1:54062 - R:localhost/127.0.0.1:44090] for GET '/session/67c054285278ccd4a59a3c8625af4372/element/dd87f534-db2b-41f4-b071-0e461d9bd9d6/text'
[DEBUG] 

Request DefaultFullHttpRequest(decodeResult: success, version: HTTP/1.1, content: EmptyByteBufBE)
GET /session/67c054285278ccd4a59a3c8625af4372/element/dd87f534-db2b-41f4-b071-0e461d9bd9d6/text HTTP/1.1
User-Agent: selenium/4.6.0 (java windows)
Cache-Control: no-cache
Content-Type: application/json; charset=utf-8
host: localhost:44090
accept: */*

Response DefaultHttpResponse(decodeResult: success, version: HTTP/1.1)
HTTP/1.1 200 OK
Content-Type: application/json; charset=utf-8
cache-control: no-cache
content-length: 26

[DEBUG] Adding key: http://localhost:44090 for channel [id: 0xd1d86906, L:/127.0.0.1:54062 - R:localhost/127.0.0.1:44090]
[DEBUG] Using pooled Channel '[id: 0xd1d86906, L:/127.0.0.1:54062 - R:localhost/127.0.0.1:44090]' for 'POST' to 'http://localhost:44090/session/67c054285278ccd4a59a3c8625af4372/element'
[DEBUG] Using open Channel [id: 0xd1d86906, L:/127.0.0.1:54062 - R:localhost/127.0.0.1:44090] for POST '/session/67c054285278ccd4a59a3c8625af4372/element'
[DEBUG] 

Request DefaultHttpRequest(decodeResult: success, version: HTTP/1.1)
POST /session/67c054285278ccd4a59a3c8625af4372/element HTTP/1.1
User-Agent: selenium/4.6.0 (java windows)
Content-Length: 129
Content-Type: application/json; charset=utf-8
host: localhost:44090
accept: */*

Response DefaultHttpResponse(decodeResult: success, version: HTTP/1.1)
HTTP/1.1 200 OK
Content-Type: application/json; charset=utf-8
cache-control: no-cache
content-length: 88

[DEBUG] Adding key: http://localhost:44090 for channel [id: 0xd1d86906, L:/127.0.0.1:54062 - R:localhost/127.0.0.1:44090]
[DEBUG] Using pooled Channel '[id: 0xd1d86906, L:/127.0.0.1:54062 - R:localhost/127.0.0.1:44090]' for 'GET' to 'http://localhost:44090/session/67c054285278ccd4a59a3c8625af4372/element/7b7167af-a0da-4af8-93d4-4bbbc4489f6a/text'
[DEBUG] Using open Channel [id: 0xd1d86906, L:/127.0.0.1:54062 - R:localhost/127.0.0.1:44090] for GET '/session/67c054285278ccd4a59a3c8625af4372/element/7b7167af-a0da-4af8-93d4-4bbbc4489f6a/text'
[DEBUG] 

Request DefaultFullHttpRequest(decodeResult: success, version: HTTP/1.1, content: EmptyByteBufBE)
GET /session/67c054285278ccd4a59a3c8625af4372/element/7b7167af-a0da-4af8-93d4-4bbbc4489f6a/text HTTP/1.1
User-Agent: selenium/4.6.0 (java windows)
Cache-Control: no-cache
Content-Type: application/json; charset=utf-8
host: localhost:44090
accept: */*

Response DefaultHttpResponse(decodeResult: success, version: HTTP/1.1)
HTTP/1.1 200 OK
Content-Type: application/json; charset=utf-8
cache-control: no-cache
content-length: 28

[DEBUG] Adding key: http://localhost:44090 for channel [id: 0xd1d86906, L:/127.0.0.1:54062 - R:localhost/127.0.0.1:44090]
[DEBUG] Using pooled Channel '[id: 0xd1d86906, L:/127.0.0.1:54062 - R:localhost/127.0.0.1:44090]' for 'POST' to 'http://localhost:44090/session/67c054285278ccd4a59a3c8625af4372/elements'
[DEBUG] Using open Channel [id: 0xd1d86906, L:/127.0.0.1:54062 - R:localhost/127.0.0.1:44090] for POST '/session/67c054285278ccd4a59a3c8625af4372/elements'
[DEBUG] 

Request DefaultHttpRequest(decodeResult: success, version: HTTP/1.1)
POST /session/67c054285278ccd4a59a3c8625af4372/elements HTTP/1.1
User-Agent: selenium/4.6.0 (java windows)
Content-Length: 129
Content-Type: application/json; charset=utf-8
host: localhost:44090
accept: */*

Response DefaultHttpResponse(decodeResult: success, version: HTTP/1.1)
HTTP/1.1 200 OK
Content-Type: application/json; charset=utf-8
cache-control: no-cache
content-length: 90

[DEBUG] Adding key: http://localhost:44090 for channel [id: 0xd1d86906, L:/127.0.0.1:54062 - R:localhost/127.0.0.1:44090]
[DEBUG] Using pooled Channel '[id: 0xd1d86906, L:/127.0.0.1:54062 - R:localhost/127.0.0.1:44090]' for 'GET' to 'http://localhost:44090/session/67c054285278ccd4a59a3c8625af4372/element/574e7295-0cbb-4f6f-a10a-a93511a97989/text'
[DEBUG] Using open Channel [id: 0xd1d86906, L:/127.0.0.1:54062 - R:localhost/127.0.0.1:44090] for GET '/session/67c054285278ccd4a59a3c8625af4372/element/574e7295-0cbb-4f6f-a10a-a93511a97989/text'
[DEBUG] Entry count for : http://localhost:54065 : 1
[DEBUG] 

Request DefaultFullHttpRequest(decodeResult: success, version: HTTP/1.1, content: EmptyByteBufBE)
GET /session/67c054285278ccd4a59a3c8625af4372/element/574e7295-0cbb-4f6f-a10a-a93511a97989/text HTTP/1.1
User-Agent: selenium/4.6.0 (java windows)
Cache-Control: no-cache
Content-Type: application/json; charset=utf-8
host: localhost:44090
accept: */*

Response DefaultHttpResponse(decodeResult: success, version: HTTP/1.1)
HTTP/1.1 200 OK
Content-Type: application/json; charset=utf-8
cache-control: no-cache
content-length: 23

[DEBUG] Adding key: http://localhost:44090 for channel [id: 0xd1d86906, L:/127.0.0.1:54062 - R:localhost/127.0.0.1:44090]
[DEBUG] Using pooled Channel '[id: 0xd1d86906, L:/127.0.0.1:54062 - R:localhost/127.0.0.1:44090]' for 'POST' to 'http://localhost:44090/session/67c054285278ccd4a59a3c8625af4372/elements'
[DEBUG] Using open Channel [id: 0xd1d86906, L:/127.0.0.1:54062 - R:localhost/127.0.0.1:44090] for POST '/session/67c054285278ccd4a59a3c8625af4372/elements'
[DEBUG] 

Request DefaultHttpRequest(decodeResult: success, version: HTTP/1.1)
POST /session/67c054285278ccd4a59a3c8625af4372/elements HTTP/1.1
User-Agent: selenium/4.6.0 (java windows)
Content-Length: 129
Content-Type: application/json; charset=utf-8
host: localhost:44090
accept: */*

Response DefaultHttpResponse(decodeResult: success, version: HTTP/1.1)
HTTP/1.1 200 OK
Content-Type: application/json; charset=utf-8
cache-control: no-cache
content-length: 90

[DEBUG] Adding key: http://localhost:44090 for channel [id: 0xd1d86906, L:/127.0.0.1:54062 - R:localhost/127.0.0.1:44090]
[DEBUG] Using pooled Channel '[id: 0xd1d86906, L:/127.0.0.1:54062 - R:localhost/127.0.0.1:44090]' for 'GET' to 'http://localhost:44090/session/67c054285278ccd4a59a3c8625af4372/element/8d301f59-7bb6-45db-afaf-23c303c46be8/text'
[DEBUG] Using open Channel [id: 0xd1d86906, L:/127.0.0.1:54062 - R:localhost/127.0.0.1:44090] for GET '/session/67c054285278ccd4a59a3c8625af4372/element/8d301f59-7bb6-45db-afaf-23c303c46be8/text'
[DEBUG] 

Request DefaultFullHttpRequest(decodeResult: success, version: HTTP/1.1, content: EmptyByteBufBE)
GET /session/67c054285278ccd4a59a3c8625af4372/element/8d301f59-7bb6-45db-afaf-23c303c46be8/text HTTP/1.1
User-Agent: selenium/4.6.0 (java windows)
Cache-Control: no-cache
Content-Type: application/json; charset=utf-8
host: localhost:44090
accept: */*

Response DefaultHttpResponse(decodeResult: success, version: HTTP/1.1)
HTTP/1.1 200 OK
Content-Type: application/json; charset=utf-8
cache-control: no-cache
content-length: 18

[DEBUG] Adding key: http://localhost:44090 for channel [id: 0xd1d86906, L:/127.0.0.1:54062 - R:localhost/127.0.0.1:44090]
[DEBUG] Using pooled Channel '[id: 0xd1d86906, L:/127.0.0.1:54062 - R:localhost/127.0.0.1:44090]' for 'POST' to 'http://localhost:44090/session/67c054285278ccd4a59a3c8625af4372/elements'
[DEBUG] Using open Channel [id: 0xd1d86906, L:/127.0.0.1:54062 - R:localhost/127.0.0.1:44090] for POST '/session/67c054285278ccd4a59a3c8625af4372/elements'
[DEBUG] 

Request DefaultHttpRequest(decodeResult: success, version: HTTP/1.1)
POST /session/67c054285278ccd4a59a3c8625af4372/elements HTTP/1.1
User-Agent: selenium/4.6.0 (java windows)
Content-Length: 129
Content-Type: application/json; charset=utf-8
host: localhost:44090
accept: */*

Response DefaultHttpResponse(decodeResult: success, version: HTTP/1.1)
HTTP/1.1 200 OK
Content-Type: application/json; charset=utf-8
cache-control: no-cache
content-length: 90

[DEBUG] Adding key: http://localhost:44090 for channel [id: 0xd1d86906, L:/127.0.0.1:54062 - R:localhost/127.0.0.1:44090]
[DEBUG] Using pooled Channel '[id: 0xd1d86906, L:/127.0.0.1:54062 - R:localhost/127.0.0.1:44090]' for 'GET' to 'http://localhost:44090/session/67c054285278ccd4a59a3c8625af4372/element/a0228c33-23c5-4bf6-b700-06c932051406/text'
[DEBUG] Using open Channel [id: 0xd1d86906, L:/127.0.0.1:54062 - R:localhost/127.0.0.1:44090] for GET '/session/67c054285278ccd4a59a3c8625af4372/element/a0228c33-23c5-4bf6-b700-06c932051406/text'
[DEBUG] 

Request DefaultFullHttpRequest(decodeResult: success, version: HTTP/1.1, content: EmptyByteBufBE)
GET /session/67c054285278ccd4a59a3c8625af4372/element/a0228c33-23c5-4bf6-b700-06c932051406/text HTTP/1.1
User-Agent: selenium/4.6.0 (java windows)
Cache-Control: no-cache
Content-Type: application/json; charset=utf-8
host: localhost:44090
accept: */*

Response DefaultHttpResponse(decodeResult: success, version: HTTP/1.1)
HTTP/1.1 200 OK
Content-Type: application/json; charset=utf-8
cache-control: no-cache
content-length: 18

[DEBUG] Adding key: http://localhost:44090 for channel [id: 0xd1d86906, L:/127.0.0.1:54062 - R:localhost/127.0.0.1:44090]
[DEBUG] Using pooled Channel '[id: 0xd1d86906, L:/127.0.0.1:54062 - R:localhost/127.0.0.1:44090]' for 'POST' to 'http://localhost:44090/session/67c054285278ccd4a59a3c8625af4372/elements'
[DEBUG] Using open Channel [id: 0xd1d86906, L:/127.0.0.1:54062 - R:localhost/127.0.0.1:44090] for POST '/session/67c054285278ccd4a59a3c8625af4372/elements'
[DEBUG] 

Request DefaultHttpRequest(decodeResult: success, version: HTTP/1.1)
POST /session/67c054285278ccd4a59a3c8625af4372/elements HTTP/1.1
User-Agent: selenium/4.6.0 (java windows)
Content-Length: 129
Content-Type: application/json; charset=utf-8
host: localhost:44090
accept: */*

Response DefaultHttpResponse(decodeResult: success, version: HTTP/1.1)
HTTP/1.1 200 OK
Content-Type: application/json; charset=utf-8
cache-control: no-cache
content-length: 90

[DEBUG] Adding key: http://localhost:44090 for channel [id: 0xd1d86906, L:/127.0.0.1:54062 - R:localhost/127.0.0.1:44090]
[DEBUG] Using pooled Channel '[id: 0xd1d86906, L:/127.0.0.1:54062 - R:localhost/127.0.0.1:44090]' for 'GET' to 'http://localhost:44090/session/67c054285278ccd4a59a3c8625af4372/element/7b7167af-a0da-4af8-93d4-4bbbc4489f6a/text'
[DEBUG] Using open Channel [id: 0xd1d86906, L:/127.0.0.1:54062 - R:localhost/127.0.0.1:44090] for GET '/session/67c054285278ccd4a59a3c8625af4372/element/7b7167af-a0da-4af8-93d4-4bbbc4489f6a/text'
[DEBUG] 

Request DefaultFullHttpRequest(decodeResult: success, version: HTTP/1.1, content: EmptyByteBufBE)
GET /session/67c054285278ccd4a59a3c8625af4372/element/7b7167af-a0da-4af8-93d4-4bbbc4489f6a/text HTTP/1.1
User-Agent: selenium/4.6.0 (java windows)
Cache-Control: no-cache
Content-Type: application/json; charset=utf-8
host: localhost:44090
accept: */*

Response DefaultHttpResponse(decodeResult: success, version: HTTP/1.1)
HTTP/1.1 200 OK
Content-Type: application/json; charset=utf-8
cache-control: no-cache
content-length: 28

[DEBUG] Adding key: http://localhost:44090 for channel [id: 0xd1d86906, L:/127.0.0.1:54062 - R:localhost/127.0.0.1:44090]
[DEBUG] Using pooled Channel '[id: 0xd1d86906, L:/127.0.0.1:54062 - R:localhost/127.0.0.1:44090]' for 'POST' to 'http://localhost:44090/session/67c054285278ccd4a59a3c8625af4372/element'
[DEBUG] Using open Channel [id: 0xd1d86906, L:/127.0.0.1:54062 - R:localhost/127.0.0.1:44090] for POST '/session/67c054285278ccd4a59a3c8625af4372/element'
[DEBUG] 

Request DefaultHttpRequest(decodeResult: success, version: HTTP/1.1)
POST /session/67c054285278ccd4a59a3c8625af4372/element HTTP/1.1
User-Agent: selenium/4.6.0 (java windows)
Content-Length: 129
Content-Type: application/json; charset=utf-8
host: localhost:44090
accept: */*

Response DefaultHttpResponse(decodeResult: success, version: HTTP/1.1)
HTTP/1.1 200 OK
Content-Type: application/json; charset=utf-8
cache-control: no-cache
content-length: 88

[DEBUG] Adding key: http://localhost:44090 for channel [id: 0xd1d86906, L:/127.0.0.1:54062 - R:localhost/127.0.0.1:44090]
[DEBUG] Using pooled Channel '[id: 0xd1d86906, L:/127.0.0.1:54062 - R:localhost/127.0.0.1:44090]' for 'GET' to 'http://localhost:44090/session/67c054285278ccd4a59a3c8625af4372/element/7ac3954a-fdd9-417f-a253-dfd3ec90027d/text'
[DEBUG] Using open Channel [id: 0xd1d86906, L:/127.0.0.1:54062 - R:localhost/127.0.0.1:44090] for GET '/session/67c054285278ccd4a59a3c8625af4372/element/7ac3954a-fdd9-417f-a253-dfd3ec90027d/text'
[DEBUG] 

Request DefaultFullHttpRequest(decodeResult: success, version: HTTP/1.1, content: EmptyByteBufBE)
GET /session/67c054285278ccd4a59a3c8625af4372/element/7ac3954a-fdd9-417f-a253-dfd3ec90027d/text HTTP/1.1
User-Agent: selenium/4.6.0 (java windows)
Cache-Control: no-cache
Content-Type: application/json; charset=utf-8
host: localhost:44090
accept: */*

Response DefaultHttpResponse(decodeResult: success, version: HTTP/1.1)
HTTP/1.1 200 OK
Content-Type: application/json; charset=utf-8
cache-control: no-cache
content-length: 28

[DEBUG] Adding key: http://localhost:44090 for channel [id: 0xd1d86906, L:/127.0.0.1:54062 - R:localhost/127.0.0.1:44090]
[DEBUG] Using pooled Channel '[id: 0xd1d86906, L:/127.0.0.1:54062 - R:localhost/127.0.0.1:44090]' for 'POST' to 'http://localhost:44090/session/67c054285278ccd4a59a3c8625af4372/elements'
[DEBUG] Using open Channel [id: 0xd1d86906, L:/127.0.0.1:54062 - R:localhost/127.0.0.1:44090] for POST '/session/67c054285278ccd4a59a3c8625af4372/elements'
[DEBUG] 

Request DefaultHttpRequest(decodeResult: success, version: HTTP/1.1)
POST /session/67c054285278ccd4a59a3c8625af4372/elements HTTP/1.1
User-Agent: selenium/4.6.0 (java windows)
Content-Length: 129
Content-Type: application/json; charset=utf-8
host: localhost:44090
accept: */*

Response DefaultHttpResponse(decodeResult: success, version: HTTP/1.1)
HTTP/1.1 200 OK
Content-Type: application/json; charset=utf-8
cache-control: no-cache
content-length: 90

[DEBUG] Adding key: http://localhost:44090 for channel [id: 0xd1d86906, L:/127.0.0.1:54062 - R:localhost/127.0.0.1:44090]
[DEBUG] Using pooled Channel '[id: 0xd1d86906, L:/127.0.0.1:54062 - R:localhost/127.0.0.1:44090]' for 'GET' to 'http://localhost:44090/session/67c054285278ccd4a59a3c8625af4372/element/2b95af9c-265f-4488-ae0b-aba7ce0872c1/text'
[DEBUG] Using open Channel [id: 0xd1d86906, L:/127.0.0.1:54062 - R:localhost/127.0.0.1:44090] for GET '/session/67c054285278ccd4a59a3c8625af4372/element/2b95af9c-265f-4488-ae0b-aba7ce0872c1/text'
[DEBUG] 

Request DefaultFullHttpRequest(decodeResult: success, version: HTTP/1.1, content: EmptyByteBufBE)
GET /session/67c054285278ccd4a59a3c8625af4372/element/2b95af9c-265f-4488-ae0b-aba7ce0872c1/text HTTP/1.1
User-Agent: selenium/4.6.0 (java windows)
Cache-Control: no-cache
Content-Type: application/json; charset=utf-8
host: localhost:44090
accept: */*

Response DefaultHttpResponse(decodeResult: success, version: HTTP/1.1)
HTTP/1.1 200 OK
Content-Type: application/json; charset=utf-8
cache-control: no-cache
content-length: 23

[DEBUG] Adding key: http://localhost:44090 for channel [id: 0xd1d86906, L:/127.0.0.1:54062 - R:localhost/127.0.0.1:44090]
[DEBUG] Using pooled Channel '[id: 0xd1d86906, L:/127.0.0.1:54062 - R:localhost/127.0.0.1:44090]' for 'POST' to 'http://localhost:44090/session/67c054285278ccd4a59a3c8625af4372/elements'
[DEBUG] Using open Channel [id: 0xd1d86906, L:/127.0.0.1:54062 - R:localhost/127.0.0.1:44090] for POST '/session/67c054285278ccd4a59a3c8625af4372/elements'
[DEBUG] 

Request DefaultHttpRequest(decodeResult: success, version: HTTP/1.1)
POST /session/67c054285278ccd4a59a3c8625af4372/elements HTTP/1.1
User-Agent: selenium/4.6.0 (java windows)
Content-Length: 129
Content-Type: application/json; charset=utf-8
host: localhost:44090
accept: */*

Response DefaultHttpResponse(decodeResult: success, version: HTTP/1.1)
HTTP/1.1 200 OK
Content-Type: application/json; charset=utf-8
cache-control: no-cache
content-length: 90

[DEBUG] Adding key: http://localhost:44090 for channel [id: 0xd1d86906, L:/127.0.0.1:54062 - R:localhost/127.0.0.1:44090]
[DEBUG] Using pooled Channel '[id: 0xd1d86906, L:/127.0.0.1:54062 - R:localhost/127.0.0.1:44090]' for 'GET' to 'http://localhost:44090/session/67c054285278ccd4a59a3c8625af4372/element/6bde43c7-4f67-4fa4-a2c3-a960bcd062f3/text'
[DEBUG] Using open Channel [id: 0xd1d86906, L:/127.0.0.1:54062 - R:localhost/127.0.0.1:44090] for GET '/session/67c054285278ccd4a59a3c8625af4372/element/6bde43c7-4f67-4fa4-a2c3-a960bcd062f3/text'
[DEBUG] 

Request DefaultFullHttpRequest(decodeResult: success, version: HTTP/1.1, content: EmptyByteBufBE)
GET /session/67c054285278ccd4a59a3c8625af4372/element/6bde43c7-4f67-4fa4-a2c3-a960bcd062f3/text HTTP/1.1
User-Agent: selenium/4.6.0 (java windows)
Cache-Control: no-cache
Content-Type: application/json; charset=utf-8
host: localhost:44090
accept: */*

Response DefaultHttpResponse(decodeResult: success, version: HTTP/1.1)
HTTP/1.1 200 OK
Content-Type: application/json; charset=utf-8
cache-control: no-cache
content-length: 18

[DEBUG] Adding key: http://localhost:44090 for channel [id: 0xd1d86906, L:/127.0.0.1:54062 - R:localhost/127.0.0.1:44090]
[DEBUG] Using pooled Channel '[id: 0xd1d86906, L:/127.0.0.1:54062 - R:localhost/127.0.0.1:44090]' for 'POST' to 'http://localhost:44090/session/67c054285278ccd4a59a3c8625af4372/elements'
[DEBUG] Using open Channel [id: 0xd1d86906, L:/127.0.0.1:54062 - R:localhost/127.0.0.1:44090] for POST '/session/67c054285278ccd4a59a3c8625af4372/elements'
[DEBUG] 

Request DefaultHttpRequest(decodeResult: success, version: HTTP/1.1)
POST /session/67c054285278ccd4a59a3c8625af4372/elements HTTP/1.1
User-Agent: selenium/4.6.0 (java windows)
Content-Length: 129
Content-Type: application/json; charset=utf-8
host: localhost:44090
accept: */*

Response DefaultHttpResponse(decodeResult: success, version: HTTP/1.1)
HTTP/1.1 200 OK
Content-Type: application/json; charset=utf-8
cache-control: no-cache
content-length: 90

[DEBUG] Adding key: http://localhost:44090 for channel [id: 0xd1d86906, L:/127.0.0.1:54062 - R:localhost/127.0.0.1:44090]
[DEBUG] Using pooled Channel '[id: 0xd1d86906, L:/127.0.0.1:54062 - R:localhost/127.0.0.1:44090]' for 'GET' to 'http://localhost:44090/session/67c054285278ccd4a59a3c8625af4372/element/cf69e736-3f95-4373-93c2-d2ad6d1244ce/text'
[DEBUG] Using open Channel [id: 0xd1d86906, L:/127.0.0.1:54062 - R:localhost/127.0.0.1:44090] for GET '/session/67c054285278ccd4a59a3c8625af4372/element/cf69e736-3f95-4373-93c2-d2ad6d1244ce/text'
[DEBUG] 

Request DefaultFullHttpRequest(decodeResult: success, version: HTTP/1.1, content: EmptyByteBufBE)
GET /session/67c054285278ccd4a59a3c8625af4372/element/cf69e736-3f95-4373-93c2-d2ad6d1244ce/text HTTP/1.1
User-Agent: selenium/4.6.0 (java windows)
Cache-Control: no-cache
Content-Type: application/json; charset=utf-8
host: localhost:44090
accept: */*

Response DefaultHttpResponse(decodeResult: success, version: HTTP/1.1)
HTTP/1.1 200 OK
Content-Type: application/json; charset=utf-8
cache-control: no-cache
content-length: 67

[DEBUG] Adding key: http://localhost:44090 for channel [id: 0xd1d86906, L:/127.0.0.1:54062 - R:localhost/127.0.0.1:44090]
[DEBUG] Using pooled Channel '[id: 0xd1d86906, L:/127.0.0.1:54062 - R:localhost/127.0.0.1:44090]' for 'POST' to 'http://localhost:44090/session/67c054285278ccd4a59a3c8625af4372/elements'
[DEBUG] Using open Channel [id: 0xd1d86906, L:/127.0.0.1:54062 - R:localhost/127.0.0.1:44090] for POST '/session/67c054285278ccd4a59a3c8625af4372/elements'
[DEBUG] 

Request DefaultHttpRequest(decodeResult: success, version: HTTP/1.1)
POST /session/67c054285278ccd4a59a3c8625af4372/elements HTTP/1.1
User-Agent: selenium/4.6.0 (java windows)
Content-Length: 129
Content-Type: application/json; charset=utf-8
host: localhost:44090
accept: */*

Response DefaultHttpResponse(decodeResult: success, version: HTTP/1.1)
HTTP/1.1 200 OK
Content-Type: application/json; charset=utf-8
cache-control: no-cache
content-length: 90

[DEBUG] Adding key: http://localhost:44090 for channel [id: 0xd1d86906, L:/127.0.0.1:54062 - R:localhost/127.0.0.1:44090]
[DEBUG] Using pooled Channel '[id: 0xd1d86906, L:/127.0.0.1:54062 - R:localhost/127.0.0.1:44090]' for 'GET' to 'http://localhost:44090/session/67c054285278ccd4a59a3c8625af4372/element/7ac3954a-fdd9-417f-a253-dfd3ec90027d/text'
[DEBUG] Using open Channel [id: 0xd1d86906, L:/127.0.0.1:54062 - R:localhost/127.0.0.1:44090] for GET '/session/67c054285278ccd4a59a3c8625af4372/element/7ac3954a-fdd9-417f-a253-dfd3ec90027d/text'
[DEBUG] 

Request DefaultFullHttpRequest(decodeResult: success, version: HTTP/1.1, content: EmptyByteBufBE)
GET /session/67c054285278ccd4a59a3c8625af4372/element/7ac3954a-fdd9-417f-a253-dfd3ec90027d/text HTTP/1.1
User-Agent: selenium/4.6.0 (java windows)
Cache-Control: no-cache
Content-Type: application/json; charset=utf-8
host: localhost:44090
accept: */*

Response DefaultHttpResponse(decodeResult: success, version: HTTP/1.1)
HTTP/1.1 200 OK
Content-Type: application/json; charset=utf-8
cache-control: no-cache
content-length: 28

[DEBUG] Adding key: http://localhost:44090 for channel [id: 0xd1d86906, L:/127.0.0.1:54062 - R:localhost/127.0.0.1:44090]
[DEBUG] Using pooled Channel '[id: 0xd1d86906, L:/127.0.0.1:54062 - R:localhost/127.0.0.1:44090]' for 'POST' to 'http://localhost:44090/session/67c054285278ccd4a59a3c8625af4372/element'
[DEBUG] Using open Channel [id: 0xd1d86906, L:/127.0.0.1:54062 - R:localhost/127.0.0.1:44090] for POST '/session/67c054285278ccd4a59a3c8625af4372/element'
[DEBUG] 

Request DefaultHttpRequest(decodeResult: success, version: HTTP/1.1)
POST /session/67c054285278ccd4a59a3c8625af4372/element HTTP/1.1
User-Agent: selenium/4.6.0 (java windows)
Content-Length: 129
Content-Type: application/json; charset=utf-8
host: localhost:44090
accept: */*

Response DefaultHttpResponse(decodeResult: success, version: HTTP/1.1)
HTTP/1.1 200 OK
Content-Type: application/json; charset=utf-8
cache-control: no-cache
content-length: 88

[DEBUG] Adding key: http://localhost:44090 for channel [id: 0xd1d86906, L:/127.0.0.1:54062 - R:localhost/127.0.0.1:44090]
[DEBUG] Using pooled Channel '[id: 0xd1d86906, L:/127.0.0.1:54062 - R:localhost/127.0.0.1:44090]' for 'GET' to 'http://localhost:44090/session/67c054285278ccd4a59a3c8625af4372/element/dd4f13c6-7a5f-4d43-880e-5b8867cf535c/text'
[DEBUG] Using open Channel [id: 0xd1d86906, L:/127.0.0.1:54062 - R:localhost/127.0.0.1:44090] for GET '/session/67c054285278ccd4a59a3c8625af4372/element/dd4f13c6-7a5f-4d43-880e-5b8867cf535c/text'
[DEBUG] 

Request DefaultFullHttpRequest(decodeResult: success, version: HTTP/1.1, content: EmptyByteBufBE)
GET /session/67c054285278ccd4a59a3c8625af4372/element/dd4f13c6-7a5f-4d43-880e-5b8867cf535c/text HTTP/1.1
User-Agent: selenium/4.6.0 (java windows)
Cache-Control: no-cache
Content-Type: application/json; charset=utf-8
host: localhost:44090
accept: */*

Response DefaultHttpResponse(decodeResult: success, version: HTTP/1.1)
HTTP/1.1 200 OK
Content-Type: application/json; charset=utf-8
cache-control: no-cache
content-length: 28

[DEBUG] Adding key: http://localhost:44090 for channel [id: 0xd1d86906, L:/127.0.0.1:54062 - R:localhost/127.0.0.1:44090]
[DEBUG] Using pooled Channel '[id: 0xd1d86906, L:/127.0.0.1:54062 - R:localhost/127.0.0.1:44090]' for 'POST' to 'http://localhost:44090/session/67c054285278ccd4a59a3c8625af4372/elements'
[DEBUG] Using open Channel [id: 0xd1d86906, L:/127.0.0.1:54062 - R:localhost/127.0.0.1:44090] for POST '/session/67c054285278ccd4a59a3c8625af4372/elements'
[DEBUG] 

Request DefaultHttpRequest(decodeResult: success, version: HTTP/1.1)
POST /session/67c054285278ccd4a59a3c8625af4372/elements HTTP/1.1
User-Agent: selenium/4.6.0 (java windows)
Content-Length: 129
Content-Type: application/json; charset=utf-8
host: localhost:44090
accept: */*

Response DefaultHttpResponse(decodeResult: success, version: HTTP/1.1)
HTTP/1.1 200 OK
Content-Type: application/json; charset=utf-8
cache-control: no-cache
content-length: 90

[DEBUG] Adding key: http://localhost:44090 for channel [id: 0xd1d86906, L:/127.0.0.1:54062 - R:localhost/127.0.0.1:44090]
[DEBUG] Using pooled Channel '[id: 0xd1d86906, L:/127.0.0.1:54062 - R:localhost/127.0.0.1:44090]' for 'GET' to 'http://localhost:44090/session/67c054285278ccd4a59a3c8625af4372/element/0c76f655-5db4-4f16-af86-6ce3b96989a1/text'
[DEBUG] Using open Channel [id: 0xd1d86906, L:/127.0.0.1:54062 - R:localhost/127.0.0.1:44090] for GET '/session/67c054285278ccd4a59a3c8625af4372/element/0c76f655-5db4-4f16-af86-6ce3b96989a1/text'
[DEBUG] 

Request DefaultFullHttpRequest(decodeResult: success, version: HTTP/1.1, content: EmptyByteBufBE)
GET /session/67c054285278ccd4a59a3c8625af4372/element/0c76f655-5db4-4f16-af86-6ce3b96989a1/text HTTP/1.1
User-Agent: selenium/4.6.0 (java windows)
Cache-Control: no-cache
Content-Type: application/json; charset=utf-8
host: localhost:44090
accept: */*

Response DefaultHttpResponse(decodeResult: success, version: HTTP/1.1)
HTTP/1.1 200 OK
Content-Type: application/json; charset=utf-8
cache-control: no-cache
content-length: 23

[DEBUG] Adding key: http://localhost:44090 for channel [id: 0xd1d86906, L:/127.0.0.1:54062 - R:localhost/127.0.0.1:44090]
[DEBUG] Using pooled Channel '[id: 0xd1d86906, L:/127.0.0.1:54062 - R:localhost/127.0.0.1:44090]' for 'POST' to 'http://localhost:44090/session/67c054285278ccd4a59a3c8625af4372/elements'
[DEBUG] Using open Channel [id: 0xd1d86906, L:/127.0.0.1:54062 - R:localhost/127.0.0.1:44090] for POST '/session/67c054285278ccd4a59a3c8625af4372/elements'
[DEBUG] 

Request DefaultHttpRequest(decodeResult: success, version: HTTP/1.1)
POST /session/67c054285278ccd4a59a3c8625af4372/elements HTTP/1.1
User-Agent: selenium/4.6.0 (java windows)
Content-Length: 129
Content-Type: application/json; charset=utf-8
host: localhost:44090
accept: */*

Response DefaultHttpResponse(decodeResult: success, version: HTTP/1.1)
HTTP/1.1 200 OK
Content-Type: application/json; charset=utf-8
cache-control: no-cache
content-length: 90

[DEBUG] Adding key: http://localhost:44090 for channel [id: 0xd1d86906, L:/127.0.0.1:54062 - R:localhost/127.0.0.1:44090]
[DEBUG] Using pooled Channel '[id: 0xd1d86906, L:/127.0.0.1:54062 - R:localhost/127.0.0.1:44090]' for 'GET' to 'http://localhost:44090/session/67c054285278ccd4a59a3c8625af4372/element/6a6aabb1-ee99-456f-ab55-641362fb96f9/text'
[DEBUG] Using open Channel [id: 0xd1d86906, L:/127.0.0.1:54062 - R:localhost/127.0.0.1:44090] for GET '/session/67c054285278ccd4a59a3c8625af4372/element/6a6aabb1-ee99-456f-ab55-641362fb96f9/text'
[DEBUG] 

Request DefaultFullHttpRequest(decodeResult: success, version: HTTP/1.1, content: EmptyByteBufBE)
GET /session/67c054285278ccd4a59a3c8625af4372/element/6a6aabb1-ee99-456f-ab55-641362fb96f9/text HTTP/1.1
User-Agent: selenium/4.6.0 (java windows)
Cache-Control: no-cache
Content-Type: application/json; charset=utf-8
host: localhost:44090
accept: */*

Response DefaultHttpResponse(decodeResult: success, version: HTTP/1.1)
HTTP/1.1 200 OK
Content-Type: application/json; charset=utf-8
cache-control: no-cache
content-length: 20

[DEBUG] Adding key: http://localhost:44090 for channel [id: 0xd1d86906, L:/127.0.0.1:54062 - R:localhost/127.0.0.1:44090]
[DEBUG] Using pooled Channel '[id: 0xd1d86906, L:/127.0.0.1:54062 - R:localhost/127.0.0.1:44090]' for 'POST' to 'http://localhost:44090/session/67c054285278ccd4a59a3c8625af4372/elements'
[DEBUG] Using open Channel [id: 0xd1d86906, L:/127.0.0.1:54062 - R:localhost/127.0.0.1:44090] for POST '/session/67c054285278ccd4a59a3c8625af4372/elements'
[DEBUG] 

Request DefaultHttpRequest(decodeResult: success, version: HTTP/1.1)
POST /session/67c054285278ccd4a59a3c8625af4372/elements HTTP/1.1
User-Agent: selenium/4.6.0 (java windows)
Content-Length: 129
Content-Type: application/json; charset=utf-8
host: localhost:44090
accept: */*

Response DefaultHttpResponse(decodeResult: success, version: HTTP/1.1)
HTTP/1.1 200 OK
Content-Type: application/json; charset=utf-8
cache-control: no-cache
content-length: 90

[DEBUG] Adding key: http://localhost:44090 for channel [id: 0xd1d86906, L:/127.0.0.1:54062 - R:localhost/127.0.0.1:44090]
[DEBUG] Using pooled Channel '[id: 0xd1d86906, L:/127.0.0.1:54062 - R:localhost/127.0.0.1:44090]' for 'GET' to 'http://localhost:44090/session/67c054285278ccd4a59a3c8625af4372/element/732b125a-fe6e-47df-b2be-ffdcaf8fc27b/text'
[DEBUG] Using open Channel [id: 0xd1d86906, L:/127.0.0.1:54062 - R:localhost/127.0.0.1:44090] for GET '/session/67c054285278ccd4a59a3c8625af4372/element/732b125a-fe6e-47df-b2be-ffdcaf8fc27b/text'
[DEBUG] 

Request DefaultFullHttpRequest(decodeResult: success, version: HTTP/1.1, content: EmptyByteBufBE)
GET /session/67c054285278ccd4a59a3c8625af4372/element/732b125a-fe6e-47df-b2be-ffdcaf8fc27b/text HTTP/1.1
User-Agent: selenium/4.6.0 (java windows)
Cache-Control: no-cache
Content-Type: application/json; charset=utf-8
host: localhost:44090
accept: */*

Response DefaultHttpResponse(decodeResult: success, version: HTTP/1.1)
HTTP/1.1 200 OK
Content-Type: application/json; charset=utf-8
cache-control: no-cache
content-length: 17

[DEBUG] Adding key: http://localhost:44090 for channel [id: 0xd1d86906, L:/127.0.0.1:54062 - R:localhost/127.0.0.1:44090]
[DEBUG] Using pooled Channel '[id: 0xd1d86906, L:/127.0.0.1:54062 - R:localhost/127.0.0.1:44090]' for 'POST' to 'http://localhost:44090/session/67c054285278ccd4a59a3c8625af4372/elements'
[DEBUG] Using open Channel [id: 0xd1d86906, L:/127.0.0.1:54062 - R:localhost/127.0.0.1:44090] for POST '/session/67c054285278ccd4a59a3c8625af4372/elements'
[DEBUG] 

Request DefaultHttpRequest(decodeResult: success, version: HTTP/1.1)
POST /session/67c054285278ccd4a59a3c8625af4372/elements HTTP/1.1
User-Agent: selenium/4.6.0 (java windows)
Content-Length: 129
Content-Type: application/json; charset=utf-8
host: localhost:44090
accept: */*

Response DefaultHttpResponse(decodeResult: success, version: HTTP/1.1)
HTTP/1.1 200 OK
Content-Type: application/json; charset=utf-8
cache-control: no-cache
content-length: 90

[DEBUG] Adding key: http://localhost:44090 for channel [id: 0xd1d86906, L:/127.0.0.1:54062 - R:localhost/127.0.0.1:44090]
[DEBUG] Using pooled Channel '[id: 0xd1d86906, L:/127.0.0.1:54062 - R:localhost/127.0.0.1:44090]' for 'GET' to 'http://localhost:44090/session/67c054285278ccd4a59a3c8625af4372/element/dd4f13c6-7a5f-4d43-880e-5b8867cf535c/text'
[DEBUG] Using open Channel [id: 0xd1d86906, L:/127.0.0.1:54062 - R:localhost/127.0.0.1:44090] for GET '/session/67c054285278ccd4a59a3c8625af4372/element/dd4f13c6-7a5f-4d43-880e-5b8867cf535c/text'
[DEBUG] 

Request DefaultFullHttpRequest(decodeResult: success, version: HTTP/1.1, content: EmptyByteBufBE)
GET /session/67c054285278ccd4a59a3c8625af4372/element/dd4f13c6-7a5f-4d43-880e-5b8867cf535c/text HTTP/1.1
User-Agent: selenium/4.6.0 (java windows)
Cache-Control: no-cache
Content-Type: application/json; charset=utf-8
host: localhost:44090
accept: */*

Response DefaultHttpResponse(decodeResult: success, version: HTTP/1.1)
HTTP/1.1 200 OK
Content-Type: application/json; charset=utf-8
cache-control: no-cache
content-length: 28

[DEBUG] Adding key: http://localhost:44090 for channel [id: 0xd1d86906, L:/127.0.0.1:54062 - R:localhost/127.0.0.1:44090]
[DEBUG] Using pooled Channel '[id: 0xd1d86906, L:/127.0.0.1:54062 - R:localhost/127.0.0.1:44090]' for 'POST' to 'http://localhost:44090/session/67c054285278ccd4a59a3c8625af4372/element'
[DEBUG] Using open Channel [id: 0xd1d86906, L:/127.0.0.1:54062 - R:localhost/127.0.0.1:44090] for POST '/session/67c054285278ccd4a59a3c8625af4372/element'
[DEBUG] 

Request DefaultHttpRequest(decodeResult: success, version: HTTP/1.1)
POST /session/67c054285278ccd4a59a3c8625af4372/element HTTP/1.1
User-Agent: selenium/4.6.0 (java windows)
Content-Length: 129
Content-Type: application/json; charset=utf-8
host: localhost:44090
accept: */*

Response DefaultHttpResponse(decodeResult: success, version: HTTP/1.1)
HTTP/1.1 200 OK
Content-Type: application/json; charset=utf-8
cache-control: no-cache
content-length: 88

[DEBUG] Adding key: http://localhost:44090 for channel [id: 0xd1d86906, L:/127.0.0.1:54062 - R:localhost/127.0.0.1:44090]
[DEBUG] Using pooled Channel '[id: 0xd1d86906, L:/127.0.0.1:54062 - R:localhost/127.0.0.1:44090]' for 'GET' to 'http://localhost:44090/session/67c054285278ccd4a59a3c8625af4372/element/598efa5b-7590-4952-a1b0-588026ad5971/text'
[DEBUG] Using open Channel [id: 0xd1d86906, L:/127.0.0.1:54062 - R:localhost/127.0.0.1:44090] for GET '/session/67c054285278ccd4a59a3c8625af4372/element/598efa5b-7590-4952-a1b0-588026ad5971/text'
[DEBUG] 

Request DefaultFullHttpRequest(decodeResult: success, version: HTTP/1.1, content: EmptyByteBufBE)
GET /session/67c054285278ccd4a59a3c8625af4372/element/598efa5b-7590-4952-a1b0-588026ad5971/text HTTP/1.1
User-Agent: selenium/4.6.0 (java windows)
Cache-Control: no-cache
Content-Type: application/json; charset=utf-8
host: localhost:44090
accept: */*

Response DefaultHttpResponse(decodeResult: success, version: HTTP/1.1)
HTTP/1.1 200 OK
Content-Type: application/json; charset=utf-8
cache-control: no-cache
content-length: 28

[DEBUG] Adding key: http://localhost:44090 for channel [id: 0xd1d86906, L:/127.0.0.1:54062 - R:localhost/127.0.0.1:44090]
[DEBUG] Using pooled Channel '[id: 0xd1d86906, L:/127.0.0.1:54062 - R:localhost/127.0.0.1:44090]' for 'POST' to 'http://localhost:44090/session/67c054285278ccd4a59a3c8625af4372/elements'
[DEBUG] Using open Channel [id: 0xd1d86906, L:/127.0.0.1:54062 - R:localhost/127.0.0.1:44090] for POST '/session/67c054285278ccd4a59a3c8625af4372/elements'
[DEBUG] 

Request DefaultHttpRequest(decodeResult: success, version: HTTP/1.1)
POST /session/67c054285278ccd4a59a3c8625af4372/elements HTTP/1.1
User-Agent: selenium/4.6.0 (java windows)
Content-Length: 129
Content-Type: application/json; charset=utf-8
host: localhost:44090
accept: */*

Response DefaultHttpResponse(decodeResult: success, version: HTTP/1.1)
HTTP/1.1 200 OK
Content-Type: application/json; charset=utf-8
cache-control: no-cache
content-length: 90

[DEBUG] Adding key: http://localhost:44090 for channel [id: 0xd1d86906, L:/127.0.0.1:54062 - R:localhost/127.0.0.1:44090]
[DEBUG] Using pooled Channel '[id: 0xd1d86906, L:/127.0.0.1:54062 - R:localhost/127.0.0.1:44090]' for 'GET' to 'http://localhost:44090/session/67c054285278ccd4a59a3c8625af4372/element/b3f8ea9a-dfc3-4cbd-b2f3-5f429b72341d/text'
[DEBUG] Using open Channel [id: 0xd1d86906, L:/127.0.0.1:54062 - R:localhost/127.0.0.1:44090] for GET '/session/67c054285278ccd4a59a3c8625af4372/element/b3f8ea9a-dfc3-4cbd-b2f3-5f429b72341d/text'
[DEBUG] 

Request DefaultFullHttpRequest(decodeResult: success, version: HTTP/1.1, content: EmptyByteBufBE)
GET /session/67c054285278ccd4a59a3c8625af4372/element/b3f8ea9a-dfc3-4cbd-b2f3-5f429b72341d/text HTTP/1.1
User-Agent: selenium/4.6.0 (java windows)
Cache-Control: no-cache
Content-Type: application/json; charset=utf-8
host: localhost:44090
accept: */*

Response DefaultHttpResponse(decodeResult: success, version: HTTP/1.1)
HTTP/1.1 200 OK
Content-Type: application/json; charset=utf-8
cache-control: no-cache
content-length: 23

[DEBUG] Adding key: http://localhost:44090 for channel [id: 0xd1d86906, L:/127.0.0.1:54062 - R:localhost/127.0.0.1:44090]
[DEBUG] Using pooled Channel '[id: 0xd1d86906, L:/127.0.0.1:54062 - R:localhost/127.0.0.1:44090]' for 'POST' to 'http://localhost:44090/session/67c054285278ccd4a59a3c8625af4372/elements'
[DEBUG] Using open Channel [id: 0xd1d86906, L:/127.0.0.1:54062 - R:localhost/127.0.0.1:44090] for POST '/session/67c054285278ccd4a59a3c8625af4372/elements'
[DEBUG] 

Request DefaultHttpRequest(decodeResult: success, version: HTTP/1.1)
POST /session/67c054285278ccd4a59a3c8625af4372/elements HTTP/1.1
User-Agent: selenium/4.6.0 (java windows)
Content-Length: 129
Content-Type: application/json; charset=utf-8
host: localhost:44090
accept: */*

Response DefaultHttpResponse(decodeResult: success, version: HTTP/1.1)
HTTP/1.1 200 OK
Content-Type: application/json; charset=utf-8
cache-control: no-cache
content-length: 90

[DEBUG] Adding key: http://localhost:44090 for channel [id: 0xd1d86906, L:/127.0.0.1:54062 - R:localhost/127.0.0.1:44090]
[DEBUG] Using pooled Channel '[id: 0xd1d86906, L:/127.0.0.1:54062 - R:localhost/127.0.0.1:44090]' for 'GET' to 'http://localhost:44090/session/67c054285278ccd4a59a3c8625af4372/element/4ac43fc4-dbd2-4b88-80da-ba2690b39b12/text'
[DEBUG] Using open Channel [id: 0xd1d86906, L:/127.0.0.1:54062 - R:localhost/127.0.0.1:44090] for GET '/session/67c054285278ccd4a59a3c8625af4372/element/4ac43fc4-dbd2-4b88-80da-ba2690b39b12/text'
[DEBUG] 

Request DefaultFullHttpRequest(decodeResult: success, version: HTTP/1.1, content: EmptyByteBufBE)
GET /session/67c054285278ccd4a59a3c8625af4372/element/4ac43fc4-dbd2-4b88-80da-ba2690b39b12/text HTTP/1.1
User-Agent: selenium/4.6.0 (java windows)
Cache-Control: no-cache
Content-Type: application/json; charset=utf-8
host: localhost:44090
accept: */*

Response DefaultHttpResponse(decodeResult: success, version: HTTP/1.1)
HTTP/1.1 200 OK
Content-Type: application/json; charset=utf-8
cache-control: no-cache
content-length: 19

[DEBUG] Adding key: http://localhost:44090 for channel [id: 0xd1d86906, L:/127.0.0.1:54062 - R:localhost/127.0.0.1:44090]
[DEBUG] Using pooled Channel '[id: 0xd1d86906, L:/127.0.0.1:54062 - R:localhost/127.0.0.1:44090]' for 'POST' to 'http://localhost:44090/session/67c054285278ccd4a59a3c8625af4372/elements'
[DEBUG] Using open Channel [id: 0xd1d86906, L:/127.0.0.1:54062 - R:localhost/127.0.0.1:44090] for POST '/session/67c054285278ccd4a59a3c8625af4372/elements'
[DEBUG] 

Request DefaultHttpRequest(decodeResult: success, version: HTTP/1.1)
POST /session/67c054285278ccd4a59a3c8625af4372/elements HTTP/1.1
User-Agent: selenium/4.6.0 (java windows)
Content-Length: 129
Content-Type: application/json; charset=utf-8
host: localhost:44090
accept: */*

Response DefaultHttpResponse(decodeResult: success, version: HTTP/1.1)
HTTP/1.1 200 OK
Content-Type: application/json; charset=utf-8
cache-control: no-cache
content-length: 90

[DEBUG] Adding key: http://localhost:44090 for channel [id: 0xd1d86906, L:/127.0.0.1:54062 - R:localhost/127.0.0.1:44090]
[DEBUG] Using pooled Channel '[id: 0xd1d86906, L:/127.0.0.1:54062 - R:localhost/127.0.0.1:44090]' for 'GET' to 'http://localhost:44090/session/67c054285278ccd4a59a3c8625af4372/element/f6e0e390-aa2d-47e6-aed7-9f571eda5156/text'
[DEBUG] Using open Channel [id: 0xd1d86906, L:/127.0.0.1:54062 - R:localhost/127.0.0.1:44090] for GET '/session/67c054285278ccd4a59a3c8625af4372/element/f6e0e390-aa2d-47e6-aed7-9f571eda5156/text'
[DEBUG] 

Request DefaultFullHttpRequest(decodeResult: success, version: HTTP/1.1, content: EmptyByteBufBE)
GET /session/67c054285278ccd4a59a3c8625af4372/element/f6e0e390-aa2d-47e6-aed7-9f571eda5156/text HTTP/1.1
User-Agent: selenium/4.6.0 (java windows)
Cache-Control: no-cache
Content-Type: application/json; charset=utf-8
host: localhost:44090
accept: */*

Response DefaultHttpResponse(decodeResult: success, version: HTTP/1.1)
HTTP/1.1 200 OK
Content-Type: application/json; charset=utf-8
cache-control: no-cache
content-length: 25

[DEBUG] Adding key: http://localhost:44090 for channel [id: 0xd1d86906, L:/127.0.0.1:54062 - R:localhost/127.0.0.1:44090]
[DEBUG] Using pooled Channel '[id: 0xd1d86906, L:/127.0.0.1:54062 - R:localhost/127.0.0.1:44090]' for 'POST' to 'http://localhost:44090/session/67c054285278ccd4a59a3c8625af4372/elements'
[DEBUG] Using open Channel [id: 0xd1d86906, L:/127.0.0.1:54062 - R:localhost/127.0.0.1:44090] for POST '/session/67c054285278ccd4a59a3c8625af4372/elements'
[DEBUG] 

Request DefaultHttpRequest(decodeResult: success, version: HTTP/1.1)
POST /session/67c054285278ccd4a59a3c8625af4372/elements HTTP/1.1
User-Agent: selenium/4.6.0 (java windows)
Content-Length: 129
Content-Type: application/json; charset=utf-8
host: localhost:44090
accept: */*

Response DefaultHttpResponse(decodeResult: success, version: HTTP/1.1)
HTTP/1.1 200 OK
Content-Type: application/json; charset=utf-8
cache-control: no-cache
content-length: 90

[DEBUG] Adding key: http://localhost:44090 for channel [id: 0xd1d86906, L:/127.0.0.1:54062 - R:localhost/127.0.0.1:44090]
[DEBUG] Using pooled Channel '[id: 0xd1d86906, L:/127.0.0.1:54062 - R:localhost/127.0.0.1:44090]' for 'GET' to 'http://localhost:44090/session/67c054285278ccd4a59a3c8625af4372/element/598efa5b-7590-4952-a1b0-588026ad5971/text'
[DEBUG] Using open Channel [id: 0xd1d86906, L:/127.0.0.1:54062 - R:localhost/127.0.0.1:44090] for GET '/session/67c054285278ccd4a59a3c8625af4372/element/598efa5b-7590-4952-a1b0-588026ad5971/text'
[DEBUG] 

Request DefaultFullHttpRequest(decodeResult: success, version: HTTP/1.1, content: EmptyByteBufBE)
GET /session/67c054285278ccd4a59a3c8625af4372/element/598efa5b-7590-4952-a1b0-588026ad5971/text HTTP/1.1
User-Agent: selenium/4.6.0 (java windows)
Cache-Control: no-cache
Content-Type: application/json; charset=utf-8
host: localhost:44090
accept: */*

Response DefaultHttpResponse(decodeResult: success, version: HTTP/1.1)
HTTP/1.1 200 OK
Content-Type: application/json; charset=utf-8
cache-control: no-cache
content-length: 28

[DEBUG] Adding key: http://localhost:44090 for channel [id: 0xd1d86906, L:/127.0.0.1:54062 - R:localhost/127.0.0.1:44090]
[DEBUG] Using pooled Channel '[id: 0xd1d86906, L:/127.0.0.1:54062 - R:localhost/127.0.0.1:44090]' for 'POST' to 'http://localhost:44090/session/67c054285278ccd4a59a3c8625af4372/element'
[DEBUG] Using open Channel [id: 0xd1d86906, L:/127.0.0.1:54062 - R:localhost/127.0.0.1:44090] for POST '/session/67c054285278ccd4a59a3c8625af4372/element'
[DEBUG] 

Request DefaultHttpRequest(decodeResult: success, version: HTTP/1.1)
POST /session/67c054285278ccd4a59a3c8625af4372/element HTTP/1.1
User-Agent: selenium/4.6.0 (java windows)
Content-Length: 129
Content-Type: application/json; charset=utf-8
host: localhost:44090
accept: */*

Response DefaultHttpResponse(decodeResult: success, version: HTTP/1.1)
HTTP/1.1 200 OK
Content-Type: application/json; charset=utf-8
cache-control: no-cache
content-length: 88

[DEBUG] Adding key: http://localhost:44090 for channel [id: 0xd1d86906, L:/127.0.0.1:54062 - R:localhost/127.0.0.1:44090]
[DEBUG] Using pooled Channel '[id: 0xd1d86906, L:/127.0.0.1:54062 - R:localhost/127.0.0.1:44090]' for 'GET' to 'http://localhost:44090/session/67c054285278ccd4a59a3c8625af4372/element/2cd68b1c-dc36-4018-a552-795b046e6b7f/text'
[DEBUG] Using open Channel [id: 0xd1d86906, L:/127.0.0.1:54062 - R:localhost/127.0.0.1:44090] for GET '/session/67c054285278ccd4a59a3c8625af4372/element/2cd68b1c-dc36-4018-a552-795b046e6b7f/text'
[DEBUG] 

Request DefaultFullHttpRequest(decodeResult: success, version: HTTP/1.1, content: EmptyByteBufBE)
GET /session/67c054285278ccd4a59a3c8625af4372/element/2cd68b1c-dc36-4018-a552-795b046e6b7f/text HTTP/1.1
User-Agent: selenium/4.6.0 (java windows)
Cache-Control: no-cache
Content-Type: application/json; charset=utf-8
host: localhost:44090
accept: */*

Response DefaultHttpResponse(decodeResult: success, version: HTTP/1.1)
HTTP/1.1 200 OK
Content-Type: application/json; charset=utf-8
cache-control: no-cache
content-length: 26

[DEBUG] Adding key: http://localhost:44090 for channel [id: 0xd1d86906, L:/127.0.0.1:54062 - R:localhost/127.0.0.1:44090]
[DEBUG] Using pooled Channel '[id: 0xd1d86906, L:/127.0.0.1:54062 - R:localhost/127.0.0.1:44090]' for 'POST' to 'http://localhost:44090/session/67c054285278ccd4a59a3c8625af4372/element'
[DEBUG] Using open Channel [id: 0xd1d86906, L:/127.0.0.1:54062 - R:localhost/127.0.0.1:44090] for POST '/session/67c054285278ccd4a59a3c8625af4372/element'
[DEBUG] 

Request DefaultHttpRequest(decodeResult: success, version: HTTP/1.1)
POST /session/67c054285278ccd4a59a3c8625af4372/element HTTP/1.1
User-Agent: selenium/4.6.0 (java windows)
Content-Length: 129
Content-Type: application/json; charset=utf-8
host: localhost:44090
accept: */*

Response DefaultHttpResponse(decodeResult: success, version: HTTP/1.1)
HTTP/1.1 200 OK
Content-Type: application/json; charset=utf-8
cache-control: no-cache
content-length: 88

[DEBUG] Adding key: http://localhost:44090 for channel [id: 0xd1d86906, L:/127.0.0.1:54062 - R:localhost/127.0.0.1:44090]
[DEBUG] Using pooled Channel '[id: 0xd1d86906, L:/127.0.0.1:54062 - R:localhost/127.0.0.1:44090]' for 'GET' to 'http://localhost:44090/session/67c054285278ccd4a59a3c8625af4372/element/406eabca-8c81-48aa-b3b6-25ffafcdad84/text'
[DEBUG] Using open Channel [id: 0xd1d86906, L:/127.0.0.1:54062 - R:localhost/127.0.0.1:44090] for GET '/session/67c054285278ccd4a59a3c8625af4372/element/406eabca-8c81-48aa-b3b6-25ffafcdad84/text'
[DEBUG] 

Request DefaultFullHttpRequest(decodeResult: success, version: HTTP/1.1, content: EmptyByteBufBE)
GET /session/67c054285278ccd4a59a3c8625af4372/element/406eabca-8c81-48aa-b3b6-25ffafcdad84/text HTTP/1.1
User-Agent: selenium/4.6.0 (java windows)
Cache-Control: no-cache
Content-Type: application/json; charset=utf-8
host: localhost:44090
accept: */*

Response DefaultHttpResponse(decodeResult: success, version: HTTP/1.1)
HTTP/1.1 200 OK
Content-Type: application/json; charset=utf-8
cache-control: no-cache
content-length: 28

[DEBUG] Adding key: http://localhost:44090 for channel [id: 0xd1d86906, L:/127.0.0.1:54062 - R:localhost/127.0.0.1:44090]
[DEBUG] Using pooled Channel '[id: 0xd1d86906, L:/127.0.0.1:54062 - R:localhost/127.0.0.1:44090]' for 'POST' to 'http://localhost:44090/session/67c054285278ccd4a59a3c8625af4372/elements'
[DEBUG] Using open Channel [id: 0xd1d86906, L:/127.0.0.1:54062 - R:localhost/127.0.0.1:44090] for POST '/session/67c054285278ccd4a59a3c8625af4372/elements'
[DEBUG] 

Request DefaultHttpRequest(decodeResult: success, version: HTTP/1.1)
POST /session/67c054285278ccd4a59a3c8625af4372/elements HTTP/1.1
User-Agent: selenium/4.6.0 (java windows)
Content-Length: 129
Content-Type: application/json; charset=utf-8
host: localhost:44090
accept: */*

Response DefaultHttpResponse(decodeResult: success, version: HTTP/1.1)
HTTP/1.1 200 OK
Content-Type: application/json; charset=utf-8
cache-control: no-cache
content-length: 90

[DEBUG] Adding key: http://localhost:44090 for channel [id: 0xd1d86906, L:/127.0.0.1:54062 - R:localhost/127.0.0.1:44090]
[DEBUG] Using pooled Channel '[id: 0xd1d86906, L:/127.0.0.1:54062 - R:localhost/127.0.0.1:44090]' for 'GET' to 'http://localhost:44090/session/67c054285278ccd4a59a3c8625af4372/element/7d9370b0-b840-4989-a747-93cc004eb9e3/text'
[DEBUG] Using open Channel [id: 0xd1d86906, L:/127.0.0.1:54062 - R:localhost/127.0.0.1:44090] for GET '/session/67c054285278ccd4a59a3c8625af4372/element/7d9370b0-b840-4989-a747-93cc004eb9e3/text'
[DEBUG] 

Request DefaultFullHttpRequest(decodeResult: success, version: HTTP/1.1, content: EmptyByteBufBE)
GET /session/67c054285278ccd4a59a3c8625af4372/element/7d9370b0-b840-4989-a747-93cc004eb9e3/text HTTP/1.1
User-Agent: selenium/4.6.0 (java windows)
Cache-Control: no-cache
Content-Type: application/json; charset=utf-8
host: localhost:44090
accept: */*

Response DefaultHttpResponse(decodeResult: success, version: HTTP/1.1)
HTTP/1.1 200 OK
Content-Type: application/json; charset=utf-8
cache-control: no-cache
content-length: 23

[DEBUG] Adding key: http://localhost:44090 for channel [id: 0xd1d86906, L:/127.0.0.1:54062 - R:localhost/127.0.0.1:44090]
[DEBUG] Using pooled Channel '[id: 0xd1d86906, L:/127.0.0.1:54062 - R:localhost/127.0.0.1:44090]' for 'POST' to 'http://localhost:44090/session/67c054285278ccd4a59a3c8625af4372/elements'
[DEBUG] Using open Channel [id: 0xd1d86906, L:/127.0.0.1:54062 - R:localhost/127.0.0.1:44090] for POST '/session/67c054285278ccd4a59a3c8625af4372/elements'
[DEBUG] 

Request DefaultHttpRequest(decodeResult: success, version: HTTP/1.1)
POST /session/67c054285278ccd4a59a3c8625af4372/elements HTTP/1.1
User-Agent: selenium/4.6.0 (java windows)
Content-Length: 129
Content-Type: application/json; charset=utf-8
host: localhost:44090
accept: */*

Response DefaultHttpResponse(decodeResult: success, version: HTTP/1.1)
HTTP/1.1 200 OK
Content-Type: application/json; charset=utf-8
cache-control: no-cache
content-length: 90

[DEBUG] Adding key: http://localhost:44090 for channel [id: 0xd1d86906, L:/127.0.0.1:54062 - R:localhost/127.0.0.1:44090]
[DEBUG] Using pooled Channel '[id: 0xd1d86906, L:/127.0.0.1:54062 - R:localhost/127.0.0.1:44090]' for 'GET' to 'http://localhost:44090/session/67c054285278ccd4a59a3c8625af4372/element/4a614ccc-0283-45fa-a212-70921bbf9c9f/text'
[DEBUG] Using open Channel [id: 0xd1d86906, L:/127.0.0.1:54062 - R:localhost/127.0.0.1:44090] for GET '/session/67c054285278ccd4a59a3c8625af4372/element/4a614ccc-0283-45fa-a212-70921bbf9c9f/text'
[DEBUG] 

Request DefaultFullHttpRequest(decodeResult: success, version: HTTP/1.1, content: EmptyByteBufBE)
GET /session/67c054285278ccd4a59a3c8625af4372/element/4a614ccc-0283-45fa-a212-70921bbf9c9f/text HTTP/1.1
User-Agent: selenium/4.6.0 (java windows)
Cache-Control: no-cache
Content-Type: application/json; charset=utf-8
host: localhost:44090
accept: */*

Response DefaultHttpResponse(decodeResult: success, version: HTTP/1.1)
HTTP/1.1 200 OK
Content-Type: application/json; charset=utf-8
cache-control: no-cache
content-length: 18

[DEBUG] Adding key: http://localhost:44090 for channel [id: 0xd1d86906, L:/127.0.0.1:54062 - R:localhost/127.0.0.1:44090]
[DEBUG] Using pooled Channel '[id: 0xd1d86906, L:/127.0.0.1:54062 - R:localhost/127.0.0.1:44090]' for 'POST' to 'http://localhost:44090/session/67c054285278ccd4a59a3c8625af4372/elements'
[DEBUG] Using open Channel [id: 0xd1d86906, L:/127.0.0.1:54062 - R:localhost/127.0.0.1:44090] for POST '/session/67c054285278ccd4a59a3c8625af4372/elements'
[DEBUG] 

Request DefaultHttpRequest(decodeResult: success, version: HTTP/1.1)
POST /session/67c054285278ccd4a59a3c8625af4372/elements HTTP/1.1
User-Agent: selenium/4.6.0 (java windows)
Content-Length: 129
Content-Type: application/json; charset=utf-8
host: localhost:44090
accept: */*

Response DefaultHttpResponse(decodeResult: success, version: HTTP/1.1)
HTTP/1.1 200 OK
Content-Type: application/json; charset=utf-8
cache-control: no-cache
content-length: 90

[DEBUG] Adding key: http://localhost:44090 for channel [id: 0xd1d86906, L:/127.0.0.1:54062 - R:localhost/127.0.0.1:44090]
[DEBUG] Using pooled Channel '[id: 0xd1d86906, L:/127.0.0.1:54062 - R:localhost/127.0.0.1:44090]' for 'GET' to 'http://localhost:44090/session/67c054285278ccd4a59a3c8625af4372/element/3b720cd9-9835-4fd6-9b4f-8014f30795d1/text'
[DEBUG] Using open Channel [id: 0xd1d86906, L:/127.0.0.1:54062 - R:localhost/127.0.0.1:44090] for GET '/session/67c054285278ccd4a59a3c8625af4372/element/3b720cd9-9835-4fd6-9b4f-8014f30795d1/text'
[DEBUG] 

Request DefaultFullHttpRequest(decodeResult: success, version: HTTP/1.1, content: EmptyByteBufBE)
GET /session/67c054285278ccd4a59a3c8625af4372/element/3b720cd9-9835-4fd6-9b4f-8014f30795d1/text HTTP/1.1
User-Agent: selenium/4.6.0 (java windows)
Cache-Control: no-cache
Content-Type: application/json; charset=utf-8
host: localhost:44090
accept: */*

Response DefaultHttpResponse(decodeResult: success, version: HTTP/1.1)
HTTP/1.1 200 OK
Content-Type: application/json; charset=utf-8
cache-control: no-cache
content-length: 25

[DEBUG] Adding key: http://localhost:44090 for channel [id: 0xd1d86906, L:/127.0.0.1:54062 - R:localhost/127.0.0.1:44090]
[DEBUG] Using pooled Channel '[id: 0xd1d86906, L:/127.0.0.1:54062 - R:localhost/127.0.0.1:44090]' for 'POST' to 'http://localhost:44090/session/67c054285278ccd4a59a3c8625af4372/elements'
[DEBUG] Using open Channel [id: 0xd1d86906, L:/127.0.0.1:54062 - R:localhost/127.0.0.1:44090] for POST '/session/67c054285278ccd4a59a3c8625af4372/elements'
[DEBUG] 

Request DefaultHttpRequest(decodeResult: success, version: HTTP/1.1)
POST /session/67c054285278ccd4a59a3c8625af4372/elements HTTP/1.1
User-Agent: selenium/4.6.0 (java windows)
Content-Length: 129
Content-Type: application/json; charset=utf-8
host: localhost:44090
accept: */*

Response DefaultHttpResponse(decodeResult: success, version: HTTP/1.1)
HTTP/1.1 200 OK
Content-Type: application/json; charset=utf-8
cache-control: no-cache
content-length: 90

[DEBUG] Adding key: http://localhost:44090 for channel [id: 0xd1d86906, L:/127.0.0.1:54062 - R:localhost/127.0.0.1:44090]
[DEBUG] Using pooled Channel '[id: 0xd1d86906, L:/127.0.0.1:54062 - R:localhost/127.0.0.1:44090]' for 'GET' to 'http://localhost:44090/session/67c054285278ccd4a59a3c8625af4372/element/406eabca-8c81-48aa-b3b6-25ffafcdad84/text'
[DEBUG] Using open Channel [id: 0xd1d86906, L:/127.0.0.1:54062 - R:localhost/127.0.0.1:44090] for GET '/session/67c054285278ccd4a59a3c8625af4372/element/406eabca-8c81-48aa-b3b6-25ffafcdad84/text'
[DEBUG] 

Request DefaultFullHttpRequest(decodeResult: success, version: HTTP/1.1, content: EmptyByteBufBE)
GET /session/67c054285278ccd4a59a3c8625af4372/element/406eabca-8c81-48aa-b3b6-25ffafcdad84/text HTTP/1.1
User-Agent: selenium/4.6.0 (java windows)
Cache-Control: no-cache
Content-Type: application/json; charset=utf-8
host: localhost:44090
accept: */*

Response DefaultHttpResponse(decodeResult: success, version: HTTP/1.1)
HTTP/1.1 200 OK
Content-Type: application/json; charset=utf-8
cache-control: no-cache
content-length: 28

[DEBUG] Adding key: http://localhost:44090 for channel [id: 0xd1d86906, L:/127.0.0.1:54062 - R:localhost/127.0.0.1:44090]
[DEBUG] Using pooled Channel '[id: 0xd1d86906, L:/127.0.0.1:54062 - R:localhost/127.0.0.1:44090]' for 'POST' to 'http://localhost:44090/session/67c054285278ccd4a59a3c8625af4372/element'
[DEBUG] Using open Channel [id: 0xd1d86906, L:/127.0.0.1:54062 - R:localhost/127.0.0.1:44090] for POST '/session/67c054285278ccd4a59a3c8625af4372/element'
[DEBUG] 

Request DefaultHttpRequest(decodeResult: success, version: HTTP/1.1)
POST /session/67c054285278ccd4a59a3c8625af4372/element HTTP/1.1
User-Agent: selenium/4.6.0 (java windows)
Content-Length: 129
Content-Type: application/json; charset=utf-8
host: localhost:44090
accept: */*

Response DefaultHttpResponse(decodeResult: success, version: HTTP/1.1)
HTTP/1.1 200 OK
Content-Type: application/json; charset=utf-8
cache-control: no-cache
content-length: 88

[DEBUG] Adding key: http://localhost:44090 for channel [id: 0xd1d86906, L:/127.0.0.1:54062 - R:localhost/127.0.0.1:44090]
[DEBUG] Using pooled Channel '[id: 0xd1d86906, L:/127.0.0.1:54062 - R:localhost/127.0.0.1:44090]' for 'GET' to 'http://localhost:44090/session/67c054285278ccd4a59a3c8625af4372/element/dd04bb8a-22fd-4b44-9067-5001a9fb0e7d/text'
[DEBUG] Using open Channel [id: 0xd1d86906, L:/127.0.0.1:54062 - R:localhost/127.0.0.1:44090] for GET '/session/67c054285278ccd4a59a3c8625af4372/element/dd04bb8a-22fd-4b44-9067-5001a9fb0e7d/text'
[DEBUG] 

Request DefaultFullHttpRequest(decodeResult: success, version: HTTP/1.1, content: EmptyByteBufBE)
GET /session/67c054285278ccd4a59a3c8625af4372/element/dd04bb8a-22fd-4b44-9067-5001a9fb0e7d/text HTTP/1.1
User-Agent: selenium/4.6.0 (java windows)
Cache-Control: no-cache
Content-Type: application/json; charset=utf-8
host: localhost:44090
accept: */*

Response DefaultHttpResponse(decodeResult: success, version: HTTP/1.1)
HTTP/1.1 200 OK
Content-Type: application/json; charset=utf-8
cache-control: no-cache
content-length: 26

[DEBUG] Adding key: http://localhost:44090 for channel [id: 0xd1d86906, L:/127.0.0.1:54062 - R:localhost/127.0.0.1:44090]
[DEBUG] Using pooled Channel '[id: 0xd1d86906, L:/127.0.0.1:54062 - R:localhost/127.0.0.1:44090]' for 'POST' to 'http://localhost:44090/session/67c054285278ccd4a59a3c8625af4372/element'
[DEBUG] Using open Channel [id: 0xd1d86906, L:/127.0.0.1:54062 - R:localhost/127.0.0.1:44090] for POST '/session/67c054285278ccd4a59a3c8625af4372/element'
[DEBUG] 

Request DefaultHttpRequest(decodeResult: success, version: HTTP/1.1)
POST /session/67c054285278ccd4a59a3c8625af4372/element HTTP/1.1
User-Agent: selenium/4.6.0 (java windows)
Content-Length: 129
Content-Type: application/json; charset=utf-8
host: localhost:44090
accept: */*

Response DefaultHttpResponse(decodeResult: success, version: HTTP/1.1)
HTTP/1.1 200 OK
Content-Type: application/json; charset=utf-8
cache-control: no-cache
content-length: 88

[DEBUG] Adding key: http://localhost:44090 for channel [id: 0xd1d86906, L:/127.0.0.1:54062 - R:localhost/127.0.0.1:44090]
[DEBUG] Using pooled Channel '[id: 0xd1d86906, L:/127.0.0.1:54062 - R:localhost/127.0.0.1:44090]' for 'GET' to 'http://localhost:44090/session/67c054285278ccd4a59a3c8625af4372/element/e3f1957e-26b9-43f2-a6a0-87ef7615b180/text'
[DEBUG] Using open Channel [id: 0xd1d86906, L:/127.0.0.1:54062 - R:localhost/127.0.0.1:44090] for GET '/session/67c054285278ccd4a59a3c8625af4372/element/e3f1957e-26b9-43f2-a6a0-87ef7615b180/text'
[DEBUG] 

Request DefaultFullHttpRequest(decodeResult: success, version: HTTP/1.1, content: EmptyByteBufBE)
GET /session/67c054285278ccd4a59a3c8625af4372/element/e3f1957e-26b9-43f2-a6a0-87ef7615b180/text HTTP/1.1
User-Agent: selenium/4.6.0 (java windows)
Cache-Control: no-cache
Content-Type: application/json; charset=utf-8
host: localhost:44090
accept: */*

Response DefaultHttpResponse(decodeResult: success, version: HTTP/1.1)
HTTP/1.1 200 OK
Content-Type: application/json; charset=utf-8
cache-control: no-cache
content-length: 28

[DEBUG] Adding key: http://localhost:44090 for channel [id: 0xd1d86906, L:/127.0.0.1:54062 - R:localhost/127.0.0.1:44090]
[DEBUG] Using pooled Channel '[id: 0xd1d86906, L:/127.0.0.1:54062 - R:localhost/127.0.0.1:44090]' for 'POST' to 'http://localhost:44090/session/67c054285278ccd4a59a3c8625af4372/elements'
[DEBUG] Using open Channel [id: 0xd1d86906, L:/127.0.0.1:54062 - R:localhost/127.0.0.1:44090] for POST '/session/67c054285278ccd4a59a3c8625af4372/elements'
[DEBUG] 

Request DefaultHttpRequest(decodeResult: success, version: HTTP/1.1)
POST /session/67c054285278ccd4a59a3c8625af4372/elements HTTP/1.1
User-Agent: selenium/4.6.0 (java windows)
Content-Length: 129
Content-Type: application/json; charset=utf-8
host: localhost:44090
accept: */*

Response DefaultHttpResponse(decodeResult: success, version: HTTP/1.1)
HTTP/1.1 200 OK
Content-Type: application/json; charset=utf-8
cache-control: no-cache
content-length: 90

[DEBUG] Adding key: http://localhost:44090 for channel [id: 0xd1d86906, L:/127.0.0.1:54062 - R:localhost/127.0.0.1:44090]
[DEBUG] Using pooled Channel '[id: 0xd1d86906, L:/127.0.0.1:54062 - R:localhost/127.0.0.1:44090]' for 'GET' to 'http://localhost:44090/session/67c054285278ccd4a59a3c8625af4372/element/8590e630-0825-4153-a9fa-46354de91b6b/text'
[DEBUG] Using open Channel [id: 0xd1d86906, L:/127.0.0.1:54062 - R:localhost/127.0.0.1:44090] for GET '/session/67c054285278ccd4a59a3c8625af4372/element/8590e630-0825-4153-a9fa-46354de91b6b/text'
[DEBUG] 

Request DefaultFullHttpRequest(decodeResult: success, version: HTTP/1.1, content: EmptyByteBufBE)
GET /session/67c054285278ccd4a59a3c8625af4372/element/8590e630-0825-4153-a9fa-46354de91b6b/text HTTP/1.1
User-Agent: selenium/4.6.0 (java windows)
Cache-Control: no-cache
Content-Type: application/json; charset=utf-8
host: localhost:44090
accept: */*

Response DefaultHttpResponse(decodeResult: success, version: HTTP/1.1)
HTTP/1.1 200 OK
Content-Type: application/json; charset=utf-8
cache-control: no-cache
content-length: 23

[DEBUG] Adding key: http://localhost:44090 for channel [id: 0xd1d86906, L:/127.0.0.1:54062 - R:localhost/127.0.0.1:44090]
[DEBUG] Using pooled Channel '[id: 0xd1d86906, L:/127.0.0.1:54062 - R:localhost/127.0.0.1:44090]' for 'POST' to 'http://localhost:44090/session/67c054285278ccd4a59a3c8625af4372/elements'
[DEBUG] Using open Channel [id: 0xd1d86906, L:/127.0.0.1:54062 - R:localhost/127.0.0.1:44090] for POST '/session/67c054285278ccd4a59a3c8625af4372/elements'
[DEBUG] 

Request DefaultHttpRequest(decodeResult: success, version: HTTP/1.1)
POST /session/67c054285278ccd4a59a3c8625af4372/elements HTTP/1.1
User-Agent: selenium/4.6.0 (java windows)
Content-Length: 129
Content-Type: application/json; charset=utf-8
host: localhost:44090
accept: */*

Response DefaultHttpResponse(decodeResult: success, version: HTTP/1.1)
HTTP/1.1 200 OK
Content-Type: application/json; charset=utf-8
cache-control: no-cache
content-length: 90

[DEBUG] Adding key: http://localhost:44090 for channel [id: 0xd1d86906, L:/127.0.0.1:54062 - R:localhost/127.0.0.1:44090]
[DEBUG] Using pooled Channel '[id: 0xd1d86906, L:/127.0.0.1:54062 - R:localhost/127.0.0.1:44090]' for 'GET' to 'http://localhost:44090/session/67c054285278ccd4a59a3c8625af4372/element/8a0d3435-60f4-4d2b-ab55-591635bf695d/text'
[DEBUG] Using open Channel [id: 0xd1d86906, L:/127.0.0.1:54062 - R:localhost/127.0.0.1:44090] for GET '/session/67c054285278ccd4a59a3c8625af4372/element/8a0d3435-60f4-4d2b-ab55-591635bf695d/text'
[DEBUG] 

Request DefaultFullHttpRequest(decodeResult: success, version: HTTP/1.1, content: EmptyByteBufBE)
GET /session/67c054285278ccd4a59a3c8625af4372/element/8a0d3435-60f4-4d2b-ab55-591635bf695d/text HTTP/1.1
User-Agent: selenium/4.6.0 (java windows)
Cache-Control: no-cache
Content-Type: application/json; charset=utf-8
host: localhost:44090
accept: */*

Response DefaultHttpResponse(decodeResult: success, version: HTTP/1.1)
HTTP/1.1 200 OK
Content-Type: application/json; charset=utf-8
cache-control: no-cache
content-length: 18

[DEBUG] Adding key: http://localhost:44090 for channel [id: 0xd1d86906, L:/127.0.0.1:54062 - R:localhost/127.0.0.1:44090]
[DEBUG] Using pooled Channel '[id: 0xd1d86906, L:/127.0.0.1:54062 - R:localhost/127.0.0.1:44090]' for 'POST' to 'http://localhost:44090/session/67c054285278ccd4a59a3c8625af4372/elements'
[DEBUG] Using open Channel [id: 0xd1d86906, L:/127.0.0.1:54062 - R:localhost/127.0.0.1:44090] for POST '/session/67c054285278ccd4a59a3c8625af4372/elements'
[DEBUG] 

Request DefaultHttpRequest(decodeResult: success, version: HTTP/1.1)
POST /session/67c054285278ccd4a59a3c8625af4372/elements HTTP/1.1
User-Agent: selenium/4.6.0 (java windows)
Content-Length: 129
Content-Type: application/json; charset=utf-8
host: localhost:44090
accept: */*

Response DefaultHttpResponse(decodeResult: success, version: HTTP/1.1)
HTTP/1.1 200 OK
Content-Type: application/json; charset=utf-8
cache-control: no-cache
content-length: 90

[DEBUG] Adding key: http://localhost:44090 for channel [id: 0xd1d86906, L:/127.0.0.1:54062 - R:localhost/127.0.0.1:44090]
[DEBUG] Using pooled Channel '[id: 0xd1d86906, L:/127.0.0.1:54062 - R:localhost/127.0.0.1:44090]' for 'GET' to 'http://localhost:44090/session/67c054285278ccd4a59a3c8625af4372/element/c3cda761-399e-4c5d-ad42-7ddbbc9ab694/text'
[DEBUG] Using open Channel [id: 0xd1d86906, L:/127.0.0.1:54062 - R:localhost/127.0.0.1:44090] for GET '/session/67c054285278ccd4a59a3c8625af4372/element/c3cda761-399e-4c5d-ad42-7ddbbc9ab694/text'
[DEBUG] 

Request DefaultFullHttpRequest(decodeResult: success, version: HTTP/1.1, content: EmptyByteBufBE)
GET /session/67c054285278ccd4a59a3c8625af4372/element/c3cda761-399e-4c5d-ad42-7ddbbc9ab694/text HTTP/1.1
User-Agent: selenium/4.6.0 (java windows)
Cache-Control: no-cache
Content-Type: application/json; charset=utf-8
host: localhost:44090
accept: */*

Response DefaultHttpResponse(decodeResult: success, version: HTTP/1.1)
HTTP/1.1 200 OK
Content-Type: application/json; charset=utf-8
cache-control: no-cache
content-length: 24

[DEBUG] Adding key: http://localhost:44090 for channel [id: 0xd1d86906, L:/127.0.0.1:54062 - R:localhost/127.0.0.1:44090]
[DEBUG] Using pooled Channel '[id: 0xd1d86906, L:/127.0.0.1:54062 - R:localhost/127.0.0.1:44090]' for 'POST' to 'http://localhost:44090/session/67c054285278ccd4a59a3c8625af4372/elements'
[DEBUG] Using open Channel [id: 0xd1d86906, L:/127.0.0.1:54062 - R:localhost/127.0.0.1:44090] for POST '/session/67c054285278ccd4a59a3c8625af4372/elements'
[DEBUG] 

Request DefaultHttpRequest(decodeResult: success, version: HTTP/1.1)
POST /session/67c054285278ccd4a59a3c8625af4372/elements HTTP/1.1
User-Agent: selenium/4.6.0 (java windows)
Content-Length: 129
Content-Type: application/json; charset=utf-8
host: localhost:44090
accept: */*

Response DefaultHttpResponse(decodeResult: success, version: HTTP/1.1)
HTTP/1.1 200 OK
Content-Type: application/json; charset=utf-8
cache-control: no-cache
content-length: 90

[DEBUG] Adding key: http://localhost:44090 for channel [id: 0xd1d86906, L:/127.0.0.1:54062 - R:localhost/127.0.0.1:44090]
[DEBUG] Using pooled Channel '[id: 0xd1d86906, L:/127.0.0.1:54062 - R:localhost/127.0.0.1:44090]' for 'GET' to 'http://localhost:44090/session/67c054285278ccd4a59a3c8625af4372/element/e3f1957e-26b9-43f2-a6a0-87ef7615b180/text'
[DEBUG] Using open Channel [id: 0xd1d86906, L:/127.0.0.1:54062 - R:localhost/127.0.0.1:44090] for GET '/session/67c054285278ccd4a59a3c8625af4372/element/e3f1957e-26b9-43f2-a6a0-87ef7615b180/text'
[DEBUG] 

Request DefaultFullHttpRequest(decodeResult: success, version: HTTP/1.1, content: EmptyByteBufBE)
GET /session/67c054285278ccd4a59a3c8625af4372/element/e3f1957e-26b9-43f2-a6a0-87ef7615b180/text HTTP/1.1
User-Agent: selenium/4.6.0 (java windows)
Cache-Control: no-cache
Content-Type: application/json; charset=utf-8
host: localhost:44090
accept: */*

Response DefaultHttpResponse(decodeResult: success, version: HTTP/1.1)
HTTP/1.1 200 OK
Content-Type: application/json; charset=utf-8
cache-control: no-cache
content-length: 28

[DEBUG] Adding key: http://localhost:44090 for channel [id: 0xd1d86906, L:/127.0.0.1:54062 - R:localhost/127.0.0.1:44090]
[DEBUG] Using pooled Channel '[id: 0xd1d86906, L:/127.0.0.1:54062 - R:localhost/127.0.0.1:44090]' for 'POST' to 'http://localhost:44090/session/67c054285278ccd4a59a3c8625af4372/element'
[DEBUG] Using open Channel [id: 0xd1d86906, L:/127.0.0.1:54062 - R:localhost/127.0.0.1:44090] for POST '/session/67c054285278ccd4a59a3c8625af4372/element'
[DEBUG] 

Request DefaultHttpRequest(decodeResult: success, version: HTTP/1.1)
POST /session/67c054285278ccd4a59a3c8625af4372/element HTTP/1.1
User-Agent: selenium/4.6.0 (java windows)
Content-Length: 129
Content-Type: application/json; charset=utf-8
host: localhost:44090
accept: */*

Response DefaultHttpResponse(decodeResult: success, version: HTTP/1.1)
HTTP/1.1 200 OK
Content-Type: application/json; charset=utf-8
cache-control: no-cache
content-length: 88

[DEBUG] Adding key: http://localhost:44090 for channel [id: 0xd1d86906, L:/127.0.0.1:54062 - R:localhost/127.0.0.1:44090]
[DEBUG] Using pooled Channel '[id: 0xd1d86906, L:/127.0.0.1:54062 - R:localhost/127.0.0.1:44090]' for 'GET' to 'http://localhost:44090/session/67c054285278ccd4a59a3c8625af4372/element/f9534b43-ef44-490a-ad86-5641f2d92a10/text'
[DEBUG] Using open Channel [id: 0xd1d86906, L:/127.0.0.1:54062 - R:localhost/127.0.0.1:44090] for GET '/session/67c054285278ccd4a59a3c8625af4372/element/f9534b43-ef44-490a-ad86-5641f2d92a10/text'
[DEBUG] 

Request DefaultFullHttpRequest(decodeResult: success, version: HTTP/1.1, content: EmptyByteBufBE)
GET /session/67c054285278ccd4a59a3c8625af4372/element/f9534b43-ef44-490a-ad86-5641f2d92a10/text HTTP/1.1
User-Agent: selenium/4.6.0 (java windows)
Cache-Control: no-cache
Content-Type: application/json; charset=utf-8
host: localhost:44090
accept: */*

Response DefaultHttpResponse(decodeResult: success, version: HTTP/1.1)
HTTP/1.1 200 OK
Content-Type: application/json; charset=utf-8
cache-control: no-cache
content-length: 26

[DEBUG] Adding key: http://localhost:44090 for channel [id: 0xd1d86906, L:/127.0.0.1:54062 - R:localhost/127.0.0.1:44090]
[DEBUG] Using pooled Channel '[id: 0xd1d86906, L:/127.0.0.1:54062 - R:localhost/127.0.0.1:44090]' for 'POST' to 'http://localhost:44090/session/67c054285278ccd4a59a3c8625af4372/element'
[DEBUG] Using open Channel [id: 0xd1d86906, L:/127.0.0.1:54062 - R:localhost/127.0.0.1:44090] for POST '/session/67c054285278ccd4a59a3c8625af4372/element'
[DEBUG] 

Request DefaultHttpRequest(decodeResult: success, version: HTTP/1.1)
POST /session/67c054285278ccd4a59a3c8625af4372/element HTTP/1.1
User-Agent: selenium/4.6.0 (java windows)
Content-Length: 129
Content-Type: application/json; charset=utf-8
host: localhost:44090
accept: */*

Response DefaultHttpResponse(decodeResult: success, version: HTTP/1.1)
HTTP/1.1 200 OK
Content-Type: application/json; charset=utf-8
cache-control: no-cache
content-length: 88

[DEBUG] Adding key: http://localhost:44090 for channel [id: 0xd1d86906, L:/127.0.0.1:54062 - R:localhost/127.0.0.1:44090]
[DEBUG] Using pooled Channel '[id: 0xd1d86906, L:/127.0.0.1:54062 - R:localhost/127.0.0.1:44090]' for 'GET' to 'http://localhost:44090/session/67c054285278ccd4a59a3c8625af4372/element/105fa288-7ab8-4e43-b1e9-77297b46ee53/text'
[DEBUG] Using open Channel [id: 0xd1d86906, L:/127.0.0.1:54062 - R:localhost/127.0.0.1:44090] for GET '/session/67c054285278ccd4a59a3c8625af4372/element/105fa288-7ab8-4e43-b1e9-77297b46ee53/text'
[DEBUG] 

Request DefaultFullHttpRequest(decodeResult: success, version: HTTP/1.1, content: EmptyByteBufBE)
GET /session/67c054285278ccd4a59a3c8625af4372/element/105fa288-7ab8-4e43-b1e9-77297b46ee53/text HTTP/1.1
User-Agent: selenium/4.6.0 (java windows)
Cache-Control: no-cache
Content-Type: application/json; charset=utf-8
host: localhost:44090
accept: */*

Response DefaultHttpResponse(decodeResult: success, version: HTTP/1.1)
HTTP/1.1 200 OK
Content-Type: application/json; charset=utf-8
cache-control: no-cache
content-length: 28

[DEBUG] Adding key: http://localhost:44090 for channel [id: 0xd1d86906, L:/127.0.0.1:54062 - R:localhost/127.0.0.1:44090]
[DEBUG] Using pooled Channel '[id: 0xd1d86906, L:/127.0.0.1:54062 - R:localhost/127.0.0.1:44090]' for 'POST' to 'http://localhost:44090/session/67c054285278ccd4a59a3c8625af4372/elements'
[DEBUG] Using open Channel [id: 0xd1d86906, L:/127.0.0.1:54062 - R:localhost/127.0.0.1:44090] for POST '/session/67c054285278ccd4a59a3c8625af4372/elements'
[DEBUG] 

Request DefaultHttpRequest(decodeResult: success, version: HTTP/1.1)
POST /session/67c054285278ccd4a59a3c8625af4372/elements HTTP/1.1
User-Agent: selenium/4.6.0 (java windows)
Content-Length: 129
Content-Type: application/json; charset=utf-8
host: localhost:44090
accept: */*

Response DefaultHttpResponse(decodeResult: success, version: HTTP/1.1)
HTTP/1.1 200 OK
Content-Type: application/json; charset=utf-8
cache-control: no-cache
content-length: 90

[DEBUG] Adding key: http://localhost:44090 for channel [id: 0xd1d86906, L:/127.0.0.1:54062 - R:localhost/127.0.0.1:44090]
[DEBUG] Using pooled Channel '[id: 0xd1d86906, L:/127.0.0.1:54062 - R:localhost/127.0.0.1:44090]' for 'GET' to 'http://localhost:44090/session/67c054285278ccd4a59a3c8625af4372/element/8785d3e1-a97c-44bb-9622-1cb5d66828cb/text'
[DEBUG] Using open Channel [id: 0xd1d86906, L:/127.0.0.1:54062 - R:localhost/127.0.0.1:44090] for GET '/session/67c054285278ccd4a59a3c8625af4372/element/8785d3e1-a97c-44bb-9622-1cb5d66828cb/text'
[DEBUG] 

Request DefaultFullHttpRequest(decodeResult: success, version: HTTP/1.1, content: EmptyByteBufBE)
GET /session/67c054285278ccd4a59a3c8625af4372/element/8785d3e1-a97c-44bb-9622-1cb5d66828cb/text HTTP/1.1
User-Agent: selenium/4.6.0 (java windows)
Cache-Control: no-cache
Content-Type: application/json; charset=utf-8
host: localhost:44090
accept: */*

Response DefaultHttpResponse(decodeResult: success, version: HTTP/1.1)
HTTP/1.1 200 OK
Content-Type: application/json; charset=utf-8
cache-control: no-cache
content-length: 23

[DEBUG] Adding key: http://localhost:44090 for channel [id: 0xd1d86906, L:/127.0.0.1:54062 - R:localhost/127.0.0.1:44090]
[DEBUG] Using pooled Channel '[id: 0xd1d86906, L:/127.0.0.1:54062 - R:localhost/127.0.0.1:44090]' for 'POST' to 'http://localhost:44090/session/67c054285278ccd4a59a3c8625af4372/elements'
[DEBUG] Using open Channel [id: 0xd1d86906, L:/127.0.0.1:54062 - R:localhost/127.0.0.1:44090] for POST '/session/67c054285278ccd4a59a3c8625af4372/elements'
[DEBUG] 

Request DefaultHttpRequest(decodeResult: success, version: HTTP/1.1)
POST /session/67c054285278ccd4a59a3c8625af4372/elements HTTP/1.1
User-Agent: selenium/4.6.0 (java windows)
Content-Length: 129
Content-Type: application/json; charset=utf-8
host: localhost:44090
accept: */*

Response DefaultHttpResponse(decodeResult: success, version: HTTP/1.1)
HTTP/1.1 200 OK
Content-Type: application/json; charset=utf-8
cache-control: no-cache
content-length: 90

[DEBUG] Adding key: http://localhost:44090 for channel [id: 0xd1d86906, L:/127.0.0.1:54062 - R:localhost/127.0.0.1:44090]
[DEBUG] Using pooled Channel '[id: 0xd1d86906, L:/127.0.0.1:54062 - R:localhost/127.0.0.1:44090]' for 'GET' to 'http://localhost:44090/session/67c054285278ccd4a59a3c8625af4372/element/c4d67caa-bb12-4f91-9a38-1cae5201fe44/text'
[DEBUG] Using open Channel [id: 0xd1d86906, L:/127.0.0.1:54062 - R:localhost/127.0.0.1:44090] for GET '/session/67c054285278ccd4a59a3c8625af4372/element/c4d67caa-bb12-4f91-9a38-1cae5201fe44/text'
[DEBUG] 

Request DefaultFullHttpRequest(decodeResult: success, version: HTTP/1.1, content: EmptyByteBufBE)
GET /session/67c054285278ccd4a59a3c8625af4372/element/c4d67caa-bb12-4f91-9a38-1cae5201fe44/text HTTP/1.1
User-Agent: selenium/4.6.0 (java windows)
Cache-Control: no-cache
Content-Type: application/json; charset=utf-8
host: localhost:44090
accept: */*

Response DefaultHttpResponse(decodeResult: success, version: HTTP/1.1)
HTTP/1.1 200 OK
Content-Type: application/json; charset=utf-8
cache-control: no-cache
content-length: 18

[DEBUG] Adding key: http://localhost:44090 for channel [id: 0xd1d86906, L:/127.0.0.1:54062 - R:localhost/127.0.0.1:44090]
[DEBUG] Using pooled Channel '[id: 0xd1d86906, L:/127.0.0.1:54062 - R:localhost/127.0.0.1:44090]' for 'POST' to 'http://localhost:44090/session/67c054285278ccd4a59a3c8625af4372/elements'
[DEBUG] Using open Channel [id: 0xd1d86906, L:/127.0.0.1:54062 - R:localhost/127.0.0.1:44090] for POST '/session/67c054285278ccd4a59a3c8625af4372/elements'
[DEBUG] 

Request DefaultHttpRequest(decodeResult: success, version: HTTP/1.1)
POST /session/67c054285278ccd4a59a3c8625af4372/elements HTTP/1.1
User-Agent: selenium/4.6.0 (java windows)
Content-Length: 129
Content-Type: application/json; charset=utf-8
host: localhost:44090
accept: */*

Response DefaultHttpResponse(decodeResult: success, version: HTTP/1.1)
HTTP/1.1 200 OK
Content-Type: application/json; charset=utf-8
cache-control: no-cache
content-length: 90

[DEBUG] Adding key: http://localhost:44090 for channel [id: 0xd1d86906, L:/127.0.0.1:54062 - R:localhost/127.0.0.1:44090]
[DEBUG] Using pooled Channel '[id: 0xd1d86906, L:/127.0.0.1:54062 - R:localhost/127.0.0.1:44090]' for 'GET' to 'http://localhost:44090/session/67c054285278ccd4a59a3c8625af4372/element/bbf7f661-e437-4a15-8154-2ec669d24d7b/text'
[DEBUG] Using open Channel [id: 0xd1d86906, L:/127.0.0.1:54062 - R:localhost/127.0.0.1:44090] for GET '/session/67c054285278ccd4a59a3c8625af4372/element/bbf7f661-e437-4a15-8154-2ec669d24d7b/text'
[DEBUG] 

Request DefaultFullHttpRequest(decodeResult: success, version: HTTP/1.1, content: EmptyByteBufBE)
GET /session/67c054285278ccd4a59a3c8625af4372/element/bbf7f661-e437-4a15-8154-2ec669d24d7b/text HTTP/1.1
User-Agent: selenium/4.6.0 (java windows)
Cache-Control: no-cache
Content-Type: application/json; charset=utf-8
host: localhost:44090
accept: */*

Response DefaultHttpResponse(decodeResult: success, version: HTTP/1.1)
HTTP/1.1 200 OK
Content-Type: application/json; charset=utf-8
cache-control: no-cache
content-length: 20

[DEBUG] Adding key: http://localhost:44090 for channel [id: 0xd1d86906, L:/127.0.0.1:54062 - R:localhost/127.0.0.1:44090]
[DEBUG] Using pooled Channel '[id: 0xd1d86906, L:/127.0.0.1:54062 - R:localhost/127.0.0.1:44090]' for 'POST' to 'http://localhost:44090/session/67c054285278ccd4a59a3c8625af4372/elements'
[DEBUG] Using open Channel [id: 0xd1d86906, L:/127.0.0.1:54062 - R:localhost/127.0.0.1:44090] for POST '/session/67c054285278ccd4a59a3c8625af4372/elements'
[DEBUG] 

Request DefaultHttpRequest(decodeResult: success, version: HTTP/1.1)
POST /session/67c054285278ccd4a59a3c8625af4372/elements HTTP/1.1
User-Agent: selenium/4.6.0 (java windows)
Content-Length: 129
Content-Type: application/json; charset=utf-8
host: localhost:44090
accept: */*

Response DefaultHttpResponse(decodeResult: success, version: HTTP/1.1)
HTTP/1.1 200 OK
Content-Type: application/json; charset=utf-8
cache-control: no-cache
content-length: 90

[DEBUG] Adding key: http://localhost:44090 for channel [id: 0xd1d86906, L:/127.0.0.1:54062 - R:localhost/127.0.0.1:44090]
[DEBUG] Using pooled Channel '[id: 0xd1d86906, L:/127.0.0.1:54062 - R:localhost/127.0.0.1:44090]' for 'GET' to 'http://localhost:44090/session/67c054285278ccd4a59a3c8625af4372/element/105fa288-7ab8-4e43-b1e9-77297b46ee53/text'
[DEBUG] Using open Channel [id: 0xd1d86906, L:/127.0.0.1:54062 - R:localhost/127.0.0.1:44090] for GET '/session/67c054285278ccd4a59a3c8625af4372/element/105fa288-7ab8-4e43-b1e9-77297b46ee53/text'
[DEBUG] 

Request DefaultFullHttpRequest(decodeResult: success, version: HTTP/1.1, content: EmptyByteBufBE)
GET /session/67c054285278ccd4a59a3c8625af4372/element/105fa288-7ab8-4e43-b1e9-77297b46ee53/text HTTP/1.1
User-Agent: selenium/4.6.0 (java windows)
Cache-Control: no-cache
Content-Type: application/json; charset=utf-8
host: localhost:44090
accept: */*

Response DefaultHttpResponse(decodeResult: success, version: HTTP/1.1)
HTTP/1.1 200 OK
Content-Type: application/json; charset=utf-8
cache-control: no-cache
content-length: 28

[DEBUG] Adding key: http://localhost:44090 for channel [id: 0xd1d86906, L:/127.0.0.1:54062 - R:localhost/127.0.0.1:44090]
[DEBUG] Using pooled Channel '[id: 0xd1d86906, L:/127.0.0.1:54062 - R:localhost/127.0.0.1:44090]' for 'POST' to 'http://localhost:44090/session/67c054285278ccd4a59a3c8625af4372/element'
[DEBUG] Using open Channel [id: 0xd1d86906, L:/127.0.0.1:54062 - R:localhost/127.0.0.1:44090] for POST '/session/67c054285278ccd4a59a3c8625af4372/element'
[DEBUG] 

Request DefaultHttpRequest(decodeResult: success, version: HTTP/1.1)
POST /session/67c054285278ccd4a59a3c8625af4372/element HTTP/1.1
User-Agent: selenium/4.6.0 (java windows)
Content-Length: 129
Content-Type: application/json; charset=utf-8
host: localhost:44090
accept: */*

Response DefaultHttpResponse(decodeResult: success, version: HTTP/1.1)
HTTP/1.1 200 OK
Content-Type: application/json; charset=utf-8
cache-control: no-cache
content-length: 88

[DEBUG] Adding key: http://localhost:44090 for channel [id: 0xd1d86906, L:/127.0.0.1:54062 - R:localhost/127.0.0.1:44090]
[DEBUG] Using pooled Channel '[id: 0xd1d86906, L:/127.0.0.1:54062 - R:localhost/127.0.0.1:44090]' for 'GET' to 'http://localhost:44090/session/67c054285278ccd4a59a3c8625af4372/element/c7819153-a8d3-4f9d-9d9e-de3655c38597/text'
[DEBUG] Using open Channel [id: 0xd1d86906, L:/127.0.0.1:54062 - R:localhost/127.0.0.1:44090] for GET '/session/67c054285278ccd4a59a3c8625af4372/element/c7819153-a8d3-4f9d-9d9e-de3655c38597/text'
[DEBUG] 

Request DefaultFullHttpRequest(decodeResult: success, version: HTTP/1.1, content: EmptyByteBufBE)
GET /session/67c054285278ccd4a59a3c8625af4372/element/c7819153-a8d3-4f9d-9d9e-de3655c38597/text HTTP/1.1
User-Agent: selenium/4.6.0 (java windows)
Cache-Control: no-cache
Content-Type: application/json; charset=utf-8
host: localhost:44090
accept: */*

Response DefaultHttpResponse(decodeResult: success, version: HTTP/1.1)
HTTP/1.1 200 OK
Content-Type: application/json; charset=utf-8
cache-control: no-cache
content-length: 26

[DEBUG] Adding key: http://localhost:44090 for channel [id: 0xd1d86906, L:/127.0.0.1:54062 - R:localhost/127.0.0.1:44090]
[DEBUG] Using pooled Channel '[id: 0xd1d86906, L:/127.0.0.1:54062 - R:localhost/127.0.0.1:44090]' for 'POST' to 'http://localhost:44090/session/67c054285278ccd4a59a3c8625af4372/element'
[DEBUG] Using open Channel [id: 0xd1d86906, L:/127.0.0.1:54062 - R:localhost/127.0.0.1:44090] for POST '/session/67c054285278ccd4a59a3c8625af4372/element'
[DEBUG] 

Request DefaultHttpRequest(decodeResult: success, version: HTTP/1.1)
POST /session/67c054285278ccd4a59a3c8625af4372/element HTTP/1.1
User-Agent: selenium/4.6.0 (java windows)
Content-Length: 129
Content-Type: application/json; charset=utf-8
host: localhost:44090
accept: */*

Response DefaultHttpResponse(decodeResult: success, version: HTTP/1.1)
HTTP/1.1 200 OK
Content-Type: application/json; charset=utf-8
cache-control: no-cache
content-length: 88

[DEBUG] Adding key: http://localhost:44090 for channel [id: 0xd1d86906, L:/127.0.0.1:54062 - R:localhost/127.0.0.1:44090]
[DEBUG] Using pooled Channel '[id: 0xd1d86906, L:/127.0.0.1:54062 - R:localhost/127.0.0.1:44090]' for 'GET' to 'http://localhost:44090/session/67c054285278ccd4a59a3c8625af4372/element/4ac26606-b57f-4b81-80a3-9233120350e8/text'
[DEBUG] Using open Channel [id: 0xd1d86906, L:/127.0.0.1:54062 - R:localhost/127.0.0.1:44090] for GET '/session/67c054285278ccd4a59a3c8625af4372/element/4ac26606-b57f-4b81-80a3-9233120350e8/text'
[DEBUG] 

Request DefaultFullHttpRequest(decodeResult: success, version: HTTP/1.1, content: EmptyByteBufBE)
GET /session/67c054285278ccd4a59a3c8625af4372/element/4ac26606-b57f-4b81-80a3-9233120350e8/text HTTP/1.1
User-Agent: selenium/4.6.0 (java windows)
Cache-Control: no-cache
Content-Type: application/json; charset=utf-8
host: localhost:44090
accept: */*

Response DefaultHttpResponse(decodeResult: success, version: HTTP/1.1)
HTTP/1.1 200 OK
Content-Type: application/json; charset=utf-8
cache-control: no-cache
content-length: 28

[DEBUG] Adding key: http://localhost:44090 for channel [id: 0xd1d86906, L:/127.0.0.1:54062 - R:localhost/127.0.0.1:44090]
[DEBUG] Using pooled Channel '[id: 0xd1d86906, L:/127.0.0.1:54062 - R:localhost/127.0.0.1:44090]' for 'POST' to 'http://localhost:44090/session/67c054285278ccd4a59a3c8625af4372/elements'
[DEBUG] Using open Channel [id: 0xd1d86906, L:/127.0.0.1:54062 - R:localhost/127.0.0.1:44090] for POST '/session/67c054285278ccd4a59a3c8625af4372/elements'
[DEBUG] 

Request DefaultHttpRequest(decodeResult: success, version: HTTP/1.1)
POST /session/67c054285278ccd4a59a3c8625af4372/elements HTTP/1.1
User-Agent: selenium/4.6.0 (java windows)
Content-Length: 129
Content-Type: application/json; charset=utf-8
host: localhost:44090
accept: */*

Response DefaultHttpResponse(decodeResult: success, version: HTTP/1.1)
HTTP/1.1 200 OK
Content-Type: application/json; charset=utf-8
cache-control: no-cache
content-length: 90

[DEBUG] Adding key: http://localhost:44090 for channel [id: 0xd1d86906, L:/127.0.0.1:54062 - R:localhost/127.0.0.1:44090]
[DEBUG] Using pooled Channel '[id: 0xd1d86906, L:/127.0.0.1:54062 - R:localhost/127.0.0.1:44090]' for 'GET' to 'http://localhost:44090/session/67c054285278ccd4a59a3c8625af4372/element/9643326e-ad20-488e-932e-fd3ed55ff3b3/text'
[DEBUG] Using open Channel [id: 0xd1d86906, L:/127.0.0.1:54062 - R:localhost/127.0.0.1:44090] for GET '/session/67c054285278ccd4a59a3c8625af4372/element/9643326e-ad20-488e-932e-fd3ed55ff3b3/text'
[DEBUG] 

Request DefaultFullHttpRequest(decodeResult: success, version: HTTP/1.1, content: EmptyByteBufBE)
GET /session/67c054285278ccd4a59a3c8625af4372/element/9643326e-ad20-488e-932e-fd3ed55ff3b3/text HTTP/1.1
User-Agent: selenium/4.6.0 (java windows)
Cache-Control: no-cache
Content-Type: application/json; charset=utf-8
host: localhost:44090
accept: */*

Response DefaultHttpResponse(decodeResult: success, version: HTTP/1.1)
HTTP/1.1 200 OK
Content-Type: application/json; charset=utf-8
cache-control: no-cache
content-length: 23

[DEBUG] Adding key: http://localhost:44090 for channel [id: 0xd1d86906, L:/127.0.0.1:54062 - R:localhost/127.0.0.1:44090]
[DEBUG] Using pooled Channel '[id: 0xd1d86906, L:/127.0.0.1:54062 - R:localhost/127.0.0.1:44090]' for 'POST' to 'http://localhost:44090/session/67c054285278ccd4a59a3c8625af4372/elements'
[DEBUG] Using open Channel [id: 0xd1d86906, L:/127.0.0.1:54062 - R:localhost/127.0.0.1:44090] for POST '/session/67c054285278ccd4a59a3c8625af4372/elements'
[DEBUG] 

Request DefaultHttpRequest(decodeResult: success, version: HTTP/1.1)
POST /session/67c054285278ccd4a59a3c8625af4372/elements HTTP/1.1
User-Agent: selenium/4.6.0 (java windows)
Content-Length: 129
Content-Type: application/json; charset=utf-8
host: localhost:44090
accept: */*

Response DefaultHttpResponse(decodeResult: success, version: HTTP/1.1)
HTTP/1.1 200 OK
Content-Type: application/json; charset=utf-8
cache-control: no-cache
content-length: 90

[DEBUG] Adding key: http://localhost:44090 for channel [id: 0xd1d86906, L:/127.0.0.1:54062 - R:localhost/127.0.0.1:44090]
[DEBUG] Using pooled Channel '[id: 0xd1d86906, L:/127.0.0.1:54062 - R:localhost/127.0.0.1:44090]' for 'GET' to 'http://localhost:44090/session/67c054285278ccd4a59a3c8625af4372/element/738360df-a849-4e55-8e79-ef013920431e/text'
[DEBUG] Using open Channel [id: 0xd1d86906, L:/127.0.0.1:54062 - R:localhost/127.0.0.1:44090] for GET '/session/67c054285278ccd4a59a3c8625af4372/element/738360df-a849-4e55-8e79-ef013920431e/text'
[DEBUG] 

Request DefaultFullHttpRequest(decodeResult: success, version: HTTP/1.1, content: EmptyByteBufBE)
GET /session/67c054285278ccd4a59a3c8625af4372/element/738360df-a849-4e55-8e79-ef013920431e/text HTTP/1.1
User-Agent: selenium/4.6.0 (java windows)
Cache-Control: no-cache
Content-Type: application/json; charset=utf-8
host: localhost:44090
accept: */*

Response DefaultHttpResponse(decodeResult: success, version: HTTP/1.1)
HTTP/1.1 200 OK
Content-Type: application/json; charset=utf-8
cache-control: no-cache
content-length: 18

[DEBUG] Adding key: http://localhost:44090 for channel [id: 0xd1d86906, L:/127.0.0.1:54062 - R:localhost/127.0.0.1:44090]
[DEBUG] Using pooled Channel '[id: 0xd1d86906, L:/127.0.0.1:54062 - R:localhost/127.0.0.1:44090]' for 'POST' to 'http://localhost:44090/session/67c054285278ccd4a59a3c8625af4372/elements'
[DEBUG] Using open Channel [id: 0xd1d86906, L:/127.0.0.1:54062 - R:localhost/127.0.0.1:44090] for POST '/session/67c054285278ccd4a59a3c8625af4372/elements'
[DEBUG] 

Request DefaultHttpRequest(decodeResult: success, version: HTTP/1.1)
POST /session/67c054285278ccd4a59a3c8625af4372/elements HTTP/1.1
User-Agent: selenium/4.6.0 (java windows)
Content-Length: 129
Content-Type: application/json; charset=utf-8
host: localhost:44090
accept: */*

Response DefaultHttpResponse(decodeResult: success, version: HTTP/1.1)
HTTP/1.1 200 OK
Content-Type: application/json; charset=utf-8
cache-control: no-cache
content-length: 90

[DEBUG] Adding key: http://localhost:44090 for channel [id: 0xd1d86906, L:/127.0.0.1:54062 - R:localhost/127.0.0.1:44090]
[DEBUG] Using pooled Channel '[id: 0xd1d86906, L:/127.0.0.1:54062 - R:localhost/127.0.0.1:44090]' for 'GET' to 'http://localhost:44090/session/67c054285278ccd4a59a3c8625af4372/element/089988a9-68b1-4588-916a-bc7cdb83053d/text'
[DEBUG] Using open Channel [id: 0xd1d86906, L:/127.0.0.1:54062 - R:localhost/127.0.0.1:44090] for GET '/session/67c054285278ccd4a59a3c8625af4372/element/089988a9-68b1-4588-916a-bc7cdb83053d/text'
[DEBUG] 

Request DefaultFullHttpRequest(decodeResult: success, version: HTTP/1.1, content: EmptyByteBufBE)
GET /session/67c054285278ccd4a59a3c8625af4372/element/089988a9-68b1-4588-916a-bc7cdb83053d/text HTTP/1.1
User-Agent: selenium/4.6.0 (java windows)
Cache-Control: no-cache
Content-Type: application/json; charset=utf-8
host: localhost:44090
accept: */*

Response DefaultHttpResponse(decodeResult: success, version: HTTP/1.1)
HTTP/1.1 200 OK
Content-Type: application/json; charset=utf-8
cache-control: no-cache
content-length: 33

[DEBUG] Adding key: http://localhost:44090 for channel [id: 0xd1d86906, L:/127.0.0.1:54062 - R:localhost/127.0.0.1:44090]
[DEBUG] Using pooled Channel '[id: 0xd1d86906, L:/127.0.0.1:54062 - R:localhost/127.0.0.1:44090]' for 'POST' to 'http://localhost:44090/session/67c054285278ccd4a59a3c8625af4372/elements'
[DEBUG] Using open Channel [id: 0xd1d86906, L:/127.0.0.1:54062 - R:localhost/127.0.0.1:44090] for POST '/session/67c054285278ccd4a59a3c8625af4372/elements'
[DEBUG] 

Request DefaultHttpRequest(decodeResult: success, version: HTTP/1.1)
POST /session/67c054285278ccd4a59a3c8625af4372/elements HTTP/1.1
User-Agent: selenium/4.6.0 (java windows)
Content-Length: 129
Content-Type: application/json; charset=utf-8
host: localhost:44090
accept: */*

Response DefaultHttpResponse(decodeResult: success, version: HTTP/1.1)
HTTP/1.1 200 OK
Content-Type: application/json; charset=utf-8
cache-control: no-cache
content-length: 90

[DEBUG] Adding key: http://localhost:44090 for channel [id: 0xd1d86906, L:/127.0.0.1:54062 - R:localhost/127.0.0.1:44090]
[DEBUG] Using pooled Channel '[id: 0xd1d86906, L:/127.0.0.1:54062 - R:localhost/127.0.0.1:44090]' for 'GET' to 'http://localhost:44090/session/67c054285278ccd4a59a3c8625af4372/element/4ac26606-b57f-4b81-80a3-9233120350e8/text'
[DEBUG] Using open Channel [id: 0xd1d86906, L:/127.0.0.1:54062 - R:localhost/127.0.0.1:44090] for GET '/session/67c054285278ccd4a59a3c8625af4372/element/4ac26606-b57f-4b81-80a3-9233120350e8/text'
[DEBUG] 

Request DefaultFullHttpRequest(decodeResult: success, version: HTTP/1.1, content: EmptyByteBufBE)
GET /session/67c054285278ccd4a59a3c8625af4372/element/4ac26606-b57f-4b81-80a3-9233120350e8/text HTTP/1.1
User-Agent: selenium/4.6.0 (java windows)
Cache-Control: no-cache
Content-Type: application/json; charset=utf-8
host: localhost:44090
accept: */*

Response DefaultHttpResponse(decodeResult: success, version: HTTP/1.1)
HTTP/1.1 200 OK
Content-Type: application/json; charset=utf-8
cache-control: no-cache
content-length: 28

[DEBUG] Adding key: http://localhost:44090 for channel [id: 0xd1d86906, L:/127.0.0.1:54062 - R:localhost/127.0.0.1:44090]
[DEBUG] Using pooled Channel '[id: 0xd1d86906, L:/127.0.0.1:54062 - R:localhost/127.0.0.1:44090]' for 'POST' to 'http://localhost:44090/session/67c054285278ccd4a59a3c8625af4372/element'
[DEBUG] Using open Channel [id: 0xd1d86906, L:/127.0.0.1:54062 - R:localhost/127.0.0.1:44090] for POST '/session/67c054285278ccd4a59a3c8625af4372/element'
[DEBUG] 

Request DefaultHttpRequest(decodeResult: success, version: HTTP/1.1)
POST /session/67c054285278ccd4a59a3c8625af4372/element HTTP/1.1
User-Agent: selenium/4.6.0 (java windows)
Content-Length: 129
Content-Type: application/json; charset=utf-8
host: localhost:44090
accept: */*

Response DefaultHttpResponse(decodeResult: success, version: HTTP/1.1)
HTTP/1.1 200 OK
Content-Type: application/json; charset=utf-8
cache-control: no-cache
content-length: 88

[DEBUG] Adding key: http://localhost:44090 for channel [id: 0xd1d86906, L:/127.0.0.1:54062 - R:localhost/127.0.0.1:44090]
[DEBUG] Using pooled Channel '[id: 0xd1d86906, L:/127.0.0.1:54062 - R:localhost/127.0.0.1:44090]' for 'GET' to 'http://localhost:44090/session/67c054285278ccd4a59a3c8625af4372/element/a85525d1-6cd9-4c1b-819f-93cca2ef23e8/text'
[DEBUG] Using open Channel [id: 0xd1d86906, L:/127.0.0.1:54062 - R:localhost/127.0.0.1:44090] for GET '/session/67c054285278ccd4a59a3c8625af4372/element/a85525d1-6cd9-4c1b-819f-93cca2ef23e8/text'
[DEBUG] 

Request DefaultFullHttpRequest(decodeResult: success, version: HTTP/1.1, content: EmptyByteBufBE)
GET /session/67c054285278ccd4a59a3c8625af4372/element/a85525d1-6cd9-4c1b-819f-93cca2ef23e8/text HTTP/1.1
User-Agent: selenium/4.6.0 (java windows)
Cache-Control: no-cache
Content-Type: application/json; charset=utf-8
host: localhost:44090
accept: */*

Response DefaultHttpResponse(decodeResult: success, version: HTTP/1.1)
HTTP/1.1 200 OK
Content-Type: application/json; charset=utf-8
cache-control: no-cache
content-length: 26

[DEBUG] Adding key: http://localhost:44090 for channel [id: 0xd1d86906, L:/127.0.0.1:54062 - R:localhost/127.0.0.1:44090]
[DEBUG] Using pooled Channel '[id: 0xd1d86906, L:/127.0.0.1:54062 - R:localhost/127.0.0.1:44090]' for 'POST' to 'http://localhost:44090/session/67c054285278ccd4a59a3c8625af4372/element'
[DEBUG] Using open Channel [id: 0xd1d86906, L:/127.0.0.1:54062 - R:localhost/127.0.0.1:44090] for POST '/session/67c054285278ccd4a59a3c8625af4372/element'
[DEBUG] 

Request DefaultHttpRequest(decodeResult: success, version: HTTP/1.1)
POST /session/67c054285278ccd4a59a3c8625af4372/element HTTP/1.1
User-Agent: selenium/4.6.0 (java windows)
Content-Length: 129
Content-Type: application/json; charset=utf-8
host: localhost:44090
accept: */*

Response DefaultHttpResponse(decodeResult: success, version: HTTP/1.1)
HTTP/1.1 200 OK
Content-Type: application/json; charset=utf-8
cache-control: no-cache
content-length: 88

[DEBUG] Adding key: http://localhost:44090 for channel [id: 0xd1d86906, L:/127.0.0.1:54062 - R:localhost/127.0.0.1:44090]
[DEBUG] Using pooled Channel '[id: 0xd1d86906, L:/127.0.0.1:54062 - R:localhost/127.0.0.1:44090]' for 'GET' to 'http://localhost:44090/session/67c054285278ccd4a59a3c8625af4372/element/a176b7a7-eb07-4217-b061-d43ab3dc5654/text'
[DEBUG] Using open Channel [id: 0xd1d86906, L:/127.0.0.1:54062 - R:localhost/127.0.0.1:44090] for GET '/session/67c054285278ccd4a59a3c8625af4372/element/a176b7a7-eb07-4217-b061-d43ab3dc5654/text'
[DEBUG] 

Request DefaultFullHttpRequest(decodeResult: success, version: HTTP/1.1, content: EmptyByteBufBE)
GET /session/67c054285278ccd4a59a3c8625af4372/element/a176b7a7-eb07-4217-b061-d43ab3dc5654/text HTTP/1.1
User-Agent: selenium/4.6.0 (java windows)
Cache-Control: no-cache
Content-Type: application/json; charset=utf-8
host: localhost:44090
accept: */*

Response DefaultHttpResponse(decodeResult: success, version: HTTP/1.1)
HTTP/1.1 200 OK
Content-Type: application/json; charset=utf-8
cache-control: no-cache
content-length: 26

[DEBUG] Adding key: http://localhost:44090 for channel [id: 0xd1d86906, L:/127.0.0.1:54062 - R:localhost/127.0.0.1:44090]
[DEBUG] Using pooled Channel '[id: 0xd1d86906, L:/127.0.0.1:54062 - R:localhost/127.0.0.1:44090]' for 'POST' to 'http://localhost:44090/session/67c054285278ccd4a59a3c8625af4372/element'
[DEBUG] Using open Channel [id: 0xd1d86906, L:/127.0.0.1:54062 - R:localhost/127.0.0.1:44090] for POST '/session/67c054285278ccd4a59a3c8625af4372/element'
[DEBUG] 

Request DefaultHttpRequest(decodeResult: success, version: HTTP/1.1)
POST /session/67c054285278ccd4a59a3c8625af4372/element HTTP/1.1
User-Agent: selenium/4.6.0 (java windows)
Content-Length: 129
Content-Type: application/json; charset=utf-8
host: localhost:44090
accept: */*

Response DefaultHttpResponse(decodeResult: success, version: HTTP/1.1)
HTTP/1.1 200 OK
Content-Type: application/json; charset=utf-8
cache-control: no-cache
content-length: 88

[DEBUG] Adding key: http://localhost:44090 for channel [id: 0xd1d86906, L:/127.0.0.1:54062 - R:localhost/127.0.0.1:44090]
[DEBUG] Using pooled Channel '[id: 0xd1d86906, L:/127.0.0.1:54062 - R:localhost/127.0.0.1:44090]' for 'GET' to 'http://localhost:44090/session/67c054285278ccd4a59a3c8625af4372/element/b79816fa-8190-4bd4-8748-b02ee7c2ec10/text'
[DEBUG] Using open Channel [id: 0xd1d86906, L:/127.0.0.1:54062 - R:localhost/127.0.0.1:44090] for GET '/session/67c054285278ccd4a59a3c8625af4372/element/b79816fa-8190-4bd4-8748-b02ee7c2ec10/text'
[DEBUG] 

Request DefaultFullHttpRequest(decodeResult: success, version: HTTP/1.1, content: EmptyByteBufBE)
GET /session/67c054285278ccd4a59a3c8625af4372/element/b79816fa-8190-4bd4-8748-b02ee7c2ec10/text HTTP/1.1
User-Agent: selenium/4.6.0 (java windows)
Cache-Control: no-cache
Content-Type: application/json; charset=utf-8
host: localhost:44090
accept: */*

Response DefaultHttpResponse(decodeResult: success, version: HTTP/1.1)
HTTP/1.1 200 OK
Content-Type: application/json; charset=utf-8
cache-control: no-cache
content-length: 28

[DEBUG] Adding key: http://localhost:44090 for channel [id: 0xd1d86906, L:/127.0.0.1:54062 - R:localhost/127.0.0.1:44090]
[DEBUG] Using pooled Channel '[id: 0xd1d86906, L:/127.0.0.1:54062 - R:localhost/127.0.0.1:44090]' for 'POST' to 'http://localhost:44090/session/67c054285278ccd4a59a3c8625af4372/elements'
[DEBUG] Using open Channel [id: 0xd1d86906, L:/127.0.0.1:54062 - R:localhost/127.0.0.1:44090] for POST '/session/67c054285278ccd4a59a3c8625af4372/elements'
[DEBUG] 

Request DefaultHttpRequest(decodeResult: success, version: HTTP/1.1)
POST /session/67c054285278ccd4a59a3c8625af4372/elements HTTP/1.1
User-Agent: selenium/4.6.0 (java windows)
Content-Length: 129
Content-Type: application/json; charset=utf-8
host: localhost:44090
accept: */*

Response DefaultHttpResponse(decodeResult: success, version: HTTP/1.1)
HTTP/1.1 200 OK
Content-Type: application/json; charset=utf-8
cache-control: no-cache
content-length: 90

[DEBUG] Adding key: http://localhost:44090 for channel [id: 0xd1d86906, L:/127.0.0.1:54062 - R:localhost/127.0.0.1:44090]
[DEBUG] Using pooled Channel '[id: 0xd1d86906, L:/127.0.0.1:54062 - R:localhost/127.0.0.1:44090]' for 'GET' to 'http://localhost:44090/session/67c054285278ccd4a59a3c8625af4372/element/27fa2165-f6db-4ffb-8915-6b9a4d3a30a5/text'
[DEBUG] Using open Channel [id: 0xd1d86906, L:/127.0.0.1:54062 - R:localhost/127.0.0.1:44090] for GET '/session/67c054285278ccd4a59a3c8625af4372/element/27fa2165-f6db-4ffb-8915-6b9a4d3a30a5/text'
[DEBUG] 

Request DefaultFullHttpRequest(decodeResult: success, version: HTTP/1.1, content: EmptyByteBufBE)
GET /session/67c054285278ccd4a59a3c8625af4372/element/27fa2165-f6db-4ffb-8915-6b9a4d3a30a5/text HTTP/1.1
User-Agent: selenium/4.6.0 (java windows)
Cache-Control: no-cache
Content-Type: application/json; charset=utf-8
host: localhost:44090
accept: */*

Response DefaultHttpResponse(decodeResult: success, version: HTTP/1.1)
HTTP/1.1 200 OK
Content-Type: application/json; charset=utf-8
cache-control: no-cache
content-length: 23

[DEBUG] Adding key: http://localhost:44090 for channel [id: 0xd1d86906, L:/127.0.0.1:54062 - R:localhost/127.0.0.1:44090]
[DEBUG] Using pooled Channel '[id: 0xd1d86906, L:/127.0.0.1:54062 - R:localhost/127.0.0.1:44090]' for 'POST' to 'http://localhost:44090/session/67c054285278ccd4a59a3c8625af4372/elements'
[DEBUG] Using open Channel [id: 0xd1d86906, L:/127.0.0.1:54062 - R:localhost/127.0.0.1:44090] for POST '/session/67c054285278ccd4a59a3c8625af4372/elements'
[DEBUG] 

Request DefaultHttpRequest(decodeResult: success, version: HTTP/1.1)
POST /session/67c054285278ccd4a59a3c8625af4372/elements HTTP/1.1
User-Agent: selenium/4.6.0 (java windows)
Content-Length: 129
Content-Type: application/json; charset=utf-8
host: localhost:44090
accept: */*

Response DefaultHttpResponse(decodeResult: success, version: HTTP/1.1)
HTTP/1.1 200 OK
Content-Type: application/json; charset=utf-8
cache-control: no-cache
content-length: 90

[DEBUG] Adding key: http://localhost:44090 for channel [id: 0xd1d86906, L:/127.0.0.1:54062 - R:localhost/127.0.0.1:44090]
[DEBUG] Using pooled Channel '[id: 0xd1d86906, L:/127.0.0.1:54062 - R:localhost/127.0.0.1:44090]' for 'GET' to 'http://localhost:44090/session/67c054285278ccd4a59a3c8625af4372/element/3ee92eff-b71d-4b38-8d6f-dcec70ccbbe2/text'
[DEBUG] Using open Channel [id: 0xd1d86906, L:/127.0.0.1:54062 - R:localhost/127.0.0.1:44090] for GET '/session/67c054285278ccd4a59a3c8625af4372/element/3ee92eff-b71d-4b38-8d6f-dcec70ccbbe2/text'
[DEBUG] 

Request DefaultFullHttpRequest(decodeResult: success, version: HTTP/1.1, content: EmptyByteBufBE)
GET /session/67c054285278ccd4a59a3c8625af4372/element/3ee92eff-b71d-4b38-8d6f-dcec70ccbbe2/text HTTP/1.1
User-Agent: selenium/4.6.0 (java windows)
Cache-Control: no-cache
Content-Type: application/json; charset=utf-8
host: localhost:44090
accept: */*

Response DefaultHttpResponse(decodeResult: success, version: HTTP/1.1)
HTTP/1.1 200 OK
Content-Type: application/json; charset=utf-8
cache-control: no-cache
content-length: 20

[DEBUG] Adding key: http://localhost:44090 for channel [id: 0xd1d86906, L:/127.0.0.1:54062 - R:localhost/127.0.0.1:44090]
[DEBUG] Using pooled Channel '[id: 0xd1d86906, L:/127.0.0.1:54062 - R:localhost/127.0.0.1:44090]' for 'POST' to 'http://localhost:44090/session/67c054285278ccd4a59a3c8625af4372/elements'
[DEBUG] Using open Channel [id: 0xd1d86906, L:/127.0.0.1:54062 - R:localhost/127.0.0.1:44090] for POST '/session/67c054285278ccd4a59a3c8625af4372/elements'
[DEBUG] 

Request DefaultHttpRequest(decodeResult: success, version: HTTP/1.1)
POST /session/67c054285278ccd4a59a3c8625af4372/elements HTTP/1.1
User-Agent: selenium/4.6.0 (java windows)
Content-Length: 129
Content-Type: application/json; charset=utf-8
host: localhost:44090
accept: */*

Response DefaultHttpResponse(decodeResult: success, version: HTTP/1.1)
HTTP/1.1 200 OK
Content-Type: application/json; charset=utf-8
cache-control: no-cache
content-length: 90

[DEBUG] Adding key: http://localhost:44090 for channel [id: 0xd1d86906, L:/127.0.0.1:54062 - R:localhost/127.0.0.1:44090]
[DEBUG] Using pooled Channel '[id: 0xd1d86906, L:/127.0.0.1:54062 - R:localhost/127.0.0.1:44090]' for 'GET' to 'http://localhost:44090/session/67c054285278ccd4a59a3c8625af4372/element/b035752c-0f3d-4de7-8a0d-83fb22ea74c6/text'
[DEBUG] Using open Channel [id: 0xd1d86906, L:/127.0.0.1:54062 - R:localhost/127.0.0.1:44090] for GET '/session/67c054285278ccd4a59a3c8625af4372/element/b035752c-0f3d-4de7-8a0d-83fb22ea74c6/text'
[DEBUG] 

Request DefaultFullHttpRequest(decodeResult: success, version: HTTP/1.1, content: EmptyByteBufBE)
GET /session/67c054285278ccd4a59a3c8625af4372/element/b035752c-0f3d-4de7-8a0d-83fb22ea74c6/text HTTP/1.1
User-Agent: selenium/4.6.0 (java windows)
Cache-Control: no-cache
Content-Type: application/json; charset=utf-8
host: localhost:44090
accept: */*

Response DefaultHttpResponse(decodeResult: success, version: HTTP/1.1)
HTTP/1.1 200 OK
Content-Type: application/json; charset=utf-8
cache-control: no-cache
content-length: 55

[DEBUG] Adding key: http://localhost:44090 for channel [id: 0xd1d86906, L:/127.0.0.1:54062 - R:localhost/127.0.0.1:44090]
[DEBUG] Using pooled Channel '[id: 0xd1d86906, L:/127.0.0.1:54062 - R:localhost/127.0.0.1:44090]' for 'POST' to 'http://localhost:44090/session/67c054285278ccd4a59a3c8625af4372/elements'
[DEBUG] Using open Channel [id: 0xd1d86906, L:/127.0.0.1:54062 - R:localhost/127.0.0.1:44090] for POST '/session/67c054285278ccd4a59a3c8625af4372/elements'
[DEBUG] 

Request DefaultHttpRequest(decodeResult: success, version: HTTP/1.1)
POST /session/67c054285278ccd4a59a3c8625af4372/elements HTTP/1.1
User-Agent: selenium/4.6.0 (java windows)
Content-Length: 129
Content-Type: application/json; charset=utf-8
host: localhost:44090
accept: */*

Response DefaultHttpResponse(decodeResult: success, version: HTTP/1.1)
HTTP/1.1 200 OK
Content-Type: application/json; charset=utf-8
cache-control: no-cache
content-length: 90

[DEBUG] Adding key: http://localhost:44090 for channel [id: 0xd1d86906, L:/127.0.0.1:54062 - R:localhost/127.0.0.1:44090]
[DEBUG] Using pooled Channel '[id: 0xd1d86906, L:/127.0.0.1:54062 - R:localhost/127.0.0.1:44090]' for 'GET' to 'http://localhost:44090/session/67c054285278ccd4a59a3c8625af4372/element/b79816fa-8190-4bd4-8748-b02ee7c2ec10/text'
[DEBUG] Using open Channel [id: 0xd1d86906, L:/127.0.0.1:54062 - R:localhost/127.0.0.1:44090] for GET '/session/67c054285278ccd4a59a3c8625af4372/element/b79816fa-8190-4bd4-8748-b02ee7c2ec10/text'
[DEBUG] 

Request DefaultFullHttpRequest(decodeResult: success, version: HTTP/1.1, content: EmptyByteBufBE)
GET /session/67c054285278ccd4a59a3c8625af4372/element/b79816fa-8190-4bd4-8748-b02ee7c2ec10/text HTTP/1.1
User-Agent: selenium/4.6.0 (java windows)
Cache-Control: no-cache
Content-Type: application/json; charset=utf-8
host: localhost:44090
accept: */*

Response DefaultHttpResponse(decodeResult: success, version: HTTP/1.1)
HTTP/1.1 200 OK
Content-Type: application/json; charset=utf-8
cache-control: no-cache
content-length: 28

[DEBUG] Adding key: http://localhost:44090 for channel [id: 0xd1d86906, L:/127.0.0.1:54062 - R:localhost/127.0.0.1:44090]
[DEBUG] Using pooled Channel '[id: 0xd1d86906, L:/127.0.0.1:54062 - R:localhost/127.0.0.1:44090]' for 'POST' to 'http://localhost:44090/session/67c054285278ccd4a59a3c8625af4372/element'
[DEBUG] Using open Channel [id: 0xd1d86906, L:/127.0.0.1:54062 - R:localhost/127.0.0.1:44090] for POST '/session/67c054285278ccd4a59a3c8625af4372/element'
[DEBUG] 

Request DefaultHttpRequest(decodeResult: success, version: HTTP/1.1)
POST /session/67c054285278ccd4a59a3c8625af4372/element HTTP/1.1
User-Agent: selenium/4.6.0 (java windows)
Content-Length: 129
Content-Type: application/json; charset=utf-8
host: localhost:44090
accept: */*

Response DefaultHttpResponse(decodeResult: success, version: HTTP/1.1)
HTTP/1.1 200 OK
Content-Type: application/json; charset=utf-8
cache-control: no-cache
content-length: 88

[DEBUG] Adding key: http://localhost:44090 for channel [id: 0xd1d86906, L:/127.0.0.1:54062 - R:localhost/127.0.0.1:44090]
[DEBUG] Using pooled Channel '[id: 0xd1d86906, L:/127.0.0.1:54062 - R:localhost/127.0.0.1:44090]' for 'GET' to 'http://localhost:44090/session/67c054285278ccd4a59a3c8625af4372/element/15772955-fe1d-46d1-895c-2f2fb8ad086a/text'
[DEBUG] Using open Channel [id: 0xd1d86906, L:/127.0.0.1:54062 - R:localhost/127.0.0.1:44090] for GET '/session/67c054285278ccd4a59a3c8625af4372/element/15772955-fe1d-46d1-895c-2f2fb8ad086a/text'
[DEBUG] 

Request DefaultFullHttpRequest(decodeResult: success, version: HTTP/1.1, content: EmptyByteBufBE)
GET /session/67c054285278ccd4a59a3c8625af4372/element/15772955-fe1d-46d1-895c-2f2fb8ad086a/text HTTP/1.1
User-Agent: selenium/4.6.0 (java windows)
Cache-Control: no-cache
Content-Type: application/json; charset=utf-8
host: localhost:44090
accept: */*

Response DefaultHttpResponse(decodeResult: success, version: HTTP/1.1)
HTTP/1.1 200 OK
Content-Type: application/json; charset=utf-8
cache-control: no-cache
content-length: 28

[DEBUG] Adding key: http://localhost:44090 for channel [id: 0xd1d86906, L:/127.0.0.1:54062 - R:localhost/127.0.0.1:44090]
[DEBUG] Using pooled Channel '[id: 0xd1d86906, L:/127.0.0.1:54062 - R:localhost/127.0.0.1:44090]' for 'POST' to 'http://localhost:44090/session/67c054285278ccd4a59a3c8625af4372/elements'
[DEBUG] Using open Channel [id: 0xd1d86906, L:/127.0.0.1:54062 - R:localhost/127.0.0.1:44090] for POST '/session/67c054285278ccd4a59a3c8625af4372/elements'
[DEBUG] 

Request DefaultHttpRequest(decodeResult: success, version: HTTP/1.1)
POST /session/67c054285278ccd4a59a3c8625af4372/elements HTTP/1.1
User-Agent: selenium/4.6.0 (java windows)
Content-Length: 129
Content-Type: application/json; charset=utf-8
host: localhost:44090
accept: */*

Response DefaultHttpResponse(decodeResult: success, version: HTTP/1.1)
HTTP/1.1 200 OK
Content-Type: application/json; charset=utf-8
cache-control: no-cache
content-length: 90

[DEBUG] Adding key: http://localhost:44090 for channel [id: 0xd1d86906, L:/127.0.0.1:54062 - R:localhost/127.0.0.1:44090]
[DEBUG] Using pooled Channel '[id: 0xd1d86906, L:/127.0.0.1:54062 - R:localhost/127.0.0.1:44090]' for 'GET' to 'http://localhost:44090/session/67c054285278ccd4a59a3c8625af4372/element/8fd24653-c3f9-468f-8fa9-dd3449a1c8fd/text'
[DEBUG] Using open Channel [id: 0xd1d86906, L:/127.0.0.1:54062 - R:localhost/127.0.0.1:44090] for GET '/session/67c054285278ccd4a59a3c8625af4372/element/8fd24653-c3f9-468f-8fa9-dd3449a1c8fd/text'
[DEBUG] 

Request DefaultFullHttpRequest(decodeResult: success, version: HTTP/1.1, content: EmptyByteBufBE)
GET /session/67c054285278ccd4a59a3c8625af4372/element/8fd24653-c3f9-468f-8fa9-dd3449a1c8fd/text HTTP/1.1
User-Agent: selenium/4.6.0 (java windows)
Cache-Control: no-cache
Content-Type: application/json; charset=utf-8
host: localhost:44090
accept: */*

Response DefaultHttpResponse(decodeResult: success, version: HTTP/1.1)
HTTP/1.1 200 OK
Content-Type: application/json; charset=utf-8
cache-control: no-cache
content-length: 23

[DEBUG] Adding key: http://localhost:44090 for channel [id: 0xd1d86906, L:/127.0.0.1:54062 - R:localhost/127.0.0.1:44090]
[DEBUG] Using pooled Channel '[id: 0xd1d86906, L:/127.0.0.1:54062 - R:localhost/127.0.0.1:44090]' for 'POST' to 'http://localhost:44090/session/67c054285278ccd4a59a3c8625af4372/elements'
[DEBUG] Using open Channel [id: 0xd1d86906, L:/127.0.0.1:54062 - R:localhost/127.0.0.1:44090] for POST '/session/67c054285278ccd4a59a3c8625af4372/elements'
[DEBUG] 

Request DefaultHttpRequest(decodeResult: success, version: HTTP/1.1)
POST /session/67c054285278ccd4a59a3c8625af4372/elements HTTP/1.1
User-Agent: selenium/4.6.0 (java windows)
Content-Length: 129
Content-Type: application/json; charset=utf-8
host: localhost:44090
accept: */*

Response DefaultHttpResponse(decodeResult: success, version: HTTP/1.1)
HTTP/1.1 200 OK
Content-Type: application/json; charset=utf-8
cache-control: no-cache
content-length: 90

[DEBUG] Adding key: http://localhost:44090 for channel [id: 0xd1d86906, L:/127.0.0.1:54062 - R:localhost/127.0.0.1:44090]
[DEBUG] Using pooled Channel '[id: 0xd1d86906, L:/127.0.0.1:54062 - R:localhost/127.0.0.1:44090]' for 'GET' to 'http://localhost:44090/session/67c054285278ccd4a59a3c8625af4372/element/e0f0ec4e-5108-47e1-b48c-ff3c51130d94/text'
[DEBUG] Using open Channel [id: 0xd1d86906, L:/127.0.0.1:54062 - R:localhost/127.0.0.1:44090] for GET '/session/67c054285278ccd4a59a3c8625af4372/element/e0f0ec4e-5108-47e1-b48c-ff3c51130d94/text'
[DEBUG] 

Request DefaultFullHttpRequest(decodeResult: success, version: HTTP/1.1, content: EmptyByteBufBE)
GET /session/67c054285278ccd4a59a3c8625af4372/element/e0f0ec4e-5108-47e1-b48c-ff3c51130d94/text HTTP/1.1
User-Agent: selenium/4.6.0 (java windows)
Cache-Control: no-cache
Content-Type: application/json; charset=utf-8
host: localhost:44090
accept: */*

Response DefaultHttpResponse(decodeResult: success, version: HTTP/1.1)
HTTP/1.1 200 OK
Content-Type: application/json; charset=utf-8
cache-control: no-cache
content-length: 21

[DEBUG] Adding key: http://localhost:44090 for channel [id: 0xd1d86906, L:/127.0.0.1:54062 - R:localhost/127.0.0.1:44090]
[DEBUG] Using pooled Channel '[id: 0xd1d86906, L:/127.0.0.1:54062 - R:localhost/127.0.0.1:44090]' for 'POST' to 'http://localhost:44090/session/67c054285278ccd4a59a3c8625af4372/elements'
[DEBUG] Using open Channel [id: 0xd1d86906, L:/127.0.0.1:54062 - R:localhost/127.0.0.1:44090] for POST '/session/67c054285278ccd4a59a3c8625af4372/elements'
[DEBUG] 

Request DefaultHttpRequest(decodeResult: success, version: HTTP/1.1)
POST /session/67c054285278ccd4a59a3c8625af4372/elements HTTP/1.1
User-Agent: selenium/4.6.0 (java windows)
Content-Length: 129
Content-Type: application/json; charset=utf-8
host: localhost:44090
accept: */*

Response DefaultHttpResponse(decodeResult: success, version: HTTP/1.1)
HTTP/1.1 200 OK
Content-Type: application/json; charset=utf-8
cache-control: no-cache
content-length: 90

[DEBUG] Adding key: http://localhost:44090 for channel [id: 0xd1d86906, L:/127.0.0.1:54062 - R:localhost/127.0.0.1:44090]
[DEBUG] Using pooled Channel '[id: 0xd1d86906, L:/127.0.0.1:54062 - R:localhost/127.0.0.1:44090]' for 'GET' to 'http://localhost:44090/session/67c054285278ccd4a59a3c8625af4372/element/da196fc2-64ac-47ce-baf0-db2b68ea6d85/text'
[DEBUG] Using open Channel [id: 0xd1d86906, L:/127.0.0.1:54062 - R:localhost/127.0.0.1:44090] for GET '/session/67c054285278ccd4a59a3c8625af4372/element/da196fc2-64ac-47ce-baf0-db2b68ea6d85/text'
[DEBUG] 

Request DefaultFullHttpRequest(decodeResult: success, version: HTTP/1.1, content: EmptyByteBufBE)
GET /session/67c054285278ccd4a59a3c8625af4372/element/da196fc2-64ac-47ce-baf0-db2b68ea6d85/text HTTP/1.1
User-Agent: selenium/4.6.0 (java windows)
Cache-Control: no-cache
Content-Type: application/json; charset=utf-8
host: localhost:44090
accept: */*

Response DefaultHttpResponse(decodeResult: success, version: HTTP/1.1)
HTTP/1.1 200 OK
Content-Type: application/json; charset=utf-8
cache-control: no-cache
content-length: 44

[DEBUG] Adding key: http://localhost:44090 for channel [id: 0xd1d86906, L:/127.0.0.1:54062 - R:localhost/127.0.0.1:44090]
[DEBUG] Using pooled Channel '[id: 0xd1d86906, L:/127.0.0.1:54062 - R:localhost/127.0.0.1:44090]' for 'POST' to 'http://localhost:44090/session/67c054285278ccd4a59a3c8625af4372/elements'
[DEBUG] Using open Channel [id: 0xd1d86906, L:/127.0.0.1:54062 - R:localhost/127.0.0.1:44090] for POST '/session/67c054285278ccd4a59a3c8625af4372/elements'
[DEBUG] 

Request DefaultHttpRequest(decodeResult: success, version: HTTP/1.1)
POST /session/67c054285278ccd4a59a3c8625af4372/elements HTTP/1.1
User-Agent: selenium/4.6.0 (java windows)
Content-Length: 129
Content-Type: application/json; charset=utf-8
host: localhost:44090
accept: */*

Response DefaultHttpResponse(decodeResult: success, version: HTTP/1.1)
HTTP/1.1 200 OK
Content-Type: application/json; charset=utf-8
cache-control: no-cache
content-length: 90

[DEBUG] Adding key: http://localhost:44090 for channel [id: 0xd1d86906, L:/127.0.0.1:54062 - R:localhost/127.0.0.1:44090]
[DEBUG] Using pooled Channel '[id: 0xd1d86906, L:/127.0.0.1:54062 - R:localhost/127.0.0.1:44090]' for 'GET' to 'http://localhost:44090/session/67c054285278ccd4a59a3c8625af4372/element/15772955-fe1d-46d1-895c-2f2fb8ad086a/text'
[DEBUG] Using open Channel [id: 0xd1d86906, L:/127.0.0.1:54062 - R:localhost/127.0.0.1:44090] for GET '/session/67c054285278ccd4a59a3c8625af4372/element/15772955-fe1d-46d1-895c-2f2fb8ad086a/text'
[DEBUG] 

Request DefaultFullHttpRequest(decodeResult: success, version: HTTP/1.1, content: EmptyByteBufBE)
GET /session/67c054285278ccd4a59a3c8625af4372/element/15772955-fe1d-46d1-895c-2f2fb8ad086a/text HTTP/1.1
User-Agent: selenium/4.6.0 (java windows)
Cache-Control: no-cache
Content-Type: application/json; charset=utf-8
host: localhost:44090
accept: */*

Response DefaultHttpResponse(decodeResult: success, version: HTTP/1.1)
HTTP/1.1 200 OK
Content-Type: application/json; charset=utf-8
cache-control: no-cache
content-length: 28

[DEBUG] Adding key: http://localhost:44090 for channel [id: 0xd1d86906, L:/127.0.0.1:54062 - R:localhost/127.0.0.1:44090]
[DEBUG] Using pooled Channel '[id: 0xd1d86906, L:/127.0.0.1:54062 - R:localhost/127.0.0.1:44090]' for 'POST' to 'http://localhost:44090/session/67c054285278ccd4a59a3c8625af4372/element'
[DEBUG] Using open Channel [id: 0xd1d86906, L:/127.0.0.1:54062 - R:localhost/127.0.0.1:44090] for POST '/session/67c054285278ccd4a59a3c8625af4372/element'
[DEBUG] 

Request DefaultHttpRequest(decodeResult: success, version: HTTP/1.1)
POST /session/67c054285278ccd4a59a3c8625af4372/element HTTP/1.1
User-Agent: selenium/4.6.0 (java windows)
Content-Length: 129
Content-Type: application/json; charset=utf-8
host: localhost:44090
accept: */*

Response DefaultHttpResponse(decodeResult: success, version: HTTP/1.1)
HTTP/1.1 200 OK
Content-Type: application/json; charset=utf-8
cache-control: no-cache
content-length: 88

[DEBUG] Adding key: http://localhost:44090 for channel [id: 0xd1d86906, L:/127.0.0.1:54062 - R:localhost/127.0.0.1:44090]
[DEBUG] Using pooled Channel '[id: 0xd1d86906, L:/127.0.0.1:54062 - R:localhost/127.0.0.1:44090]' for 'GET' to 'http://localhost:44090/session/67c054285278ccd4a59a3c8625af4372/element/24109083-bde5-4866-9fd9-66a695eed5e6/text'
[DEBUG] Using open Channel [id: 0xd1d86906, L:/127.0.0.1:54062 - R:localhost/127.0.0.1:44090] for GET '/session/67c054285278ccd4a59a3c8625af4372/element/24109083-bde5-4866-9fd9-66a695eed5e6/text'
[DEBUG] 

Request DefaultFullHttpRequest(decodeResult: success, version: HTTP/1.1, content: EmptyByteBufBE)
GET /session/67c054285278ccd4a59a3c8625af4372/element/24109083-bde5-4866-9fd9-66a695eed5e6/text HTTP/1.1
User-Agent: selenium/4.6.0 (java windows)
Cache-Control: no-cache
Content-Type: application/json; charset=utf-8
host: localhost:44090
accept: */*

Response DefaultHttpResponse(decodeResult: success, version: HTTP/1.1)
HTTP/1.1 200 OK
Content-Type: application/json; charset=utf-8
cache-control: no-cache
content-length: 28

[DEBUG] Adding key: http://localhost:44090 for channel [id: 0xd1d86906, L:/127.0.0.1:54062 - R:localhost/127.0.0.1:44090]
[DEBUG] Using pooled Channel '[id: 0xd1d86906, L:/127.0.0.1:54062 - R:localhost/127.0.0.1:44090]' for 'POST' to 'http://localhost:44090/session/67c054285278ccd4a59a3c8625af4372/elements'
[DEBUG] Using open Channel [id: 0xd1d86906, L:/127.0.0.1:54062 - R:localhost/127.0.0.1:44090] for POST '/session/67c054285278ccd4a59a3c8625af4372/elements'
[DEBUG] 

Request DefaultHttpRequest(decodeResult: success, version: HTTP/1.1)
POST /session/67c054285278ccd4a59a3c8625af4372/elements HTTP/1.1
User-Agent: selenium/4.6.0 (java windows)
Content-Length: 129
Content-Type: application/json; charset=utf-8
host: localhost:44090
accept: */*

Response DefaultHttpResponse(decodeResult: success, version: HTTP/1.1)
HTTP/1.1 200 OK
Content-Type: application/json; charset=utf-8
cache-control: no-cache
content-length: 90

[DEBUG] Adding key: http://localhost:44090 for channel [id: 0xd1d86906, L:/127.0.0.1:54062 - R:localhost/127.0.0.1:44090]
[DEBUG] Using pooled Channel '[id: 0xd1d86906, L:/127.0.0.1:54062 - R:localhost/127.0.0.1:44090]' for 'GET' to 'http://localhost:44090/session/67c054285278ccd4a59a3c8625af4372/element/1b7bc147-360d-452a-80e5-9e3d72ad11f4/text'
[DEBUG] Using open Channel [id: 0xd1d86906, L:/127.0.0.1:54062 - R:localhost/127.0.0.1:44090] for GET '/session/67c054285278ccd4a59a3c8625af4372/element/1b7bc147-360d-452a-80e5-9e3d72ad11f4/text'
[DEBUG] 

Request DefaultFullHttpRequest(decodeResult: success, version: HTTP/1.1, content: EmptyByteBufBE)
GET /session/67c054285278ccd4a59a3c8625af4372/element/1b7bc147-360d-452a-80e5-9e3d72ad11f4/text HTTP/1.1
User-Agent: selenium/4.6.0 (java windows)
Cache-Control: no-cache
Content-Type: application/json; charset=utf-8
host: localhost:44090
accept: */*

Response DefaultHttpResponse(decodeResult: success, version: HTTP/1.1)
HTTP/1.1 200 OK
Content-Type: application/json; charset=utf-8
cache-control: no-cache
content-length: 23

[DEBUG] Adding key: http://localhost:44090 for channel [id: 0xd1d86906, L:/127.0.0.1:54062 - R:localhost/127.0.0.1:44090]
[DEBUG] Using pooled Channel '[id: 0xd1d86906, L:/127.0.0.1:54062 - R:localhost/127.0.0.1:44090]' for 'POST' to 'http://localhost:44090/session/67c054285278ccd4a59a3c8625af4372/elements'
[DEBUG] Using open Channel [id: 0xd1d86906, L:/127.0.0.1:54062 - R:localhost/127.0.0.1:44090] for POST '/session/67c054285278ccd4a59a3c8625af4372/elements'
[DEBUG] 

Request DefaultHttpRequest(decodeResult: success, version: HTTP/1.1)
POST /session/67c054285278ccd4a59a3c8625af4372/elements HTTP/1.1
User-Agent: selenium/4.6.0 (java windows)
Content-Length: 129
Content-Type: application/json; charset=utf-8
host: localhost:44090
accept: */*

Response DefaultHttpResponse(decodeResult: success, version: HTTP/1.1)
HTTP/1.1 200 OK
Content-Type: application/json; charset=utf-8
cache-control: no-cache
content-length: 90

[DEBUG] Adding key: http://localhost:44090 for channel [id: 0xd1d86906, L:/127.0.0.1:54062 - R:localhost/127.0.0.1:44090]
[DEBUG] Using pooled Channel '[id: 0xd1d86906, L:/127.0.0.1:54062 - R:localhost/127.0.0.1:44090]' for 'GET' to 'http://localhost:44090/session/67c054285278ccd4a59a3c8625af4372/element/f67dcb8e-365b-4996-ab75-543f5929e96b/text'
[DEBUG] Using open Channel [id: 0xd1d86906, L:/127.0.0.1:54062 - R:localhost/127.0.0.1:44090] for GET '/session/67c054285278ccd4a59a3c8625af4372/element/f67dcb8e-365b-4996-ab75-543f5929e96b/text'
[DEBUG] 

Request DefaultFullHttpRequest(decodeResult: success, version: HTTP/1.1, content: EmptyByteBufBE)
GET /session/67c054285278ccd4a59a3c8625af4372/element/f67dcb8e-365b-4996-ab75-543f5929e96b/text HTTP/1.1
User-Agent: selenium/4.6.0 (java windows)
Cache-Control: no-cache
Content-Type: application/json; charset=utf-8
host: localhost:44090
accept: */*

Response DefaultHttpResponse(decodeResult: success, version: HTTP/1.1)
HTTP/1.1 200 OK
Content-Type: application/json; charset=utf-8
cache-control: no-cache
content-length: 19

[DEBUG] Adding key: http://localhost:44090 for channel [id: 0xd1d86906, L:/127.0.0.1:54062 - R:localhost/127.0.0.1:44090]
[DEBUG] Using pooled Channel '[id: 0xd1d86906, L:/127.0.0.1:54062 - R:localhost/127.0.0.1:44090]' for 'POST' to 'http://localhost:44090/session/67c054285278ccd4a59a3c8625af4372/elements'
[DEBUG] Using open Channel [id: 0xd1d86906, L:/127.0.0.1:54062 - R:localhost/127.0.0.1:44090] for POST '/session/67c054285278ccd4a59a3c8625af4372/elements'
[DEBUG] 

Request DefaultHttpRequest(decodeResult: success, version: HTTP/1.1)
POST /session/67c054285278ccd4a59a3c8625af4372/elements HTTP/1.1
User-Agent: selenium/4.6.0 (java windows)
Content-Length: 129
Content-Type: application/json; charset=utf-8
host: localhost:44090
accept: */*

Response DefaultHttpResponse(decodeResult: success, version: HTTP/1.1)
HTTP/1.1 200 OK
Content-Type: application/json; charset=utf-8
cache-control: no-cache
content-length: 90

[DEBUG] Adding key: http://localhost:44090 for channel [id: 0xd1d86906, L:/127.0.0.1:54062 - R:localhost/127.0.0.1:44090]
[DEBUG] Using pooled Channel '[id: 0xd1d86906, L:/127.0.0.1:54062 - R:localhost/127.0.0.1:44090]' for 'GET' to 'http://localhost:44090/session/67c054285278ccd4a59a3c8625af4372/element/6979ba79-bd62-4ebe-9dbe-b3c96aa21d1f/text'
[DEBUG] Using open Channel [id: 0xd1d86906, L:/127.0.0.1:54062 - R:localhost/127.0.0.1:44090] for GET '/session/67c054285278ccd4a59a3c8625af4372/element/6979ba79-bd62-4ebe-9dbe-b3c96aa21d1f/text'
[DEBUG] 

Request DefaultFullHttpRequest(decodeResult: success, version: HTTP/1.1, content: EmptyByteBufBE)
GET /session/67c054285278ccd4a59a3c8625af4372/element/6979ba79-bd62-4ebe-9dbe-b3c96aa21d1f/text HTTP/1.1
User-Agent: selenium/4.6.0 (java windows)
Cache-Control: no-cache
Content-Type: application/json; charset=utf-8
host: localhost:44090
accept: */*

Response DefaultHttpResponse(decodeResult: success, version: HTTP/1.1)
HTTP/1.1 200 OK
Content-Type: application/json; charset=utf-8
cache-control: no-cache
content-length: 28

[DEBUG] Adding key: http://localhost:44090 for channel [id: 0xd1d86906, L:/127.0.0.1:54062 - R:localhost/127.0.0.1:44090]
[DEBUG] Using pooled Channel '[id: 0xd1d86906, L:/127.0.0.1:54062 - R:localhost/127.0.0.1:44090]' for 'POST' to 'http://localhost:44090/session/67c054285278ccd4a59a3c8625af4372/elements'
[DEBUG] Using open Channel [id: 0xd1d86906, L:/127.0.0.1:54062 - R:localhost/127.0.0.1:44090] for POST '/session/67c054285278ccd4a59a3c8625af4372/elements'
[DEBUG] 

Request DefaultHttpRequest(decodeResult: success, version: HTTP/1.1)
POST /session/67c054285278ccd4a59a3c8625af4372/elements HTTP/1.1
User-Agent: selenium/4.6.0 (java windows)
Content-Length: 129
Content-Type: application/json; charset=utf-8
host: localhost:44090
accept: */*

Response DefaultHttpResponse(decodeResult: success, version: HTTP/1.1)
HTTP/1.1 200 OK
Content-Type: application/json; charset=utf-8
cache-control: no-cache
content-length: 90

[DEBUG] Adding key: http://localhost:44090 for channel [id: 0xd1d86906, L:/127.0.0.1:54062 - R:localhost/127.0.0.1:44090]
[DEBUG] Using pooled Channel '[id: 0xd1d86906, L:/127.0.0.1:54062 - R:localhost/127.0.0.1:44090]' for 'GET' to 'http://localhost:44090/session/67c054285278ccd4a59a3c8625af4372/element/24109083-bde5-4866-9fd9-66a695eed5e6/text'
[DEBUG] Using open Channel [id: 0xd1d86906, L:/127.0.0.1:54062 - R:localhost/127.0.0.1:44090] for GET '/session/67c054285278ccd4a59a3c8625af4372/element/24109083-bde5-4866-9fd9-66a695eed5e6/text'
[DEBUG] 

Request DefaultFullHttpRequest(decodeResult: success, version: HTTP/1.1, content: EmptyByteBufBE)
GET /session/67c054285278ccd4a59a3c8625af4372/element/24109083-bde5-4866-9fd9-66a695eed5e6/text HTTP/1.1
User-Agent: selenium/4.6.0 (java windows)
Cache-Control: no-cache
Content-Type: application/json; charset=utf-8
host: localhost:44090
accept: */*

Response DefaultHttpResponse(decodeResult: success, version: HTTP/1.1)
HTTP/1.1 200 OK
Content-Type: application/json; charset=utf-8
cache-control: no-cache
content-length: 28

[DEBUG] Adding key: http://localhost:44090 for channel [id: 0xd1d86906, L:/127.0.0.1:54062 - R:localhost/127.0.0.1:44090]
[DEBUG] Using pooled Channel '[id: 0xd1d86906, L:/127.0.0.1:54062 - R:localhost/127.0.0.1:44090]' for 'POST' to 'http://localhost:44090/session/67c054285278ccd4a59a3c8625af4372/element'
[DEBUG] Using open Channel [id: 0xd1d86906, L:/127.0.0.1:54062 - R:localhost/127.0.0.1:44090] for POST '/session/67c054285278ccd4a59a3c8625af4372/element'
[DEBUG] 

Request DefaultHttpRequest(decodeResult: success, version: HTTP/1.1)
POST /session/67c054285278ccd4a59a3c8625af4372/element HTTP/1.1
User-Agent: selenium/4.6.0 (java windows)
Content-Length: 129
Content-Type: application/json; charset=utf-8
host: localhost:44090
accept: */*

Response DefaultHttpResponse(decodeResult: success, version: HTTP/1.1)
HTTP/1.1 200 OK
Content-Type: application/json; charset=utf-8
cache-control: no-cache
content-length: 88

[DEBUG] Adding key: http://localhost:44090 for channel [id: 0xd1d86906, L:/127.0.0.1:54062 - R:localhost/127.0.0.1:44090]
[DEBUG] Using pooled Channel '[id: 0xd1d86906, L:/127.0.0.1:54062 - R:localhost/127.0.0.1:44090]' for 'GET' to 'http://localhost:44090/session/67c054285278ccd4a59a3c8625af4372/element/2128cc37-ebf2-4cb8-89ad-66250b90cbea/text'
[DEBUG] Using open Channel [id: 0xd1d86906, L:/127.0.0.1:54062 - R:localhost/127.0.0.1:44090] for GET '/session/67c054285278ccd4a59a3c8625af4372/element/2128cc37-ebf2-4cb8-89ad-66250b90cbea/text'
[DEBUG] 

Request DefaultFullHttpRequest(decodeResult: success, version: HTTP/1.1, content: EmptyByteBufBE)
GET /session/67c054285278ccd4a59a3c8625af4372/element/2128cc37-ebf2-4cb8-89ad-66250b90cbea/text HTTP/1.1
User-Agent: selenium/4.6.0 (java windows)
Cache-Control: no-cache
Content-Type: application/json; charset=utf-8
host: localhost:44090
accept: */*

Response DefaultHttpResponse(decodeResult: success, version: HTTP/1.1)
HTTP/1.1 200 OK
Content-Type: application/json; charset=utf-8
cache-control: no-cache
content-length: 28

[DEBUG] Adding key: http://localhost:44090 for channel [id: 0xd1d86906, L:/127.0.0.1:54062 - R:localhost/127.0.0.1:44090]
[DEBUG] Using pooled Channel '[id: 0xd1d86906, L:/127.0.0.1:54062 - R:localhost/127.0.0.1:44090]' for 'POST' to 'http://localhost:44090/session/67c054285278ccd4a59a3c8625af4372/elements'
[DEBUG] Using open Channel [id: 0xd1d86906, L:/127.0.0.1:54062 - R:localhost/127.0.0.1:44090] for POST '/session/67c054285278ccd4a59a3c8625af4372/elements'
[DEBUG] 

Request DefaultHttpRequest(decodeResult: success, version: HTTP/1.1)
POST /session/67c054285278ccd4a59a3c8625af4372/elements HTTP/1.1
User-Agent: selenium/4.6.0 (java windows)
Content-Length: 129
Content-Type: application/json; charset=utf-8
host: localhost:44090
accept: */*

Response DefaultHttpResponse(decodeResult: success, version: HTTP/1.1)
HTTP/1.1 200 OK
Content-Type: application/json; charset=utf-8
cache-control: no-cache
content-length: 90

[DEBUG] Adding key: http://localhost:44090 for channel [id: 0xd1d86906, L:/127.0.0.1:54062 - R:localhost/127.0.0.1:44090]
[DEBUG] Using pooled Channel '[id: 0xd1d86906, L:/127.0.0.1:54062 - R:localhost/127.0.0.1:44090]' for 'GET' to 'http://localhost:44090/session/67c054285278ccd4a59a3c8625af4372/element/cd80bea7-22fe-48d2-a9a6-0607c2c5d152/text'
[DEBUG] Using open Channel [id: 0xd1d86906, L:/127.0.0.1:54062 - R:localhost/127.0.0.1:44090] for GET '/session/67c054285278ccd4a59a3c8625af4372/element/cd80bea7-22fe-48d2-a9a6-0607c2c5d152/text'
[DEBUG] 

Request DefaultFullHttpRequest(decodeResult: success, version: HTTP/1.1, content: EmptyByteBufBE)
GET /session/67c054285278ccd4a59a3c8625af4372/element/cd80bea7-22fe-48d2-a9a6-0607c2c5d152/text HTTP/1.1
User-Agent: selenium/4.6.0 (java windows)
Cache-Control: no-cache
Content-Type: application/json; charset=utf-8
host: localhost:44090
accept: */*

Response DefaultHttpResponse(decodeResult: success, version: HTTP/1.1)
HTTP/1.1 200 OK
Content-Type: application/json; charset=utf-8
cache-control: no-cache
content-length: 23

[DEBUG] Adding key: http://localhost:44090 for channel [id: 0xd1d86906, L:/127.0.0.1:54062 - R:localhost/127.0.0.1:44090]
[DEBUG] Using pooled Channel '[id: 0xd1d86906, L:/127.0.0.1:54062 - R:localhost/127.0.0.1:44090]' for 'POST' to 'http://localhost:44090/session/67c054285278ccd4a59a3c8625af4372/elements'
[DEBUG] Using open Channel [id: 0xd1d86906, L:/127.0.0.1:54062 - R:localhost/127.0.0.1:44090] for POST '/session/67c054285278ccd4a59a3c8625af4372/elements'
[DEBUG] 

Request DefaultHttpRequest(decodeResult: success, version: HTTP/1.1)
POST /session/67c054285278ccd4a59a3c8625af4372/elements HTTP/1.1
User-Agent: selenium/4.6.0 (java windows)
Content-Length: 129
Content-Type: application/json; charset=utf-8
host: localhost:44090
accept: */*

Response DefaultHttpResponse(decodeResult: success, version: HTTP/1.1)
HTTP/1.1 200 OK
Content-Type: application/json; charset=utf-8
cache-control: no-cache
content-length: 90

[DEBUG] Adding key: http://localhost:44090 for channel [id: 0xd1d86906, L:/127.0.0.1:54062 - R:localhost/127.0.0.1:44090]
[DEBUG] Using pooled Channel '[id: 0xd1d86906, L:/127.0.0.1:54062 - R:localhost/127.0.0.1:44090]' for 'GET' to 'http://localhost:44090/session/67c054285278ccd4a59a3c8625af4372/element/941851d1-4e19-4fb1-aa32-3dedd08a1365/text'
[DEBUG] Using open Channel [id: 0xd1d86906, L:/127.0.0.1:54062 - R:localhost/127.0.0.1:44090] for GET '/session/67c054285278ccd4a59a3c8625af4372/element/941851d1-4e19-4fb1-aa32-3dedd08a1365/text'
[DEBUG] Entry count for : http://localhost:54065 : 1
[DEBUG] 

Request DefaultFullHttpRequest(decodeResult: success, version: HTTP/1.1, content: EmptyByteBufBE)
GET /session/67c054285278ccd4a59a3c8625af4372/element/941851d1-4e19-4fb1-aa32-3dedd08a1365/text HTTP/1.1
User-Agent: selenium/4.6.0 (java windows)
Cache-Control: no-cache
Content-Type: application/json; charset=utf-8
host: localhost:44090
accept: */*

Response DefaultHttpResponse(decodeResult: success, version: HTTP/1.1)
HTTP/1.1 200 OK
Content-Type: application/json; charset=utf-8
cache-control: no-cache
content-length: 18

[DEBUG] Adding key: http://localhost:44090 for channel [id: 0xd1d86906, L:/127.0.0.1:54062 - R:localhost/127.0.0.1:44090]
[DEBUG] Using pooled Channel '[id: 0xd1d86906, L:/127.0.0.1:54062 - R:localhost/127.0.0.1:44090]' for 'POST' to 'http://localhost:44090/session/67c054285278ccd4a59a3c8625af4372/elements'
[DEBUG] Using open Channel [id: 0xd1d86906, L:/127.0.0.1:54062 - R:localhost/127.0.0.1:44090] for POST '/session/67c054285278ccd4a59a3c8625af4372/elements'
[DEBUG] 

Request DefaultHttpRequest(decodeResult: success, version: HTTP/1.1)
POST /session/67c054285278ccd4a59a3c8625af4372/elements HTTP/1.1
User-Agent: selenium/4.6.0 (java windows)
Content-Length: 129
Content-Type: application/json; charset=utf-8
host: localhost:44090
accept: */*

Response DefaultHttpResponse(decodeResult: success, version: HTTP/1.1)
HTTP/1.1 200 OK
Content-Type: application/json; charset=utf-8
cache-control: no-cache
content-length: 90

[DEBUG] Adding key: http://localhost:44090 for channel [id: 0xd1d86906, L:/127.0.0.1:54062 - R:localhost/127.0.0.1:44090]
[DEBUG] Using pooled Channel '[id: 0xd1d86906, L:/127.0.0.1:54062 - R:localhost/127.0.0.1:44090]' for 'GET' to 'http://localhost:44090/session/67c054285278ccd4a59a3c8625af4372/element/6968d785-d694-4a00-9648-ca0b0b81b5ce/text'
[DEBUG] Using open Channel [id: 0xd1d86906, L:/127.0.0.1:54062 - R:localhost/127.0.0.1:44090] for GET '/session/67c054285278ccd4a59a3c8625af4372/element/6968d785-d694-4a00-9648-ca0b0b81b5ce/text'
[DEBUG] 

Request DefaultFullHttpRequest(decodeResult: success, version: HTTP/1.1, content: EmptyByteBufBE)
GET /session/67c054285278ccd4a59a3c8625af4372/element/6968d785-d694-4a00-9648-ca0b0b81b5ce/text HTTP/1.1
User-Agent: selenium/4.6.0 (java windows)
Cache-Control: no-cache
Content-Type: application/json; charset=utf-8
host: localhost:44090
accept: */*

Response DefaultHttpResponse(decodeResult: success, version: HTTP/1.1)
HTTP/1.1 200 OK
Content-Type: application/json; charset=utf-8
cache-control: no-cache
content-length: 42

[DEBUG] Adding key: http://localhost:44090 for channel [id: 0xd1d86906, L:/127.0.0.1:54062 - R:localhost/127.0.0.1:44090]
[DEBUG] Using pooled Channel '[id: 0xd1d86906, L:/127.0.0.1:54062 - R:localhost/127.0.0.1:44090]' for 'POST' to 'http://localhost:44090/session/67c054285278ccd4a59a3c8625af4372/elements'
[DEBUG] Using open Channel [id: 0xd1d86906, L:/127.0.0.1:54062 - R:localhost/127.0.0.1:44090] for POST '/session/67c054285278ccd4a59a3c8625af4372/elements'
[DEBUG] 

Request DefaultHttpRequest(decodeResult: success, version: HTTP/1.1)
POST /session/67c054285278ccd4a59a3c8625af4372/elements HTTP/1.1
User-Agent: selenium/4.6.0 (java windows)
Content-Length: 129
Content-Type: application/json; charset=utf-8
host: localhost:44090
accept: */*

Response DefaultHttpResponse(decodeResult: success, version: HTTP/1.1)
HTTP/1.1 200 OK
Content-Type: application/json; charset=utf-8
cache-control: no-cache
content-length: 90

[DEBUG] Adding key: http://localhost:44090 for channel [id: 0xd1d86906, L:/127.0.0.1:54062 - R:localhost/127.0.0.1:44090]
[DEBUG] Using pooled Channel '[id: 0xd1d86906, L:/127.0.0.1:54062 - R:localhost/127.0.0.1:44090]' for 'GET' to 'http://localhost:44090/session/67c054285278ccd4a59a3c8625af4372/element/2128cc37-ebf2-4cb8-89ad-66250b90cbea/text'
[DEBUG] Using open Channel [id: 0xd1d86906, L:/127.0.0.1:54062 - R:localhost/127.0.0.1:44090] for GET '/session/67c054285278ccd4a59a3c8625af4372/element/2128cc37-ebf2-4cb8-89ad-66250b90cbea/text'
[DEBUG] 

Request DefaultFullHttpRequest(decodeResult: success, version: HTTP/1.1, content: EmptyByteBufBE)
GET /session/67c054285278ccd4a59a3c8625af4372/element/2128cc37-ebf2-4cb8-89ad-66250b90cbea/text HTTP/1.1
User-Agent: selenium/4.6.0 (java windows)
Cache-Control: no-cache
Content-Type: application/json; charset=utf-8
host: localhost:44090
accept: */*

Response DefaultHttpResponse(decodeResult: success, version: HTTP/1.1)
HTTP/1.1 200 OK
Content-Type: application/json; charset=utf-8
cache-control: no-cache
content-length: 28

[DEBUG] Adding key: http://localhost:44090 for channel [id: 0xd1d86906, L:/127.0.0.1:54062 - R:localhost/127.0.0.1:44090]
[DEBUG] Using pooled Channel '[id: 0xd1d86906, L:/127.0.0.1:54062 - R:localhost/127.0.0.1:44090]' for 'POST' to 'http://localhost:44090/session/67c054285278ccd4a59a3c8625af4372/element'
[DEBUG] Using open Channel [id: 0xd1d86906, L:/127.0.0.1:54062 - R:localhost/127.0.0.1:44090] for POST '/session/67c054285278ccd4a59a3c8625af4372/element'
[DEBUG] 

Request DefaultHttpRequest(decodeResult: success, version: HTTP/1.1)
POST /session/67c054285278ccd4a59a3c8625af4372/element HTTP/1.1
User-Agent: selenium/4.6.0 (java windows)
Content-Length: 129
Content-Type: application/json; charset=utf-8
host: localhost:44090
accept: */*

Response DefaultHttpResponse(decodeResult: success, version: HTTP/1.1)
HTTP/1.1 200 OK
Content-Type: application/json; charset=utf-8
cache-control: no-cache
content-length: 88

[DEBUG] Adding key: http://localhost:44090 for channel [id: 0xd1d86906, L:/127.0.0.1:54062 - R:localhost/127.0.0.1:44090]
[DEBUG] Using pooled Channel '[id: 0xd1d86906, L:/127.0.0.1:54062 - R:localhost/127.0.0.1:44090]' for 'GET' to 'http://localhost:44090/session/67c054285278ccd4a59a3c8625af4372/element/5e1b1fbd-9916-43bd-9cd3-70e4c8e9bdb1/text'
[DEBUG] Using open Channel [id: 0xd1d86906, L:/127.0.0.1:54062 - R:localhost/127.0.0.1:44090] for GET '/session/67c054285278ccd4a59a3c8625af4372/element/5e1b1fbd-9916-43bd-9cd3-70e4c8e9bdb1/text'
[DEBUG] 

Request DefaultFullHttpRequest(decodeResult: success, version: HTTP/1.1, content: EmptyByteBufBE)
GET /session/67c054285278ccd4a59a3c8625af4372/element/5e1b1fbd-9916-43bd-9cd3-70e4c8e9bdb1/text HTTP/1.1
User-Agent: selenium/4.6.0 (java windows)
Cache-Control: no-cache
Content-Type: application/json; charset=utf-8
host: localhost:44090
accept: */*

Response DefaultHttpResponse(decodeResult: success, version: HTTP/1.1)
HTTP/1.1 200 OK
Content-Type: application/json; charset=utf-8
cache-control: no-cache
content-length: 28

[DEBUG] Adding key: http://localhost:44090 for channel [id: 0xd1d86906, L:/127.0.0.1:54062 - R:localhost/127.0.0.1:44090]
[DEBUG] Using pooled Channel '[id: 0xd1d86906, L:/127.0.0.1:54062 - R:localhost/127.0.0.1:44090]' for 'POST' to 'http://localhost:44090/session/67c054285278ccd4a59a3c8625af4372/elements'
[DEBUG] Using open Channel [id: 0xd1d86906, L:/127.0.0.1:54062 - R:localhost/127.0.0.1:44090] for POST '/session/67c054285278ccd4a59a3c8625af4372/elements'
[DEBUG] 

Request DefaultHttpRequest(decodeResult: success, version: HTTP/1.1)
POST /session/67c054285278ccd4a59a3c8625af4372/elements HTTP/1.1
User-Agent: selenium/4.6.0 (java windows)
Content-Length: 129
Content-Type: application/json; charset=utf-8
host: localhost:44090
accept: */*

Response DefaultHttpResponse(decodeResult: success, version: HTTP/1.1)
HTTP/1.1 200 OK
Content-Type: application/json; charset=utf-8
cache-control: no-cache
content-length: 90

[DEBUG] Adding key: http://localhost:44090 for channel [id: 0xd1d86906, L:/127.0.0.1:54062 - R:localhost/127.0.0.1:44090]
[DEBUG] Using pooled Channel '[id: 0xd1d86906, L:/127.0.0.1:54062 - R:localhost/127.0.0.1:44090]' for 'GET' to 'http://localhost:44090/session/67c054285278ccd4a59a3c8625af4372/element/0e139a46-d943-4e5d-ac43-b0c46bc7bd31/text'
[DEBUG] Using open Channel [id: 0xd1d86906, L:/127.0.0.1:54062 - R:localhost/127.0.0.1:44090] for GET '/session/67c054285278ccd4a59a3c8625af4372/element/0e139a46-d943-4e5d-ac43-b0c46bc7bd31/text'
[DEBUG] 

Request DefaultFullHttpRequest(decodeResult: success, version: HTTP/1.1, content: EmptyByteBufBE)
GET /session/67c054285278ccd4a59a3c8625af4372/element/0e139a46-d943-4e5d-ac43-b0c46bc7bd31/text HTTP/1.1
User-Agent: selenium/4.6.0 (java windows)
Cache-Control: no-cache
Content-Type: application/json; charset=utf-8
host: localhost:44090
accept: */*

Response DefaultHttpResponse(decodeResult: success, version: HTTP/1.1)
HTTP/1.1 200 OK
Content-Type: application/json; charset=utf-8
cache-control: no-cache
content-length: 23

[DEBUG] Adding key: http://localhost:44090 for channel [id: 0xd1d86906, L:/127.0.0.1:54062 - R:localhost/127.0.0.1:44090]
[DEBUG] Using pooled Channel '[id: 0xd1d86906, L:/127.0.0.1:54062 - R:localhost/127.0.0.1:44090]' for 'POST' to 'http://localhost:44090/session/67c054285278ccd4a59a3c8625af4372/elements'
[DEBUG] Using open Channel [id: 0xd1d86906, L:/127.0.0.1:54062 - R:localhost/127.0.0.1:44090] for POST '/session/67c054285278ccd4a59a3c8625af4372/elements'
[DEBUG] 

Request DefaultHttpRequest(decodeResult: success, version: HTTP/1.1)
POST /session/67c054285278ccd4a59a3c8625af4372/elements HTTP/1.1
User-Agent: selenium/4.6.0 (java windows)
Content-Length: 129
Content-Type: application/json; charset=utf-8
host: localhost:44090
accept: */*

Response DefaultHttpResponse(decodeResult: success, version: HTTP/1.1)
HTTP/1.1 200 OK
Content-Type: application/json; charset=utf-8
cache-control: no-cache
content-length: 90

[DEBUG] Adding key: http://localhost:44090 for channel [id: 0xd1d86906, L:/127.0.0.1:54062 - R:localhost/127.0.0.1:44090]
[DEBUG] Using pooled Channel '[id: 0xd1d86906, L:/127.0.0.1:54062 - R:localhost/127.0.0.1:44090]' for 'GET' to 'http://localhost:44090/session/67c054285278ccd4a59a3c8625af4372/element/1a8696fe-7b05-4244-b4bb-408450cd3463/text'
[DEBUG] Using open Channel [id: 0xd1d86906, L:/127.0.0.1:54062 - R:localhost/127.0.0.1:44090] for GET '/session/67c054285278ccd4a59a3c8625af4372/element/1a8696fe-7b05-4244-b4bb-408450cd3463/text'
[DEBUG] 

Request DefaultFullHttpRequest(decodeResult: success, version: HTTP/1.1, content: EmptyByteBufBE)
GET /session/67c054285278ccd4a59a3c8625af4372/element/1a8696fe-7b05-4244-b4bb-408450cd3463/text HTTP/1.1
User-Agent: selenium/4.6.0 (java windows)
Cache-Control: no-cache
Content-Type: application/json; charset=utf-8
host: localhost:44090
accept: */*

Response DefaultHttpResponse(decodeResult: success, version: HTTP/1.1)
HTTP/1.1 200 OK
Content-Type: application/json; charset=utf-8
cache-control: no-cache
content-length: 21

[DEBUG] Adding key: http://localhost:44090 for channel [id: 0xd1d86906, L:/127.0.0.1:54062 - R:localhost/127.0.0.1:44090]
[DEBUG] Using pooled Channel '[id: 0xd1d86906, L:/127.0.0.1:54062 - R:localhost/127.0.0.1:44090]' for 'POST' to 'http://localhost:44090/session/67c054285278ccd4a59a3c8625af4372/elements'
[DEBUG] Using open Channel [id: 0xd1d86906, L:/127.0.0.1:54062 - R:localhost/127.0.0.1:44090] for POST '/session/67c054285278ccd4a59a3c8625af4372/elements'
[DEBUG] 

Request DefaultHttpRequest(decodeResult: success, version: HTTP/1.1)
POST /session/67c054285278ccd4a59a3c8625af4372/elements HTTP/1.1
User-Agent: selenium/4.6.0 (java windows)
Content-Length: 129
Content-Type: application/json; charset=utf-8
host: localhost:44090
accept: */*

Response DefaultHttpResponse(decodeResult: success, version: HTTP/1.1)
HTTP/1.1 200 OK
Content-Type: application/json; charset=utf-8
cache-control: no-cache
content-length: 90

[DEBUG] Adding key: http://localhost:44090 for channel [id: 0xd1d86906, L:/127.0.0.1:54062 - R:localhost/127.0.0.1:44090]
[DEBUG] Using pooled Channel '[id: 0xd1d86906, L:/127.0.0.1:54062 - R:localhost/127.0.0.1:44090]' for 'GET' to 'http://localhost:44090/session/67c054285278ccd4a59a3c8625af4372/element/5892346e-7ee2-4e5a-aae1-041c7c1cf824/text'
[DEBUG] Using open Channel [id: 0xd1d86906, L:/127.0.0.1:54062 - R:localhost/127.0.0.1:44090] for GET '/session/67c054285278ccd4a59a3c8625af4372/element/5892346e-7ee2-4e5a-aae1-041c7c1cf824/text'
[DEBUG] 

Request DefaultFullHttpRequest(decodeResult: success, version: HTTP/1.1, content: EmptyByteBufBE)
GET /session/67c054285278ccd4a59a3c8625af4372/element/5892346e-7ee2-4e5a-aae1-041c7c1cf824/text HTTP/1.1
User-Agent: selenium/4.6.0 (java windows)
Cache-Control: no-cache
Content-Type: application/json; charset=utf-8
host: localhost:44090
accept: */*

Response DefaultHttpResponse(decodeResult: success, version: HTTP/1.1)
HTTP/1.1 200 OK
Content-Type: application/json; charset=utf-8
cache-control: no-cache
content-length: 58

[DEBUG] Adding key: http://localhost:44090 for channel [id: 0xd1d86906, L:/127.0.0.1:54062 - R:localhost/127.0.0.1:44090]
[DEBUG] Using pooled Channel '[id: 0xd1d86906, L:/127.0.0.1:54062 - R:localhost/127.0.0.1:44090]' for 'POST' to 'http://localhost:44090/session/67c054285278ccd4a59a3c8625af4372/elements'
[DEBUG] Using open Channel [id: 0xd1d86906, L:/127.0.0.1:54062 - R:localhost/127.0.0.1:44090] for POST '/session/67c054285278ccd4a59a3c8625af4372/elements'
[DEBUG] 

Request DefaultHttpRequest(decodeResult: success, version: HTTP/1.1)
POST /session/67c054285278ccd4a59a3c8625af4372/elements HTTP/1.1
User-Agent: selenium/4.6.0 (java windows)
Content-Length: 129
Content-Type: application/json; charset=utf-8
host: localhost:44090
accept: */*

Response DefaultHttpResponse(decodeResult: success, version: HTTP/1.1)
HTTP/1.1 200 OK
Content-Type: application/json; charset=utf-8
cache-control: no-cache
content-length: 90

[DEBUG] Adding key: http://localhost:44090 for channel [id: 0xd1d86906, L:/127.0.0.1:54062 - R:localhost/127.0.0.1:44090]
[DEBUG] Using pooled Channel '[id: 0xd1d86906, L:/127.0.0.1:54062 - R:localhost/127.0.0.1:44090]' for 'GET' to 'http://localhost:44090/session/67c054285278ccd4a59a3c8625af4372/element/5e1b1fbd-9916-43bd-9cd3-70e4c8e9bdb1/text'
[DEBUG] Using open Channel [id: 0xd1d86906, L:/127.0.0.1:54062 - R:localhost/127.0.0.1:44090] for GET '/session/67c054285278ccd4a59a3c8625af4372/element/5e1b1fbd-9916-43bd-9cd3-70e4c8e9bdb1/text'
[DEBUG] 

Request DefaultFullHttpRequest(decodeResult: success, version: HTTP/1.1, content: EmptyByteBufBE)
GET /session/67c054285278ccd4a59a3c8625af4372/element/5e1b1fbd-9916-43bd-9cd3-70e4c8e9bdb1/text HTTP/1.1
User-Agent: selenium/4.6.0 (java windows)
Cache-Control: no-cache
Content-Type: application/json; charset=utf-8
host: localhost:44090
accept: */*

Response DefaultHttpResponse(decodeResult: success, version: HTTP/1.1)
HTTP/1.1 200 OK
Content-Type: application/json; charset=utf-8
cache-control: no-cache
content-length: 28

[DEBUG] Adding key: http://localhost:44090 for channel [id: 0xd1d86906, L:/127.0.0.1:54062 - R:localhost/127.0.0.1:44090]
[DEBUG] Using pooled Channel '[id: 0xd1d86906, L:/127.0.0.1:54062 - R:localhost/127.0.0.1:44090]' for 'POST' to 'http://localhost:44090/session/67c054285278ccd4a59a3c8625af4372/element'
[DEBUG] Using open Channel [id: 0xd1d86906, L:/127.0.0.1:54062 - R:localhost/127.0.0.1:44090] for POST '/session/67c054285278ccd4a59a3c8625af4372/element'
[DEBUG] 

Request DefaultHttpRequest(decodeResult: success, version: HTTP/1.1)
POST /session/67c054285278ccd4a59a3c8625af4372/element HTTP/1.1
User-Agent: selenium/4.6.0 (java windows)
Content-Length: 129
Content-Type: application/json; charset=utf-8
host: localhost:44090
accept: */*

Response DefaultHttpResponse(decodeResult: success, version: HTTP/1.1)
HTTP/1.1 200 OK
Content-Type: application/json; charset=utf-8
cache-control: no-cache
content-length: 88

[DEBUG] Adding key: http://localhost:44090 for channel [id: 0xd1d86906, L:/127.0.0.1:54062 - R:localhost/127.0.0.1:44090]
[DEBUG] Using pooled Channel '[id: 0xd1d86906, L:/127.0.0.1:54062 - R:localhost/127.0.0.1:44090]' for 'GET' to 'http://localhost:44090/session/67c054285278ccd4a59a3c8625af4372/element/ca7f7f7c-83ed-46e3-ae88-7bf1b4603513/text'
[DEBUG] Using open Channel [id: 0xd1d86906, L:/127.0.0.1:54062 - R:localhost/127.0.0.1:44090] for GET '/session/67c054285278ccd4a59a3c8625af4372/element/ca7f7f7c-83ed-46e3-ae88-7bf1b4603513/text'
[DEBUG] 

Request DefaultFullHttpRequest(decodeResult: success, version: HTTP/1.1, content: EmptyByteBufBE)
GET /session/67c054285278ccd4a59a3c8625af4372/element/ca7f7f7c-83ed-46e3-ae88-7bf1b4603513/text HTTP/1.1
User-Agent: selenium/4.6.0 (java windows)
Cache-Control: no-cache
Content-Type: application/json; charset=utf-8
host: localhost:44090
accept: */*

Response DefaultHttpResponse(decodeResult: success, version: HTTP/1.1)
HTTP/1.1 200 OK
Content-Type: application/json; charset=utf-8
cache-control: no-cache
content-length: 28

[DEBUG] Adding key: http://localhost:44090 for channel [id: 0xd1d86906, L:/127.0.0.1:54062 - R:localhost/127.0.0.1:44090]
[DEBUG] Using pooled Channel '[id: 0xd1d86906, L:/127.0.0.1:54062 - R:localhost/127.0.0.1:44090]' for 'POST' to 'http://localhost:44090/session/67c054285278ccd4a59a3c8625af4372/elements'
[DEBUG] Using open Channel [id: 0xd1d86906, L:/127.0.0.1:54062 - R:localhost/127.0.0.1:44090] for POST '/session/67c054285278ccd4a59a3c8625af4372/elements'
[DEBUG] 

Request DefaultHttpRequest(decodeResult: success, version: HTTP/1.1)
POST /session/67c054285278ccd4a59a3c8625af4372/elements HTTP/1.1
User-Agent: selenium/4.6.0 (java windows)
Content-Length: 129
Content-Type: application/json; charset=utf-8
host: localhost:44090
accept: */*

Response DefaultHttpResponse(decodeResult: success, version: HTTP/1.1)
HTTP/1.1 200 OK
Content-Type: application/json; charset=utf-8
cache-control: no-cache
content-length: 90

[DEBUG] Adding key: http://localhost:44090 for channel [id: 0xd1d86906, L:/127.0.0.1:54062 - R:localhost/127.0.0.1:44090]
[DEBUG] Using pooled Channel '[id: 0xd1d86906, L:/127.0.0.1:54062 - R:localhost/127.0.0.1:44090]' for 'GET' to 'http://localhost:44090/session/67c054285278ccd4a59a3c8625af4372/element/8d11cfa7-6c19-42fa-a639-83430f554c4d/text'
[DEBUG] Using open Channel [id: 0xd1d86906, L:/127.0.0.1:54062 - R:localhost/127.0.0.1:44090] for GET '/session/67c054285278ccd4a59a3c8625af4372/element/8d11cfa7-6c19-42fa-a639-83430f554c4d/text'
[DEBUG] 

Request DefaultFullHttpRequest(decodeResult: success, version: HTTP/1.1, content: EmptyByteBufBE)
GET /session/67c054285278ccd4a59a3c8625af4372/element/8d11cfa7-6c19-42fa-a639-83430f554c4d/text HTTP/1.1
User-Agent: selenium/4.6.0 (java windows)
Cache-Control: no-cache
Content-Type: application/json; charset=utf-8
host: localhost:44090
accept: */*

Response DefaultHttpResponse(decodeResult: success, version: HTTP/1.1)
HTTP/1.1 200 OK
Content-Type: application/json; charset=utf-8
cache-control: no-cache
content-length: 23

[DEBUG] Adding key: http://localhost:44090 for channel [id: 0xd1d86906, L:/127.0.0.1:54062 - R:localhost/127.0.0.1:44090]
[DEBUG] Using pooled Channel '[id: 0xd1d86906, L:/127.0.0.1:54062 - R:localhost/127.0.0.1:44090]' for 'POST' to 'http://localhost:44090/session/67c054285278ccd4a59a3c8625af4372/elements'
[DEBUG] Using open Channel [id: 0xd1d86906, L:/127.0.0.1:54062 - R:localhost/127.0.0.1:44090] for POST '/session/67c054285278ccd4a59a3c8625af4372/elements'
[DEBUG] 

Request DefaultHttpRequest(decodeResult: success, version: HTTP/1.1)
POST /session/67c054285278ccd4a59a3c8625af4372/elements HTTP/1.1
User-Agent: selenium/4.6.0 (java windows)
Content-Length: 129
Content-Type: application/json; charset=utf-8
host: localhost:44090
accept: */*

Response DefaultHttpResponse(decodeResult: success, version: HTTP/1.1)
HTTP/1.1 200 OK
Content-Type: application/json; charset=utf-8
cache-control: no-cache
content-length: 90

[DEBUG] Adding key: http://localhost:44090 for channel [id: 0xd1d86906, L:/127.0.0.1:54062 - R:localhost/127.0.0.1:44090]
[DEBUG] Using pooled Channel '[id: 0xd1d86906, L:/127.0.0.1:54062 - R:localhost/127.0.0.1:44090]' for 'GET' to 'http://localhost:44090/session/67c054285278ccd4a59a3c8625af4372/element/80f05155-d45d-463e-bfc8-bc9eea496ea9/text'
[DEBUG] Using open Channel [id: 0xd1d86906, L:/127.0.0.1:54062 - R:localhost/127.0.0.1:44090] for GET '/session/67c054285278ccd4a59a3c8625af4372/element/80f05155-d45d-463e-bfc8-bc9eea496ea9/text'
[DEBUG] 

Request DefaultFullHttpRequest(decodeResult: success, version: HTTP/1.1, content: EmptyByteBufBE)
GET /session/67c054285278ccd4a59a3c8625af4372/element/80f05155-d45d-463e-bfc8-bc9eea496ea9/text HTTP/1.1
User-Agent: selenium/4.6.0 (java windows)
Cache-Control: no-cache
Content-Type: application/json; charset=utf-8
host: localhost:44090
accept: */*

Response DefaultHttpResponse(decodeResult: success, version: HTTP/1.1)
HTTP/1.1 200 OK
Content-Type: application/json; charset=utf-8
cache-control: no-cache
content-length: 20

[DEBUG] Adding key: http://localhost:44090 for channel [id: 0xd1d86906, L:/127.0.0.1:54062 - R:localhost/127.0.0.1:44090]
[DEBUG] Using pooled Channel '[id: 0xd1d86906, L:/127.0.0.1:54062 - R:localhost/127.0.0.1:44090]' for 'POST' to 'http://localhost:44090/session/67c054285278ccd4a59a3c8625af4372/elements'
[DEBUG] Using open Channel [id: 0xd1d86906, L:/127.0.0.1:54062 - R:localhost/127.0.0.1:44090] for POST '/session/67c054285278ccd4a59a3c8625af4372/elements'
[DEBUG] 

Request DefaultHttpRequest(decodeResult: success, version: HTTP/1.1)
POST /session/67c054285278ccd4a59a3c8625af4372/elements HTTP/1.1
User-Agent: selenium/4.6.0 (java windows)
Content-Length: 129
Content-Type: application/json; charset=utf-8
host: localhost:44090
accept: */*

Response DefaultHttpResponse(decodeResult: success, version: HTTP/1.1)
HTTP/1.1 200 OK
Content-Type: application/json; charset=utf-8
cache-control: no-cache
content-length: 90

[DEBUG] Adding key: http://localhost:44090 for channel [id: 0xd1d86906, L:/127.0.0.1:54062 - R:localhost/127.0.0.1:44090]
[DEBUG] Using pooled Channel '[id: 0xd1d86906, L:/127.0.0.1:54062 - R:localhost/127.0.0.1:44090]' for 'GET' to 'http://localhost:44090/session/67c054285278ccd4a59a3c8625af4372/element/970f1287-80b7-42b6-85e0-9d8468ae9487/text'
[DEBUG] Using open Channel [id: 0xd1d86906, L:/127.0.0.1:54062 - R:localhost/127.0.0.1:44090] for GET '/session/67c054285278ccd4a59a3c8625af4372/element/970f1287-80b7-42b6-85e0-9d8468ae9487/text'
[DEBUG] 

Request DefaultFullHttpRequest(decodeResult: success, version: HTTP/1.1, content: EmptyByteBufBE)
GET /session/67c054285278ccd4a59a3c8625af4372/element/970f1287-80b7-42b6-85e0-9d8468ae9487/text HTTP/1.1
User-Agent: selenium/4.6.0 (java windows)
Cache-Control: no-cache
Content-Type: application/json; charset=utf-8
host: localhost:44090
accept: */*

Response DefaultHttpResponse(decodeResult: success, version: HTTP/1.1)
HTTP/1.1 200 OK
Content-Type: application/json; charset=utf-8
cache-control: no-cache
content-length: 28

[DEBUG] Adding key: http://localhost:44090 for channel [id: 0xd1d86906, L:/127.0.0.1:54062 - R:localhost/127.0.0.1:44090]
[DEBUG] Using pooled Channel '[id: 0xd1d86906, L:/127.0.0.1:54062 - R:localhost/127.0.0.1:44090]' for 'POST' to 'http://localhost:44090/session/67c054285278ccd4a59a3c8625af4372/elements'
[DEBUG] Using open Channel [id: 0xd1d86906, L:/127.0.0.1:54062 - R:localhost/127.0.0.1:44090] for POST '/session/67c054285278ccd4a59a3c8625af4372/elements'
[DEBUG] 

Request DefaultHttpRequest(decodeResult: success, version: HTTP/1.1)
POST /session/67c054285278ccd4a59a3c8625af4372/elements HTTP/1.1
User-Agent: selenium/4.6.0 (java windows)
Content-Length: 129
Content-Type: application/json; charset=utf-8
host: localhost:44090
accept: */*

Response DefaultHttpResponse(decodeResult: success, version: HTTP/1.1)
HTTP/1.1 200 OK
Content-Type: application/json; charset=utf-8
cache-control: no-cache
content-length: 90

[DEBUG] Adding key: http://localhost:44090 for channel [id: 0xd1d86906, L:/127.0.0.1:54062 - R:localhost/127.0.0.1:44090]
[DEBUG] Using pooled Channel '[id: 0xd1d86906, L:/127.0.0.1:54062 - R:localhost/127.0.0.1:44090]' for 'GET' to 'http://localhost:44090/session/67c054285278ccd4a59a3c8625af4372/element/ca7f7f7c-83ed-46e3-ae88-7bf1b4603513/text'
[DEBUG] Using open Channel [id: 0xd1d86906, L:/127.0.0.1:54062 - R:localhost/127.0.0.1:44090] for GET '/session/67c054285278ccd4a59a3c8625af4372/element/ca7f7f7c-83ed-46e3-ae88-7bf1b4603513/text'
[DEBUG] 

Request DefaultFullHttpRequest(decodeResult: success, version: HTTP/1.1, content: EmptyByteBufBE)
GET /session/67c054285278ccd4a59a3c8625af4372/element/ca7f7f7c-83ed-46e3-ae88-7bf1b4603513/text HTTP/1.1
User-Agent: selenium/4.6.0 (java windows)
Cache-Control: no-cache
Content-Type: application/json; charset=utf-8
host: localhost:44090
accept: */*

Response DefaultHttpResponse(decodeResult: success, version: HTTP/1.1)
HTTP/1.1 200 OK
Content-Type: application/json; charset=utf-8
cache-control: no-cache
content-length: 28

[DEBUG] Adding key: http://localhost:44090 for channel [id: 0xd1d86906, L:/127.0.0.1:54062 - R:localhost/127.0.0.1:44090]
[DEBUG] Using pooled Channel '[id: 0xd1d86906, L:/127.0.0.1:54062 - R:localhost/127.0.0.1:44090]' for 'POST' to 'http://localhost:44090/session/67c054285278ccd4a59a3c8625af4372/element'
[DEBUG] Using open Channel [id: 0xd1d86906, L:/127.0.0.1:54062 - R:localhost/127.0.0.1:44090] for POST '/session/67c054285278ccd4a59a3c8625af4372/element'
[DEBUG] 

Request DefaultHttpRequest(decodeResult: success, version: HTTP/1.1)
POST /session/67c054285278ccd4a59a3c8625af4372/element HTTP/1.1
User-Agent: selenium/4.6.0 (java windows)
Content-Length: 129
Content-Type: application/json; charset=utf-8
host: localhost:44090
accept: */*

Response DefaultHttpResponse(decodeResult: success, version: HTTP/1.1)
HTTP/1.1 200 OK
Content-Type: application/json; charset=utf-8
cache-control: no-cache
content-length: 88

[DEBUG] Adding key: http://localhost:44090 for channel [id: 0xd1d86906, L:/127.0.0.1:54062 - R:localhost/127.0.0.1:44090]
[DEBUG] Using pooled Channel '[id: 0xd1d86906, L:/127.0.0.1:54062 - R:localhost/127.0.0.1:44090]' for 'GET' to 'http://localhost:44090/session/67c054285278ccd4a59a3c8625af4372/element/e13cb251-5d47-4b3c-a575-ba811e47d14b/text'
[DEBUG] Using open Channel [id: 0xd1d86906, L:/127.0.0.1:54062 - R:localhost/127.0.0.1:44090] for GET '/session/67c054285278ccd4a59a3c8625af4372/element/e13cb251-5d47-4b3c-a575-ba811e47d14b/text'
[DEBUG] 

Request DefaultFullHttpRequest(decodeResult: success, version: HTTP/1.1, content: EmptyByteBufBE)
GET /session/67c054285278ccd4a59a3c8625af4372/element/e13cb251-5d47-4b3c-a575-ba811e47d14b/text HTTP/1.1
User-Agent: selenium/4.6.0 (java windows)
Cache-Control: no-cache
Content-Type: application/json; charset=utf-8
host: localhost:44090
accept: */*

Response DefaultHttpResponse(decodeResult: success, version: HTTP/1.1)
HTTP/1.1 200 OK
Content-Type: application/json; charset=utf-8
cache-control: no-cache
content-length: 26

[DEBUG] Adding key: http://localhost:44090 for channel [id: 0xd1d86906, L:/127.0.0.1:54062 - R:localhost/127.0.0.1:44090]
[DEBUG] Using pooled Channel '[id: 0xd1d86906, L:/127.0.0.1:54062 - R:localhost/127.0.0.1:44090]' for 'POST' to 'http://localhost:44090/session/67c054285278ccd4a59a3c8625af4372/element'
[DEBUG] Using open Channel [id: 0xd1d86906, L:/127.0.0.1:54062 - R:localhost/127.0.0.1:44090] for POST '/session/67c054285278ccd4a59a3c8625af4372/element'
[DEBUG] 

Request DefaultHttpRequest(decodeResult: success, version: HTTP/1.1)
POST /session/67c054285278ccd4a59a3c8625af4372/element HTTP/1.1
User-Agent: selenium/4.6.0 (java windows)
Content-Length: 129
Content-Type: application/json; charset=utf-8
host: localhost:44090
accept: */*

Response DefaultHttpResponse(decodeResult: success, version: HTTP/1.1)
HTTP/1.1 200 OK
Content-Type: application/json; charset=utf-8
cache-control: no-cache
content-length: 88

[DEBUG] Adding key: http://localhost:44090 for channel [id: 0xd1d86906, L:/127.0.0.1:54062 - R:localhost/127.0.0.1:44090]
[DEBUG] Using pooled Channel '[id: 0xd1d86906, L:/127.0.0.1:54062 - R:localhost/127.0.0.1:44090]' for 'GET' to 'http://localhost:44090/session/67c054285278ccd4a59a3c8625af4372/element/a7c7f7a8-a904-455b-b00b-3872813bc57f/text'
[DEBUG] Using open Channel [id: 0xd1d86906, L:/127.0.0.1:54062 - R:localhost/127.0.0.1:44090] for GET '/session/67c054285278ccd4a59a3c8625af4372/element/a7c7f7a8-a904-455b-b00b-3872813bc57f/text'
[DEBUG] 

Request DefaultFullHttpRequest(decodeResult: success, version: HTTP/1.1, content: EmptyByteBufBE)
GET /session/67c054285278ccd4a59a3c8625af4372/element/a7c7f7a8-a904-455b-b00b-3872813bc57f/text HTTP/1.1
User-Agent: selenium/4.6.0 (java windows)
Cache-Control: no-cache
Content-Type: application/json; charset=utf-8
host: localhost:44090
accept: */*

Response DefaultHttpResponse(decodeResult: success, version: HTTP/1.1)
HTTP/1.1 200 OK
Content-Type: application/json; charset=utf-8
cache-control: no-cache
content-length: 26

[DEBUG] Adding key: http://localhost:44090 for channel [id: 0xd1d86906, L:/127.0.0.1:54062 - R:localhost/127.0.0.1:44090]
[DEBUG] Using pooled Channel '[id: 0xd1d86906, L:/127.0.0.1:54062 - R:localhost/127.0.0.1:44090]' for 'POST' to 'http://localhost:44090/session/67c054285278ccd4a59a3c8625af4372/element'
[DEBUG] Using open Channel [id: 0xd1d86906, L:/127.0.0.1:54062 - R:localhost/127.0.0.1:44090] for POST '/session/67c054285278ccd4a59a3c8625af4372/element'
[DEBUG] 

Request DefaultHttpRequest(decodeResult: success, version: HTTP/1.1)
POST /session/67c054285278ccd4a59a3c8625af4372/element HTTP/1.1
User-Agent: selenium/4.6.0 (java windows)
Content-Length: 129
Content-Type: application/json; charset=utf-8
host: localhost:44090
accept: */*

Response DefaultHttpResponse(decodeResult: success, version: HTTP/1.1)
HTTP/1.1 200 OK
Content-Type: application/json; charset=utf-8
cache-control: no-cache
content-length: 88

[DEBUG] Adding key: http://localhost:44090 for channel [id: 0xd1d86906, L:/127.0.0.1:54062 - R:localhost/127.0.0.1:44090]
[DEBUG] Using pooled Channel '[id: 0xd1d86906, L:/127.0.0.1:54062 - R:localhost/127.0.0.1:44090]' for 'GET' to 'http://localhost:44090/session/67c054285278ccd4a59a3c8625af4372/element/a5468868-ad07-4d3e-9e36-3f8f2e7d5fb1/text'
[DEBUG] Using open Channel [id: 0xd1d86906, L:/127.0.0.1:54062 - R:localhost/127.0.0.1:44090] for GET '/session/67c054285278ccd4a59a3c8625af4372/element/a5468868-ad07-4d3e-9e36-3f8f2e7d5fb1/text'
[DEBUG] 

Request DefaultFullHttpRequest(decodeResult: success, version: HTTP/1.1, content: EmptyByteBufBE)
GET /session/67c054285278ccd4a59a3c8625af4372/element/a5468868-ad07-4d3e-9e36-3f8f2e7d5fb1/text HTTP/1.1
User-Agent: selenium/4.6.0 (java windows)
Cache-Control: no-cache
Content-Type: application/json; charset=utf-8
host: localhost:44090
accept: */*

Response DefaultHttpResponse(decodeResult: success, version: HTTP/1.1)
HTTP/1.1 200 OK
Content-Type: application/json; charset=utf-8
cache-control: no-cache
content-length: 28

[DEBUG] Adding key: http://localhost:44090 for channel [id: 0xd1d86906, L:/127.0.0.1:54062 - R:localhost/127.0.0.1:44090]
[DEBUG] Using pooled Channel '[id: 0xd1d86906, L:/127.0.0.1:54062 - R:localhost/127.0.0.1:44090]' for 'POST' to 'http://localhost:44090/session/67c054285278ccd4a59a3c8625af4372/elements'
[DEBUG] Using open Channel [id: 0xd1d86906, L:/127.0.0.1:54062 - R:localhost/127.0.0.1:44090] for POST '/session/67c054285278ccd4a59a3c8625af4372/elements'
[DEBUG] 

Request DefaultHttpRequest(decodeResult: success, version: HTTP/1.1)
POST /session/67c054285278ccd4a59a3c8625af4372/elements HTTP/1.1
User-Agent: selenium/4.6.0 (java windows)
Content-Length: 129
Content-Type: application/json; charset=utf-8
host: localhost:44090
accept: */*

Response DefaultHttpResponse(decodeResult: success, version: HTTP/1.1)
HTTP/1.1 200 OK
Content-Type: application/json; charset=utf-8
cache-control: no-cache
content-length: 90

[DEBUG] Adding key: http://localhost:44090 for channel [id: 0xd1d86906, L:/127.0.0.1:54062 - R:localhost/127.0.0.1:44090]
[DEBUG] Using pooled Channel '[id: 0xd1d86906, L:/127.0.0.1:54062 - R:localhost/127.0.0.1:44090]' for 'GET' to 'http://localhost:44090/session/67c054285278ccd4a59a3c8625af4372/element/080a5c56-ae53-4152-90f4-b190b924a49b/text'
[DEBUG] Using open Channel [id: 0xd1d86906, L:/127.0.0.1:54062 - R:localhost/127.0.0.1:44090] for GET '/session/67c054285278ccd4a59a3c8625af4372/element/080a5c56-ae53-4152-90f4-b190b924a49b/text'
[DEBUG] 

Request DefaultFullHttpRequest(decodeResult: success, version: HTTP/1.1, content: EmptyByteBufBE)
GET /session/67c054285278ccd4a59a3c8625af4372/element/080a5c56-ae53-4152-90f4-b190b924a49b/text HTTP/1.1
User-Agent: selenium/4.6.0 (java windows)
Cache-Control: no-cache
Content-Type: application/json; charset=utf-8
host: localhost:44090
accept: */*

Response DefaultHttpResponse(decodeResult: success, version: HTTP/1.1)
HTTP/1.1 200 OK
Content-Type: application/json; charset=utf-8
cache-control: no-cache
content-length: 23

[DEBUG] Adding key: http://localhost:44090 for channel [id: 0xd1d86906, L:/127.0.0.1:54062 - R:localhost/127.0.0.1:44090]
[DEBUG] Using pooled Channel '[id: 0xd1d86906, L:/127.0.0.1:54062 - R:localhost/127.0.0.1:44090]' for 'POST' to 'http://localhost:44090/session/67c054285278ccd4a59a3c8625af4372/elements'
[DEBUG] Using open Channel [id: 0xd1d86906, L:/127.0.0.1:54062 - R:localhost/127.0.0.1:44090] for POST '/session/67c054285278ccd4a59a3c8625af4372/elements'
[DEBUG] 

Request DefaultHttpRequest(decodeResult: success, version: HTTP/1.1)
POST /session/67c054285278ccd4a59a3c8625af4372/elements HTTP/1.1
User-Agent: selenium/4.6.0 (java windows)
Content-Length: 129
Content-Type: application/json; charset=utf-8
host: localhost:44090
accept: */*

Response DefaultHttpResponse(decodeResult: success, version: HTTP/1.1)
HTTP/1.1 200 OK
Content-Type: application/json; charset=utf-8
cache-control: no-cache
content-length: 90

[DEBUG] Adding key: http://localhost:44090 for channel [id: 0xd1d86906, L:/127.0.0.1:54062 - R:localhost/127.0.0.1:44090]
[DEBUG] Using pooled Channel '[id: 0xd1d86906, L:/127.0.0.1:54062 - R:localhost/127.0.0.1:44090]' for 'GET' to 'http://localhost:44090/session/67c054285278ccd4a59a3c8625af4372/element/996f3e63-857e-42d9-8514-612baba28813/text'
[DEBUG] Using open Channel [id: 0xd1d86906, L:/127.0.0.1:54062 - R:localhost/127.0.0.1:44090] for GET '/session/67c054285278ccd4a59a3c8625af4372/element/996f3e63-857e-42d9-8514-612baba28813/text'
[DEBUG] 

Request DefaultFullHttpRequest(decodeResult: success, version: HTTP/1.1, content: EmptyByteBufBE)
GET /session/67c054285278ccd4a59a3c8625af4372/element/996f3e63-857e-42d9-8514-612baba28813/text HTTP/1.1
User-Agent: selenium/4.6.0 (java windows)
Cache-Control: no-cache
Content-Type: application/json; charset=utf-8
host: localhost:44090
accept: */*

Response DefaultHttpResponse(decodeResult: success, version: HTTP/1.1)
HTTP/1.1 200 OK
Content-Type: application/json; charset=utf-8
cache-control: no-cache
content-length: 19

[DEBUG] Adding key: http://localhost:44090 for channel [id: 0xd1d86906, L:/127.0.0.1:54062 - R:localhost/127.0.0.1:44090]
[DEBUG] Using pooled Channel '[id: 0xd1d86906, L:/127.0.0.1:54062 - R:localhost/127.0.0.1:44090]' for 'POST' to 'http://localhost:44090/session/67c054285278ccd4a59a3c8625af4372/elements'
[DEBUG] Using open Channel [id: 0xd1d86906, L:/127.0.0.1:54062 - R:localhost/127.0.0.1:44090] for POST '/session/67c054285278ccd4a59a3c8625af4372/elements'
[DEBUG] 

Request DefaultHttpRequest(decodeResult: success, version: HTTP/1.1)
POST /session/67c054285278ccd4a59a3c8625af4372/elements HTTP/1.1
User-Agent: selenium/4.6.0 (java windows)
Content-Length: 129
Content-Type: application/json; charset=utf-8
host: localhost:44090
accept: */*

Response DefaultHttpResponse(decodeResult: success, version: HTTP/1.1)
HTTP/1.1 200 OK
Content-Type: application/json; charset=utf-8
cache-control: no-cache
content-length: 90

[DEBUG] Adding key: http://localhost:44090 for channel [id: 0xd1d86906, L:/127.0.0.1:54062 - R:localhost/127.0.0.1:44090]
[DEBUG] Using pooled Channel '[id: 0xd1d86906, L:/127.0.0.1:54062 - R:localhost/127.0.0.1:44090]' for 'GET' to 'http://localhost:44090/session/67c054285278ccd4a59a3c8625af4372/element/42a136fa-e0e7-42fa-a9e4-061974415310/text'
[DEBUG] Using open Channel [id: 0xd1d86906, L:/127.0.0.1:54062 - R:localhost/127.0.0.1:44090] for GET '/session/67c054285278ccd4a59a3c8625af4372/element/42a136fa-e0e7-42fa-a9e4-061974415310/text'
[DEBUG] 

Request DefaultFullHttpRequest(decodeResult: success, version: HTTP/1.1, content: EmptyByteBufBE)
GET /session/67c054285278ccd4a59a3c8625af4372/element/42a136fa-e0e7-42fa-a9e4-061974415310/text HTTP/1.1
User-Agent: selenium/4.6.0 (java windows)
Cache-Control: no-cache
Content-Type: application/json; charset=utf-8
host: localhost:44090
accept: */*

Response DefaultHttpResponse(decodeResult: success, version: HTTP/1.1)
HTTP/1.1 200 OK
Content-Type: application/json; charset=utf-8
cache-control: no-cache
content-length: 57

[DEBUG] Adding key: http://localhost:44090 for channel [id: 0xd1d86906, L:/127.0.0.1:54062 - R:localhost/127.0.0.1:44090]
[DEBUG] Using pooled Channel '[id: 0xd1d86906, L:/127.0.0.1:54062 - R:localhost/127.0.0.1:44090]' for 'POST' to 'http://localhost:44090/session/67c054285278ccd4a59a3c8625af4372/elements'
[DEBUG] Using open Channel [id: 0xd1d86906, L:/127.0.0.1:54062 - R:localhost/127.0.0.1:44090] for POST '/session/67c054285278ccd4a59a3c8625af4372/elements'
[DEBUG] 

Request DefaultHttpRequest(decodeResult: success, version: HTTP/1.1)
POST /session/67c054285278ccd4a59a3c8625af4372/elements HTTP/1.1
User-Agent: selenium/4.6.0 (java windows)
Content-Length: 129
Content-Type: application/json; charset=utf-8
host: localhost:44090
accept: */*

Response DefaultHttpResponse(decodeResult: success, version: HTTP/1.1)
HTTP/1.1 200 OK
Content-Type: application/json; charset=utf-8
cache-control: no-cache
content-length: 90

[DEBUG] Adding key: http://localhost:44090 for channel [id: 0xd1d86906, L:/127.0.0.1:54062 - R:localhost/127.0.0.1:44090]
[DEBUG] Using pooled Channel '[id: 0xd1d86906, L:/127.0.0.1:54062 - R:localhost/127.0.0.1:44090]' for 'GET' to 'http://localhost:44090/session/67c054285278ccd4a59a3c8625af4372/element/a5468868-ad07-4d3e-9e36-3f8f2e7d5fb1/text'
[DEBUG] Using open Channel [id: 0xd1d86906, L:/127.0.0.1:54062 - R:localhost/127.0.0.1:44090] for GET '/session/67c054285278ccd4a59a3c8625af4372/element/a5468868-ad07-4d3e-9e36-3f8f2e7d5fb1/text'
[DEBUG] 

Request DefaultFullHttpRequest(decodeResult: success, version: HTTP/1.1, content: EmptyByteBufBE)
GET /session/67c054285278ccd4a59a3c8625af4372/element/a5468868-ad07-4d3e-9e36-3f8f2e7d5fb1/text HTTP/1.1
User-Agent: selenium/4.6.0 (java windows)
Cache-Control: no-cache
Content-Type: application/json; charset=utf-8
host: localhost:44090
accept: */*

Response DefaultHttpResponse(decodeResult: success, version: HTTP/1.1)
HTTP/1.1 200 OK
Content-Type: application/json; charset=utf-8
cache-control: no-cache
content-length: 28

[DEBUG] Adding key: http://localhost:44090 for channel [id: 0xd1d86906, L:/127.0.0.1:54062 - R:localhost/127.0.0.1:44090]
[DEBUG] Using pooled Channel '[id: 0xd1d86906, L:/127.0.0.1:54062 - R:localhost/127.0.0.1:44090]' for 'POST' to 'http://localhost:44090/session/67c054285278ccd4a59a3c8625af4372/element'
[DEBUG] Using open Channel [id: 0xd1d86906, L:/127.0.0.1:54062 - R:localhost/127.0.0.1:44090] for POST '/session/67c054285278ccd4a59a3c8625af4372/element'
[DEBUG] 

Request DefaultHttpRequest(decodeResult: success, version: HTTP/1.1)
POST /session/67c054285278ccd4a59a3c8625af4372/element HTTP/1.1
User-Agent: selenium/4.6.0 (java windows)
Content-Length: 129
Content-Type: application/json; charset=utf-8
host: localhost:44090
accept: */*

Response DefaultHttpResponse(decodeResult: success, version: HTTP/1.1)
HTTP/1.1 200 OK
Content-Type: application/json; charset=utf-8
cache-control: no-cache
content-length: 88

[DEBUG] Adding key: http://localhost:44090 for channel [id: 0xd1d86906, L:/127.0.0.1:54062 - R:localhost/127.0.0.1:44090]
[DEBUG] Using pooled Channel '[id: 0xd1d86906, L:/127.0.0.1:54062 - R:localhost/127.0.0.1:44090]' for 'GET' to 'http://localhost:44090/session/67c054285278ccd4a59a3c8625af4372/element/d26114ee-577f-4dfc-8785-ee90cebf878e/text'
[DEBUG] Using open Channel [id: 0xd1d86906, L:/127.0.0.1:54062 - R:localhost/127.0.0.1:44090] for GET '/session/67c054285278ccd4a59a3c8625af4372/element/d26114ee-577f-4dfc-8785-ee90cebf878e/text'
[DEBUG] 

Request DefaultFullHttpRequest(decodeResult: success, version: HTTP/1.1, content: EmptyByteBufBE)
GET /session/67c054285278ccd4a59a3c8625af4372/element/d26114ee-577f-4dfc-8785-ee90cebf878e/text HTTP/1.1
User-Agent: selenium/4.6.0 (java windows)
Cache-Control: no-cache
Content-Type: application/json; charset=utf-8
host: localhost:44090
accept: */*

Response DefaultHttpResponse(decodeResult: success, version: HTTP/1.1)
HTTP/1.1 200 OK
Content-Type: application/json; charset=utf-8
cache-control: no-cache
content-length: 28

[DEBUG] Adding key: http://localhost:44090 for channel [id: 0xd1d86906, L:/127.0.0.1:54062 - R:localhost/127.0.0.1:44090]
[DEBUG] Using pooled Channel '[id: 0xd1d86906, L:/127.0.0.1:54062 - R:localhost/127.0.0.1:44090]' for 'POST' to 'http://localhost:44090/session/67c054285278ccd4a59a3c8625af4372/elements'
[DEBUG] Using open Channel [id: 0xd1d86906, L:/127.0.0.1:54062 - R:localhost/127.0.0.1:44090] for POST '/session/67c054285278ccd4a59a3c8625af4372/elements'
[DEBUG] 

Request DefaultHttpRequest(decodeResult: success, version: HTTP/1.1)
POST /session/67c054285278ccd4a59a3c8625af4372/elements HTTP/1.1
User-Agent: selenium/4.6.0 (java windows)
Content-Length: 129
Content-Type: application/json; charset=utf-8
host: localhost:44090
accept: */*

Response DefaultHttpResponse(decodeResult: success, version: HTTP/1.1)
HTTP/1.1 200 OK
Content-Type: application/json; charset=utf-8
cache-control: no-cache
content-length: 90

[DEBUG] Adding key: http://localhost:44090 for channel [id: 0xd1d86906, L:/127.0.0.1:54062 - R:localhost/127.0.0.1:44090]
[DEBUG] Using pooled Channel '[id: 0xd1d86906, L:/127.0.0.1:54062 - R:localhost/127.0.0.1:44090]' for 'GET' to 'http://localhost:44090/session/67c054285278ccd4a59a3c8625af4372/element/edc13973-abb5-430b-b355-ca822665ce3e/text'
[DEBUG] Using open Channel [id: 0xd1d86906, L:/127.0.0.1:54062 - R:localhost/127.0.0.1:44090] for GET '/session/67c054285278ccd4a59a3c8625af4372/element/edc13973-abb5-430b-b355-ca822665ce3e/text'
[DEBUG] 

Request DefaultFullHttpRequest(decodeResult: success, version: HTTP/1.1, content: EmptyByteBufBE)
GET /session/67c054285278ccd4a59a3c8625af4372/element/edc13973-abb5-430b-b355-ca822665ce3e/text HTTP/1.1
User-Agent: selenium/4.6.0 (java windows)
Cache-Control: no-cache
Content-Type: application/json; charset=utf-8
host: localhost:44090
accept: */*

Response DefaultHttpResponse(decodeResult: success, version: HTTP/1.1)
HTTP/1.1 200 OK
Content-Type: application/json; charset=utf-8
cache-control: no-cache
content-length: 23

[DEBUG] Adding key: http://localhost:44090 for channel [id: 0xd1d86906, L:/127.0.0.1:54062 - R:localhost/127.0.0.1:44090]
[DEBUG] Using pooled Channel '[id: 0xd1d86906, L:/127.0.0.1:54062 - R:localhost/127.0.0.1:44090]' for 'POST' to 'http://localhost:44090/session/67c054285278ccd4a59a3c8625af4372/elements'
[DEBUG] Using open Channel [id: 0xd1d86906, L:/127.0.0.1:54062 - R:localhost/127.0.0.1:44090] for POST '/session/67c054285278ccd4a59a3c8625af4372/elements'
[DEBUG] 

Request DefaultHttpRequest(decodeResult: success, version: HTTP/1.1)
POST /session/67c054285278ccd4a59a3c8625af4372/elements HTTP/1.1
User-Agent: selenium/4.6.0 (java windows)
Content-Length: 129
Content-Type: application/json; charset=utf-8
host: localhost:44090
accept: */*

Response DefaultHttpResponse(decodeResult: success, version: HTTP/1.1)
HTTP/1.1 200 OK
Content-Type: application/json; charset=utf-8
cache-control: no-cache
content-length: 90

[DEBUG] Adding key: http://localhost:44090 for channel [id: 0xd1d86906, L:/127.0.0.1:54062 - R:localhost/127.0.0.1:44090]
[DEBUG] Using pooled Channel '[id: 0xd1d86906, L:/127.0.0.1:54062 - R:localhost/127.0.0.1:44090]' for 'GET' to 'http://localhost:44090/session/67c054285278ccd4a59a3c8625af4372/element/0ccbb47d-dc60-4735-8bfd-4ac5c24fdef1/text'
[DEBUG] Using open Channel [id: 0xd1d86906, L:/127.0.0.1:54062 - R:localhost/127.0.0.1:44090] for GET '/session/67c054285278ccd4a59a3c8625af4372/element/0ccbb47d-dc60-4735-8bfd-4ac5c24fdef1/text'
[DEBUG] 

Request DefaultFullHttpRequest(decodeResult: success, version: HTTP/1.1, content: EmptyByteBufBE)
GET /session/67c054285278ccd4a59a3c8625af4372/element/0ccbb47d-dc60-4735-8bfd-4ac5c24fdef1/text HTTP/1.1
User-Agent: selenium/4.6.0 (java windows)
Cache-Control: no-cache
Content-Type: application/json; charset=utf-8
host: localhost:44090
accept: */*

Response DefaultHttpResponse(decodeResult: success, version: HTTP/1.1)
HTTP/1.1 200 OK
Content-Type: application/json; charset=utf-8
cache-control: no-cache
content-length: 18

[DEBUG] Adding key: http://localhost:44090 for channel [id: 0xd1d86906, L:/127.0.0.1:54062 - R:localhost/127.0.0.1:44090]
[DEBUG] Using pooled Channel '[id: 0xd1d86906, L:/127.0.0.1:54062 - R:localhost/127.0.0.1:44090]' for 'POST' to 'http://localhost:44090/session/67c054285278ccd4a59a3c8625af4372/elements'
[DEBUG] Using open Channel [id: 0xd1d86906, L:/127.0.0.1:54062 - R:localhost/127.0.0.1:44090] for POST '/session/67c054285278ccd4a59a3c8625af4372/elements'
[DEBUG] 

Request DefaultHttpRequest(decodeResult: success, version: HTTP/1.1)
POST /session/67c054285278ccd4a59a3c8625af4372/elements HTTP/1.1
User-Agent: selenium/4.6.0 (java windows)
Content-Length: 129
Content-Type: application/json; charset=utf-8
host: localhost:44090
accept: */*

Response DefaultHttpResponse(decodeResult: success, version: HTTP/1.1)
HTTP/1.1 200 OK
Content-Type: application/json; charset=utf-8
cache-control: no-cache
content-length: 90

[DEBUG] Adding key: http://localhost:44090 for channel [id: 0xd1d86906, L:/127.0.0.1:54062 - R:localhost/127.0.0.1:44090]
[DEBUG] Using pooled Channel '[id: 0xd1d86906, L:/127.0.0.1:54062 - R:localhost/127.0.0.1:44090]' for 'GET' to 'http://localhost:44090/session/67c054285278ccd4a59a3c8625af4372/element/81129c3f-b0cc-43d7-8bef-08f0e35b740e/text'
[DEBUG] Using open Channel [id: 0xd1d86906, L:/127.0.0.1:54062 - R:localhost/127.0.0.1:44090] for GET '/session/67c054285278ccd4a59a3c8625af4372/element/81129c3f-b0cc-43d7-8bef-08f0e35b740e/text'
[DEBUG] 

Request DefaultFullHttpRequest(decodeResult: success, version: HTTP/1.1, content: EmptyByteBufBE)
GET /session/67c054285278ccd4a59a3c8625af4372/element/81129c3f-b0cc-43d7-8bef-08f0e35b740e/text HTTP/1.1
User-Agent: selenium/4.6.0 (java windows)
Cache-Control: no-cache
Content-Type: application/json; charset=utf-8
host: localhost:44090
accept: */*

Response DefaultHttpResponse(decodeResult: success, version: HTTP/1.1)
HTTP/1.1 200 OK
Content-Type: application/json; charset=utf-8
cache-control: no-cache
content-length: 41

[DEBUG] Adding key: http://localhost:44090 for channel [id: 0xd1d86906, L:/127.0.0.1:54062 - R:localhost/127.0.0.1:44090]
[DEBUG] Using pooled Channel '[id: 0xd1d86906, L:/127.0.0.1:54062 - R:localhost/127.0.0.1:44090]' for 'POST' to 'http://localhost:44090/session/67c054285278ccd4a59a3c8625af4372/elements'
[DEBUG] Using open Channel [id: 0xd1d86906, L:/127.0.0.1:54062 - R:localhost/127.0.0.1:44090] for POST '/session/67c054285278ccd4a59a3c8625af4372/elements'
[DEBUG] 

Request DefaultHttpRequest(decodeResult: success, version: HTTP/1.1)
POST /session/67c054285278ccd4a59a3c8625af4372/elements HTTP/1.1
User-Agent: selenium/4.6.0 (java windows)
Content-Length: 129
Content-Type: application/json; charset=utf-8
host: localhost:44090
accept: */*

Response DefaultHttpResponse(decodeResult: success, version: HTTP/1.1)
HTTP/1.1 200 OK
Content-Type: application/json; charset=utf-8
cache-control: no-cache
content-length: 90

[DEBUG] Adding key: http://localhost:44090 for channel [id: 0xd1d86906, L:/127.0.0.1:54062 - R:localhost/127.0.0.1:44090]
[DEBUG] Using pooled Channel '[id: 0xd1d86906, L:/127.0.0.1:54062 - R:localhost/127.0.0.1:44090]' for 'GET' to 'http://localhost:44090/session/67c054285278ccd4a59a3c8625af4372/element/d26114ee-577f-4dfc-8785-ee90cebf878e/text'
[DEBUG] Using open Channel [id: 0xd1d86906, L:/127.0.0.1:54062 - R:localhost/127.0.0.1:44090] for GET '/session/67c054285278ccd4a59a3c8625af4372/element/d26114ee-577f-4dfc-8785-ee90cebf878e/text'
[DEBUG] 

Request DefaultFullHttpRequest(decodeResult: success, version: HTTP/1.1, content: EmptyByteBufBE)
GET /session/67c054285278ccd4a59a3c8625af4372/element/d26114ee-577f-4dfc-8785-ee90cebf878e/text HTTP/1.1
User-Agent: selenium/4.6.0 (java windows)
Cache-Control: no-cache
Content-Type: application/json; charset=utf-8
host: localhost:44090
accept: */*

Response DefaultHttpResponse(decodeResult: success, version: HTTP/1.1)
HTTP/1.1 200 OK
Content-Type: application/json; charset=utf-8
cache-control: no-cache
content-length: 28

[DEBUG] Adding key: http://localhost:44090 for channel [id: 0xd1d86906, L:/127.0.0.1:54062 - R:localhost/127.0.0.1:44090]
[DEBUG] Using pooled Channel '[id: 0xd1d86906, L:/127.0.0.1:54062 - R:localhost/127.0.0.1:44090]' for 'POST' to 'http://localhost:44090/session/67c054285278ccd4a59a3c8625af4372/element'
[DEBUG] Using open Channel [id: 0xd1d86906, L:/127.0.0.1:54062 - R:localhost/127.0.0.1:44090] for POST '/session/67c054285278ccd4a59a3c8625af4372/element'
[DEBUG] 

Request DefaultHttpRequest(decodeResult: success, version: HTTP/1.1)
POST /session/67c054285278ccd4a59a3c8625af4372/element HTTP/1.1
User-Agent: selenium/4.6.0 (java windows)
Content-Length: 129
Content-Type: application/json; charset=utf-8
host: localhost:44090
accept: */*

Response DefaultHttpResponse(decodeResult: success, version: HTTP/1.1)
HTTP/1.1 200 OK
Content-Type: application/json; charset=utf-8
cache-control: no-cache
content-length: 88

[DEBUG] Adding key: http://localhost:44090 for channel [id: 0xd1d86906, L:/127.0.0.1:54062 - R:localhost/127.0.0.1:44090]
[DEBUG] Using pooled Channel '[id: 0xd1d86906, L:/127.0.0.1:54062 - R:localhost/127.0.0.1:44090]' for 'GET' to 'http://localhost:44090/session/67c054285278ccd4a59a3c8625af4372/element/ff557526-7327-430e-8b42-6b745e6d1f0b/text'
[DEBUG] Using open Channel [id: 0xd1d86906, L:/127.0.0.1:54062 - R:localhost/127.0.0.1:44090] for GET '/session/67c054285278ccd4a59a3c8625af4372/element/ff557526-7327-430e-8b42-6b745e6d1f0b/text'
[DEBUG] 

Request DefaultFullHttpRequest(decodeResult: success, version: HTTP/1.1, content: EmptyByteBufBE)
GET /session/67c054285278ccd4a59a3c8625af4372/element/ff557526-7327-430e-8b42-6b745e6d1f0b/text HTTP/1.1
User-Agent: selenium/4.6.0 (java windows)
Cache-Control: no-cache
Content-Type: application/json; charset=utf-8
host: localhost:44090
accept: */*

Response DefaultHttpResponse(decodeResult: success, version: HTTP/1.1)
HTTP/1.1 200 OK
Content-Type: application/json; charset=utf-8
cache-control: no-cache
content-length: 28

[DEBUG] Adding key: http://localhost:44090 for channel [id: 0xd1d86906, L:/127.0.0.1:54062 - R:localhost/127.0.0.1:44090]
[DEBUG] Using pooled Channel '[id: 0xd1d86906, L:/127.0.0.1:54062 - R:localhost/127.0.0.1:44090]' for 'POST' to 'http://localhost:44090/session/67c054285278ccd4a59a3c8625af4372/elements'
[DEBUG] Using open Channel [id: 0xd1d86906, L:/127.0.0.1:54062 - R:localhost/127.0.0.1:44090] for POST '/session/67c054285278ccd4a59a3c8625af4372/elements'
[DEBUG] 

Request DefaultHttpRequest(decodeResult: success, version: HTTP/1.1)
POST /session/67c054285278ccd4a59a3c8625af4372/elements HTTP/1.1
User-Agent: selenium/4.6.0 (java windows)
Content-Length: 129
Content-Type: application/json; charset=utf-8
host: localhost:44090
accept: */*

Response DefaultHttpResponse(decodeResult: success, version: HTTP/1.1)
HTTP/1.1 200 OK
Content-Type: application/json; charset=utf-8
cache-control: no-cache
content-length: 90

[DEBUG] Adding key: http://localhost:44090 for channel [id: 0xd1d86906, L:/127.0.0.1:54062 - R:localhost/127.0.0.1:44090]
[DEBUG] Using pooled Channel '[id: 0xd1d86906, L:/127.0.0.1:54062 - R:localhost/127.0.0.1:44090]' for 'GET' to 'http://localhost:44090/session/67c054285278ccd4a59a3c8625af4372/element/573db1fa-9e0d-430b-b6c4-65165f6d90e8/text'
[DEBUG] Using open Channel [id: 0xd1d86906, L:/127.0.0.1:54062 - R:localhost/127.0.0.1:44090] for GET '/session/67c054285278ccd4a59a3c8625af4372/element/573db1fa-9e0d-430b-b6c4-65165f6d90e8/text'
[DEBUG] 

Request DefaultFullHttpRequest(decodeResult: success, version: HTTP/1.1, content: EmptyByteBufBE)
GET /session/67c054285278ccd4a59a3c8625af4372/element/573db1fa-9e0d-430b-b6c4-65165f6d90e8/text HTTP/1.1
User-Agent: selenium/4.6.0 (java windows)
Cache-Control: no-cache
Content-Type: application/json; charset=utf-8
host: localhost:44090
accept: */*

Response DefaultHttpResponse(decodeResult: success, version: HTTP/1.1)
HTTP/1.1 200 OK
Content-Type: application/json; charset=utf-8
cache-control: no-cache
content-length: 23

[DEBUG] Adding key: http://localhost:44090 for channel [id: 0xd1d86906, L:/127.0.0.1:54062 - R:localhost/127.0.0.1:44090]
[DEBUG] Using pooled Channel '[id: 0xd1d86906, L:/127.0.0.1:54062 - R:localhost/127.0.0.1:44090]' for 'POST' to 'http://localhost:44090/session/67c054285278ccd4a59a3c8625af4372/elements'
[DEBUG] Using open Channel [id: 0xd1d86906, L:/127.0.0.1:54062 - R:localhost/127.0.0.1:44090] for POST '/session/67c054285278ccd4a59a3c8625af4372/elements'
[DEBUG] 

Request DefaultHttpRequest(decodeResult: success, version: HTTP/1.1)
POST /session/67c054285278ccd4a59a3c8625af4372/elements HTTP/1.1
User-Agent: selenium/4.6.0 (java windows)
Content-Length: 129
Content-Type: application/json; charset=utf-8
host: localhost:44090
accept: */*

Response DefaultHttpResponse(decodeResult: success, version: HTTP/1.1)
HTTP/1.1 200 OK
Content-Type: application/json; charset=utf-8
cache-control: no-cache
content-length: 90

[DEBUG] Adding key: http://localhost:44090 for channel [id: 0xd1d86906, L:/127.0.0.1:54062 - R:localhost/127.0.0.1:44090]
[DEBUG] Using pooled Channel '[id: 0xd1d86906, L:/127.0.0.1:54062 - R:localhost/127.0.0.1:44090]' for 'GET' to 'http://localhost:44090/session/67c054285278ccd4a59a3c8625af4372/element/e21f0ccf-cd5c-43cf-95ad-b64507bccbf7/text'
[DEBUG] Using open Channel [id: 0xd1d86906, L:/127.0.0.1:54062 - R:localhost/127.0.0.1:44090] for GET '/session/67c054285278ccd4a59a3c8625af4372/element/e21f0ccf-cd5c-43cf-95ad-b64507bccbf7/text'
[DEBUG] 

Request DefaultFullHttpRequest(decodeResult: success, version: HTTP/1.1, content: EmptyByteBufBE)
GET /session/67c054285278ccd4a59a3c8625af4372/element/e21f0ccf-cd5c-43cf-95ad-b64507bccbf7/text HTTP/1.1
User-Agent: selenium/4.6.0 (java windows)
Cache-Control: no-cache
Content-Type: application/json; charset=utf-8
host: localhost:44090
accept: */*

Response DefaultHttpResponse(decodeResult: success, version: HTTP/1.1)
HTTP/1.1 200 OK
Content-Type: application/json; charset=utf-8
cache-control: no-cache
content-length: 18

[DEBUG] Adding key: http://localhost:44090 for channel [id: 0xd1d86906, L:/127.0.0.1:54062 - R:localhost/127.0.0.1:44090]
[DEBUG] Using pooled Channel '[id: 0xd1d86906, L:/127.0.0.1:54062 - R:localhost/127.0.0.1:44090]' for 'POST' to 'http://localhost:44090/session/67c054285278ccd4a59a3c8625af4372/elements'
[DEBUG] Using open Channel [id: 0xd1d86906, L:/127.0.0.1:54062 - R:localhost/127.0.0.1:44090] for POST '/session/67c054285278ccd4a59a3c8625af4372/elements'
[DEBUG] 

Request DefaultHttpRequest(decodeResult: success, version: HTTP/1.1)
POST /session/67c054285278ccd4a59a3c8625af4372/elements HTTP/1.1
User-Agent: selenium/4.6.0 (java windows)
Content-Length: 129
Content-Type: application/json; charset=utf-8
host: localhost:44090
accept: */*

Response DefaultHttpResponse(decodeResult: success, version: HTTP/1.1)
HTTP/1.1 200 OK
Content-Type: application/json; charset=utf-8
cache-control: no-cache
content-length: 90

[DEBUG] Adding key: http://localhost:44090 for channel [id: 0xd1d86906, L:/127.0.0.1:54062 - R:localhost/127.0.0.1:44090]
[DEBUG] Using pooled Channel '[id: 0xd1d86906, L:/127.0.0.1:54062 - R:localhost/127.0.0.1:44090]' for 'GET' to 'http://localhost:44090/session/67c054285278ccd4a59a3c8625af4372/element/3f2ccda7-8447-4177-82e1-9e0961fa34ce/text'
[DEBUG] Using open Channel [id: 0xd1d86906, L:/127.0.0.1:54062 - R:localhost/127.0.0.1:44090] for GET '/session/67c054285278ccd4a59a3c8625af4372/element/3f2ccda7-8447-4177-82e1-9e0961fa34ce/text'
[DEBUG] 

Request DefaultFullHttpRequest(decodeResult: success, version: HTTP/1.1, content: EmptyByteBufBE)
GET /session/67c054285278ccd4a59a3c8625af4372/element/3f2ccda7-8447-4177-82e1-9e0961fa34ce/text HTTP/1.1
User-Agent: selenium/4.6.0 (java windows)
Cache-Control: no-cache
Content-Type: application/json; charset=utf-8
host: localhost:44090
accept: */*

Response DefaultHttpResponse(decodeResult: success, version: HTTP/1.1)
HTTP/1.1 200 OK
Content-Type: application/json; charset=utf-8
cache-control: no-cache
content-length: 26

[DEBUG] Adding key: http://localhost:44090 for channel [id: 0xd1d86906, L:/127.0.0.1:54062 - R:localhost/127.0.0.1:44090]
[DEBUG] Using pooled Channel '[id: 0xd1d86906, L:/127.0.0.1:54062 - R:localhost/127.0.0.1:44090]' for 'POST' to 'http://localhost:44090/session/67c054285278ccd4a59a3c8625af4372/elements'
[DEBUG] Using open Channel [id: 0xd1d86906, L:/127.0.0.1:54062 - R:localhost/127.0.0.1:44090] for POST '/session/67c054285278ccd4a59a3c8625af4372/elements'
[DEBUG] 

Request DefaultHttpRequest(decodeResult: success, version: HTTP/1.1)
POST /session/67c054285278ccd4a59a3c8625af4372/elements HTTP/1.1
User-Agent: selenium/4.6.0 (java windows)
Content-Length: 129
Content-Type: application/json; charset=utf-8
host: localhost:44090
accept: */*

Response DefaultHttpResponse(decodeResult: success, version: HTTP/1.1)
HTTP/1.1 200 OK
Content-Type: application/json; charset=utf-8
cache-control: no-cache
content-length: 90

[DEBUG] Adding key: http://localhost:44090 for channel [id: 0xd1d86906, L:/127.0.0.1:54062 - R:localhost/127.0.0.1:44090]
[DEBUG] Using pooled Channel '[id: 0xd1d86906, L:/127.0.0.1:54062 - R:localhost/127.0.0.1:44090]' for 'GET' to 'http://localhost:44090/session/67c054285278ccd4a59a3c8625af4372/element/ff557526-7327-430e-8b42-6b745e6d1f0b/text'
[DEBUG] Using open Channel [id: 0xd1d86906, L:/127.0.0.1:54062 - R:localhost/127.0.0.1:44090] for GET '/session/67c054285278ccd4a59a3c8625af4372/element/ff557526-7327-430e-8b42-6b745e6d1f0b/text'
[DEBUG] 

Request DefaultFullHttpRequest(decodeResult: success, version: HTTP/1.1, content: EmptyByteBufBE)
GET /session/67c054285278ccd4a59a3c8625af4372/element/ff557526-7327-430e-8b42-6b745e6d1f0b/text HTTP/1.1
User-Agent: selenium/4.6.0 (java windows)
Cache-Control: no-cache
Content-Type: application/json; charset=utf-8
host: localhost:44090
accept: */*

Response DefaultHttpResponse(decodeResult: success, version: HTTP/1.1)
HTTP/1.1 200 OK
Content-Type: application/json; charset=utf-8
cache-control: no-cache
content-length: 28

[DEBUG] Adding key: http://localhost:44090 for channel [id: 0xd1d86906, L:/127.0.0.1:54062 - R:localhost/127.0.0.1:44090]
[DEBUG] Using pooled Channel '[id: 0xd1d86906, L:/127.0.0.1:54062 - R:localhost/127.0.0.1:44090]' for 'POST' to 'http://localhost:44090/session/67c054285278ccd4a59a3c8625af4372/element'
[DEBUG] Using open Channel [id: 0xd1d86906, L:/127.0.0.1:54062 - R:localhost/127.0.0.1:44090] for POST '/session/67c054285278ccd4a59a3c8625af4372/element'
[DEBUG] 

Request DefaultHttpRequest(decodeResult: success, version: HTTP/1.1)
POST /session/67c054285278ccd4a59a3c8625af4372/element HTTP/1.1
User-Agent: selenium/4.6.0 (java windows)
Content-Length: 129
Content-Type: application/json; charset=utf-8
host: localhost:44090
accept: */*

Response DefaultHttpResponse(decodeResult: success, version: HTTP/1.1)
HTTP/1.1 200 OK
Content-Type: application/json; charset=utf-8
cache-control: no-cache
content-length: 88

[DEBUG] Adding key: http://localhost:44090 for channel [id: 0xd1d86906, L:/127.0.0.1:54062 - R:localhost/127.0.0.1:44090]
[DEBUG] Using pooled Channel '[id: 0xd1d86906, L:/127.0.0.1:54062 - R:localhost/127.0.0.1:44090]' for 'GET' to 'http://localhost:44090/session/67c054285278ccd4a59a3c8625af4372/element/6012788b-6e0c-4abd-bbef-c71b64961f6e/text'
[DEBUG] Using open Channel [id: 0xd1d86906, L:/127.0.0.1:54062 - R:localhost/127.0.0.1:44090] for GET '/session/67c054285278ccd4a59a3c8625af4372/element/6012788b-6e0c-4abd-bbef-c71b64961f6e/text'
[DEBUG] 

Request DefaultFullHttpRequest(decodeResult: success, version: HTTP/1.1, content: EmptyByteBufBE)
GET /session/67c054285278ccd4a59a3c8625af4372/element/6012788b-6e0c-4abd-bbef-c71b64961f6e/text HTTP/1.1
User-Agent: selenium/4.6.0 (java windows)
Cache-Control: no-cache
Content-Type: application/json; charset=utf-8
host: localhost:44090
accept: */*

Response DefaultHttpResponse(decodeResult: success, version: HTTP/1.1)
HTTP/1.1 200 OK
Content-Type: application/json; charset=utf-8
cache-control: no-cache
content-length: 28

[DEBUG] Adding key: http://localhost:44090 for channel [id: 0xd1d86906, L:/127.0.0.1:54062 - R:localhost/127.0.0.1:44090]
[DEBUG] Using pooled Channel '[id: 0xd1d86906, L:/127.0.0.1:54062 - R:localhost/127.0.0.1:44090]' for 'POST' to 'http://localhost:44090/session/67c054285278ccd4a59a3c8625af4372/elements'
[DEBUG] Using open Channel [id: 0xd1d86906, L:/127.0.0.1:54062 - R:localhost/127.0.0.1:44090] for POST '/session/67c054285278ccd4a59a3c8625af4372/elements'
[DEBUG] 

Request DefaultHttpRequest(decodeResult: success, version: HTTP/1.1)
POST /session/67c054285278ccd4a59a3c8625af4372/elements HTTP/1.1
User-Agent: selenium/4.6.0 (java windows)
Content-Length: 129
Content-Type: application/json; charset=utf-8
host: localhost:44090
accept: */*

Response DefaultHttpResponse(decodeResult: success, version: HTTP/1.1)
HTTP/1.1 200 OK
Content-Type: application/json; charset=utf-8
cache-control: no-cache
content-length: 90

[DEBUG] Adding key: http://localhost:44090 for channel [id: 0xd1d86906, L:/127.0.0.1:54062 - R:localhost/127.0.0.1:44090]
[DEBUG] Using pooled Channel '[id: 0xd1d86906, L:/127.0.0.1:54062 - R:localhost/127.0.0.1:44090]' for 'GET' to 'http://localhost:44090/session/67c054285278ccd4a59a3c8625af4372/element/774276b1-4a36-4981-a74f-fde88fbdac6a/text'
[DEBUG] Using open Channel [id: 0xd1d86906, L:/127.0.0.1:54062 - R:localhost/127.0.0.1:44090] for GET '/session/67c054285278ccd4a59a3c8625af4372/element/774276b1-4a36-4981-a74f-fde88fbdac6a/text'
[DEBUG] 

Request DefaultFullHttpRequest(decodeResult: success, version: HTTP/1.1, content: EmptyByteBufBE)
GET /session/67c054285278ccd4a59a3c8625af4372/element/774276b1-4a36-4981-a74f-fde88fbdac6a/text HTTP/1.1
User-Agent: selenium/4.6.0 (java windows)
Cache-Control: no-cache
Content-Type: application/json; charset=utf-8
host: localhost:44090
accept: */*

Response DefaultHttpResponse(decodeResult: success, version: HTTP/1.1)
HTTP/1.1 200 OK
Content-Type: application/json; charset=utf-8
cache-control: no-cache
content-length: 23

[DEBUG] Adding key: http://localhost:44090 for channel [id: 0xd1d86906, L:/127.0.0.1:54062 - R:localhost/127.0.0.1:44090]
[DEBUG] Using pooled Channel '[id: 0xd1d86906, L:/127.0.0.1:54062 - R:localhost/127.0.0.1:44090]' for 'POST' to 'http://localhost:44090/session/67c054285278ccd4a59a3c8625af4372/elements'
[DEBUG] Using open Channel [id: 0xd1d86906, L:/127.0.0.1:54062 - R:localhost/127.0.0.1:44090] for POST '/session/67c054285278ccd4a59a3c8625af4372/elements'
[DEBUG] 

Request DefaultHttpRequest(decodeResult: success, version: HTTP/1.1)
POST /session/67c054285278ccd4a59a3c8625af4372/elements HTTP/1.1
User-Agent: selenium/4.6.0 (java windows)
Content-Length: 129
Content-Type: application/json; charset=utf-8
host: localhost:44090
accept: */*

Response DefaultHttpResponse(decodeResult: success, version: HTTP/1.1)
HTTP/1.1 200 OK
Content-Type: application/json; charset=utf-8
cache-control: no-cache
content-length: 90

[DEBUG] Adding key: http://localhost:44090 for channel [id: 0xd1d86906, L:/127.0.0.1:54062 - R:localhost/127.0.0.1:44090]
[DEBUG] Using pooled Channel '[id: 0xd1d86906, L:/127.0.0.1:54062 - R:localhost/127.0.0.1:44090]' for 'GET' to 'http://localhost:44090/session/67c054285278ccd4a59a3c8625af4372/element/a9ae9364-49e9-4b1d-b3cc-afe691365488/text'
[DEBUG] Using open Channel [id: 0xd1d86906, L:/127.0.0.1:54062 - R:localhost/127.0.0.1:44090] for GET '/session/67c054285278ccd4a59a3c8625af4372/element/a9ae9364-49e9-4b1d-b3cc-afe691365488/text'
[DEBUG] 

Request DefaultFullHttpRequest(decodeResult: success, version: HTTP/1.1, content: EmptyByteBufBE)
GET /session/67c054285278ccd4a59a3c8625af4372/element/a9ae9364-49e9-4b1d-b3cc-afe691365488/text HTTP/1.1
User-Agent: selenium/4.6.0 (java windows)
Cache-Control: no-cache
Content-Type: application/json; charset=utf-8
host: localhost:44090
accept: */*

Response DefaultHttpResponse(decodeResult: success, version: HTTP/1.1)
HTTP/1.1 200 OK
Content-Type: application/json; charset=utf-8
cache-control: no-cache
content-length: 19

[DEBUG] Adding key: http://localhost:44090 for channel [id: 0xd1d86906, L:/127.0.0.1:54062 - R:localhost/127.0.0.1:44090]
[DEBUG] Using pooled Channel '[id: 0xd1d86906, L:/127.0.0.1:54062 - R:localhost/127.0.0.1:44090]' for 'POST' to 'http://localhost:44090/session/67c054285278ccd4a59a3c8625af4372/elements'
[DEBUG] Using open Channel [id: 0xd1d86906, L:/127.0.0.1:54062 - R:localhost/127.0.0.1:44090] for POST '/session/67c054285278ccd4a59a3c8625af4372/elements'
[DEBUG] 

Request DefaultHttpRequest(decodeResult: success, version: HTTP/1.1)
POST /session/67c054285278ccd4a59a3c8625af4372/elements HTTP/1.1
User-Agent: selenium/4.6.0 (java windows)
Content-Length: 129
Content-Type: application/json; charset=utf-8
host: localhost:44090
accept: */*

Response DefaultHttpResponse(decodeResult: success, version: HTTP/1.1)
HTTP/1.1 200 OK
Content-Type: application/json; charset=utf-8
cache-control: no-cache
content-length: 90

[DEBUG] Adding key: http://localhost:44090 for channel [id: 0xd1d86906, L:/127.0.0.1:54062 - R:localhost/127.0.0.1:44090]
[DEBUG] Using pooled Channel '[id: 0xd1d86906, L:/127.0.0.1:54062 - R:localhost/127.0.0.1:44090]' for 'GET' to 'http://localhost:44090/session/67c054285278ccd4a59a3c8625af4372/element/65e34cf1-7109-48bd-9146-5df39a8b1562/text'
[DEBUG] Using open Channel [id: 0xd1d86906, L:/127.0.0.1:54062 - R:localhost/127.0.0.1:44090] for GET '/session/67c054285278ccd4a59a3c8625af4372/element/65e34cf1-7109-48bd-9146-5df39a8b1562/text'
[DEBUG] 

Request DefaultFullHttpRequest(decodeResult: success, version: HTTP/1.1, content: EmptyByteBufBE)
GET /session/67c054285278ccd4a59a3c8625af4372/element/65e34cf1-7109-48bd-9146-5df39a8b1562/text HTTP/1.1
User-Agent: selenium/4.6.0 (java windows)
Cache-Control: no-cache
Content-Type: application/json; charset=utf-8
host: localhost:44090
accept: */*

Response DefaultHttpResponse(decodeResult: success, version: HTTP/1.1)
HTTP/1.1 200 OK
Content-Type: application/json; charset=utf-8
cache-control: no-cache
content-length: 34

[DEBUG] Adding key: http://localhost:44090 for channel [id: 0xd1d86906, L:/127.0.0.1:54062 - R:localhost/127.0.0.1:44090]
[DEBUG] Using pooled Channel '[id: 0xd1d86906, L:/127.0.0.1:54062 - R:localhost/127.0.0.1:44090]' for 'POST' to 'http://localhost:44090/session/67c054285278ccd4a59a3c8625af4372/elements'
[DEBUG] Using open Channel [id: 0xd1d86906, L:/127.0.0.1:54062 - R:localhost/127.0.0.1:44090] for POST '/session/67c054285278ccd4a59a3c8625af4372/elements'
[DEBUG] 

Request DefaultHttpRequest(decodeResult: success, version: HTTP/1.1)
POST /session/67c054285278ccd4a59a3c8625af4372/elements HTTP/1.1
User-Agent: selenium/4.6.0 (java windows)
Content-Length: 129
Content-Type: application/json; charset=utf-8
host: localhost:44090
accept: */*

Response DefaultHttpResponse(decodeResult: success, version: HTTP/1.1)
HTTP/1.1 200 OK
Content-Type: application/json; charset=utf-8
cache-control: no-cache
content-length: 90

[DEBUG] Adding key: http://localhost:44090 for channel [id: 0xd1d86906, L:/127.0.0.1:54062 - R:localhost/127.0.0.1:44090]
[DEBUG] Using pooled Channel '[id: 0xd1d86906, L:/127.0.0.1:54062 - R:localhost/127.0.0.1:44090]' for 'GET' to 'http://localhost:44090/session/67c054285278ccd4a59a3c8625af4372/element/6012788b-6e0c-4abd-bbef-c71b64961f6e/text'
[DEBUG] Using open Channel [id: 0xd1d86906, L:/127.0.0.1:54062 - R:localhost/127.0.0.1:44090] for GET '/session/67c054285278ccd4a59a3c8625af4372/element/6012788b-6e0c-4abd-bbef-c71b64961f6e/text'
[DEBUG] 

Request DefaultFullHttpRequest(decodeResult: success, version: HTTP/1.1, content: EmptyByteBufBE)
GET /session/67c054285278ccd4a59a3c8625af4372/element/6012788b-6e0c-4abd-bbef-c71b64961f6e/text HTTP/1.1
User-Agent: selenium/4.6.0 (java windows)
Cache-Control: no-cache
Content-Type: application/json; charset=utf-8
host: localhost:44090
accept: */*

Response DefaultHttpResponse(decodeResult: success, version: HTTP/1.1)
HTTP/1.1 200 OK
Content-Type: application/json; charset=utf-8
cache-control: no-cache
content-length: 28

[DEBUG] Adding key: http://localhost:44090 for channel [id: 0xd1d86906, L:/127.0.0.1:54062 - R:localhost/127.0.0.1:44090]
[DEBUG] Using pooled Channel '[id: 0xd1d86906, L:/127.0.0.1:54062 - R:localhost/127.0.0.1:44090]' for 'POST' to 'http://localhost:44090/session/67c054285278ccd4a59a3c8625af4372/element'
[DEBUG] Using open Channel [id: 0xd1d86906, L:/127.0.0.1:54062 - R:localhost/127.0.0.1:44090] for POST '/session/67c054285278ccd4a59a3c8625af4372/element'
[DEBUG] 

Request DefaultHttpRequest(decodeResult: success, version: HTTP/1.1)
POST /session/67c054285278ccd4a59a3c8625af4372/element HTTP/1.1
User-Agent: selenium/4.6.0 (java windows)
Content-Length: 129
Content-Type: application/json; charset=utf-8
host: localhost:44090
accept: */*

Response DefaultHttpResponse(decodeResult: success, version: HTTP/1.1)
HTTP/1.1 200 OK
Content-Type: application/json; charset=utf-8
cache-control: no-cache
content-length: 88

[DEBUG] Adding key: http://localhost:44090 for channel [id: 0xd1d86906, L:/127.0.0.1:54062 - R:localhost/127.0.0.1:44090]
[DEBUG] Using pooled Channel '[id: 0xd1d86906, L:/127.0.0.1:54062 - R:localhost/127.0.0.1:44090]' for 'GET' to 'http://localhost:44090/session/67c054285278ccd4a59a3c8625af4372/element/b90a67cd-317a-4900-9ab2-b7171571ed7a/text'
[DEBUG] Using open Channel [id: 0xd1d86906, L:/127.0.0.1:54062 - R:localhost/127.0.0.1:44090] for GET '/session/67c054285278ccd4a59a3c8625af4372/element/b90a67cd-317a-4900-9ab2-b7171571ed7a/text'
[DEBUG] 

Request DefaultFullHttpRequest(decodeResult: success, version: HTTP/1.1, content: EmptyByteBufBE)
GET /session/67c054285278ccd4a59a3c8625af4372/element/b90a67cd-317a-4900-9ab2-b7171571ed7a/text HTTP/1.1
User-Agent: selenium/4.6.0 (java windows)
Cache-Control: no-cache
Content-Type: application/json; charset=utf-8
host: localhost:44090
accept: */*

Response DefaultHttpResponse(decodeResult: success, version: HTTP/1.1)
HTTP/1.1 200 OK
Content-Type: application/json; charset=utf-8
cache-control: no-cache
content-length: 28

[DEBUG] Adding key: http://localhost:44090 for channel [id: 0xd1d86906, L:/127.0.0.1:54062 - R:localhost/127.0.0.1:44090]
[DEBUG] Using pooled Channel '[id: 0xd1d86906, L:/127.0.0.1:54062 - R:localhost/127.0.0.1:44090]' for 'POST' to 'http://localhost:44090/session/67c054285278ccd4a59a3c8625af4372/elements'
[DEBUG] Using open Channel [id: 0xd1d86906, L:/127.0.0.1:54062 - R:localhost/127.0.0.1:44090] for POST '/session/67c054285278ccd4a59a3c8625af4372/elements'
[DEBUG] 

Request DefaultHttpRequest(decodeResult: success, version: HTTP/1.1)
POST /session/67c054285278ccd4a59a3c8625af4372/elements HTTP/1.1
User-Agent: selenium/4.6.0 (java windows)
Content-Length: 129
Content-Type: application/json; charset=utf-8
host: localhost:44090
accept: */*

Response DefaultHttpResponse(decodeResult: success, version: HTTP/1.1)
HTTP/1.1 200 OK
Content-Type: application/json; charset=utf-8
cache-control: no-cache
content-length: 90

[DEBUG] Adding key: http://localhost:44090 for channel [id: 0xd1d86906, L:/127.0.0.1:54062 - R:localhost/127.0.0.1:44090]
[DEBUG] Using pooled Channel '[id: 0xd1d86906, L:/127.0.0.1:54062 - R:localhost/127.0.0.1:44090]' for 'GET' to 'http://localhost:44090/session/67c054285278ccd4a59a3c8625af4372/element/f7ebd6a7-d799-43a6-ab60-e3b8be4d27f5/text'
[DEBUG] Using open Channel [id: 0xd1d86906, L:/127.0.0.1:54062 - R:localhost/127.0.0.1:44090] for GET '/session/67c054285278ccd4a59a3c8625af4372/element/f7ebd6a7-d799-43a6-ab60-e3b8be4d27f5/text'
[DEBUG] 

Request DefaultFullHttpRequest(decodeResult: success, version: HTTP/1.1, content: EmptyByteBufBE)
GET /session/67c054285278ccd4a59a3c8625af4372/element/f7ebd6a7-d799-43a6-ab60-e3b8be4d27f5/text HTTP/1.1
User-Agent: selenium/4.6.0 (java windows)
Cache-Control: no-cache
Content-Type: application/json; charset=utf-8
host: localhost:44090
accept: */*

Response DefaultHttpResponse(decodeResult: success, version: HTTP/1.1)
HTTP/1.1 200 OK
Content-Type: application/json; charset=utf-8
cache-control: no-cache
content-length: 23

[DEBUG] Adding key: http://localhost:44090 for channel [id: 0xd1d86906, L:/127.0.0.1:54062 - R:localhost/127.0.0.1:44090]
[DEBUG] Using pooled Channel '[id: 0xd1d86906, L:/127.0.0.1:54062 - R:localhost/127.0.0.1:44090]' for 'POST' to 'http://localhost:44090/session/67c054285278ccd4a59a3c8625af4372/elements'
[DEBUG] Using open Channel [id: 0xd1d86906, L:/127.0.0.1:54062 - R:localhost/127.0.0.1:44090] for POST '/session/67c054285278ccd4a59a3c8625af4372/elements'
[DEBUG] 

Request DefaultHttpRequest(decodeResult: success, version: HTTP/1.1)
POST /session/67c054285278ccd4a59a3c8625af4372/elements HTTP/1.1
User-Agent: selenium/4.6.0 (java windows)
Content-Length: 129
Content-Type: application/json; charset=utf-8
host: localhost:44090
accept: */*

Response DefaultHttpResponse(decodeResult: success, version: HTTP/1.1)
HTTP/1.1 200 OK
Content-Type: application/json; charset=utf-8
cache-control: no-cache
content-length: 90

[DEBUG] Adding key: http://localhost:44090 for channel [id: 0xd1d86906, L:/127.0.0.1:54062 - R:localhost/127.0.0.1:44090]
[DEBUG] Using pooled Channel '[id: 0xd1d86906, L:/127.0.0.1:54062 - R:localhost/127.0.0.1:44090]' for 'GET' to 'http://localhost:44090/session/67c054285278ccd4a59a3c8625af4372/element/df2d1bc5-f958-4086-bbe2-73385df78d12/text'
[DEBUG] Using open Channel [id: 0xd1d86906, L:/127.0.0.1:54062 - R:localhost/127.0.0.1:44090] for GET '/session/67c054285278ccd4a59a3c8625af4372/element/df2d1bc5-f958-4086-bbe2-73385df78d12/text'
[DEBUG] 

Request DefaultFullHttpRequest(decodeResult: success, version: HTTP/1.1, content: EmptyByteBufBE)
GET /session/67c054285278ccd4a59a3c8625af4372/element/df2d1bc5-f958-4086-bbe2-73385df78d12/text HTTP/1.1
User-Agent: selenium/4.6.0 (java windows)
Cache-Control: no-cache
Content-Type: application/json; charset=utf-8
host: localhost:44090
accept: */*

Response DefaultHttpResponse(decodeResult: success, version: HTTP/1.1)
HTTP/1.1 200 OK
Content-Type: application/json; charset=utf-8
cache-control: no-cache
content-length: 21

[DEBUG] Adding key: http://localhost:44090 for channel [id: 0xd1d86906, L:/127.0.0.1:54062 - R:localhost/127.0.0.1:44090]
[DEBUG] Using pooled Channel '[id: 0xd1d86906, L:/127.0.0.1:54062 - R:localhost/127.0.0.1:44090]' for 'POST' to 'http://localhost:44090/session/67c054285278ccd4a59a3c8625af4372/elements'
[DEBUG] Using open Channel [id: 0xd1d86906, L:/127.0.0.1:54062 - R:localhost/127.0.0.1:44090] for POST '/session/67c054285278ccd4a59a3c8625af4372/elements'
[DEBUG] 

Request DefaultHttpRequest(decodeResult: success, version: HTTP/1.1)
POST /session/67c054285278ccd4a59a3c8625af4372/elements HTTP/1.1
User-Agent: selenium/4.6.0 (java windows)
Content-Length: 129
Content-Type: application/json; charset=utf-8
host: localhost:44090
accept: */*

Response DefaultHttpResponse(decodeResult: success, version: HTTP/1.1)
HTTP/1.1 200 OK
Content-Type: application/json; charset=utf-8
cache-control: no-cache
content-length: 90

[DEBUG] Adding key: http://localhost:44090 for channel [id: 0xd1d86906, L:/127.0.0.1:54062 - R:localhost/127.0.0.1:44090]
[DEBUG] Using pooled Channel '[id: 0xd1d86906, L:/127.0.0.1:54062 - R:localhost/127.0.0.1:44090]' for 'GET' to 'http://localhost:44090/session/67c054285278ccd4a59a3c8625af4372/element/760efa11-e979-4862-af5f-c62f12ae5997/text'
[DEBUG] Using open Channel [id: 0xd1d86906, L:/127.0.0.1:54062 - R:localhost/127.0.0.1:44090] for GET '/session/67c054285278ccd4a59a3c8625af4372/element/760efa11-e979-4862-af5f-c62f12ae5997/text'
[DEBUG] 

Request DefaultFullHttpRequest(decodeResult: success, version: HTTP/1.1, content: EmptyByteBufBE)
GET /session/67c054285278ccd4a59a3c8625af4372/element/760efa11-e979-4862-af5f-c62f12ae5997/text HTTP/1.1
User-Agent: selenium/4.6.0 (java windows)
Cache-Control: no-cache
Content-Type: application/json; charset=utf-8
host: localhost:44090
accept: */*

Response DefaultHttpResponse(decodeResult: success, version: HTTP/1.1)
HTTP/1.1 200 OK
Content-Type: application/json; charset=utf-8
cache-control: no-cache
content-length: 36

[DEBUG] Adding key: http://localhost:44090 for channel [id: 0xd1d86906, L:/127.0.0.1:54062 - R:localhost/127.0.0.1:44090]
[DEBUG] Using pooled Channel '[id: 0xd1d86906, L:/127.0.0.1:54062 - R:localhost/127.0.0.1:44090]' for 'POST' to 'http://localhost:44090/session/67c054285278ccd4a59a3c8625af4372/elements'
[DEBUG] Using open Channel [id: 0xd1d86906, L:/127.0.0.1:54062 - R:localhost/127.0.0.1:44090] for POST '/session/67c054285278ccd4a59a3c8625af4372/elements'
[DEBUG] 

Request DefaultHttpRequest(decodeResult: success, version: HTTP/1.1)
POST /session/67c054285278ccd4a59a3c8625af4372/elements HTTP/1.1
User-Agent: selenium/4.6.0 (java windows)
Content-Length: 129
Content-Type: application/json; charset=utf-8
host: localhost:44090
accept: */*

Response DefaultHttpResponse(decodeResult: success, version: HTTP/1.1)
HTTP/1.1 200 OK
Content-Type: application/json; charset=utf-8
cache-control: no-cache
content-length: 90

[DEBUG] Adding key: http://localhost:44090 for channel [id: 0xd1d86906, L:/127.0.0.1:54062 - R:localhost/127.0.0.1:44090]
[DEBUG] Using pooled Channel '[id: 0xd1d86906, L:/127.0.0.1:54062 - R:localhost/127.0.0.1:44090]' for 'GET' to 'http://localhost:44090/session/67c054285278ccd4a59a3c8625af4372/element/b90a67cd-317a-4900-9ab2-b7171571ed7a/text'
[DEBUG] Using open Channel [id: 0xd1d86906, L:/127.0.0.1:54062 - R:localhost/127.0.0.1:44090] for GET '/session/67c054285278ccd4a59a3c8625af4372/element/b90a67cd-317a-4900-9ab2-b7171571ed7a/text'
[DEBUG] 

Request DefaultFullHttpRequest(decodeResult: success, version: HTTP/1.1, content: EmptyByteBufBE)
GET /session/67c054285278ccd4a59a3c8625af4372/element/b90a67cd-317a-4900-9ab2-b7171571ed7a/text HTTP/1.1
User-Agent: selenium/4.6.0 (java windows)
Cache-Control: no-cache
Content-Type: application/json; charset=utf-8
host: localhost:44090
accept: */*

Response DefaultHttpResponse(decodeResult: success, version: HTTP/1.1)
HTTP/1.1 200 OK
Content-Type: application/json; charset=utf-8
cache-control: no-cache
content-length: 28

[DEBUG] Adding key: http://localhost:44090 for channel [id: 0xd1d86906, L:/127.0.0.1:54062 - R:localhost/127.0.0.1:44090]
[DEBUG] Using pooled Channel '[id: 0xd1d86906, L:/127.0.0.1:54062 - R:localhost/127.0.0.1:44090]' for 'POST' to 'http://localhost:44090/session/67c054285278ccd4a59a3c8625af4372/element'
[DEBUG] Using open Channel [id: 0xd1d86906, L:/127.0.0.1:54062 - R:localhost/127.0.0.1:44090] for POST '/session/67c054285278ccd4a59a3c8625af4372/element'
[DEBUG] 

Request DefaultHttpRequest(decodeResult: success, version: HTTP/1.1)
POST /session/67c054285278ccd4a59a3c8625af4372/element HTTP/1.1
User-Agent: selenium/4.6.0 (java windows)
Content-Length: 129
Content-Type: application/json; charset=utf-8
host: localhost:44090
accept: */*

Response DefaultHttpResponse(decodeResult: success, version: HTTP/1.1)
HTTP/1.1 200 OK
Content-Type: application/json; charset=utf-8
cache-control: no-cache
content-length: 88

[DEBUG] Adding key: http://localhost:44090 for channel [id: 0xd1d86906, L:/127.0.0.1:54062 - R:localhost/127.0.0.1:44090]
[DEBUG] Using pooled Channel '[id: 0xd1d86906, L:/127.0.0.1:54062 - R:localhost/127.0.0.1:44090]' for 'GET' to 'http://localhost:44090/session/67c054285278ccd4a59a3c8625af4372/element/a703e766-6539-424b-b89a-12a3bbd9ae77/text'
[DEBUG] Using open Channel [id: 0xd1d86906, L:/127.0.0.1:54062 - R:localhost/127.0.0.1:44090] for GET '/session/67c054285278ccd4a59a3c8625af4372/element/a703e766-6539-424b-b89a-12a3bbd9ae77/text'
[DEBUG] 

Request DefaultFullHttpRequest(decodeResult: success, version: HTTP/1.1, content: EmptyByteBufBE)
GET /session/67c054285278ccd4a59a3c8625af4372/element/a703e766-6539-424b-b89a-12a3bbd9ae77/text HTTP/1.1
User-Agent: selenium/4.6.0 (java windows)
Cache-Control: no-cache
Content-Type: application/json; charset=utf-8
host: localhost:44090
accept: */*

Response DefaultHttpResponse(decodeResult: success, version: HTTP/1.1)
HTTP/1.1 200 OK
Content-Type: application/json; charset=utf-8
cache-control: no-cache
content-length: 28

[DEBUG] Adding key: http://localhost:44090 for channel [id: 0xd1d86906, L:/127.0.0.1:54062 - R:localhost/127.0.0.1:44090]
[DEBUG] Using pooled Channel '[id: 0xd1d86906, L:/127.0.0.1:54062 - R:localhost/127.0.0.1:44090]' for 'POST' to 'http://localhost:44090/session/67c054285278ccd4a59a3c8625af4372/elements'
[DEBUG] Using open Channel [id: 0xd1d86906, L:/127.0.0.1:54062 - R:localhost/127.0.0.1:44090] for POST '/session/67c054285278ccd4a59a3c8625af4372/elements'
[DEBUG] 

Request DefaultHttpRequest(decodeResult: success, version: HTTP/1.1)
POST /session/67c054285278ccd4a59a3c8625af4372/elements HTTP/1.1
User-Agent: selenium/4.6.0 (java windows)
Content-Length: 129
Content-Type: application/json; charset=utf-8
host: localhost:44090
accept: */*

Response DefaultHttpResponse(decodeResult: success, version: HTTP/1.1)
HTTP/1.1 200 OK
Content-Type: application/json; charset=utf-8
cache-control: no-cache
content-length: 90

[DEBUG] Adding key: http://localhost:44090 for channel [id: 0xd1d86906, L:/127.0.0.1:54062 - R:localhost/127.0.0.1:44090]
[DEBUG] Using pooled Channel '[id: 0xd1d86906, L:/127.0.0.1:54062 - R:localhost/127.0.0.1:44090]' for 'GET' to 'http://localhost:44090/session/67c054285278ccd4a59a3c8625af4372/element/5fb16a93-0b9a-46cb-88ad-9193a1f17272/text'
[DEBUG] Using open Channel [id: 0xd1d86906, L:/127.0.0.1:54062 - R:localhost/127.0.0.1:44090] for GET '/session/67c054285278ccd4a59a3c8625af4372/element/5fb16a93-0b9a-46cb-88ad-9193a1f17272/text'
[DEBUG] 

Request DefaultFullHttpRequest(decodeResult: success, version: HTTP/1.1, content: EmptyByteBufBE)
GET /session/67c054285278ccd4a59a3c8625af4372/element/5fb16a93-0b9a-46cb-88ad-9193a1f17272/text HTTP/1.1
User-Agent: selenium/4.6.0 (java windows)
Cache-Control: no-cache
Content-Type: application/json; charset=utf-8
host: localhost:44090
accept: */*

Response DefaultHttpResponse(decodeResult: success, version: HTTP/1.1)
HTTP/1.1 200 OK
Content-Type: application/json; charset=utf-8
cache-control: no-cache
content-length: 23

[DEBUG] Adding key: http://localhost:44090 for channel [id: 0xd1d86906, L:/127.0.0.1:54062 - R:localhost/127.0.0.1:44090]
[DEBUG] Using pooled Channel '[id: 0xd1d86906, L:/127.0.0.1:54062 - R:localhost/127.0.0.1:44090]' for 'POST' to 'http://localhost:44090/session/67c054285278ccd4a59a3c8625af4372/elements'
[DEBUG] Using open Channel [id: 0xd1d86906, L:/127.0.0.1:54062 - R:localhost/127.0.0.1:44090] for POST '/session/67c054285278ccd4a59a3c8625af4372/elements'
[DEBUG] 

Request DefaultHttpRequest(decodeResult: success, version: HTTP/1.1)
POST /session/67c054285278ccd4a59a3c8625af4372/elements HTTP/1.1
User-Agent: selenium/4.6.0 (java windows)
Content-Length: 129
Content-Type: application/json; charset=utf-8
host: localhost:44090
accept: */*

Response DefaultHttpResponse(decodeResult: success, version: HTTP/1.1)
HTTP/1.1 200 OK
Content-Type: application/json; charset=utf-8
cache-control: no-cache
content-length: 90

[DEBUG] Adding key: http://localhost:44090 for channel [id: 0xd1d86906, L:/127.0.0.1:54062 - R:localhost/127.0.0.1:44090]
[DEBUG] Using pooled Channel '[id: 0xd1d86906, L:/127.0.0.1:54062 - R:localhost/127.0.0.1:44090]' for 'GET' to 'http://localhost:44090/session/67c054285278ccd4a59a3c8625af4372/element/00411714-012c-46eb-ad79-1f74707b4bac/text'
[DEBUG] Using open Channel [id: 0xd1d86906, L:/127.0.0.1:54062 - R:localhost/127.0.0.1:44090] for GET '/session/67c054285278ccd4a59a3c8625af4372/element/00411714-012c-46eb-ad79-1f74707b4bac/text'
[DEBUG] 

Request DefaultFullHttpRequest(decodeResult: success, version: HTTP/1.1, content: EmptyByteBufBE)
GET /session/67c054285278ccd4a59a3c8625af4372/element/00411714-012c-46eb-ad79-1f74707b4bac/text HTTP/1.1
User-Agent: selenium/4.6.0 (java windows)
Cache-Control: no-cache
Content-Type: application/json; charset=utf-8
host: localhost:44090
accept: */*

Response DefaultHttpResponse(decodeResult: success, version: HTTP/1.1)
HTTP/1.1 200 OK
Content-Type: application/json; charset=utf-8
cache-control: no-cache
content-length: 18

[DEBUG] Adding key: http://localhost:44090 for channel [id: 0xd1d86906, L:/127.0.0.1:54062 - R:localhost/127.0.0.1:44090]
[DEBUG] Using pooled Channel '[id: 0xd1d86906, L:/127.0.0.1:54062 - R:localhost/127.0.0.1:44090]' for 'POST' to 'http://localhost:44090/session/67c054285278ccd4a59a3c8625af4372/elements'
[DEBUG] Using open Channel [id: 0xd1d86906, L:/127.0.0.1:54062 - R:localhost/127.0.0.1:44090] for POST '/session/67c054285278ccd4a59a3c8625af4372/elements'
[DEBUG] 

Request DefaultHttpRequest(decodeResult: success, version: HTTP/1.1)
POST /session/67c054285278ccd4a59a3c8625af4372/elements HTTP/1.1
User-Agent: selenium/4.6.0 (java windows)
Content-Length: 129
Content-Type: application/json; charset=utf-8
host: localhost:44090
accept: */*

Response DefaultHttpResponse(decodeResult: success, version: HTTP/1.1)
HTTP/1.1 200 OK
Content-Type: application/json; charset=utf-8
cache-control: no-cache
content-length: 90

[DEBUG] Adding key: http://localhost:44090 for channel [id: 0xd1d86906, L:/127.0.0.1:54062 - R:localhost/127.0.0.1:44090]
[DEBUG] Using pooled Channel '[id: 0xd1d86906, L:/127.0.0.1:54062 - R:localhost/127.0.0.1:44090]' for 'GET' to 'http://localhost:44090/session/67c054285278ccd4a59a3c8625af4372/element/6005cfdc-b22c-4848-99d4-82e5d311030d/text'
[DEBUG] Using open Channel [id: 0xd1d86906, L:/127.0.0.1:54062 - R:localhost/127.0.0.1:44090] for GET '/session/67c054285278ccd4a59a3c8625af4372/element/6005cfdc-b22c-4848-99d4-82e5d311030d/text'
[DEBUG] 

Request DefaultFullHttpRequest(decodeResult: success, version: HTTP/1.1, content: EmptyByteBufBE)
GET /session/67c054285278ccd4a59a3c8625af4372/element/6005cfdc-b22c-4848-99d4-82e5d311030d/text HTTP/1.1
User-Agent: selenium/4.6.0 (java windows)
Cache-Control: no-cache
Content-Type: application/json; charset=utf-8
host: localhost:44090
accept: */*

Response DefaultHttpResponse(decodeResult: success, version: HTTP/1.1)
HTTP/1.1 200 OK
Content-Type: application/json; charset=utf-8
cache-control: no-cache
content-length: 45

[DEBUG] Adding key: http://localhost:44090 for channel [id: 0xd1d86906, L:/127.0.0.1:54062 - R:localhost/127.0.0.1:44090]
[DEBUG] Using pooled Channel '[id: 0xd1d86906, L:/127.0.0.1:54062 - R:localhost/127.0.0.1:44090]' for 'POST' to 'http://localhost:44090/session/67c054285278ccd4a59a3c8625af4372/elements'
[DEBUG] Using open Channel [id: 0xd1d86906, L:/127.0.0.1:54062 - R:localhost/127.0.0.1:44090] for POST '/session/67c054285278ccd4a59a3c8625af4372/elements'
[DEBUG] 

Request DefaultHttpRequest(decodeResult: success, version: HTTP/1.1)
POST /session/67c054285278ccd4a59a3c8625af4372/elements HTTP/1.1
User-Agent: selenium/4.6.0 (java windows)
Content-Length: 129
Content-Type: application/json; charset=utf-8
host: localhost:44090
accept: */*

Response DefaultHttpResponse(decodeResult: success, version: HTTP/1.1)
HTTP/1.1 200 OK
Content-Type: application/json; charset=utf-8
cache-control: no-cache
content-length: 90

[DEBUG] Adding key: http://localhost:44090 for channel [id: 0xd1d86906, L:/127.0.0.1:54062 - R:localhost/127.0.0.1:44090]
[DEBUG] Using pooled Channel '[id: 0xd1d86906, L:/127.0.0.1:54062 - R:localhost/127.0.0.1:44090]' for 'GET' to 'http://localhost:44090/session/67c054285278ccd4a59a3c8625af4372/element/a703e766-6539-424b-b89a-12a3bbd9ae77/text'
[DEBUG] Using open Channel [id: 0xd1d86906, L:/127.0.0.1:54062 - R:localhost/127.0.0.1:44090] for GET '/session/67c054285278ccd4a59a3c8625af4372/element/a703e766-6539-424b-b89a-12a3bbd9ae77/text'
[DEBUG] 

Request DefaultFullHttpRequest(decodeResult: success, version: HTTP/1.1, content: EmptyByteBufBE)
GET /session/67c054285278ccd4a59a3c8625af4372/element/a703e766-6539-424b-b89a-12a3bbd9ae77/text HTTP/1.1
User-Agent: selenium/4.6.0 (java windows)
Cache-Control: no-cache
Content-Type: application/json; charset=utf-8
host: localhost:44090
accept: */*

Response DefaultHttpResponse(decodeResult: success, version: HTTP/1.1)
HTTP/1.1 200 OK
Content-Type: application/json; charset=utf-8
cache-control: no-cache
content-length: 28

[DEBUG] Adding key: http://localhost:44090 for channel [id: 0xd1d86906, L:/127.0.0.1:54062 - R:localhost/127.0.0.1:44090]
[DEBUG] Using pooled Channel '[id: 0xd1d86906, L:/127.0.0.1:54062 - R:localhost/127.0.0.1:44090]' for 'POST' to 'http://localhost:44090/session/67c054285278ccd4a59a3c8625af4372/element'
[DEBUG] Using open Channel [id: 0xd1d86906, L:/127.0.0.1:54062 - R:localhost/127.0.0.1:44090] for POST '/session/67c054285278ccd4a59a3c8625af4372/element'
[DEBUG] 

Request DefaultHttpRequest(decodeResult: success, version: HTTP/1.1)
POST /session/67c054285278ccd4a59a3c8625af4372/element HTTP/1.1
User-Agent: selenium/4.6.0 (java windows)
Content-Length: 129
Content-Type: application/json; charset=utf-8
host: localhost:44090
accept: */*

Response DefaultHttpResponse(decodeResult: success, version: HTTP/1.1)
HTTP/1.1 200 OK
Content-Type: application/json; charset=utf-8
cache-control: no-cache
content-length: 88

[DEBUG] Adding key: http://localhost:44090 for channel [id: 0xd1d86906, L:/127.0.0.1:54062 - R:localhost/127.0.0.1:44090]
[DEBUG] Using pooled Channel '[id: 0xd1d86906, L:/127.0.0.1:54062 - R:localhost/127.0.0.1:44090]' for 'GET' to 'http://localhost:44090/session/67c054285278ccd4a59a3c8625af4372/element/09b888de-9851-46c7-b5fe-2869efa20893/text'
[DEBUG] Using open Channel [id: 0xd1d86906, L:/127.0.0.1:54062 - R:localhost/127.0.0.1:44090] for GET '/session/67c054285278ccd4a59a3c8625af4372/element/09b888de-9851-46c7-b5fe-2869efa20893/text'
[DEBUG] 

Request DefaultFullHttpRequest(decodeResult: success, version: HTTP/1.1, content: EmptyByteBufBE)
GET /session/67c054285278ccd4a59a3c8625af4372/element/09b888de-9851-46c7-b5fe-2869efa20893/text HTTP/1.1
User-Agent: selenium/4.6.0 (java windows)
Cache-Control: no-cache
Content-Type: application/json; charset=utf-8
host: localhost:44090
accept: */*

Response DefaultHttpResponse(decodeResult: success, version: HTTP/1.1)
HTTP/1.1 200 OK
Content-Type: application/json; charset=utf-8
cache-control: no-cache
content-length: 26

[DEBUG] Adding key: http://localhost:44090 for channel [id: 0xd1d86906, L:/127.0.0.1:54062 - R:localhost/127.0.0.1:44090]
  And user can generate a report based on the holiday type                                 # com.lms.stepdefinition.LMSHolidayListSteps.user_can_generate_a_report_based_on_the_holiday_type()
[DEBUG] Using pooled Channel '[id: 0xd1d86906, L:/127.0.0.1:54062 - R:localhost/127.0.0.1:44090]' for 'GET' to 'http://localhost:44090/session/67c054285278ccd4a59a3c8625af4372/screenshot'
[DEBUG] Using open Channel [id: 0xd1d86906, L:/127.0.0.1:54062 - R:localhost/127.0.0.1:44090] for GET '/session/67c054285278ccd4a59a3c8625af4372/screenshot'
[DEBUG] Entry count for : http://localhost:54065 : 1
[DEBUG] 

Request DefaultFullHttpRequest(decodeResult: success, version: HTTP/1.1, content: EmptyByteBufBE)
GET /session/67c054285278ccd4a59a3c8625af4372/screenshot HTTP/1.1
User-Agent: selenium/4.6.0 (java windows)
Cache-Control: no-cache
Content-Type: application/json; charset=utf-8
host: localhost:44090
accept: */*

Response DefaultHttpResponse(decodeResult: success, version: HTTP/1.1)
HTTP/1.1 200 OK
Content-Type: application/json; charset=utf-8
cache-control: no-cache
content-length: 254688

[DEBUG] Adding key: http://localhost:44090 for channel [id: 0xd1d86906, L:/127.0.0.1:54062 - R:localhost/127.0.0.1:44090]

    Embedding User_is_able_to_validate_the_count_of_Public_Holidays_on_LMS_and_generate_report [image/png 191005 bytes]

[DEBUG] Using pooled Channel '[id: 0xd1d86906, L:/127.0.0.1:54062 - R:localhost/127.0.0.1:44090]' for 'DELETE' to 'http://localhost:44090/session/67c054285278ccd4a59a3c8625af4372'
[DEBUG] Using open Channel [id: 0xd1d86906, L:/127.0.0.1:54062 - R:localhost/127.0.0.1:44090] for DELETE '/session/67c054285278ccd4a59a3c8625af4372'
[DEBUG] Channel Closed: [id: 0x6e8dac32, L:/127.0.0.1:54080 ! R:localhost/127.0.0.1:54065] with attribute NettyResponseFuture{currentRetry=0,
	isDone=1,
	isCancelled=0,
	asyncHandler=org.asynchttpclient.ws.WebSocketUpgradeHandler@3e521f9d,
	nettyRequest=org.asynchttpclient.netty.request.NettyRequest@5c448028,
	future=java.util.concurrent.CompletableFuture@32b3d13a[Completed normally],
	uri=ws://localhost:54065/devtools/browser/c726fdb7-33dd-4012-bcea-81abe633cf37,
	keepAlive=true,
	redirectCount=0,
	timeoutsHolder=null,
	inAuth=0,
	touch=1676926253205}
[DEBUG] Closing Channel [id: 0x6e8dac32, L:/127.0.0.1:54080 ! R:localhost/127.0.0.1:54065] 
[DEBUG] Unexpected I/O exception on channel [id: 0x45863199, L:/127.0.0.1:54079 - R:localhost/127.0.0.1:54065]
java.net.SocketException: Connection reset
	at java.base/sun.nio.ch.SocketChannelImpl.throwConnectionReset(SocketChannelImpl.java:394) ~[na:na]
	at java.base/sun.nio.ch.SocketChannelImpl.read(SocketChannelImpl.java:426) ~[na:na]
	at io.netty.buffer.PooledByteBuf.setBytes(PooledByteBuf.java:259) ~[netty-buffer-4.1.84.Final.jar:4.1.84.Final]
	at io.netty.buffer.AbstractByteBuf.writeBytes(AbstractByteBuf.java:1132) ~[netty-buffer-4.1.84.Final.jar:4.1.84.Final]
	at io.netty.channel.socket.nio.NioSocketChannel.doReadBytes(NioSocketChannel.java:357) ~[netty-transport-4.1.84.Final.jar:4.1.84.Final]
	at io.netty.channel.nio.AbstractNioByteChannel$NioByteUnsafe.read(AbstractNioByteChannel.java:151) ~[netty-transport-4.1.84.Final.jar:4.1.84.Final]
	at io.netty.channel.nio.NioEventLoop.processSelectedKey(NioEventLoop.java:788) ~[netty-transport-4.1.84.Final.jar:4.1.84.Final]
	at io.netty.channel.nio.NioEventLoop.processSelectedKeysOptimized(NioEventLoop.java:724) ~[netty-transport-4.1.84.Final.jar:4.1.84.Final]
	at io.netty.channel.nio.NioEventLoop.processSelectedKeys(NioEventLoop.java:650) ~[netty-transport-4.1.84.Final.jar:4.1.84.Final]
	at io.netty.channel.nio.NioEventLoop.run(NioEventLoop.java:562) ~[netty-transport-4.1.84.Final.jar:4.1.84.Final]
	at io.netty.util.concurrent.SingleThreadEventExecutor$4.run(SingleThreadEventExecutor.java:997) ~[netty-common-4.1.84.Final.jar:4.1.84.Final]
	at io.netty.util.internal.ThreadExecutorMap$2.run(ThreadExecutorMap.java:74) ~[netty-common-4.1.84.Final.jar:4.1.84.Final]
	at io.netty.util.concurrent.FastThreadLocalRunnable.run(FastThreadLocalRunnable.java:30) ~[netty-common-4.1.84.Final.jar:4.1.84.Final]
	at java.base/java.lang.Thread.run(Thread.java:833) ~[na:na]
[DEBUG] Closing Channel [id: 0x45863199, L:/127.0.0.1:54079 - R:localhost/127.0.0.1:54065] 
[DEBUG] Channel Closed: [id: 0x45863199, L:/127.0.0.1:54079 ! R:localhost/127.0.0.1:54065] with attribute DISCARD
[DEBUG] 

Request DefaultFullHttpRequest(decodeResult: success, version: HTTP/1.1, content: EmptyByteBufBE)
DELETE /session/67c054285278ccd4a59a3c8625af4372 HTTP/1.1
User-Agent: selenium/4.6.0 (java windows)
Content-Type: application/json; charset=utf-8
host: localhost:44090
accept: */*

Response DefaultHttpResponse(decodeResult: success, version: HTTP/1.1)
HTTP/1.1 200 OK
Content-Type: application/json; charset=utf-8
cache-control: no-cache
content-length: 14

[DEBUG] Adding key: http://localhost:44090 for channel [id: 0xd1d86906, L:/127.0.0.1:54062 - R:localhost/127.0.0.1:44090]
[DEBUG] Channel Closed: [id: 0xd1d86906, L:/127.0.0.1:54062 ! R:localhost/127.0.0.1:44090] with attribute DISCARD
[DEBUG] Entry count for : http://localhost:54065 : 1
[DEBUG] Entry count for : http://localhost:44090 : 1
[DEBUG] Adding Candidate expired Channel [id: 0x45863199, L:/127.0.0.1:54079 ! R:localhost/127.0.0.1:54065] isIdleTimeoutExpired=false isRemotelyClosed=true isTtlExpired=false
[DEBUG] Closing Idle Channel [id: 0x45863199, L:/127.0.0.1:54079 ! R:localhost/127.0.0.1:54065]
[DEBUG] Adding Candidate expired Channel [id: 0xd1d86906, L:/127.0.0.1:54062 ! R:localhost/127.0.0.1:44090] isIdleTimeoutExpired=false isRemotelyClosed=true isTtlExpired=false
[DEBUG] Closing Idle Channel [id: 0xd1d86906, L:/127.0.0.1:54062 ! R:localhost/127.0.0.1:44090]
[DEBUG] Closed 2 connections out of 2 in 0 ms
]]></system-out>
    <system-err><![CDATA[Starting Microsoft Edge WebDriver 110.0.1587.50 (05bf83b2e806ffb3a92b68f835d6bee390b3797e) on port 44090
To submit feedback, report a bug, or suggest new features, please visit https://github.com/MicrosoftEdge/EdgeWebDriver

Only local connections are allowed.
Please see https://aka.ms/WebDriverSecurity for suggestions on keeping Microsoft Edge WebDriver safe.

Microsoft Edge WebDriver was started successfully.
[1676926252.337][WARNING]: virtual void DevToolsClientImpl::AddListener(DevToolsEventListener *) subscribing a listener to the already connected DevToolsClient. Connection notification will not arrive.
Feb 21, 2023 2:20:53 AM org.openqa.selenium.devtools.CdpVersionFinder findNearestMatch
WARNING: Unable to find an exact match for CDP version 110, so returning the closest version found: 107
]]></system-err>
  </testcase>
</testsuite>