<?xml version="1.0" encoding="UTF-8"?>
<testsuite xmlns:xsi="http://www.w3.org/2001/XMLSchema-instance" xsi:noNamespaceSchemaLocation="https://maven.apache.org/surefire/maven-failsafe-plugin/xsd/failsafe-test-report-3.0.xsd" version="3.0" name="Navigate to Holiday List on LMS, validate the count of Public Holidays and generate report" time="42.75" tests="1" errors="0" skipped="0" failures="0">
  <properties>
    <property name="java.specification.version" value="17"/>
    <property name="sun.cpu.isalist" value="amd64"/>
    <property name="sun.jnu.encoding" value="Cp1252"/>
    <property name="java.class.path" value="C:\Users\Aparna.Venugopal\eclipse\ShiftGear_CapstoneProj_LMS\target\test-classes;C:\Users\Aparna.Venugopal\eclipse\ShiftGear_CapstoneProj_LMS\target\ShiftGear_CapstoneProj_LMS-0.0.1-SNAPSHOT.jar;C:\Users\Aparna.Venugopal\.m2\repository\io\cucumber\cucumber-core\7.10.1\cucumber-core-7.10.1.jar;C:\Users\Aparna.Venugopal\.m2\repository\io\cucumber\cucumber-gherkin\7.10.1\cucumber-gherkin-7.10.1.jar;C:\Users\Aparna.Venugopal\.m2\repository\io\cucumber\cucumber-gherkin-messages\7.10.1\cucumber-gherkin-messages-7.10.1.jar;C:\Users\Aparna.Venugopal\.m2\repository\io\cucumber\messages\19.1.4\messages-19.1.4.jar;C:\Users\Aparna.Venugopal\.m2\repository\io\cucumber\tag-expressions\4.1.0\tag-expressions-4.1.0.jar;C:\Users\Aparna.Venugopal\.m2\repository\io\cucumber\cucumber-expressions\16.1.1\cucumber-expressions-16.1.1.jar;C:\Users\Aparna.Venugopal\.m2\repository\io\cucumber\datatable\7.10.1\datatable-7.10.1.jar;C:\Users\Aparna.Venugopal\.m2\repository\io\cucumber\cucumber-plugin\7.10.1\cucumber-plugin-7.10.1.jar;C:\Users\Aparna.Venugopal\.m2\repository\io\cucumber\docstring\7.10.1\docstring-7.10.1.jar;C:\Users\Aparna.Venugopal\.m2\repository\io\cucumber\html-formatter\20.2.0\html-formatter-20.2.0.jar;C:\Users\Aparna.Venugopal\.m2\repository\io\cucumber\ci-environment\9.1.0\ci-environment-9.1.0.jar;C:\Users\Aparna.Venugopal\.m2\repository\org\apiguardian\apiguardian-api\1.1.2\apiguardian-api-1.1.2.jar;C:\Users\Aparna.Venugopal\.m2\repository\io\cucumber\cucumber-java\7.10.1\cucumber-java-7.10.1.jar;C:\Users\Aparna.Venugopal\.m2\repository\io\cucumber\cucumber-junit\7.10.1\cucumber-junit-7.10.1.jar;C:\Users\Aparna.Venugopal\.m2\repository\io\cucumber\cucumber-jvm-deps\1.0.6\cucumber-jvm-deps-1.0.6.jar;C:\Users\Aparna.Venugopal\.m2\repository\net\masterthought\cucumber-reporting\5.7.4\cucumber-reporting-5.7.4.jar;C:\Users\Aparna.Venugopal\.m2\repository\com\fasterxml\jackson\core\jackson-databind\2.13.2.2\jackson-databind-2.13.2.2.jar;C:\Users\Aparna.Venugopal\.m2\repository\com\fasterxml\jackson\core\jackson-annotations\2.13.2\jackson-annotations-2.13.2.jar;C:\Users\Aparna.Venugopal\.m2\repository\com\fasterxml\jackson\core\jackson-core\2.13.2\jackson-core-2.13.2.jar;C:\Users\Aparna.Venugopal\.m2\repository\com\fasterxml\jackson\datatype\jackson-datatype-jsr310\2.13.2\jackson-datatype-jsr310-2.13.2.jar;C:\Users\Aparna.Venugopal\.m2\repository\org\apache\velocity\velocity-engine-core\2.3\velocity-engine-core-2.3.jar;C:\Users\Aparna.Venugopal\.m2\repository\org\apache\commons\commons-collections4\4.4\commons-collections4-4.4.jar;C:\Users\Aparna.Venugopal\.m2\repository\joda-time\joda-time\2.10.14\joda-time-2.10.14.jar;C:\Users\Aparna.Venugopal\.m2\repository\org\apache\commons\commons-lang3\3.12.0\commons-lang3-3.12.0.jar;C:\Users\Aparna.Venugopal\.m2\repository\org\codehaus\plexus\plexus-utils\3.4.2\plexus-utils-3.4.2.jar;C:\Users\Aparna.Venugopal\.m2\repository\org\jsoup\jsoup\1.15.3\jsoup-1.15.3.jar;C:\Users\Aparna.Venugopal\.m2\repository\com\google\guava\guava\31.1-jre\guava-31.1-jre.jar;C:\Users\Aparna.Venugopal\.m2\repository\com\google\guava\failureaccess\1.0.1\failureaccess-1.0.1.jar;C:\Users\Aparna.Venugopal\.m2\repository\com\google\guava\listenablefuture\9999.0-empty-to-avoid-conflict-with-guava\listenablefuture-9999.0-empty-to-avoid-conflict-with-guava.jar;C:\Users\Aparna.Venugopal\.m2\repository\com\google\code\findbugs\jsr305\3.0.2\jsr305-3.0.2.jar;C:\Users\Aparna.Venugopal\.m2\repository\org\checkerframework\checker-qual\3.12.0\checker-qual-3.12.0.jar;C:\Users\Aparna.Venugopal\.m2\repository\com\google\errorprone\error_prone_annotations\2.11.0\error_prone_annotations-2.11.0.jar;C:\Users\Aparna.Venugopal\.m2\repository\com\google\j2objc\j2objc-annotations\1.3\j2objc-annotations-1.3.jar;C:\Users\Aparna.Venugopal\.m2\repository\com\googlecode\owasp-java-html-sanitizer\owasp-java-html-sanitizer\20211018.2\owasp-java-html-sanitizer-20211018.2.jar;C:\Users\Aparna.Venugopal\.m2\repository\commons-configuration\commons-configuration\1.10\commons-configuration-1.10.jar;C:\Users\Aparna.Venugopal\.m2\repository\commons-lang\commons-lang\2.6\commons-lang-2.6.jar;C:\Users\Aparna.Venugopal\.m2\repository\commons-logging\commons-logging\1.1.1\commons-logging-1.1.1.jar;C:\Users\Aparna.Venugopal\.m2\repository\io\cucumber\gherkin\26.0.3\gherkin-26.0.3.jar;C:\Users\Aparna.Venugopal\.m2\repository\junit\junit\4.13.2\junit-4.13.2.jar;C:\Users\Aparna.Venugopal\.m2\repository\org\hamcrest\hamcrest-core\1.3\hamcrest-core-1.3.jar;C:\Users\Aparna.Venugopal\.m2\repository\org\mockito\mockito-all\1.10.19\mockito-all-1.10.19.jar;C:\Users\Aparna.Venugopal\.m2\repository\net\sourceforge\cobertura\cobertura\2.1.1\cobertura-2.1.1.jar;C:\Users\Aparna.Venugopal\.m2\repository\org\ow2\asm\asm\5.0.1\asm-5.0.1.jar;C:\Users\Aparna.Venugopal\.m2\repository\org\ow2\asm\asm-tree\5.0.1\asm-tree-5.0.1.jar;C:\Users\Aparna.Venugopal\.m2\repository\org\ow2\asm\asm-commons\5.0.1\asm-commons-5.0.1.jar;C:\Users\Aparna.Venugopal\.m2\repository\org\ow2\asm\asm-util\5.0.1\asm-util-5.0.1.jar;C:\Users\Aparna.Venugopal\.m2\repository\org\ow2\asm\asm-analysis\5.0.1\asm-analysis-5.0.1.jar;C:\Users\Aparna.Venugopal\.m2\repository\oro\oro\2.0.8\oro-2.0.8.jar;C:\Users\Aparna.Venugopal\.m2\repository\jaxen\jaxen\1.1.4\jaxen-1.1.4.jar;C:\Users\Aparna.Venugopal\.m2\repository\org\apache\ant\ant\1.8.3\ant-1.8.3.jar;C:\Users\Aparna.Venugopal\.m2\repository\org\apache\ant\ant-launcher\1.8.3\ant-launcher-1.8.3.jar;C:\Users\Aparna.Venugopal\.m2\repository\org\apache\ant\ant-junit\1.8.3\ant-junit-1.8.3.jar;C:\Users\Aparna.Venugopal\.m2\repository\org\mortbay\jetty\servlet-api-2.5\6.1.14\servlet-api-2.5-6.1.14.jar;C:\Users\Aparna.Venugopal\.m2\repository\org\mortbay\jetty\jetty\6.1.14\jetty-6.1.14.jar;C:\Users\Aparna.Venugopal\.m2\repository\org\mortbay\jetty\jetty-util\6.1.14\jetty-util-6.1.14.jar;C:\Users\Aparna.Venugopal\.m2\repository\org\slf4j\slf4j-api\1.7.5\slf4j-api-1.7.5.jar;C:\Users\Aparna.Venugopal\.m2\repository\ch\qos\logback\logback-classic\1.0.13\logback-classic-1.0.13.jar;C:\Users\Aparna.Venugopal\.m2\repository\ch\qos\logback\logback-core\1.0.13\logback-core-1.0.13.jar;C:\Users\Aparna.Venugopal\.m2\repository\org\seleniumhq\selenium\selenium-java\4.6.0\selenium-java-4.6.0.jar;C:\Users\Aparna.Venugopal\.m2\repository\org\seleniumhq\selenium\selenium-api\4.6.0\selenium-api-4.6.0.jar;C:\Users\Aparna.Venugopal\.m2\repository\org\seleniumhq\selenium\selenium-chrome-driver\4.6.0\selenium-chrome-driver-4.6.0.jar;C:\Users\Aparna.Venugopal\.m2\repository\com\google\auto\service\auto-service-annotations\1.0.1\auto-service-annotations-1.0.1.jar;C:\Users\Aparna.Venugopal\.m2\repository\com\google\auto\service\auto-service\1.0.1\auto-service-1.0.1.jar;C:\Users\Aparna.Venugopal\.m2\repository\com\google\auto\auto-common\1.2\auto-common-1.2.jar;C:\Users\Aparna.Venugopal\.m2\repository\org\seleniumhq\selenium\selenium-chromium-driver\4.6.0\selenium-chromium-driver-4.6.0.jar;C:\Users\Aparna.Venugopal\.m2\repository\org\seleniumhq\selenium\selenium-json\4.6.0\selenium-json-4.6.0.jar;C:\Users\Aparna.Venugopal\.m2\repository\org\seleniumhq\selenium\selenium-devtools-v105\4.6.0\selenium-devtools-v105-4.6.0.jar;C:\Users\Aparna.Venugopal\.m2\repository\org\seleniumhq\selenium\selenium-devtools-v106\4.6.0\selenium-devtools-v106-4.6.0.jar;C:\Users\Aparna.Venugopal\.m2\repository\org\seleniumhq\selenium\selenium-devtools-v107\4.6.0\selenium-devtools-v107-4.6.0.jar;C:\Users\Aparna.Venugopal\.m2\repository\org\seleniumhq\selenium\selenium-devtools-v85\4.6.0\selenium-devtools-v85-4.6.0.jar;C:\Users\Aparna.Venugopal\.m2\repository\org\seleniumhq\selenium\selenium-edge-driver\4.6.0\selenium-edge-driver-4.6.0.jar;C:\Users\Aparna.Venugopal\.m2\repository\org\seleniumhq\selenium\selenium-firefox-driver\4.6.0\selenium-firefox-driver-4.6.0.jar;C:\Users\Aparna.Venugopal\.m2\repository\org\seleniumhq\selenium\selenium-ie-driver\4.6.0\selenium-ie-driver-4.6.0.jar;C:\Users\Aparna.Venugopal\.m2\repository\org\seleniumhq\selenium\selenium-remote-driver\4.6.0\selenium-remote-driver-4.6.0.jar;C:\Users\Aparna.Venugopal\.m2\repository\com\beust\jcommander\1.82\jcommander-1.82.jar;C:\Users\Aparna.Venugopal\.m2\repository\io\netty\netty-buffer\4.1.84.Final\netty-buffer-4.1.84.Final.jar;C:\Users\Aparna.Venugopal\.m2\repository\io\netty\netty-codec-http\4.1.84.Final\netty-codec-http-4.1.84.Final.jar;C:\Users\Aparna.Venugopal\.m2\repository\io\netty\netty-codec\4.1.84.Final\netty-codec-4.1.84.Final.jar;C:\Users\Aparna.Venugopal\.m2\repository\io\netty\netty-handler\4.1.84.Final\netty-handler-4.1.84.Final.jar;C:\Users\Aparna.Venugopal\.m2\repository\io\netty\netty-common\4.1.84.Final\netty-common-4.1.84.Final.jar;C:\Users\Aparna.Venugopal\.m2\repository\io\netty\netty-transport-classes-epoll\4.1.84.Final\netty-transport-classes-epoll-4.1.84.Final.jar;C:\Users\Aparna.Venugopal\.m2\repository\io\netty\netty-transport-classes-kqueue\4.1.84.Final\netty-transport-classes-kqueue-4.1.84.Final.jar;C:\Users\Aparna.Venugopal\.m2\repository\io\netty\netty-transport-native-epoll\4.1.84.Final\netty-transport-native-epoll-4.1.84.Final.jar;C:\Users\Aparna.Venugopal\.m2\repository\io\netty\netty-transport-native-kqueue\4.1.84.Final\netty-transport-native-kqueue-4.1.84.Final.jar;C:\Users\Aparna.Venugopal\.m2\repository\io\netty\netty-transport-native-unix-common\4.1.84.Final\netty-transport-native-unix-common-4.1.84.Final.jar;C:\Users\Aparna.Venugopal\.m2\repository\io\netty\netty-transport\4.1.84.Final\netty-transport-4.1.84.Final.jar;C:\Users\Aparna.Venugopal\.m2\repository\io\netty\netty-resolver\4.1.84.Final\netty-resolver-4.1.84.Final.jar;C:\Users\Aparna.Venugopal\.m2\repository\io\opentelemetry\opentelemetry-api\1.19.0\opentelemetry-api-1.19.0.jar;C:\Users\Aparna.Venugopal\.m2\repository\io\opentelemetry\opentelemetry-context\1.19.0\opentelemetry-context-1.19.0.jar;C:\Users\Aparna.Venugopal\.m2\repository\io\opentelemetry\opentelemetry-exporter-logging\1.19.0\opentelemetry-exporter-logging-1.19.0.jar;C:\Users\Aparna.Venugopal\.m2\repository\io\opentelemetry\opentelemetry-sdk-metrics\1.19.0\opentelemetry-sdk-metrics-1.19.0.jar;C:\Users\Aparna.Venugopal\.m2\repository\io\opentelemetry\opentelemetry-sdk-logs\1.19.0-alpha\opentelemetry-sdk-logs-1.19.0-alpha.jar;C:\Users\Aparna.Venugopal\.m2\repository\io\opentelemetry\opentelemetry-api-logs\1.19.0-alpha\opentelemetry-api-logs-1.19.0-alpha.jar;C:\Users\Aparna.Venugopal\.m2\repository\io\opentelemetry\opentelemetry-sdk-common\1.19.0\opentelemetry-sdk-common-1.19.0.jar;C:\Users\Aparna.Venugopal\.m2\repository\io\opentelemetry\opentelemetry-sdk-extension-autoconfigure-spi\1.19.0\opentelemetry-sdk-extension-autoconfigure-spi-1.19.0.jar;C:\Users\Aparna.Venugopal\.m2\repository\io\opentelemetry\opentelemetry-sdk-extension-autoconfigure\1.19.0-alpha\opentelemetry-sdk-extension-autoconfigure-1.19.0-alpha.jar;C:\Users\Aparna.Venugopal\.m2\repository\io\opentelemetry\opentelemetry-exporter-common\1.19.0\opentelemetry-exporter-common-1.19.0.jar;C:\Users\Aparna.Venugopal\.m2\repository\io\opentelemetry\opentelemetry-sdk-trace\1.19.0\opentelemetry-sdk-trace-1.19.0.jar;C:\Users\Aparna.Venugopal\.m2\repository\io\opentelemetry\opentelemetry-sdk\1.19.0\opentelemetry-sdk-1.19.0.jar;C:\Users\Aparna.Venugopal\.m2\repository\io\opentelemetry\opentelemetry-semconv\1.19.0-alpha\opentelemetry-semconv-1.19.0-alpha.jar;C:\Users\Aparna.Venugopal\.m2\repository\io\ous\jtoml\2.0.0\jtoml-2.0.0.jar;C:\Users\Aparna.Venugopal\.m2\repository\net\bytebuddy\byte-buddy\1.12.18\byte-buddy-1.12.18.jar;C:\Users\Aparna.Venugopal\.m2\repository\org\apache\commons\commons-exec\1.3\commons-exec-1.3.jar;C:\Users\Aparna.Venugopal\.m2\repository\org\asynchttpclient\async-http-client\2.12.3\async-http-client-2.12.3.jar;C:\Users\Aparna.Venugopal\.m2\repository\org\asynchttpclient\async-http-client-netty-utils\2.12.3\async-http-client-netty-utils-2.12.3.jar;C:\Users\Aparna.Venugopal\.m2\repository\io\netty\netty-codec-socks\4.1.60.Final\netty-codec-socks-4.1.60.Final.jar;C:\Users\Aparna.Venugopal\.m2\repository\io\netty\netty-handler-proxy\4.1.60.Final\netty-handler-proxy-4.1.60.Final.jar;C:\Users\Aparna.Venugopal\.m2\repository\io\netty\netty-transport-native-epoll\4.1.60.Final\netty-transport-native-epoll-4.1.60.Final-linux-x86_64.jar;C:\Users\Aparna.Venugopal\.m2\repository\io\netty\netty-transport-native-kqueue\4.1.60.Final\netty-transport-native-kqueue-4.1.60.Final-osx-x86_64.jar;C:\Users\Aparna.Venugopal\.m2\repository\com\typesafe\netty\netty-reactive-streams\2.0.4\netty-reactive-streams-2.0.4.jar;C:\Users\Aparna.Venugopal\.m2\repository\com\sun\activation\jakarta.activation\1.2.2\jakarta.activation-1.2.2.jar;C:\Users\Aparna.Venugopal\.m2\repository\org\seleniumhq\selenium\selenium-http\4.6.0\selenium-http-4.6.0.jar;C:\Users\Aparna.Venugopal\.m2\repository\dev\failsafe\failsafe\3.3.0\failsafe-3.3.0.jar;C:\Users\Aparna.Venugopal\.m2\repository\org\seleniumhq\selenium\selenium-manager\4.6.0\selenium-manager-4.6.0.jar;C:\Users\Aparna.Venugopal\.m2\repository\org\seleniumhq\selenium\selenium-safari-driver\4.6.0\selenium-safari-driver-4.6.0.jar;C:\Users\Aparna.Venugopal\.m2\repository\org\seleniumhq\selenium\selenium-support\4.6.0\selenium-support-4.6.0.jar;C:\Users\Aparna.Venugopal\.m2\repository\io\github\bonigarcia\webdrivermanager\5.3.2\webdrivermanager-5.3.2.jar;C:\Users\Aparna.Venugopal\.m2\repository\com\google\code\gson\gson\2.10.1\gson-2.10.1.jar;C:\Users\Aparna.Venugopal\.m2\repository\com\github\docker-java\docker-java\3.2.14\docker-java-3.2.14.jar;C:\Users\Aparna.Venugopal\.m2\repository\com\github\docker-java\docker-java-core\3.2.14\docker-java-core-3.2.14.jar;C:\Users\Aparna.Venugopal\.m2\repository\com\github\docker-java\docker-java-api\3.2.14\docker-java-api-3.2.14.jar;C:\Users\Aparna.Venugopal\.m2\repository\org\bouncycastle\bcpkix-jdk15on\1.64\bcpkix-jdk15on-1.64.jar;C:\Users\Aparna.Venugopal\.m2\repository\org\bouncycastle\bcprov-jdk15on\1.64\bcprov-jdk15on-1.64.jar;C:\Users\Aparna.Venugopal\.m2\repository\org\slf4j\jcl-over-slf4j\1.7.30\jcl-over-slf4j-1.7.30.jar;C:\Users\Aparna.Venugopal\.m2\repository\com\github\docker-java\docker-java-transport-httpclient5\3.2.14\docker-java-transport-httpclient5-3.2.14.jar;C:\Users\Aparna.Venugopal\.m2\repository\com\github\docker-java\docker-java-transport\3.2.14\docker-java-transport-3.2.14.jar;C:\Users\Aparna.Venugopal\.m2\repository\net\java\dev\jna\jna\5.12.1\jna-5.12.1.jar;C:\Users\Aparna.Venugopal\.m2\repository\org\brotli\dec\0.1.2\dec-0.1.2.jar;C:\Users\Aparna.Venugopal\.m2\repository\org\apache\httpcomponents\client5\httpclient5\5.2.1\httpclient5-5.2.1.jar;C:\Users\Aparna.Venugopal\.m2\repository\org\apache\httpcomponents\core5\httpcore5\5.2\httpcore5-5.2.jar;C:\Users\Aparna.Venugopal\.m2\repository\org\apache\httpcomponents\core5\httpcore5-h2\5.2\httpcore5-h2-5.2.jar;C:\Users\Aparna.Venugopal\.m2\repository\com\vimalselvam\cucumber-extentsreport\3.1.1\cucumber-extentsreport-3.1.1.jar;C:\Users\Aparna.Venugopal\.m2\repository\com\aventstack\extentreports\5.0.9\extentreports-5.0.9.jar;C:\Users\Aparna.Venugopal\.m2\repository\io\reactivex\rxjava3\rxjava\3.0.4\rxjava-3.0.4.jar;C:\Users\Aparna.Venugopal\.m2\repository\org\reactivestreams\reactive-streams\1.0.3\reactive-streams-1.0.3.jar;C:\Users\Aparna.Venugopal\.m2\repository\org\freemarker\freemarker\2.3.30\freemarker-2.3.30.jar;C:\Users\Aparna.Venugopal\.m2\repository\net\masterthought\maven-cucumber-reporting\5.7.4\maven-cucumber-reporting-5.7.4.jar;C:\Users\Aparna.Venugopal\.m2\repository\org\apache\maven\maven-plugin-api\3.8.6\maven-plugin-api-3.8.6.jar;C:\Users\Aparna.Venugopal\.m2\repository\org\apache\maven\maven-model\3.8.6\maven-model-3.8.6.jar;C:\Users\Aparna.Venugopal\.m2\repository\org\apache\maven\maven-artifact\3.8.6\maven-artifact-3.8.6.jar;C:\Users\Aparna.Venugopal\.m2\repository\org\eclipse\sisu\org.eclipse.sisu.plexus\0.3.5\org.eclipse.sisu.plexus-0.3.5.jar;C:\Users\Aparna.Venugopal\.m2\repository\javax\annotation\javax.annotation-api\1.2\javax.annotation-api-1.2.jar;C:\Users\Aparna.Venugopal\.m2\repository\org\eclipse\sisu\org.eclipse.sisu.inject\0.3.5\org.eclipse.sisu.inject-0.3.5.jar;C:\Users\Aparna.Venugopal\.m2\repository\org\codehaus\plexus\plexus-component-annotations\1.5.5\plexus-component-annotations-1.5.5.jar;C:\Users\Aparna.Venugopal\.m2\repository\org\codehaus\plexus\plexus-classworlds\2.6.0\plexus-classworlds-2.6.0.jar;C:\Users\Aparna.Venugopal\.m2\repository\commons-collections\commons-collections\3.2.2\commons-collections-3.2.2.jar;C:\Users\Aparna.Venugopal\.m2\repository\tech\grasshopper\extentreports-cucumber7-adapter\1.10.1\extentreports-cucumber7-adapter-1.10.1.jar;C:\Users\Aparna.Venugopal\.m2\repository\com\aventstack\klov-reporter\5.0.9\klov-reporter-5.0.9.jar;C:\Users\Aparna.Venugopal\.m2\repository\org\mongodb\mongodb-driver\3.6.4\mongodb-driver-3.6.4.jar;C:\Users\Aparna.Venugopal\.m2\repository\org\mongodb\mongodb-driver-core\3.6.4\mongodb-driver-core-3.6.4.jar;C:\Users\Aparna.Venugopal\.m2\repository\org\mongodb\bson\3.6.4\bson-3.6.4.jar;C:\Users\Aparna.Venugopal\.m2\repository\org\apache\httpcomponents\httpclient\4.5.13\httpclient-4.5.13.jar;C:\Users\Aparna.Venugopal\.m2\repository\org\apache\httpcomponents\httpcore\4.4.13\httpcore-4.4.13.jar;C:\Users\Aparna.Venugopal\.m2\repository\org\apache\httpcomponents\httpmime\4.5.13\httpmime-4.5.13.jar;C:\Users\Aparna.Venugopal\.m2\repository\tech\grasshopper\htmlextentreporter\1.0.1\htmlextentreporter-1.0.1.jar;C:\Users\Aparna.Venugopal\.m2\repository\tech\grasshopper\extent-excel-report\1.3.0\extent-excel-report-1.3.0.jar;C:\Users\Aparna.Venugopal\.m2\repository\tech\grasshopper\extent-pdf-report\2.9.1\extent-pdf-report-2.9.1.jar;C:\Users\Aparna.Venugopal\.m2\repository\tech\grasshopper\cucumber-pdf-report\2.11.1\cucumber-pdf-report-2.11.1.jar;C:\Users\Aparna.Venugopal\.m2\repository\org\apache\pdfbox\pdfbox\2.0.26\pdfbox-2.0.26.jar;C:\Users\Aparna.Venugopal\.m2\repository\org\apache\pdfbox\fontbox\2.0.26\fontbox-2.0.26.jar;C:\Users\Aparna.Venugopal\.m2\repository\org\knowm\xchart\xchart\3.8.0\xchart-3.8.0.jar;C:\Users\Aparna.Venugopal\.m2\repository\de\erichseifert\vectorgraphics2d\VectorGraphics2D\0.13\VectorGraphics2D-0.13.jar;C:\Users\Aparna.Venugopal\.m2\repository\de\rototor\pdfbox\graphics2d\0.30\graphics2d-0.30.jar;C:\Users\Aparna.Venugopal\.m2\repository\com\madgag\animated-gif-lib\1.4\animated-gif-lib-1.4.jar;C:\Users\Aparna.Venugopal\.m2\repository\org\yaml\snakeyaml\1.28\snakeyaml-1.28.jar;C:\Users\Aparna.Venugopal\.m2\repository\tech\grasshopper\table-layout\1.5.1\table-layout-1.5.1.jar;C:\Users\Aparna.Venugopal\.m2\repository\tech\grasshopper\rest-assured-cucumber-pdf-report\1.4.1\rest-assured-cucumber-pdf-report-1.4.1.jar;C:\Users\Aparna.Venugopal\.m2\repository\commons-io\commons-io\2.11.0\commons-io-2.11.0.jar;C:\Users\Aparna.Venugopal\.m2\repository\org\apache\logging\log4j\log4j-core\2.19.0\log4j-core-2.19.0.jar;C:\Users\Aparna.Venugopal\.m2\repository\org\apache\logging\log4j\log4j-api\2.19.0\log4j-api-2.19.0.jar;C:\Users\Aparna.Venugopal\.m2\repository\org\apache\poi\poi\5.2.3\poi-5.2.3.jar;C:\Users\Aparna.Venugopal\.m2\repository\commons-codec\commons-codec\1.15\commons-codec-1.15.jar;C:\Users\Aparna.Venugopal\.m2\repository\org\apache\commons\commons-math3\3.6.1\commons-math3-3.6.1.jar;C:\Users\Aparna.Venugopal\.m2\repository\com\zaxxer\SparseBitSet\1.2\SparseBitSet-1.2.jar;C:\Users\Aparna.Venugopal\.m2\repository\org\apache\poi\poi-ooxml\5.2.3\poi-ooxml-5.2.3.jar;C:\Users\Aparna.Venugopal\.m2\repository\org\apache\poi\poi-ooxml-lite\5.2.3\poi-ooxml-lite-5.2.3.jar;C:\Users\Aparna.Venugopal\.m2\repository\org\apache\xmlbeans\xmlbeans\5.1.1\xmlbeans-5.1.1.jar;C:\Users\Aparna.Venugopal\.m2\repository\org\apache\commons\commons-compress\1.21\commons-compress-1.21.jar;C:\Users\Aparna.Venugopal\.m2\repository\com\github\virtuald\curvesapi\1.07\curvesapi-1.07.jar;C:\Users\Aparna.Venugopal\.m2\repository\org\apache\maven\surefire\surefire-junit4\3.0.0-M9\surefire-junit4-3.0.0-M9.jar;C:\Users\Aparna.Venugopal\.m2\repository\org\apache\maven\surefire\common-junit4\3.0.0-M9\common-junit4-3.0.0-M9.jar;C:\Users\Aparna.Venugopal\.m2\repository\org\apache\maven\surefire\common-junit3\3.0.0-M9\common-junit3-3.0.0-M9.jar;C:\Users\Aparna.Venugopal\.m2\repository\org\apache\maven\surefire\common-java5\3.0.0-M9\common-java5-3.0.0-M9.jar;C:\Users\Aparna.Venugopal\.m2\repository\org\apache\maven\surefire\surefire-api\3.0.0-M9\surefire-api-3.0.0-M9.jar;C:\Users\Aparna.Venugopal\.m2\repository\org\apache\maven\surefire\surefire-logger-api\3.0.0-M9\surefire-logger-api-3.0.0-M9.jar;C:\Users\Aparna.Venugopal\.m2\repository\org\apache\maven\surefire\surefire-shared-utils\3.0.0-M9\surefire-shared-utils-3.0.0-M9.jar;C:\Users\Aparna.Venugopal\.m2\repository\org\projectlombok\lombok\1.18.22\lombok-1.18.22.jar;"/>
    <property name="java.vm.vendor" value="Oracle Corporation"/>
    <property name="sun.arch.data.model" value="64"/>
    <property name="user.variant" value=""/>
    <property name="java.vendor.url" value="https://java.oracle.com/"/>
    <property name="user.timezone" value="Asia/Calcutta"/>
    <property name="os.name" value="Windows 10"/>
    <property name="java.vm.specification.version" value="17"/>
    <property name="sun.java.launcher" value="SUN_STANDARD"/>
    <property name="user.country" value="IN"/>
    <property name="sun.boot.library.path" value="C:\Program Files\Java\jdk-17.0.5\bin"/>
    <property name="sun.java.command" value="C:\Users\Aparna.Venugopal\AppData\Local\Temp\surefire12885003553129787344\surefirebooter-20230221114943148_3.jar C:\Users\Aparna.Venugopal\AppData\Local\Temp\surefire12885003553129787344 2023-02-21T11-49-41_594-jvmRun1 surefire-20230221114943148_1tmp surefire_0-20230221114943148_2tmp"/>
    <property name="jdk.debug" value="release"/>
    <property name="surefire.test.class.path" value="C:\Users\Aparna.Venugopal\eclipse\ShiftGear_CapstoneProj_LMS\target\test-classes;C:\Users\Aparna.Venugopal\eclipse\ShiftGear_CapstoneProj_LMS\target\ShiftGear_CapstoneProj_LMS-0.0.1-SNAPSHOT.jar;C:\Users\Aparna.Venugopal\.m2\repository\io\cucumber\cucumber-core\7.10.1\cucumber-core-7.10.1.jar;C:\Users\Aparna.Venugopal\.m2\repository\io\cucumber\cucumber-gherkin\7.10.1\cucumber-gherkin-7.10.1.jar;C:\Users\Aparna.Venugopal\.m2\repository\io\cucumber\cucumber-gherkin-messages\7.10.1\cucumber-gherkin-messages-7.10.1.jar;C:\Users\Aparna.Venugopal\.m2\repository\io\cucumber\messages\19.1.4\messages-19.1.4.jar;C:\Users\Aparna.Venugopal\.m2\repository\io\cucumber\tag-expressions\4.1.0\tag-expressions-4.1.0.jar;C:\Users\Aparna.Venugopal\.m2\repository\io\cucumber\cucumber-expressions\16.1.1\cucumber-expressions-16.1.1.jar;C:\Users\Aparna.Venugopal\.m2\repository\io\cucumber\datatable\7.10.1\datatable-7.10.1.jar;C:\Users\Aparna.Venugopal\.m2\repository\io\cucumber\cucumber-plugin\7.10.1\cucumber-plugin-7.10.1.jar;C:\Users\Aparna.Venugopal\.m2\repository\io\cucumber\docstring\7.10.1\docstring-7.10.1.jar;C:\Users\Aparna.Venugopal\.m2\repository\io\cucumber\html-formatter\20.2.0\html-formatter-20.2.0.jar;C:\Users\Aparna.Venugopal\.m2\repository\io\cucumber\ci-environment\9.1.0\ci-environment-9.1.0.jar;C:\Users\Aparna.Venugopal\.m2\repository\org\apiguardian\apiguardian-api\1.1.2\apiguardian-api-1.1.2.jar;C:\Users\Aparna.Venugopal\.m2\repository\io\cucumber\cucumber-java\7.10.1\cucumber-java-7.10.1.jar;C:\Users\Aparna.Venugopal\.m2\repository\io\cucumber\cucumber-junit\7.10.1\cucumber-junit-7.10.1.jar;C:\Users\Aparna.Venugopal\.m2\repository\io\cucumber\cucumber-jvm-deps\1.0.6\cucumber-jvm-deps-1.0.6.jar;C:\Users\Aparna.Venugopal\.m2\repository\net\masterthought\cucumber-reporting\5.7.4\cucumber-reporting-5.7.4.jar;C:\Users\Aparna.Venugopal\.m2\repository\com\fasterxml\jackson\core\jackson-databind\2.13.2.2\jackson-databind-2.13.2.2.jar;C:\Users\Aparna.Venugopal\.m2\repository\com\fasterxml\jackson\core\jackson-annotations\2.13.2\jackson-annotations-2.13.2.jar;C:\Users\Aparna.Venugopal\.m2\repository\com\fasterxml\jackson\core\jackson-core\2.13.2\jackson-core-2.13.2.jar;C:\Users\Aparna.Venugopal\.m2\repository\com\fasterxml\jackson\datatype\jackson-datatype-jsr310\2.13.2\jackson-datatype-jsr310-2.13.2.jar;C:\Users\Aparna.Venugopal\.m2\repository\org\apache\velocity\velocity-engine-core\2.3\velocity-engine-core-2.3.jar;C:\Users\Aparna.Venugopal\.m2\repository\org\apache\commons\commons-collections4\4.4\commons-collections4-4.4.jar;C:\Users\Aparna.Venugopal\.m2\repository\joda-time\joda-time\2.10.14\joda-time-2.10.14.jar;C:\Users\Aparna.Venugopal\.m2\repository\org\apache\commons\commons-lang3\3.12.0\commons-lang3-3.12.0.jar;C:\Users\Aparna.Venugopal\.m2\repository\org\codehaus\plexus\plexus-utils\3.4.2\plexus-utils-3.4.2.jar;C:\Users\Aparna.Venugopal\.m2\repository\org\jsoup\jsoup\1.15.3\jsoup-1.15.3.jar;C:\Users\Aparna.Venugopal\.m2\repository\com\google\guava\guava\31.1-jre\guava-31.1-jre.jar;C:\Users\Aparna.Venugopal\.m2\repository\com\google\guava\failureaccess\1.0.1\failureaccess-1.0.1.jar;C:\Users\Aparna.Venugopal\.m2\repository\com\google\guava\listenablefuture\9999.0-empty-to-avoid-conflict-with-guava\listenablefuture-9999.0-empty-to-avoid-conflict-with-guava.jar;C:\Users\Aparna.Venugopal\.m2\repository\com\google\code\findbugs\jsr305\3.0.2\jsr305-3.0.2.jar;C:\Users\Aparna.Venugopal\.m2\repository\org\checkerframework\checker-qual\3.12.0\checker-qual-3.12.0.jar;C:\Users\Aparna.Venugopal\.m2\repository\com\google\errorprone\error_prone_annotations\2.11.0\error_prone_annotations-2.11.0.jar;C:\Users\Aparna.Venugopal\.m2\repository\com\google\j2objc\j2objc-annotations\1.3\j2objc-annotations-1.3.jar;C:\Users\Aparna.Venugopal\.m2\repository\com\googlecode\owasp-java-html-sanitizer\owasp-java-html-sanitizer\20211018.2\owasp-java-html-sanitizer-20211018.2.jar;C:\Users\Aparna.Venugopal\.m2\repository\commons-configuration\commons-configuration\1.10\commons-configuration-1.10.jar;C:\Users\Aparna.Venugopal\.m2\repository\commons-lang\commons-lang\2.6\commons-lang-2.6.jar;C:\Users\Aparna.Venugopal\.m2\repository\commons-logging\commons-logging\1.1.1\commons-logging-1.1.1.jar;C:\Users\Aparna.Venugopal\.m2\repository\io\cucumber\gherkin\26.0.3\gherkin-26.0.3.jar;C:\Users\Aparna.Venugopal\.m2\repository\junit\junit\4.13.2\junit-4.13.2.jar;C:\Users\Aparna.Venugopal\.m2\repository\org\hamcrest\hamcrest-core\1.3\hamcrest-core-1.3.jar;C:\Users\Aparna.Venugopal\.m2\repository\org\mockito\mockito-all\1.10.19\mockito-all-1.10.19.jar;C:\Users\Aparna.Venugopal\.m2\repository\net\sourceforge\cobertura\cobertura\2.1.1\cobertura-2.1.1.jar;C:\Users\Aparna.Venugopal\.m2\repository\org\ow2\asm\asm\5.0.1\asm-5.0.1.jar;C:\Users\Aparna.Venugopal\.m2\repository\org\ow2\asm\asm-tree\5.0.1\asm-tree-5.0.1.jar;C:\Users\Aparna.Venugopal\.m2\repository\org\ow2\asm\asm-commons\5.0.1\asm-commons-5.0.1.jar;C:\Users\Aparna.Venugopal\.m2\repository\org\ow2\asm\asm-util\5.0.1\asm-util-5.0.1.jar;C:\Users\Aparna.Venugopal\.m2\repository\org\ow2\asm\asm-analysis\5.0.1\asm-analysis-5.0.1.jar;C:\Users\Aparna.Venugopal\.m2\repository\oro\oro\2.0.8\oro-2.0.8.jar;C:\Users\Aparna.Venugopal\.m2\repository\jaxen\jaxen\1.1.4\jaxen-1.1.4.jar;C:\Users\Aparna.Venugopal\.m2\repository\org\apache\ant\ant\1.8.3\ant-1.8.3.jar;C:\Users\Aparna.Venugopal\.m2\repository\org\apache\ant\ant-launcher\1.8.3\ant-launcher-1.8.3.jar;C:\Users\Aparna.Venugopal\.m2\repository\org\apache\ant\ant-junit\1.8.3\ant-junit-1.8.3.jar;C:\Users\Aparna.Venugopal\.m2\repository\org\mortbay\jetty\servlet-api-2.5\6.1.14\servlet-api-2.5-6.1.14.jar;C:\Users\Aparna.Venugopal\.m2\repository\org\mortbay\jetty\jetty\6.1.14\jetty-6.1.14.jar;C:\Users\Aparna.Venugopal\.m2\repository\org\mortbay\jetty\jetty-util\6.1.14\jetty-util-6.1.14.jar;C:\Users\Aparna.Venugopal\.m2\repository\org\slf4j\slf4j-api\1.7.5\slf4j-api-1.7.5.jar;C:\Users\Aparna.Venugopal\.m2\repository\ch\qos\logback\logback-classic\1.0.13\logback-classic-1.0.13.jar;C:\Users\Aparna.Venugopal\.m2\repository\ch\qos\logback\logback-core\1.0.13\logback-core-1.0.13.jar;C:\Users\Aparna.Venugopal\.m2\repository\org\seleniumhq\selenium\selenium-java\4.6.0\selenium-java-4.6.0.jar;C:\Users\Aparna.Venugopal\.m2\repository\org\seleniumhq\selenium\selenium-api\4.6.0\selenium-api-4.6.0.jar;C:\Users\Aparna.Venugopal\.m2\repository\org\seleniumhq\selenium\selenium-chrome-driver\4.6.0\selenium-chrome-driver-4.6.0.jar;C:\Users\Aparna.Venugopal\.m2\repository\com\google\auto\service\auto-service-annotations\1.0.1\auto-service-annotations-1.0.1.jar;C:\Users\Aparna.Venugopal\.m2\repository\com\google\auto\service\auto-service\1.0.1\auto-service-1.0.1.jar;C:\Users\Aparna.Venugopal\.m2\repository\com\google\auto\auto-common\1.2\auto-common-1.2.jar;C:\Users\Aparna.Venugopal\.m2\repository\org\seleniumhq\selenium\selenium-chromium-driver\4.6.0\selenium-chromium-driver-4.6.0.jar;C:\Users\Aparna.Venugopal\.m2\repository\org\seleniumhq\selenium\selenium-json\4.6.0\selenium-json-4.6.0.jar;C:\Users\Aparna.Venugopal\.m2\repository\org\seleniumhq\selenium\selenium-devtools-v105\4.6.0\selenium-devtools-v105-4.6.0.jar;C:\Users\Aparna.Venugopal\.m2\repository\org\seleniumhq\selenium\selenium-devtools-v106\4.6.0\selenium-devtools-v106-4.6.0.jar;C:\Users\Aparna.Venugopal\.m2\repository\org\seleniumhq\selenium\selenium-devtools-v107\4.6.0\selenium-devtools-v107-4.6.0.jar;C:\Users\Aparna.Venugopal\.m2\repository\org\seleniumhq\selenium\selenium-devtools-v85\4.6.0\selenium-devtools-v85-4.6.0.jar;C:\Users\Aparna.Venugopal\.m2\repository\org\seleniumhq\selenium\selenium-edge-driver\4.6.0\selenium-edge-driver-4.6.0.jar;C:\Users\Aparna.Venugopal\.m2\repository\org\seleniumhq\selenium\selenium-firefox-driver\4.6.0\selenium-firefox-driver-4.6.0.jar;C:\Users\Aparna.Venugopal\.m2\repository\org\seleniumhq\selenium\selenium-ie-driver\4.6.0\selenium-ie-driver-4.6.0.jar;C:\Users\Aparna.Venugopal\.m2\repository\org\seleniumhq\selenium\selenium-remote-driver\4.6.0\selenium-remote-driver-4.6.0.jar;C:\Users\Aparna.Venugopal\.m2\repository\com\beust\jcommander\1.82\jcommander-1.82.jar;C:\Users\Aparna.Venugopal\.m2\repository\io\netty\netty-buffer\4.1.84.Final\netty-buffer-4.1.84.Final.jar;C:\Users\Aparna.Venugopal\.m2\repository\io\netty\netty-codec-http\4.1.84.Final\netty-codec-http-4.1.84.Final.jar;C:\Users\Aparna.Venugopal\.m2\repository\io\netty\netty-codec\4.1.84.Final\netty-codec-4.1.84.Final.jar;C:\Users\Aparna.Venugopal\.m2\repository\io\netty\netty-handler\4.1.84.Final\netty-handler-4.1.84.Final.jar;C:\Users\Aparna.Venugopal\.m2\repository\io\netty\netty-common\4.1.84.Final\netty-common-4.1.84.Final.jar;C:\Users\Aparna.Venugopal\.m2\repository\io\netty\netty-transport-classes-epoll\4.1.84.Final\netty-transport-classes-epoll-4.1.84.Final.jar;C:\Users\Aparna.Venugopal\.m2\repository\io\netty\netty-transport-classes-kqueue\4.1.84.Final\netty-transport-classes-kqueue-4.1.84.Final.jar;C:\Users\Aparna.Venugopal\.m2\repository\io\netty\netty-transport-native-epoll\4.1.84.Final\netty-transport-native-epoll-4.1.84.Final.jar;C:\Users\Aparna.Venugopal\.m2\repository\io\netty\netty-transport-native-kqueue\4.1.84.Final\netty-transport-native-kqueue-4.1.84.Final.jar;C:\Users\Aparna.Venugopal\.m2\repository\io\netty\netty-transport-native-unix-common\4.1.84.Final\netty-transport-native-unix-common-4.1.84.Final.jar;C:\Users\Aparna.Venugopal\.m2\repository\io\netty\netty-transport\4.1.84.Final\netty-transport-4.1.84.Final.jar;C:\Users\Aparna.Venugopal\.m2\repository\io\netty\netty-resolver\4.1.84.Final\netty-resolver-4.1.84.Final.jar;C:\Users\Aparna.Venugopal\.m2\repository\io\opentelemetry\opentelemetry-api\1.19.0\opentelemetry-api-1.19.0.jar;C:\Users\Aparna.Venugopal\.m2\repository\io\opentelemetry\opentelemetry-context\1.19.0\opentelemetry-context-1.19.0.jar;C:\Users\Aparna.Venugopal\.m2\repository\io\opentelemetry\opentelemetry-exporter-logging\1.19.0\opentelemetry-exporter-logging-1.19.0.jar;C:\Users\Aparna.Venugopal\.m2\repository\io\opentelemetry\opentelemetry-sdk-metrics\1.19.0\opentelemetry-sdk-metrics-1.19.0.jar;C:\Users\Aparna.Venugopal\.m2\repository\io\opentelemetry\opentelemetry-sdk-logs\1.19.0-alpha\opentelemetry-sdk-logs-1.19.0-alpha.jar;C:\Users\Aparna.Venugopal\.m2\repository\io\opentelemetry\opentelemetry-api-logs\1.19.0-alpha\opentelemetry-api-logs-1.19.0-alpha.jar;C:\Users\Aparna.Venugopal\.m2\repository\io\opentelemetry\opentelemetry-sdk-common\1.19.0\opentelemetry-sdk-common-1.19.0.jar;C:\Users\Aparna.Venugopal\.m2\repository\io\opentelemetry\opentelemetry-sdk-extension-autoconfigure-spi\1.19.0\opentelemetry-sdk-extension-autoconfigure-spi-1.19.0.jar;C:\Users\Aparna.Venugopal\.m2\repository\io\opentelemetry\opentelemetry-sdk-extension-autoconfigure\1.19.0-alpha\opentelemetry-sdk-extension-autoconfigure-1.19.0-alpha.jar;C:\Users\Aparna.Venugopal\.m2\repository\io\opentelemetry\opentelemetry-exporter-common\1.19.0\opentelemetry-exporter-common-1.19.0.jar;C:\Users\Aparna.Venugopal\.m2\repository\io\opentelemetry\opentelemetry-sdk-trace\1.19.0\opentelemetry-sdk-trace-1.19.0.jar;C:\Users\Aparna.Venugopal\.m2\repository\io\opentelemetry\opentelemetry-sdk\1.19.0\opentelemetry-sdk-1.19.0.jar;C:\Users\Aparna.Venugopal\.m2\repository\io\opentelemetry\opentelemetry-semconv\1.19.0-alpha\opentelemetry-semconv-1.19.0-alpha.jar;C:\Users\Aparna.Venugopal\.m2\repository\io\ous\jtoml\2.0.0\jtoml-2.0.0.jar;C:\Users\Aparna.Venugopal\.m2\repository\net\bytebuddy\byte-buddy\1.12.18\byte-buddy-1.12.18.jar;C:\Users\Aparna.Venugopal\.m2\repository\org\apache\commons\commons-exec\1.3\commons-exec-1.3.jar;C:\Users\Aparna.Venugopal\.m2\repository\org\asynchttpclient\async-http-client\2.12.3\async-http-client-2.12.3.jar;C:\Users\Aparna.Venugopal\.m2\repository\org\asynchttpclient\async-http-client-netty-utils\2.12.3\async-http-client-netty-utils-2.12.3.jar;C:\Users\Aparna.Venugopal\.m2\repository\io\netty\netty-codec-socks\4.1.60.Final\netty-codec-socks-4.1.60.Final.jar;C:\Users\Aparna.Venugopal\.m2\repository\io\netty\netty-handler-proxy\4.1.60.Final\netty-handler-proxy-4.1.60.Final.jar;C:\Users\Aparna.Venugopal\.m2\repository\io\netty\netty-transport-native-epoll\4.1.60.Final\netty-transport-native-epoll-4.1.60.Final-linux-x86_64.jar;C:\Users\Aparna.Venugopal\.m2\repository\io\netty\netty-transport-native-kqueue\4.1.60.Final\netty-transport-native-kqueue-4.1.60.Final-osx-x86_64.jar;C:\Users\Aparna.Venugopal\.m2\repository\com\typesafe\netty\netty-reactive-streams\2.0.4\netty-reactive-streams-2.0.4.jar;C:\Users\Aparna.Venugopal\.m2\repository\com\sun\activation\jakarta.activation\1.2.2\jakarta.activation-1.2.2.jar;C:\Users\Aparna.Venugopal\.m2\repository\org\seleniumhq\selenium\selenium-http\4.6.0\selenium-http-4.6.0.jar;C:\Users\Aparna.Venugopal\.m2\repository\dev\failsafe\failsafe\3.3.0\failsafe-3.3.0.jar;C:\Users\Aparna.Venugopal\.m2\repository\org\seleniumhq\selenium\selenium-manager\4.6.0\selenium-manager-4.6.0.jar;C:\Users\Aparna.Venugopal\.m2\repository\org\seleniumhq\selenium\selenium-safari-driver\4.6.0\selenium-safari-driver-4.6.0.jar;C:\Users\Aparna.Venugopal\.m2\repository\org\seleniumhq\selenium\selenium-support\4.6.0\selenium-support-4.6.0.jar;C:\Users\Aparna.Venugopal\.m2\repository\io\github\bonigarcia\webdrivermanager\5.3.2\webdrivermanager-5.3.2.jar;C:\Users\Aparna.Venugopal\.m2\repository\com\google\code\gson\gson\2.10.1\gson-2.10.1.jar;C:\Users\Aparna.Venugopal\.m2\repository\com\github\docker-java\docker-java\3.2.14\docker-java-3.2.14.jar;C:\Users\Aparna.Venugopal\.m2\repository\com\github\docker-java\docker-java-core\3.2.14\docker-java-core-3.2.14.jar;C:\Users\Aparna.Venugopal\.m2\repository\com\github\docker-java\docker-java-api\3.2.14\docker-java-api-3.2.14.jar;C:\Users\Aparna.Venugopal\.m2\repository\org\bouncycastle\bcpkix-jdk15on\1.64\bcpkix-jdk15on-1.64.jar;C:\Users\Aparna.Venugopal\.m2\repository\org\bouncycastle\bcprov-jdk15on\1.64\bcprov-jdk15on-1.64.jar;C:\Users\Aparna.Venugopal\.m2\repository\org\slf4j\jcl-over-slf4j\1.7.30\jcl-over-slf4j-1.7.30.jar;C:\Users\Aparna.Venugopal\.m2\repository\com\github\docker-java\docker-java-transport-httpclient5\3.2.14\docker-java-transport-httpclient5-3.2.14.jar;C:\Users\Aparna.Venugopal\.m2\repository\com\github\docker-java\docker-java-transport\3.2.14\docker-java-transport-3.2.14.jar;C:\Users\Aparna.Venugopal\.m2\repository\net\java\dev\jna\jna\5.12.1\jna-5.12.1.jar;C:\Users\Aparna.Venugopal\.m2\repository\org\brotli\dec\0.1.2\dec-0.1.2.jar;C:\Users\Aparna.Venugopal\.m2\repository\org\apache\httpcomponents\client5\httpclient5\5.2.1\httpclient5-5.2.1.jar;C:\Users\Aparna.Venugopal\.m2\repository\org\apache\httpcomponents\core5\httpcore5\5.2\httpcore5-5.2.jar;C:\Users\Aparna.Venugopal\.m2\repository\org\apache\httpcomponents\core5\httpcore5-h2\5.2\httpcore5-h2-5.2.jar;C:\Users\Aparna.Venugopal\.m2\repository\com\vimalselvam\cucumber-extentsreport\3.1.1\cucumber-extentsreport-3.1.1.jar;C:\Users\Aparna.Venugopal\.m2\repository\com\aventstack\extentreports\5.0.9\extentreports-5.0.9.jar;C:\Users\Aparna.Venugopal\.m2\repository\io\reactivex\rxjava3\rxjava\3.0.4\rxjava-3.0.4.jar;C:\Users\Aparna.Venugopal\.m2\repository\org\reactivestreams\reactive-streams\1.0.3\reactive-streams-1.0.3.jar;C:\Users\Aparna.Venugopal\.m2\repository\org\freemarker\freemarker\2.3.30\freemarker-2.3.30.jar;C:\Users\Aparna.Venugopal\.m2\repository\net\masterthought\maven-cucumber-reporting\5.7.4\maven-cucumber-reporting-5.7.4.jar;C:\Users\Aparna.Venugopal\.m2\repository\org\apache\maven\maven-plugin-api\3.8.6\maven-plugin-api-3.8.6.jar;C:\Users\Aparna.Venugopal\.m2\repository\org\apache\maven\maven-model\3.8.6\maven-model-3.8.6.jar;C:\Users\Aparna.Venugopal\.m2\repository\org\apache\maven\maven-artifact\3.8.6\maven-artifact-3.8.6.jar;C:\Users\Aparna.Venugopal\.m2\repository\org\eclipse\sisu\org.eclipse.sisu.plexus\0.3.5\org.eclipse.sisu.plexus-0.3.5.jar;C:\Users\Aparna.Venugopal\.m2\repository\javax\annotation\javax.annotation-api\1.2\javax.annotation-api-1.2.jar;C:\Users\Aparna.Venugopal\.m2\repository\org\eclipse\sisu\org.eclipse.sisu.inject\0.3.5\org.eclipse.sisu.inject-0.3.5.jar;C:\Users\Aparna.Venugopal\.m2\repository\org\codehaus\plexus\plexus-component-annotations\1.5.5\plexus-component-annotations-1.5.5.jar;C:\Users\Aparna.Venugopal\.m2\repository\org\codehaus\plexus\plexus-classworlds\2.6.0\plexus-classworlds-2.6.0.jar;C:\Users\Aparna.Venugopal\.m2\repository\commons-collections\commons-collections\3.2.2\commons-collections-3.2.2.jar;C:\Users\Aparna.Venugopal\.m2\repository\tech\grasshopper\extentreports-cucumber7-adapter\1.10.1\extentreports-cucumber7-adapter-1.10.1.jar;C:\Users\Aparna.Venugopal\.m2\repository\com\aventstack\klov-reporter\5.0.9\klov-reporter-5.0.9.jar;C:\Users\Aparna.Venugopal\.m2\repository\org\mongodb\mongodb-driver\3.6.4\mongodb-driver-3.6.4.jar;C:\Users\Aparna.Venugopal\.m2\repository\org\mongodb\mongodb-driver-core\3.6.4\mongodb-driver-core-3.6.4.jar;C:\Users\Aparna.Venugopal\.m2\repository\org\mongodb\bson\3.6.4\bson-3.6.4.jar;C:\Users\Aparna.Venugopal\.m2\repository\org\apache\httpcomponents\httpclient\4.5.13\httpclient-4.5.13.jar;C:\Users\Aparna.Venugopal\.m2\repository\org\apache\httpcomponents\httpcore\4.4.13\httpcore-4.4.13.jar;C:\Users\Aparna.Venugopal\.m2\repository\org\apache\httpcomponents\httpmime\4.5.13\httpmime-4.5.13.jar;C:\Users\Aparna.Venugopal\.m2\repository\tech\grasshopper\htmlextentreporter\1.0.1\htmlextentreporter-1.0.1.jar;C:\Users\Aparna.Venugopal\.m2\repository\tech\grasshopper\extent-excel-report\1.3.0\extent-excel-report-1.3.0.jar;C:\Users\Aparna.Venugopal\.m2\repository\tech\grasshopper\extent-pdf-report\2.9.1\extent-pdf-report-2.9.1.jar;C:\Users\Aparna.Venugopal\.m2\repository\tech\grasshopper\cucumber-pdf-report\2.11.1\cucumber-pdf-report-2.11.1.jar;C:\Users\Aparna.Venugopal\.m2\repository\org\apache\pdfbox\pdfbox\2.0.26\pdfbox-2.0.26.jar;C:\Users\Aparna.Venugopal\.m2\repository\org\apache\pdfbox\fontbox\2.0.26\fontbox-2.0.26.jar;C:\Users\Aparna.Venugopal\.m2\repository\org\knowm\xchart\xchart\3.8.0\xchart-3.8.0.jar;C:\Users\Aparna.Venugopal\.m2\repository\de\erichseifert\vectorgraphics2d\VectorGraphics2D\0.13\VectorGraphics2D-0.13.jar;C:\Users\Aparna.Venugopal\.m2\repository\de\rototor\pdfbox\graphics2d\0.30\graphics2d-0.30.jar;C:\Users\Aparna.Venugopal\.m2\repository\com\madgag\animated-gif-lib\1.4\animated-gif-lib-1.4.jar;C:\Users\Aparna.Venugopal\.m2\repository\org\yaml\snakeyaml\1.28\snakeyaml-1.28.jar;C:\Users\Aparna.Venugopal\.m2\repository\tech\grasshopper\table-layout\1.5.1\table-layout-1.5.1.jar;C:\Users\Aparna.Venugopal\.m2\repository\tech\grasshopper\rest-assured-cucumber-pdf-report\1.4.1\rest-assured-cucumber-pdf-report-1.4.1.jar;C:\Users\Aparna.Venugopal\.m2\repository\commons-io\commons-io\2.11.0\commons-io-2.11.0.jar;C:\Users\Aparna.Venugopal\.m2\repository\org\apache\logging\log4j\log4j-core\2.19.0\log4j-core-2.19.0.jar;C:\Users\Aparna.Venugopal\.m2\repository\org\apache\logging\log4j\log4j-api\2.19.0\log4j-api-2.19.0.jar;C:\Users\Aparna.Venugopal\.m2\repository\org\apache\poi\poi\5.2.3\poi-5.2.3.jar;C:\Users\Aparna.Venugopal\.m2\repository\commons-codec\commons-codec\1.15\commons-codec-1.15.jar;C:\Users\Aparna.Venugopal\.m2\repository\org\apache\commons\commons-math3\3.6.1\commons-math3-3.6.1.jar;C:\Users\Aparna.Venugopal\.m2\repository\com\zaxxer\SparseBitSet\1.2\SparseBitSet-1.2.jar;C:\Users\Aparna.Venugopal\.m2\repository\org\apache\poi\poi-ooxml\5.2.3\poi-ooxml-5.2.3.jar;C:\Users\Aparna.Venugopal\.m2\repository\org\apache\poi\poi-ooxml-lite\5.2.3\poi-ooxml-lite-5.2.3.jar;C:\Users\Aparna.Venugopal\.m2\repository\org\apache\xmlbeans\xmlbeans\5.1.1\xmlbeans-5.1.1.jar;C:\Users\Aparna.Venugopal\.m2\repository\org\apache\commons\commons-compress\1.21\commons-compress-1.21.jar;C:\Users\Aparna.Venugopal\.m2\repository\com\github\virtuald\curvesapi\1.07\curvesapi-1.07.jar;C:\Users\Aparna.Venugopal\.m2\repository\org\apache\maven\surefire\surefire-junit4\3.0.0-M9\surefire-junit4-3.0.0-M9.jar;C:\Users\Aparna.Venugopal\.m2\repository\org\apache\maven\surefire\common-junit4\3.0.0-M9\common-junit4-3.0.0-M9.jar;C:\Users\Aparna.Venugopal\.m2\repository\org\apache\maven\surefire\common-junit3\3.0.0-M9\common-junit3-3.0.0-M9.jar;C:\Users\Aparna.Venugopal\.m2\repository\org\apache\maven\surefire\common-java5\3.0.0-M9\common-java5-3.0.0-M9.jar;C:\Users\Aparna.Venugopal\.m2\repository\org\apache\maven\surefire\surefire-api\3.0.0-M9\surefire-api-3.0.0-M9.jar;C:\Users\Aparna.Venugopal\.m2\repository\org\apache\maven\surefire\surefire-logger-api\3.0.0-M9\surefire-logger-api-3.0.0-M9.jar;C:\Users\Aparna.Venugopal\.m2\repository\org\apache\maven\surefire\surefire-shared-utils\3.0.0-M9\surefire-shared-utils-3.0.0-M9.jar;C:\Users\Aparna.Venugopal\.m2\repository\org\projectlombok\lombok\1.18.22\lombok-1.18.22.jar;"/>
    <property name="sun.cpu.endian" value="little"/>
    <property name="user.home" value="C:\Users\Aparna.Venugopal"/>
    <property name="user.language" value="en"/>
    <property name="java.specification.vendor" value="Oracle Corporation"/>
    <property name="java.version.date" value="2022-10-18"/>
    <property name="java.home" value="C:\Program Files\Java\jdk-17.0.5"/>
    <property name="file.separator" value="\"/>
    <property name="basedir" value="C:\Users\Aparna.Venugopal\eclipse\ShiftGear_CapstoneProj_LMS"/>
    <property name="java.vm.compressedOopsMode" value="Zero based"/>
    <property name="line.separator" value="&#10;"/>
    <property name="java.vm.specification.vendor" value="Oracle Corporation"/>
    <property name="java.specification.name" value="Java Platform API Specification"/>
    <property name="surefire.real.class.path" value="C:\Users\Aparna.Venugopal\AppData\Local\Temp\surefire12885003553129787344\surefirebooter-20230221114943148_3.jar"/>
    <property name="user.script" value=""/>
    <property name="sun.management.compiler" value="HotSpot 64-Bit Tiered Compilers"/>
    <property name="java.runtime.version" value="17.0.5+9-LTS-191"/>
    <property name="webdriver.edge.driver" value="C:\Users\Aparna.Venugopal\.cache\selenium\msedgedriver\win64\110.0.1587.50\msedgedriver.exe"/>
    <property name="user.name" value="Aparna.Venugopal"/>
    <property name="path.separator" value=";"/>
    <property name="os.version" value="10.0"/>
    <property name="java.runtime.name" value="Java(TM) SE Runtime Environment"/>
    <property name="file.encoding" value="Cp1252"/>
    <property name="java.vm.name" value="Java HotSpot(TM) 64-Bit Server VM"/>
    <property name="localRepository" value="C:\Users\Aparna.Venugopal\.m2\repository"/>
    <property name="java.vendor.url.bug" value="https://bugreport.java.com/bugreport/"/>
    <property name="java.io.tmpdir" value="C:\Users\APARNA~1.VEN\AppData\Local\Temp\"/>
    <property name="java.version" value="17.0.5"/>
    <property name="user.dir" value="C:\Users\Aparna.Venugopal\eclipse\ShiftGear_CapstoneProj_LMS"/>
    <property name="os.arch" value="amd64"/>
    <property name="java.vm.specification.name" value="Java Virtual Machine Specification"/>
    <property name="sun.os.patch.level" value=""/>
    <property name="native.encoding" value="Cp1252"/>
    <property name="java.library.path" value="C:\Program Files\Java\jdk-17.0.5\bin;C:\WINDOWS\Sun\Java\bin;C:\WINDOWS\system32;C:\WINDOWS;C:\Program Files\Common Files\Oracle\Java\javapath;C:\Program Files (x86)\Common Files\Oracle\Java\javapath;C:\Program Files\Microsoft MPI\Bin\;C:\WINDOWS\system32;C:\WINDOWS;C:\WINDOWS\System32\Wbem;C:\WINDOWS\System32\WindowsPowerShell\v1.0\;C:\WINDOWS\System32\OpenSSH\;C:\Program Files (x86)\Riverbed\Steelhead Mobile\;C:\Program Files\Microsoft SQL Server\Client SDK\ODBC\110\Tools\Binn\;C:\Program Files (x86)\Microsoft SQL Server\120\Tools\Binn\;C:\Program Files\Microsoft SQL Server\120\Tools\Binn\;C:\Program Files\Microsoft SQL Server\120\DTS\Binn\;C:\Program Files (x86)\Microsoft SQL Server\150\Tools\Binn\;C:\Program Files\Microsoft SQL Server\150\Tools\Binn\;C:\Program Files (x86)\Microsoft SQL Server\150\DTS\Binn\;C:\Program Files\Microsoft SQL Server\150\DTS\Binn\;C:\Program Files\Microsoft SQL Server\Client SDK\ODBC\170\Tools\Binn\;C:\Program Files\Azure Data Studio\bin;C:\Program Files\1E\Client\Extensibility\NomadBranch;C:\Program Files (x86)\Common Files\Hitachi ID\;C:\Program Files\Common Files\Hitachi ID\;C:\Program Files\Java\jdk-17.0.5\bin;C:\apache-maven-3.8.6\bin;C:\Program Files (x86)\Intel\Intel(R) Management Engine Components\DAL;C:\Program Files\Intel\Intel(R) Management Engine Components\DAL;C:\Program Files\dotnet\;C:\Users\Aparna.Venugopal\AppData\Local\Microsoft\WindowsApps;C:\Program Files\Azure Data Studio\bin;C:\Users\Aparna.Venugopal\AppData\Local\Programs\Microsoft VS Code\bin;C:\Program Files\Java\jdk-17.0.5\bin;C:\apache-maven-3.8.6\bin;C:\Users\Aparna.Venugopal\AppData\Local\Programs\Git\cmd;C:\Users\Aparna.Venugopal\.dotnet\tools;."/>
    <property name="java.vm.info" value="mixed mode, sharing"/>
    <property name="java.vendor" value="Oracle Corporation"/>
    <property name="java.vm.version" value="17.0.5+9-LTS-191"/>
    <property name="sun.io.unicode.encoding" value="UnicodeLittle"/>
    <property name="java.class.version" value="61.0"/>
  </properties>
  <testcase name="User is able to validate the count of Public Holidays on LMS and generate report" classname="Navigate to Holiday List on LMS, validate the count of Public Holidays and generate report" time="42.75">
    <system-out><![CDATA[
@LMSHolidayList
Scenario: User is able to validate the count of Public Holidays on LMS and generate report # src/test/resources/Features/TC002_LMSHolidayList.feature:13
browser value is: edge
[DEBUG] Resolution edge=110 in cache (valid until 12:37:50 21/02/2023 IST)
[DEBUG] Resolution edge110=110.0.1587.50 in cache (valid until 16:23:10 21/02/2023 IST)
[INFO] Using msedgedriver 110.0.1587.50 (resolved driver for Edge 110)
[DEBUG] Driver msedgedriver 110.0.1587.50 found in cache
[INFO] Exporting webdriver.edge.driver as C:\Users\Aparna.Venugopal\.cache\selenium\msedgedriver\win64\110.0.1587.50\msedgedriver.exe
[DEBUG] -Dio.netty.processId: 16328 (auto-detected)
[DEBUG] -Djava.net.preferIPv4Stack: false
[DEBUG] -Djava.net.preferIPv6Addresses: false
[DEBUG] Loopback interface: lo (Software Loopback Interface 1, 127.0.0.1)
[DEBUG] Failed to get SOMAXCONN from sysctl and file \proc\sys\net\core\somaxconn. Default: 200
[DEBUG] -Dio.netty.machineId: d4:d2:52:ff:fe:ea:cb:80 (auto-detected)
[DEBUG] -Dio.netty.buffer.checkAccessible: true
[DEBUG] -Dio.netty.buffer.checkBounds: true
[DEBUG] Loaded default ResourceLeakDetector: io.netty.util.ResourceLeakDetector@56e390a
[DEBUG] Using new Channel '[id: 0xe5765420, L:/127.0.0.1:59515 - R:localhost/127.0.0.1:2690]' for 'POST' to '/session'
[DEBUG] -Dio.netty.recycler.maxCapacityPerThread: 4096
[DEBUG] -Dio.netty.recycler.ratio: 8
[DEBUG] -Dio.netty.recycler.chunkSize: 32
[DEBUG] -Dio.netty.recycler.blocking: false
[DEBUG] brotli4j not in the classpath; Brotli support will be unavailable.
[DEBUG] 

Request DefaultHttpRequest(decodeResult: success, version: HTTP/1.1)
POST /session HTTP/1.1
User-Agent: selenium/4.6.0 (java windows)
Content-Length: 371
Content-Type: application/json; charset=utf-8
host: localhost:2690
accept: */*

Response DefaultHttpResponse(decodeResult: success, version: HTTP/1.1)
HTTP/1.1 200 OK
Content-Type: application/json; charset=utf-8
cache-control: no-cache
content-length: 762

[DEBUG] Adding key: http://localhost:2690 for channel [id: 0xe5765420, L:/127.0.0.1:59515 - R:localhost/127.0.0.1:2690]
[DEBUG] Using new Channel '[id: 0x98f71934, L:/127.0.0.1:59533 - R:localhost/127.0.0.1:59518]' for 'GET' to '/json/version'
[DEBUG] 

Request DefaultFullHttpRequest(decodeResult: success, version: HTTP/1.1, content: EmptyByteBufBE)
GET /json/version HTTP/1.1
User-Agent: selenium/4.6.0 (java windows)
host: localhost:59518
accept: */*

Response DefaultHttpResponse(decodeResult: success, version: HTTP/1.1)
HTTP/1.1 200 OK
Content-Security-Policy: frame-ancestors 'none'
Content-Type: application/json; charset=UTF-8
content-length: 436

[DEBUG] Adding key: http://localhost:59518 for channel [id: 0x98f71934, L:/127.0.0.1:59533 - R:localhost/127.0.0.1:59518]
[DEBUG] -Dio.netty.initialSeedUniquifier: 0x01c4ff5eb6d438f1
[DEBUG] Using new Channel '[id: 0x0c34dc0e, L:/127.0.0.1:59535 - R:localhost/127.0.0.1:59518]' for 'GET' to '/devtools/browser/a37ac6dc-e0f0-4d64-a271-87e34771ebe7'
[DEBUG] 

Request DefaultFullHttpRequest(decodeResult: success, version: HTTP/1.1, content: EmptyByteBufBE)
GET /devtools/browser/a37ac6dc-e0f0-4d64-a271-87e34771ebe7 HTTP/1.1
upgrade: websocket
connection: upgrade
sec-websocket-key: DJnYz9DgdtkaVqlbq2m1bg==
sec-websocket-version: 13
origin: http://localhost:59518
host: localhost:59518
accept: */*
user-agent: AHC/2.1

Response DefaultHttpResponse(decodeResult: success, version: HTTP/1.1)
HTTP/1.1 101 WebSocket Protocol Handshake
Upgrade: WebSocket
Connection: Upgrade
Sec-WebSocket-Accept: Ws+fqRzfXCugJ8ssQVhDNjcqjx0=

[DEBUG] Using pooled Channel '[id: 0xe5765420, L:/127.0.0.1:59515 - R:localhost/127.0.0.1:2690]' for 'POST' to 'http://localhost:2690/session/1d17cba2db6a7aededa6c8addbfcc1f0/window/maximize'
[DEBUG] Using open Channel [id: 0xe5765420, L:/127.0.0.1:59515 - R:localhost/127.0.0.1:2690] for POST '/session/1d17cba2db6a7aededa6c8addbfcc1f0/window/maximize'
[DEBUG] 

Request DefaultHttpRequest(decodeResult: success, version: HTTP/1.1)
POST /session/1d17cba2db6a7aededa6c8addbfcc1f0/window/maximize HTTP/1.1
User-Agent: selenium/4.6.0 (java windows)
Content-Length: 3
Content-Type: application/json; charset=utf-8
host: localhost:2690
accept: */*

Response DefaultHttpResponse(decodeResult: success, version: HTTP/1.1)
HTTP/1.1 200 OK
Content-Type: application/json; charset=utf-8
cache-control: no-cache
content-length: 51

[DEBUG] Adding key: http://localhost:2690 for channel [id: 0xe5765420, L:/127.0.0.1:59515 - R:localhost/127.0.0.1:2690]
[DEBUG] Using pooled Channel '[id: 0xe5765420, L:/127.0.0.1:59515 - R:localhost/127.0.0.1:2690]' for 'POST' to 'http://localhost:2690/session/1d17cba2db6a7aededa6c8addbfcc1f0/url'
[DEBUG] Using open Channel [id: 0xe5765420, L:/127.0.0.1:59515 - R:localhost/127.0.0.1:2690] for POST '/session/1d17cba2db6a7aededa6c8addbfcc1f0/url'
[DEBUG] 

Request DefaultHttpRequest(decodeResult: success, version: HTTP/1.1)
POST /session/1d17cba2db6a7aededa6c8addbfcc1f0/url HTTP/1.1
User-Agent: selenium/4.6.0 (java windows)
Content-Length: 49
Content-Type: application/json; charset=utf-8
host: localhost:2690
accept: */*

Response DefaultHttpResponse(decodeResult: success, version: HTTP/1.1)
HTTP/1.1 200 OK
Content-Type: application/json; charset=utf-8
cache-control: no-cache
content-length: 14

[DEBUG] Adding key: http://localhost:2690 for channel [id: 0xe5765420, L:/127.0.0.1:59515 - R:localhost/127.0.0.1:2690]
  Given user is already on the LMS homepage                                                # com.lms.stepdefinition.LMSHolidayListSteps.user_is_already_on_the_lms_homepage(io.cucumber.datatable.DataTable)
    | url                 |
    | https://lms.ey.net/ |
[DEBUG] Using pooled Channel '[id: 0xe5765420, L:/127.0.0.1:59515 - R:localhost/127.0.0.1:2690]' for 'POST' to 'http://localhost:2690/session/1d17cba2db6a7aededa6c8addbfcc1f0/element'
[DEBUG] Using open Channel [id: 0xe5765420, L:/127.0.0.1:59515 - R:localhost/127.0.0.1:2690] for POST '/session/1d17cba2db6a7aededa6c8addbfcc1f0/element'
[DEBUG] 

Request DefaultHttpRequest(decodeResult: success, version: HTTP/1.1)
POST /session/1d17cba2db6a7aededa6c8addbfcc1f0/element HTTP/1.1
User-Agent: selenium/4.6.0 (java windows)
Content-Length: 87
Content-Type: application/json; charset=utf-8
host: localhost:2690
accept: */*

Response DefaultHttpResponse(decodeResult: success, version: HTTP/1.1)
HTTP/1.1 200 OK
Content-Type: application/json; charset=utf-8
cache-control: no-cache
content-length: 88

[DEBUG] Adding key: http://localhost:2690 for channel [id: 0xe5765420, L:/127.0.0.1:59515 - R:localhost/127.0.0.1:2690]
[DEBUG] Using pooled Channel '[id: 0xe5765420, L:/127.0.0.1:59515 - R:localhost/127.0.0.1:2690]' for 'POST' to 'http://localhost:2690/session/1d17cba2db6a7aededa6c8addbfcc1f0/element/d844b0b1-2671-4fe4-899c-5d18dbb4a63a/click'
[DEBUG] Using open Channel [id: 0xe5765420, L:/127.0.0.1:59515 - R:localhost/127.0.0.1:2690] for POST '/session/1d17cba2db6a7aededa6c8addbfcc1f0/element/d844b0b1-2671-4fe4-899c-5d18dbb4a63a/click'
[DEBUG] 

Request DefaultHttpRequest(decodeResult: success, version: HTTP/1.1)
POST /session/1d17cba2db6a7aededa6c8addbfcc1f0/element/d844b0b1-2671-4fe4-899c-5d18dbb4a63a/click HTTP/1.1
User-Agent: selenium/4.6.0 (java windows)
Content-Length: 50
Content-Type: application/json; charset=utf-8
host: localhost:2690
accept: */*

Response DefaultHttpResponse(decodeResult: success, version: HTTP/1.1)
HTTP/1.1 200 OK
Content-Type: application/json; charset=utf-8
cache-control: no-cache
content-length: 14

[DEBUG] Adding key: http://localhost:2690 for channel [id: 0xe5765420, L:/127.0.0.1:59515 - R:localhost/127.0.0.1:2690]
  Given user clicks on Holidays link on the page                                           # com.lms.stepdefinition.LMSHolidayListSteps.user_clicks_on_holidays_link_on_the_page()
[DEBUG] Using pooled Channel '[id: 0xe5765420, L:/127.0.0.1:59515 - R:localhost/127.0.0.1:2690]' for 'POST' to 'http://localhost:2690/session/1d17cba2db6a7aededa6c8addbfcc1f0/element'
[DEBUG] Using open Channel [id: 0xe5765420, L:/127.0.0.1:59515 - R:localhost/127.0.0.1:2690] for POST '/session/1d17cba2db6a7aededa6c8addbfcc1f0/element'
[DEBUG] 

Request DefaultHttpRequest(decodeResult: success, version: HTTP/1.1)
POST /session/1d17cba2db6a7aededa6c8addbfcc1f0/element HTTP/1.1
User-Agent: selenium/4.6.0 (java windows)
Content-Length: 102
Content-Type: application/json; charset=utf-8
host: localhost:2690
accept: */*

Response DefaultHttpResponse(decodeResult: success, version: HTTP/1.1)
HTTP/1.1 200 OK
Content-Type: application/json; charset=utf-8
cache-control: no-cache
content-length: 88

[DEBUG] Adding key: http://localhost:2690 for channel [id: 0xe5765420, L:/127.0.0.1:59515 - R:localhost/127.0.0.1:2690]
[DEBUG] Using pooled Channel '[id: 0xe5765420, L:/127.0.0.1:59515 - R:localhost/127.0.0.1:2690]' for 'GET' to 'http://localhost:2690/session/1d17cba2db6a7aededa6c8addbfcc1f0/element/bbf3e872-fd82-45a0-950b-d192b0f999e8/text'
[DEBUG] Using open Channel [id: 0xe5765420, L:/127.0.0.1:59515 - R:localhost/127.0.0.1:2690] for GET '/session/1d17cba2db6a7aededa6c8addbfcc1f0/element/bbf3e872-fd82-45a0-950b-d192b0f999e8/text'
[DEBUG] 

Request DefaultFullHttpRequest(decodeResult: success, version: HTTP/1.1, content: EmptyByteBufBE)
GET /session/1d17cba2db6a7aededa6c8addbfcc1f0/element/bbf3e872-fd82-45a0-950b-d192b0f999e8/text HTTP/1.1
User-Agent: selenium/4.6.0 (java windows)
Cache-Control: no-cache
Content-Type: application/json; charset=utf-8
host: localhost:2690
accept: */*

Response DefaultHttpResponse(decodeResult: success, version: HTTP/1.1)
HTTP/1.1 200 OK
Content-Type: application/json; charset=utf-8
cache-control: no-cache
content-length: 31

[DEBUG] Adding key: http://localhost:2690 for channel [id: 0xe5765420, L:/127.0.0.1:59515 - R:localhost/127.0.0.1:2690]
  Then office holiday list window is displayed                                             # com.lms.stepdefinition.LMSHolidayListSteps.office_holiday_list_window_is_displayed()
[DEBUG] Using pooled Channel '[id: 0xe5765420, L:/127.0.0.1:59515 - R:localhost/127.0.0.1:2690]' for 'POST' to 'http://localhost:2690/session/1d17cba2db6a7aededa6c8addbfcc1f0/elements'
[DEBUG] Using open Channel [id: 0xe5765420, L:/127.0.0.1:59515 - R:localhost/127.0.0.1:2690] for POST '/session/1d17cba2db6a7aededa6c8addbfcc1f0/elements'
[DEBUG] 

Request DefaultHttpRequest(decodeResult: success, version: HTTP/1.1)
POST /session/1d17cba2db6a7aededa6c8addbfcc1f0/elements HTTP/1.1
User-Agent: selenium/4.6.0 (java windows)
Content-Length: 114
Content-Type: application/json; charset=utf-8
host: localhost:2690
accept: */*

Response DefaultHttpResponse(decodeResult: success, version: HTTP/1.1)
HTTP/1.1 200 OK
Content-Type: application/json; charset=utf-8
cache-control: no-cache
content-length: 3092

[DEBUG] Adding key: http://localhost:2690 for channel [id: 0xe5765420, L:/127.0.0.1:59515 - R:localhost/127.0.0.1:2690]
[DEBUG] Using pooled Channel '[id: 0xe5765420, L:/127.0.0.1:59515 - R:localhost/127.0.0.1:2690]' for 'POST' to 'http://localhost:2690/session/1d17cba2db6a7aededa6c8addbfcc1f0/elements'
[DEBUG] Using open Channel [id: 0xe5765420, L:/127.0.0.1:59515 - R:localhost/127.0.0.1:2690] for POST '/session/1d17cba2db6a7aededa6c8addbfcc1f0/elements'
[DEBUG] 

Request DefaultHttpRequest(decodeResult: success, version: HTTP/1.1)
POST /session/1d17cba2db6a7aededa6c8addbfcc1f0/elements HTTP/1.1
User-Agent: selenium/4.6.0 (java windows)
Content-Length: 125
Content-Type: application/json; charset=utf-8
host: localhost:2690
accept: */*

Response DefaultHttpResponse(decodeResult: success, version: HTTP/1.1)
HTTP/1.1 200 OK
Content-Type: application/json; charset=utf-8
cache-control: no-cache
content-length: 327

[DEBUG] Adding key: http://localhost:2690 for channel [id: 0xe5765420, L:/127.0.0.1:59515 - R:localhost/127.0.0.1:2690]
[DEBUG] Using pooled Channel '[id: 0xe5765420, L:/127.0.0.1:59515 - R:localhost/127.0.0.1:2690]' for 'POST' to 'http://localhost:2690/session/1d17cba2db6a7aededa6c8addbfcc1f0/element'
[DEBUG] Using open Channel [id: 0xe5765420, L:/127.0.0.1:59515 - R:localhost/127.0.0.1:2690] for POST '/session/1d17cba2db6a7aededa6c8addbfcc1f0/element'
[DEBUG] 

Request DefaultHttpRequest(decodeResult: success, version: HTTP/1.1)
POST /session/1d17cba2db6a7aededa6c8addbfcc1f0/element HTTP/1.1
User-Agent: selenium/4.6.0 (java windows)
Content-Length: 128
Content-Type: application/json; charset=utf-8
host: localhost:2690
accept: */*

Response DefaultHttpResponse(decodeResult: success, version: HTTP/1.1)
HTTP/1.1 200 OK
Content-Type: application/json; charset=utf-8
cache-control: no-cache
content-length: 88

[DEBUG] Adding key: http://localhost:2690 for channel [id: 0xe5765420, L:/127.0.0.1:59515 - R:localhost/127.0.0.1:2690]
[DEBUG] Using pooled Channel '[id: 0xe5765420, L:/127.0.0.1:59515 - R:localhost/127.0.0.1:2690]' for 'GET' to 'http://localhost:2690/session/1d17cba2db6a7aededa6c8addbfcc1f0/element/b0775355-c9dc-4a4d-9000-d11f4a7ca89c/text'
[DEBUG] Using open Channel [id: 0xe5765420, L:/127.0.0.1:59515 - R:localhost/127.0.0.1:2690] for GET '/session/1d17cba2db6a7aededa6c8addbfcc1f0/element/b0775355-c9dc-4a4d-9000-d11f4a7ca89c/text'
[DEBUG] 

Request DefaultFullHttpRequest(decodeResult: success, version: HTTP/1.1, content: EmptyByteBufBE)
GET /session/1d17cba2db6a7aededa6c8addbfcc1f0/element/b0775355-c9dc-4a4d-9000-d11f4a7ca89c/text HTTP/1.1
User-Agent: selenium/4.6.0 (java windows)
Cache-Control: no-cache
Content-Type: application/json; charset=utf-8
host: localhost:2690
accept: */*

Response DefaultHttpResponse(decodeResult: success, version: HTTP/1.1)
HTTP/1.1 200 OK
Content-Type: application/json; charset=utf-8
cache-control: no-cache
content-length: 23

[DEBUG] Adding key: http://localhost:2690 for channel [id: 0xe5765420, L:/127.0.0.1:59515 - R:localhost/127.0.0.1:2690]
[DEBUG] Using pooled Channel '[id: 0xe5765420, L:/127.0.0.1:59515 - R:localhost/127.0.0.1:2690]' for 'POST' to 'http://localhost:2690/session/1d17cba2db6a7aededa6c8addbfcc1f0/element'
[DEBUG] Using open Channel [id: 0xe5765420, L:/127.0.0.1:59515 - R:localhost/127.0.0.1:2690] for POST '/session/1d17cba2db6a7aededa6c8addbfcc1f0/element'
[DEBUG] 

Request DefaultHttpRequest(decodeResult: success, version: HTTP/1.1)
POST /session/1d17cba2db6a7aededa6c8addbfcc1f0/element HTTP/1.1
User-Agent: selenium/4.6.0 (java windows)
Content-Length: 128
Content-Type: application/json; charset=utf-8
host: localhost:2690
accept: */*

Response DefaultHttpResponse(decodeResult: success, version: HTTP/1.1)
HTTP/1.1 200 OK
Content-Type: application/json; charset=utf-8
cache-control: no-cache
content-length: 88

[DEBUG] Adding key: http://localhost:2690 for channel [id: 0xe5765420, L:/127.0.0.1:59515 - R:localhost/127.0.0.1:2690]
[DEBUG] Using pooled Channel '[id: 0xe5765420, L:/127.0.0.1:59515 - R:localhost/127.0.0.1:2690]' for 'GET' to 'http://localhost:2690/session/1d17cba2db6a7aededa6c8addbfcc1f0/element/53dc9029-e6ad-4396-a09e-def86ab74aa6/text'
[DEBUG] Using open Channel [id: 0xe5765420, L:/127.0.0.1:59515 - R:localhost/127.0.0.1:2690] for GET '/session/1d17cba2db6a7aededa6c8addbfcc1f0/element/53dc9029-e6ad-4396-a09e-def86ab74aa6/text'
[DEBUG] 

Request DefaultFullHttpRequest(decodeResult: success, version: HTTP/1.1, content: EmptyByteBufBE)
GET /session/1d17cba2db6a7aededa6c8addbfcc1f0/element/53dc9029-e6ad-4396-a09e-def86ab74aa6/text HTTP/1.1
User-Agent: selenium/4.6.0 (java windows)
Cache-Control: no-cache
Content-Type: application/json; charset=utf-8
host: localhost:2690
accept: */*

Response DefaultHttpResponse(decodeResult: success, version: HTTP/1.1)
HTTP/1.1 200 OK
Content-Type: application/json; charset=utf-8
cache-control: no-cache
content-length: 18

[DEBUG] Adding key: http://localhost:2690 for channel [id: 0xe5765420, L:/127.0.0.1:59515 - R:localhost/127.0.0.1:2690]
[DEBUG] Using pooled Channel '[id: 0xe5765420, L:/127.0.0.1:59515 - R:localhost/127.0.0.1:2690]' for 'POST' to 'http://localhost:2690/session/1d17cba2db6a7aededa6c8addbfcc1f0/element'
[DEBUG] Using open Channel [id: 0xe5765420, L:/127.0.0.1:59515 - R:localhost/127.0.0.1:2690] for POST '/session/1d17cba2db6a7aededa6c8addbfcc1f0/element'
[DEBUG] 

Request DefaultHttpRequest(decodeResult: success, version: HTTP/1.1)
POST /session/1d17cba2db6a7aededa6c8addbfcc1f0/element HTTP/1.1
User-Agent: selenium/4.6.0 (java windows)
Content-Length: 128
Content-Type: application/json; charset=utf-8
host: localhost:2690
accept: */*

Response DefaultHttpResponse(decodeResult: success, version: HTTP/1.1)
HTTP/1.1 200 OK
Content-Type: application/json; charset=utf-8
cache-control: no-cache
content-length: 88

[DEBUG] Adding key: http://localhost:2690 for channel [id: 0xe5765420, L:/127.0.0.1:59515 - R:localhost/127.0.0.1:2690]
[DEBUG] Using pooled Channel '[id: 0xe5765420, L:/127.0.0.1:59515 - R:localhost/127.0.0.1:2690]' for 'GET' to 'http://localhost:2690/session/1d17cba2db6a7aededa6c8addbfcc1f0/element/b3567439-7611-4820-8b4e-463faa450dde/text'
[DEBUG] Using open Channel [id: 0xe5765420, L:/127.0.0.1:59515 - R:localhost/127.0.0.1:2690] for GET '/session/1d17cba2db6a7aededa6c8addbfcc1f0/element/b3567439-7611-4820-8b4e-463faa450dde/text'
[DEBUG] 

Request DefaultFullHttpRequest(decodeResult: success, version: HTTP/1.1, content: EmptyByteBufBE)
GET /session/1d17cba2db6a7aededa6c8addbfcc1f0/element/b3567439-7611-4820-8b4e-463faa450dde/text HTTP/1.1
User-Agent: selenium/4.6.0 (java windows)
Cache-Control: no-cache
Content-Type: application/json; charset=utf-8
host: localhost:2690
accept: */*

Response DefaultHttpResponse(decodeResult: success, version: HTTP/1.1)
HTTP/1.1 200 OK
Content-Type: application/json; charset=utf-8
cache-control: no-cache
content-length: 29

[DEBUG] Adding key: http://localhost:2690 for channel [id: 0xe5765420, L:/127.0.0.1:59515 - R:localhost/127.0.0.1:2690]
[DEBUG] Using pooled Channel '[id: 0xe5765420, L:/127.0.0.1:59515 - R:localhost/127.0.0.1:2690]' for 'POST' to 'http://localhost:2690/session/1d17cba2db6a7aededa6c8addbfcc1f0/element'
[DEBUG] Using open Channel [id: 0xe5765420, L:/127.0.0.1:59515 - R:localhost/127.0.0.1:2690] for POST '/session/1d17cba2db6a7aededa6c8addbfcc1f0/element'
[DEBUG] 

Request DefaultHttpRequest(decodeResult: success, version: HTTP/1.1)
POST /session/1d17cba2db6a7aededa6c8addbfcc1f0/element HTTP/1.1
User-Agent: selenium/4.6.0 (java windows)
Content-Length: 128
Content-Type: application/json; charset=utf-8
host: localhost:2690
accept: */*

Response DefaultHttpResponse(decodeResult: success, version: HTTP/1.1)
HTTP/1.1 200 OK
Content-Type: application/json; charset=utf-8
cache-control: no-cache
content-length: 88

[DEBUG] Adding key: http://localhost:2690 for channel [id: 0xe5765420, L:/127.0.0.1:59515 - R:localhost/127.0.0.1:2690]
[DEBUG] Using pooled Channel '[id: 0xe5765420, L:/127.0.0.1:59515 - R:localhost/127.0.0.1:2690]' for 'GET' to 'http://localhost:2690/session/1d17cba2db6a7aededa6c8addbfcc1f0/element/30849911-69b2-466a-84c1-b3e581230e8a/text'
[DEBUG] Using open Channel [id: 0xe5765420, L:/127.0.0.1:59515 - R:localhost/127.0.0.1:2690] for GET '/session/1d17cba2db6a7aededa6c8addbfcc1f0/element/30849911-69b2-466a-84c1-b3e581230e8a/text'
[DEBUG] 

Request DefaultFullHttpRequest(decodeResult: success, version: HTTP/1.1, content: EmptyByteBufBE)
GET /session/1d17cba2db6a7aededa6c8addbfcc1f0/element/30849911-69b2-466a-84c1-b3e581230e8a/text HTTP/1.1
User-Agent: selenium/4.6.0 (java windows)
Cache-Control: no-cache
Content-Type: application/json; charset=utf-8
host: localhost:2690
accept: */*

Response DefaultHttpResponse(decodeResult: success, version: HTTP/1.1)
HTTP/1.1 200 OK
Content-Type: application/json; charset=utf-8
cache-control: no-cache
content-length: 28

[DEBUG] Adding key: http://localhost:2690 for channel [id: 0xe5765420, L:/127.0.0.1:59515 - R:localhost/127.0.0.1:2690]
[DEBUG] Using pooled Channel '[id: 0xe5765420, L:/127.0.0.1:59515 - R:localhost/127.0.0.1:2690]' for 'POST' to 'http://localhost:2690/session/1d17cba2db6a7aededa6c8addbfcc1f0/element'
[DEBUG] Using open Channel [id: 0xe5765420, L:/127.0.0.1:59515 - R:localhost/127.0.0.1:2690] for POST '/session/1d17cba2db6a7aededa6c8addbfcc1f0/element'
[DEBUG] 

Request DefaultHttpRequest(decodeResult: success, version: HTTP/1.1)
POST /session/1d17cba2db6a7aededa6c8addbfcc1f0/element HTTP/1.1
User-Agent: selenium/4.6.0 (java windows)
Content-Length: 128
Content-Type: application/json; charset=utf-8
host: localhost:2690
accept: */*

Response DefaultHttpResponse(decodeResult: success, version: HTTP/1.1)
HTTP/1.1 200 OK
Content-Type: application/json; charset=utf-8
cache-control: no-cache
content-length: 88

[DEBUG] Adding key: http://localhost:2690 for channel [id: 0xe5765420, L:/127.0.0.1:59515 - R:localhost/127.0.0.1:2690]
[DEBUG] Using pooled Channel '[id: 0xe5765420, L:/127.0.0.1:59515 - R:localhost/127.0.0.1:2690]' for 'GET' to 'http://localhost:2690/session/1d17cba2db6a7aededa6c8addbfcc1f0/element/975b0441-efa1-4755-9df5-dd300e5f8c75/text'
[DEBUG] Using open Channel [id: 0xe5765420, L:/127.0.0.1:59515 - R:localhost/127.0.0.1:2690] for GET '/session/1d17cba2db6a7aededa6c8addbfcc1f0/element/975b0441-efa1-4755-9df5-dd300e5f8c75/text'
[DEBUG] 

Request DefaultFullHttpRequest(decodeResult: success, version: HTTP/1.1, content: EmptyByteBufBE)
GET /session/1d17cba2db6a7aededa6c8addbfcc1f0/element/975b0441-efa1-4755-9df5-dd300e5f8c75/text HTTP/1.1
User-Agent: selenium/4.6.0 (java windows)
Cache-Control: no-cache
Content-Type: application/json; charset=utf-8
host: localhost:2690
accept: */*

Response DefaultHttpResponse(decodeResult: success, version: HTTP/1.1)
HTTP/1.1 200 OK
Content-Type: application/json; charset=utf-8
cache-control: no-cache
content-length: 23

[DEBUG] Adding key: http://localhost:2690 for channel [id: 0xe5765420, L:/127.0.0.1:59515 - R:localhost/127.0.0.1:2690]
[DEBUG] Using pooled Channel '[id: 0xe5765420, L:/127.0.0.1:59515 - R:localhost/127.0.0.1:2690]' for 'POST' to 'http://localhost:2690/session/1d17cba2db6a7aededa6c8addbfcc1f0/element'
[DEBUG] Using open Channel [id: 0xe5765420, L:/127.0.0.1:59515 - R:localhost/127.0.0.1:2690] for POST '/session/1d17cba2db6a7aededa6c8addbfcc1f0/element'
[DEBUG] 

Request DefaultHttpRequest(decodeResult: success, version: HTTP/1.1)
POST /session/1d17cba2db6a7aededa6c8addbfcc1f0/element HTTP/1.1
User-Agent: selenium/4.6.0 (java windows)
Content-Length: 128
Content-Type: application/json; charset=utf-8
host: localhost:2690
accept: */*

Response DefaultHttpResponse(decodeResult: success, version: HTTP/1.1)
HTTP/1.1 200 OK
Content-Type: application/json; charset=utf-8
cache-control: no-cache
content-length: 88

[DEBUG] Adding key: http://localhost:2690 for channel [id: 0xe5765420, L:/127.0.0.1:59515 - R:localhost/127.0.0.1:2690]
[DEBUG] Using pooled Channel '[id: 0xe5765420, L:/127.0.0.1:59515 - R:localhost/127.0.0.1:2690]' for 'GET' to 'http://localhost:2690/session/1d17cba2db6a7aededa6c8addbfcc1f0/element/3d9ec8e1-4b65-4265-8e60-ac9f51611a53/text'
[DEBUG] Using open Channel [id: 0xe5765420, L:/127.0.0.1:59515 - R:localhost/127.0.0.1:2690] for GET '/session/1d17cba2db6a7aededa6c8addbfcc1f0/element/3d9ec8e1-4b65-4265-8e60-ac9f51611a53/text'
[DEBUG] 

Request DefaultFullHttpRequest(decodeResult: success, version: HTTP/1.1, content: EmptyByteBufBE)
GET /session/1d17cba2db6a7aededa6c8addbfcc1f0/element/3d9ec8e1-4b65-4265-8e60-ac9f51611a53/text HTTP/1.1
User-Agent: selenium/4.6.0 (java windows)
Cache-Control: no-cache
Content-Type: application/json; charset=utf-8
host: localhost:2690
accept: */*

Response DefaultHttpResponse(decodeResult: success, version: HTTP/1.1)
HTTP/1.1 200 OK
Content-Type: application/json; charset=utf-8
cache-control: no-cache
content-length: 20

[DEBUG] Adding key: http://localhost:2690 for channel [id: 0xe5765420, L:/127.0.0.1:59515 - R:localhost/127.0.0.1:2690]
[DEBUG] Using pooled Channel '[id: 0xe5765420, L:/127.0.0.1:59515 - R:localhost/127.0.0.1:2690]' for 'POST' to 'http://localhost:2690/session/1d17cba2db6a7aededa6c8addbfcc1f0/element'
[DEBUG] Using open Channel [id: 0xe5765420, L:/127.0.0.1:59515 - R:localhost/127.0.0.1:2690] for POST '/session/1d17cba2db6a7aededa6c8addbfcc1f0/element'
[DEBUG] 

Request DefaultHttpRequest(decodeResult: success, version: HTTP/1.1)
POST /session/1d17cba2db6a7aededa6c8addbfcc1f0/element HTTP/1.1
User-Agent: selenium/4.6.0 (java windows)
Content-Length: 128
Content-Type: application/json; charset=utf-8
host: localhost:2690
accept: */*

Response DefaultHttpResponse(decodeResult: success, version: HTTP/1.1)
HTTP/1.1 200 OK
Content-Type: application/json; charset=utf-8
cache-control: no-cache
content-length: 88

[DEBUG] Adding key: http://localhost:2690 for channel [id: 0xe5765420, L:/127.0.0.1:59515 - R:localhost/127.0.0.1:2690]
[DEBUG] Using pooled Channel '[id: 0xe5765420, L:/127.0.0.1:59515 - R:localhost/127.0.0.1:2690]' for 'GET' to 'http://localhost:2690/session/1d17cba2db6a7aededa6c8addbfcc1f0/element/e7e7ee67-4c80-4894-943b-7bdfa9e58887/text'
[DEBUG] Using open Channel [id: 0xe5765420, L:/127.0.0.1:59515 - R:localhost/127.0.0.1:2690] for GET '/session/1d17cba2db6a7aededa6c8addbfcc1f0/element/e7e7ee67-4c80-4894-943b-7bdfa9e58887/text'
[DEBUG] 

Request DefaultFullHttpRequest(decodeResult: success, version: HTTP/1.1, content: EmptyByteBufBE)
GET /session/1d17cba2db6a7aededa6c8addbfcc1f0/element/e7e7ee67-4c80-4894-943b-7bdfa9e58887/text HTTP/1.1
User-Agent: selenium/4.6.0 (java windows)
Cache-Control: no-cache
Content-Type: application/json; charset=utf-8
host: localhost:2690
accept: */*

Response DefaultHttpResponse(decodeResult: success, version: HTTP/1.1)
HTTP/1.1 200 OK
Content-Type: application/json; charset=utf-8
cache-control: no-cache
content-length: 24

[DEBUG] Adding key: http://localhost:2690 for channel [id: 0xe5765420, L:/127.0.0.1:59515 - R:localhost/127.0.0.1:2690]
[DEBUG] Using pooled Channel '[id: 0xe5765420, L:/127.0.0.1:59515 - R:localhost/127.0.0.1:2690]' for 'POST' to 'http://localhost:2690/session/1d17cba2db6a7aededa6c8addbfcc1f0/element'
[DEBUG] Using open Channel [id: 0xe5765420, L:/127.0.0.1:59515 - R:localhost/127.0.0.1:2690] for POST '/session/1d17cba2db6a7aededa6c8addbfcc1f0/element'
[DEBUG] 

Request DefaultHttpRequest(decodeResult: success, version: HTTP/1.1)
POST /session/1d17cba2db6a7aededa6c8addbfcc1f0/element HTTP/1.1
User-Agent: selenium/4.6.0 (java windows)
Content-Length: 128
Content-Type: application/json; charset=utf-8
host: localhost:2690
accept: */*

Response DefaultHttpResponse(decodeResult: success, version: HTTP/1.1)
HTTP/1.1 200 OK
Content-Type: application/json; charset=utf-8
cache-control: no-cache
content-length: 88

[DEBUG] Adding key: http://localhost:2690 for channel [id: 0xe5765420, L:/127.0.0.1:59515 - R:localhost/127.0.0.1:2690]
[DEBUG] Using pooled Channel '[id: 0xe5765420, L:/127.0.0.1:59515 - R:localhost/127.0.0.1:2690]' for 'GET' to 'http://localhost:2690/session/1d17cba2db6a7aededa6c8addbfcc1f0/element/c79a9c8e-8c29-45e5-b802-c6081461fa05/text'
[DEBUG] Using open Channel [id: 0xe5765420, L:/127.0.0.1:59515 - R:localhost/127.0.0.1:2690] for GET '/session/1d17cba2db6a7aededa6c8addbfcc1f0/element/c79a9c8e-8c29-45e5-b802-c6081461fa05/text'
[DEBUG] 

Request DefaultFullHttpRequest(decodeResult: success, version: HTTP/1.1, content: EmptyByteBufBE)
GET /session/1d17cba2db6a7aededa6c8addbfcc1f0/element/c79a9c8e-8c29-45e5-b802-c6081461fa05/text HTTP/1.1
User-Agent: selenium/4.6.0 (java windows)
Cache-Control: no-cache
Content-Type: application/json; charset=utf-8
host: localhost:2690
accept: */*

Response DefaultHttpResponse(decodeResult: success, version: HTTP/1.1)
HTTP/1.1 200 OK
Content-Type: application/json; charset=utf-8
cache-control: no-cache
content-length: 26

[DEBUG] Adding key: http://localhost:2690 for channel [id: 0xe5765420, L:/127.0.0.1:59515 - R:localhost/127.0.0.1:2690]
[DEBUG] Using pooled Channel '[id: 0xe5765420, L:/127.0.0.1:59515 - R:localhost/127.0.0.1:2690]' for 'POST' to 'http://localhost:2690/session/1d17cba2db6a7aededa6c8addbfcc1f0/element'
[DEBUG] Using open Channel [id: 0xe5765420, L:/127.0.0.1:59515 - R:localhost/127.0.0.1:2690] for POST '/session/1d17cba2db6a7aededa6c8addbfcc1f0/element'
[DEBUG] 

Request DefaultHttpRequest(decodeResult: success, version: HTTP/1.1)
POST /session/1d17cba2db6a7aededa6c8addbfcc1f0/element HTTP/1.1
User-Agent: selenium/4.6.0 (java windows)
Content-Length: 128
Content-Type: application/json; charset=utf-8
host: localhost:2690
accept: */*

Response DefaultHttpResponse(decodeResult: success, version: HTTP/1.1)
HTTP/1.1 200 OK
Content-Type: application/json; charset=utf-8
cache-control: no-cache
content-length: 88

[DEBUG] Adding key: http://localhost:2690 for channel [id: 0xe5765420, L:/127.0.0.1:59515 - R:localhost/127.0.0.1:2690]
[DEBUG] Using pooled Channel '[id: 0xe5765420, L:/127.0.0.1:59515 - R:localhost/127.0.0.1:2690]' for 'GET' to 'http://localhost:2690/session/1d17cba2db6a7aededa6c8addbfcc1f0/element/1e1c5608-0226-4ec8-9bfa-bc613ef65b8e/text'
[DEBUG] Using open Channel [id: 0xe5765420, L:/127.0.0.1:59515 - R:localhost/127.0.0.1:2690] for GET '/session/1d17cba2db6a7aededa6c8addbfcc1f0/element/1e1c5608-0226-4ec8-9bfa-bc613ef65b8e/text'
[DEBUG] 

Request DefaultFullHttpRequest(decodeResult: success, version: HTTP/1.1, content: EmptyByteBufBE)
GET /session/1d17cba2db6a7aededa6c8addbfcc1f0/element/1e1c5608-0226-4ec8-9bfa-bc613ef65b8e/text HTTP/1.1
User-Agent: selenium/4.6.0 (java windows)
Cache-Control: no-cache
Content-Type: application/json; charset=utf-8
host: localhost:2690
accept: */*

Response DefaultHttpResponse(decodeResult: success, version: HTTP/1.1)
HTTP/1.1 200 OK
Content-Type: application/json; charset=utf-8
cache-control: no-cache
content-length: 23

[DEBUG] Adding key: http://localhost:2690 for channel [id: 0xe5765420, L:/127.0.0.1:59515 - R:localhost/127.0.0.1:2690]
[DEBUG] Using pooled Channel '[id: 0xe5765420, L:/127.0.0.1:59515 - R:localhost/127.0.0.1:2690]' for 'POST' to 'http://localhost:2690/session/1d17cba2db6a7aededa6c8addbfcc1f0/element'
[DEBUG] Using open Channel [id: 0xe5765420, L:/127.0.0.1:59515 - R:localhost/127.0.0.1:2690] for POST '/session/1d17cba2db6a7aededa6c8addbfcc1f0/element'
[DEBUG] 

Request DefaultHttpRequest(decodeResult: success, version: HTTP/1.1)
POST /session/1d17cba2db6a7aededa6c8addbfcc1f0/element HTTP/1.1
User-Agent: selenium/4.6.0 (java windows)
Content-Length: 128
Content-Type: application/json; charset=utf-8
host: localhost:2690
accept: */*

Response DefaultHttpResponse(decodeResult: success, version: HTTP/1.1)
HTTP/1.1 200 OK
Content-Type: application/json; charset=utf-8
cache-control: no-cache
content-length: 88

[DEBUG] Adding key: http://localhost:2690 for channel [id: 0xe5765420, L:/127.0.0.1:59515 - R:localhost/127.0.0.1:2690]
[DEBUG] Using pooled Channel '[id: 0xe5765420, L:/127.0.0.1:59515 - R:localhost/127.0.0.1:2690]' for 'GET' to 'http://localhost:2690/session/1d17cba2db6a7aededa6c8addbfcc1f0/element/ee697809-95a0-4005-9ed3-a46b04a9bd74/text'
[DEBUG] Using open Channel [id: 0xe5765420, L:/127.0.0.1:59515 - R:localhost/127.0.0.1:2690] for GET '/session/1d17cba2db6a7aededa6c8addbfcc1f0/element/ee697809-95a0-4005-9ed3-a46b04a9bd74/text'
[DEBUG] 

Request DefaultFullHttpRequest(decodeResult: success, version: HTTP/1.1, content: EmptyByteBufBE)
GET /session/1d17cba2db6a7aededa6c8addbfcc1f0/element/ee697809-95a0-4005-9ed3-a46b04a9bd74/text HTTP/1.1
User-Agent: selenium/4.6.0 (java windows)
Cache-Control: no-cache
Content-Type: application/json; charset=utf-8
host: localhost:2690
accept: */*

Response DefaultHttpResponse(decodeResult: success, version: HTTP/1.1)
HTTP/1.1 200 OK
Content-Type: application/json; charset=utf-8
cache-control: no-cache
content-length: 20

[DEBUG] Adding key: http://localhost:2690 for channel [id: 0xe5765420, L:/127.0.0.1:59515 - R:localhost/127.0.0.1:2690]
[DEBUG] Using pooled Channel '[id: 0xe5765420, L:/127.0.0.1:59515 - R:localhost/127.0.0.1:2690]' for 'POST' to 'http://localhost:2690/session/1d17cba2db6a7aededa6c8addbfcc1f0/element'
[DEBUG] Using open Channel [id: 0xe5765420, L:/127.0.0.1:59515 - R:localhost/127.0.0.1:2690] for POST '/session/1d17cba2db6a7aededa6c8addbfcc1f0/element'
[DEBUG] 

Request DefaultHttpRequest(decodeResult: success, version: HTTP/1.1)
POST /session/1d17cba2db6a7aededa6c8addbfcc1f0/element HTTP/1.1
User-Agent: selenium/4.6.0 (java windows)
Content-Length: 128
Content-Type: application/json; charset=utf-8
host: localhost:2690
accept: */*

Response DefaultHttpResponse(decodeResult: success, version: HTTP/1.1)
HTTP/1.1 200 OK
Content-Type: application/json; charset=utf-8
cache-control: no-cache
content-length: 88

[DEBUG] Adding key: http://localhost:2690 for channel [id: 0xe5765420, L:/127.0.0.1:59515 - R:localhost/127.0.0.1:2690]
[DEBUG] Using pooled Channel '[id: 0xe5765420, L:/127.0.0.1:59515 - R:localhost/127.0.0.1:2690]' for 'GET' to 'http://localhost:2690/session/1d17cba2db6a7aededa6c8addbfcc1f0/element/f6a8338a-cd86-4e29-bfe0-8c2a8a7fa342/text'
[DEBUG] Using open Channel [id: 0xe5765420, L:/127.0.0.1:59515 - R:localhost/127.0.0.1:2690] for GET '/session/1d17cba2db6a7aededa6c8addbfcc1f0/element/f6a8338a-cd86-4e29-bfe0-8c2a8a7fa342/text'
[DEBUG] 

Request DefaultFullHttpRequest(decodeResult: success, version: HTTP/1.1, content: EmptyByteBufBE)
GET /session/1d17cba2db6a7aededa6c8addbfcc1f0/element/f6a8338a-cd86-4e29-bfe0-8c2a8a7fa342/text HTTP/1.1
User-Agent: selenium/4.6.0 (java windows)
Cache-Control: no-cache
Content-Type: application/json; charset=utf-8
host: localhost:2690
accept: */*

Response DefaultHttpResponse(decodeResult: success, version: HTTP/1.1)
HTTP/1.1 200 OK
Content-Type: application/json; charset=utf-8
cache-control: no-cache
content-length: 22

[DEBUG] Adding key: http://localhost:2690 for channel [id: 0xe5765420, L:/127.0.0.1:59515 - R:localhost/127.0.0.1:2690]
[DEBUG] Using pooled Channel '[id: 0xe5765420, L:/127.0.0.1:59515 - R:localhost/127.0.0.1:2690]' for 'POST' to 'http://localhost:2690/session/1d17cba2db6a7aededa6c8addbfcc1f0/element'
[DEBUG] Using open Channel [id: 0xe5765420, L:/127.0.0.1:59515 - R:localhost/127.0.0.1:2690] for POST '/session/1d17cba2db6a7aededa6c8addbfcc1f0/element'
[DEBUG] 

Request DefaultHttpRequest(decodeResult: success, version: HTTP/1.1)
POST /session/1d17cba2db6a7aededa6c8addbfcc1f0/element HTTP/1.1
User-Agent: selenium/4.6.0 (java windows)
Content-Length: 128
Content-Type: application/json; charset=utf-8
host: localhost:2690
accept: */*

Response DefaultHttpResponse(decodeResult: success, version: HTTP/1.1)
HTTP/1.1 200 OK
Content-Type: application/json; charset=utf-8
cache-control: no-cache
content-length: 88

[DEBUG] Adding key: http://localhost:2690 for channel [id: 0xe5765420, L:/127.0.0.1:59515 - R:localhost/127.0.0.1:2690]
[DEBUG] Using pooled Channel '[id: 0xe5765420, L:/127.0.0.1:59515 - R:localhost/127.0.0.1:2690]' for 'GET' to 'http://localhost:2690/session/1d17cba2db6a7aededa6c8addbfcc1f0/element/0f1f0afb-f340-4f60-a3a1-b22ec7db930e/text'
[DEBUG] Using open Channel [id: 0xe5765420, L:/127.0.0.1:59515 - R:localhost/127.0.0.1:2690] for GET '/session/1d17cba2db6a7aededa6c8addbfcc1f0/element/0f1f0afb-f340-4f60-a3a1-b22ec7db930e/text'
[DEBUG] 

Request DefaultFullHttpRequest(decodeResult: success, version: HTTP/1.1, content: EmptyByteBufBE)
GET /session/1d17cba2db6a7aededa6c8addbfcc1f0/element/0f1f0afb-f340-4f60-a3a1-b22ec7db930e/text HTTP/1.1
User-Agent: selenium/4.6.0 (java windows)
Cache-Control: no-cache
Content-Type: application/json; charset=utf-8
host: localhost:2690
accept: */*

Response DefaultHttpResponse(decodeResult: success, version: HTTP/1.1)
HTTP/1.1 200 OK
Content-Type: application/json; charset=utf-8
cache-control: no-cache
content-length: 28

[DEBUG] Adding key: http://localhost:2690 for channel [id: 0xe5765420, L:/127.0.0.1:59515 - R:localhost/127.0.0.1:2690]
[DEBUG] Using pooled Channel '[id: 0xe5765420, L:/127.0.0.1:59515 - R:localhost/127.0.0.1:2690]' for 'POST' to 'http://localhost:2690/session/1d17cba2db6a7aededa6c8addbfcc1f0/element'
[DEBUG] Using open Channel [id: 0xe5765420, L:/127.0.0.1:59515 - R:localhost/127.0.0.1:2690] for POST '/session/1d17cba2db6a7aededa6c8addbfcc1f0/element'
[DEBUG] 

Request DefaultHttpRequest(decodeResult: success, version: HTTP/1.1)
POST /session/1d17cba2db6a7aededa6c8addbfcc1f0/element HTTP/1.1
User-Agent: selenium/4.6.0 (java windows)
Content-Length: 128
Content-Type: application/json; charset=utf-8
host: localhost:2690
accept: */*

Response DefaultHttpResponse(decodeResult: success, version: HTTP/1.1)
HTTP/1.1 200 OK
Content-Type: application/json; charset=utf-8
cache-control: no-cache
content-length: 88

[DEBUG] Adding key: http://localhost:2690 for channel [id: 0xe5765420, L:/127.0.0.1:59515 - R:localhost/127.0.0.1:2690]
[DEBUG] Using pooled Channel '[id: 0xe5765420, L:/127.0.0.1:59515 - R:localhost/127.0.0.1:2690]' for 'GET' to 'http://localhost:2690/session/1d17cba2db6a7aededa6c8addbfcc1f0/element/886aded8-54f1-4f48-84a4-89105ac712fd/text'
[DEBUG] Using open Channel [id: 0xe5765420, L:/127.0.0.1:59515 - R:localhost/127.0.0.1:2690] for GET '/session/1d17cba2db6a7aededa6c8addbfcc1f0/element/886aded8-54f1-4f48-84a4-89105ac712fd/text'
[DEBUG] 

Request DefaultFullHttpRequest(decodeResult: success, version: HTTP/1.1, content: EmptyByteBufBE)
GET /session/1d17cba2db6a7aededa6c8addbfcc1f0/element/886aded8-54f1-4f48-84a4-89105ac712fd/text HTTP/1.1
User-Agent: selenium/4.6.0 (java windows)
Cache-Control: no-cache
Content-Type: application/json; charset=utf-8
host: localhost:2690
accept: */*

Response DefaultHttpResponse(decodeResult: success, version: HTTP/1.1)
HTTP/1.1 200 OK
Content-Type: application/json; charset=utf-8
cache-control: no-cache
content-length: 23

[DEBUG] Adding key: http://localhost:2690 for channel [id: 0xe5765420, L:/127.0.0.1:59515 - R:localhost/127.0.0.1:2690]
[DEBUG] Using pooled Channel '[id: 0xe5765420, L:/127.0.0.1:59515 - R:localhost/127.0.0.1:2690]' for 'POST' to 'http://localhost:2690/session/1d17cba2db6a7aededa6c8addbfcc1f0/element'
[DEBUG] Using open Channel [id: 0xe5765420, L:/127.0.0.1:59515 - R:localhost/127.0.0.1:2690] for POST '/session/1d17cba2db6a7aededa6c8addbfcc1f0/element'
[DEBUG] 

Request DefaultHttpRequest(decodeResult: success, version: HTTP/1.1)
POST /session/1d17cba2db6a7aededa6c8addbfcc1f0/element HTTP/1.1
User-Agent: selenium/4.6.0 (java windows)
Content-Length: 128
Content-Type: application/json; charset=utf-8
host: localhost:2690
accept: */*

Response DefaultHttpResponse(decodeResult: success, version: HTTP/1.1)
HTTP/1.1 200 OK
Content-Type: application/json; charset=utf-8
cache-control: no-cache
content-length: 88

[DEBUG] Adding key: http://localhost:2690 for channel [id: 0xe5765420, L:/127.0.0.1:59515 - R:localhost/127.0.0.1:2690]
[DEBUG] Using pooled Channel '[id: 0xe5765420, L:/127.0.0.1:59515 - R:localhost/127.0.0.1:2690]' for 'GET' to 'http://localhost:2690/session/1d17cba2db6a7aededa6c8addbfcc1f0/element/62558679-07ac-430b-92ef-7194bcca9711/text'
[DEBUG] Using open Channel [id: 0xe5765420, L:/127.0.0.1:59515 - R:localhost/127.0.0.1:2690] for GET '/session/1d17cba2db6a7aededa6c8addbfcc1f0/element/62558679-07ac-430b-92ef-7194bcca9711/text'
[DEBUG] 

Request DefaultFullHttpRequest(decodeResult: success, version: HTTP/1.1, content: EmptyByteBufBE)
GET /session/1d17cba2db6a7aededa6c8addbfcc1f0/element/62558679-07ac-430b-92ef-7194bcca9711/text HTTP/1.1
User-Agent: selenium/4.6.0 (java windows)
Cache-Control: no-cache
Content-Type: application/json; charset=utf-8
host: localhost:2690
accept: */*

Response DefaultHttpResponse(decodeResult: success, version: HTTP/1.1)
HTTP/1.1 200 OK
Content-Type: application/json; charset=utf-8
cache-control: no-cache
content-length: 19

[DEBUG] Adding key: http://localhost:2690 for channel [id: 0xe5765420, L:/127.0.0.1:59515 - R:localhost/127.0.0.1:2690]
[DEBUG] Using pooled Channel '[id: 0xe5765420, L:/127.0.0.1:59515 - R:localhost/127.0.0.1:2690]' for 'POST' to 'http://localhost:2690/session/1d17cba2db6a7aededa6c8addbfcc1f0/element'
[DEBUG] Using open Channel [id: 0xe5765420, L:/127.0.0.1:59515 - R:localhost/127.0.0.1:2690] for POST '/session/1d17cba2db6a7aededa6c8addbfcc1f0/element'
[DEBUG] 

Request DefaultHttpRequest(decodeResult: success, version: HTTP/1.1)
POST /session/1d17cba2db6a7aededa6c8addbfcc1f0/element HTTP/1.1
User-Agent: selenium/4.6.0 (java windows)
Content-Length: 128
Content-Type: application/json; charset=utf-8
host: localhost:2690
accept: */*

Response DefaultHttpResponse(decodeResult: success, version: HTTP/1.1)
HTTP/1.1 200 OK
Content-Type: application/json; charset=utf-8
cache-control: no-cache
content-length: 88

[DEBUG] Adding key: http://localhost:2690 for channel [id: 0xe5765420, L:/127.0.0.1:59515 - R:localhost/127.0.0.1:2690]
[DEBUG] Using pooled Channel '[id: 0xe5765420, L:/127.0.0.1:59515 - R:localhost/127.0.0.1:2690]' for 'GET' to 'http://localhost:2690/session/1d17cba2db6a7aededa6c8addbfcc1f0/element/755d4677-0352-4f81-84e8-1ec4bdcd2f80/text'
[DEBUG] Using open Channel [id: 0xe5765420, L:/127.0.0.1:59515 - R:localhost/127.0.0.1:2690] for GET '/session/1d17cba2db6a7aededa6c8addbfcc1f0/element/755d4677-0352-4f81-84e8-1ec4bdcd2f80/text'
[DEBUG] 

Request DefaultFullHttpRequest(decodeResult: success, version: HTTP/1.1, content: EmptyByteBufBE)
GET /session/1d17cba2db6a7aededa6c8addbfcc1f0/element/755d4677-0352-4f81-84e8-1ec4bdcd2f80/text HTTP/1.1
User-Agent: selenium/4.6.0 (java windows)
Cache-Control: no-cache
Content-Type: application/json; charset=utf-8
host: localhost:2690
accept: */*

Response DefaultHttpResponse(decodeResult: success, version: HTTP/1.1)
HTTP/1.1 200 OK
Content-Type: application/json; charset=utf-8
cache-control: no-cache
content-length: 30

[DEBUG] Adding key: http://localhost:2690 for channel [id: 0xe5765420, L:/127.0.0.1:59515 - R:localhost/127.0.0.1:2690]
[DEBUG] Using pooled Channel '[id: 0xe5765420, L:/127.0.0.1:59515 - R:localhost/127.0.0.1:2690]' for 'POST' to 'http://localhost:2690/session/1d17cba2db6a7aededa6c8addbfcc1f0/element'
[DEBUG] Using open Channel [id: 0xe5765420, L:/127.0.0.1:59515 - R:localhost/127.0.0.1:2690] for POST '/session/1d17cba2db6a7aededa6c8addbfcc1f0/element'
[DEBUG] 

Request DefaultHttpRequest(decodeResult: success, version: HTTP/1.1)
POST /session/1d17cba2db6a7aededa6c8addbfcc1f0/element HTTP/1.1
User-Agent: selenium/4.6.0 (java windows)
Content-Length: 128
Content-Type: application/json; charset=utf-8
host: localhost:2690
accept: */*

Response DefaultHttpResponse(decodeResult: success, version: HTTP/1.1)
HTTP/1.1 200 OK
Content-Type: application/json; charset=utf-8
cache-control: no-cache
content-length: 88

[DEBUG] Adding key: http://localhost:2690 for channel [id: 0xe5765420, L:/127.0.0.1:59515 - R:localhost/127.0.0.1:2690]
[DEBUG] Using pooled Channel '[id: 0xe5765420, L:/127.0.0.1:59515 - R:localhost/127.0.0.1:2690]' for 'GET' to 'http://localhost:2690/session/1d17cba2db6a7aededa6c8addbfcc1f0/element/6bb22460-38bf-4d38-8850-cd44bc71eb27/text'
[DEBUG] Using open Channel [id: 0xe5765420, L:/127.0.0.1:59515 - R:localhost/127.0.0.1:2690] for GET '/session/1d17cba2db6a7aededa6c8addbfcc1f0/element/6bb22460-38bf-4d38-8850-cd44bc71eb27/text'
[DEBUG] 

Request DefaultFullHttpRequest(decodeResult: success, version: HTTP/1.1, content: EmptyByteBufBE)
GET /session/1d17cba2db6a7aededa6c8addbfcc1f0/element/6bb22460-38bf-4d38-8850-cd44bc71eb27/text HTTP/1.1
User-Agent: selenium/4.6.0 (java windows)
Cache-Control: no-cache
Content-Type: application/json; charset=utf-8
host: localhost:2690
accept: */*

Response DefaultHttpResponse(decodeResult: success, version: HTTP/1.1)
HTTP/1.1 200 OK
Content-Type: application/json; charset=utf-8
cache-control: no-cache
content-length: 28

[DEBUG] Adding key: http://localhost:2690 for channel [id: 0xe5765420, L:/127.0.0.1:59515 - R:localhost/127.0.0.1:2690]
[DEBUG] Using pooled Channel '[id: 0xe5765420, L:/127.0.0.1:59515 - R:localhost/127.0.0.1:2690]' for 'POST' to 'http://localhost:2690/session/1d17cba2db6a7aededa6c8addbfcc1f0/element'
[DEBUG] Using open Channel [id: 0xe5765420, L:/127.0.0.1:59515 - R:localhost/127.0.0.1:2690] for POST '/session/1d17cba2db6a7aededa6c8addbfcc1f0/element'
[DEBUG] 

Request DefaultHttpRequest(decodeResult: success, version: HTTP/1.1)
POST /session/1d17cba2db6a7aededa6c8addbfcc1f0/element HTTP/1.1
User-Agent: selenium/4.6.0 (java windows)
Content-Length: 128
Content-Type: application/json; charset=utf-8
host: localhost:2690
accept: */*

Response DefaultHttpResponse(decodeResult: success, version: HTTP/1.1)
HTTP/1.1 200 OK
Content-Type: application/json; charset=utf-8
cache-control: no-cache
content-length: 88

[DEBUG] Adding key: http://localhost:2690 for channel [id: 0xe5765420, L:/127.0.0.1:59515 - R:localhost/127.0.0.1:2690]
[DEBUG] Using pooled Channel '[id: 0xe5765420, L:/127.0.0.1:59515 - R:localhost/127.0.0.1:2690]' for 'GET' to 'http://localhost:2690/session/1d17cba2db6a7aededa6c8addbfcc1f0/element/f27473f0-9ae9-46b9-8e5b-0b63fe6f989c/text'
[DEBUG] Using open Channel [id: 0xe5765420, L:/127.0.0.1:59515 - R:localhost/127.0.0.1:2690] for GET '/session/1d17cba2db6a7aededa6c8addbfcc1f0/element/f27473f0-9ae9-46b9-8e5b-0b63fe6f989c/text'
[DEBUG] 

Request DefaultFullHttpRequest(decodeResult: success, version: HTTP/1.1, content: EmptyByteBufBE)
GET /session/1d17cba2db6a7aededa6c8addbfcc1f0/element/f27473f0-9ae9-46b9-8e5b-0b63fe6f989c/text HTTP/1.1
User-Agent: selenium/4.6.0 (java windows)
Cache-Control: no-cache
Content-Type: application/json; charset=utf-8
host: localhost:2690
accept: */*

Response DefaultHttpResponse(decodeResult: success, version: HTTP/1.1)
HTTP/1.1 200 OK
Content-Type: application/json; charset=utf-8
cache-control: no-cache
content-length: 23

[DEBUG] Adding key: http://localhost:2690 for channel [id: 0xe5765420, L:/127.0.0.1:59515 - R:localhost/127.0.0.1:2690]
[DEBUG] Using pooled Channel '[id: 0xe5765420, L:/127.0.0.1:59515 - R:localhost/127.0.0.1:2690]' for 'POST' to 'http://localhost:2690/session/1d17cba2db6a7aededa6c8addbfcc1f0/element'
[DEBUG] Using open Channel [id: 0xe5765420, L:/127.0.0.1:59515 - R:localhost/127.0.0.1:2690] for POST '/session/1d17cba2db6a7aededa6c8addbfcc1f0/element'
[DEBUG] 

Request DefaultHttpRequest(decodeResult: success, version: HTTP/1.1)
POST /session/1d17cba2db6a7aededa6c8addbfcc1f0/element HTTP/1.1
User-Agent: selenium/4.6.0 (java windows)
Content-Length: 128
Content-Type: application/json; charset=utf-8
host: localhost:2690
accept: */*

Response DefaultHttpResponse(decodeResult: success, version: HTTP/1.1)
HTTP/1.1 200 OK
Content-Type: application/json; charset=utf-8
cache-control: no-cache
content-length: 88

[DEBUG] Adding key: http://localhost:2690 for channel [id: 0xe5765420, L:/127.0.0.1:59515 - R:localhost/127.0.0.1:2690]
[DEBUG] Using pooled Channel '[id: 0xe5765420, L:/127.0.0.1:59515 - R:localhost/127.0.0.1:2690]' for 'GET' to 'http://localhost:2690/session/1d17cba2db6a7aededa6c8addbfcc1f0/element/cf4ccd67-9d25-4787-8947-7b93ed8f3d58/text'
[DEBUG] Using open Channel [id: 0xe5765420, L:/127.0.0.1:59515 - R:localhost/127.0.0.1:2690] for GET '/session/1d17cba2db6a7aededa6c8addbfcc1f0/element/cf4ccd67-9d25-4787-8947-7b93ed8f3d58/text'
[DEBUG] 

Request DefaultFullHttpRequest(decodeResult: success, version: HTTP/1.1, content: EmptyByteBufBE)
GET /session/1d17cba2db6a7aededa6c8addbfcc1f0/element/cf4ccd67-9d25-4787-8947-7b93ed8f3d58/text HTTP/1.1
User-Agent: selenium/4.6.0 (java windows)
Cache-Control: no-cache
Content-Type: application/json; charset=utf-8
host: localhost:2690
accept: */*

Response DefaultHttpResponse(decodeResult: success, version: HTTP/1.1)
HTTP/1.1 200 OK
Content-Type: application/json; charset=utf-8
cache-control: no-cache
content-length: 21

[DEBUG] Adding key: http://localhost:2690 for channel [id: 0xe5765420, L:/127.0.0.1:59515 - R:localhost/127.0.0.1:2690]
[DEBUG] Using pooled Channel '[id: 0xe5765420, L:/127.0.0.1:59515 - R:localhost/127.0.0.1:2690]' for 'POST' to 'http://localhost:2690/session/1d17cba2db6a7aededa6c8addbfcc1f0/element'
[DEBUG] Using open Channel [id: 0xe5765420, L:/127.0.0.1:59515 - R:localhost/127.0.0.1:2690] for POST '/session/1d17cba2db6a7aededa6c8addbfcc1f0/element'
[DEBUG] 

Request DefaultHttpRequest(decodeResult: success, version: HTTP/1.1)
POST /session/1d17cba2db6a7aededa6c8addbfcc1f0/element HTTP/1.1
User-Agent: selenium/4.6.0 (java windows)
Content-Length: 128
Content-Type: application/json; charset=utf-8
host: localhost:2690
accept: */*

Response DefaultHttpResponse(decodeResult: success, version: HTTP/1.1)
HTTP/1.1 200 OK
Content-Type: application/json; charset=utf-8
cache-control: no-cache
content-length: 88

[DEBUG] Adding key: http://localhost:2690 for channel [id: 0xe5765420, L:/127.0.0.1:59515 - R:localhost/127.0.0.1:2690]
[DEBUG] Using pooled Channel '[id: 0xe5765420, L:/127.0.0.1:59515 - R:localhost/127.0.0.1:2690]' for 'GET' to 'http://localhost:2690/session/1d17cba2db6a7aededa6c8addbfcc1f0/element/8cdc885b-bcb7-4737-a0fa-ff7efd07da58/text'
[DEBUG] Using open Channel [id: 0xe5765420, L:/127.0.0.1:59515 - R:localhost/127.0.0.1:2690] for GET '/session/1d17cba2db6a7aededa6c8addbfcc1f0/element/8cdc885b-bcb7-4737-a0fa-ff7efd07da58/text'
[DEBUG] 

Request DefaultFullHttpRequest(decodeResult: success, version: HTTP/1.1, content: EmptyByteBufBE)
GET /session/1d17cba2db6a7aededa6c8addbfcc1f0/element/8cdc885b-bcb7-4737-a0fa-ff7efd07da58/text HTTP/1.1
User-Agent: selenium/4.6.0 (java windows)
Cache-Control: no-cache
Content-Type: application/json; charset=utf-8
host: localhost:2690
accept: */*

Response DefaultHttpResponse(decodeResult: success, version: HTTP/1.1)
HTTP/1.1 200 OK
Content-Type: application/json; charset=utf-8
cache-control: no-cache
content-length: 17

[DEBUG] Adding key: http://localhost:2690 for channel [id: 0xe5765420, L:/127.0.0.1:59515 - R:localhost/127.0.0.1:2690]
[DEBUG] Using pooled Channel '[id: 0xe5765420, L:/127.0.0.1:59515 - R:localhost/127.0.0.1:2690]' for 'POST' to 'http://localhost:2690/session/1d17cba2db6a7aededa6c8addbfcc1f0/element'
[DEBUG] Using open Channel [id: 0xe5765420, L:/127.0.0.1:59515 - R:localhost/127.0.0.1:2690] for POST '/session/1d17cba2db6a7aededa6c8addbfcc1f0/element'
[DEBUG] 

Request DefaultHttpRequest(decodeResult: success, version: HTTP/1.1)
POST /session/1d17cba2db6a7aededa6c8addbfcc1f0/element HTTP/1.1
User-Agent: selenium/4.6.0 (java windows)
Content-Length: 128
Content-Type: application/json; charset=utf-8
host: localhost:2690
accept: */*

Response DefaultHttpResponse(decodeResult: success, version: HTTP/1.1)
HTTP/1.1 200 OK
Content-Type: application/json; charset=utf-8
cache-control: no-cache
content-length: 88

[DEBUG] Adding key: http://localhost:2690 for channel [id: 0xe5765420, L:/127.0.0.1:59515 - R:localhost/127.0.0.1:2690]
[DEBUG] Using pooled Channel '[id: 0xe5765420, L:/127.0.0.1:59515 - R:localhost/127.0.0.1:2690]' for 'GET' to 'http://localhost:2690/session/1d17cba2db6a7aededa6c8addbfcc1f0/element/fc656d56-cc9d-4d16-b02c-36aa25c22dc9/text'
[DEBUG] Using open Channel [id: 0xe5765420, L:/127.0.0.1:59515 - R:localhost/127.0.0.1:2690] for GET '/session/1d17cba2db6a7aededa6c8addbfcc1f0/element/fc656d56-cc9d-4d16-b02c-36aa25c22dc9/text'
[DEBUG] 

Request DefaultFullHttpRequest(decodeResult: success, version: HTTP/1.1, content: EmptyByteBufBE)
GET /session/1d17cba2db6a7aededa6c8addbfcc1f0/element/fc656d56-cc9d-4d16-b02c-36aa25c22dc9/text HTTP/1.1
User-Agent: selenium/4.6.0 (java windows)
Cache-Control: no-cache
Content-Type: application/json; charset=utf-8
host: localhost:2690
accept: */*

Response DefaultHttpResponse(decodeResult: success, version: HTTP/1.1)
HTTP/1.1 200 OK
Content-Type: application/json; charset=utf-8
cache-control: no-cache
content-length: 28

[DEBUG] Adding key: http://localhost:2690 for channel [id: 0xe5765420, L:/127.0.0.1:59515 - R:localhost/127.0.0.1:2690]
[DEBUG] Using pooled Channel '[id: 0xe5765420, L:/127.0.0.1:59515 - R:localhost/127.0.0.1:2690]' for 'POST' to 'http://localhost:2690/session/1d17cba2db6a7aededa6c8addbfcc1f0/element'
[DEBUG] Using open Channel [id: 0xe5765420, L:/127.0.0.1:59515 - R:localhost/127.0.0.1:2690] for POST '/session/1d17cba2db6a7aededa6c8addbfcc1f0/element'
[DEBUG] 

Request DefaultHttpRequest(decodeResult: success, version: HTTP/1.1)
POST /session/1d17cba2db6a7aededa6c8addbfcc1f0/element HTTP/1.1
User-Agent: selenium/4.6.0 (java windows)
Content-Length: 128
Content-Type: application/json; charset=utf-8
host: localhost:2690
accept: */*

Response DefaultHttpResponse(decodeResult: success, version: HTTP/1.1)
HTTP/1.1 200 OK
Content-Type: application/json; charset=utf-8
cache-control: no-cache
content-length: 88

[DEBUG] Adding key: http://localhost:2690 for channel [id: 0xe5765420, L:/127.0.0.1:59515 - R:localhost/127.0.0.1:2690]
[DEBUG] Using pooled Channel '[id: 0xe5765420, L:/127.0.0.1:59515 - R:localhost/127.0.0.1:2690]' for 'GET' to 'http://localhost:2690/session/1d17cba2db6a7aededa6c8addbfcc1f0/element/0aca8d4b-faf7-44c5-bbca-26aa12debb2b/text'
[DEBUG] Using open Channel [id: 0xe5765420, L:/127.0.0.1:59515 - R:localhost/127.0.0.1:2690] for GET '/session/1d17cba2db6a7aededa6c8addbfcc1f0/element/0aca8d4b-faf7-44c5-bbca-26aa12debb2b/text'
[DEBUG] 

Request DefaultFullHttpRequest(decodeResult: success, version: HTTP/1.1, content: EmptyByteBufBE)
GET /session/1d17cba2db6a7aededa6c8addbfcc1f0/element/0aca8d4b-faf7-44c5-bbca-26aa12debb2b/text HTTP/1.1
User-Agent: selenium/4.6.0 (java windows)
Cache-Control: no-cache
Content-Type: application/json; charset=utf-8
host: localhost:2690
accept: */*

Response DefaultHttpResponse(decodeResult: success, version: HTTP/1.1)
HTTP/1.1 200 OK
Content-Type: application/json; charset=utf-8
cache-control: no-cache
content-length: 23

[DEBUG] Adding key: http://localhost:2690 for channel [id: 0xe5765420, L:/127.0.0.1:59515 - R:localhost/127.0.0.1:2690]
[DEBUG] Using pooled Channel '[id: 0xe5765420, L:/127.0.0.1:59515 - R:localhost/127.0.0.1:2690]' for 'POST' to 'http://localhost:2690/session/1d17cba2db6a7aededa6c8addbfcc1f0/element'
[DEBUG] Using open Channel [id: 0xe5765420, L:/127.0.0.1:59515 - R:localhost/127.0.0.1:2690] for POST '/session/1d17cba2db6a7aededa6c8addbfcc1f0/element'
[DEBUG] 

Request DefaultHttpRequest(decodeResult: success, version: HTTP/1.1)
POST /session/1d17cba2db6a7aededa6c8addbfcc1f0/element HTTP/1.1
User-Agent: selenium/4.6.0 (java windows)
Content-Length: 128
Content-Type: application/json; charset=utf-8
host: localhost:2690
accept: */*

Response DefaultHttpResponse(decodeResult: success, version: HTTP/1.1)
HTTP/1.1 200 OK
Content-Type: application/json; charset=utf-8
cache-control: no-cache
content-length: 88

[DEBUG] Adding key: http://localhost:2690 for channel [id: 0xe5765420, L:/127.0.0.1:59515 - R:localhost/127.0.0.1:2690]
[DEBUG] Using pooled Channel '[id: 0xe5765420, L:/127.0.0.1:59515 - R:localhost/127.0.0.1:2690]' for 'GET' to 'http://localhost:2690/session/1d17cba2db6a7aededa6c8addbfcc1f0/element/fbad737e-9839-4ba7-ad43-62c1d4efbf27/text'
[DEBUG] Using open Channel [id: 0xe5765420, L:/127.0.0.1:59515 - R:localhost/127.0.0.1:2690] for GET '/session/1d17cba2db6a7aededa6c8addbfcc1f0/element/fbad737e-9839-4ba7-ad43-62c1d4efbf27/text'
[DEBUG] 

Request DefaultFullHttpRequest(decodeResult: success, version: HTTP/1.1, content: EmptyByteBufBE)
GET /session/1d17cba2db6a7aededa6c8addbfcc1f0/element/fbad737e-9839-4ba7-ad43-62c1d4efbf27/text HTTP/1.1
User-Agent: selenium/4.6.0 (java windows)
Cache-Control: no-cache
Content-Type: application/json; charset=utf-8
host: localhost:2690
accept: */*

Response DefaultHttpResponse(decodeResult: success, version: HTTP/1.1)
HTTP/1.1 200 OK
Content-Type: application/json; charset=utf-8
cache-control: no-cache
content-length: 20

[DEBUG] Adding key: http://localhost:2690 for channel [id: 0xe5765420, L:/127.0.0.1:59515 - R:localhost/127.0.0.1:2690]
[DEBUG] Using pooled Channel '[id: 0xe5765420, L:/127.0.0.1:59515 - R:localhost/127.0.0.1:2690]' for 'POST' to 'http://localhost:2690/session/1d17cba2db6a7aededa6c8addbfcc1f0/element'
[DEBUG] Using open Channel [id: 0xe5765420, L:/127.0.0.1:59515 - R:localhost/127.0.0.1:2690] for POST '/session/1d17cba2db6a7aededa6c8addbfcc1f0/element'
[DEBUG] 

Request DefaultHttpRequest(decodeResult: success, version: HTTP/1.1)
POST /session/1d17cba2db6a7aededa6c8addbfcc1f0/element HTTP/1.1
User-Agent: selenium/4.6.0 (java windows)
Content-Length: 128
Content-Type: application/json; charset=utf-8
host: localhost:2690
accept: */*

Response DefaultHttpResponse(decodeResult: success, version: HTTP/1.1)
HTTP/1.1 200 OK
Content-Type: application/json; charset=utf-8
cache-control: no-cache
content-length: 88

[DEBUG] Adding key: http://localhost:2690 for channel [id: 0xe5765420, L:/127.0.0.1:59515 - R:localhost/127.0.0.1:2690]
[DEBUG] Using pooled Channel '[id: 0xe5765420, L:/127.0.0.1:59515 - R:localhost/127.0.0.1:2690]' for 'GET' to 'http://localhost:2690/session/1d17cba2db6a7aededa6c8addbfcc1f0/element/4dfff729-9b35-4cc3-8596-9ebbb9759f74/text'
[DEBUG] Using open Channel [id: 0xe5765420, L:/127.0.0.1:59515 - R:localhost/127.0.0.1:2690] for GET '/session/1d17cba2db6a7aededa6c8addbfcc1f0/element/4dfff729-9b35-4cc3-8596-9ebbb9759f74/text'
[DEBUG] 

Request DefaultFullHttpRequest(decodeResult: success, version: HTTP/1.1, content: EmptyByteBufBE)
GET /session/1d17cba2db6a7aededa6c8addbfcc1f0/element/4dfff729-9b35-4cc3-8596-9ebbb9759f74/text HTTP/1.1
User-Agent: selenium/4.6.0 (java windows)
Cache-Control: no-cache
Content-Type: application/json; charset=utf-8
host: localhost:2690
accept: */*

Response DefaultHttpResponse(decodeResult: success, version: HTTP/1.1)
HTTP/1.1 200 OK
Content-Type: application/json; charset=utf-8
cache-control: no-cache
content-length: 27

[DEBUG] Adding key: http://localhost:2690 for channel [id: 0xe5765420, L:/127.0.0.1:59515 - R:localhost/127.0.0.1:2690]
[DEBUG] Using pooled Channel '[id: 0xe5765420, L:/127.0.0.1:59515 - R:localhost/127.0.0.1:2690]' for 'POST' to 'http://localhost:2690/session/1d17cba2db6a7aededa6c8addbfcc1f0/element'
[DEBUG] Using open Channel [id: 0xe5765420, L:/127.0.0.1:59515 - R:localhost/127.0.0.1:2690] for POST '/session/1d17cba2db6a7aededa6c8addbfcc1f0/element'
[DEBUG] 

Request DefaultHttpRequest(decodeResult: success, version: HTTP/1.1)
POST /session/1d17cba2db6a7aededa6c8addbfcc1f0/element HTTP/1.1
User-Agent: selenium/4.6.0 (java windows)
Content-Length: 128
Content-Type: application/json; charset=utf-8
host: localhost:2690
accept: */*

Response DefaultHttpResponse(decodeResult: success, version: HTTP/1.1)
HTTP/1.1 200 OK
Content-Type: application/json; charset=utf-8
cache-control: no-cache
content-length: 88

[DEBUG] Adding key: http://localhost:2690 for channel [id: 0xe5765420, L:/127.0.0.1:59515 - R:localhost/127.0.0.1:2690]
[DEBUG] Using pooled Channel '[id: 0xe5765420, L:/127.0.0.1:59515 - R:localhost/127.0.0.1:2690]' for 'GET' to 'http://localhost:2690/session/1d17cba2db6a7aededa6c8addbfcc1f0/element/7940c95d-7d60-47df-850a-aa0718c27123/text'
[DEBUG] Using open Channel [id: 0xe5765420, L:/127.0.0.1:59515 - R:localhost/127.0.0.1:2690] for GET '/session/1d17cba2db6a7aededa6c8addbfcc1f0/element/7940c95d-7d60-47df-850a-aa0718c27123/text'
[DEBUG] 

Request DefaultFullHttpRequest(decodeResult: success, version: HTTP/1.1, content: EmptyByteBufBE)
GET /session/1d17cba2db6a7aededa6c8addbfcc1f0/element/7940c95d-7d60-47df-850a-aa0718c27123/text HTTP/1.1
User-Agent: selenium/4.6.0 (java windows)
Cache-Control: no-cache
Content-Type: application/json; charset=utf-8
host: localhost:2690
accept: */*

Response DefaultHttpResponse(decodeResult: success, version: HTTP/1.1)
HTTP/1.1 200 OK
Content-Type: application/json; charset=utf-8
cache-control: no-cache
content-length: 28

[DEBUG] Adding key: http://localhost:2690 for channel [id: 0xe5765420, L:/127.0.0.1:59515 - R:localhost/127.0.0.1:2690]
[DEBUG] Using pooled Channel '[id: 0xe5765420, L:/127.0.0.1:59515 - R:localhost/127.0.0.1:2690]' for 'POST' to 'http://localhost:2690/session/1d17cba2db6a7aededa6c8addbfcc1f0/element'
[DEBUG] Using open Channel [id: 0xe5765420, L:/127.0.0.1:59515 - R:localhost/127.0.0.1:2690] for POST '/session/1d17cba2db6a7aededa6c8addbfcc1f0/element'
[DEBUG] 

Request DefaultHttpRequest(decodeResult: success, version: HTTP/1.1)
POST /session/1d17cba2db6a7aededa6c8addbfcc1f0/element HTTP/1.1
User-Agent: selenium/4.6.0 (java windows)
Content-Length: 128
Content-Type: application/json; charset=utf-8
host: localhost:2690
accept: */*

Response DefaultHttpResponse(decodeResult: success, version: HTTP/1.1)
HTTP/1.1 200 OK
Content-Type: application/json; charset=utf-8
cache-control: no-cache
content-length: 88

[DEBUG] Adding key: http://localhost:2690 for channel [id: 0xe5765420, L:/127.0.0.1:59515 - R:localhost/127.0.0.1:2690]
[DEBUG] Using pooled Channel '[id: 0xe5765420, L:/127.0.0.1:59515 - R:localhost/127.0.0.1:2690]' for 'GET' to 'http://localhost:2690/session/1d17cba2db6a7aededa6c8addbfcc1f0/element/8bc18dde-193e-4f5f-b5b2-451ef1cab02e/text'
[DEBUG] Using open Channel [id: 0xe5765420, L:/127.0.0.1:59515 - R:localhost/127.0.0.1:2690] for GET '/session/1d17cba2db6a7aededa6c8addbfcc1f0/element/8bc18dde-193e-4f5f-b5b2-451ef1cab02e/text'
[DEBUG] 

Request DefaultFullHttpRequest(decodeResult: success, version: HTTP/1.1, content: EmptyByteBufBE)
GET /session/1d17cba2db6a7aededa6c8addbfcc1f0/element/8bc18dde-193e-4f5f-b5b2-451ef1cab02e/text HTTP/1.1
User-Agent: selenium/4.6.0 (java windows)
Cache-Control: no-cache
Content-Type: application/json; charset=utf-8
host: localhost:2690
accept: */*

Response DefaultHttpResponse(decodeResult: success, version: HTTP/1.1)
HTTP/1.1 200 OK
Content-Type: application/json; charset=utf-8
cache-control: no-cache
content-length: 23

[DEBUG] Adding key: http://localhost:2690 for channel [id: 0xe5765420, L:/127.0.0.1:59515 - R:localhost/127.0.0.1:2690]
[DEBUG] Using pooled Channel '[id: 0xe5765420, L:/127.0.0.1:59515 - R:localhost/127.0.0.1:2690]' for 'POST' to 'http://localhost:2690/session/1d17cba2db6a7aededa6c8addbfcc1f0/element'
[DEBUG] Using open Channel [id: 0xe5765420, L:/127.0.0.1:59515 - R:localhost/127.0.0.1:2690] for POST '/session/1d17cba2db6a7aededa6c8addbfcc1f0/element'
[DEBUG] 

Request DefaultHttpRequest(decodeResult: success, version: HTTP/1.1)
POST /session/1d17cba2db6a7aededa6c8addbfcc1f0/element HTTP/1.1
User-Agent: selenium/4.6.0 (java windows)
Content-Length: 128
Content-Type: application/json; charset=utf-8
host: localhost:2690
accept: */*

Response DefaultHttpResponse(decodeResult: success, version: HTTP/1.1)
HTTP/1.1 200 OK
Content-Type: application/json; charset=utf-8
cache-control: no-cache
content-length: 88

[DEBUG] Adding key: http://localhost:2690 for channel [id: 0xe5765420, L:/127.0.0.1:59515 - R:localhost/127.0.0.1:2690]
[DEBUG] Using pooled Channel '[id: 0xe5765420, L:/127.0.0.1:59515 - R:localhost/127.0.0.1:2690]' for 'GET' to 'http://localhost:2690/session/1d17cba2db6a7aededa6c8addbfcc1f0/element/6ade71d7-2527-4bf5-b888-4785be703365/text'
[DEBUG] Using open Channel [id: 0xe5765420, L:/127.0.0.1:59515 - R:localhost/127.0.0.1:2690] for GET '/session/1d17cba2db6a7aededa6c8addbfcc1f0/element/6ade71d7-2527-4bf5-b888-4785be703365/text'
[DEBUG] 

Request DefaultFullHttpRequest(decodeResult: success, version: HTTP/1.1, content: EmptyByteBufBE)
GET /session/1d17cba2db6a7aededa6c8addbfcc1f0/element/6ade71d7-2527-4bf5-b888-4785be703365/text HTTP/1.1
User-Agent: selenium/4.6.0 (java windows)
Cache-Control: no-cache
Content-Type: application/json; charset=utf-8
host: localhost:2690
accept: */*

Response DefaultHttpResponse(decodeResult: success, version: HTTP/1.1)
HTTP/1.1 200 OK
Content-Type: application/json; charset=utf-8
cache-control: no-cache
content-length: 18

[DEBUG] Adding key: http://localhost:2690 for channel [id: 0xe5765420, L:/127.0.0.1:59515 - R:localhost/127.0.0.1:2690]
[DEBUG] Using pooled Channel '[id: 0xe5765420, L:/127.0.0.1:59515 - R:localhost/127.0.0.1:2690]' for 'POST' to 'http://localhost:2690/session/1d17cba2db6a7aededa6c8addbfcc1f0/element'
[DEBUG] Using open Channel [id: 0xe5765420, L:/127.0.0.1:59515 - R:localhost/127.0.0.1:2690] for POST '/session/1d17cba2db6a7aededa6c8addbfcc1f0/element'
[DEBUG] 

Request DefaultHttpRequest(decodeResult: success, version: HTTP/1.1)
POST /session/1d17cba2db6a7aededa6c8addbfcc1f0/element HTTP/1.1
User-Agent: selenium/4.6.0 (java windows)
Content-Length: 128
Content-Type: application/json; charset=utf-8
host: localhost:2690
accept: */*

Response DefaultHttpResponse(decodeResult: success, version: HTTP/1.1)
HTTP/1.1 200 OK
Content-Type: application/json; charset=utf-8
cache-control: no-cache
content-length: 88

[DEBUG] Adding key: http://localhost:2690 for channel [id: 0xe5765420, L:/127.0.0.1:59515 - R:localhost/127.0.0.1:2690]
[DEBUG] Using pooled Channel '[id: 0xe5765420, L:/127.0.0.1:59515 - R:localhost/127.0.0.1:2690]' for 'GET' to 'http://localhost:2690/session/1d17cba2db6a7aededa6c8addbfcc1f0/element/9b1864e6-c749-4a20-8c58-4014342737da/text'
[DEBUG] Using open Channel [id: 0xe5765420, L:/127.0.0.1:59515 - R:localhost/127.0.0.1:2690] for GET '/session/1d17cba2db6a7aededa6c8addbfcc1f0/element/9b1864e6-c749-4a20-8c58-4014342737da/text'
[DEBUG] 

Request DefaultFullHttpRequest(decodeResult: success, version: HTTP/1.1, content: EmptyByteBufBE)
GET /session/1d17cba2db6a7aededa6c8addbfcc1f0/element/9b1864e6-c749-4a20-8c58-4014342737da/text HTTP/1.1
User-Agent: selenium/4.6.0 (java windows)
Cache-Control: no-cache
Content-Type: application/json; charset=utf-8
host: localhost:2690
accept: */*

Response DefaultHttpResponse(decodeResult: success, version: HTTP/1.1)
HTTP/1.1 200 OK
Content-Type: application/json; charset=utf-8
cache-control: no-cache
content-length: 40

[DEBUG] Adding key: http://localhost:2690 for channel [id: 0xe5765420, L:/127.0.0.1:59515 - R:localhost/127.0.0.1:2690]
[DEBUG] Using pooled Channel '[id: 0xe5765420, L:/127.0.0.1:59515 - R:localhost/127.0.0.1:2690]' for 'POST' to 'http://localhost:2690/session/1d17cba2db6a7aededa6c8addbfcc1f0/element'
[DEBUG] Using open Channel [id: 0xe5765420, L:/127.0.0.1:59515 - R:localhost/127.0.0.1:2690] for POST '/session/1d17cba2db6a7aededa6c8addbfcc1f0/element'
[DEBUG] 

Request DefaultHttpRequest(decodeResult: success, version: HTTP/1.1)
POST /session/1d17cba2db6a7aededa6c8addbfcc1f0/element HTTP/1.1
User-Agent: selenium/4.6.0 (java windows)
Content-Length: 128
Content-Type: application/json; charset=utf-8
host: localhost:2690
accept: */*

Response DefaultHttpResponse(decodeResult: success, version: HTTP/1.1)
HTTP/1.1 200 OK
Content-Type: application/json; charset=utf-8
cache-control: no-cache
content-length: 88

[DEBUG] Adding key: http://localhost:2690 for channel [id: 0xe5765420, L:/127.0.0.1:59515 - R:localhost/127.0.0.1:2690]
[DEBUG] Using pooled Channel '[id: 0xe5765420, L:/127.0.0.1:59515 - R:localhost/127.0.0.1:2690]' for 'GET' to 'http://localhost:2690/session/1d17cba2db6a7aededa6c8addbfcc1f0/element/dcebd84f-3cbe-43e0-8a1a-52230bfa3c5b/text'
[DEBUG] Using open Channel [id: 0xe5765420, L:/127.0.0.1:59515 - R:localhost/127.0.0.1:2690] for GET '/session/1d17cba2db6a7aededa6c8addbfcc1f0/element/dcebd84f-3cbe-43e0-8a1a-52230bfa3c5b/text'
[DEBUG] 

Request DefaultFullHttpRequest(decodeResult: success, version: HTTP/1.1, content: EmptyByteBufBE)
GET /session/1d17cba2db6a7aededa6c8addbfcc1f0/element/dcebd84f-3cbe-43e0-8a1a-52230bfa3c5b/text HTTP/1.1
User-Agent: selenium/4.6.0 (java windows)
Cache-Control: no-cache
Content-Type: application/json; charset=utf-8
host: localhost:2690
accept: */*

Response DefaultHttpResponse(decodeResult: success, version: HTTP/1.1)
HTTP/1.1 200 OK
Content-Type: application/json; charset=utf-8
cache-control: no-cache
content-length: 28

[DEBUG] Adding key: http://localhost:2690 for channel [id: 0xe5765420, L:/127.0.0.1:59515 - R:localhost/127.0.0.1:2690]
[DEBUG] Using pooled Channel '[id: 0xe5765420, L:/127.0.0.1:59515 - R:localhost/127.0.0.1:2690]' for 'POST' to 'http://localhost:2690/session/1d17cba2db6a7aededa6c8addbfcc1f0/element'
[DEBUG] Using open Channel [id: 0xe5765420, L:/127.0.0.1:59515 - R:localhost/127.0.0.1:2690] for POST '/session/1d17cba2db6a7aededa6c8addbfcc1f0/element'
[DEBUG] 

Request DefaultHttpRequest(decodeResult: success, version: HTTP/1.1)
POST /session/1d17cba2db6a7aededa6c8addbfcc1f0/element HTTP/1.1
User-Agent: selenium/4.6.0 (java windows)
Content-Length: 128
Content-Type: application/json; charset=utf-8
host: localhost:2690
accept: */*

Response DefaultHttpResponse(decodeResult: success, version: HTTP/1.1)
HTTP/1.1 200 OK
Content-Type: application/json; charset=utf-8
cache-control: no-cache
content-length: 88

[DEBUG] Adding key: http://localhost:2690 for channel [id: 0xe5765420, L:/127.0.0.1:59515 - R:localhost/127.0.0.1:2690]
[DEBUG] Using pooled Channel '[id: 0xe5765420, L:/127.0.0.1:59515 - R:localhost/127.0.0.1:2690]' for 'GET' to 'http://localhost:2690/session/1d17cba2db6a7aededa6c8addbfcc1f0/element/c9cc29fc-a25c-4118-afb4-df9dbbf94d3a/text'
[DEBUG] Using open Channel [id: 0xe5765420, L:/127.0.0.1:59515 - R:localhost/127.0.0.1:2690] for GET '/session/1d17cba2db6a7aededa6c8addbfcc1f0/element/c9cc29fc-a25c-4118-afb4-df9dbbf94d3a/text'
[DEBUG] 

Request DefaultFullHttpRequest(decodeResult: success, version: HTTP/1.1, content: EmptyByteBufBE)
GET /session/1d17cba2db6a7aededa6c8addbfcc1f0/element/c9cc29fc-a25c-4118-afb4-df9dbbf94d3a/text HTTP/1.1
User-Agent: selenium/4.6.0 (java windows)
Cache-Control: no-cache
Content-Type: application/json; charset=utf-8
host: localhost:2690
accept: */*

Response DefaultHttpResponse(decodeResult: success, version: HTTP/1.1)
HTTP/1.1 200 OK
Content-Type: application/json; charset=utf-8
cache-control: no-cache
content-length: 23

[DEBUG] Adding key: http://localhost:2690 for channel [id: 0xe5765420, L:/127.0.0.1:59515 - R:localhost/127.0.0.1:2690]
[DEBUG] Using pooled Channel '[id: 0xe5765420, L:/127.0.0.1:59515 - R:localhost/127.0.0.1:2690]' for 'POST' to 'http://localhost:2690/session/1d17cba2db6a7aededa6c8addbfcc1f0/element'
[DEBUG] Using open Channel [id: 0xe5765420, L:/127.0.0.1:59515 - R:localhost/127.0.0.1:2690] for POST '/session/1d17cba2db6a7aededa6c8addbfcc1f0/element'
[DEBUG] 

Request DefaultHttpRequest(decodeResult: success, version: HTTP/1.1)
POST /session/1d17cba2db6a7aededa6c8addbfcc1f0/element HTTP/1.1
User-Agent: selenium/4.6.0 (java windows)
Content-Length: 128
Content-Type: application/json; charset=utf-8
host: localhost:2690
accept: */*

Response DefaultHttpResponse(decodeResult: success, version: HTTP/1.1)
HTTP/1.1 200 OK
Content-Type: application/json; charset=utf-8
cache-control: no-cache
content-length: 88

[DEBUG] Adding key: http://localhost:2690 for channel [id: 0xe5765420, L:/127.0.0.1:59515 - R:localhost/127.0.0.1:2690]
[DEBUG] Using pooled Channel '[id: 0xe5765420, L:/127.0.0.1:59515 - R:localhost/127.0.0.1:2690]' for 'GET' to 'http://localhost:2690/session/1d17cba2db6a7aededa6c8addbfcc1f0/element/5f90bc0c-c051-4d0e-b0e1-fb4aec4b9a68/text'
[DEBUG] Using open Channel [id: 0xe5765420, L:/127.0.0.1:59515 - R:localhost/127.0.0.1:2690] for GET '/session/1d17cba2db6a7aededa6c8addbfcc1f0/element/5f90bc0c-c051-4d0e-b0e1-fb4aec4b9a68/text'
[DEBUG] 

Request DefaultFullHttpRequest(decodeResult: success, version: HTTP/1.1, content: EmptyByteBufBE)
GET /session/1d17cba2db6a7aededa6c8addbfcc1f0/element/5f90bc0c-c051-4d0e-b0e1-fb4aec4b9a68/text HTTP/1.1
User-Agent: selenium/4.6.0 (java windows)
Cache-Control: no-cache
Content-Type: application/json; charset=utf-8
host: localhost:2690
accept: */*

Response DefaultHttpResponse(decodeResult: success, version: HTTP/1.1)
HTTP/1.1 200 OK
Content-Type: application/json; charset=utf-8
cache-control: no-cache
content-length: 19

[DEBUG] Adding key: http://localhost:2690 for channel [id: 0xe5765420, L:/127.0.0.1:59515 - R:localhost/127.0.0.1:2690]
[DEBUG] Using pooled Channel '[id: 0xe5765420, L:/127.0.0.1:59515 - R:localhost/127.0.0.1:2690]' for 'POST' to 'http://localhost:2690/session/1d17cba2db6a7aededa6c8addbfcc1f0/element'
[DEBUG] Using open Channel [id: 0xe5765420, L:/127.0.0.1:59515 - R:localhost/127.0.0.1:2690] for POST '/session/1d17cba2db6a7aededa6c8addbfcc1f0/element'
[DEBUG] 

Request DefaultHttpRequest(decodeResult: success, version: HTTP/1.1)
POST /session/1d17cba2db6a7aededa6c8addbfcc1f0/element HTTP/1.1
User-Agent: selenium/4.6.0 (java windows)
Content-Length: 128
Content-Type: application/json; charset=utf-8
host: localhost:2690
accept: */*

Response DefaultHttpResponse(decodeResult: success, version: HTTP/1.1)
HTTP/1.1 200 OK
Content-Type: application/json; charset=utf-8
cache-control: no-cache
content-length: 88

[DEBUG] Adding key: http://localhost:2690 for channel [id: 0xe5765420, L:/127.0.0.1:59515 - R:localhost/127.0.0.1:2690]
[DEBUG] Using pooled Channel '[id: 0xe5765420, L:/127.0.0.1:59515 - R:localhost/127.0.0.1:2690]' for 'GET' to 'http://localhost:2690/session/1d17cba2db6a7aededa6c8addbfcc1f0/element/f328b17a-376d-4858-aaed-ac372143c453/text'
[DEBUG] Using open Channel [id: 0xe5765420, L:/127.0.0.1:59515 - R:localhost/127.0.0.1:2690] for GET '/session/1d17cba2db6a7aededa6c8addbfcc1f0/element/f328b17a-376d-4858-aaed-ac372143c453/text'
[DEBUG] 

Request DefaultFullHttpRequest(decodeResult: success, version: HTTP/1.1, content: EmptyByteBufBE)
GET /session/1d17cba2db6a7aededa6c8addbfcc1f0/element/f328b17a-376d-4858-aaed-ac372143c453/text HTTP/1.1
User-Agent: selenium/4.6.0 (java windows)
Cache-Control: no-cache
Content-Type: application/json; charset=utf-8
host: localhost:2690
accept: */*

Response DefaultHttpResponse(decodeResult: success, version: HTTP/1.1)
HTTP/1.1 200 OK
Content-Type: application/json; charset=utf-8
cache-control: no-cache
content-length: 54

[DEBUG] Adding key: http://localhost:2690 for channel [id: 0xe5765420, L:/127.0.0.1:59515 - R:localhost/127.0.0.1:2690]
[DEBUG] Using pooled Channel '[id: 0xe5765420, L:/127.0.0.1:59515 - R:localhost/127.0.0.1:2690]' for 'POST' to 'http://localhost:2690/session/1d17cba2db6a7aededa6c8addbfcc1f0/element'
[DEBUG] Using open Channel [id: 0xe5765420, L:/127.0.0.1:59515 - R:localhost/127.0.0.1:2690] for POST '/session/1d17cba2db6a7aededa6c8addbfcc1f0/element'
[DEBUG] 

Request DefaultHttpRequest(decodeResult: success, version: HTTP/1.1)
POST /session/1d17cba2db6a7aededa6c8addbfcc1f0/element HTTP/1.1
User-Agent: selenium/4.6.0 (java windows)
Content-Length: 128
Content-Type: application/json; charset=utf-8
host: localhost:2690
accept: */*

Response DefaultHttpResponse(decodeResult: success, version: HTTP/1.1)
HTTP/1.1 200 OK
Content-Type: application/json; charset=utf-8
cache-control: no-cache
content-length: 88

[DEBUG] Adding key: http://localhost:2690 for channel [id: 0xe5765420, L:/127.0.0.1:59515 - R:localhost/127.0.0.1:2690]
[DEBUG] Using pooled Channel '[id: 0xe5765420, L:/127.0.0.1:59515 - R:localhost/127.0.0.1:2690]' for 'GET' to 'http://localhost:2690/session/1d17cba2db6a7aededa6c8addbfcc1f0/element/57940942-faeb-479c-82b1-6508c2e7f6b0/text'
[DEBUG] Using open Channel [id: 0xe5765420, L:/127.0.0.1:59515 - R:localhost/127.0.0.1:2690] for GET '/session/1d17cba2db6a7aededa6c8addbfcc1f0/element/57940942-faeb-479c-82b1-6508c2e7f6b0/text'
[DEBUG] 

Request DefaultFullHttpRequest(decodeResult: success, version: HTTP/1.1, content: EmptyByteBufBE)
GET /session/1d17cba2db6a7aededa6c8addbfcc1f0/element/57940942-faeb-479c-82b1-6508c2e7f6b0/text HTTP/1.1
User-Agent: selenium/4.6.0 (java windows)
Cache-Control: no-cache
Content-Type: application/json; charset=utf-8
host: localhost:2690
accept: */*

Response DefaultHttpResponse(decodeResult: success, version: HTTP/1.1)
HTTP/1.1 200 OK
Content-Type: application/json; charset=utf-8
cache-control: no-cache
content-length: 28

[DEBUG] Adding key: http://localhost:2690 for channel [id: 0xe5765420, L:/127.0.0.1:59515 - R:localhost/127.0.0.1:2690]
[DEBUG] Using pooled Channel '[id: 0xe5765420, L:/127.0.0.1:59515 - R:localhost/127.0.0.1:2690]' for 'POST' to 'http://localhost:2690/session/1d17cba2db6a7aededa6c8addbfcc1f0/element'
[DEBUG] Using open Channel [id: 0xe5765420, L:/127.0.0.1:59515 - R:localhost/127.0.0.1:2690] for POST '/session/1d17cba2db6a7aededa6c8addbfcc1f0/element'
[DEBUG] 

Request DefaultHttpRequest(decodeResult: success, version: HTTP/1.1)
POST /session/1d17cba2db6a7aededa6c8addbfcc1f0/element HTTP/1.1
User-Agent: selenium/4.6.0 (java windows)
Content-Length: 128
Content-Type: application/json; charset=utf-8
host: localhost:2690
accept: */*

Response DefaultHttpResponse(decodeResult: success, version: HTTP/1.1)
HTTP/1.1 200 OK
Content-Type: application/json; charset=utf-8
cache-control: no-cache
content-length: 88

[DEBUG] Adding key: http://localhost:2690 for channel [id: 0xe5765420, L:/127.0.0.1:59515 - R:localhost/127.0.0.1:2690]
[DEBUG] Using pooled Channel '[id: 0xe5765420, L:/127.0.0.1:59515 - R:localhost/127.0.0.1:2690]' for 'GET' to 'http://localhost:2690/session/1d17cba2db6a7aededa6c8addbfcc1f0/element/b41a06d1-6a36-459e-aeab-45996224a23d/text'
[DEBUG] Using open Channel [id: 0xe5765420, L:/127.0.0.1:59515 - R:localhost/127.0.0.1:2690] for GET '/session/1d17cba2db6a7aededa6c8addbfcc1f0/element/b41a06d1-6a36-459e-aeab-45996224a23d/text'
[DEBUG] 

Request DefaultFullHttpRequest(decodeResult: success, version: HTTP/1.1, content: EmptyByteBufBE)
GET /session/1d17cba2db6a7aededa6c8addbfcc1f0/element/b41a06d1-6a36-459e-aeab-45996224a23d/text HTTP/1.1
User-Agent: selenium/4.6.0 (java windows)
Cache-Control: no-cache
Content-Type: application/json; charset=utf-8
host: localhost:2690
accept: */*

Response DefaultHttpResponse(decodeResult: success, version: HTTP/1.1)
HTTP/1.1 200 OK
Content-Type: application/json; charset=utf-8
cache-control: no-cache
content-length: 23

[DEBUG] Adding key: http://localhost:2690 for channel [id: 0xe5765420, L:/127.0.0.1:59515 - R:localhost/127.0.0.1:2690]
[DEBUG] Using pooled Channel '[id: 0xe5765420, L:/127.0.0.1:59515 - R:localhost/127.0.0.1:2690]' for 'POST' to 'http://localhost:2690/session/1d17cba2db6a7aededa6c8addbfcc1f0/element'
[DEBUG] Using open Channel [id: 0xe5765420, L:/127.0.0.1:59515 - R:localhost/127.0.0.1:2690] for POST '/session/1d17cba2db6a7aededa6c8addbfcc1f0/element'
[DEBUG] 

Request DefaultHttpRequest(decodeResult: success, version: HTTP/1.1)
POST /session/1d17cba2db6a7aededa6c8addbfcc1f0/element HTTP/1.1
User-Agent: selenium/4.6.0 (java windows)
Content-Length: 128
Content-Type: application/json; charset=utf-8
host: localhost:2690
accept: */*

Response DefaultHttpResponse(decodeResult: success, version: HTTP/1.1)
HTTP/1.1 200 OK
Content-Type: application/json; charset=utf-8
cache-control: no-cache
content-length: 88

[DEBUG] Adding key: http://localhost:2690 for channel [id: 0xe5765420, L:/127.0.0.1:59515 - R:localhost/127.0.0.1:2690]
[DEBUG] Using pooled Channel '[id: 0xe5765420, L:/127.0.0.1:59515 - R:localhost/127.0.0.1:2690]' for 'GET' to 'http://localhost:2690/session/1d17cba2db6a7aededa6c8addbfcc1f0/element/e218eec0-10b7-419b-a09a-2644b7023259/text'
[DEBUG] Using open Channel [id: 0xe5765420, L:/127.0.0.1:59515 - R:localhost/127.0.0.1:2690] for GET '/session/1d17cba2db6a7aededa6c8addbfcc1f0/element/e218eec0-10b7-419b-a09a-2644b7023259/text'
[DEBUG] 

Request DefaultFullHttpRequest(decodeResult: success, version: HTTP/1.1, content: EmptyByteBufBE)
GET /session/1d17cba2db6a7aededa6c8addbfcc1f0/element/e218eec0-10b7-419b-a09a-2644b7023259/text HTTP/1.1
User-Agent: selenium/4.6.0 (java windows)
Cache-Control: no-cache
Content-Type: application/json; charset=utf-8
host: localhost:2690
accept: */*

Response DefaultHttpResponse(decodeResult: success, version: HTTP/1.1)
HTTP/1.1 200 OK
Content-Type: application/json; charset=utf-8
cache-control: no-cache
content-length: 21

[DEBUG] Adding key: http://localhost:2690 for channel [id: 0xe5765420, L:/127.0.0.1:59515 - R:localhost/127.0.0.1:2690]
[DEBUG] Using pooled Channel '[id: 0xe5765420, L:/127.0.0.1:59515 - R:localhost/127.0.0.1:2690]' for 'POST' to 'http://localhost:2690/session/1d17cba2db6a7aededa6c8addbfcc1f0/element'
[DEBUG] Using open Channel [id: 0xe5765420, L:/127.0.0.1:59515 - R:localhost/127.0.0.1:2690] for POST '/session/1d17cba2db6a7aededa6c8addbfcc1f0/element'
[DEBUG] 

Request DefaultHttpRequest(decodeResult: success, version: HTTP/1.1)
POST /session/1d17cba2db6a7aededa6c8addbfcc1f0/element HTTP/1.1
User-Agent: selenium/4.6.0 (java windows)
Content-Length: 128
Content-Type: application/json; charset=utf-8
host: localhost:2690
accept: */*

Response DefaultHttpResponse(decodeResult: success, version: HTTP/1.1)
HTTP/1.1 200 OK
Content-Type: application/json; charset=utf-8
cache-control: no-cache
content-length: 88

[DEBUG] Adding key: http://localhost:2690 for channel [id: 0xe5765420, L:/127.0.0.1:59515 - R:localhost/127.0.0.1:2690]
[DEBUG] Using pooled Channel '[id: 0xe5765420, L:/127.0.0.1:59515 - R:localhost/127.0.0.1:2690]' for 'GET' to 'http://localhost:2690/session/1d17cba2db6a7aededa6c8addbfcc1f0/element/f9535e93-5817-457e-9858-eb541cfbbc2d/text'
[DEBUG] Using open Channel [id: 0xe5765420, L:/127.0.0.1:59515 - R:localhost/127.0.0.1:2690] for GET '/session/1d17cba2db6a7aededa6c8addbfcc1f0/element/f9535e93-5817-457e-9858-eb541cfbbc2d/text'
[DEBUG] 

Request DefaultFullHttpRequest(decodeResult: success, version: HTTP/1.1, content: EmptyByteBufBE)
GET /session/1d17cba2db6a7aededa6c8addbfcc1f0/element/f9535e93-5817-457e-9858-eb541cfbbc2d/text HTTP/1.1
User-Agent: selenium/4.6.0 (java windows)
Cache-Control: no-cache
Content-Type: application/json; charset=utf-8
host: localhost:2690
accept: */*

Response DefaultHttpResponse(decodeResult: success, version: HTTP/1.1)
HTTP/1.1 200 OK
Content-Type: application/json; charset=utf-8
cache-control: no-cache
content-length: 39

[DEBUG] Adding key: http://localhost:2690 for channel [id: 0xe5765420, L:/127.0.0.1:59515 - R:localhost/127.0.0.1:2690]
[DEBUG] Using pooled Channel '[id: 0xe5765420, L:/127.0.0.1:59515 - R:localhost/127.0.0.1:2690]' for 'POST' to 'http://localhost:2690/session/1d17cba2db6a7aededa6c8addbfcc1f0/element'
[DEBUG] Using open Channel [id: 0xe5765420, L:/127.0.0.1:59515 - R:localhost/127.0.0.1:2690] for POST '/session/1d17cba2db6a7aededa6c8addbfcc1f0/element'
[DEBUG] 

Request DefaultHttpRequest(decodeResult: success, version: HTTP/1.1)
POST /session/1d17cba2db6a7aededa6c8addbfcc1f0/element HTTP/1.1
User-Agent: selenium/4.6.0 (java windows)
Content-Length: 128
Content-Type: application/json; charset=utf-8
host: localhost:2690
accept: */*

Response DefaultHttpResponse(decodeResult: success, version: HTTP/1.1)
HTTP/1.1 200 OK
Content-Type: application/json; charset=utf-8
cache-control: no-cache
content-length: 88

[DEBUG] Adding key: http://localhost:2690 for channel [id: 0xe5765420, L:/127.0.0.1:59515 - R:localhost/127.0.0.1:2690]
[DEBUG] Using pooled Channel '[id: 0xe5765420, L:/127.0.0.1:59515 - R:localhost/127.0.0.1:2690]' for 'GET' to 'http://localhost:2690/session/1d17cba2db6a7aededa6c8addbfcc1f0/element/a3dfdd73-3d69-43e5-a745-2dc3ac51d0de/text'
[DEBUG] Using open Channel [id: 0xe5765420, L:/127.0.0.1:59515 - R:localhost/127.0.0.1:2690] for GET '/session/1d17cba2db6a7aededa6c8addbfcc1f0/element/a3dfdd73-3d69-43e5-a745-2dc3ac51d0de/text'
[DEBUG] 

Request DefaultFullHttpRequest(decodeResult: success, version: HTTP/1.1, content: EmptyByteBufBE)
GET /session/1d17cba2db6a7aededa6c8addbfcc1f0/element/a3dfdd73-3d69-43e5-a745-2dc3ac51d0de/text HTTP/1.1
User-Agent: selenium/4.6.0 (java windows)
Cache-Control: no-cache
Content-Type: application/json; charset=utf-8
host: localhost:2690
accept: */*

Response DefaultHttpResponse(decodeResult: success, version: HTTP/1.1)
HTTP/1.1 200 OK
Content-Type: application/json; charset=utf-8
cache-control: no-cache
content-length: 28

[DEBUG] Adding key: http://localhost:2690 for channel [id: 0xe5765420, L:/127.0.0.1:59515 - R:localhost/127.0.0.1:2690]
[DEBUG] Using pooled Channel '[id: 0xe5765420, L:/127.0.0.1:59515 - R:localhost/127.0.0.1:2690]' for 'POST' to 'http://localhost:2690/session/1d17cba2db6a7aededa6c8addbfcc1f0/element'
[DEBUG] Using open Channel [id: 0xe5765420, L:/127.0.0.1:59515 - R:localhost/127.0.0.1:2690] for POST '/session/1d17cba2db6a7aededa6c8addbfcc1f0/element'
[DEBUG] 

Request DefaultHttpRequest(decodeResult: success, version: HTTP/1.1)
POST /session/1d17cba2db6a7aededa6c8addbfcc1f0/element HTTP/1.1
User-Agent: selenium/4.6.0 (java windows)
Content-Length: 129
Content-Type: application/json; charset=utf-8
host: localhost:2690
accept: */*

Response DefaultHttpResponse(decodeResult: success, version: HTTP/1.1)
HTTP/1.1 200 OK
Content-Type: application/json; charset=utf-8
cache-control: no-cache
content-length: 88

[DEBUG] Adding key: http://localhost:2690 for channel [id: 0xe5765420, L:/127.0.0.1:59515 - R:localhost/127.0.0.1:2690]
[DEBUG] Using pooled Channel '[id: 0xe5765420, L:/127.0.0.1:59515 - R:localhost/127.0.0.1:2690]' for 'GET' to 'http://localhost:2690/session/1d17cba2db6a7aededa6c8addbfcc1f0/element/f8e20ea2-3367-46ed-aef5-a352a7eebe07/text'
[DEBUG] Using open Channel [id: 0xe5765420, L:/127.0.0.1:59515 - R:localhost/127.0.0.1:2690] for GET '/session/1d17cba2db6a7aededa6c8addbfcc1f0/element/f8e20ea2-3367-46ed-aef5-a352a7eebe07/text'
[DEBUG] 

Request DefaultFullHttpRequest(decodeResult: success, version: HTTP/1.1, content: EmptyByteBufBE)
GET /session/1d17cba2db6a7aededa6c8addbfcc1f0/element/f8e20ea2-3367-46ed-aef5-a352a7eebe07/text HTTP/1.1
User-Agent: selenium/4.6.0 (java windows)
Cache-Control: no-cache
Content-Type: application/json; charset=utf-8
host: localhost:2690
accept: */*

Response DefaultHttpResponse(decodeResult: success, version: HTTP/1.1)
HTTP/1.1 200 OK
Content-Type: application/json; charset=utf-8
cache-control: no-cache
content-length: 23

[DEBUG] Adding key: http://localhost:2690 for channel [id: 0xe5765420, L:/127.0.0.1:59515 - R:localhost/127.0.0.1:2690]
[DEBUG] Using pooled Channel '[id: 0xe5765420, L:/127.0.0.1:59515 - R:localhost/127.0.0.1:2690]' for 'POST' to 'http://localhost:2690/session/1d17cba2db6a7aededa6c8addbfcc1f0/element'
[DEBUG] Using open Channel [id: 0xe5765420, L:/127.0.0.1:59515 - R:localhost/127.0.0.1:2690] for POST '/session/1d17cba2db6a7aededa6c8addbfcc1f0/element'
[DEBUG] 

Request DefaultHttpRequest(decodeResult: success, version: HTTP/1.1)
POST /session/1d17cba2db6a7aededa6c8addbfcc1f0/element HTTP/1.1
User-Agent: selenium/4.6.0 (java windows)
Content-Length: 129
Content-Type: application/json; charset=utf-8
host: localhost:2690
accept: */*

Response DefaultHttpResponse(decodeResult: success, version: HTTP/1.1)
HTTP/1.1 200 OK
Content-Type: application/json; charset=utf-8
cache-control: no-cache
content-length: 88

[DEBUG] Adding key: http://localhost:2690 for channel [id: 0xe5765420, L:/127.0.0.1:59515 - R:localhost/127.0.0.1:2690]
[DEBUG] Using pooled Channel '[id: 0xe5765420, L:/127.0.0.1:59515 - R:localhost/127.0.0.1:2690]' for 'GET' to 'http://localhost:2690/session/1d17cba2db6a7aededa6c8addbfcc1f0/element/e1c2c0fb-492e-424c-97c8-c5e664a1f00e/text'
[DEBUG] Using open Channel [id: 0xe5765420, L:/127.0.0.1:59515 - R:localhost/127.0.0.1:2690] for GET '/session/1d17cba2db6a7aededa6c8addbfcc1f0/element/e1c2c0fb-492e-424c-97c8-c5e664a1f00e/text'
[DEBUG] 

Request DefaultFullHttpRequest(decodeResult: success, version: HTTP/1.1, content: EmptyByteBufBE)
GET /session/1d17cba2db6a7aededa6c8addbfcc1f0/element/e1c2c0fb-492e-424c-97c8-c5e664a1f00e/text HTTP/1.1
User-Agent: selenium/4.6.0 (java windows)
Cache-Control: no-cache
Content-Type: application/json; charset=utf-8
host: localhost:2690
accept: */*

Response DefaultHttpResponse(decodeResult: success, version: HTTP/1.1)
HTTP/1.1 200 OK
Content-Type: application/json; charset=utf-8
cache-control: no-cache
content-length: 18

[DEBUG] Adding key: http://localhost:2690 for channel [id: 0xe5765420, L:/127.0.0.1:59515 - R:localhost/127.0.0.1:2690]
[DEBUG] Using pooled Channel '[id: 0xe5765420, L:/127.0.0.1:59515 - R:localhost/127.0.0.1:2690]' for 'POST' to 'http://localhost:2690/session/1d17cba2db6a7aededa6c8addbfcc1f0/element'
[DEBUG] Using open Channel [id: 0xe5765420, L:/127.0.0.1:59515 - R:localhost/127.0.0.1:2690] for POST '/session/1d17cba2db6a7aededa6c8addbfcc1f0/element'
[DEBUG] 

Request DefaultHttpRequest(decodeResult: success, version: HTTP/1.1)
POST /session/1d17cba2db6a7aededa6c8addbfcc1f0/element HTTP/1.1
User-Agent: selenium/4.6.0 (java windows)
Content-Length: 129
Content-Type: application/json; charset=utf-8
host: localhost:2690
accept: */*

Response DefaultHttpResponse(decodeResult: success, version: HTTP/1.1)
HTTP/1.1 200 OK
Content-Type: application/json; charset=utf-8
cache-control: no-cache
content-length: 88

[DEBUG] Adding key: http://localhost:2690 for channel [id: 0xe5765420, L:/127.0.0.1:59515 - R:localhost/127.0.0.1:2690]
[DEBUG] Using pooled Channel '[id: 0xe5765420, L:/127.0.0.1:59515 - R:localhost/127.0.0.1:2690]' for 'GET' to 'http://localhost:2690/session/1d17cba2db6a7aededa6c8addbfcc1f0/element/07d307d8-2078-4513-be11-16c721f6f771/text'
[DEBUG] Using open Channel [id: 0xe5765420, L:/127.0.0.1:59515 - R:localhost/127.0.0.1:2690] for GET '/session/1d17cba2db6a7aededa6c8addbfcc1f0/element/07d307d8-2078-4513-be11-16c721f6f771/text'
[DEBUG] 

Request DefaultFullHttpRequest(decodeResult: success, version: HTTP/1.1, content: EmptyByteBufBE)
GET /session/1d17cba2db6a7aededa6c8addbfcc1f0/element/07d307d8-2078-4513-be11-16c721f6f771/text HTTP/1.1
User-Agent: selenium/4.6.0 (java windows)
Cache-Control: no-cache
Content-Type: application/json; charset=utf-8
host: localhost:2690
accept: */*

Response DefaultHttpResponse(decodeResult: success, version: HTTP/1.1)
HTTP/1.1 200 OK
Content-Type: application/json; charset=utf-8
cache-control: no-cache
content-length: 23

[DEBUG] Adding key: http://localhost:2690 for channel [id: 0xe5765420, L:/127.0.0.1:59515 - R:localhost/127.0.0.1:2690]
[DEBUG] Using pooled Channel '[id: 0xe5765420, L:/127.0.0.1:59515 - R:localhost/127.0.0.1:2690]' for 'POST' to 'http://localhost:2690/session/1d17cba2db6a7aededa6c8addbfcc1f0/element'
[DEBUG] Using open Channel [id: 0xe5765420, L:/127.0.0.1:59515 - R:localhost/127.0.0.1:2690] for POST '/session/1d17cba2db6a7aededa6c8addbfcc1f0/element'
[DEBUG] 

Request DefaultHttpRequest(decodeResult: success, version: HTTP/1.1)
POST /session/1d17cba2db6a7aededa6c8addbfcc1f0/element HTTP/1.1
User-Agent: selenium/4.6.0 (java windows)
Content-Length: 129
Content-Type: application/json; charset=utf-8
host: localhost:2690
accept: */*

Response DefaultHttpResponse(decodeResult: success, version: HTTP/1.1)
HTTP/1.1 200 OK
Content-Type: application/json; charset=utf-8
cache-control: no-cache
content-length: 88

[DEBUG] Adding key: http://localhost:2690 for channel [id: 0xe5765420, L:/127.0.0.1:59515 - R:localhost/127.0.0.1:2690]
[DEBUG] Using pooled Channel '[id: 0xe5765420, L:/127.0.0.1:59515 - R:localhost/127.0.0.1:2690]' for 'GET' to 'http://localhost:2690/session/1d17cba2db6a7aededa6c8addbfcc1f0/element/28c1333c-7c2f-4d7d-b80c-ece3b2d7ca96/text'
[DEBUG] Using open Channel [id: 0xe5765420, L:/127.0.0.1:59515 - R:localhost/127.0.0.1:2690] for GET '/session/1d17cba2db6a7aededa6c8addbfcc1f0/element/28c1333c-7c2f-4d7d-b80c-ece3b2d7ca96/text'
[DEBUG] 

Request DefaultFullHttpRequest(decodeResult: success, version: HTTP/1.1, content: EmptyByteBufBE)
GET /session/1d17cba2db6a7aededa6c8addbfcc1f0/element/28c1333c-7c2f-4d7d-b80c-ece3b2d7ca96/text HTTP/1.1
User-Agent: selenium/4.6.0 (java windows)
Cache-Control: no-cache
Content-Type: application/json; charset=utf-8
host: localhost:2690
accept: */*

Response DefaultHttpResponse(decodeResult: success, version: HTTP/1.1)
HTTP/1.1 200 OK
Content-Type: application/json; charset=utf-8
cache-control: no-cache
content-length: 26

[DEBUG] Adding key: http://localhost:2690 for channel [id: 0xe5765420, L:/127.0.0.1:59515 - R:localhost/127.0.0.1:2690]
[DEBUG] Using pooled Channel '[id: 0xe5765420, L:/127.0.0.1:59515 - R:localhost/127.0.0.1:2690]' for 'POST' to 'http://localhost:2690/session/1d17cba2db6a7aededa6c8addbfcc1f0/element'
[DEBUG] Using open Channel [id: 0xe5765420, L:/127.0.0.1:59515 - R:localhost/127.0.0.1:2690] for POST '/session/1d17cba2db6a7aededa6c8addbfcc1f0/element'
[DEBUG] 

Request DefaultHttpRequest(decodeResult: success, version: HTTP/1.1)
POST /session/1d17cba2db6a7aededa6c8addbfcc1f0/element HTTP/1.1
User-Agent: selenium/4.6.0 (java windows)
Content-Length: 129
Content-Type: application/json; charset=utf-8
host: localhost:2690
accept: */*

Response DefaultHttpResponse(decodeResult: success, version: HTTP/1.1)
HTTP/1.1 200 OK
Content-Type: application/json; charset=utf-8
cache-control: no-cache
content-length: 88

[DEBUG] Adding key: http://localhost:2690 for channel [id: 0xe5765420, L:/127.0.0.1:59515 - R:localhost/127.0.0.1:2690]
[DEBUG] Using pooled Channel '[id: 0xe5765420, L:/127.0.0.1:59515 - R:localhost/127.0.0.1:2690]' for 'GET' to 'http://localhost:2690/session/1d17cba2db6a7aededa6c8addbfcc1f0/element/d6ed76ff-0f59-4544-bd06-71cce081707c/text'
[DEBUG] Using open Channel [id: 0xe5765420, L:/127.0.0.1:59515 - R:localhost/127.0.0.1:2690] for GET '/session/1d17cba2db6a7aededa6c8addbfcc1f0/element/d6ed76ff-0f59-4544-bd06-71cce081707c/text'
[DEBUG] 

Request DefaultFullHttpRequest(decodeResult: success, version: HTTP/1.1, content: EmptyByteBufBE)
GET /session/1d17cba2db6a7aededa6c8addbfcc1f0/element/d6ed76ff-0f59-4544-bd06-71cce081707c/text HTTP/1.1
User-Agent: selenium/4.6.0 (java windows)
Cache-Control: no-cache
Content-Type: application/json; charset=utf-8
host: localhost:2690
accept: */*

Response DefaultHttpResponse(decodeResult: success, version: HTTP/1.1)
HTTP/1.1 200 OK
Content-Type: application/json; charset=utf-8
cache-control: no-cache
content-length: 23

[DEBUG] Adding key: http://localhost:2690 for channel [id: 0xe5765420, L:/127.0.0.1:59515 - R:localhost/127.0.0.1:2690]
[DEBUG] Using pooled Channel '[id: 0xe5765420, L:/127.0.0.1:59515 - R:localhost/127.0.0.1:2690]' for 'POST' to 'http://localhost:2690/session/1d17cba2db6a7aededa6c8addbfcc1f0/element'
[DEBUG] Using open Channel [id: 0xe5765420, L:/127.0.0.1:59515 - R:localhost/127.0.0.1:2690] for POST '/session/1d17cba2db6a7aededa6c8addbfcc1f0/element'
[DEBUG] 

Request DefaultHttpRequest(decodeResult: success, version: HTTP/1.1)
POST /session/1d17cba2db6a7aededa6c8addbfcc1f0/element HTTP/1.1
User-Agent: selenium/4.6.0 (java windows)
Content-Length: 129
Content-Type: application/json; charset=utf-8
host: localhost:2690
accept: */*

Response DefaultHttpResponse(decodeResult: success, version: HTTP/1.1)
HTTP/1.1 200 OK
Content-Type: application/json; charset=utf-8
cache-control: no-cache
content-length: 88

[DEBUG] Adding key: http://localhost:2690 for channel [id: 0xe5765420, L:/127.0.0.1:59515 - R:localhost/127.0.0.1:2690]
[DEBUG] Using pooled Channel '[id: 0xe5765420, L:/127.0.0.1:59515 - R:localhost/127.0.0.1:2690]' for 'GET' to 'http://localhost:2690/session/1d17cba2db6a7aededa6c8addbfcc1f0/element/53435682-7ad6-4fd6-b690-3842c15e24a9/text'
[DEBUG] Using open Channel [id: 0xe5765420, L:/127.0.0.1:59515 - R:localhost/127.0.0.1:2690] for GET '/session/1d17cba2db6a7aededa6c8addbfcc1f0/element/53435682-7ad6-4fd6-b690-3842c15e24a9/text'
[DEBUG] 

Request DefaultFullHttpRequest(decodeResult: success, version: HTTP/1.1, content: EmptyByteBufBE)
GET /session/1d17cba2db6a7aededa6c8addbfcc1f0/element/53435682-7ad6-4fd6-b690-3842c15e24a9/text HTTP/1.1
User-Agent: selenium/4.6.0 (java windows)
Cache-Control: no-cache
Content-Type: application/json; charset=utf-8
host: localhost:2690
accept: */*

Response DefaultHttpResponse(decodeResult: success, version: HTTP/1.1)
HTTP/1.1 200 OK
Content-Type: application/json; charset=utf-8
cache-control: no-cache
content-length: 18

[DEBUG] Adding key: http://localhost:2690 for channel [id: 0xe5765420, L:/127.0.0.1:59515 - R:localhost/127.0.0.1:2690]
[DEBUG] Using pooled Channel '[id: 0xe5765420, L:/127.0.0.1:59515 - R:localhost/127.0.0.1:2690]' for 'POST' to 'http://localhost:2690/session/1d17cba2db6a7aededa6c8addbfcc1f0/element'
[DEBUG] Using open Channel [id: 0xe5765420, L:/127.0.0.1:59515 - R:localhost/127.0.0.1:2690] for POST '/session/1d17cba2db6a7aededa6c8addbfcc1f0/element'
[DEBUG] 

Request DefaultHttpRequest(decodeResult: success, version: HTTP/1.1)
POST /session/1d17cba2db6a7aededa6c8addbfcc1f0/element HTTP/1.1
User-Agent: selenium/4.6.0 (java windows)
Content-Length: 129
Content-Type: application/json; charset=utf-8
host: localhost:2690
accept: */*

Response DefaultHttpResponse(decodeResult: success, version: HTTP/1.1)
HTTP/1.1 200 OK
Content-Type: application/json; charset=utf-8
cache-control: no-cache
content-length: 88

[DEBUG] Adding key: http://localhost:2690 for channel [id: 0xe5765420, L:/127.0.0.1:59515 - R:localhost/127.0.0.1:2690]
[DEBUG] Using pooled Channel '[id: 0xe5765420, L:/127.0.0.1:59515 - R:localhost/127.0.0.1:2690]' for 'GET' to 'http://localhost:2690/session/1d17cba2db6a7aededa6c8addbfcc1f0/element/d9aaacdf-0d55-4445-a737-1d04c981ef13/text'
[DEBUG] Using open Channel [id: 0xe5765420, L:/127.0.0.1:59515 - R:localhost/127.0.0.1:2690] for GET '/session/1d17cba2db6a7aededa6c8addbfcc1f0/element/d9aaacdf-0d55-4445-a737-1d04c981ef13/text'
[DEBUG] 

Request DefaultFullHttpRequest(decodeResult: success, version: HTTP/1.1, content: EmptyByteBufBE)
GET /session/1d17cba2db6a7aededa6c8addbfcc1f0/element/d9aaacdf-0d55-4445-a737-1d04c981ef13/text HTTP/1.1
User-Agent: selenium/4.6.0 (java windows)
Cache-Control: no-cache
Content-Type: application/json; charset=utf-8
host: localhost:2690
accept: */*

Response DefaultHttpResponse(decodeResult: success, version: HTTP/1.1)
HTTP/1.1 200 OK
Content-Type: application/json; charset=utf-8
cache-control: no-cache
content-length: 18

[DEBUG] Adding key: http://localhost:2690 for channel [id: 0xe5765420, L:/127.0.0.1:59515 - R:localhost/127.0.0.1:2690]
[DEBUG] Using pooled Channel '[id: 0xe5765420, L:/127.0.0.1:59515 - R:localhost/127.0.0.1:2690]' for 'POST' to 'http://localhost:2690/session/1d17cba2db6a7aededa6c8addbfcc1f0/element'
[DEBUG] Using open Channel [id: 0xe5765420, L:/127.0.0.1:59515 - R:localhost/127.0.0.1:2690] for POST '/session/1d17cba2db6a7aededa6c8addbfcc1f0/element'
[DEBUG] 

Request DefaultHttpRequest(decodeResult: success, version: HTTP/1.1)
POST /session/1d17cba2db6a7aededa6c8addbfcc1f0/element HTTP/1.1
User-Agent: selenium/4.6.0 (java windows)
Content-Length: 129
Content-Type: application/json; charset=utf-8
host: localhost:2690
accept: */*

Response DefaultHttpResponse(decodeResult: success, version: HTTP/1.1)
HTTP/1.1 200 OK
Content-Type: application/json; charset=utf-8
cache-control: no-cache
content-length: 88

[DEBUG] Adding key: http://localhost:2690 for channel [id: 0xe5765420, L:/127.0.0.1:59515 - R:localhost/127.0.0.1:2690]
[DEBUG] Using pooled Channel '[id: 0xe5765420, L:/127.0.0.1:59515 - R:localhost/127.0.0.1:2690]' for 'GET' to 'http://localhost:2690/session/1d17cba2db6a7aededa6c8addbfcc1f0/element/572ffbec-91aa-4718-86ac-9ef0c57684cf/text'
[DEBUG] Using open Channel [id: 0xe5765420, L:/127.0.0.1:59515 - R:localhost/127.0.0.1:2690] for GET '/session/1d17cba2db6a7aededa6c8addbfcc1f0/element/572ffbec-91aa-4718-86ac-9ef0c57684cf/text'
[DEBUG] 

Request DefaultFullHttpRequest(decodeResult: success, version: HTTP/1.1, content: EmptyByteBufBE)
GET /session/1d17cba2db6a7aededa6c8addbfcc1f0/element/572ffbec-91aa-4718-86ac-9ef0c57684cf/text HTTP/1.1
User-Agent: selenium/4.6.0 (java windows)
Cache-Control: no-cache
Content-Type: application/json; charset=utf-8
host: localhost:2690
accept: */*

Response DefaultHttpResponse(decodeResult: success, version: HTTP/1.1)
HTTP/1.1 200 OK
Content-Type: application/json; charset=utf-8
cache-control: no-cache
content-length: 28

[DEBUG] Adding key: http://localhost:2690 for channel [id: 0xe5765420, L:/127.0.0.1:59515 - R:localhost/127.0.0.1:2690]
[DEBUG] Using pooled Channel '[id: 0xe5765420, L:/127.0.0.1:59515 - R:localhost/127.0.0.1:2690]' for 'POST' to 'http://localhost:2690/session/1d17cba2db6a7aededa6c8addbfcc1f0/element'
[DEBUG] Using open Channel [id: 0xe5765420, L:/127.0.0.1:59515 - R:localhost/127.0.0.1:2690] for POST '/session/1d17cba2db6a7aededa6c8addbfcc1f0/element'
[DEBUG] 

Request DefaultHttpRequest(decodeResult: success, version: HTTP/1.1)
POST /session/1d17cba2db6a7aededa6c8addbfcc1f0/element HTTP/1.1
User-Agent: selenium/4.6.0 (java windows)
Content-Length: 129
Content-Type: application/json; charset=utf-8
host: localhost:2690
accept: */*

Response DefaultHttpResponse(decodeResult: success, version: HTTP/1.1)
HTTP/1.1 200 OK
Content-Type: application/json; charset=utf-8
cache-control: no-cache
content-length: 88

[DEBUG] Adding key: http://localhost:2690 for channel [id: 0xe5765420, L:/127.0.0.1:59515 - R:localhost/127.0.0.1:2690]
[DEBUG] Using pooled Channel '[id: 0xe5765420, L:/127.0.0.1:59515 - R:localhost/127.0.0.1:2690]' for 'GET' to 'http://localhost:2690/session/1d17cba2db6a7aededa6c8addbfcc1f0/element/0f86a2bd-7e7a-4eb4-ba1c-d3c8c4d96e15/text'
[DEBUG] Using open Channel [id: 0xe5765420, L:/127.0.0.1:59515 - R:localhost/127.0.0.1:2690] for GET '/session/1d17cba2db6a7aededa6c8addbfcc1f0/element/0f86a2bd-7e7a-4eb4-ba1c-d3c8c4d96e15/text'
[DEBUG] 

Request DefaultFullHttpRequest(decodeResult: success, version: HTTP/1.1, content: EmptyByteBufBE)
GET /session/1d17cba2db6a7aededa6c8addbfcc1f0/element/0f86a2bd-7e7a-4eb4-ba1c-d3c8c4d96e15/text HTTP/1.1
User-Agent: selenium/4.6.0 (java windows)
Cache-Control: no-cache
Content-Type: application/json; charset=utf-8
host: localhost:2690
accept: */*

Response DefaultHttpResponse(decodeResult: success, version: HTTP/1.1)
HTTP/1.1 200 OK
Content-Type: application/json; charset=utf-8
cache-control: no-cache
content-length: 23

[DEBUG] Adding key: http://localhost:2690 for channel [id: 0xe5765420, L:/127.0.0.1:59515 - R:localhost/127.0.0.1:2690]
[DEBUG] Using pooled Channel '[id: 0xe5765420, L:/127.0.0.1:59515 - R:localhost/127.0.0.1:2690]' for 'POST' to 'http://localhost:2690/session/1d17cba2db6a7aededa6c8addbfcc1f0/element'
[DEBUG] Using open Channel [id: 0xe5765420, L:/127.0.0.1:59515 - R:localhost/127.0.0.1:2690] for POST '/session/1d17cba2db6a7aededa6c8addbfcc1f0/element'
[DEBUG] 

Request DefaultHttpRequest(decodeResult: success, version: HTTP/1.1)
POST /session/1d17cba2db6a7aededa6c8addbfcc1f0/element HTTP/1.1
User-Agent: selenium/4.6.0 (java windows)
Content-Length: 129
Content-Type: application/json; charset=utf-8
host: localhost:2690
accept: */*

Response DefaultHttpResponse(decodeResult: success, version: HTTP/1.1)
HTTP/1.1 200 OK
Content-Type: application/json; charset=utf-8
cache-control: no-cache
content-length: 88

[DEBUG] Adding key: http://localhost:2690 for channel [id: 0xe5765420, L:/127.0.0.1:59515 - R:localhost/127.0.0.1:2690]
[DEBUG] Using pooled Channel '[id: 0xe5765420, L:/127.0.0.1:59515 - R:localhost/127.0.0.1:2690]' for 'GET' to 'http://localhost:2690/session/1d17cba2db6a7aededa6c8addbfcc1f0/element/e5652c01-785a-4105-80af-e96986ab65b2/text'
[DEBUG] Using open Channel [id: 0xe5765420, L:/127.0.0.1:59515 - R:localhost/127.0.0.1:2690] for GET '/session/1d17cba2db6a7aededa6c8addbfcc1f0/element/e5652c01-785a-4105-80af-e96986ab65b2/text'
[DEBUG] 

Request DefaultFullHttpRequest(decodeResult: success, version: HTTP/1.1, content: EmptyByteBufBE)
GET /session/1d17cba2db6a7aededa6c8addbfcc1f0/element/e5652c01-785a-4105-80af-e96986ab65b2/text HTTP/1.1
User-Agent: selenium/4.6.0 (java windows)
Cache-Control: no-cache
Content-Type: application/json; charset=utf-8
host: localhost:2690
accept: */*

Response DefaultHttpResponse(decodeResult: success, version: HTTP/1.1)
HTTP/1.1 200 OK
Content-Type: application/json; charset=utf-8
cache-control: no-cache
content-length: 18

[DEBUG] Adding key: http://localhost:2690 for channel [id: 0xe5765420, L:/127.0.0.1:59515 - R:localhost/127.0.0.1:2690]
[DEBUG] Using pooled Channel '[id: 0xe5765420, L:/127.0.0.1:59515 - R:localhost/127.0.0.1:2690]' for 'POST' to 'http://localhost:2690/session/1d17cba2db6a7aededa6c8addbfcc1f0/element'
[DEBUG] Using open Channel [id: 0xe5765420, L:/127.0.0.1:59515 - R:localhost/127.0.0.1:2690] for POST '/session/1d17cba2db6a7aededa6c8addbfcc1f0/element'
[DEBUG] 

Request DefaultHttpRequest(decodeResult: success, version: HTTP/1.1)
POST /session/1d17cba2db6a7aededa6c8addbfcc1f0/element HTTP/1.1
User-Agent: selenium/4.6.0 (java windows)
Content-Length: 129
Content-Type: application/json; charset=utf-8
host: localhost:2690
accept: */*

Response DefaultHttpResponse(decodeResult: success, version: HTTP/1.1)
HTTP/1.1 200 OK
Content-Type: application/json; charset=utf-8
cache-control: no-cache
content-length: 88

[DEBUG] Adding key: http://localhost:2690 for channel [id: 0xe5765420, L:/127.0.0.1:59515 - R:localhost/127.0.0.1:2690]
[DEBUG] Using pooled Channel '[id: 0xe5765420, L:/127.0.0.1:59515 - R:localhost/127.0.0.1:2690]' for 'GET' to 'http://localhost:2690/session/1d17cba2db6a7aededa6c8addbfcc1f0/element/a86183ae-5635-4f96-a417-af7a01fc357e/text'
[DEBUG] Using open Channel [id: 0xe5765420, L:/127.0.0.1:59515 - R:localhost/127.0.0.1:2690] for GET '/session/1d17cba2db6a7aededa6c8addbfcc1f0/element/a86183ae-5635-4f96-a417-af7a01fc357e/text'
[DEBUG] 

Request DefaultFullHttpRequest(decodeResult: success, version: HTTP/1.1, content: EmptyByteBufBE)
GET /session/1d17cba2db6a7aededa6c8addbfcc1f0/element/a86183ae-5635-4f96-a417-af7a01fc357e/text HTTP/1.1
User-Agent: selenium/4.6.0 (java windows)
Cache-Control: no-cache
Content-Type: application/json; charset=utf-8
host: localhost:2690
accept: */*

Response DefaultHttpResponse(decodeResult: success, version: HTTP/1.1)
HTTP/1.1 200 OK
Content-Type: application/json; charset=utf-8
cache-control: no-cache
content-length: 67

[DEBUG] Adding key: http://localhost:2690 for channel [id: 0xe5765420, L:/127.0.0.1:59515 - R:localhost/127.0.0.1:2690]
[DEBUG] Using pooled Channel '[id: 0xe5765420, L:/127.0.0.1:59515 - R:localhost/127.0.0.1:2690]' for 'POST' to 'http://localhost:2690/session/1d17cba2db6a7aededa6c8addbfcc1f0/element'
[DEBUG] Using open Channel [id: 0xe5765420, L:/127.0.0.1:59515 - R:localhost/127.0.0.1:2690] for POST '/session/1d17cba2db6a7aededa6c8addbfcc1f0/element'
[DEBUG] 

Request DefaultHttpRequest(decodeResult: success, version: HTTP/1.1)
POST /session/1d17cba2db6a7aededa6c8addbfcc1f0/element HTTP/1.1
User-Agent: selenium/4.6.0 (java windows)
Content-Length: 129
Content-Type: application/json; charset=utf-8
host: localhost:2690
accept: */*

Response DefaultHttpResponse(decodeResult: success, version: HTTP/1.1)
HTTP/1.1 200 OK
Content-Type: application/json; charset=utf-8
cache-control: no-cache
content-length: 88

[DEBUG] Adding key: http://localhost:2690 for channel [id: 0xe5765420, L:/127.0.0.1:59515 - R:localhost/127.0.0.1:2690]
[DEBUG] Using pooled Channel '[id: 0xe5765420, L:/127.0.0.1:59515 - R:localhost/127.0.0.1:2690]' for 'GET' to 'http://localhost:2690/session/1d17cba2db6a7aededa6c8addbfcc1f0/element/bfe05ebc-696d-4b78-bbcb-9c02866f7b06/text'
[DEBUG] Using open Channel [id: 0xe5765420, L:/127.0.0.1:59515 - R:localhost/127.0.0.1:2690] for GET '/session/1d17cba2db6a7aededa6c8addbfcc1f0/element/bfe05ebc-696d-4b78-bbcb-9c02866f7b06/text'
[DEBUG] 

Request DefaultFullHttpRequest(decodeResult: success, version: HTTP/1.1, content: EmptyByteBufBE)
GET /session/1d17cba2db6a7aededa6c8addbfcc1f0/element/bfe05ebc-696d-4b78-bbcb-9c02866f7b06/text HTTP/1.1
User-Agent: selenium/4.6.0 (java windows)
Cache-Control: no-cache
Content-Type: application/json; charset=utf-8
host: localhost:2690
accept: */*

Response DefaultHttpResponse(decodeResult: success, version: HTTP/1.1)
HTTP/1.1 200 OK
Content-Type: application/json; charset=utf-8
cache-control: no-cache
content-length: 28

[DEBUG] Adding key: http://localhost:2690 for channel [id: 0xe5765420, L:/127.0.0.1:59515 - R:localhost/127.0.0.1:2690]
[DEBUG] Using pooled Channel '[id: 0xe5765420, L:/127.0.0.1:59515 - R:localhost/127.0.0.1:2690]' for 'POST' to 'http://localhost:2690/session/1d17cba2db6a7aededa6c8addbfcc1f0/element'
[DEBUG] Using open Channel [id: 0xe5765420, L:/127.0.0.1:59515 - R:localhost/127.0.0.1:2690] for POST '/session/1d17cba2db6a7aededa6c8addbfcc1f0/element'
[DEBUG] 

Request DefaultHttpRequest(decodeResult: success, version: HTTP/1.1)
POST /session/1d17cba2db6a7aededa6c8addbfcc1f0/element HTTP/1.1
User-Agent: selenium/4.6.0 (java windows)
Content-Length: 129
Content-Type: application/json; charset=utf-8
host: localhost:2690
accept: */*

Response DefaultHttpResponse(decodeResult: success, version: HTTP/1.1)
HTTP/1.1 200 OK
Content-Type: application/json; charset=utf-8
cache-control: no-cache
content-length: 88

[DEBUG] Adding key: http://localhost:2690 for channel [id: 0xe5765420, L:/127.0.0.1:59515 - R:localhost/127.0.0.1:2690]
[DEBUG] Using pooled Channel '[id: 0xe5765420, L:/127.0.0.1:59515 - R:localhost/127.0.0.1:2690]' for 'GET' to 'http://localhost:2690/session/1d17cba2db6a7aededa6c8addbfcc1f0/element/cb6aeeea-0d9c-4837-b1c6-6b215a4908d4/text'
[DEBUG] Using open Channel [id: 0xe5765420, L:/127.0.0.1:59515 - R:localhost/127.0.0.1:2690] for GET '/session/1d17cba2db6a7aededa6c8addbfcc1f0/element/cb6aeeea-0d9c-4837-b1c6-6b215a4908d4/text'
[DEBUG] 

Request DefaultFullHttpRequest(decodeResult: success, version: HTTP/1.1, content: EmptyByteBufBE)
GET /session/1d17cba2db6a7aededa6c8addbfcc1f0/element/cb6aeeea-0d9c-4837-b1c6-6b215a4908d4/text HTTP/1.1
User-Agent: selenium/4.6.0 (java windows)
Cache-Control: no-cache
Content-Type: application/json; charset=utf-8
host: localhost:2690
accept: */*

Response DefaultHttpResponse(decodeResult: success, version: HTTP/1.1)
HTTP/1.1 200 OK
Content-Type: application/json; charset=utf-8
cache-control: no-cache
content-length: 23

[DEBUG] Adding key: http://localhost:2690 for channel [id: 0xe5765420, L:/127.0.0.1:59515 - R:localhost/127.0.0.1:2690]
[DEBUG] Using pooled Channel '[id: 0xe5765420, L:/127.0.0.1:59515 - R:localhost/127.0.0.1:2690]' for 'POST' to 'http://localhost:2690/session/1d17cba2db6a7aededa6c8addbfcc1f0/element'
[DEBUG] Using open Channel [id: 0xe5765420, L:/127.0.0.1:59515 - R:localhost/127.0.0.1:2690] for POST '/session/1d17cba2db6a7aededa6c8addbfcc1f0/element'
[DEBUG] 

Request DefaultHttpRequest(decodeResult: success, version: HTTP/1.1)
POST /session/1d17cba2db6a7aededa6c8addbfcc1f0/element HTTP/1.1
User-Agent: selenium/4.6.0 (java windows)
Content-Length: 129
Content-Type: application/json; charset=utf-8
host: localhost:2690
accept: */*

Response DefaultHttpResponse(decodeResult: success, version: HTTP/1.1)
HTTP/1.1 200 OK
Content-Type: application/json; charset=utf-8
cache-control: no-cache
content-length: 88

[DEBUG] Adding key: http://localhost:2690 for channel [id: 0xe5765420, L:/127.0.0.1:59515 - R:localhost/127.0.0.1:2690]
[DEBUG] Using pooled Channel '[id: 0xe5765420, L:/127.0.0.1:59515 - R:localhost/127.0.0.1:2690]' for 'GET' to 'http://localhost:2690/session/1d17cba2db6a7aededa6c8addbfcc1f0/element/2752bf59-215f-4d2e-95f1-e65b8df2ee27/text'
[DEBUG] Using open Channel [id: 0xe5765420, L:/127.0.0.1:59515 - R:localhost/127.0.0.1:2690] for GET '/session/1d17cba2db6a7aededa6c8addbfcc1f0/element/2752bf59-215f-4d2e-95f1-e65b8df2ee27/text'
[DEBUG] 

Request DefaultFullHttpRequest(decodeResult: success, version: HTTP/1.1, content: EmptyByteBufBE)
GET /session/1d17cba2db6a7aededa6c8addbfcc1f0/element/2752bf59-215f-4d2e-95f1-e65b8df2ee27/text HTTP/1.1
User-Agent: selenium/4.6.0 (java windows)
Cache-Control: no-cache
Content-Type: application/json; charset=utf-8
host: localhost:2690
accept: */*

Response DefaultHttpResponse(decodeResult: success, version: HTTP/1.1)
HTTP/1.1 200 OK
Content-Type: application/json; charset=utf-8
cache-control: no-cache
content-length: 20

[DEBUG] Adding key: http://localhost:2690 for channel [id: 0xe5765420, L:/127.0.0.1:59515 - R:localhost/127.0.0.1:2690]
[DEBUG] Using pooled Channel '[id: 0xe5765420, L:/127.0.0.1:59515 - R:localhost/127.0.0.1:2690]' for 'POST' to 'http://localhost:2690/session/1d17cba2db6a7aededa6c8addbfcc1f0/element'
[DEBUG] Using open Channel [id: 0xe5765420, L:/127.0.0.1:59515 - R:localhost/127.0.0.1:2690] for POST '/session/1d17cba2db6a7aededa6c8addbfcc1f0/element'
[DEBUG] 

Request DefaultHttpRequest(decodeResult: success, version: HTTP/1.1)
POST /session/1d17cba2db6a7aededa6c8addbfcc1f0/element HTTP/1.1
User-Agent: selenium/4.6.0 (java windows)
Content-Length: 129
Content-Type: application/json; charset=utf-8
host: localhost:2690
accept: */*

Response DefaultHttpResponse(decodeResult: success, version: HTTP/1.1)
HTTP/1.1 200 OK
Content-Type: application/json; charset=utf-8
cache-control: no-cache
content-length: 88

[DEBUG] Adding key: http://localhost:2690 for channel [id: 0xe5765420, L:/127.0.0.1:59515 - R:localhost/127.0.0.1:2690]
[DEBUG] Using pooled Channel '[id: 0xe5765420, L:/127.0.0.1:59515 - R:localhost/127.0.0.1:2690]' for 'GET' to 'http://localhost:2690/session/1d17cba2db6a7aededa6c8addbfcc1f0/element/6c1a809d-8424-409e-ac47-2f4ac9b931ca/text'
[DEBUG] Using open Channel [id: 0xe5765420, L:/127.0.0.1:59515 - R:localhost/127.0.0.1:2690] for GET '/session/1d17cba2db6a7aededa6c8addbfcc1f0/element/6c1a809d-8424-409e-ac47-2f4ac9b931ca/text'
[DEBUG] 

Request DefaultFullHttpRequest(decodeResult: success, version: HTTP/1.1, content: EmptyByteBufBE)
GET /session/1d17cba2db6a7aededa6c8addbfcc1f0/element/6c1a809d-8424-409e-ac47-2f4ac9b931ca/text HTTP/1.1
User-Agent: selenium/4.6.0 (java windows)
Cache-Control: no-cache
Content-Type: application/json; charset=utf-8
host: localhost:2690
accept: */*

Response DefaultHttpResponse(decodeResult: success, version: HTTP/1.1)
HTTP/1.1 200 OK
Content-Type: application/json; charset=utf-8
cache-control: no-cache
content-length: 17

[DEBUG] Adding key: http://localhost:2690 for channel [id: 0xe5765420, L:/127.0.0.1:59515 - R:localhost/127.0.0.1:2690]
[DEBUG] Using pooled Channel '[id: 0xe5765420, L:/127.0.0.1:59515 - R:localhost/127.0.0.1:2690]' for 'POST' to 'http://localhost:2690/session/1d17cba2db6a7aededa6c8addbfcc1f0/element'
[DEBUG] Using open Channel [id: 0xe5765420, L:/127.0.0.1:59515 - R:localhost/127.0.0.1:2690] for POST '/session/1d17cba2db6a7aededa6c8addbfcc1f0/element'
[DEBUG] 

Request DefaultHttpRequest(decodeResult: success, version: HTTP/1.1)
POST /session/1d17cba2db6a7aededa6c8addbfcc1f0/element HTTP/1.1
User-Agent: selenium/4.6.0 (java windows)
Content-Length: 129
Content-Type: application/json; charset=utf-8
host: localhost:2690
accept: */*

Response DefaultHttpResponse(decodeResult: success, version: HTTP/1.1)
HTTP/1.1 200 OK
Content-Type: application/json; charset=utf-8
cache-control: no-cache
content-length: 88

[DEBUG] Adding key: http://localhost:2690 for channel [id: 0xe5765420, L:/127.0.0.1:59515 - R:localhost/127.0.0.1:2690]
[DEBUG] Using pooled Channel '[id: 0xe5765420, L:/127.0.0.1:59515 - R:localhost/127.0.0.1:2690]' for 'GET' to 'http://localhost:2690/session/1d17cba2db6a7aededa6c8addbfcc1f0/element/474c78cf-4dac-423d-bfa2-42c66962a225/text'
[DEBUG] Using open Channel [id: 0xe5765420, L:/127.0.0.1:59515 - R:localhost/127.0.0.1:2690] for GET '/session/1d17cba2db6a7aededa6c8addbfcc1f0/element/474c78cf-4dac-423d-bfa2-42c66962a225/text'
[DEBUG] 

Request DefaultFullHttpRequest(decodeResult: success, version: HTTP/1.1, content: EmptyByteBufBE)
GET /session/1d17cba2db6a7aededa6c8addbfcc1f0/element/474c78cf-4dac-423d-bfa2-42c66962a225/text HTTP/1.1
User-Agent: selenium/4.6.0 (java windows)
Cache-Control: no-cache
Content-Type: application/json; charset=utf-8
host: localhost:2690
accept: */*

Response DefaultHttpResponse(decodeResult: success, version: HTTP/1.1)
HTTP/1.1 200 OK
Content-Type: application/json; charset=utf-8
cache-control: no-cache
content-length: 28

[DEBUG] Adding key: http://localhost:2690 for channel [id: 0xe5765420, L:/127.0.0.1:59515 - R:localhost/127.0.0.1:2690]
[DEBUG] Using pooled Channel '[id: 0xe5765420, L:/127.0.0.1:59515 - R:localhost/127.0.0.1:2690]' for 'POST' to 'http://localhost:2690/session/1d17cba2db6a7aededa6c8addbfcc1f0/element'
[DEBUG] Using open Channel [id: 0xe5765420, L:/127.0.0.1:59515 - R:localhost/127.0.0.1:2690] for POST '/session/1d17cba2db6a7aededa6c8addbfcc1f0/element'
[DEBUG] 

Request DefaultHttpRequest(decodeResult: success, version: HTTP/1.1)
POST /session/1d17cba2db6a7aededa6c8addbfcc1f0/element HTTP/1.1
User-Agent: selenium/4.6.0 (java windows)
Content-Length: 129
Content-Type: application/json; charset=utf-8
host: localhost:2690
accept: */*

Response DefaultHttpResponse(decodeResult: success, version: HTTP/1.1)
HTTP/1.1 200 OK
Content-Type: application/json; charset=utf-8
cache-control: no-cache
content-length: 88

[DEBUG] Adding key: http://localhost:2690 for channel [id: 0xe5765420, L:/127.0.0.1:59515 - R:localhost/127.0.0.1:2690]
[DEBUG] Using pooled Channel '[id: 0xe5765420, L:/127.0.0.1:59515 - R:localhost/127.0.0.1:2690]' for 'GET' to 'http://localhost:2690/session/1d17cba2db6a7aededa6c8addbfcc1f0/element/b7e636cc-6b2d-4f95-bf46-4eb2c9f880eb/text'
[DEBUG] Using open Channel [id: 0xe5765420, L:/127.0.0.1:59515 - R:localhost/127.0.0.1:2690] for GET '/session/1d17cba2db6a7aededa6c8addbfcc1f0/element/b7e636cc-6b2d-4f95-bf46-4eb2c9f880eb/text'
[DEBUG] 

Request DefaultFullHttpRequest(decodeResult: success, version: HTTP/1.1, content: EmptyByteBufBE)
GET /session/1d17cba2db6a7aededa6c8addbfcc1f0/element/b7e636cc-6b2d-4f95-bf46-4eb2c9f880eb/text HTTP/1.1
User-Agent: selenium/4.6.0 (java windows)
Cache-Control: no-cache
Content-Type: application/json; charset=utf-8
host: localhost:2690
accept: */*

Response DefaultHttpResponse(decodeResult: success, version: HTTP/1.1)
HTTP/1.1 200 OK
Content-Type: application/json; charset=utf-8
cache-control: no-cache
content-length: 23

[DEBUG] Adding key: http://localhost:2690 for channel [id: 0xe5765420, L:/127.0.0.1:59515 - R:localhost/127.0.0.1:2690]
[DEBUG] Using pooled Channel '[id: 0xe5765420, L:/127.0.0.1:59515 - R:localhost/127.0.0.1:2690]' for 'POST' to 'http://localhost:2690/session/1d17cba2db6a7aededa6c8addbfcc1f0/element'
[DEBUG] Using open Channel [id: 0xe5765420, L:/127.0.0.1:59515 - R:localhost/127.0.0.1:2690] for POST '/session/1d17cba2db6a7aededa6c8addbfcc1f0/element'
[DEBUG] 

Request DefaultHttpRequest(decodeResult: success, version: HTTP/1.1)
POST /session/1d17cba2db6a7aededa6c8addbfcc1f0/element HTTP/1.1
User-Agent: selenium/4.6.0 (java windows)
Content-Length: 129
Content-Type: application/json; charset=utf-8
host: localhost:2690
accept: */*

Response DefaultHttpResponse(decodeResult: success, version: HTTP/1.1)
HTTP/1.1 200 OK
Content-Type: application/json; charset=utf-8
cache-control: no-cache
content-length: 88

[DEBUG] Adding key: http://localhost:2690 for channel [id: 0xe5765420, L:/127.0.0.1:59515 - R:localhost/127.0.0.1:2690]
[DEBUG] Using pooled Channel '[id: 0xe5765420, L:/127.0.0.1:59515 - R:localhost/127.0.0.1:2690]' for 'GET' to 'http://localhost:2690/session/1d17cba2db6a7aededa6c8addbfcc1f0/element/4f0cb30c-f69c-4964-8120-714d5b54885d/text'
[DEBUG] Using open Channel [id: 0xe5765420, L:/127.0.0.1:59515 - R:localhost/127.0.0.1:2690] for GET '/session/1d17cba2db6a7aededa6c8addbfcc1f0/element/4f0cb30c-f69c-4964-8120-714d5b54885d/text'
[DEBUG] 

Request DefaultFullHttpRequest(decodeResult: success, version: HTTP/1.1, content: EmptyByteBufBE)
GET /session/1d17cba2db6a7aededa6c8addbfcc1f0/element/4f0cb30c-f69c-4964-8120-714d5b54885d/text HTTP/1.1
User-Agent: selenium/4.6.0 (java windows)
Cache-Control: no-cache
Content-Type: application/json; charset=utf-8
host: localhost:2690
accept: */*

Response DefaultHttpResponse(decodeResult: success, version: HTTP/1.1)
HTTP/1.1 200 OK
Content-Type: application/json; charset=utf-8
cache-control: no-cache
content-length: 19

[DEBUG] Adding key: http://localhost:2690 for channel [id: 0xe5765420, L:/127.0.0.1:59515 - R:localhost/127.0.0.1:2690]
[DEBUG] Using pooled Channel '[id: 0xe5765420, L:/127.0.0.1:59515 - R:localhost/127.0.0.1:2690]' for 'POST' to 'http://localhost:2690/session/1d17cba2db6a7aededa6c8addbfcc1f0/element'
[DEBUG] Using open Channel [id: 0xe5765420, L:/127.0.0.1:59515 - R:localhost/127.0.0.1:2690] for POST '/session/1d17cba2db6a7aededa6c8addbfcc1f0/element'
[DEBUG] 

Request DefaultHttpRequest(decodeResult: success, version: HTTP/1.1)
POST /session/1d17cba2db6a7aededa6c8addbfcc1f0/element HTTP/1.1
User-Agent: selenium/4.6.0 (java windows)
Content-Length: 129
Content-Type: application/json; charset=utf-8
host: localhost:2690
accept: */*

Response DefaultHttpResponse(decodeResult: success, version: HTTP/1.1)
HTTP/1.1 200 OK
Content-Type: application/json; charset=utf-8
cache-control: no-cache
content-length: 88

[DEBUG] Adding key: http://localhost:2690 for channel [id: 0xe5765420, L:/127.0.0.1:59515 - R:localhost/127.0.0.1:2690]
[DEBUG] Using pooled Channel '[id: 0xe5765420, L:/127.0.0.1:59515 - R:localhost/127.0.0.1:2690]' for 'GET' to 'http://localhost:2690/session/1d17cba2db6a7aededa6c8addbfcc1f0/element/4333774f-b0d6-4c60-a9ea-47fcd569b334/text'
[DEBUG] Using open Channel [id: 0xe5765420, L:/127.0.0.1:59515 - R:localhost/127.0.0.1:2690] for GET '/session/1d17cba2db6a7aededa6c8addbfcc1f0/element/4333774f-b0d6-4c60-a9ea-47fcd569b334/text'
[DEBUG] 

Request DefaultFullHttpRequest(decodeResult: success, version: HTTP/1.1, content: EmptyByteBufBE)
GET /session/1d17cba2db6a7aededa6c8addbfcc1f0/element/4333774f-b0d6-4c60-a9ea-47fcd569b334/text HTTP/1.1
User-Agent: selenium/4.6.0 (java windows)
Cache-Control: no-cache
Content-Type: application/json; charset=utf-8
host: localhost:2690
accept: */*

Response DefaultHttpResponse(decodeResult: success, version: HTTP/1.1)
HTTP/1.1 200 OK
Content-Type: application/json; charset=utf-8
cache-control: no-cache
content-length: 25

[DEBUG] Adding key: http://localhost:2690 for channel [id: 0xe5765420, L:/127.0.0.1:59515 - R:localhost/127.0.0.1:2690]
[DEBUG] Using pooled Channel '[id: 0xe5765420, L:/127.0.0.1:59515 - R:localhost/127.0.0.1:2690]' for 'POST' to 'http://localhost:2690/session/1d17cba2db6a7aededa6c8addbfcc1f0/element'
[DEBUG] Using open Channel [id: 0xe5765420, L:/127.0.0.1:59515 - R:localhost/127.0.0.1:2690] for POST '/session/1d17cba2db6a7aededa6c8addbfcc1f0/element'
[DEBUG] 

Request DefaultHttpRequest(decodeResult: success, version: HTTP/1.1)
POST /session/1d17cba2db6a7aededa6c8addbfcc1f0/element HTTP/1.1
User-Agent: selenium/4.6.0 (java windows)
Content-Length: 129
Content-Type: application/json; charset=utf-8
host: localhost:2690
accept: */*

Response DefaultHttpResponse(decodeResult: success, version: HTTP/1.1)
HTTP/1.1 200 OK
Content-Type: application/json; charset=utf-8
cache-control: no-cache
content-length: 88

[DEBUG] Adding key: http://localhost:2690 for channel [id: 0xe5765420, L:/127.0.0.1:59515 - R:localhost/127.0.0.1:2690]
[DEBUG] Using pooled Channel '[id: 0xe5765420, L:/127.0.0.1:59515 - R:localhost/127.0.0.1:2690]' for 'GET' to 'http://localhost:2690/session/1d17cba2db6a7aededa6c8addbfcc1f0/element/51a950c7-21db-49f9-b5c5-b484c0779b50/text'
[DEBUG] Using open Channel [id: 0xe5765420, L:/127.0.0.1:59515 - R:localhost/127.0.0.1:2690] for GET '/session/1d17cba2db6a7aededa6c8addbfcc1f0/element/51a950c7-21db-49f9-b5c5-b484c0779b50/text'
[DEBUG] 

Request DefaultFullHttpRequest(decodeResult: success, version: HTTP/1.1, content: EmptyByteBufBE)
GET /session/1d17cba2db6a7aededa6c8addbfcc1f0/element/51a950c7-21db-49f9-b5c5-b484c0779b50/text HTTP/1.1
User-Agent: selenium/4.6.0 (java windows)
Cache-Control: no-cache
Content-Type: application/json; charset=utf-8
host: localhost:2690
accept: */*

Response DefaultHttpResponse(decodeResult: success, version: HTTP/1.1)
HTTP/1.1 200 OK
Content-Type: application/json; charset=utf-8
cache-control: no-cache
content-length: 28

[DEBUG] Adding key: http://localhost:2690 for channel [id: 0xe5765420, L:/127.0.0.1:59515 - R:localhost/127.0.0.1:2690]
[DEBUG] Using pooled Channel '[id: 0xe5765420, L:/127.0.0.1:59515 - R:localhost/127.0.0.1:2690]' for 'POST' to 'http://localhost:2690/session/1d17cba2db6a7aededa6c8addbfcc1f0/element'
[DEBUG] Using open Channel [id: 0xe5765420, L:/127.0.0.1:59515 - R:localhost/127.0.0.1:2690] for POST '/session/1d17cba2db6a7aededa6c8addbfcc1f0/element'
[DEBUG] 

Request DefaultHttpRequest(decodeResult: success, version: HTTP/1.1)
POST /session/1d17cba2db6a7aededa6c8addbfcc1f0/element HTTP/1.1
User-Agent: selenium/4.6.0 (java windows)
Content-Length: 129
Content-Type: application/json; charset=utf-8
host: localhost:2690
accept: */*

Response DefaultHttpResponse(decodeResult: success, version: HTTP/1.1)
HTTP/1.1 200 OK
Content-Type: application/json; charset=utf-8
cache-control: no-cache
content-length: 88

[DEBUG] Adding key: http://localhost:2690 for channel [id: 0xe5765420, L:/127.0.0.1:59515 - R:localhost/127.0.0.1:2690]
[DEBUG] Using pooled Channel '[id: 0xe5765420, L:/127.0.0.1:59515 - R:localhost/127.0.0.1:2690]' for 'GET' to 'http://localhost:2690/session/1d17cba2db6a7aededa6c8addbfcc1f0/element/95410b71-d105-4765-8124-6329dea4e56d/text'
[DEBUG] Using open Channel [id: 0xe5765420, L:/127.0.0.1:59515 - R:localhost/127.0.0.1:2690] for GET '/session/1d17cba2db6a7aededa6c8addbfcc1f0/element/95410b71-d105-4765-8124-6329dea4e56d/text'
[DEBUG] 

Request DefaultFullHttpRequest(decodeResult: success, version: HTTP/1.1, content: EmptyByteBufBE)
GET /session/1d17cba2db6a7aededa6c8addbfcc1f0/element/95410b71-d105-4765-8124-6329dea4e56d/text HTTP/1.1
User-Agent: selenium/4.6.0 (java windows)
Cache-Control: no-cache
Content-Type: application/json; charset=utf-8
host: localhost:2690
accept: */*

Response DefaultHttpResponse(decodeResult: success, version: HTTP/1.1)
HTTP/1.1 200 OK
Content-Type: application/json; charset=utf-8
cache-control: no-cache
content-length: 23

[DEBUG] Adding key: http://localhost:2690 for channel [id: 0xe5765420, L:/127.0.0.1:59515 - R:localhost/127.0.0.1:2690]
[DEBUG] Using pooled Channel '[id: 0xe5765420, L:/127.0.0.1:59515 - R:localhost/127.0.0.1:2690]' for 'POST' to 'http://localhost:2690/session/1d17cba2db6a7aededa6c8addbfcc1f0/element'
[DEBUG] Using open Channel [id: 0xe5765420, L:/127.0.0.1:59515 - R:localhost/127.0.0.1:2690] for POST '/session/1d17cba2db6a7aededa6c8addbfcc1f0/element'
[DEBUG] 

Request DefaultHttpRequest(decodeResult: success, version: HTTP/1.1)
POST /session/1d17cba2db6a7aededa6c8addbfcc1f0/element HTTP/1.1
User-Agent: selenium/4.6.0 (java windows)
Content-Length: 129
Content-Type: application/json; charset=utf-8
host: localhost:2690
accept: */*

Response DefaultHttpResponse(decodeResult: success, version: HTTP/1.1)
HTTP/1.1 200 OK
Content-Type: application/json; charset=utf-8
cache-control: no-cache
content-length: 88

[DEBUG] Adding key: http://localhost:2690 for channel [id: 0xe5765420, L:/127.0.0.1:59515 - R:localhost/127.0.0.1:2690]
[DEBUG] Using pooled Channel '[id: 0xe5765420, L:/127.0.0.1:59515 - R:localhost/127.0.0.1:2690]' for 'GET' to 'http://localhost:2690/session/1d17cba2db6a7aededa6c8addbfcc1f0/element/72d60845-8d65-4dee-8e90-471ae616962a/text'
[DEBUG] Using open Channel [id: 0xe5765420, L:/127.0.0.1:59515 - R:localhost/127.0.0.1:2690] for GET '/session/1d17cba2db6a7aededa6c8addbfcc1f0/element/72d60845-8d65-4dee-8e90-471ae616962a/text'
[DEBUG] 

Request DefaultFullHttpRequest(decodeResult: success, version: HTTP/1.1, content: EmptyByteBufBE)
GET /session/1d17cba2db6a7aededa6c8addbfcc1f0/element/72d60845-8d65-4dee-8e90-471ae616962a/text HTTP/1.1
User-Agent: selenium/4.6.0 (java windows)
Cache-Control: no-cache
Content-Type: application/json; charset=utf-8
host: localhost:2690
accept: */*

Response DefaultHttpResponse(decodeResult: success, version: HTTP/1.1)
HTTP/1.1 200 OK
Content-Type: application/json; charset=utf-8
cache-control: no-cache
content-length: 18

[DEBUG] Adding key: http://localhost:2690 for channel [id: 0xe5765420, L:/127.0.0.1:59515 - R:localhost/127.0.0.1:2690]
[DEBUG] Using pooled Channel '[id: 0xe5765420, L:/127.0.0.1:59515 - R:localhost/127.0.0.1:2690]' for 'POST' to 'http://localhost:2690/session/1d17cba2db6a7aededa6c8addbfcc1f0/element'
[DEBUG] Using open Channel [id: 0xe5765420, L:/127.0.0.1:59515 - R:localhost/127.0.0.1:2690] for POST '/session/1d17cba2db6a7aededa6c8addbfcc1f0/element'
[DEBUG] 

Request DefaultHttpRequest(decodeResult: success, version: HTTP/1.1)
POST /session/1d17cba2db6a7aededa6c8addbfcc1f0/element HTTP/1.1
User-Agent: selenium/4.6.0 (java windows)
Content-Length: 129
Content-Type: application/json; charset=utf-8
host: localhost:2690
accept: */*

Response DefaultHttpResponse(decodeResult: success, version: HTTP/1.1)
HTTP/1.1 200 OK
Content-Type: application/json; charset=utf-8
cache-control: no-cache
content-length: 88

[DEBUG] Adding key: http://localhost:2690 for channel [id: 0xe5765420, L:/127.0.0.1:59515 - R:localhost/127.0.0.1:2690]
[DEBUG] Using pooled Channel '[id: 0xe5765420, L:/127.0.0.1:59515 - R:localhost/127.0.0.1:2690]' for 'GET' to 'http://localhost:2690/session/1d17cba2db6a7aededa6c8addbfcc1f0/element/eecee500-e91f-4768-b2d2-48b85794d370/text'
[DEBUG] Using open Channel [id: 0xe5765420, L:/127.0.0.1:59515 - R:localhost/127.0.0.1:2690] for GET '/session/1d17cba2db6a7aededa6c8addbfcc1f0/element/eecee500-e91f-4768-b2d2-48b85794d370/text'
[DEBUG] 

Request DefaultFullHttpRequest(decodeResult: success, version: HTTP/1.1, content: EmptyByteBufBE)
GET /session/1d17cba2db6a7aededa6c8addbfcc1f0/element/eecee500-e91f-4768-b2d2-48b85794d370/text HTTP/1.1
User-Agent: selenium/4.6.0 (java windows)
Cache-Control: no-cache
Content-Type: application/json; charset=utf-8
host: localhost:2690
accept: */*

Response DefaultHttpResponse(decodeResult: success, version: HTTP/1.1)
HTTP/1.1 200 OK
Content-Type: application/json; charset=utf-8
cache-control: no-cache
content-length: 32

[DEBUG] Adding key: http://localhost:2690 for channel [id: 0xe5765420, L:/127.0.0.1:59515 - R:localhost/127.0.0.1:2690]
[DEBUG] Using pooled Channel '[id: 0xe5765420, L:/127.0.0.1:59515 - R:localhost/127.0.0.1:2690]' for 'POST' to 'http://localhost:2690/session/1d17cba2db6a7aededa6c8addbfcc1f0/element'
[DEBUG] Using open Channel [id: 0xe5765420, L:/127.0.0.1:59515 - R:localhost/127.0.0.1:2690] for POST '/session/1d17cba2db6a7aededa6c8addbfcc1f0/element'
[DEBUG] 

Request DefaultHttpRequest(decodeResult: success, version: HTTP/1.1)
POST /session/1d17cba2db6a7aededa6c8addbfcc1f0/element HTTP/1.1
User-Agent: selenium/4.6.0 (java windows)
Content-Length: 129
Content-Type: application/json; charset=utf-8
host: localhost:2690
accept: */*

Response DefaultHttpResponse(decodeResult: success, version: HTTP/1.1)
HTTP/1.1 200 OK
Content-Type: application/json; charset=utf-8
cache-control: no-cache
content-length: 88

[DEBUG] Adding key: http://localhost:2690 for channel [id: 0xe5765420, L:/127.0.0.1:59515 - R:localhost/127.0.0.1:2690]
[DEBUG] Using pooled Channel '[id: 0xe5765420, L:/127.0.0.1:59515 - R:localhost/127.0.0.1:2690]' for 'GET' to 'http://localhost:2690/session/1d17cba2db6a7aededa6c8addbfcc1f0/element/265c3167-8cca-491c-b611-0677d2a80b2a/text'
[DEBUG] Using open Channel [id: 0xe5765420, L:/127.0.0.1:59515 - R:localhost/127.0.0.1:2690] for GET '/session/1d17cba2db6a7aededa6c8addbfcc1f0/element/265c3167-8cca-491c-b611-0677d2a80b2a/text'
[DEBUG] 

Request DefaultFullHttpRequest(decodeResult: success, version: HTTP/1.1, content: EmptyByteBufBE)
GET /session/1d17cba2db6a7aededa6c8addbfcc1f0/element/265c3167-8cca-491c-b611-0677d2a80b2a/text HTTP/1.1
User-Agent: selenium/4.6.0 (java windows)
Cache-Control: no-cache
Content-Type: application/json; charset=utf-8
host: localhost:2690
accept: */*

Response DefaultHttpResponse(decodeResult: success, version: HTTP/1.1)
HTTP/1.1 200 OK
Content-Type: application/json; charset=utf-8
cache-control: no-cache
content-length: 26

[DEBUG] Adding key: http://localhost:2690 for channel [id: 0xe5765420, L:/127.0.0.1:59515 - R:localhost/127.0.0.1:2690]
[DEBUG] Using pooled Channel '[id: 0xe5765420, L:/127.0.0.1:59515 - R:localhost/127.0.0.1:2690]' for 'POST' to 'http://localhost:2690/session/1d17cba2db6a7aededa6c8addbfcc1f0/element'
[DEBUG] Using open Channel [id: 0xe5765420, L:/127.0.0.1:59515 - R:localhost/127.0.0.1:2690] for POST '/session/1d17cba2db6a7aededa6c8addbfcc1f0/element'
[DEBUG] 

Request DefaultHttpRequest(decodeResult: success, version: HTTP/1.1)
POST /session/1d17cba2db6a7aededa6c8addbfcc1f0/element HTTP/1.1
User-Agent: selenium/4.6.0 (java windows)
Content-Length: 129
Content-Type: application/json; charset=utf-8
host: localhost:2690
accept: */*

Response DefaultHttpResponse(decodeResult: success, version: HTTP/1.1)
HTTP/1.1 200 OK
Content-Type: application/json; charset=utf-8
cache-control: no-cache
content-length: 88

[DEBUG] Adding key: http://localhost:2690 for channel [id: 0xe5765420, L:/127.0.0.1:59515 - R:localhost/127.0.0.1:2690]
[DEBUG] Using pooled Channel '[id: 0xe5765420, L:/127.0.0.1:59515 - R:localhost/127.0.0.1:2690]' for 'GET' to 'http://localhost:2690/session/1d17cba2db6a7aededa6c8addbfcc1f0/element/cdda3bf9-fe48-4033-92b1-af91d4f7aff6/text'
[DEBUG] Using open Channel [id: 0xe5765420, L:/127.0.0.1:59515 - R:localhost/127.0.0.1:2690] for GET '/session/1d17cba2db6a7aededa6c8addbfcc1f0/element/cdda3bf9-fe48-4033-92b1-af91d4f7aff6/text'
[DEBUG] 

Request DefaultFullHttpRequest(decodeResult: success, version: HTTP/1.1, content: EmptyByteBufBE)
GET /session/1d17cba2db6a7aededa6c8addbfcc1f0/element/cdda3bf9-fe48-4033-92b1-af91d4f7aff6/text HTTP/1.1
User-Agent: selenium/4.6.0 (java windows)
Cache-Control: no-cache
Content-Type: application/json; charset=utf-8
host: localhost:2690
accept: */*

Response DefaultHttpResponse(decodeResult: success, version: HTTP/1.1)
HTTP/1.1 200 OK
Content-Type: application/json; charset=utf-8
cache-control: no-cache
content-length: 23

[DEBUG] Adding key: http://localhost:2690 for channel [id: 0xe5765420, L:/127.0.0.1:59515 - R:localhost/127.0.0.1:2690]
[DEBUG] Using pooled Channel '[id: 0xe5765420, L:/127.0.0.1:59515 - R:localhost/127.0.0.1:2690]' for 'POST' to 'http://localhost:2690/session/1d17cba2db6a7aededa6c8addbfcc1f0/element'
[DEBUG] Using open Channel [id: 0xe5765420, L:/127.0.0.1:59515 - R:localhost/127.0.0.1:2690] for POST '/session/1d17cba2db6a7aededa6c8addbfcc1f0/element'
[DEBUG] 

Request DefaultHttpRequest(decodeResult: success, version: HTTP/1.1)
POST /session/1d17cba2db6a7aededa6c8addbfcc1f0/element HTTP/1.1
User-Agent: selenium/4.6.0 (java windows)
Content-Length: 129
Content-Type: application/json; charset=utf-8
host: localhost:2690
accept: */*

Response DefaultHttpResponse(decodeResult: success, version: HTTP/1.1)
HTTP/1.1 200 OK
Content-Type: application/json; charset=utf-8
cache-control: no-cache
content-length: 88

[DEBUG] Adding key: http://localhost:2690 for channel [id: 0xe5765420, L:/127.0.0.1:59515 - R:localhost/127.0.0.1:2690]
[DEBUG] Using pooled Channel '[id: 0xe5765420, L:/127.0.0.1:59515 - R:localhost/127.0.0.1:2690]' for 'GET' to 'http://localhost:2690/session/1d17cba2db6a7aededa6c8addbfcc1f0/element/d3923a52-0c4b-4b4d-b4c6-33adbcd56bb9/text'
[DEBUG] Using open Channel [id: 0xe5765420, L:/127.0.0.1:59515 - R:localhost/127.0.0.1:2690] for GET '/session/1d17cba2db6a7aededa6c8addbfcc1f0/element/d3923a52-0c4b-4b4d-b4c6-33adbcd56bb9/text'
[DEBUG] 

Request DefaultFullHttpRequest(decodeResult: success, version: HTTP/1.1, content: EmptyByteBufBE)
GET /session/1d17cba2db6a7aededa6c8addbfcc1f0/element/d3923a52-0c4b-4b4d-b4c6-33adbcd56bb9/text HTTP/1.1
User-Agent: selenium/4.6.0 (java windows)
Cache-Control: no-cache
Content-Type: application/json; charset=utf-8
host: localhost:2690
accept: */*

Response DefaultHttpResponse(decodeResult: success, version: HTTP/1.1)
HTTP/1.1 200 OK
Content-Type: application/json; charset=utf-8
cache-control: no-cache
content-length: 18

[DEBUG] Adding key: http://localhost:2690 for channel [id: 0xe5765420, L:/127.0.0.1:59515 - R:localhost/127.0.0.1:2690]
[DEBUG] Using pooled Channel '[id: 0xe5765420, L:/127.0.0.1:59515 - R:localhost/127.0.0.1:2690]' for 'POST' to 'http://localhost:2690/session/1d17cba2db6a7aededa6c8addbfcc1f0/element'
[DEBUG] Using open Channel [id: 0xe5765420, L:/127.0.0.1:59515 - R:localhost/127.0.0.1:2690] for POST '/session/1d17cba2db6a7aededa6c8addbfcc1f0/element'
[DEBUG] 

Request DefaultHttpRequest(decodeResult: success, version: HTTP/1.1)
POST /session/1d17cba2db6a7aededa6c8addbfcc1f0/element HTTP/1.1
User-Agent: selenium/4.6.0 (java windows)
Content-Length: 129
Content-Type: application/json; charset=utf-8
host: localhost:2690
accept: */*

Response DefaultHttpResponse(decodeResult: success, version: HTTP/1.1)
HTTP/1.1 200 OK
Content-Type: application/json; charset=utf-8
cache-control: no-cache
content-length: 88

[DEBUG] Adding key: http://localhost:2690 for channel [id: 0xe5765420, L:/127.0.0.1:59515 - R:localhost/127.0.0.1:2690]
[DEBUG] Using pooled Channel '[id: 0xe5765420, L:/127.0.0.1:59515 - R:localhost/127.0.0.1:2690]' for 'GET' to 'http://localhost:2690/session/1d17cba2db6a7aededa6c8addbfcc1f0/element/00670a2b-af2e-4610-bb2e-c0f6344c30f8/text'
[DEBUG] Using open Channel [id: 0xe5765420, L:/127.0.0.1:59515 - R:localhost/127.0.0.1:2690] for GET '/session/1d17cba2db6a7aededa6c8addbfcc1f0/element/00670a2b-af2e-4610-bb2e-c0f6344c30f8/text'
[DEBUG] 

Request DefaultFullHttpRequest(decodeResult: success, version: HTTP/1.1, content: EmptyByteBufBE)
GET /session/1d17cba2db6a7aededa6c8addbfcc1f0/element/00670a2b-af2e-4610-bb2e-c0f6344c30f8/text HTTP/1.1
User-Agent: selenium/4.6.0 (java windows)
Cache-Control: no-cache
Content-Type: application/json; charset=utf-8
host: localhost:2690
accept: */*

Response DefaultHttpResponse(decodeResult: success, version: HTTP/1.1)
HTTP/1.1 200 OK
Content-Type: application/json; charset=utf-8
cache-control: no-cache
content-length: 25

[DEBUG] Adding key: http://localhost:2690 for channel [id: 0xe5765420, L:/127.0.0.1:59515 - R:localhost/127.0.0.1:2690]
[DEBUG] Using pooled Channel '[id: 0xe5765420, L:/127.0.0.1:59515 - R:localhost/127.0.0.1:2690]' for 'POST' to 'http://localhost:2690/session/1d17cba2db6a7aededa6c8addbfcc1f0/element'
[DEBUG] Using open Channel [id: 0xe5765420, L:/127.0.0.1:59515 - R:localhost/127.0.0.1:2690] for POST '/session/1d17cba2db6a7aededa6c8addbfcc1f0/element'
[DEBUG] 

Request DefaultHttpRequest(decodeResult: success, version: HTTP/1.1)
POST /session/1d17cba2db6a7aededa6c8addbfcc1f0/element HTTP/1.1
User-Agent: selenium/4.6.0 (java windows)
Content-Length: 129
Content-Type: application/json; charset=utf-8
host: localhost:2690
accept: */*

Response DefaultHttpResponse(decodeResult: success, version: HTTP/1.1)
HTTP/1.1 200 OK
Content-Type: application/json; charset=utf-8
cache-control: no-cache
content-length: 88

[DEBUG] Adding key: http://localhost:2690 for channel [id: 0xe5765420, L:/127.0.0.1:59515 - R:localhost/127.0.0.1:2690]
[DEBUG] Using pooled Channel '[id: 0xe5765420, L:/127.0.0.1:59515 - R:localhost/127.0.0.1:2690]' for 'GET' to 'http://localhost:2690/session/1d17cba2db6a7aededa6c8addbfcc1f0/element/51f35b71-786c-48ef-9bd0-513a806a3953/text'
[DEBUG] Using open Channel [id: 0xe5765420, L:/127.0.0.1:59515 - R:localhost/127.0.0.1:2690] for GET '/session/1d17cba2db6a7aededa6c8addbfcc1f0/element/51f35b71-786c-48ef-9bd0-513a806a3953/text'
[DEBUG] 

Request DefaultFullHttpRequest(decodeResult: success, version: HTTP/1.1, content: EmptyByteBufBE)
GET /session/1d17cba2db6a7aededa6c8addbfcc1f0/element/51f35b71-786c-48ef-9bd0-513a806a3953/text HTTP/1.1
User-Agent: selenium/4.6.0 (java windows)
Cache-Control: no-cache
Content-Type: application/json; charset=utf-8
host: localhost:2690
accept: */*

Response DefaultHttpResponse(decodeResult: success, version: HTTP/1.1)
HTTP/1.1 200 OK
Content-Type: application/json; charset=utf-8
cache-control: no-cache
content-length: 28

[DEBUG] Adding key: http://localhost:2690 for channel [id: 0xe5765420, L:/127.0.0.1:59515 - R:localhost/127.0.0.1:2690]
[DEBUG] Using pooled Channel '[id: 0xe5765420, L:/127.0.0.1:59515 - R:localhost/127.0.0.1:2690]' for 'POST' to 'http://localhost:2690/session/1d17cba2db6a7aededa6c8addbfcc1f0/element'
[DEBUG] Using open Channel [id: 0xe5765420, L:/127.0.0.1:59515 - R:localhost/127.0.0.1:2690] for POST '/session/1d17cba2db6a7aededa6c8addbfcc1f0/element'
[DEBUG] 

Request DefaultHttpRequest(decodeResult: success, version: HTTP/1.1)
POST /session/1d17cba2db6a7aededa6c8addbfcc1f0/element HTTP/1.1
User-Agent: selenium/4.6.0 (java windows)
Content-Length: 129
Content-Type: application/json; charset=utf-8
host: localhost:2690
accept: */*

Response DefaultHttpResponse(decodeResult: success, version: HTTP/1.1)
HTTP/1.1 200 OK
Content-Type: application/json; charset=utf-8
cache-control: no-cache
content-length: 88

[DEBUG] Adding key: http://localhost:2690 for channel [id: 0xe5765420, L:/127.0.0.1:59515 - R:localhost/127.0.0.1:2690]
[DEBUG] Using pooled Channel '[id: 0xe5765420, L:/127.0.0.1:59515 - R:localhost/127.0.0.1:2690]' for 'GET' to 'http://localhost:2690/session/1d17cba2db6a7aededa6c8addbfcc1f0/element/e69145f5-5a4a-439c-804e-771500605a9a/text'
[DEBUG] Using open Channel [id: 0xe5765420, L:/127.0.0.1:59515 - R:localhost/127.0.0.1:2690] for GET '/session/1d17cba2db6a7aededa6c8addbfcc1f0/element/e69145f5-5a4a-439c-804e-771500605a9a/text'
[DEBUG] 

Request DefaultFullHttpRequest(decodeResult: success, version: HTTP/1.1, content: EmptyByteBufBE)
GET /session/1d17cba2db6a7aededa6c8addbfcc1f0/element/e69145f5-5a4a-439c-804e-771500605a9a/text HTTP/1.1
User-Agent: selenium/4.6.0 (java windows)
Cache-Control: no-cache
Content-Type: application/json; charset=utf-8
host: localhost:2690
accept: */*

Response DefaultHttpResponse(decodeResult: success, version: HTTP/1.1)
HTTP/1.1 200 OK
Content-Type: application/json; charset=utf-8
cache-control: no-cache
content-length: 23

[DEBUG] Adding key: http://localhost:2690 for channel [id: 0xe5765420, L:/127.0.0.1:59515 - R:localhost/127.0.0.1:2690]
[DEBUG] Using pooled Channel '[id: 0xe5765420, L:/127.0.0.1:59515 - R:localhost/127.0.0.1:2690]' for 'POST' to 'http://localhost:2690/session/1d17cba2db6a7aededa6c8addbfcc1f0/element'
[DEBUG] Using open Channel [id: 0xe5765420, L:/127.0.0.1:59515 - R:localhost/127.0.0.1:2690] for POST '/session/1d17cba2db6a7aededa6c8addbfcc1f0/element'
[DEBUG] 

Request DefaultHttpRequest(decodeResult: success, version: HTTP/1.1)
POST /session/1d17cba2db6a7aededa6c8addbfcc1f0/element HTTP/1.1
User-Agent: selenium/4.6.0 (java windows)
Content-Length: 129
Content-Type: application/json; charset=utf-8
host: localhost:2690
accept: */*

Response DefaultHttpResponse(decodeResult: success, version: HTTP/1.1)
HTTP/1.1 200 OK
Content-Type: application/json; charset=utf-8
cache-control: no-cache
content-length: 88

[DEBUG] Adding key: http://localhost:2690 for channel [id: 0xe5765420, L:/127.0.0.1:59515 - R:localhost/127.0.0.1:2690]
[DEBUG] Using pooled Channel '[id: 0xe5765420, L:/127.0.0.1:59515 - R:localhost/127.0.0.1:2690]' for 'GET' to 'http://localhost:2690/session/1d17cba2db6a7aededa6c8addbfcc1f0/element/066c0730-eabd-47d6-a1a7-e46e4add76c3/text'
[DEBUG] Using open Channel [id: 0xe5765420, L:/127.0.0.1:59515 - R:localhost/127.0.0.1:2690] for GET '/session/1d17cba2db6a7aededa6c8addbfcc1f0/element/066c0730-eabd-47d6-a1a7-e46e4add76c3/text'
[DEBUG] 

Request DefaultFullHttpRequest(decodeResult: success, version: HTTP/1.1, content: EmptyByteBufBE)
GET /session/1d17cba2db6a7aededa6c8addbfcc1f0/element/066c0730-eabd-47d6-a1a7-e46e4add76c3/text HTTP/1.1
User-Agent: selenium/4.6.0 (java windows)
Cache-Control: no-cache
Content-Type: application/json; charset=utf-8
host: localhost:2690
accept: */*

Response DefaultHttpResponse(decodeResult: success, version: HTTP/1.1)
HTTP/1.1 200 OK
Content-Type: application/json; charset=utf-8
cache-control: no-cache
content-length: 18

[DEBUG] Adding key: http://localhost:2690 for channel [id: 0xe5765420, L:/127.0.0.1:59515 - R:localhost/127.0.0.1:2690]
[DEBUG] Using pooled Channel '[id: 0xe5765420, L:/127.0.0.1:59515 - R:localhost/127.0.0.1:2690]' for 'POST' to 'http://localhost:2690/session/1d17cba2db6a7aededa6c8addbfcc1f0/element'
[DEBUG] Using open Channel [id: 0xe5765420, L:/127.0.0.1:59515 - R:localhost/127.0.0.1:2690] for POST '/session/1d17cba2db6a7aededa6c8addbfcc1f0/element'
[DEBUG] 

Request DefaultHttpRequest(decodeResult: success, version: HTTP/1.1)
POST /session/1d17cba2db6a7aededa6c8addbfcc1f0/element HTTP/1.1
User-Agent: selenium/4.6.0 (java windows)
Content-Length: 129
Content-Type: application/json; charset=utf-8
host: localhost:2690
accept: */*

Response DefaultHttpResponse(decodeResult: success, version: HTTP/1.1)
HTTP/1.1 200 OK
Content-Type: application/json; charset=utf-8
cache-control: no-cache
content-length: 88

[DEBUG] Adding key: http://localhost:2690 for channel [id: 0xe5765420, L:/127.0.0.1:59515 - R:localhost/127.0.0.1:2690]
[DEBUG] Using pooled Channel '[id: 0xe5765420, L:/127.0.0.1:59515 - R:localhost/127.0.0.1:2690]' for 'GET' to 'http://localhost:2690/session/1d17cba2db6a7aededa6c8addbfcc1f0/element/1457a684-6ea1-4b01-850f-4a1465053424/text'
[DEBUG] Using open Channel [id: 0xe5765420, L:/127.0.0.1:59515 - R:localhost/127.0.0.1:2690] for GET '/session/1d17cba2db6a7aededa6c8addbfcc1f0/element/1457a684-6ea1-4b01-850f-4a1465053424/text'
[DEBUG] 

Request DefaultFullHttpRequest(decodeResult: success, version: HTTP/1.1, content: EmptyByteBufBE)
GET /session/1d17cba2db6a7aededa6c8addbfcc1f0/element/1457a684-6ea1-4b01-850f-4a1465053424/text HTTP/1.1
User-Agent: selenium/4.6.0 (java windows)
Cache-Control: no-cache
Content-Type: application/json; charset=utf-8
host: localhost:2690
accept: */*

Response DefaultHttpResponse(decodeResult: success, version: HTTP/1.1)
HTTP/1.1 200 OK
Content-Type: application/json; charset=utf-8
cache-control: no-cache
content-length: 34

[DEBUG] Adding key: http://localhost:2690 for channel [id: 0xe5765420, L:/127.0.0.1:59515 - R:localhost/127.0.0.1:2690]
[DEBUG] Using pooled Channel '[id: 0xe5765420, L:/127.0.0.1:59515 - R:localhost/127.0.0.1:2690]' for 'POST' to 'http://localhost:2690/session/1d17cba2db6a7aededa6c8addbfcc1f0/element'
[DEBUG] Using open Channel [id: 0xe5765420, L:/127.0.0.1:59515 - R:localhost/127.0.0.1:2690] for POST '/session/1d17cba2db6a7aededa6c8addbfcc1f0/element'
[DEBUG] 

Request DefaultHttpRequest(decodeResult: success, version: HTTP/1.1)
POST /session/1d17cba2db6a7aededa6c8addbfcc1f0/element HTTP/1.1
User-Agent: selenium/4.6.0 (java windows)
Content-Length: 129
Content-Type: application/json; charset=utf-8
host: localhost:2690
accept: */*

Response DefaultHttpResponse(decodeResult: success, version: HTTP/1.1)
HTTP/1.1 200 OK
Content-Type: application/json; charset=utf-8
cache-control: no-cache
content-length: 88

[DEBUG] Adding key: http://localhost:2690 for channel [id: 0xe5765420, L:/127.0.0.1:59515 - R:localhost/127.0.0.1:2690]
[DEBUG] Using pooled Channel '[id: 0xe5765420, L:/127.0.0.1:59515 - R:localhost/127.0.0.1:2690]' for 'GET' to 'http://localhost:2690/session/1d17cba2db6a7aededa6c8addbfcc1f0/element/e88f0b27-4cbe-4388-a559-50ba949facac/text'
[DEBUG] Using open Channel [id: 0xe5765420, L:/127.0.0.1:59515 - R:localhost/127.0.0.1:2690] for GET '/session/1d17cba2db6a7aededa6c8addbfcc1f0/element/e88f0b27-4cbe-4388-a559-50ba949facac/text'
[DEBUG] 

Request DefaultFullHttpRequest(decodeResult: success, version: HTTP/1.1, content: EmptyByteBufBE)
GET /session/1d17cba2db6a7aededa6c8addbfcc1f0/element/e88f0b27-4cbe-4388-a559-50ba949facac/text HTTP/1.1
User-Agent: selenium/4.6.0 (java windows)
Cache-Control: no-cache
Content-Type: application/json; charset=utf-8
host: localhost:2690
accept: */*

Response DefaultHttpResponse(decodeResult: success, version: HTTP/1.1)
HTTP/1.1 200 OK
Content-Type: application/json; charset=utf-8
cache-control: no-cache
content-length: 26

[DEBUG] Adding key: http://localhost:2690 for channel [id: 0xe5765420, L:/127.0.0.1:59515 - R:localhost/127.0.0.1:2690]
[DEBUG] Using pooled Channel '[id: 0xe5765420, L:/127.0.0.1:59515 - R:localhost/127.0.0.1:2690]' for 'POST' to 'http://localhost:2690/session/1d17cba2db6a7aededa6c8addbfcc1f0/element'
[DEBUG] Using open Channel [id: 0xe5765420, L:/127.0.0.1:59515 - R:localhost/127.0.0.1:2690] for POST '/session/1d17cba2db6a7aededa6c8addbfcc1f0/element'
[DEBUG] 

Request DefaultHttpRequest(decodeResult: success, version: HTTP/1.1)
POST /session/1d17cba2db6a7aededa6c8addbfcc1f0/element HTTP/1.1
User-Agent: selenium/4.6.0 (java windows)
Content-Length: 129
Content-Type: application/json; charset=utf-8
host: localhost:2690
accept: */*

Response DefaultHttpResponse(decodeResult: success, version: HTTP/1.1)
HTTP/1.1 200 OK
Content-Type: application/json; charset=utf-8
cache-control: no-cache
content-length: 88

[DEBUG] Adding key: http://localhost:2690 for channel [id: 0xe5765420, L:/127.0.0.1:59515 - R:localhost/127.0.0.1:2690]
[DEBUG] Using pooled Channel '[id: 0xe5765420, L:/127.0.0.1:59515 - R:localhost/127.0.0.1:2690]' for 'GET' to 'http://localhost:2690/session/1d17cba2db6a7aededa6c8addbfcc1f0/element/4d29f08a-9705-49d6-bc2d-0d17700b171d/text'
[DEBUG] Using open Channel [id: 0xe5765420, L:/127.0.0.1:59515 - R:localhost/127.0.0.1:2690] for GET '/session/1d17cba2db6a7aededa6c8addbfcc1f0/element/4d29f08a-9705-49d6-bc2d-0d17700b171d/text'
[DEBUG] 

Request DefaultFullHttpRequest(decodeResult: success, version: HTTP/1.1, content: EmptyByteBufBE)
GET /session/1d17cba2db6a7aededa6c8addbfcc1f0/element/4d29f08a-9705-49d6-bc2d-0d17700b171d/text HTTP/1.1
User-Agent: selenium/4.6.0 (java windows)
Cache-Control: no-cache
Content-Type: application/json; charset=utf-8
host: localhost:2690
accept: */*

Response DefaultHttpResponse(decodeResult: success, version: HTTP/1.1)
HTTP/1.1 200 OK
Content-Type: application/json; charset=utf-8
cache-control: no-cache
content-length: 23

[DEBUG] Adding key: http://localhost:2690 for channel [id: 0xe5765420, L:/127.0.0.1:59515 - R:localhost/127.0.0.1:2690]
[DEBUG] Using pooled Channel '[id: 0xe5765420, L:/127.0.0.1:59515 - R:localhost/127.0.0.1:2690]' for 'POST' to 'http://localhost:2690/session/1d17cba2db6a7aededa6c8addbfcc1f0/element'
[DEBUG] Using open Channel [id: 0xe5765420, L:/127.0.0.1:59515 - R:localhost/127.0.0.1:2690] for POST '/session/1d17cba2db6a7aededa6c8addbfcc1f0/element'
[DEBUG] 

Request DefaultHttpRequest(decodeResult: success, version: HTTP/1.1)
POST /session/1d17cba2db6a7aededa6c8addbfcc1f0/element HTTP/1.1
User-Agent: selenium/4.6.0 (java windows)
Content-Length: 129
Content-Type: application/json; charset=utf-8
host: localhost:2690
accept: */*

Response DefaultHttpResponse(decodeResult: success, version: HTTP/1.1)
HTTP/1.1 200 OK
Content-Type: application/json; charset=utf-8
cache-control: no-cache
content-length: 88

[DEBUG] Adding key: http://localhost:2690 for channel [id: 0xe5765420, L:/127.0.0.1:59515 - R:localhost/127.0.0.1:2690]
[DEBUG] Using pooled Channel '[id: 0xe5765420, L:/127.0.0.1:59515 - R:localhost/127.0.0.1:2690]' for 'GET' to 'http://localhost:2690/session/1d17cba2db6a7aededa6c8addbfcc1f0/element/30923051-82c0-4771-8d25-766fceb69aa5/text'
[DEBUG] Using open Channel [id: 0xe5765420, L:/127.0.0.1:59515 - R:localhost/127.0.0.1:2690] for GET '/session/1d17cba2db6a7aededa6c8addbfcc1f0/element/30923051-82c0-4771-8d25-766fceb69aa5/text'
[DEBUG] 

Request DefaultFullHttpRequest(decodeResult: success, version: HTTP/1.1, content: EmptyByteBufBE)
GET /session/1d17cba2db6a7aededa6c8addbfcc1f0/element/30923051-82c0-4771-8d25-766fceb69aa5/text HTTP/1.1
User-Agent: selenium/4.6.0 (java windows)
Cache-Control: no-cache
Content-Type: application/json; charset=utf-8
host: localhost:2690
accept: */*

Response DefaultHttpResponse(decodeResult: success, version: HTTP/1.1)
HTTP/1.1 200 OK
Content-Type: application/json; charset=utf-8
cache-control: no-cache
content-length: 18

[DEBUG] Adding key: http://localhost:2690 for channel [id: 0xe5765420, L:/127.0.0.1:59515 - R:localhost/127.0.0.1:2690]
[DEBUG] Using pooled Channel '[id: 0xe5765420, L:/127.0.0.1:59515 - R:localhost/127.0.0.1:2690]' for 'POST' to 'http://localhost:2690/session/1d17cba2db6a7aededa6c8addbfcc1f0/element'
[DEBUG] Using open Channel [id: 0xe5765420, L:/127.0.0.1:59515 - R:localhost/127.0.0.1:2690] for POST '/session/1d17cba2db6a7aededa6c8addbfcc1f0/element'
[DEBUG] 

Request DefaultHttpRequest(decodeResult: success, version: HTTP/1.1)
POST /session/1d17cba2db6a7aededa6c8addbfcc1f0/element HTTP/1.1
User-Agent: selenium/4.6.0 (java windows)
Content-Length: 129
Content-Type: application/json; charset=utf-8
host: localhost:2690
accept: */*

Response DefaultHttpResponse(decodeResult: success, version: HTTP/1.1)
HTTP/1.1 200 OK
Content-Type: application/json; charset=utf-8
cache-control: no-cache
content-length: 88

[DEBUG] Adding key: http://localhost:2690 for channel [id: 0xe5765420, L:/127.0.0.1:59515 - R:localhost/127.0.0.1:2690]
[DEBUG] Using pooled Channel '[id: 0xe5765420, L:/127.0.0.1:59515 - R:localhost/127.0.0.1:2690]' for 'GET' to 'http://localhost:2690/session/1d17cba2db6a7aededa6c8addbfcc1f0/element/922f99ea-0cb5-4d0b-b11e-0a0e9577a1f4/text'
[DEBUG] Using open Channel [id: 0xe5765420, L:/127.0.0.1:59515 - R:localhost/127.0.0.1:2690] for GET '/session/1d17cba2db6a7aededa6c8addbfcc1f0/element/922f99ea-0cb5-4d0b-b11e-0a0e9577a1f4/text'
[DEBUG] 

Request DefaultFullHttpRequest(decodeResult: success, version: HTTP/1.1, content: EmptyByteBufBE)
GET /session/1d17cba2db6a7aededa6c8addbfcc1f0/element/922f99ea-0cb5-4d0b-b11e-0a0e9577a1f4/text HTTP/1.1
User-Agent: selenium/4.6.0 (java windows)
Cache-Control: no-cache
Content-Type: application/json; charset=utf-8
host: localhost:2690
accept: */*

Response DefaultHttpResponse(decodeResult: success, version: HTTP/1.1)
HTTP/1.1 200 OK
Content-Type: application/json; charset=utf-8
cache-control: no-cache
content-length: 24

[DEBUG] Adding key: http://localhost:2690 for channel [id: 0xe5765420, L:/127.0.0.1:59515 - R:localhost/127.0.0.1:2690]
[DEBUG] Using pooled Channel '[id: 0xe5765420, L:/127.0.0.1:59515 - R:localhost/127.0.0.1:2690]' for 'POST' to 'http://localhost:2690/session/1d17cba2db6a7aededa6c8addbfcc1f0/element'
[DEBUG] Using open Channel [id: 0xe5765420, L:/127.0.0.1:59515 - R:localhost/127.0.0.1:2690] for POST '/session/1d17cba2db6a7aededa6c8addbfcc1f0/element'
[DEBUG] 

Request DefaultHttpRequest(decodeResult: success, version: HTTP/1.1)
POST /session/1d17cba2db6a7aededa6c8addbfcc1f0/element HTTP/1.1
User-Agent: selenium/4.6.0 (java windows)
Content-Length: 129
Content-Type: application/json; charset=utf-8
host: localhost:2690
accept: */*

Response DefaultHttpResponse(decodeResult: success, version: HTTP/1.1)
HTTP/1.1 200 OK
Content-Type: application/json; charset=utf-8
cache-control: no-cache
content-length: 88

[DEBUG] Adding key: http://localhost:2690 for channel [id: 0xe5765420, L:/127.0.0.1:59515 - R:localhost/127.0.0.1:2690]
[DEBUG] Using pooled Channel '[id: 0xe5765420, L:/127.0.0.1:59515 - R:localhost/127.0.0.1:2690]' for 'GET' to 'http://localhost:2690/session/1d17cba2db6a7aededa6c8addbfcc1f0/element/1239a971-9c72-48b4-93fc-6ee1a0117088/text'
[DEBUG] Using open Channel [id: 0xe5765420, L:/127.0.0.1:59515 - R:localhost/127.0.0.1:2690] for GET '/session/1d17cba2db6a7aededa6c8addbfcc1f0/element/1239a971-9c72-48b4-93fc-6ee1a0117088/text'
[DEBUG] 

Request DefaultFullHttpRequest(decodeResult: success, version: HTTP/1.1, content: EmptyByteBufBE)
GET /session/1d17cba2db6a7aededa6c8addbfcc1f0/element/1239a971-9c72-48b4-93fc-6ee1a0117088/text HTTP/1.1
User-Agent: selenium/4.6.0 (java windows)
Cache-Control: no-cache
Content-Type: application/json; charset=utf-8
host: localhost:2690
accept: */*

Response DefaultHttpResponse(decodeResult: success, version: HTTP/1.1)
HTTP/1.1 200 OK
Content-Type: application/json; charset=utf-8
cache-control: no-cache
content-length: 28

[DEBUG] Adding key: http://localhost:2690 for channel [id: 0xe5765420, L:/127.0.0.1:59515 - R:localhost/127.0.0.1:2690]
[DEBUG] Using pooled Channel '[id: 0xe5765420, L:/127.0.0.1:59515 - R:localhost/127.0.0.1:2690]' for 'POST' to 'http://localhost:2690/session/1d17cba2db6a7aededa6c8addbfcc1f0/element'
[DEBUG] Using open Channel [id: 0xe5765420, L:/127.0.0.1:59515 - R:localhost/127.0.0.1:2690] for POST '/session/1d17cba2db6a7aededa6c8addbfcc1f0/element'
[DEBUG] 

Request DefaultHttpRequest(decodeResult: success, version: HTTP/1.1)
POST /session/1d17cba2db6a7aededa6c8addbfcc1f0/element HTTP/1.1
User-Agent: selenium/4.6.0 (java windows)
Content-Length: 129
Content-Type: application/json; charset=utf-8
host: localhost:2690
accept: */*

Response DefaultHttpResponse(decodeResult: success, version: HTTP/1.1)
HTTP/1.1 200 OK
Content-Type: application/json; charset=utf-8
cache-control: no-cache
content-length: 88

[DEBUG] Adding key: http://localhost:2690 for channel [id: 0xe5765420, L:/127.0.0.1:59515 - R:localhost/127.0.0.1:2690]
[DEBUG] Using pooled Channel '[id: 0xe5765420, L:/127.0.0.1:59515 - R:localhost/127.0.0.1:2690]' for 'GET' to 'http://localhost:2690/session/1d17cba2db6a7aededa6c8addbfcc1f0/element/47678f57-c2cb-46a3-8229-c73e70111b6d/text'
[DEBUG] Using open Channel [id: 0xe5765420, L:/127.0.0.1:59515 - R:localhost/127.0.0.1:2690] for GET '/session/1d17cba2db6a7aededa6c8addbfcc1f0/element/47678f57-c2cb-46a3-8229-c73e70111b6d/text'
[DEBUG] 

Request DefaultFullHttpRequest(decodeResult: success, version: HTTP/1.1, content: EmptyByteBufBE)
GET /session/1d17cba2db6a7aededa6c8addbfcc1f0/element/47678f57-c2cb-46a3-8229-c73e70111b6d/text HTTP/1.1
User-Agent: selenium/4.6.0 (java windows)
Cache-Control: no-cache
Content-Type: application/json; charset=utf-8
host: localhost:2690
accept: */*

Response DefaultHttpResponse(decodeResult: success, version: HTTP/1.1)
HTTP/1.1 200 OK
Content-Type: application/json; charset=utf-8
cache-control: no-cache
content-length: 23

[DEBUG] Adding key: http://localhost:2690 for channel [id: 0xe5765420, L:/127.0.0.1:59515 - R:localhost/127.0.0.1:2690]
[DEBUG] Using pooled Channel '[id: 0xe5765420, L:/127.0.0.1:59515 - R:localhost/127.0.0.1:2690]' for 'POST' to 'http://localhost:2690/session/1d17cba2db6a7aededa6c8addbfcc1f0/element'
[DEBUG] Using open Channel [id: 0xe5765420, L:/127.0.0.1:59515 - R:localhost/127.0.0.1:2690] for POST '/session/1d17cba2db6a7aededa6c8addbfcc1f0/element'
[DEBUG] 

Request DefaultHttpRequest(decodeResult: success, version: HTTP/1.1)
POST /session/1d17cba2db6a7aededa6c8addbfcc1f0/element HTTP/1.1
User-Agent: selenium/4.6.0 (java windows)
Content-Length: 129
Content-Type: application/json; charset=utf-8
host: localhost:2690
accept: */*

Response DefaultHttpResponse(decodeResult: success, version: HTTP/1.1)
HTTP/1.1 200 OK
Content-Type: application/json; charset=utf-8
cache-control: no-cache
content-length: 88

[DEBUG] Adding key: http://localhost:2690 for channel [id: 0xe5765420, L:/127.0.0.1:59515 - R:localhost/127.0.0.1:2690]
[DEBUG] Using pooled Channel '[id: 0xe5765420, L:/127.0.0.1:59515 - R:localhost/127.0.0.1:2690]' for 'GET' to 'http://localhost:2690/session/1d17cba2db6a7aededa6c8addbfcc1f0/element/9d6821b3-4227-48a7-aacd-9ef5c260308f/text'
[DEBUG] Using open Channel [id: 0xe5765420, L:/127.0.0.1:59515 - R:localhost/127.0.0.1:2690] for GET '/session/1d17cba2db6a7aededa6c8addbfcc1f0/element/9d6821b3-4227-48a7-aacd-9ef5c260308f/text'
[DEBUG] 

Request DefaultFullHttpRequest(decodeResult: success, version: HTTP/1.1, content: EmptyByteBufBE)
GET /session/1d17cba2db6a7aededa6c8addbfcc1f0/element/9d6821b3-4227-48a7-aacd-9ef5c260308f/text HTTP/1.1
User-Agent: selenium/4.6.0 (java windows)
Cache-Control: no-cache
Content-Type: application/json; charset=utf-8
host: localhost:2690
accept: */*

Response DefaultHttpResponse(decodeResult: success, version: HTTP/1.1)
HTTP/1.1 200 OK
Content-Type: application/json; charset=utf-8
cache-control: no-cache
content-length: 21

[DEBUG] Adding key: http://localhost:2690 for channel [id: 0xe5765420, L:/127.0.0.1:59515 - R:localhost/127.0.0.1:2690]
[DEBUG] Using pooled Channel '[id: 0xe5765420, L:/127.0.0.1:59515 - R:localhost/127.0.0.1:2690]' for 'POST' to 'http://localhost:2690/session/1d17cba2db6a7aededa6c8addbfcc1f0/element'
[DEBUG] Using open Channel [id: 0xe5765420, L:/127.0.0.1:59515 - R:localhost/127.0.0.1:2690] for POST '/session/1d17cba2db6a7aededa6c8addbfcc1f0/element'
[DEBUG] 

Request DefaultHttpRequest(decodeResult: success, version: HTTP/1.1)
POST /session/1d17cba2db6a7aededa6c8addbfcc1f0/element HTTP/1.1
User-Agent: selenium/4.6.0 (java windows)
Content-Length: 129
Content-Type: application/json; charset=utf-8
host: localhost:2690
accept: */*

Response DefaultHttpResponse(decodeResult: success, version: HTTP/1.1)
HTTP/1.1 200 OK
Content-Type: application/json; charset=utf-8
cache-control: no-cache
content-length: 88

[DEBUG] Adding key: http://localhost:2690 for channel [id: 0xe5765420, L:/127.0.0.1:59515 - R:localhost/127.0.0.1:2690]
[DEBUG] Using pooled Channel '[id: 0xe5765420, L:/127.0.0.1:59515 - R:localhost/127.0.0.1:2690]' for 'GET' to 'http://localhost:2690/session/1d17cba2db6a7aededa6c8addbfcc1f0/element/cb31803b-fea0-475b-9dad-c555257894ef/text'
[DEBUG] Using open Channel [id: 0xe5765420, L:/127.0.0.1:59515 - R:localhost/127.0.0.1:2690] for GET '/session/1d17cba2db6a7aededa6c8addbfcc1f0/element/cb31803b-fea0-475b-9dad-c555257894ef/text'
[DEBUG] 

Request DefaultFullHttpRequest(decodeResult: success, version: HTTP/1.1, content: EmptyByteBufBE)
GET /session/1d17cba2db6a7aededa6c8addbfcc1f0/element/cb31803b-fea0-475b-9dad-c555257894ef/text HTTP/1.1
User-Agent: selenium/4.6.0 (java windows)
Cache-Control: no-cache
Content-Type: application/json; charset=utf-8
host: localhost:2690
accept: */*

Response DefaultHttpResponse(decodeResult: success, version: HTTP/1.1)
HTTP/1.1 200 OK
Content-Type: application/json; charset=utf-8
cache-control: no-cache
content-length: 35

[DEBUG] Adding key: http://localhost:2690 for channel [id: 0xe5765420, L:/127.0.0.1:59515 - R:localhost/127.0.0.1:2690]
[DEBUG] Using pooled Channel '[id: 0xe5765420, L:/127.0.0.1:59515 - R:localhost/127.0.0.1:2690]' for 'POST' to 'http://localhost:2690/session/1d17cba2db6a7aededa6c8addbfcc1f0/element'
[DEBUG] Using open Channel [id: 0xe5765420, L:/127.0.0.1:59515 - R:localhost/127.0.0.1:2690] for POST '/session/1d17cba2db6a7aededa6c8addbfcc1f0/element'
[DEBUG] 

Request DefaultHttpRequest(decodeResult: success, version: HTTP/1.1)
POST /session/1d17cba2db6a7aededa6c8addbfcc1f0/element HTTP/1.1
User-Agent: selenium/4.6.0 (java windows)
Content-Length: 129
Content-Type: application/json; charset=utf-8
host: localhost:2690
accept: */*

Response DefaultHttpResponse(decodeResult: success, version: HTTP/1.1)
HTTP/1.1 200 OK
Content-Type: application/json; charset=utf-8
cache-control: no-cache
content-length: 88

[DEBUG] Adding key: http://localhost:2690 for channel [id: 0xe5765420, L:/127.0.0.1:59515 - R:localhost/127.0.0.1:2690]
[DEBUG] Using pooled Channel '[id: 0xe5765420, L:/127.0.0.1:59515 - R:localhost/127.0.0.1:2690]' for 'GET' to 'http://localhost:2690/session/1d17cba2db6a7aededa6c8addbfcc1f0/element/c62a6c1b-8ad3-4924-93ad-2bfb0e06fc96/text'
[DEBUG] Using open Channel [id: 0xe5765420, L:/127.0.0.1:59515 - R:localhost/127.0.0.1:2690] for GET '/session/1d17cba2db6a7aededa6c8addbfcc1f0/element/c62a6c1b-8ad3-4924-93ad-2bfb0e06fc96/text'
[DEBUG] 

Request DefaultFullHttpRequest(decodeResult: success, version: HTTP/1.1, content: EmptyByteBufBE)
GET /session/1d17cba2db6a7aededa6c8addbfcc1f0/element/c62a6c1b-8ad3-4924-93ad-2bfb0e06fc96/text HTTP/1.1
User-Agent: selenium/4.6.0 (java windows)
Cache-Control: no-cache
Content-Type: application/json; charset=utf-8
host: localhost:2690
accept: */*

Response DefaultHttpResponse(decodeResult: success, version: HTTP/1.1)
HTTP/1.1 200 OK
Content-Type: application/json; charset=utf-8
cache-control: no-cache
content-length: 26

[DEBUG] Adding key: http://localhost:2690 for channel [id: 0xe5765420, L:/127.0.0.1:59515 - R:localhost/127.0.0.1:2690]
[DEBUG] Using pooled Channel '[id: 0xe5765420, L:/127.0.0.1:59515 - R:localhost/127.0.0.1:2690]' for 'POST' to 'http://localhost:2690/session/1d17cba2db6a7aededa6c8addbfcc1f0/element'
[DEBUG] Using open Channel [id: 0xe5765420, L:/127.0.0.1:59515 - R:localhost/127.0.0.1:2690] for POST '/session/1d17cba2db6a7aededa6c8addbfcc1f0/element'
[DEBUG] 

Request DefaultHttpRequest(decodeResult: success, version: HTTP/1.1)
POST /session/1d17cba2db6a7aededa6c8addbfcc1f0/element HTTP/1.1
User-Agent: selenium/4.6.0 (java windows)
Content-Length: 129
Content-Type: application/json; charset=utf-8
host: localhost:2690
accept: */*

Response DefaultHttpResponse(decodeResult: success, version: HTTP/1.1)
HTTP/1.1 200 OK
Content-Type: application/json; charset=utf-8
cache-control: no-cache
content-length: 88

[DEBUG] Adding key: http://localhost:2690 for channel [id: 0xe5765420, L:/127.0.0.1:59515 - R:localhost/127.0.0.1:2690]
[DEBUG] Using pooled Channel '[id: 0xe5765420, L:/127.0.0.1:59515 - R:localhost/127.0.0.1:2690]' for 'GET' to 'http://localhost:2690/session/1d17cba2db6a7aededa6c8addbfcc1f0/element/82281c10-dbef-4941-8512-d43a47f37526/text'
[DEBUG] Using open Channel [id: 0xe5765420, L:/127.0.0.1:59515 - R:localhost/127.0.0.1:2690] for GET '/session/1d17cba2db6a7aededa6c8addbfcc1f0/element/82281c10-dbef-4941-8512-d43a47f37526/text'
[DEBUG] 

Request DefaultFullHttpRequest(decodeResult: success, version: HTTP/1.1, content: EmptyByteBufBE)
GET /session/1d17cba2db6a7aededa6c8addbfcc1f0/element/82281c10-dbef-4941-8512-d43a47f37526/text HTTP/1.1
User-Agent: selenium/4.6.0 (java windows)
Cache-Control: no-cache
Content-Type: application/json; charset=utf-8
host: localhost:2690
accept: */*

Response DefaultHttpResponse(decodeResult: success, version: HTTP/1.1)
HTTP/1.1 200 OK
Content-Type: application/json; charset=utf-8
cache-control: no-cache
content-length: 23

[DEBUG] Adding key: http://localhost:2690 for channel [id: 0xe5765420, L:/127.0.0.1:59515 - R:localhost/127.0.0.1:2690]
[DEBUG] Using pooled Channel '[id: 0xe5765420, L:/127.0.0.1:59515 - R:localhost/127.0.0.1:2690]' for 'POST' to 'http://localhost:2690/session/1d17cba2db6a7aededa6c8addbfcc1f0/element'
[DEBUG] Using open Channel [id: 0xe5765420, L:/127.0.0.1:59515 - R:localhost/127.0.0.1:2690] for POST '/session/1d17cba2db6a7aededa6c8addbfcc1f0/element'
[DEBUG] 

Request DefaultHttpRequest(decodeResult: success, version: HTTP/1.1)
POST /session/1d17cba2db6a7aededa6c8addbfcc1f0/element HTTP/1.1
User-Agent: selenium/4.6.0 (java windows)
Content-Length: 129
Content-Type: application/json; charset=utf-8
host: localhost:2690
accept: */*

Response DefaultHttpResponse(decodeResult: success, version: HTTP/1.1)
HTTP/1.1 200 OK
Content-Type: application/json; charset=utf-8
cache-control: no-cache
content-length: 88

[DEBUG] Adding key: http://localhost:2690 for channel [id: 0xe5765420, L:/127.0.0.1:59515 - R:localhost/127.0.0.1:2690]
[DEBUG] Using pooled Channel '[id: 0xe5765420, L:/127.0.0.1:59515 - R:localhost/127.0.0.1:2690]' for 'GET' to 'http://localhost:2690/session/1d17cba2db6a7aededa6c8addbfcc1f0/element/b4db575b-c3ea-4606-b560-7e31827ef2af/text'
[DEBUG] Using open Channel [id: 0xe5765420, L:/127.0.0.1:59515 - R:localhost/127.0.0.1:2690] for GET '/session/1d17cba2db6a7aededa6c8addbfcc1f0/element/b4db575b-c3ea-4606-b560-7e31827ef2af/text'
[DEBUG] 

Request DefaultFullHttpRequest(decodeResult: success, version: HTTP/1.1, content: EmptyByteBufBE)
GET /session/1d17cba2db6a7aededa6c8addbfcc1f0/element/b4db575b-c3ea-4606-b560-7e31827ef2af/text HTTP/1.1
User-Agent: selenium/4.6.0 (java windows)
Cache-Control: no-cache
Content-Type: application/json; charset=utf-8
host: localhost:2690
accept: */*

Response DefaultHttpResponse(decodeResult: success, version: HTTP/1.1)
HTTP/1.1 200 OK
Content-Type: application/json; charset=utf-8
cache-control: no-cache
content-length: 18

[DEBUG] Adding key: http://localhost:2690 for channel [id: 0xe5765420, L:/127.0.0.1:59515 - R:localhost/127.0.0.1:2690]
[DEBUG] Using pooled Channel '[id: 0xe5765420, L:/127.0.0.1:59515 - R:localhost/127.0.0.1:2690]' for 'POST' to 'http://localhost:2690/session/1d17cba2db6a7aededa6c8addbfcc1f0/element'
[DEBUG] Using open Channel [id: 0xe5765420, L:/127.0.0.1:59515 - R:localhost/127.0.0.1:2690] for POST '/session/1d17cba2db6a7aededa6c8addbfcc1f0/element'
[DEBUG] 

Request DefaultHttpRequest(decodeResult: success, version: HTTP/1.1)
POST /session/1d17cba2db6a7aededa6c8addbfcc1f0/element HTTP/1.1
User-Agent: selenium/4.6.0 (java windows)
Content-Length: 129
Content-Type: application/json; charset=utf-8
host: localhost:2690
accept: */*

Response DefaultHttpResponse(decodeResult: success, version: HTTP/1.1)
HTTP/1.1 200 OK
Content-Type: application/json; charset=utf-8
cache-control: no-cache
content-length: 88

[DEBUG] Adding key: http://localhost:2690 for channel [id: 0xe5765420, L:/127.0.0.1:59515 - R:localhost/127.0.0.1:2690]
[DEBUG] Using pooled Channel '[id: 0xe5765420, L:/127.0.0.1:59515 - R:localhost/127.0.0.1:2690]' for 'GET' to 'http://localhost:2690/session/1d17cba2db6a7aededa6c8addbfcc1f0/element/7980f9c0-5543-4d53-b4c8-db1760108941/text'
[DEBUG] Using open Channel [id: 0xe5765420, L:/127.0.0.1:59515 - R:localhost/127.0.0.1:2690] for GET '/session/1d17cba2db6a7aededa6c8addbfcc1f0/element/7980f9c0-5543-4d53-b4c8-db1760108941/text'
[DEBUG] 

Request DefaultFullHttpRequest(decodeResult: success, version: HTTP/1.1, content: EmptyByteBufBE)
GET /session/1d17cba2db6a7aededa6c8addbfcc1f0/element/7980f9c0-5543-4d53-b4c8-db1760108941/text HTTP/1.1
User-Agent: selenium/4.6.0 (java windows)
Cache-Control: no-cache
Content-Type: application/json; charset=utf-8
host: localhost:2690
accept: */*

Response DefaultHttpResponse(decodeResult: success, version: HTTP/1.1)
HTTP/1.1 200 OK
Content-Type: application/json; charset=utf-8
cache-control: no-cache
content-length: 20

[DEBUG] Adding key: http://localhost:2690 for channel [id: 0xe5765420, L:/127.0.0.1:59515 - R:localhost/127.0.0.1:2690]
[DEBUG] Using pooled Channel '[id: 0xe5765420, L:/127.0.0.1:59515 - R:localhost/127.0.0.1:2690]' for 'POST' to 'http://localhost:2690/session/1d17cba2db6a7aededa6c8addbfcc1f0/element'
[DEBUG] Using open Channel [id: 0xe5765420, L:/127.0.0.1:59515 - R:localhost/127.0.0.1:2690] for POST '/session/1d17cba2db6a7aededa6c8addbfcc1f0/element'
[DEBUG] 

Request DefaultHttpRequest(decodeResult: success, version: HTTP/1.1)
POST /session/1d17cba2db6a7aededa6c8addbfcc1f0/element HTTP/1.1
User-Agent: selenium/4.6.0 (java windows)
Content-Length: 129
Content-Type: application/json; charset=utf-8
host: localhost:2690
accept: */*

Response DefaultHttpResponse(decodeResult: success, version: HTTP/1.1)
HTTP/1.1 200 OK
Content-Type: application/json; charset=utf-8
cache-control: no-cache
content-length: 88

[DEBUG] Adding key: http://localhost:2690 for channel [id: 0xe5765420, L:/127.0.0.1:59515 - R:localhost/127.0.0.1:2690]
[DEBUG] Using pooled Channel '[id: 0xe5765420, L:/127.0.0.1:59515 - R:localhost/127.0.0.1:2690]' for 'GET' to 'http://localhost:2690/session/1d17cba2db6a7aededa6c8addbfcc1f0/element/d3ae005c-558c-4d5f-91cb-c30555cd65f0/text'
[DEBUG] Using open Channel [id: 0xe5765420, L:/127.0.0.1:59515 - R:localhost/127.0.0.1:2690] for GET '/session/1d17cba2db6a7aededa6c8addbfcc1f0/element/d3ae005c-558c-4d5f-91cb-c30555cd65f0/text'
[DEBUG] 

Request DefaultFullHttpRequest(decodeResult: success, version: HTTP/1.1, content: EmptyByteBufBE)
GET /session/1d17cba2db6a7aededa6c8addbfcc1f0/element/d3ae005c-558c-4d5f-91cb-c30555cd65f0/text HTTP/1.1
User-Agent: selenium/4.6.0 (java windows)
Cache-Control: no-cache
Content-Type: application/json; charset=utf-8
host: localhost:2690
accept: */*

Response DefaultHttpResponse(decodeResult: success, version: HTTP/1.1)
HTTP/1.1 200 OK
Content-Type: application/json; charset=utf-8
cache-control: no-cache
content-length: 28

[DEBUG] Adding key: http://localhost:2690 for channel [id: 0xe5765420, L:/127.0.0.1:59515 - R:localhost/127.0.0.1:2690]
[DEBUG] Using pooled Channel '[id: 0xe5765420, L:/127.0.0.1:59515 - R:localhost/127.0.0.1:2690]' for 'POST' to 'http://localhost:2690/session/1d17cba2db6a7aededa6c8addbfcc1f0/element'
[DEBUG] Using open Channel [id: 0xe5765420, L:/127.0.0.1:59515 - R:localhost/127.0.0.1:2690] for POST '/session/1d17cba2db6a7aededa6c8addbfcc1f0/element'
[DEBUG] 

Request DefaultHttpRequest(decodeResult: success, version: HTTP/1.1)
POST /session/1d17cba2db6a7aededa6c8addbfcc1f0/element HTTP/1.1
User-Agent: selenium/4.6.0 (java windows)
Content-Length: 129
Content-Type: application/json; charset=utf-8
host: localhost:2690
accept: */*

Response DefaultHttpResponse(decodeResult: success, version: HTTP/1.1)
HTTP/1.1 200 OK
Content-Type: application/json; charset=utf-8
cache-control: no-cache
content-length: 88

[DEBUG] Adding key: http://localhost:2690 for channel [id: 0xe5765420, L:/127.0.0.1:59515 - R:localhost/127.0.0.1:2690]
[DEBUG] Using pooled Channel '[id: 0xe5765420, L:/127.0.0.1:59515 - R:localhost/127.0.0.1:2690]' for 'GET' to 'http://localhost:2690/session/1d17cba2db6a7aededa6c8addbfcc1f0/element/5920553d-4eb2-4d53-90d2-9758dace1ca2/text'
[DEBUG] Using open Channel [id: 0xe5765420, L:/127.0.0.1:59515 - R:localhost/127.0.0.1:2690] for GET '/session/1d17cba2db6a7aededa6c8addbfcc1f0/element/5920553d-4eb2-4d53-90d2-9758dace1ca2/text'
[DEBUG] 

Request DefaultFullHttpRequest(decodeResult: success, version: HTTP/1.1, content: EmptyByteBufBE)
GET /session/1d17cba2db6a7aededa6c8addbfcc1f0/element/5920553d-4eb2-4d53-90d2-9758dace1ca2/text HTTP/1.1
User-Agent: selenium/4.6.0 (java windows)
Cache-Control: no-cache
Content-Type: application/json; charset=utf-8
host: localhost:2690
accept: */*

Response DefaultHttpResponse(decodeResult: success, version: HTTP/1.1)
HTTP/1.1 200 OK
Content-Type: application/json; charset=utf-8
cache-control: no-cache
content-length: 23

[DEBUG] Adding key: http://localhost:2690 for channel [id: 0xe5765420, L:/127.0.0.1:59515 - R:localhost/127.0.0.1:2690]
[DEBUG] Using pooled Channel '[id: 0xe5765420, L:/127.0.0.1:59515 - R:localhost/127.0.0.1:2690]' for 'POST' to 'http://localhost:2690/session/1d17cba2db6a7aededa6c8addbfcc1f0/element'
[DEBUG] Using open Channel [id: 0xe5765420, L:/127.0.0.1:59515 - R:localhost/127.0.0.1:2690] for POST '/session/1d17cba2db6a7aededa6c8addbfcc1f0/element'
[DEBUG] 

Request DefaultHttpRequest(decodeResult: success, version: HTTP/1.1)
POST /session/1d17cba2db6a7aededa6c8addbfcc1f0/element HTTP/1.1
User-Agent: selenium/4.6.0 (java windows)
Content-Length: 129
Content-Type: application/json; charset=utf-8
host: localhost:2690
accept: */*

Response DefaultHttpResponse(decodeResult: success, version: HTTP/1.1)
HTTP/1.1 200 OK
Content-Type: application/json; charset=utf-8
cache-control: no-cache
content-length: 88

[DEBUG] Adding key: http://localhost:2690 for channel [id: 0xe5765420, L:/127.0.0.1:59515 - R:localhost/127.0.0.1:2690]
[DEBUG] Using pooled Channel '[id: 0xe5765420, L:/127.0.0.1:59515 - R:localhost/127.0.0.1:2690]' for 'GET' to 'http://localhost:2690/session/1d17cba2db6a7aededa6c8addbfcc1f0/element/f2ebcc89-91b3-4556-80d1-d0a450586c49/text'
[DEBUG] Using open Channel [id: 0xe5765420, L:/127.0.0.1:59515 - R:localhost/127.0.0.1:2690] for GET '/session/1d17cba2db6a7aededa6c8addbfcc1f0/element/f2ebcc89-91b3-4556-80d1-d0a450586c49/text'
[DEBUG] 

Request DefaultFullHttpRequest(decodeResult: success, version: HTTP/1.1, content: EmptyByteBufBE)
GET /session/1d17cba2db6a7aededa6c8addbfcc1f0/element/f2ebcc89-91b3-4556-80d1-d0a450586c49/text HTTP/1.1
User-Agent: selenium/4.6.0 (java windows)
Cache-Control: no-cache
Content-Type: application/json; charset=utf-8
host: localhost:2690
accept: */*

Response DefaultHttpResponse(decodeResult: success, version: HTTP/1.1)
HTTP/1.1 200 OK
Content-Type: application/json; charset=utf-8
cache-control: no-cache
content-length: 19

[DEBUG] Adding key: http://localhost:2690 for channel [id: 0xe5765420, L:/127.0.0.1:59515 - R:localhost/127.0.0.1:2690]
[DEBUG] Using pooled Channel '[id: 0xe5765420, L:/127.0.0.1:59515 - R:localhost/127.0.0.1:2690]' for 'POST' to 'http://localhost:2690/session/1d17cba2db6a7aededa6c8addbfcc1f0/element'
[DEBUG] Using open Channel [id: 0xe5765420, L:/127.0.0.1:59515 - R:localhost/127.0.0.1:2690] for POST '/session/1d17cba2db6a7aededa6c8addbfcc1f0/element'
[DEBUG] 

Request DefaultHttpRequest(decodeResult: success, version: HTTP/1.1)
POST /session/1d17cba2db6a7aededa6c8addbfcc1f0/element HTTP/1.1
User-Agent: selenium/4.6.0 (java windows)
Content-Length: 129
Content-Type: application/json; charset=utf-8
host: localhost:2690
accept: */*

Response DefaultHttpResponse(decodeResult: success, version: HTTP/1.1)
HTTP/1.1 200 OK
Content-Type: application/json; charset=utf-8
cache-control: no-cache
content-length: 88

[DEBUG] Adding key: http://localhost:2690 for channel [id: 0xe5765420, L:/127.0.0.1:59515 - R:localhost/127.0.0.1:2690]
[DEBUG] Using pooled Channel '[id: 0xe5765420, L:/127.0.0.1:59515 - R:localhost/127.0.0.1:2690]' for 'GET' to 'http://localhost:2690/session/1d17cba2db6a7aededa6c8addbfcc1f0/element/e5d6aaa9-b7e3-4f7a-a955-4f257dc03d2e/text'
[DEBUG] Using open Channel [id: 0xe5765420, L:/127.0.0.1:59515 - R:localhost/127.0.0.1:2690] for GET '/session/1d17cba2db6a7aededa6c8addbfcc1f0/element/e5d6aaa9-b7e3-4f7a-a955-4f257dc03d2e/text'
[DEBUG] 

Request DefaultFullHttpRequest(decodeResult: success, version: HTTP/1.1, content: EmptyByteBufBE)
GET /session/1d17cba2db6a7aededa6c8addbfcc1f0/element/e5d6aaa9-b7e3-4f7a-a955-4f257dc03d2e/text HTTP/1.1
User-Agent: selenium/4.6.0 (java windows)
Cache-Control: no-cache
Content-Type: application/json; charset=utf-8
host: localhost:2690
accept: */*

Response DefaultHttpResponse(decodeResult: success, version: HTTP/1.1)
HTTP/1.1 200 OK
Content-Type: application/json; charset=utf-8
cache-control: no-cache
content-length: 28

[DEBUG] Adding key: http://localhost:2690 for channel [id: 0xe5765420, L:/127.0.0.1:59515 - R:localhost/127.0.0.1:2690]
[DEBUG] Using pooled Channel '[id: 0xe5765420, L:/127.0.0.1:59515 - R:localhost/127.0.0.1:2690]' for 'POST' to 'http://localhost:2690/session/1d17cba2db6a7aededa6c8addbfcc1f0/element'
[DEBUG] Using open Channel [id: 0xe5765420, L:/127.0.0.1:59515 - R:localhost/127.0.0.1:2690] for POST '/session/1d17cba2db6a7aededa6c8addbfcc1f0/element'
[DEBUG] 

Request DefaultHttpRequest(decodeResult: success, version: HTTP/1.1)
POST /session/1d17cba2db6a7aededa6c8addbfcc1f0/element HTTP/1.1
User-Agent: selenium/4.6.0 (java windows)
Content-Length: 129
Content-Type: application/json; charset=utf-8
host: localhost:2690
accept: */*

Response DefaultHttpResponse(decodeResult: success, version: HTTP/1.1)
HTTP/1.1 200 OK
Content-Type: application/json; charset=utf-8
cache-control: no-cache
content-length: 88

[DEBUG] Adding key: http://localhost:2690 for channel [id: 0xe5765420, L:/127.0.0.1:59515 - R:localhost/127.0.0.1:2690]
[DEBUG] Using pooled Channel '[id: 0xe5765420, L:/127.0.0.1:59515 - R:localhost/127.0.0.1:2690]' for 'GET' to 'http://localhost:2690/session/1d17cba2db6a7aededa6c8addbfcc1f0/element/9ba794c0-4d29-461c-a322-e4b1d52e5f22/text'
[DEBUG] Using open Channel [id: 0xe5765420, L:/127.0.0.1:59515 - R:localhost/127.0.0.1:2690] for GET '/session/1d17cba2db6a7aededa6c8addbfcc1f0/element/9ba794c0-4d29-461c-a322-e4b1d52e5f22/text'
[DEBUG] 

Request DefaultFullHttpRequest(decodeResult: success, version: HTTP/1.1, content: EmptyByteBufBE)
GET /session/1d17cba2db6a7aededa6c8addbfcc1f0/element/9ba794c0-4d29-461c-a322-e4b1d52e5f22/text HTTP/1.1
User-Agent: selenium/4.6.0 (java windows)
Cache-Control: no-cache
Content-Type: application/json; charset=utf-8
host: localhost:2690
accept: */*

Response DefaultHttpResponse(decodeResult: success, version: HTTP/1.1)
HTTP/1.1 200 OK
Content-Type: application/json; charset=utf-8
cache-control: no-cache
content-length: 26

[DEBUG] Adding key: http://localhost:2690 for channel [id: 0xe5765420, L:/127.0.0.1:59515 - R:localhost/127.0.0.1:2690]
[DEBUG] Using pooled Channel '[id: 0xe5765420, L:/127.0.0.1:59515 - R:localhost/127.0.0.1:2690]' for 'POST' to 'http://localhost:2690/session/1d17cba2db6a7aededa6c8addbfcc1f0/element'
[DEBUG] Using open Channel [id: 0xe5765420, L:/127.0.0.1:59515 - R:localhost/127.0.0.1:2690] for POST '/session/1d17cba2db6a7aededa6c8addbfcc1f0/element'
[DEBUG] 

Request DefaultHttpRequest(decodeResult: success, version: HTTP/1.1)
POST /session/1d17cba2db6a7aededa6c8addbfcc1f0/element HTTP/1.1
User-Agent: selenium/4.6.0 (java windows)
Content-Length: 129
Content-Type: application/json; charset=utf-8
host: localhost:2690
accept: */*

Response DefaultHttpResponse(decodeResult: success, version: HTTP/1.1)
HTTP/1.1 200 OK
Content-Type: application/json; charset=utf-8
cache-control: no-cache
content-length: 88

[DEBUG] Adding key: http://localhost:2690 for channel [id: 0xe5765420, L:/127.0.0.1:59515 - R:localhost/127.0.0.1:2690]
[DEBUG] Using pooled Channel '[id: 0xe5765420, L:/127.0.0.1:59515 - R:localhost/127.0.0.1:2690]' for 'GET' to 'http://localhost:2690/session/1d17cba2db6a7aededa6c8addbfcc1f0/element/cb707684-ae4a-4161-814b-0389fe745cdf/text'
[DEBUG] Using open Channel [id: 0xe5765420, L:/127.0.0.1:59515 - R:localhost/127.0.0.1:2690] for GET '/session/1d17cba2db6a7aededa6c8addbfcc1f0/element/cb707684-ae4a-4161-814b-0389fe745cdf/text'
[DEBUG] 

Request DefaultFullHttpRequest(decodeResult: success, version: HTTP/1.1, content: EmptyByteBufBE)
GET /session/1d17cba2db6a7aededa6c8addbfcc1f0/element/cb707684-ae4a-4161-814b-0389fe745cdf/text HTTP/1.1
User-Agent: selenium/4.6.0 (java windows)
Cache-Control: no-cache
Content-Type: application/json; charset=utf-8
host: localhost:2690
accept: */*

Response DefaultHttpResponse(decodeResult: success, version: HTTP/1.1)
HTTP/1.1 200 OK
Content-Type: application/json; charset=utf-8
cache-control: no-cache
content-length: 23

[DEBUG] Adding key: http://localhost:2690 for channel [id: 0xe5765420, L:/127.0.0.1:59515 - R:localhost/127.0.0.1:2690]
[DEBUG] Using pooled Channel '[id: 0xe5765420, L:/127.0.0.1:59515 - R:localhost/127.0.0.1:2690]' for 'POST' to 'http://localhost:2690/session/1d17cba2db6a7aededa6c8addbfcc1f0/element'
[DEBUG] Using open Channel [id: 0xe5765420, L:/127.0.0.1:59515 - R:localhost/127.0.0.1:2690] for POST '/session/1d17cba2db6a7aededa6c8addbfcc1f0/element'
[DEBUG] 

Request DefaultHttpRequest(decodeResult: success, version: HTTP/1.1)
POST /session/1d17cba2db6a7aededa6c8addbfcc1f0/element HTTP/1.1
User-Agent: selenium/4.6.0 (java windows)
Content-Length: 129
Content-Type: application/json; charset=utf-8
host: localhost:2690
accept: */*

Response DefaultHttpResponse(decodeResult: success, version: HTTP/1.1)
HTTP/1.1 200 OK
Content-Type: application/json; charset=utf-8
cache-control: no-cache
content-length: 88

[DEBUG] Adding key: http://localhost:2690 for channel [id: 0xe5765420, L:/127.0.0.1:59515 - R:localhost/127.0.0.1:2690]
[DEBUG] Using pooled Channel '[id: 0xe5765420, L:/127.0.0.1:59515 - R:localhost/127.0.0.1:2690]' for 'GET' to 'http://localhost:2690/session/1d17cba2db6a7aededa6c8addbfcc1f0/element/5af0a85e-db7d-4853-8ded-92dd122d3de1/text'
[DEBUG] Using open Channel [id: 0xe5765420, L:/127.0.0.1:59515 - R:localhost/127.0.0.1:2690] for GET '/session/1d17cba2db6a7aededa6c8addbfcc1f0/element/5af0a85e-db7d-4853-8ded-92dd122d3de1/text'
[DEBUG] 

Request DefaultFullHttpRequest(decodeResult: success, version: HTTP/1.1, content: EmptyByteBufBE)
GET /session/1d17cba2db6a7aededa6c8addbfcc1f0/element/5af0a85e-db7d-4853-8ded-92dd122d3de1/text HTTP/1.1
User-Agent: selenium/4.6.0 (java windows)
Cache-Control: no-cache
Content-Type: application/json; charset=utf-8
host: localhost:2690
accept: */*

Response DefaultHttpResponse(decodeResult: success, version: HTTP/1.1)
HTTP/1.1 200 OK
Content-Type: application/json; charset=utf-8
cache-control: no-cache
content-length: 18

[DEBUG] Adding key: http://localhost:2690 for channel [id: 0xe5765420, L:/127.0.0.1:59515 - R:localhost/127.0.0.1:2690]
[DEBUG] Using pooled Channel '[id: 0xe5765420, L:/127.0.0.1:59515 - R:localhost/127.0.0.1:2690]' for 'POST' to 'http://localhost:2690/session/1d17cba2db6a7aededa6c8addbfcc1f0/element'
[DEBUG] Using open Channel [id: 0xe5765420, L:/127.0.0.1:59515 - R:localhost/127.0.0.1:2690] for POST '/session/1d17cba2db6a7aededa6c8addbfcc1f0/element'
[DEBUG] 

Request DefaultHttpRequest(decodeResult: success, version: HTTP/1.1)
POST /session/1d17cba2db6a7aededa6c8addbfcc1f0/element HTTP/1.1
User-Agent: selenium/4.6.0 (java windows)
Content-Length: 129
Content-Type: application/json; charset=utf-8
host: localhost:2690
accept: */*

Response DefaultHttpResponse(decodeResult: success, version: HTTP/1.1)
HTTP/1.1 200 OK
Content-Type: application/json; charset=utf-8
cache-control: no-cache
content-length: 88

[DEBUG] Adding key: http://localhost:2690 for channel [id: 0xe5765420, L:/127.0.0.1:59515 - R:localhost/127.0.0.1:2690]
[DEBUG] Using pooled Channel '[id: 0xe5765420, L:/127.0.0.1:59515 - R:localhost/127.0.0.1:2690]' for 'GET' to 'http://localhost:2690/session/1d17cba2db6a7aededa6c8addbfcc1f0/element/8485053a-c9b8-4926-843d-11bffd47174f/text'
[DEBUG] Using open Channel [id: 0xe5765420, L:/127.0.0.1:59515 - R:localhost/127.0.0.1:2690] for GET '/session/1d17cba2db6a7aededa6c8addbfcc1f0/element/8485053a-c9b8-4926-843d-11bffd47174f/text'
[DEBUG] 

Request DefaultFullHttpRequest(decodeResult: success, version: HTTP/1.1, content: EmptyByteBufBE)
GET /session/1d17cba2db6a7aededa6c8addbfcc1f0/element/8485053a-c9b8-4926-843d-11bffd47174f/text HTTP/1.1
User-Agent: selenium/4.6.0 (java windows)
Cache-Control: no-cache
Content-Type: application/json; charset=utf-8
host: localhost:2690
accept: */*

Response DefaultHttpResponse(decodeResult: success, version: HTTP/1.1)
HTTP/1.1 200 OK
Content-Type: application/json; charset=utf-8
cache-control: no-cache
content-length: 33

[DEBUG] Adding key: http://localhost:2690 for channel [id: 0xe5765420, L:/127.0.0.1:59515 - R:localhost/127.0.0.1:2690]
[DEBUG] Using pooled Channel '[id: 0xe5765420, L:/127.0.0.1:59515 - R:localhost/127.0.0.1:2690]' for 'POST' to 'http://localhost:2690/session/1d17cba2db6a7aededa6c8addbfcc1f0/element'
[DEBUG] Using open Channel [id: 0xe5765420, L:/127.0.0.1:59515 - R:localhost/127.0.0.1:2690] for POST '/session/1d17cba2db6a7aededa6c8addbfcc1f0/element'
[DEBUG] 

Request DefaultHttpRequest(decodeResult: success, version: HTTP/1.1)
POST /session/1d17cba2db6a7aededa6c8addbfcc1f0/element HTTP/1.1
User-Agent: selenium/4.6.0 (java windows)
Content-Length: 129
Content-Type: application/json; charset=utf-8
host: localhost:2690
accept: */*

Response DefaultHttpResponse(decodeResult: success, version: HTTP/1.1)
HTTP/1.1 200 OK
Content-Type: application/json; charset=utf-8
cache-control: no-cache
content-length: 88

[DEBUG] Adding key: http://localhost:2690 for channel [id: 0xe5765420, L:/127.0.0.1:59515 - R:localhost/127.0.0.1:2690]
[DEBUG] Using pooled Channel '[id: 0xe5765420, L:/127.0.0.1:59515 - R:localhost/127.0.0.1:2690]' for 'GET' to 'http://localhost:2690/session/1d17cba2db6a7aededa6c8addbfcc1f0/element/735cb8bc-43f8-4451-a723-732dec7759c1/text'
[DEBUG] Using open Channel [id: 0xe5765420, L:/127.0.0.1:59515 - R:localhost/127.0.0.1:2690] for GET '/session/1d17cba2db6a7aededa6c8addbfcc1f0/element/735cb8bc-43f8-4451-a723-732dec7759c1/text'
[DEBUG] 

Request DefaultFullHttpRequest(decodeResult: success, version: HTTP/1.1, content: EmptyByteBufBE)
GET /session/1d17cba2db6a7aededa6c8addbfcc1f0/element/735cb8bc-43f8-4451-a723-732dec7759c1/text HTTP/1.1
User-Agent: selenium/4.6.0 (java windows)
Cache-Control: no-cache
Content-Type: application/json; charset=utf-8
host: localhost:2690
accept: */*

Response DefaultHttpResponse(decodeResult: success, version: HTTP/1.1)
HTTP/1.1 200 OK
Content-Type: application/json; charset=utf-8
cache-control: no-cache
content-length: 28

[DEBUG] Adding key: http://localhost:2690 for channel [id: 0xe5765420, L:/127.0.0.1:59515 - R:localhost/127.0.0.1:2690]
[DEBUG] Using pooled Channel '[id: 0xe5765420, L:/127.0.0.1:59515 - R:localhost/127.0.0.1:2690]' for 'POST' to 'http://localhost:2690/session/1d17cba2db6a7aededa6c8addbfcc1f0/element'
[DEBUG] Using open Channel [id: 0xe5765420, L:/127.0.0.1:59515 - R:localhost/127.0.0.1:2690] for POST '/session/1d17cba2db6a7aededa6c8addbfcc1f0/element'
[DEBUG] 

Request DefaultHttpRequest(decodeResult: success, version: HTTP/1.1)
POST /session/1d17cba2db6a7aededa6c8addbfcc1f0/element HTTP/1.1
User-Agent: selenium/4.6.0 (java windows)
Content-Length: 129
Content-Type: application/json; charset=utf-8
host: localhost:2690
accept: */*

Response DefaultHttpResponse(decodeResult: success, version: HTTP/1.1)
HTTP/1.1 200 OK
Content-Type: application/json; charset=utf-8
cache-control: no-cache
content-length: 88

[DEBUG] Adding key: http://localhost:2690 for channel [id: 0xe5765420, L:/127.0.0.1:59515 - R:localhost/127.0.0.1:2690]
[DEBUG] Using pooled Channel '[id: 0xe5765420, L:/127.0.0.1:59515 - R:localhost/127.0.0.1:2690]' for 'GET' to 'http://localhost:2690/session/1d17cba2db6a7aededa6c8addbfcc1f0/element/85663c91-0c55-4e81-9dfd-ac48bde23364/text'
[DEBUG] Using open Channel [id: 0xe5765420, L:/127.0.0.1:59515 - R:localhost/127.0.0.1:2690] for GET '/session/1d17cba2db6a7aededa6c8addbfcc1f0/element/85663c91-0c55-4e81-9dfd-ac48bde23364/text'
[DEBUG] 

Request DefaultFullHttpRequest(decodeResult: success, version: HTTP/1.1, content: EmptyByteBufBE)
GET /session/1d17cba2db6a7aededa6c8addbfcc1f0/element/85663c91-0c55-4e81-9dfd-ac48bde23364/text HTTP/1.1
User-Agent: selenium/4.6.0 (java windows)
Cache-Control: no-cache
Content-Type: application/json; charset=utf-8
host: localhost:2690
accept: */*

Response DefaultHttpResponse(decodeResult: success, version: HTTP/1.1)
HTTP/1.1 200 OK
Content-Type: application/json; charset=utf-8
cache-control: no-cache
content-length: 23

[DEBUG] Adding key: http://localhost:2690 for channel [id: 0xe5765420, L:/127.0.0.1:59515 - R:localhost/127.0.0.1:2690]
[DEBUG] Using pooled Channel '[id: 0xe5765420, L:/127.0.0.1:59515 - R:localhost/127.0.0.1:2690]' for 'POST' to 'http://localhost:2690/session/1d17cba2db6a7aededa6c8addbfcc1f0/element'
[DEBUG] Using open Channel [id: 0xe5765420, L:/127.0.0.1:59515 - R:localhost/127.0.0.1:2690] for POST '/session/1d17cba2db6a7aededa6c8addbfcc1f0/element'
[DEBUG] 

Request DefaultHttpRequest(decodeResult: success, version: HTTP/1.1)
POST /session/1d17cba2db6a7aededa6c8addbfcc1f0/element HTTP/1.1
User-Agent: selenium/4.6.0 (java windows)
Content-Length: 129
Content-Type: application/json; charset=utf-8
host: localhost:2690
accept: */*

Response DefaultHttpResponse(decodeResult: success, version: HTTP/1.1)
HTTP/1.1 200 OK
Content-Type: application/json; charset=utf-8
cache-control: no-cache
content-length: 88

[DEBUG] Adding key: http://localhost:2690 for channel [id: 0xe5765420, L:/127.0.0.1:59515 - R:localhost/127.0.0.1:2690]
[DEBUG] Using pooled Channel '[id: 0xe5765420, L:/127.0.0.1:59515 - R:localhost/127.0.0.1:2690]' for 'GET' to 'http://localhost:2690/session/1d17cba2db6a7aededa6c8addbfcc1f0/element/d2e516f1-14af-42e2-ad1a-ff001ccdad66/text'
[DEBUG] Using open Channel [id: 0xe5765420, L:/127.0.0.1:59515 - R:localhost/127.0.0.1:2690] for GET '/session/1d17cba2db6a7aededa6c8addbfcc1f0/element/d2e516f1-14af-42e2-ad1a-ff001ccdad66/text'
[DEBUG] 

Request DefaultFullHttpRequest(decodeResult: success, version: HTTP/1.1, content: EmptyByteBufBE)
GET /session/1d17cba2db6a7aededa6c8addbfcc1f0/element/d2e516f1-14af-42e2-ad1a-ff001ccdad66/text HTTP/1.1
User-Agent: selenium/4.6.0 (java windows)
Cache-Control: no-cache
Content-Type: application/json; charset=utf-8
host: localhost:2690
accept: */*

Response DefaultHttpResponse(decodeResult: success, version: HTTP/1.1)
HTTP/1.1 200 OK
Content-Type: application/json; charset=utf-8
cache-control: no-cache
content-length: 18

[DEBUG] Adding key: http://localhost:2690 for channel [id: 0xe5765420, L:/127.0.0.1:59515 - R:localhost/127.0.0.1:2690]
[DEBUG] Using pooled Channel '[id: 0xe5765420, L:/127.0.0.1:59515 - R:localhost/127.0.0.1:2690]' for 'POST' to 'http://localhost:2690/session/1d17cba2db6a7aededa6c8addbfcc1f0/element'
[DEBUG] Using open Channel [id: 0xe5765420, L:/127.0.0.1:59515 - R:localhost/127.0.0.1:2690] for POST '/session/1d17cba2db6a7aededa6c8addbfcc1f0/element'
[DEBUG] 

Request DefaultHttpRequest(decodeResult: success, version: HTTP/1.1)
POST /session/1d17cba2db6a7aededa6c8addbfcc1f0/element HTTP/1.1
User-Agent: selenium/4.6.0 (java windows)
Content-Length: 129
Content-Type: application/json; charset=utf-8
host: localhost:2690
accept: */*

Response DefaultHttpResponse(decodeResult: success, version: HTTP/1.1)
HTTP/1.1 200 OK
Content-Type: application/json; charset=utf-8
cache-control: no-cache
content-length: 88

[DEBUG] Adding key: http://localhost:2690 for channel [id: 0xe5765420, L:/127.0.0.1:59515 - R:localhost/127.0.0.1:2690]
[DEBUG] Using pooled Channel '[id: 0xe5765420, L:/127.0.0.1:59515 - R:localhost/127.0.0.1:2690]' for 'GET' to 'http://localhost:2690/session/1d17cba2db6a7aededa6c8addbfcc1f0/element/8f2cf9ca-a616-4f6f-8662-127fff985d8a/text'
[DEBUG] Using open Channel [id: 0xe5765420, L:/127.0.0.1:59515 - R:localhost/127.0.0.1:2690] for GET '/session/1d17cba2db6a7aededa6c8addbfcc1f0/element/8f2cf9ca-a616-4f6f-8662-127fff985d8a/text'
[DEBUG] 

Request DefaultFullHttpRequest(decodeResult: success, version: HTTP/1.1, content: EmptyByteBufBE)
GET /session/1d17cba2db6a7aededa6c8addbfcc1f0/element/8f2cf9ca-a616-4f6f-8662-127fff985d8a/text HTTP/1.1
User-Agent: selenium/4.6.0 (java windows)
Cache-Control: no-cache
Content-Type: application/json; charset=utf-8
host: localhost:2690
accept: */*

Response DefaultHttpResponse(decodeResult: success, version: HTTP/1.1)
HTTP/1.1 200 OK
Content-Type: application/json; charset=utf-8
cache-control: no-cache
content-length: 22

[DEBUG] Adding key: http://localhost:2690 for channel [id: 0xe5765420, L:/127.0.0.1:59515 - R:localhost/127.0.0.1:2690]
[DEBUG] Using pooled Channel '[id: 0xe5765420, L:/127.0.0.1:59515 - R:localhost/127.0.0.1:2690]' for 'POST' to 'http://localhost:2690/session/1d17cba2db6a7aededa6c8addbfcc1f0/element'
[DEBUG] Using open Channel [id: 0xe5765420, L:/127.0.0.1:59515 - R:localhost/127.0.0.1:2690] for POST '/session/1d17cba2db6a7aededa6c8addbfcc1f0/element'
[DEBUG] 

Request DefaultHttpRequest(decodeResult: success, version: HTTP/1.1)
POST /session/1d17cba2db6a7aededa6c8addbfcc1f0/element HTTP/1.1
User-Agent: selenium/4.6.0 (java windows)
Content-Length: 129
Content-Type: application/json; charset=utf-8
host: localhost:2690
accept: */*

Response DefaultHttpResponse(decodeResult: success, version: HTTP/1.1)
HTTP/1.1 200 OK
Content-Type: application/json; charset=utf-8
cache-control: no-cache
content-length: 88

[DEBUG] Adding key: http://localhost:2690 for channel [id: 0xe5765420, L:/127.0.0.1:59515 - R:localhost/127.0.0.1:2690]
[DEBUG] Using pooled Channel '[id: 0xe5765420, L:/127.0.0.1:59515 - R:localhost/127.0.0.1:2690]' for 'GET' to 'http://localhost:2690/session/1d17cba2db6a7aededa6c8addbfcc1f0/element/5f0cd3fe-8809-4612-acd1-e5633d841e5a/text'
[DEBUG] Using open Channel [id: 0xe5765420, L:/127.0.0.1:59515 - R:localhost/127.0.0.1:2690] for GET '/session/1d17cba2db6a7aededa6c8addbfcc1f0/element/5f0cd3fe-8809-4612-acd1-e5633d841e5a/text'
[DEBUG] 

Request DefaultFullHttpRequest(decodeResult: success, version: HTTP/1.1, content: EmptyByteBufBE)
GET /session/1d17cba2db6a7aededa6c8addbfcc1f0/element/5f0cd3fe-8809-4612-acd1-e5633d841e5a/text HTTP/1.1
User-Agent: selenium/4.6.0 (java windows)
Cache-Control: no-cache
Content-Type: application/json; charset=utf-8
host: localhost:2690
accept: */*

Response DefaultHttpResponse(decodeResult: success, version: HTTP/1.1)
HTTP/1.1 200 OK
Content-Type: application/json; charset=utf-8
cache-control: no-cache
content-length: 26

[DEBUG] Adding key: http://localhost:2690 for channel [id: 0xe5765420, L:/127.0.0.1:59515 - R:localhost/127.0.0.1:2690]
[DEBUG] Using pooled Channel '[id: 0xe5765420, L:/127.0.0.1:59515 - R:localhost/127.0.0.1:2690]' for 'POST' to 'http://localhost:2690/session/1d17cba2db6a7aededa6c8addbfcc1f0/element'
[DEBUG] Using open Channel [id: 0xe5765420, L:/127.0.0.1:59515 - R:localhost/127.0.0.1:2690] for POST '/session/1d17cba2db6a7aededa6c8addbfcc1f0/element'
[DEBUG] 

Request DefaultHttpRequest(decodeResult: success, version: HTTP/1.1)
POST /session/1d17cba2db6a7aededa6c8addbfcc1f0/element HTTP/1.1
User-Agent: selenium/4.6.0 (java windows)
Content-Length: 129
Content-Type: application/json; charset=utf-8
host: localhost:2690
accept: */*

Response DefaultHttpResponse(decodeResult: success, version: HTTP/1.1)
HTTP/1.1 200 OK
Content-Type: application/json; charset=utf-8
cache-control: no-cache
content-length: 88

[DEBUG] Adding key: http://localhost:2690 for channel [id: 0xe5765420, L:/127.0.0.1:59515 - R:localhost/127.0.0.1:2690]
[DEBUG] Using pooled Channel '[id: 0xe5765420, L:/127.0.0.1:59515 - R:localhost/127.0.0.1:2690]' for 'GET' to 'http://localhost:2690/session/1d17cba2db6a7aededa6c8addbfcc1f0/element/071405ed-5ccd-40e9-aeb2-71717ebe578a/text'
[DEBUG] Using open Channel [id: 0xe5765420, L:/127.0.0.1:59515 - R:localhost/127.0.0.1:2690] for GET '/session/1d17cba2db6a7aededa6c8addbfcc1f0/element/071405ed-5ccd-40e9-aeb2-71717ebe578a/text'
[DEBUG] 

Request DefaultFullHttpRequest(decodeResult: success, version: HTTP/1.1, content: EmptyByteBufBE)
GET /session/1d17cba2db6a7aededa6c8addbfcc1f0/element/071405ed-5ccd-40e9-aeb2-71717ebe578a/text HTTP/1.1
User-Agent: selenium/4.6.0 (java windows)
Cache-Control: no-cache
Content-Type: application/json; charset=utf-8
host: localhost:2690
accept: */*

Response DefaultHttpResponse(decodeResult: success, version: HTTP/1.1)
HTTP/1.1 200 OK
Content-Type: application/json; charset=utf-8
cache-control: no-cache
content-length: 23

[DEBUG] Adding key: http://localhost:2690 for channel [id: 0xe5765420, L:/127.0.0.1:59515 - R:localhost/127.0.0.1:2690]
[DEBUG] Using pooled Channel '[id: 0xe5765420, L:/127.0.0.1:59515 - R:localhost/127.0.0.1:2690]' for 'POST' to 'http://localhost:2690/session/1d17cba2db6a7aededa6c8addbfcc1f0/element'
[DEBUG] Using open Channel [id: 0xe5765420, L:/127.0.0.1:59515 - R:localhost/127.0.0.1:2690] for POST '/session/1d17cba2db6a7aededa6c8addbfcc1f0/element'
[DEBUG] 

Request DefaultHttpRequest(decodeResult: success, version: HTTP/1.1)
POST /session/1d17cba2db6a7aededa6c8addbfcc1f0/element HTTP/1.1
User-Agent: selenium/4.6.0 (java windows)
Content-Length: 129
Content-Type: application/json; charset=utf-8
host: localhost:2690
accept: */*

Response DefaultHttpResponse(decodeResult: success, version: HTTP/1.1)
HTTP/1.1 200 OK
Content-Type: application/json; charset=utf-8
cache-control: no-cache
content-length: 88

[DEBUG] Adding key: http://localhost:2690 for channel [id: 0xe5765420, L:/127.0.0.1:59515 - R:localhost/127.0.0.1:2690]
[DEBUG] Using pooled Channel '[id: 0xe5765420, L:/127.0.0.1:59515 - R:localhost/127.0.0.1:2690]' for 'GET' to 'http://localhost:2690/session/1d17cba2db6a7aededa6c8addbfcc1f0/element/de26984a-0a45-47f0-97eb-74f71de612f3/text'
[DEBUG] Using open Channel [id: 0xe5765420, L:/127.0.0.1:59515 - R:localhost/127.0.0.1:2690] for GET '/session/1d17cba2db6a7aededa6c8addbfcc1f0/element/de26984a-0a45-47f0-97eb-74f71de612f3/text'
[DEBUG] 

Request DefaultFullHttpRequest(decodeResult: success, version: HTTP/1.1, content: EmptyByteBufBE)
GET /session/1d17cba2db6a7aededa6c8addbfcc1f0/element/de26984a-0a45-47f0-97eb-74f71de612f3/text HTTP/1.1
User-Agent: selenium/4.6.0 (java windows)
Cache-Control: no-cache
Content-Type: application/json; charset=utf-8
host: localhost:2690
accept: */*

Response DefaultHttpResponse(decodeResult: success, version: HTTP/1.1)
HTTP/1.1 200 OK
Content-Type: application/json; charset=utf-8
cache-control: no-cache
content-length: 19

[DEBUG] Adding key: http://localhost:2690 for channel [id: 0xe5765420, L:/127.0.0.1:59515 - R:localhost/127.0.0.1:2690]
[DEBUG] Using pooled Channel '[id: 0xe5765420, L:/127.0.0.1:59515 - R:localhost/127.0.0.1:2690]' for 'POST' to 'http://localhost:2690/session/1d17cba2db6a7aededa6c8addbfcc1f0/element'
[DEBUG] Using open Channel [id: 0xe5765420, L:/127.0.0.1:59515 - R:localhost/127.0.0.1:2690] for POST '/session/1d17cba2db6a7aededa6c8addbfcc1f0/element'
[DEBUG] 

Request DefaultHttpRequest(decodeResult: success, version: HTTP/1.1)
POST /session/1d17cba2db6a7aededa6c8addbfcc1f0/element HTTP/1.1
User-Agent: selenium/4.6.0 (java windows)
Content-Length: 129
Content-Type: application/json; charset=utf-8
host: localhost:2690
accept: */*

Response DefaultHttpResponse(decodeResult: success, version: HTTP/1.1)
HTTP/1.1 200 OK
Content-Type: application/json; charset=utf-8
cache-control: no-cache
content-length: 88

[DEBUG] Adding key: http://localhost:2690 for channel [id: 0xe5765420, L:/127.0.0.1:59515 - R:localhost/127.0.0.1:2690]
[DEBUG] Using pooled Channel '[id: 0xe5765420, L:/127.0.0.1:59515 - R:localhost/127.0.0.1:2690]' for 'GET' to 'http://localhost:2690/session/1d17cba2db6a7aededa6c8addbfcc1f0/element/4dc16fc5-5925-491a-865d-c95481f91d22/text'
[DEBUG] Using open Channel [id: 0xe5765420, L:/127.0.0.1:59515 - R:localhost/127.0.0.1:2690] for GET '/session/1d17cba2db6a7aededa6c8addbfcc1f0/element/4dc16fc5-5925-491a-865d-c95481f91d22/text'
[DEBUG] 

Request DefaultFullHttpRequest(decodeResult: success, version: HTTP/1.1, content: EmptyByteBufBE)
GET /session/1d17cba2db6a7aededa6c8addbfcc1f0/element/4dc16fc5-5925-491a-865d-c95481f91d22/text HTTP/1.1
User-Agent: selenium/4.6.0 (java windows)
Cache-Control: no-cache
Content-Type: application/json; charset=utf-8
host: localhost:2690
accept: */*

Response DefaultHttpResponse(decodeResult: success, version: HTTP/1.1)
HTTP/1.1 200 OK
Content-Type: application/json; charset=utf-8
cache-control: no-cache
content-length: 22

[DEBUG] Adding key: http://localhost:2690 for channel [id: 0xe5765420, L:/127.0.0.1:59515 - R:localhost/127.0.0.1:2690]
[DEBUG] Using pooled Channel '[id: 0xe5765420, L:/127.0.0.1:59515 - R:localhost/127.0.0.1:2690]' for 'POST' to 'http://localhost:2690/session/1d17cba2db6a7aededa6c8addbfcc1f0/element'
[DEBUG] Using open Channel [id: 0xe5765420, L:/127.0.0.1:59515 - R:localhost/127.0.0.1:2690] for POST '/session/1d17cba2db6a7aededa6c8addbfcc1f0/element'
[DEBUG] 

Request DefaultHttpRequest(decodeResult: success, version: HTTP/1.1)
POST /session/1d17cba2db6a7aededa6c8addbfcc1f0/element HTTP/1.1
User-Agent: selenium/4.6.0 (java windows)
Content-Length: 129
Content-Type: application/json; charset=utf-8
host: localhost:2690
accept: */*

Response DefaultHttpResponse(decodeResult: success, version: HTTP/1.1)
HTTP/1.1 200 OK
Content-Type: application/json; charset=utf-8
cache-control: no-cache
content-length: 88

[DEBUG] Adding key: http://localhost:2690 for channel [id: 0xe5765420, L:/127.0.0.1:59515 - R:localhost/127.0.0.1:2690]
[DEBUG] Using pooled Channel '[id: 0xe5765420, L:/127.0.0.1:59515 - R:localhost/127.0.0.1:2690]' for 'GET' to 'http://localhost:2690/session/1d17cba2db6a7aededa6c8addbfcc1f0/element/270f6c50-1dbf-4e1f-89d9-49f9c5795232/text'
[DEBUG] Using open Channel [id: 0xe5765420, L:/127.0.0.1:59515 - R:localhost/127.0.0.1:2690] for GET '/session/1d17cba2db6a7aededa6c8addbfcc1f0/element/270f6c50-1dbf-4e1f-89d9-49f9c5795232/text'
[DEBUG] 

Request DefaultFullHttpRequest(decodeResult: success, version: HTTP/1.1, content: EmptyByteBufBE)
GET /session/1d17cba2db6a7aededa6c8addbfcc1f0/element/270f6c50-1dbf-4e1f-89d9-49f9c5795232/text HTTP/1.1
User-Agent: selenium/4.6.0 (java windows)
Cache-Control: no-cache
Content-Type: application/json; charset=utf-8
host: localhost:2690
accept: */*

Response DefaultHttpResponse(decodeResult: success, version: HTTP/1.1)
HTTP/1.1 200 OK
Content-Type: application/json; charset=utf-8
cache-control: no-cache
content-length: 26

[DEBUG] Adding key: http://localhost:2690 for channel [id: 0xe5765420, L:/127.0.0.1:59515 - R:localhost/127.0.0.1:2690]
[DEBUG] Using pooled Channel '[id: 0xe5765420, L:/127.0.0.1:59515 - R:localhost/127.0.0.1:2690]' for 'POST' to 'http://localhost:2690/session/1d17cba2db6a7aededa6c8addbfcc1f0/element'
[DEBUG] Using open Channel [id: 0xe5765420, L:/127.0.0.1:59515 - R:localhost/127.0.0.1:2690] for POST '/session/1d17cba2db6a7aededa6c8addbfcc1f0/element'
[DEBUG] 

Request DefaultHttpRequest(decodeResult: success, version: HTTP/1.1)
POST /session/1d17cba2db6a7aededa6c8addbfcc1f0/element HTTP/1.1
User-Agent: selenium/4.6.0 (java windows)
Content-Length: 129
Content-Type: application/json; charset=utf-8
host: localhost:2690
accept: */*

Response DefaultHttpResponse(decodeResult: success, version: HTTP/1.1)
HTTP/1.1 200 OK
Content-Type: application/json; charset=utf-8
cache-control: no-cache
content-length: 88

[DEBUG] Adding key: http://localhost:2690 for channel [id: 0xe5765420, L:/127.0.0.1:59515 - R:localhost/127.0.0.1:2690]
[DEBUG] Using pooled Channel '[id: 0xe5765420, L:/127.0.0.1:59515 - R:localhost/127.0.0.1:2690]' for 'GET' to 'http://localhost:2690/session/1d17cba2db6a7aededa6c8addbfcc1f0/element/707e27c9-764c-4d6e-8138-1ef018f59d9d/text'
[DEBUG] Using open Channel [id: 0xe5765420, L:/127.0.0.1:59515 - R:localhost/127.0.0.1:2690] for GET '/session/1d17cba2db6a7aededa6c8addbfcc1f0/element/707e27c9-764c-4d6e-8138-1ef018f59d9d/text'
[DEBUG] 

Request DefaultFullHttpRequest(decodeResult: success, version: HTTP/1.1, content: EmptyByteBufBE)
GET /session/1d17cba2db6a7aededa6c8addbfcc1f0/element/707e27c9-764c-4d6e-8138-1ef018f59d9d/text HTTP/1.1
User-Agent: selenium/4.6.0 (java windows)
Cache-Control: no-cache
Content-Type: application/json; charset=utf-8
host: localhost:2690
accept: */*

Response DefaultHttpResponse(decodeResult: success, version: HTTP/1.1)
HTTP/1.1 200 OK
Content-Type: application/json; charset=utf-8
cache-control: no-cache
content-length: 23

[DEBUG] Adding key: http://localhost:2690 for channel [id: 0xe5765420, L:/127.0.0.1:59515 - R:localhost/127.0.0.1:2690]
[DEBUG] Using pooled Channel '[id: 0xe5765420, L:/127.0.0.1:59515 - R:localhost/127.0.0.1:2690]' for 'POST' to 'http://localhost:2690/session/1d17cba2db6a7aededa6c8addbfcc1f0/element'
[DEBUG] Using open Channel [id: 0xe5765420, L:/127.0.0.1:59515 - R:localhost/127.0.0.1:2690] for POST '/session/1d17cba2db6a7aededa6c8addbfcc1f0/element'
[DEBUG] 

Request DefaultHttpRequest(decodeResult: success, version: HTTP/1.1)
POST /session/1d17cba2db6a7aededa6c8addbfcc1f0/element HTTP/1.1
User-Agent: selenium/4.6.0 (java windows)
Content-Length: 129
Content-Type: application/json; charset=utf-8
host: localhost:2690
accept: */*

Response DefaultHttpResponse(decodeResult: success, version: HTTP/1.1)
HTTP/1.1 200 OK
Content-Type: application/json; charset=utf-8
cache-control: no-cache
content-length: 88

[DEBUG] Adding key: http://localhost:2690 for channel [id: 0xe5765420, L:/127.0.0.1:59515 - R:localhost/127.0.0.1:2690]
[DEBUG] Using pooled Channel '[id: 0xe5765420, L:/127.0.0.1:59515 - R:localhost/127.0.0.1:2690]' for 'GET' to 'http://localhost:2690/session/1d17cba2db6a7aededa6c8addbfcc1f0/element/b351edc2-5fe6-410e-be9b-f003003dc509/text'
[DEBUG] Using open Channel [id: 0xe5765420, L:/127.0.0.1:59515 - R:localhost/127.0.0.1:2690] for GET '/session/1d17cba2db6a7aededa6c8addbfcc1f0/element/b351edc2-5fe6-410e-be9b-f003003dc509/text'
[DEBUG] 

Request DefaultFullHttpRequest(decodeResult: success, version: HTTP/1.1, content: EmptyByteBufBE)
GET /session/1d17cba2db6a7aededa6c8addbfcc1f0/element/b351edc2-5fe6-410e-be9b-f003003dc509/text HTTP/1.1
User-Agent: selenium/4.6.0 (java windows)
Cache-Control: no-cache
Content-Type: application/json; charset=utf-8
host: localhost:2690
accept: */*

Response DefaultHttpResponse(decodeResult: success, version: HTTP/1.1)
HTTP/1.1 200 OK
Content-Type: application/json; charset=utf-8
cache-control: no-cache
content-length: 20

[DEBUG] Adding key: http://localhost:2690 for channel [id: 0xe5765420, L:/127.0.0.1:59515 - R:localhost/127.0.0.1:2690]
[DEBUG] Using pooled Channel '[id: 0xe5765420, L:/127.0.0.1:59515 - R:localhost/127.0.0.1:2690]' for 'POST' to 'http://localhost:2690/session/1d17cba2db6a7aededa6c8addbfcc1f0/element'
[DEBUG] Using open Channel [id: 0xe5765420, L:/127.0.0.1:59515 - R:localhost/127.0.0.1:2690] for POST '/session/1d17cba2db6a7aededa6c8addbfcc1f0/element'
[DEBUG] 

Request DefaultHttpRequest(decodeResult: success, version: HTTP/1.1)
POST /session/1d17cba2db6a7aededa6c8addbfcc1f0/element HTTP/1.1
User-Agent: selenium/4.6.0 (java windows)
Content-Length: 129
Content-Type: application/json; charset=utf-8
host: localhost:2690
accept: */*

Response DefaultHttpResponse(decodeResult: success, version: HTTP/1.1)
HTTP/1.1 200 OK
Content-Type: application/json; charset=utf-8
cache-control: no-cache
content-length: 88

[DEBUG] Adding key: http://localhost:2690 for channel [id: 0xe5765420, L:/127.0.0.1:59515 - R:localhost/127.0.0.1:2690]
[DEBUG] Using pooled Channel '[id: 0xe5765420, L:/127.0.0.1:59515 - R:localhost/127.0.0.1:2690]' for 'GET' to 'http://localhost:2690/session/1d17cba2db6a7aededa6c8addbfcc1f0/element/427a8d91-3610-43c6-bda2-6df33822a452/text'
[DEBUG] Using open Channel [id: 0xe5765420, L:/127.0.0.1:59515 - R:localhost/127.0.0.1:2690] for GET '/session/1d17cba2db6a7aededa6c8addbfcc1f0/element/427a8d91-3610-43c6-bda2-6df33822a452/text'
[DEBUG] 

Request DefaultFullHttpRequest(decodeResult: success, version: HTTP/1.1, content: EmptyByteBufBE)
GET /session/1d17cba2db6a7aededa6c8addbfcc1f0/element/427a8d91-3610-43c6-bda2-6df33822a452/text HTTP/1.1
User-Agent: selenium/4.6.0 (java windows)
Cache-Control: no-cache
Content-Type: application/json; charset=utf-8
host: localhost:2690
accept: */*

Response DefaultHttpResponse(decodeResult: success, version: HTTP/1.1)
HTTP/1.1 200 OK
Content-Type: application/json; charset=utf-8
cache-control: no-cache
content-length: 55

[DEBUG] Adding key: http://localhost:2690 for channel [id: 0xe5765420, L:/127.0.0.1:59515 - R:localhost/127.0.0.1:2690]
[DEBUG] Using pooled Channel '[id: 0xe5765420, L:/127.0.0.1:59515 - R:localhost/127.0.0.1:2690]' for 'POST' to 'http://localhost:2690/session/1d17cba2db6a7aededa6c8addbfcc1f0/element'
[DEBUG] Using open Channel [id: 0xe5765420, L:/127.0.0.1:59515 - R:localhost/127.0.0.1:2690] for POST '/session/1d17cba2db6a7aededa6c8addbfcc1f0/element'
[DEBUG] 

Request DefaultHttpRequest(decodeResult: success, version: HTTP/1.1)
POST /session/1d17cba2db6a7aededa6c8addbfcc1f0/element HTTP/1.1
User-Agent: selenium/4.6.0 (java windows)
Content-Length: 129
Content-Type: application/json; charset=utf-8
host: localhost:2690
accept: */*

Response DefaultHttpResponse(decodeResult: success, version: HTTP/1.1)
HTTP/1.1 200 OK
Content-Type: application/json; charset=utf-8
cache-control: no-cache
content-length: 88

[DEBUG] Adding key: http://localhost:2690 for channel [id: 0xe5765420, L:/127.0.0.1:59515 - R:localhost/127.0.0.1:2690]
[DEBUG] Using pooled Channel '[id: 0xe5765420, L:/127.0.0.1:59515 - R:localhost/127.0.0.1:2690]' for 'GET' to 'http://localhost:2690/session/1d17cba2db6a7aededa6c8addbfcc1f0/element/8e6f9330-6b26-4fb1-b48f-b182f32c5c86/text'
[DEBUG] Using open Channel [id: 0xe5765420, L:/127.0.0.1:59515 - R:localhost/127.0.0.1:2690] for GET '/session/1d17cba2db6a7aededa6c8addbfcc1f0/element/8e6f9330-6b26-4fb1-b48f-b182f32c5c86/text'
[DEBUG] 

Request DefaultFullHttpRequest(decodeResult: success, version: HTTP/1.1, content: EmptyByteBufBE)
GET /session/1d17cba2db6a7aededa6c8addbfcc1f0/element/8e6f9330-6b26-4fb1-b48f-b182f32c5c86/text HTTP/1.1
User-Agent: selenium/4.6.0 (java windows)
Cache-Control: no-cache
Content-Type: application/json; charset=utf-8
host: localhost:2690
accept: */*

Response DefaultHttpResponse(decodeResult: success, version: HTTP/1.1)
HTTP/1.1 200 OK
Content-Type: application/json; charset=utf-8
cache-control: no-cache
content-length: 28

[DEBUG] Adding key: http://localhost:2690 for channel [id: 0xe5765420, L:/127.0.0.1:59515 - R:localhost/127.0.0.1:2690]
[DEBUG] Using pooled Channel '[id: 0xe5765420, L:/127.0.0.1:59515 - R:localhost/127.0.0.1:2690]' for 'POST' to 'http://localhost:2690/session/1d17cba2db6a7aededa6c8addbfcc1f0/element'
[DEBUG] Using open Channel [id: 0xe5765420, L:/127.0.0.1:59515 - R:localhost/127.0.0.1:2690] for POST '/session/1d17cba2db6a7aededa6c8addbfcc1f0/element'
[DEBUG] 

Request DefaultHttpRequest(decodeResult: success, version: HTTP/1.1)
POST /session/1d17cba2db6a7aededa6c8addbfcc1f0/element HTTP/1.1
User-Agent: selenium/4.6.0 (java windows)
Content-Length: 129
Content-Type: application/json; charset=utf-8
host: localhost:2690
accept: */*

Response DefaultHttpResponse(decodeResult: success, version: HTTP/1.1)
HTTP/1.1 200 OK
Content-Type: application/json; charset=utf-8
cache-control: no-cache
content-length: 88

[DEBUG] Adding key: http://localhost:2690 for channel [id: 0xe5765420, L:/127.0.0.1:59515 - R:localhost/127.0.0.1:2690]
[DEBUG] Using pooled Channel '[id: 0xe5765420, L:/127.0.0.1:59515 - R:localhost/127.0.0.1:2690]' for 'GET' to 'http://localhost:2690/session/1d17cba2db6a7aededa6c8addbfcc1f0/element/6302376a-559c-4ef0-a2e9-68c9b9e8020a/text'
[DEBUG] Using open Channel [id: 0xe5765420, L:/127.0.0.1:59515 - R:localhost/127.0.0.1:2690] for GET '/session/1d17cba2db6a7aededa6c8addbfcc1f0/element/6302376a-559c-4ef0-a2e9-68c9b9e8020a/text'
[DEBUG] 

Request DefaultFullHttpRequest(decodeResult: success, version: HTTP/1.1, content: EmptyByteBufBE)
GET /session/1d17cba2db6a7aededa6c8addbfcc1f0/element/6302376a-559c-4ef0-a2e9-68c9b9e8020a/text HTTP/1.1
User-Agent: selenium/4.6.0 (java windows)
Cache-Control: no-cache
Content-Type: application/json; charset=utf-8
host: localhost:2690
accept: */*

Response DefaultHttpResponse(decodeResult: success, version: HTTP/1.1)
HTTP/1.1 200 OK
Content-Type: application/json; charset=utf-8
cache-control: no-cache
content-length: 23

[DEBUG] Adding key: http://localhost:2690 for channel [id: 0xe5765420, L:/127.0.0.1:59515 - R:localhost/127.0.0.1:2690]
[DEBUG] Using pooled Channel '[id: 0xe5765420, L:/127.0.0.1:59515 - R:localhost/127.0.0.1:2690]' for 'POST' to 'http://localhost:2690/session/1d17cba2db6a7aededa6c8addbfcc1f0/element'
[DEBUG] Using open Channel [id: 0xe5765420, L:/127.0.0.1:59515 - R:localhost/127.0.0.1:2690] for POST '/session/1d17cba2db6a7aededa6c8addbfcc1f0/element'
[DEBUG] 

Request DefaultHttpRequest(decodeResult: success, version: HTTP/1.1)
POST /session/1d17cba2db6a7aededa6c8addbfcc1f0/element HTTP/1.1
User-Agent: selenium/4.6.0 (java windows)
Content-Length: 129
Content-Type: application/json; charset=utf-8
host: localhost:2690
accept: */*

Response DefaultHttpResponse(decodeResult: success, version: HTTP/1.1)
HTTP/1.1 200 OK
Content-Type: application/json; charset=utf-8
cache-control: no-cache
content-length: 88

[DEBUG] Adding key: http://localhost:2690 for channel [id: 0xe5765420, L:/127.0.0.1:59515 - R:localhost/127.0.0.1:2690]
[DEBUG] Using pooled Channel '[id: 0xe5765420, L:/127.0.0.1:59515 - R:localhost/127.0.0.1:2690]' for 'GET' to 'http://localhost:2690/session/1d17cba2db6a7aededa6c8addbfcc1f0/element/92e6aba2-a6f6-45e8-b068-79ac2a2a7978/text'
[DEBUG] Using open Channel [id: 0xe5765420, L:/127.0.0.1:59515 - R:localhost/127.0.0.1:2690] for GET '/session/1d17cba2db6a7aededa6c8addbfcc1f0/element/92e6aba2-a6f6-45e8-b068-79ac2a2a7978/text'
[DEBUG] 

Request DefaultFullHttpRequest(decodeResult: success, version: HTTP/1.1, content: EmptyByteBufBE)
GET /session/1d17cba2db6a7aededa6c8addbfcc1f0/element/92e6aba2-a6f6-45e8-b068-79ac2a2a7978/text HTTP/1.1
User-Agent: selenium/4.6.0 (java windows)
Cache-Control: no-cache
Content-Type: application/json; charset=utf-8
host: localhost:2690
accept: */*

Response DefaultHttpResponse(decodeResult: success, version: HTTP/1.1)
HTTP/1.1 200 OK
Content-Type: application/json; charset=utf-8
cache-control: no-cache
content-length: 21

[DEBUG] Adding key: http://localhost:2690 for channel [id: 0xe5765420, L:/127.0.0.1:59515 - R:localhost/127.0.0.1:2690]
[DEBUG] Using pooled Channel '[id: 0xe5765420, L:/127.0.0.1:59515 - R:localhost/127.0.0.1:2690]' for 'POST' to 'http://localhost:2690/session/1d17cba2db6a7aededa6c8addbfcc1f0/element'
[DEBUG] Using open Channel [id: 0xe5765420, L:/127.0.0.1:59515 - R:localhost/127.0.0.1:2690] for POST '/session/1d17cba2db6a7aededa6c8addbfcc1f0/element'
[DEBUG] 

Request DefaultHttpRequest(decodeResult: success, version: HTTP/1.1)
POST /session/1d17cba2db6a7aededa6c8addbfcc1f0/element HTTP/1.1
User-Agent: selenium/4.6.0 (java windows)
Content-Length: 129
Content-Type: application/json; charset=utf-8
host: localhost:2690
accept: */*

Response DefaultHttpResponse(decodeResult: success, version: HTTP/1.1)
HTTP/1.1 200 OK
Content-Type: application/json; charset=utf-8
cache-control: no-cache
content-length: 88

[DEBUG] Adding key: http://localhost:2690 for channel [id: 0xe5765420, L:/127.0.0.1:59515 - R:localhost/127.0.0.1:2690]
[DEBUG] Using pooled Channel '[id: 0xe5765420, L:/127.0.0.1:59515 - R:localhost/127.0.0.1:2690]' for 'GET' to 'http://localhost:2690/session/1d17cba2db6a7aededa6c8addbfcc1f0/element/3db67c19-0b63-4404-9586-032fc2757e78/text'
[DEBUG] Using open Channel [id: 0xe5765420, L:/127.0.0.1:59515 - R:localhost/127.0.0.1:2690] for GET '/session/1d17cba2db6a7aededa6c8addbfcc1f0/element/3db67c19-0b63-4404-9586-032fc2757e78/text'
[DEBUG] 

Request DefaultFullHttpRequest(decodeResult: success, version: HTTP/1.1, content: EmptyByteBufBE)
GET /session/1d17cba2db6a7aededa6c8addbfcc1f0/element/3db67c19-0b63-4404-9586-032fc2757e78/text HTTP/1.1
User-Agent: selenium/4.6.0 (java windows)
Cache-Control: no-cache
Content-Type: application/json; charset=utf-8
host: localhost:2690
accept: */*

Response DefaultHttpResponse(decodeResult: success, version: HTTP/1.1)
HTTP/1.1 200 OK
Content-Type: application/json; charset=utf-8
cache-control: no-cache
content-length: 44

[DEBUG] Adding key: http://localhost:2690 for channel [id: 0xe5765420, L:/127.0.0.1:59515 - R:localhost/127.0.0.1:2690]
[DEBUG] Using pooled Channel '[id: 0xe5765420, L:/127.0.0.1:59515 - R:localhost/127.0.0.1:2690]' for 'POST' to 'http://localhost:2690/session/1d17cba2db6a7aededa6c8addbfcc1f0/element'
[DEBUG] Using open Channel [id: 0xe5765420, L:/127.0.0.1:59515 - R:localhost/127.0.0.1:2690] for POST '/session/1d17cba2db6a7aededa6c8addbfcc1f0/element'
[DEBUG] 

Request DefaultHttpRequest(decodeResult: success, version: HTTP/1.1)
POST /session/1d17cba2db6a7aededa6c8addbfcc1f0/element HTTP/1.1
User-Agent: selenium/4.6.0 (java windows)
Content-Length: 129
Content-Type: application/json; charset=utf-8
host: localhost:2690
accept: */*

Response DefaultHttpResponse(decodeResult: success, version: HTTP/1.1)
HTTP/1.1 200 OK
Content-Type: application/json; charset=utf-8
cache-control: no-cache
content-length: 88

[DEBUG] Adding key: http://localhost:2690 for channel [id: 0xe5765420, L:/127.0.0.1:59515 - R:localhost/127.0.0.1:2690]
[DEBUG] Using pooled Channel '[id: 0xe5765420, L:/127.0.0.1:59515 - R:localhost/127.0.0.1:2690]' for 'GET' to 'http://localhost:2690/session/1d17cba2db6a7aededa6c8addbfcc1f0/element/1599b57f-0d7a-49af-8a1b-6857824a8179/text'
[DEBUG] Using open Channel [id: 0xe5765420, L:/127.0.0.1:59515 - R:localhost/127.0.0.1:2690] for GET '/session/1d17cba2db6a7aededa6c8addbfcc1f0/element/1599b57f-0d7a-49af-8a1b-6857824a8179/text'
[DEBUG] 

Request DefaultFullHttpRequest(decodeResult: success, version: HTTP/1.1, content: EmptyByteBufBE)
GET /session/1d17cba2db6a7aededa6c8addbfcc1f0/element/1599b57f-0d7a-49af-8a1b-6857824a8179/text HTTP/1.1
User-Agent: selenium/4.6.0 (java windows)
Cache-Control: no-cache
Content-Type: application/json; charset=utf-8
host: localhost:2690
accept: */*

Response DefaultHttpResponse(decodeResult: success, version: HTTP/1.1)
HTTP/1.1 200 OK
Content-Type: application/json; charset=utf-8
cache-control: no-cache
content-length: 28

[DEBUG] Adding key: http://localhost:2690 for channel [id: 0xe5765420, L:/127.0.0.1:59515 - R:localhost/127.0.0.1:2690]
[DEBUG] Using pooled Channel '[id: 0xe5765420, L:/127.0.0.1:59515 - R:localhost/127.0.0.1:2690]' for 'POST' to 'http://localhost:2690/session/1d17cba2db6a7aededa6c8addbfcc1f0/element'
[DEBUG] Using open Channel [id: 0xe5765420, L:/127.0.0.1:59515 - R:localhost/127.0.0.1:2690] for POST '/session/1d17cba2db6a7aededa6c8addbfcc1f0/element'
[DEBUG] 

Request DefaultHttpRequest(decodeResult: success, version: HTTP/1.1)
POST /session/1d17cba2db6a7aededa6c8addbfcc1f0/element HTTP/1.1
User-Agent: selenium/4.6.0 (java windows)
Content-Length: 129
Content-Type: application/json; charset=utf-8
host: localhost:2690
accept: */*

Response DefaultHttpResponse(decodeResult: success, version: HTTP/1.1)
HTTP/1.1 200 OK
Content-Type: application/json; charset=utf-8
cache-control: no-cache
content-length: 88

[DEBUG] Adding key: http://localhost:2690 for channel [id: 0xe5765420, L:/127.0.0.1:59515 - R:localhost/127.0.0.1:2690]
[DEBUG] Using pooled Channel '[id: 0xe5765420, L:/127.0.0.1:59515 - R:localhost/127.0.0.1:2690]' for 'GET' to 'http://localhost:2690/session/1d17cba2db6a7aededa6c8addbfcc1f0/element/97386074-543b-427f-a13b-03ffee550af9/text'
[DEBUG] Using open Channel [id: 0xe5765420, L:/127.0.0.1:59515 - R:localhost/127.0.0.1:2690] for GET '/session/1d17cba2db6a7aededa6c8addbfcc1f0/element/97386074-543b-427f-a13b-03ffee550af9/text'
[DEBUG] 

Request DefaultFullHttpRequest(decodeResult: success, version: HTTP/1.1, content: EmptyByteBufBE)
GET /session/1d17cba2db6a7aededa6c8addbfcc1f0/element/97386074-543b-427f-a13b-03ffee550af9/text HTTP/1.1
User-Agent: selenium/4.6.0 (java windows)
Cache-Control: no-cache
Content-Type: application/json; charset=utf-8
host: localhost:2690
accept: */*

Response DefaultHttpResponse(decodeResult: success, version: HTTP/1.1)
HTTP/1.1 200 OK
Content-Type: application/json; charset=utf-8
cache-control: no-cache
content-length: 23

[DEBUG] Adding key: http://localhost:2690 for channel [id: 0xe5765420, L:/127.0.0.1:59515 - R:localhost/127.0.0.1:2690]
[DEBUG] Using pooled Channel '[id: 0xe5765420, L:/127.0.0.1:59515 - R:localhost/127.0.0.1:2690]' for 'POST' to 'http://localhost:2690/session/1d17cba2db6a7aededa6c8addbfcc1f0/element'
[DEBUG] Using open Channel [id: 0xe5765420, L:/127.0.0.1:59515 - R:localhost/127.0.0.1:2690] for POST '/session/1d17cba2db6a7aededa6c8addbfcc1f0/element'
[DEBUG] 

Request DefaultHttpRequest(decodeResult: success, version: HTTP/1.1)
POST /session/1d17cba2db6a7aededa6c8addbfcc1f0/element HTTP/1.1
User-Agent: selenium/4.6.0 (java windows)
Content-Length: 129
Content-Type: application/json; charset=utf-8
host: localhost:2690
accept: */*

Response DefaultHttpResponse(decodeResult: success, version: HTTP/1.1)
HTTP/1.1 200 OK
Content-Type: application/json; charset=utf-8
cache-control: no-cache
content-length: 88

[DEBUG] Adding key: http://localhost:2690 for channel [id: 0xe5765420, L:/127.0.0.1:59515 - R:localhost/127.0.0.1:2690]
[DEBUG] Using pooled Channel '[id: 0xe5765420, L:/127.0.0.1:59515 - R:localhost/127.0.0.1:2690]' for 'GET' to 'http://localhost:2690/session/1d17cba2db6a7aededa6c8addbfcc1f0/element/53bd2382-68ca-449e-8c8e-5f56c3fdb676/text'
[DEBUG] Using open Channel [id: 0xe5765420, L:/127.0.0.1:59515 - R:localhost/127.0.0.1:2690] for GET '/session/1d17cba2db6a7aededa6c8addbfcc1f0/element/53bd2382-68ca-449e-8c8e-5f56c3fdb676/text'
[DEBUG] 

Request DefaultFullHttpRequest(decodeResult: success, version: HTTP/1.1, content: EmptyByteBufBE)
GET /session/1d17cba2db6a7aededa6c8addbfcc1f0/element/53bd2382-68ca-449e-8c8e-5f56c3fdb676/text HTTP/1.1
User-Agent: selenium/4.6.0 (java windows)
Cache-Control: no-cache
Content-Type: application/json; charset=utf-8
host: localhost:2690
accept: */*

Response DefaultHttpResponse(decodeResult: success, version: HTTP/1.1)
HTTP/1.1 200 OK
Content-Type: application/json; charset=utf-8
cache-control: no-cache
content-length: 19

[DEBUG] Adding key: http://localhost:2690 for channel [id: 0xe5765420, L:/127.0.0.1:59515 - R:localhost/127.0.0.1:2690]
[DEBUG] Using pooled Channel '[id: 0xe5765420, L:/127.0.0.1:59515 - R:localhost/127.0.0.1:2690]' for 'POST' to 'http://localhost:2690/session/1d17cba2db6a7aededa6c8addbfcc1f0/element'
[DEBUG] Using open Channel [id: 0xe5765420, L:/127.0.0.1:59515 - R:localhost/127.0.0.1:2690] for POST '/session/1d17cba2db6a7aededa6c8addbfcc1f0/element'
[DEBUG] 

Request DefaultHttpRequest(decodeResult: success, version: HTTP/1.1)
POST /session/1d17cba2db6a7aededa6c8addbfcc1f0/element HTTP/1.1
User-Agent: selenium/4.6.0 (java windows)
Content-Length: 129
Content-Type: application/json; charset=utf-8
host: localhost:2690
accept: */*

Response DefaultHttpResponse(decodeResult: success, version: HTTP/1.1)
HTTP/1.1 200 OK
Content-Type: application/json; charset=utf-8
cache-control: no-cache
content-length: 88

[DEBUG] Adding key: http://localhost:2690 for channel [id: 0xe5765420, L:/127.0.0.1:59515 - R:localhost/127.0.0.1:2690]
[DEBUG] Using pooled Channel '[id: 0xe5765420, L:/127.0.0.1:59515 - R:localhost/127.0.0.1:2690]' for 'GET' to 'http://localhost:2690/session/1d17cba2db6a7aededa6c8addbfcc1f0/element/5cc1dd9c-630c-430b-b48f-25bfdee48b38/text'
[DEBUG] Using open Channel [id: 0xe5765420, L:/127.0.0.1:59515 - R:localhost/127.0.0.1:2690] for GET '/session/1d17cba2db6a7aededa6c8addbfcc1f0/element/5cc1dd9c-630c-430b-b48f-25bfdee48b38/text'
[DEBUG] 

Request DefaultFullHttpRequest(decodeResult: success, version: HTTP/1.1, content: EmptyByteBufBE)
GET /session/1d17cba2db6a7aededa6c8addbfcc1f0/element/5cc1dd9c-630c-430b-b48f-25bfdee48b38/text HTTP/1.1
User-Agent: selenium/4.6.0 (java windows)
Cache-Control: no-cache
Content-Type: application/json; charset=utf-8
host: localhost:2690
accept: */*

Response DefaultHttpResponse(decodeResult: success, version: HTTP/1.1)
HTTP/1.1 200 OK
Content-Type: application/json; charset=utf-8
cache-control: no-cache
content-length: 28

[DEBUG] Adding key: http://localhost:2690 for channel [id: 0xe5765420, L:/127.0.0.1:59515 - R:localhost/127.0.0.1:2690]
[DEBUG] Using pooled Channel '[id: 0xe5765420, L:/127.0.0.1:59515 - R:localhost/127.0.0.1:2690]' for 'POST' to 'http://localhost:2690/session/1d17cba2db6a7aededa6c8addbfcc1f0/element'
[DEBUG] Using open Channel [id: 0xe5765420, L:/127.0.0.1:59515 - R:localhost/127.0.0.1:2690] for POST '/session/1d17cba2db6a7aededa6c8addbfcc1f0/element'
[DEBUG] 

Request DefaultHttpRequest(decodeResult: success, version: HTTP/1.1)
POST /session/1d17cba2db6a7aededa6c8addbfcc1f0/element HTTP/1.1
User-Agent: selenium/4.6.0 (java windows)
Content-Length: 129
Content-Type: application/json; charset=utf-8
host: localhost:2690
accept: */*

Response DefaultHttpResponse(decodeResult: success, version: HTTP/1.1)
HTTP/1.1 200 OK
Content-Type: application/json; charset=utf-8
cache-control: no-cache
content-length: 88

[DEBUG] Adding key: http://localhost:2690 for channel [id: 0xe5765420, L:/127.0.0.1:59515 - R:localhost/127.0.0.1:2690]
[DEBUG] Using pooled Channel '[id: 0xe5765420, L:/127.0.0.1:59515 - R:localhost/127.0.0.1:2690]' for 'GET' to 'http://localhost:2690/session/1d17cba2db6a7aededa6c8addbfcc1f0/element/43a5a861-92a7-457e-891b-d40ea93feeb1/text'
[DEBUG] Using open Channel [id: 0xe5765420, L:/127.0.0.1:59515 - R:localhost/127.0.0.1:2690] for GET '/session/1d17cba2db6a7aededa6c8addbfcc1f0/element/43a5a861-92a7-457e-891b-d40ea93feeb1/text'
[DEBUG] 

Request DefaultFullHttpRequest(decodeResult: success, version: HTTP/1.1, content: EmptyByteBufBE)
GET /session/1d17cba2db6a7aededa6c8addbfcc1f0/element/43a5a861-92a7-457e-891b-d40ea93feeb1/text HTTP/1.1
User-Agent: selenium/4.6.0 (java windows)
Cache-Control: no-cache
Content-Type: application/json; charset=utf-8
host: localhost:2690
accept: */*

Response DefaultHttpResponse(decodeResult: success, version: HTTP/1.1)
HTTP/1.1 200 OK
Content-Type: application/json; charset=utf-8
cache-control: no-cache
content-length: 28

[DEBUG] Adding key: http://localhost:2690 for channel [id: 0xe5765420, L:/127.0.0.1:59515 - R:localhost/127.0.0.1:2690]
[DEBUG] Using pooled Channel '[id: 0xe5765420, L:/127.0.0.1:59515 - R:localhost/127.0.0.1:2690]' for 'POST' to 'http://localhost:2690/session/1d17cba2db6a7aededa6c8addbfcc1f0/element'
[DEBUG] Using open Channel [id: 0xe5765420, L:/127.0.0.1:59515 - R:localhost/127.0.0.1:2690] for POST '/session/1d17cba2db6a7aededa6c8addbfcc1f0/element'
[DEBUG] 

Request DefaultHttpRequest(decodeResult: success, version: HTTP/1.1)
POST /session/1d17cba2db6a7aededa6c8addbfcc1f0/element HTTP/1.1
User-Agent: selenium/4.6.0 (java windows)
Content-Length: 129
Content-Type: application/json; charset=utf-8
host: localhost:2690
accept: */*

Response DefaultHttpResponse(decodeResult: success, version: HTTP/1.1)
HTTP/1.1 200 OK
Content-Type: application/json; charset=utf-8
cache-control: no-cache
content-length: 88

[DEBUG] Adding key: http://localhost:2690 for channel [id: 0xe5765420, L:/127.0.0.1:59515 - R:localhost/127.0.0.1:2690]
[DEBUG] Using pooled Channel '[id: 0xe5765420, L:/127.0.0.1:59515 - R:localhost/127.0.0.1:2690]' for 'GET' to 'http://localhost:2690/session/1d17cba2db6a7aededa6c8addbfcc1f0/element/c2c5a0dd-431d-4acf-8db3-2d6e1535fb15/text'
[DEBUG] Using open Channel [id: 0xe5765420, L:/127.0.0.1:59515 - R:localhost/127.0.0.1:2690] for GET '/session/1d17cba2db6a7aededa6c8addbfcc1f0/element/c2c5a0dd-431d-4acf-8db3-2d6e1535fb15/text'
[DEBUG] 

Request DefaultFullHttpRequest(decodeResult: success, version: HTTP/1.1, content: EmptyByteBufBE)
GET /session/1d17cba2db6a7aededa6c8addbfcc1f0/element/c2c5a0dd-431d-4acf-8db3-2d6e1535fb15/text HTTP/1.1
User-Agent: selenium/4.6.0 (java windows)
Cache-Control: no-cache
Content-Type: application/json; charset=utf-8
host: localhost:2690
accept: */*

Response DefaultHttpResponse(decodeResult: success, version: HTTP/1.1)
HTTP/1.1 200 OK
Content-Type: application/json; charset=utf-8
cache-control: no-cache
content-length: 23

[DEBUG] Adding key: http://localhost:2690 for channel [id: 0xe5765420, L:/127.0.0.1:59515 - R:localhost/127.0.0.1:2690]
[DEBUG] Using pooled Channel '[id: 0xe5765420, L:/127.0.0.1:59515 - R:localhost/127.0.0.1:2690]' for 'POST' to 'http://localhost:2690/session/1d17cba2db6a7aededa6c8addbfcc1f0/element'
[DEBUG] Using open Channel [id: 0xe5765420, L:/127.0.0.1:59515 - R:localhost/127.0.0.1:2690] for POST '/session/1d17cba2db6a7aededa6c8addbfcc1f0/element'
[DEBUG] 

Request DefaultHttpRequest(decodeResult: success, version: HTTP/1.1)
POST /session/1d17cba2db6a7aededa6c8addbfcc1f0/element HTTP/1.1
User-Agent: selenium/4.6.0 (java windows)
Content-Length: 129
Content-Type: application/json; charset=utf-8
host: localhost:2690
accept: */*

Response DefaultHttpResponse(decodeResult: success, version: HTTP/1.1)
HTTP/1.1 200 OK
Content-Type: application/json; charset=utf-8
cache-control: no-cache
content-length: 88

[DEBUG] Adding key: http://localhost:2690 for channel [id: 0xe5765420, L:/127.0.0.1:59515 - R:localhost/127.0.0.1:2690]
[DEBUG] Using pooled Channel '[id: 0xe5765420, L:/127.0.0.1:59515 - R:localhost/127.0.0.1:2690]' for 'GET' to 'http://localhost:2690/session/1d17cba2db6a7aededa6c8addbfcc1f0/element/01b3c24a-ad61-434a-93d6-4121cac2a6c3/text'
[DEBUG] Using open Channel [id: 0xe5765420, L:/127.0.0.1:59515 - R:localhost/127.0.0.1:2690] for GET '/session/1d17cba2db6a7aededa6c8addbfcc1f0/element/01b3c24a-ad61-434a-93d6-4121cac2a6c3/text'
[DEBUG] 

Request DefaultFullHttpRequest(decodeResult: success, version: HTTP/1.1, content: EmptyByteBufBE)
GET /session/1d17cba2db6a7aededa6c8addbfcc1f0/element/01b3c24a-ad61-434a-93d6-4121cac2a6c3/text HTTP/1.1
User-Agent: selenium/4.6.0 (java windows)
Cache-Control: no-cache
Content-Type: application/json; charset=utf-8
host: localhost:2690
accept: */*

Response DefaultHttpResponse(decodeResult: success, version: HTTP/1.1)
HTTP/1.1 200 OK
Content-Type: application/json; charset=utf-8
cache-control: no-cache
content-length: 18

[DEBUG] Adding key: http://localhost:2690 for channel [id: 0xe5765420, L:/127.0.0.1:59515 - R:localhost/127.0.0.1:2690]
[DEBUG] Using pooled Channel '[id: 0xe5765420, L:/127.0.0.1:59515 - R:localhost/127.0.0.1:2690]' for 'POST' to 'http://localhost:2690/session/1d17cba2db6a7aededa6c8addbfcc1f0/element'
[DEBUG] Using open Channel [id: 0xe5765420, L:/127.0.0.1:59515 - R:localhost/127.0.0.1:2690] for POST '/session/1d17cba2db6a7aededa6c8addbfcc1f0/element'
[DEBUG] 

Request DefaultHttpRequest(decodeResult: success, version: HTTP/1.1)
POST /session/1d17cba2db6a7aededa6c8addbfcc1f0/element HTTP/1.1
User-Agent: selenium/4.6.0 (java windows)
Content-Length: 129
Content-Type: application/json; charset=utf-8
host: localhost:2690
accept: */*

Response DefaultHttpResponse(decodeResult: success, version: HTTP/1.1)
HTTP/1.1 200 OK
Content-Type: application/json; charset=utf-8
cache-control: no-cache
content-length: 88

[DEBUG] Adding key: http://localhost:2690 for channel [id: 0xe5765420, L:/127.0.0.1:59515 - R:localhost/127.0.0.1:2690]
[DEBUG] Using pooled Channel '[id: 0xe5765420, L:/127.0.0.1:59515 - R:localhost/127.0.0.1:2690]' for 'GET' to 'http://localhost:2690/session/1d17cba2db6a7aededa6c8addbfcc1f0/element/5da78fde-a6b0-4e26-bb0e-8bd046df8fca/text'
[DEBUG] Using open Channel [id: 0xe5765420, L:/127.0.0.1:59515 - R:localhost/127.0.0.1:2690] for GET '/session/1d17cba2db6a7aededa6c8addbfcc1f0/element/5da78fde-a6b0-4e26-bb0e-8bd046df8fca/text'
[DEBUG] 

Request DefaultFullHttpRequest(decodeResult: success, version: HTTP/1.1, content: EmptyByteBufBE)
GET /session/1d17cba2db6a7aededa6c8addbfcc1f0/element/5da78fde-a6b0-4e26-bb0e-8bd046df8fca/text HTTP/1.1
User-Agent: selenium/4.6.0 (java windows)
Cache-Control: no-cache
Content-Type: application/json; charset=utf-8
host: localhost:2690
accept: */*

Response DefaultHttpResponse(decodeResult: success, version: HTTP/1.1)
HTTP/1.1 200 OK
Content-Type: application/json; charset=utf-8
cache-control: no-cache
content-length: 42

[DEBUG] Adding key: http://localhost:2690 for channel [id: 0xe5765420, L:/127.0.0.1:59515 - R:localhost/127.0.0.1:2690]
[DEBUG] Using pooled Channel '[id: 0xe5765420, L:/127.0.0.1:59515 - R:localhost/127.0.0.1:2690]' for 'POST' to 'http://localhost:2690/session/1d17cba2db6a7aededa6c8addbfcc1f0/element'
[DEBUG] Using open Channel [id: 0xe5765420, L:/127.0.0.1:59515 - R:localhost/127.0.0.1:2690] for POST '/session/1d17cba2db6a7aededa6c8addbfcc1f0/element'
[DEBUG] 

Request DefaultHttpRequest(decodeResult: success, version: HTTP/1.1)
POST /session/1d17cba2db6a7aededa6c8addbfcc1f0/element HTTP/1.1
User-Agent: selenium/4.6.0 (java windows)
Content-Length: 129
Content-Type: application/json; charset=utf-8
host: localhost:2690
accept: */*

Response DefaultHttpResponse(decodeResult: success, version: HTTP/1.1)
HTTP/1.1 200 OK
Content-Type: application/json; charset=utf-8
cache-control: no-cache
content-length: 88

[DEBUG] Adding key: http://localhost:2690 for channel [id: 0xe5765420, L:/127.0.0.1:59515 - R:localhost/127.0.0.1:2690]
[DEBUG] Using pooled Channel '[id: 0xe5765420, L:/127.0.0.1:59515 - R:localhost/127.0.0.1:2690]' for 'GET' to 'http://localhost:2690/session/1d17cba2db6a7aededa6c8addbfcc1f0/element/2c1b1d76-26a3-4ba5-940d-925ceb56ec38/text'
[DEBUG] Using open Channel [id: 0xe5765420, L:/127.0.0.1:59515 - R:localhost/127.0.0.1:2690] for GET '/session/1d17cba2db6a7aededa6c8addbfcc1f0/element/2c1b1d76-26a3-4ba5-940d-925ceb56ec38/text'
[DEBUG] 

Request DefaultFullHttpRequest(decodeResult: success, version: HTTP/1.1, content: EmptyByteBufBE)
GET /session/1d17cba2db6a7aededa6c8addbfcc1f0/element/2c1b1d76-26a3-4ba5-940d-925ceb56ec38/text HTTP/1.1
User-Agent: selenium/4.6.0 (java windows)
Cache-Control: no-cache
Content-Type: application/json; charset=utf-8
host: localhost:2690
accept: */*

Response DefaultHttpResponse(decodeResult: success, version: HTTP/1.1)
HTTP/1.1 200 OK
Content-Type: application/json; charset=utf-8
cache-control: no-cache
content-length: 28

[DEBUG] Adding key: http://localhost:2690 for channel [id: 0xe5765420, L:/127.0.0.1:59515 - R:localhost/127.0.0.1:2690]
[DEBUG] Using pooled Channel '[id: 0xe5765420, L:/127.0.0.1:59515 - R:localhost/127.0.0.1:2690]' for 'POST' to 'http://localhost:2690/session/1d17cba2db6a7aededa6c8addbfcc1f0/element'
[DEBUG] Using open Channel [id: 0xe5765420, L:/127.0.0.1:59515 - R:localhost/127.0.0.1:2690] for POST '/session/1d17cba2db6a7aededa6c8addbfcc1f0/element'
[DEBUG] 

Request DefaultHttpRequest(decodeResult: success, version: HTTP/1.1)
POST /session/1d17cba2db6a7aededa6c8addbfcc1f0/element HTTP/1.1
User-Agent: selenium/4.6.0 (java windows)
Content-Length: 129
Content-Type: application/json; charset=utf-8
host: localhost:2690
accept: */*

Response DefaultHttpResponse(decodeResult: success, version: HTTP/1.1)
HTTP/1.1 200 OK
Content-Type: application/json; charset=utf-8
cache-control: no-cache
content-length: 88

[DEBUG] Adding key: http://localhost:2690 for channel [id: 0xe5765420, L:/127.0.0.1:59515 - R:localhost/127.0.0.1:2690]
[DEBUG] Using pooled Channel '[id: 0xe5765420, L:/127.0.0.1:59515 - R:localhost/127.0.0.1:2690]' for 'GET' to 'http://localhost:2690/session/1d17cba2db6a7aededa6c8addbfcc1f0/element/4f9e9d98-fe7d-4aee-9383-d966fe7f4c7f/text'
[DEBUG] Using open Channel [id: 0xe5765420, L:/127.0.0.1:59515 - R:localhost/127.0.0.1:2690] for GET '/session/1d17cba2db6a7aededa6c8addbfcc1f0/element/4f9e9d98-fe7d-4aee-9383-d966fe7f4c7f/text'
[DEBUG] 

Request DefaultFullHttpRequest(decodeResult: success, version: HTTP/1.1, content: EmptyByteBufBE)
GET /session/1d17cba2db6a7aededa6c8addbfcc1f0/element/4f9e9d98-fe7d-4aee-9383-d966fe7f4c7f/text HTTP/1.1
User-Agent: selenium/4.6.0 (java windows)
Cache-Control: no-cache
Content-Type: application/json; charset=utf-8
host: localhost:2690
accept: */*

Response DefaultHttpResponse(decodeResult: success, version: HTTP/1.1)
HTTP/1.1 200 OK
Content-Type: application/json; charset=utf-8
cache-control: no-cache
content-length: 23

[DEBUG] Adding key: http://localhost:2690 for channel [id: 0xe5765420, L:/127.0.0.1:59515 - R:localhost/127.0.0.1:2690]
[DEBUG] Using pooled Channel '[id: 0xe5765420, L:/127.0.0.1:59515 - R:localhost/127.0.0.1:2690]' for 'POST' to 'http://localhost:2690/session/1d17cba2db6a7aededa6c8addbfcc1f0/element'
[DEBUG] Using open Channel [id: 0xe5765420, L:/127.0.0.1:59515 - R:localhost/127.0.0.1:2690] for POST '/session/1d17cba2db6a7aededa6c8addbfcc1f0/element'
[DEBUG] 

Request DefaultHttpRequest(decodeResult: success, version: HTTP/1.1)
POST /session/1d17cba2db6a7aededa6c8addbfcc1f0/element HTTP/1.1
User-Agent: selenium/4.6.0 (java windows)
Content-Length: 129
Content-Type: application/json; charset=utf-8
host: localhost:2690
accept: */*

Response DefaultHttpResponse(decodeResult: success, version: HTTP/1.1)
HTTP/1.1 200 OK
Content-Type: application/json; charset=utf-8
cache-control: no-cache
content-length: 88

[DEBUG] Adding key: http://localhost:2690 for channel [id: 0xe5765420, L:/127.0.0.1:59515 - R:localhost/127.0.0.1:2690]
[DEBUG] Using pooled Channel '[id: 0xe5765420, L:/127.0.0.1:59515 - R:localhost/127.0.0.1:2690]' for 'GET' to 'http://localhost:2690/session/1d17cba2db6a7aededa6c8addbfcc1f0/element/73741b61-319d-4d9e-b08b-7bf75b63b929/text'
[DEBUG] Using open Channel [id: 0xe5765420, L:/127.0.0.1:59515 - R:localhost/127.0.0.1:2690] for GET '/session/1d17cba2db6a7aededa6c8addbfcc1f0/element/73741b61-319d-4d9e-b08b-7bf75b63b929/text'
[DEBUG] 

Request DefaultFullHttpRequest(decodeResult: success, version: HTTP/1.1, content: EmptyByteBufBE)
GET /session/1d17cba2db6a7aededa6c8addbfcc1f0/element/73741b61-319d-4d9e-b08b-7bf75b63b929/text HTTP/1.1
User-Agent: selenium/4.6.0 (java windows)
Cache-Control: no-cache
Content-Type: application/json; charset=utf-8
host: localhost:2690
accept: */*

Response DefaultHttpResponse(decodeResult: success, version: HTTP/1.1)
HTTP/1.1 200 OK
Content-Type: application/json; charset=utf-8
cache-control: no-cache
content-length: 21

[DEBUG] Adding key: http://localhost:2690 for channel [id: 0xe5765420, L:/127.0.0.1:59515 - R:localhost/127.0.0.1:2690]
[DEBUG] Using pooled Channel '[id: 0xe5765420, L:/127.0.0.1:59515 - R:localhost/127.0.0.1:2690]' for 'POST' to 'http://localhost:2690/session/1d17cba2db6a7aededa6c8addbfcc1f0/element'
[DEBUG] Using open Channel [id: 0xe5765420, L:/127.0.0.1:59515 - R:localhost/127.0.0.1:2690] for POST '/session/1d17cba2db6a7aededa6c8addbfcc1f0/element'
[DEBUG] 

Request DefaultHttpRequest(decodeResult: success, version: HTTP/1.1)
POST /session/1d17cba2db6a7aededa6c8addbfcc1f0/element HTTP/1.1
User-Agent: selenium/4.6.0 (java windows)
Content-Length: 129
Content-Type: application/json; charset=utf-8
host: localhost:2690
accept: */*

Response DefaultHttpResponse(decodeResult: success, version: HTTP/1.1)
HTTP/1.1 200 OK
Content-Type: application/json; charset=utf-8
cache-control: no-cache
content-length: 88

[DEBUG] Adding key: http://localhost:2690 for channel [id: 0xe5765420, L:/127.0.0.1:59515 - R:localhost/127.0.0.1:2690]
[DEBUG] Using pooled Channel '[id: 0xe5765420, L:/127.0.0.1:59515 - R:localhost/127.0.0.1:2690]' for 'GET' to 'http://localhost:2690/session/1d17cba2db6a7aededa6c8addbfcc1f0/element/f4c86d65-3325-4410-a86e-3f6c18d65029/text'
[DEBUG] Using open Channel [id: 0xe5765420, L:/127.0.0.1:59515 - R:localhost/127.0.0.1:2690] for GET '/session/1d17cba2db6a7aededa6c8addbfcc1f0/element/f4c86d65-3325-4410-a86e-3f6c18d65029/text'
[DEBUG] 

Request DefaultFullHttpRequest(decodeResult: success, version: HTTP/1.1, content: EmptyByteBufBE)
GET /session/1d17cba2db6a7aededa6c8addbfcc1f0/element/f4c86d65-3325-4410-a86e-3f6c18d65029/text HTTP/1.1
User-Agent: selenium/4.6.0 (java windows)
Cache-Control: no-cache
Content-Type: application/json; charset=utf-8
host: localhost:2690
accept: */*

Response DefaultHttpResponse(decodeResult: success, version: HTTP/1.1)
HTTP/1.1 200 OK
Content-Type: application/json; charset=utf-8
cache-control: no-cache
content-length: 58

[DEBUG] Adding key: http://localhost:2690 for channel [id: 0xe5765420, L:/127.0.0.1:59515 - R:localhost/127.0.0.1:2690]
[DEBUG] Using pooled Channel '[id: 0xe5765420, L:/127.0.0.1:59515 - R:localhost/127.0.0.1:2690]' for 'POST' to 'http://localhost:2690/session/1d17cba2db6a7aededa6c8addbfcc1f0/element'
[DEBUG] Using open Channel [id: 0xe5765420, L:/127.0.0.1:59515 - R:localhost/127.0.0.1:2690] for POST '/session/1d17cba2db6a7aededa6c8addbfcc1f0/element'
[DEBUG] 

Request DefaultHttpRequest(decodeResult: success, version: HTTP/1.1)
POST /session/1d17cba2db6a7aededa6c8addbfcc1f0/element HTTP/1.1
User-Agent: selenium/4.6.0 (java windows)
Content-Length: 129
Content-Type: application/json; charset=utf-8
host: localhost:2690
accept: */*

Response DefaultHttpResponse(decodeResult: success, version: HTTP/1.1)
HTTP/1.1 200 OK
Content-Type: application/json; charset=utf-8
cache-control: no-cache
content-length: 88

[DEBUG] Adding key: http://localhost:2690 for channel [id: 0xe5765420, L:/127.0.0.1:59515 - R:localhost/127.0.0.1:2690]
[DEBUG] Using pooled Channel '[id: 0xe5765420, L:/127.0.0.1:59515 - R:localhost/127.0.0.1:2690]' for 'GET' to 'http://localhost:2690/session/1d17cba2db6a7aededa6c8addbfcc1f0/element/60cf1b99-9da5-44f7-845c-7b0b4bf036ba/text'
[DEBUG] Using open Channel [id: 0xe5765420, L:/127.0.0.1:59515 - R:localhost/127.0.0.1:2690] for GET '/session/1d17cba2db6a7aededa6c8addbfcc1f0/element/60cf1b99-9da5-44f7-845c-7b0b4bf036ba/text'
[DEBUG] 

Request DefaultFullHttpRequest(decodeResult: success, version: HTTP/1.1, content: EmptyByteBufBE)
GET /session/1d17cba2db6a7aededa6c8addbfcc1f0/element/60cf1b99-9da5-44f7-845c-7b0b4bf036ba/text HTTP/1.1
User-Agent: selenium/4.6.0 (java windows)
Cache-Control: no-cache
Content-Type: application/json; charset=utf-8
host: localhost:2690
accept: */*

Response DefaultHttpResponse(decodeResult: success, version: HTTP/1.1)
HTTP/1.1 200 OK
Content-Type: application/json; charset=utf-8
cache-control: no-cache
content-length: 28

[DEBUG] Adding key: http://localhost:2690 for channel [id: 0xe5765420, L:/127.0.0.1:59515 - R:localhost/127.0.0.1:2690]
[DEBUG] Using pooled Channel '[id: 0xe5765420, L:/127.0.0.1:59515 - R:localhost/127.0.0.1:2690]' for 'POST' to 'http://localhost:2690/session/1d17cba2db6a7aededa6c8addbfcc1f0/element'
[DEBUG] Using open Channel [id: 0xe5765420, L:/127.0.0.1:59515 - R:localhost/127.0.0.1:2690] for POST '/session/1d17cba2db6a7aededa6c8addbfcc1f0/element'
[DEBUG] 

Request DefaultHttpRequest(decodeResult: success, version: HTTP/1.1)
POST /session/1d17cba2db6a7aededa6c8addbfcc1f0/element HTTP/1.1
User-Agent: selenium/4.6.0 (java windows)
Content-Length: 129
Content-Type: application/json; charset=utf-8
host: localhost:2690
accept: */*

Response DefaultHttpResponse(decodeResult: success, version: HTTP/1.1)
HTTP/1.1 200 OK
Content-Type: application/json; charset=utf-8
cache-control: no-cache
content-length: 88

[DEBUG] Adding key: http://localhost:2690 for channel [id: 0xe5765420, L:/127.0.0.1:59515 - R:localhost/127.0.0.1:2690]
[DEBUG] Using pooled Channel '[id: 0xe5765420, L:/127.0.0.1:59515 - R:localhost/127.0.0.1:2690]' for 'GET' to 'http://localhost:2690/session/1d17cba2db6a7aededa6c8addbfcc1f0/element/6e4fa2e2-8fa2-493a-bcd7-6b086cd98119/text'
[DEBUG] Using open Channel [id: 0xe5765420, L:/127.0.0.1:59515 - R:localhost/127.0.0.1:2690] for GET '/session/1d17cba2db6a7aededa6c8addbfcc1f0/element/6e4fa2e2-8fa2-493a-bcd7-6b086cd98119/text'
[DEBUG] 

Request DefaultFullHttpRequest(decodeResult: success, version: HTTP/1.1, content: EmptyByteBufBE)
GET /session/1d17cba2db6a7aededa6c8addbfcc1f0/element/6e4fa2e2-8fa2-493a-bcd7-6b086cd98119/text HTTP/1.1
User-Agent: selenium/4.6.0 (java windows)
Cache-Control: no-cache
Content-Type: application/json; charset=utf-8
host: localhost:2690
accept: */*

Response DefaultHttpResponse(decodeResult: success, version: HTTP/1.1)
HTTP/1.1 200 OK
Content-Type: application/json; charset=utf-8
cache-control: no-cache
content-length: 23

[DEBUG] Adding key: http://localhost:2690 for channel [id: 0xe5765420, L:/127.0.0.1:59515 - R:localhost/127.0.0.1:2690]
[DEBUG] Using pooled Channel '[id: 0xe5765420, L:/127.0.0.1:59515 - R:localhost/127.0.0.1:2690]' for 'POST' to 'http://localhost:2690/session/1d17cba2db6a7aededa6c8addbfcc1f0/element'
[DEBUG] Using open Channel [id: 0xe5765420, L:/127.0.0.1:59515 - R:localhost/127.0.0.1:2690] for POST '/session/1d17cba2db6a7aededa6c8addbfcc1f0/element'
[DEBUG] 

Request DefaultHttpRequest(decodeResult: success, version: HTTP/1.1)
POST /session/1d17cba2db6a7aededa6c8addbfcc1f0/element HTTP/1.1
User-Agent: selenium/4.6.0 (java windows)
Content-Length: 129
Content-Type: application/json; charset=utf-8
host: localhost:2690
accept: */*

Response DefaultHttpResponse(decodeResult: success, version: HTTP/1.1)
HTTP/1.1 200 OK
Content-Type: application/json; charset=utf-8
cache-control: no-cache
content-length: 88

[DEBUG] Adding key: http://localhost:2690 for channel [id: 0xe5765420, L:/127.0.0.1:59515 - R:localhost/127.0.0.1:2690]
[DEBUG] Using pooled Channel '[id: 0xe5765420, L:/127.0.0.1:59515 - R:localhost/127.0.0.1:2690]' for 'GET' to 'http://localhost:2690/session/1d17cba2db6a7aededa6c8addbfcc1f0/element/1b4af53f-5a79-400f-88c7-ddc96e412fe0/text'
[DEBUG] Using open Channel [id: 0xe5765420, L:/127.0.0.1:59515 - R:localhost/127.0.0.1:2690] for GET '/session/1d17cba2db6a7aededa6c8addbfcc1f0/element/1b4af53f-5a79-400f-88c7-ddc96e412fe0/text'
[DEBUG] 

Request DefaultFullHttpRequest(decodeResult: success, version: HTTP/1.1, content: EmptyByteBufBE)
GET /session/1d17cba2db6a7aededa6c8addbfcc1f0/element/1b4af53f-5a79-400f-88c7-ddc96e412fe0/text HTTP/1.1
User-Agent: selenium/4.6.0 (java windows)
Cache-Control: no-cache
Content-Type: application/json; charset=utf-8
host: localhost:2690
accept: */*

Response DefaultHttpResponse(decodeResult: success, version: HTTP/1.1)
HTTP/1.1 200 OK
Content-Type: application/json; charset=utf-8
cache-control: no-cache
content-length: 20

[DEBUG] Adding key: http://localhost:2690 for channel [id: 0xe5765420, L:/127.0.0.1:59515 - R:localhost/127.0.0.1:2690]
[DEBUG] Using pooled Channel '[id: 0xe5765420, L:/127.0.0.1:59515 - R:localhost/127.0.0.1:2690]' for 'POST' to 'http://localhost:2690/session/1d17cba2db6a7aededa6c8addbfcc1f0/element'
[DEBUG] Using open Channel [id: 0xe5765420, L:/127.0.0.1:59515 - R:localhost/127.0.0.1:2690] for POST '/session/1d17cba2db6a7aededa6c8addbfcc1f0/element'
[DEBUG] 

Request DefaultHttpRequest(decodeResult: success, version: HTTP/1.1)
POST /session/1d17cba2db6a7aededa6c8addbfcc1f0/element HTTP/1.1
User-Agent: selenium/4.6.0 (java windows)
Content-Length: 129
Content-Type: application/json; charset=utf-8
host: localhost:2690
accept: */*

Response DefaultHttpResponse(decodeResult: success, version: HTTP/1.1)
HTTP/1.1 200 OK
Content-Type: application/json; charset=utf-8
cache-control: no-cache
content-length: 88

[DEBUG] Adding key: http://localhost:2690 for channel [id: 0xe5765420, L:/127.0.0.1:59515 - R:localhost/127.0.0.1:2690]
[DEBUG] Using pooled Channel '[id: 0xe5765420, L:/127.0.0.1:59515 - R:localhost/127.0.0.1:2690]' for 'GET' to 'http://localhost:2690/session/1d17cba2db6a7aededa6c8addbfcc1f0/element/d7fc2194-0936-4344-b323-dd727ab35300/text'
[DEBUG] Using open Channel [id: 0xe5765420, L:/127.0.0.1:59515 - R:localhost/127.0.0.1:2690] for GET '/session/1d17cba2db6a7aededa6c8addbfcc1f0/element/d7fc2194-0936-4344-b323-dd727ab35300/text'
[DEBUG] 

Request DefaultFullHttpRequest(decodeResult: success, version: HTTP/1.1, content: EmptyByteBufBE)
GET /session/1d17cba2db6a7aededa6c8addbfcc1f0/element/d7fc2194-0936-4344-b323-dd727ab35300/text HTTP/1.1
User-Agent: selenium/4.6.0 (java windows)
Cache-Control: no-cache
Content-Type: application/json; charset=utf-8
host: localhost:2690
accept: */*

Response DefaultHttpResponse(decodeResult: success, version: HTTP/1.1)
HTTP/1.1 200 OK
Content-Type: application/json; charset=utf-8
cache-control: no-cache
content-length: 28

[DEBUG] Adding key: http://localhost:2690 for channel [id: 0xe5765420, L:/127.0.0.1:59515 - R:localhost/127.0.0.1:2690]
[DEBUG] Using pooled Channel '[id: 0xe5765420, L:/127.0.0.1:59515 - R:localhost/127.0.0.1:2690]' for 'POST' to 'http://localhost:2690/session/1d17cba2db6a7aededa6c8addbfcc1f0/element'
[DEBUG] Using open Channel [id: 0xe5765420, L:/127.0.0.1:59515 - R:localhost/127.0.0.1:2690] for POST '/session/1d17cba2db6a7aededa6c8addbfcc1f0/element'
[DEBUG] 

Request DefaultHttpRequest(decodeResult: success, version: HTTP/1.1)
POST /session/1d17cba2db6a7aededa6c8addbfcc1f0/element HTTP/1.1
User-Agent: selenium/4.6.0 (java windows)
Content-Length: 129
Content-Type: application/json; charset=utf-8
host: localhost:2690
accept: */*

Response DefaultHttpResponse(decodeResult: success, version: HTTP/1.1)
HTTP/1.1 200 OK
Content-Type: application/json; charset=utf-8
cache-control: no-cache
content-length: 88

[DEBUG] Adding key: http://localhost:2690 for channel [id: 0xe5765420, L:/127.0.0.1:59515 - R:localhost/127.0.0.1:2690]
[DEBUG] Using pooled Channel '[id: 0xe5765420, L:/127.0.0.1:59515 - R:localhost/127.0.0.1:2690]' for 'GET' to 'http://localhost:2690/session/1d17cba2db6a7aededa6c8addbfcc1f0/element/b431674c-5e5b-40d8-b57b-0e3526007f49/text'
[DEBUG] Using open Channel [id: 0xe5765420, L:/127.0.0.1:59515 - R:localhost/127.0.0.1:2690] for GET '/session/1d17cba2db6a7aededa6c8addbfcc1f0/element/b431674c-5e5b-40d8-b57b-0e3526007f49/text'
[DEBUG] 

Request DefaultFullHttpRequest(decodeResult: success, version: HTTP/1.1, content: EmptyByteBufBE)
GET /session/1d17cba2db6a7aededa6c8addbfcc1f0/element/b431674c-5e5b-40d8-b57b-0e3526007f49/text HTTP/1.1
User-Agent: selenium/4.6.0 (java windows)
Cache-Control: no-cache
Content-Type: application/json; charset=utf-8
host: localhost:2690
accept: */*

Response DefaultHttpResponse(decodeResult: success, version: HTTP/1.1)
HTTP/1.1 200 OK
Content-Type: application/json; charset=utf-8
cache-control: no-cache
content-length: 28

[DEBUG] Adding key: http://localhost:2690 for channel [id: 0xe5765420, L:/127.0.0.1:59515 - R:localhost/127.0.0.1:2690]
[DEBUG] Using pooled Channel '[id: 0xe5765420, L:/127.0.0.1:59515 - R:localhost/127.0.0.1:2690]' for 'POST' to 'http://localhost:2690/session/1d17cba2db6a7aededa6c8addbfcc1f0/element'
[DEBUG] Using open Channel [id: 0xe5765420, L:/127.0.0.1:59515 - R:localhost/127.0.0.1:2690] for POST '/session/1d17cba2db6a7aededa6c8addbfcc1f0/element'
[DEBUG] 

Request DefaultHttpRequest(decodeResult: success, version: HTTP/1.1)
POST /session/1d17cba2db6a7aededa6c8addbfcc1f0/element HTTP/1.1
User-Agent: selenium/4.6.0 (java windows)
Content-Length: 129
Content-Type: application/json; charset=utf-8
host: localhost:2690
accept: */*

Response DefaultHttpResponse(decodeResult: success, version: HTTP/1.1)
HTTP/1.1 200 OK
Content-Type: application/json; charset=utf-8
cache-control: no-cache
content-length: 88

[DEBUG] Adding key: http://localhost:2690 for channel [id: 0xe5765420, L:/127.0.0.1:59515 - R:localhost/127.0.0.1:2690]
[DEBUG] Using pooled Channel '[id: 0xe5765420, L:/127.0.0.1:59515 - R:localhost/127.0.0.1:2690]' for 'GET' to 'http://localhost:2690/session/1d17cba2db6a7aededa6c8addbfcc1f0/element/8a74e734-36c0-4792-b25a-0ac1e56e1c74/text'
[DEBUG] Using open Channel [id: 0xe5765420, L:/127.0.0.1:59515 - R:localhost/127.0.0.1:2690] for GET '/session/1d17cba2db6a7aededa6c8addbfcc1f0/element/8a74e734-36c0-4792-b25a-0ac1e56e1c74/text'
[DEBUG] 

Request DefaultFullHttpRequest(decodeResult: success, version: HTTP/1.1, content: EmptyByteBufBE)
GET /session/1d17cba2db6a7aededa6c8addbfcc1f0/element/8a74e734-36c0-4792-b25a-0ac1e56e1c74/text HTTP/1.1
User-Agent: selenium/4.6.0 (java windows)
Cache-Control: no-cache
Content-Type: application/json; charset=utf-8
host: localhost:2690
accept: */*

Response DefaultHttpResponse(decodeResult: success, version: HTTP/1.1)
HTTP/1.1 200 OK
Content-Type: application/json; charset=utf-8
cache-control: no-cache
content-length: 23

[DEBUG] Adding key: http://localhost:2690 for channel [id: 0xe5765420, L:/127.0.0.1:59515 - R:localhost/127.0.0.1:2690]
[DEBUG] Using pooled Channel '[id: 0xe5765420, L:/127.0.0.1:59515 - R:localhost/127.0.0.1:2690]' for 'POST' to 'http://localhost:2690/session/1d17cba2db6a7aededa6c8addbfcc1f0/element'
[DEBUG] Using open Channel [id: 0xe5765420, L:/127.0.0.1:59515 - R:localhost/127.0.0.1:2690] for POST '/session/1d17cba2db6a7aededa6c8addbfcc1f0/element'
[DEBUG] 

Request DefaultHttpRequest(decodeResult: success, version: HTTP/1.1)
POST /session/1d17cba2db6a7aededa6c8addbfcc1f0/element HTTP/1.1
User-Agent: selenium/4.6.0 (java windows)
Content-Length: 129
Content-Type: application/json; charset=utf-8
host: localhost:2690
accept: */*

Response DefaultHttpResponse(decodeResult: success, version: HTTP/1.1)
HTTP/1.1 200 OK
Content-Type: application/json; charset=utf-8
cache-control: no-cache
content-length: 88

[DEBUG] Adding key: http://localhost:2690 for channel [id: 0xe5765420, L:/127.0.0.1:59515 - R:localhost/127.0.0.1:2690]
[DEBUG] Using pooled Channel '[id: 0xe5765420, L:/127.0.0.1:59515 - R:localhost/127.0.0.1:2690]' for 'GET' to 'http://localhost:2690/session/1d17cba2db6a7aededa6c8addbfcc1f0/element/c3684a97-5d31-44a1-babf-ef926cc07247/text'
[DEBUG] Using open Channel [id: 0xe5765420, L:/127.0.0.1:59515 - R:localhost/127.0.0.1:2690] for GET '/session/1d17cba2db6a7aededa6c8addbfcc1f0/element/c3684a97-5d31-44a1-babf-ef926cc07247/text'
[DEBUG] 

Request DefaultFullHttpRequest(decodeResult: success, version: HTTP/1.1, content: EmptyByteBufBE)
GET /session/1d17cba2db6a7aededa6c8addbfcc1f0/element/c3684a97-5d31-44a1-babf-ef926cc07247/text HTTP/1.1
User-Agent: selenium/4.6.0 (java windows)
Cache-Control: no-cache
Content-Type: application/json; charset=utf-8
host: localhost:2690
accept: */*

Response DefaultHttpResponse(decodeResult: success, version: HTTP/1.1)
HTTP/1.1 200 OK
Content-Type: application/json; charset=utf-8
cache-control: no-cache
content-length: 18

[DEBUG] Adding key: http://localhost:2690 for channel [id: 0xe5765420, L:/127.0.0.1:59515 - R:localhost/127.0.0.1:2690]
[DEBUG] Using pooled Channel '[id: 0xe5765420, L:/127.0.0.1:59515 - R:localhost/127.0.0.1:2690]' for 'POST' to 'http://localhost:2690/session/1d17cba2db6a7aededa6c8addbfcc1f0/element'
[DEBUG] Using open Channel [id: 0xe5765420, L:/127.0.0.1:59515 - R:localhost/127.0.0.1:2690] for POST '/session/1d17cba2db6a7aededa6c8addbfcc1f0/element'
[DEBUG] 

Request DefaultHttpRequest(decodeResult: success, version: HTTP/1.1)
POST /session/1d17cba2db6a7aededa6c8addbfcc1f0/element HTTP/1.1
User-Agent: selenium/4.6.0 (java windows)
Content-Length: 129
Content-Type: application/json; charset=utf-8
host: localhost:2690
accept: */*

Response DefaultHttpResponse(decodeResult: success, version: HTTP/1.1)
HTTP/1.1 200 OK
Content-Type: application/json; charset=utf-8
cache-control: no-cache
content-length: 88

[DEBUG] Adding key: http://localhost:2690 for channel [id: 0xe5765420, L:/127.0.0.1:59515 - R:localhost/127.0.0.1:2690]
[DEBUG] Using pooled Channel '[id: 0xe5765420, L:/127.0.0.1:59515 - R:localhost/127.0.0.1:2690]' for 'GET' to 'http://localhost:2690/session/1d17cba2db6a7aededa6c8addbfcc1f0/element/824f8e4e-f81e-4d25-9251-b2713f784d6a/text'
[DEBUG] Using open Channel [id: 0xe5765420, L:/127.0.0.1:59515 - R:localhost/127.0.0.1:2690] for GET '/session/1d17cba2db6a7aededa6c8addbfcc1f0/element/824f8e4e-f81e-4d25-9251-b2713f784d6a/text'
[DEBUG] 

Request DefaultFullHttpRequest(decodeResult: success, version: HTTP/1.1, content: EmptyByteBufBE)
GET /session/1d17cba2db6a7aededa6c8addbfcc1f0/element/824f8e4e-f81e-4d25-9251-b2713f784d6a/text HTTP/1.1
User-Agent: selenium/4.6.0 (java windows)
Cache-Control: no-cache
Content-Type: application/json; charset=utf-8
host: localhost:2690
accept: */*

Response DefaultHttpResponse(decodeResult: success, version: HTTP/1.1)
HTTP/1.1 200 OK
Content-Type: application/json; charset=utf-8
cache-control: no-cache
content-length: 27

[DEBUG] Adding key: http://localhost:2690 for channel [id: 0xe5765420, L:/127.0.0.1:59515 - R:localhost/127.0.0.1:2690]
[DEBUG] Using pooled Channel '[id: 0xe5765420, L:/127.0.0.1:59515 - R:localhost/127.0.0.1:2690]' for 'POST' to 'http://localhost:2690/session/1d17cba2db6a7aededa6c8addbfcc1f0/element'
[DEBUG] Using open Channel [id: 0xe5765420, L:/127.0.0.1:59515 - R:localhost/127.0.0.1:2690] for POST '/session/1d17cba2db6a7aededa6c8addbfcc1f0/element'
[DEBUG] 

Request DefaultHttpRequest(decodeResult: success, version: HTTP/1.1)
POST /session/1d17cba2db6a7aededa6c8addbfcc1f0/element HTTP/1.1
User-Agent: selenium/4.6.0 (java windows)
Content-Length: 129
Content-Type: application/json; charset=utf-8
host: localhost:2690
accept: */*

Response DefaultHttpResponse(decodeResult: success, version: HTTP/1.1)
HTTP/1.1 200 OK
Content-Type: application/json; charset=utf-8
cache-control: no-cache
content-length: 88

[DEBUG] Adding key: http://localhost:2690 for channel [id: 0xe5765420, L:/127.0.0.1:59515 - R:localhost/127.0.0.1:2690]
[DEBUG] Using pooled Channel '[id: 0xe5765420, L:/127.0.0.1:59515 - R:localhost/127.0.0.1:2690]' for 'GET' to 'http://localhost:2690/session/1d17cba2db6a7aededa6c8addbfcc1f0/element/c810ba44-a521-4917-9da3-f5eea31f751f/text'
[DEBUG] Using open Channel [id: 0xe5765420, L:/127.0.0.1:59515 - R:localhost/127.0.0.1:2690] for GET '/session/1d17cba2db6a7aededa6c8addbfcc1f0/element/c810ba44-a521-4917-9da3-f5eea31f751f/text'
[DEBUG] 

Request DefaultFullHttpRequest(decodeResult: success, version: HTTP/1.1, content: EmptyByteBufBE)
GET /session/1d17cba2db6a7aededa6c8addbfcc1f0/element/c810ba44-a521-4917-9da3-f5eea31f751f/text HTTP/1.1
User-Agent: selenium/4.6.0 (java windows)
Cache-Control: no-cache
Content-Type: application/json; charset=utf-8
host: localhost:2690
accept: */*

Response DefaultHttpResponse(decodeResult: success, version: HTTP/1.1)
HTTP/1.1 200 OK
Content-Type: application/json; charset=utf-8
cache-control: no-cache
content-length: 26

[DEBUG] Adding key: http://localhost:2690 for channel [id: 0xe5765420, L:/127.0.0.1:59515 - R:localhost/127.0.0.1:2690]
[DEBUG] Using pooled Channel '[id: 0xe5765420, L:/127.0.0.1:59515 - R:localhost/127.0.0.1:2690]' for 'POST' to 'http://localhost:2690/session/1d17cba2db6a7aededa6c8addbfcc1f0/element'
[DEBUG] Using open Channel [id: 0xe5765420, L:/127.0.0.1:59515 - R:localhost/127.0.0.1:2690] for POST '/session/1d17cba2db6a7aededa6c8addbfcc1f0/element'
[DEBUG] 

Request DefaultHttpRequest(decodeResult: success, version: HTTP/1.1)
POST /session/1d17cba2db6a7aededa6c8addbfcc1f0/element HTTP/1.1
User-Agent: selenium/4.6.0 (java windows)
Content-Length: 129
Content-Type: application/json; charset=utf-8
host: localhost:2690
accept: */*

Response DefaultHttpResponse(decodeResult: success, version: HTTP/1.1)
HTTP/1.1 200 OK
Content-Type: application/json; charset=utf-8
cache-control: no-cache
content-length: 88

[DEBUG] Adding key: http://localhost:2690 for channel [id: 0xe5765420, L:/127.0.0.1:59515 - R:localhost/127.0.0.1:2690]
[DEBUG] Using pooled Channel '[id: 0xe5765420, L:/127.0.0.1:59515 - R:localhost/127.0.0.1:2690]' for 'GET' to 'http://localhost:2690/session/1d17cba2db6a7aededa6c8addbfcc1f0/element/dcc31236-4251-4b5e-b63d-99af481491c1/text'
[DEBUG] Using open Channel [id: 0xe5765420, L:/127.0.0.1:59515 - R:localhost/127.0.0.1:2690] for GET '/session/1d17cba2db6a7aededa6c8addbfcc1f0/element/dcc31236-4251-4b5e-b63d-99af481491c1/text'
[DEBUG] 

Request DefaultFullHttpRequest(decodeResult: success, version: HTTP/1.1, content: EmptyByteBufBE)
GET /session/1d17cba2db6a7aededa6c8addbfcc1f0/element/dcc31236-4251-4b5e-b63d-99af481491c1/text HTTP/1.1
User-Agent: selenium/4.6.0 (java windows)
Cache-Control: no-cache
Content-Type: application/json; charset=utf-8
host: localhost:2690
accept: */*

Response DefaultHttpResponse(decodeResult: success, version: HTTP/1.1)
HTTP/1.1 200 OK
Content-Type: application/json; charset=utf-8
cache-control: no-cache
content-length: 23

[DEBUG] Adding key: http://localhost:2690 for channel [id: 0xe5765420, L:/127.0.0.1:59515 - R:localhost/127.0.0.1:2690]
[DEBUG] Using pooled Channel '[id: 0xe5765420, L:/127.0.0.1:59515 - R:localhost/127.0.0.1:2690]' for 'POST' to 'http://localhost:2690/session/1d17cba2db6a7aededa6c8addbfcc1f0/element'
[DEBUG] Using open Channel [id: 0xe5765420, L:/127.0.0.1:59515 - R:localhost/127.0.0.1:2690] for POST '/session/1d17cba2db6a7aededa6c8addbfcc1f0/element'
[DEBUG] 

Request DefaultHttpRequest(decodeResult: success, version: HTTP/1.1)
POST /session/1d17cba2db6a7aededa6c8addbfcc1f0/element HTTP/1.1
User-Agent: selenium/4.6.0 (java windows)
Content-Length: 129
Content-Type: application/json; charset=utf-8
host: localhost:2690
accept: */*

Response DefaultHttpResponse(decodeResult: success, version: HTTP/1.1)
HTTP/1.1 200 OK
Content-Type: application/json; charset=utf-8
cache-control: no-cache
content-length: 88

[DEBUG] Adding key: http://localhost:2690 for channel [id: 0xe5765420, L:/127.0.0.1:59515 - R:localhost/127.0.0.1:2690]
[DEBUG] Using pooled Channel '[id: 0xe5765420, L:/127.0.0.1:59515 - R:localhost/127.0.0.1:2690]' for 'GET' to 'http://localhost:2690/session/1d17cba2db6a7aededa6c8addbfcc1f0/element/a23ba1d6-ea92-4e04-9853-339ff6fbca0f/text'
[DEBUG] Using open Channel [id: 0xe5765420, L:/127.0.0.1:59515 - R:localhost/127.0.0.1:2690] for GET '/session/1d17cba2db6a7aededa6c8addbfcc1f0/element/a23ba1d6-ea92-4e04-9853-339ff6fbca0f/text'
[DEBUG] 

Request DefaultFullHttpRequest(decodeResult: success, version: HTTP/1.1, content: EmptyByteBufBE)
GET /session/1d17cba2db6a7aededa6c8addbfcc1f0/element/a23ba1d6-ea92-4e04-9853-339ff6fbca0f/text HTTP/1.1
User-Agent: selenium/4.6.0 (java windows)
Cache-Control: no-cache
Content-Type: application/json; charset=utf-8
host: localhost:2690
accept: */*

Response DefaultHttpResponse(decodeResult: success, version: HTTP/1.1)
HTTP/1.1 200 OK
Content-Type: application/json; charset=utf-8
cache-control: no-cache
content-length: 18

[DEBUG] Adding key: http://localhost:2690 for channel [id: 0xe5765420, L:/127.0.0.1:59515 - R:localhost/127.0.0.1:2690]
[DEBUG] Using pooled Channel '[id: 0xe5765420, L:/127.0.0.1:59515 - R:localhost/127.0.0.1:2690]' for 'POST' to 'http://localhost:2690/session/1d17cba2db6a7aededa6c8addbfcc1f0/element'
[DEBUG] Using open Channel [id: 0xe5765420, L:/127.0.0.1:59515 - R:localhost/127.0.0.1:2690] for POST '/session/1d17cba2db6a7aededa6c8addbfcc1f0/element'
[DEBUG] 

Request DefaultHttpRequest(decodeResult: success, version: HTTP/1.1)
POST /session/1d17cba2db6a7aededa6c8addbfcc1f0/element HTTP/1.1
User-Agent: selenium/4.6.0 (java windows)
Content-Length: 129
Content-Type: application/json; charset=utf-8
host: localhost:2690
accept: */*

Response DefaultHttpResponse(decodeResult: success, version: HTTP/1.1)
HTTP/1.1 200 OK
Content-Type: application/json; charset=utf-8
cache-control: no-cache
content-length: 88

[DEBUG] Adding key: http://localhost:2690 for channel [id: 0xe5765420, L:/127.0.0.1:59515 - R:localhost/127.0.0.1:2690]
[DEBUG] Using pooled Channel '[id: 0xe5765420, L:/127.0.0.1:59515 - R:localhost/127.0.0.1:2690]' for 'GET' to 'http://localhost:2690/session/1d17cba2db6a7aededa6c8addbfcc1f0/element/96caed25-af3d-4f61-a42d-7fa1d5d0c448/text'
[DEBUG] Using open Channel [id: 0xe5765420, L:/127.0.0.1:59515 - R:localhost/127.0.0.1:2690] for GET '/session/1d17cba2db6a7aededa6c8addbfcc1f0/element/96caed25-af3d-4f61-a42d-7fa1d5d0c448/text'
[DEBUG] 

Request DefaultFullHttpRequest(decodeResult: success, version: HTTP/1.1, content: EmptyByteBufBE)
GET /session/1d17cba2db6a7aededa6c8addbfcc1f0/element/96caed25-af3d-4f61-a42d-7fa1d5d0c448/text HTTP/1.1
User-Agent: selenium/4.6.0 (java windows)
Cache-Control: no-cache
Content-Type: application/json; charset=utf-8
host: localhost:2690
accept: */*

Response DefaultHttpResponse(decodeResult: success, version: HTTP/1.1)
HTTP/1.1 200 OK
Content-Type: application/json; charset=utf-8
cache-control: no-cache
content-length: 44

[DEBUG] Adding key: http://localhost:2690 for channel [id: 0xe5765420, L:/127.0.0.1:59515 - R:localhost/127.0.0.1:2690]
[DEBUG] Using pooled Channel '[id: 0xe5765420, L:/127.0.0.1:59515 - R:localhost/127.0.0.1:2690]' for 'POST' to 'http://localhost:2690/session/1d17cba2db6a7aededa6c8addbfcc1f0/element'
[DEBUG] Using open Channel [id: 0xe5765420, L:/127.0.0.1:59515 - R:localhost/127.0.0.1:2690] for POST '/session/1d17cba2db6a7aededa6c8addbfcc1f0/element'
[DEBUG] 

Request DefaultHttpRequest(decodeResult: success, version: HTTP/1.1)
POST /session/1d17cba2db6a7aededa6c8addbfcc1f0/element HTTP/1.1
User-Agent: selenium/4.6.0 (java windows)
Content-Length: 129
Content-Type: application/json; charset=utf-8
host: localhost:2690
accept: */*

Response DefaultHttpResponse(decodeResult: success, version: HTTP/1.1)
HTTP/1.1 200 OK
Content-Type: application/json; charset=utf-8
cache-control: no-cache
content-length: 88

[DEBUG] Adding key: http://localhost:2690 for channel [id: 0xe5765420, L:/127.0.0.1:59515 - R:localhost/127.0.0.1:2690]
[DEBUG] Using pooled Channel '[id: 0xe5765420, L:/127.0.0.1:59515 - R:localhost/127.0.0.1:2690]' for 'GET' to 'http://localhost:2690/session/1d17cba2db6a7aededa6c8addbfcc1f0/element/e3e990cc-954f-48b6-88c7-c3bddd6ffba2/text'
[DEBUG] Using open Channel [id: 0xe5765420, L:/127.0.0.1:59515 - R:localhost/127.0.0.1:2690] for GET '/session/1d17cba2db6a7aededa6c8addbfcc1f0/element/e3e990cc-954f-48b6-88c7-c3bddd6ffba2/text'
[DEBUG] 

Request DefaultFullHttpRequest(decodeResult: success, version: HTTP/1.1, content: EmptyByteBufBE)
GET /session/1d17cba2db6a7aededa6c8addbfcc1f0/element/e3e990cc-954f-48b6-88c7-c3bddd6ffba2/text HTTP/1.1
User-Agent: selenium/4.6.0 (java windows)
Cache-Control: no-cache
Content-Type: application/json; charset=utf-8
host: localhost:2690
accept: */*

Response DefaultHttpResponse(decodeResult: success, version: HTTP/1.1)
HTTP/1.1 200 OK
Content-Type: application/json; charset=utf-8
cache-control: no-cache
content-length: 26

[DEBUG] Adding key: http://localhost:2690 for channel [id: 0xe5765420, L:/127.0.0.1:59515 - R:localhost/127.0.0.1:2690]
[DEBUG] Using pooled Channel '[id: 0xe5765420, L:/127.0.0.1:59515 - R:localhost/127.0.0.1:2690]' for 'POST' to 'http://localhost:2690/session/1d17cba2db6a7aededa6c8addbfcc1f0/element'
[DEBUG] Using open Channel [id: 0xe5765420, L:/127.0.0.1:59515 - R:localhost/127.0.0.1:2690] for POST '/session/1d17cba2db6a7aededa6c8addbfcc1f0/element'
[DEBUG] 

Request DefaultHttpRequest(decodeResult: success, version: HTTP/1.1)
POST /session/1d17cba2db6a7aededa6c8addbfcc1f0/element HTTP/1.1
User-Agent: selenium/4.6.0 (java windows)
Content-Length: 129
Content-Type: application/json; charset=utf-8
host: localhost:2690
accept: */*

Response DefaultHttpResponse(decodeResult: success, version: HTTP/1.1)
HTTP/1.1 200 OK
Content-Type: application/json; charset=utf-8
cache-control: no-cache
content-length: 88

[DEBUG] Adding key: http://localhost:2690 for channel [id: 0xe5765420, L:/127.0.0.1:59515 - R:localhost/127.0.0.1:2690]
[DEBUG] Using pooled Channel '[id: 0xe5765420, L:/127.0.0.1:59515 - R:localhost/127.0.0.1:2690]' for 'GET' to 'http://localhost:2690/session/1d17cba2db6a7aededa6c8addbfcc1f0/element/70c8598a-407a-419e-8178-4cc173dd7269/text'
[DEBUG] Using open Channel [id: 0xe5765420, L:/127.0.0.1:59515 - R:localhost/127.0.0.1:2690] for GET '/session/1d17cba2db6a7aededa6c8addbfcc1f0/element/70c8598a-407a-419e-8178-4cc173dd7269/text'
[DEBUG] 

Request DefaultFullHttpRequest(decodeResult: success, version: HTTP/1.1, content: EmptyByteBufBE)
GET /session/1d17cba2db6a7aededa6c8addbfcc1f0/element/70c8598a-407a-419e-8178-4cc173dd7269/text HTTP/1.1
User-Agent: selenium/4.6.0 (java windows)
Cache-Control: no-cache
Content-Type: application/json; charset=utf-8
host: localhost:2690
accept: */*

Response DefaultHttpResponse(decodeResult: success, version: HTTP/1.1)
HTTP/1.1 200 OK
Content-Type: application/json; charset=utf-8
cache-control: no-cache
content-length: 23

[DEBUG] Adding key: http://localhost:2690 for channel [id: 0xe5765420, L:/127.0.0.1:59515 - R:localhost/127.0.0.1:2690]
[DEBUG] Using pooled Channel '[id: 0xe5765420, L:/127.0.0.1:59515 - R:localhost/127.0.0.1:2690]' for 'POST' to 'http://localhost:2690/session/1d17cba2db6a7aededa6c8addbfcc1f0/element'
[DEBUG] Using open Channel [id: 0xe5765420, L:/127.0.0.1:59515 - R:localhost/127.0.0.1:2690] for POST '/session/1d17cba2db6a7aededa6c8addbfcc1f0/element'
[DEBUG] 

Request DefaultHttpRequest(decodeResult: success, version: HTTP/1.1)
POST /session/1d17cba2db6a7aededa6c8addbfcc1f0/element HTTP/1.1
User-Agent: selenium/4.6.0 (java windows)
Content-Length: 129
Content-Type: application/json; charset=utf-8
host: localhost:2690
accept: */*

Response DefaultHttpResponse(decodeResult: success, version: HTTP/1.1)
HTTP/1.1 200 OK
Content-Type: application/json; charset=utf-8
cache-control: no-cache
content-length: 88

[DEBUG] Adding key: http://localhost:2690 for channel [id: 0xe5765420, L:/127.0.0.1:59515 - R:localhost/127.0.0.1:2690]
[DEBUG] Using pooled Channel '[id: 0xe5765420, L:/127.0.0.1:59515 - R:localhost/127.0.0.1:2690]' for 'GET' to 'http://localhost:2690/session/1d17cba2db6a7aededa6c8addbfcc1f0/element/374214ed-856e-43ed-b0ce-d5984fee17b8/text'
[DEBUG] Using open Channel [id: 0xe5765420, L:/127.0.0.1:59515 - R:localhost/127.0.0.1:2690] for GET '/session/1d17cba2db6a7aededa6c8addbfcc1f0/element/374214ed-856e-43ed-b0ce-d5984fee17b8/text'
[DEBUG] 

Request DefaultFullHttpRequest(decodeResult: success, version: HTTP/1.1, content: EmptyByteBufBE)
GET /session/1d17cba2db6a7aededa6c8addbfcc1f0/element/374214ed-856e-43ed-b0ce-d5984fee17b8/text HTTP/1.1
User-Agent: selenium/4.6.0 (java windows)
Cache-Control: no-cache
Content-Type: application/json; charset=utf-8
host: localhost:2690
accept: */*

Response DefaultHttpResponse(decodeResult: success, version: HTTP/1.1)
HTTP/1.1 200 OK
Content-Type: application/json; charset=utf-8
cache-control: no-cache
content-length: 19

[DEBUG] Adding key: http://localhost:2690 for channel [id: 0xe5765420, L:/127.0.0.1:59515 - R:localhost/127.0.0.1:2690]
[DEBUG] Using pooled Channel '[id: 0xe5765420, L:/127.0.0.1:59515 - R:localhost/127.0.0.1:2690]' for 'POST' to 'http://localhost:2690/session/1d17cba2db6a7aededa6c8addbfcc1f0/element'
[DEBUG] Using open Channel [id: 0xe5765420, L:/127.0.0.1:59515 - R:localhost/127.0.0.1:2690] for POST '/session/1d17cba2db6a7aededa6c8addbfcc1f0/element'
[DEBUG] 

Request DefaultHttpRequest(decodeResult: success, version: HTTP/1.1)
POST /session/1d17cba2db6a7aededa6c8addbfcc1f0/element HTTP/1.1
User-Agent: selenium/4.6.0 (java windows)
Content-Length: 129
Content-Type: application/json; charset=utf-8
host: localhost:2690
accept: */*

Response DefaultHttpResponse(decodeResult: success, version: HTTP/1.1)
HTTP/1.1 200 OK
Content-Type: application/json; charset=utf-8
cache-control: no-cache
content-length: 88

[DEBUG] Adding key: http://localhost:2690 for channel [id: 0xe5765420, L:/127.0.0.1:59515 - R:localhost/127.0.0.1:2690]
[DEBUG] Using pooled Channel '[id: 0xe5765420, L:/127.0.0.1:59515 - R:localhost/127.0.0.1:2690]' for 'GET' to 'http://localhost:2690/session/1d17cba2db6a7aededa6c8addbfcc1f0/element/df810b0a-df72-4ece-bde9-7dc446c2fb20/text'
[DEBUG] Using open Channel [id: 0xe5765420, L:/127.0.0.1:59515 - R:localhost/127.0.0.1:2690] for GET '/session/1d17cba2db6a7aededa6c8addbfcc1f0/element/df810b0a-df72-4ece-bde9-7dc446c2fb20/text'
[DEBUG] 

Request DefaultFullHttpRequest(decodeResult: success, version: HTTP/1.1, content: EmptyByteBufBE)
GET /session/1d17cba2db6a7aededa6c8addbfcc1f0/element/df810b0a-df72-4ece-bde9-7dc446c2fb20/text HTTP/1.1
User-Agent: selenium/4.6.0 (java windows)
Cache-Control: no-cache
Content-Type: application/json; charset=utf-8
host: localhost:2690
accept: */*

Response DefaultHttpResponse(decodeResult: success, version: HTTP/1.1)
HTTP/1.1 200 OK
Content-Type: application/json; charset=utf-8
cache-control: no-cache
content-length: 57

[DEBUG] Adding key: http://localhost:2690 for channel [id: 0xe5765420, L:/127.0.0.1:59515 - R:localhost/127.0.0.1:2690]
[DEBUG] Using pooled Channel '[id: 0xe5765420, L:/127.0.0.1:59515 - R:localhost/127.0.0.1:2690]' for 'POST' to 'http://localhost:2690/session/1d17cba2db6a7aededa6c8addbfcc1f0/element'
[DEBUG] Using open Channel [id: 0xe5765420, L:/127.0.0.1:59515 - R:localhost/127.0.0.1:2690] for POST '/session/1d17cba2db6a7aededa6c8addbfcc1f0/element'
[DEBUG] 

Request DefaultHttpRequest(decodeResult: success, version: HTTP/1.1)
POST /session/1d17cba2db6a7aededa6c8addbfcc1f0/element HTTP/1.1
User-Agent: selenium/4.6.0 (java windows)
Content-Length: 129
Content-Type: application/json; charset=utf-8
host: localhost:2690
accept: */*

Response DefaultHttpResponse(decodeResult: success, version: HTTP/1.1)
HTTP/1.1 200 OK
Content-Type: application/json; charset=utf-8
cache-control: no-cache
content-length: 88

[DEBUG] Adding key: http://localhost:2690 for channel [id: 0xe5765420, L:/127.0.0.1:59515 - R:localhost/127.0.0.1:2690]
[DEBUG] Using pooled Channel '[id: 0xe5765420, L:/127.0.0.1:59515 - R:localhost/127.0.0.1:2690]' for 'GET' to 'http://localhost:2690/session/1d17cba2db6a7aededa6c8addbfcc1f0/element/454ccab2-b7b8-4298-8498-19c7f0be754d/text'
[DEBUG] Using open Channel [id: 0xe5765420, L:/127.0.0.1:59515 - R:localhost/127.0.0.1:2690] for GET '/session/1d17cba2db6a7aededa6c8addbfcc1f0/element/454ccab2-b7b8-4298-8498-19c7f0be754d/text'
[DEBUG] 

Request DefaultFullHttpRequest(decodeResult: success, version: HTTP/1.1, content: EmptyByteBufBE)
GET /session/1d17cba2db6a7aededa6c8addbfcc1f0/element/454ccab2-b7b8-4298-8498-19c7f0be754d/text HTTP/1.1
User-Agent: selenium/4.6.0 (java windows)
Cache-Control: no-cache
Content-Type: application/json; charset=utf-8
host: localhost:2690
accept: */*

Response DefaultHttpResponse(decodeResult: success, version: HTTP/1.1)
HTTP/1.1 200 OK
Content-Type: application/json; charset=utf-8
cache-control: no-cache
content-length: 28

[DEBUG] Adding key: http://localhost:2690 for channel [id: 0xe5765420, L:/127.0.0.1:59515 - R:localhost/127.0.0.1:2690]
[DEBUG] Using pooled Channel '[id: 0xe5765420, L:/127.0.0.1:59515 - R:localhost/127.0.0.1:2690]' for 'POST' to 'http://localhost:2690/session/1d17cba2db6a7aededa6c8addbfcc1f0/element'
[DEBUG] Using open Channel [id: 0xe5765420, L:/127.0.0.1:59515 - R:localhost/127.0.0.1:2690] for POST '/session/1d17cba2db6a7aededa6c8addbfcc1f0/element'
[DEBUG] 

Request DefaultHttpRequest(decodeResult: success, version: HTTP/1.1)
POST /session/1d17cba2db6a7aededa6c8addbfcc1f0/element HTTP/1.1
User-Agent: selenium/4.6.0 (java windows)
Content-Length: 129
Content-Type: application/json; charset=utf-8
host: localhost:2690
accept: */*

Response DefaultHttpResponse(decodeResult: success, version: HTTP/1.1)
HTTP/1.1 200 OK
Content-Type: application/json; charset=utf-8
cache-control: no-cache
content-length: 88

[DEBUG] Adding key: http://localhost:2690 for channel [id: 0xe5765420, L:/127.0.0.1:59515 - R:localhost/127.0.0.1:2690]
[DEBUG] Using pooled Channel '[id: 0xe5765420, L:/127.0.0.1:59515 - R:localhost/127.0.0.1:2690]' for 'GET' to 'http://localhost:2690/session/1d17cba2db6a7aededa6c8addbfcc1f0/element/26a106e3-561f-4925-8ddb-89252f2332f8/text'
[DEBUG] Using open Channel [id: 0xe5765420, L:/127.0.0.1:59515 - R:localhost/127.0.0.1:2690] for GET '/session/1d17cba2db6a7aededa6c8addbfcc1f0/element/26a106e3-561f-4925-8ddb-89252f2332f8/text'
[DEBUG] 

Request DefaultFullHttpRequest(decodeResult: success, version: HTTP/1.1, content: EmptyByteBufBE)
GET /session/1d17cba2db6a7aededa6c8addbfcc1f0/element/26a106e3-561f-4925-8ddb-89252f2332f8/text HTTP/1.1
User-Agent: selenium/4.6.0 (java windows)
Cache-Control: no-cache
Content-Type: application/json; charset=utf-8
host: localhost:2690
accept: */*

Response DefaultHttpResponse(decodeResult: success, version: HTTP/1.1)
HTTP/1.1 200 OK
Content-Type: application/json; charset=utf-8
cache-control: no-cache
content-length: 23

[DEBUG] Adding key: http://localhost:2690 for channel [id: 0xe5765420, L:/127.0.0.1:59515 - R:localhost/127.0.0.1:2690]
[DEBUG] Using pooled Channel '[id: 0xe5765420, L:/127.0.0.1:59515 - R:localhost/127.0.0.1:2690]' for 'POST' to 'http://localhost:2690/session/1d17cba2db6a7aededa6c8addbfcc1f0/element'
[DEBUG] Using open Channel [id: 0xe5765420, L:/127.0.0.1:59515 - R:localhost/127.0.0.1:2690] for POST '/session/1d17cba2db6a7aededa6c8addbfcc1f0/element'
[DEBUG] 

Request DefaultHttpRequest(decodeResult: success, version: HTTP/1.1)
POST /session/1d17cba2db6a7aededa6c8addbfcc1f0/element HTTP/1.1
User-Agent: selenium/4.6.0 (java windows)
Content-Length: 129
Content-Type: application/json; charset=utf-8
host: localhost:2690
accept: */*

Response DefaultHttpResponse(decodeResult: success, version: HTTP/1.1)
HTTP/1.1 200 OK
Content-Type: application/json; charset=utf-8
cache-control: no-cache
content-length: 88

[DEBUG] Adding key: http://localhost:2690 for channel [id: 0xe5765420, L:/127.0.0.1:59515 - R:localhost/127.0.0.1:2690]
[DEBUG] Using pooled Channel '[id: 0xe5765420, L:/127.0.0.1:59515 - R:localhost/127.0.0.1:2690]' for 'GET' to 'http://localhost:2690/session/1d17cba2db6a7aededa6c8addbfcc1f0/element/c6541b61-3e87-483a-bd7f-84b3f899419c/text'
[DEBUG] Using open Channel [id: 0xe5765420, L:/127.0.0.1:59515 - R:localhost/127.0.0.1:2690] for GET '/session/1d17cba2db6a7aededa6c8addbfcc1f0/element/c6541b61-3e87-483a-bd7f-84b3f899419c/text'
[DEBUG] 

Request DefaultFullHttpRequest(decodeResult: success, version: HTTP/1.1, content: EmptyByteBufBE)
GET /session/1d17cba2db6a7aededa6c8addbfcc1f0/element/c6541b61-3e87-483a-bd7f-84b3f899419c/text HTTP/1.1
User-Agent: selenium/4.6.0 (java windows)
Cache-Control: no-cache
Content-Type: application/json; charset=utf-8
host: localhost:2690
accept: */*

Response DefaultHttpResponse(decodeResult: success, version: HTTP/1.1)
HTTP/1.1 200 OK
Content-Type: application/json; charset=utf-8
cache-control: no-cache
content-length: 18

[DEBUG] Adding key: http://localhost:2690 for channel [id: 0xe5765420, L:/127.0.0.1:59515 - R:localhost/127.0.0.1:2690]
[DEBUG] Using pooled Channel '[id: 0xe5765420, L:/127.0.0.1:59515 - R:localhost/127.0.0.1:2690]' for 'POST' to 'http://localhost:2690/session/1d17cba2db6a7aededa6c8addbfcc1f0/element'
[DEBUG] Using open Channel [id: 0xe5765420, L:/127.0.0.1:59515 - R:localhost/127.0.0.1:2690] for POST '/session/1d17cba2db6a7aededa6c8addbfcc1f0/element'
[DEBUG] 

Request DefaultHttpRequest(decodeResult: success, version: HTTP/1.1)
POST /session/1d17cba2db6a7aededa6c8addbfcc1f0/element HTTP/1.1
User-Agent: selenium/4.6.0 (java windows)
Content-Length: 129
Content-Type: application/json; charset=utf-8
host: localhost:2690
accept: */*

Response DefaultHttpResponse(decodeResult: success, version: HTTP/1.1)
HTTP/1.1 200 OK
Content-Type: application/json; charset=utf-8
cache-control: no-cache
content-length: 88

[DEBUG] Adding key: http://localhost:2690 for channel [id: 0xe5765420, L:/127.0.0.1:59515 - R:localhost/127.0.0.1:2690]
[DEBUG] Using pooled Channel '[id: 0xe5765420, L:/127.0.0.1:59515 - R:localhost/127.0.0.1:2690]' for 'GET' to 'http://localhost:2690/session/1d17cba2db6a7aededa6c8addbfcc1f0/element/0f9cee7a-69da-4255-bdce-7b3e409dded1/text'
[DEBUG] Using open Channel [id: 0xe5765420, L:/127.0.0.1:59515 - R:localhost/127.0.0.1:2690] for GET '/session/1d17cba2db6a7aededa6c8addbfcc1f0/element/0f9cee7a-69da-4255-bdce-7b3e409dded1/text'
[DEBUG] 

Request DefaultFullHttpRequest(decodeResult: success, version: HTTP/1.1, content: EmptyByteBufBE)
GET /session/1d17cba2db6a7aededa6c8addbfcc1f0/element/0f9cee7a-69da-4255-bdce-7b3e409dded1/text HTTP/1.1
User-Agent: selenium/4.6.0 (java windows)
Cache-Control: no-cache
Content-Type: application/json; charset=utf-8
host: localhost:2690
accept: */*

Response DefaultHttpResponse(decodeResult: success, version: HTTP/1.1)
HTTP/1.1 200 OK
Content-Type: application/json; charset=utf-8
cache-control: no-cache
content-length: 41

[DEBUG] Adding key: http://localhost:2690 for channel [id: 0xe5765420, L:/127.0.0.1:59515 - R:localhost/127.0.0.1:2690]
[DEBUG] Using pooled Channel '[id: 0xe5765420, L:/127.0.0.1:59515 - R:localhost/127.0.0.1:2690]' for 'POST' to 'http://localhost:2690/session/1d17cba2db6a7aededa6c8addbfcc1f0/element'
[DEBUG] Using open Channel [id: 0xe5765420, L:/127.0.0.1:59515 - R:localhost/127.0.0.1:2690] for POST '/session/1d17cba2db6a7aededa6c8addbfcc1f0/element'
[DEBUG] 

Request DefaultHttpRequest(decodeResult: success, version: HTTP/1.1)
POST /session/1d17cba2db6a7aededa6c8addbfcc1f0/element HTTP/1.1
User-Agent: selenium/4.6.0 (java windows)
Content-Length: 129
Content-Type: application/json; charset=utf-8
host: localhost:2690
accept: */*

Response DefaultHttpResponse(decodeResult: success, version: HTTP/1.1)
HTTP/1.1 200 OK
Content-Type: application/json; charset=utf-8
cache-control: no-cache
content-length: 88

[DEBUG] Adding key: http://localhost:2690 for channel [id: 0xe5765420, L:/127.0.0.1:59515 - R:localhost/127.0.0.1:2690]
[DEBUG] Using pooled Channel '[id: 0xe5765420, L:/127.0.0.1:59515 - R:localhost/127.0.0.1:2690]' for 'GET' to 'http://localhost:2690/session/1d17cba2db6a7aededa6c8addbfcc1f0/element/8281f184-75d4-42d6-be36-39c8503190cc/text'
[DEBUG] Using open Channel [id: 0xe5765420, L:/127.0.0.1:59515 - R:localhost/127.0.0.1:2690] for GET '/session/1d17cba2db6a7aededa6c8addbfcc1f0/element/8281f184-75d4-42d6-be36-39c8503190cc/text'
[DEBUG] 

Request DefaultFullHttpRequest(decodeResult: success, version: HTTP/1.1, content: EmptyByteBufBE)
GET /session/1d17cba2db6a7aededa6c8addbfcc1f0/element/8281f184-75d4-42d6-be36-39c8503190cc/text HTTP/1.1
User-Agent: selenium/4.6.0 (java windows)
Cache-Control: no-cache
Content-Type: application/json; charset=utf-8
host: localhost:2690
accept: */*

Response DefaultHttpResponse(decodeResult: success, version: HTTP/1.1)
HTTP/1.1 200 OK
Content-Type: application/json; charset=utf-8
cache-control: no-cache
content-length: 28

[DEBUG] Adding key: http://localhost:2690 for channel [id: 0xe5765420, L:/127.0.0.1:59515 - R:localhost/127.0.0.1:2690]
[DEBUG] Using pooled Channel '[id: 0xe5765420, L:/127.0.0.1:59515 - R:localhost/127.0.0.1:2690]' for 'POST' to 'http://localhost:2690/session/1d17cba2db6a7aededa6c8addbfcc1f0/element'
[DEBUG] Using open Channel [id: 0xe5765420, L:/127.0.0.1:59515 - R:localhost/127.0.0.1:2690] for POST '/session/1d17cba2db6a7aededa6c8addbfcc1f0/element'
[DEBUG] 

Request DefaultHttpRequest(decodeResult: success, version: HTTP/1.1)
POST /session/1d17cba2db6a7aededa6c8addbfcc1f0/element HTTP/1.1
User-Agent: selenium/4.6.0 (java windows)
Content-Length: 129
Content-Type: application/json; charset=utf-8
host: localhost:2690
accept: */*

Response DefaultHttpResponse(decodeResult: success, version: HTTP/1.1)
HTTP/1.1 200 OK
Content-Type: application/json; charset=utf-8
cache-control: no-cache
content-length: 88

[DEBUG] Adding key: http://localhost:2690 for channel [id: 0xe5765420, L:/127.0.0.1:59515 - R:localhost/127.0.0.1:2690]
[DEBUG] Using pooled Channel '[id: 0xe5765420, L:/127.0.0.1:59515 - R:localhost/127.0.0.1:2690]' for 'GET' to 'http://localhost:2690/session/1d17cba2db6a7aededa6c8addbfcc1f0/element/85f52a19-dc0e-43aa-84bd-732a9bebdad6/text'
[DEBUG] Using open Channel [id: 0xe5765420, L:/127.0.0.1:59515 - R:localhost/127.0.0.1:2690] for GET '/session/1d17cba2db6a7aededa6c8addbfcc1f0/element/85f52a19-dc0e-43aa-84bd-732a9bebdad6/text'
[DEBUG] 

Request DefaultFullHttpRequest(decodeResult: success, version: HTTP/1.1, content: EmptyByteBufBE)
GET /session/1d17cba2db6a7aededa6c8addbfcc1f0/element/85f52a19-dc0e-43aa-84bd-732a9bebdad6/text HTTP/1.1
User-Agent: selenium/4.6.0 (java windows)
Cache-Control: no-cache
Content-Type: application/json; charset=utf-8
host: localhost:2690
accept: */*

Response DefaultHttpResponse(decodeResult: success, version: HTTP/1.1)
HTTP/1.1 200 OK
Content-Type: application/json; charset=utf-8
cache-control: no-cache
content-length: 23

[DEBUG] Adding key: http://localhost:2690 for channel [id: 0xe5765420, L:/127.0.0.1:59515 - R:localhost/127.0.0.1:2690]
[DEBUG] Using pooled Channel '[id: 0xe5765420, L:/127.0.0.1:59515 - R:localhost/127.0.0.1:2690]' for 'POST' to 'http://localhost:2690/session/1d17cba2db6a7aededa6c8addbfcc1f0/element'
[DEBUG] Using open Channel [id: 0xe5765420, L:/127.0.0.1:59515 - R:localhost/127.0.0.1:2690] for POST '/session/1d17cba2db6a7aededa6c8addbfcc1f0/element'
[DEBUG] 

Request DefaultHttpRequest(decodeResult: success, version: HTTP/1.1)
POST /session/1d17cba2db6a7aededa6c8addbfcc1f0/element HTTP/1.1
User-Agent: selenium/4.6.0 (java windows)
Content-Length: 129
Content-Type: application/json; charset=utf-8
host: localhost:2690
accept: */*

Response DefaultHttpResponse(decodeResult: success, version: HTTP/1.1)
HTTP/1.1 200 OK
Content-Type: application/json; charset=utf-8
cache-control: no-cache
content-length: 88

[DEBUG] Adding key: http://localhost:2690 for channel [id: 0xe5765420, L:/127.0.0.1:59515 - R:localhost/127.0.0.1:2690]
[DEBUG] Using pooled Channel '[id: 0xe5765420, L:/127.0.0.1:59515 - R:localhost/127.0.0.1:2690]' for 'GET' to 'http://localhost:2690/session/1d17cba2db6a7aededa6c8addbfcc1f0/element/26ae834c-1876-455d-adfe-09ec20768ca8/text'
[DEBUG] Using open Channel [id: 0xe5765420, L:/127.0.0.1:59515 - R:localhost/127.0.0.1:2690] for GET '/session/1d17cba2db6a7aededa6c8addbfcc1f0/element/26ae834c-1876-455d-adfe-09ec20768ca8/text'
[DEBUG] 

Request DefaultFullHttpRequest(decodeResult: success, version: HTTP/1.1, content: EmptyByteBufBE)
GET /session/1d17cba2db6a7aededa6c8addbfcc1f0/element/26ae834c-1876-455d-adfe-09ec20768ca8/text HTTP/1.1
User-Agent: selenium/4.6.0 (java windows)
Cache-Control: no-cache
Content-Type: application/json; charset=utf-8
host: localhost:2690
accept: */*

Response DefaultHttpResponse(decodeResult: success, version: HTTP/1.1)
HTTP/1.1 200 OK
Content-Type: application/json; charset=utf-8
cache-control: no-cache
content-length: 18

[DEBUG] Adding key: http://localhost:2690 for channel [id: 0xe5765420, L:/127.0.0.1:59515 - R:localhost/127.0.0.1:2690]
[DEBUG] Using pooled Channel '[id: 0xe5765420, L:/127.0.0.1:59515 - R:localhost/127.0.0.1:2690]' for 'POST' to 'http://localhost:2690/session/1d17cba2db6a7aededa6c8addbfcc1f0/element'
[DEBUG] Using open Channel [id: 0xe5765420, L:/127.0.0.1:59515 - R:localhost/127.0.0.1:2690] for POST '/session/1d17cba2db6a7aededa6c8addbfcc1f0/element'
[DEBUG] 

Request DefaultHttpRequest(decodeResult: success, version: HTTP/1.1)
POST /session/1d17cba2db6a7aededa6c8addbfcc1f0/element HTTP/1.1
User-Agent: selenium/4.6.0 (java windows)
Content-Length: 129
Content-Type: application/json; charset=utf-8
host: localhost:2690
accept: */*

Response DefaultHttpResponse(decodeResult: success, version: HTTP/1.1)
HTTP/1.1 200 OK
Content-Type: application/json; charset=utf-8
cache-control: no-cache
content-length: 88

[DEBUG] Adding key: http://localhost:2690 for channel [id: 0xe5765420, L:/127.0.0.1:59515 - R:localhost/127.0.0.1:2690]
[DEBUG] Using pooled Channel '[id: 0xe5765420, L:/127.0.0.1:59515 - R:localhost/127.0.0.1:2690]' for 'GET' to 'http://localhost:2690/session/1d17cba2db6a7aededa6c8addbfcc1f0/element/5457bb71-d273-412d-b57d-03315e839793/text'
[DEBUG] Using open Channel [id: 0xe5765420, L:/127.0.0.1:59515 - R:localhost/127.0.0.1:2690] for GET '/session/1d17cba2db6a7aededa6c8addbfcc1f0/element/5457bb71-d273-412d-b57d-03315e839793/text'
[DEBUG] 

Request DefaultFullHttpRequest(decodeResult: success, version: HTTP/1.1, content: EmptyByteBufBE)
GET /session/1d17cba2db6a7aededa6c8addbfcc1f0/element/5457bb71-d273-412d-b57d-03315e839793/text HTTP/1.1
User-Agent: selenium/4.6.0 (java windows)
Cache-Control: no-cache
Content-Type: application/json; charset=utf-8
host: localhost:2690
accept: */*

Response DefaultHttpResponse(decodeResult: success, version: HTTP/1.1)
HTTP/1.1 200 OK
Content-Type: application/json; charset=utf-8
cache-control: no-cache
content-length: 26

[DEBUG] Adding key: http://localhost:2690 for channel [id: 0xe5765420, L:/127.0.0.1:59515 - R:localhost/127.0.0.1:2690]
[DEBUG] Using pooled Channel '[id: 0xe5765420, L:/127.0.0.1:59515 - R:localhost/127.0.0.1:2690]' for 'POST' to 'http://localhost:2690/session/1d17cba2db6a7aededa6c8addbfcc1f0/element'
[DEBUG] Using open Channel [id: 0xe5765420, L:/127.0.0.1:59515 - R:localhost/127.0.0.1:2690] for POST '/session/1d17cba2db6a7aededa6c8addbfcc1f0/element'
[DEBUG] 

Request DefaultHttpRequest(decodeResult: success, version: HTTP/1.1)
POST /session/1d17cba2db6a7aededa6c8addbfcc1f0/element HTTP/1.1
User-Agent: selenium/4.6.0 (java windows)
Content-Length: 129
Content-Type: application/json; charset=utf-8
host: localhost:2690
accept: */*

Response DefaultHttpResponse(decodeResult: success, version: HTTP/1.1)
HTTP/1.1 200 OK
Content-Type: application/json; charset=utf-8
cache-control: no-cache
content-length: 88

[DEBUG] Adding key: http://localhost:2690 for channel [id: 0xe5765420, L:/127.0.0.1:59515 - R:localhost/127.0.0.1:2690]
[DEBUG] Using pooled Channel '[id: 0xe5765420, L:/127.0.0.1:59515 - R:localhost/127.0.0.1:2690]' for 'GET' to 'http://localhost:2690/session/1d17cba2db6a7aededa6c8addbfcc1f0/element/cb7ad885-3d12-42e0-8eeb-fda25a4fe06c/text'
[DEBUG] Using open Channel [id: 0xe5765420, L:/127.0.0.1:59515 - R:localhost/127.0.0.1:2690] for GET '/session/1d17cba2db6a7aededa6c8addbfcc1f0/element/cb7ad885-3d12-42e0-8eeb-fda25a4fe06c/text'
[DEBUG] 

Request DefaultFullHttpRequest(decodeResult: success, version: HTTP/1.1, content: EmptyByteBufBE)
GET /session/1d17cba2db6a7aededa6c8addbfcc1f0/element/cb7ad885-3d12-42e0-8eeb-fda25a4fe06c/text HTTP/1.1
User-Agent: selenium/4.6.0 (java windows)
Cache-Control: no-cache
Content-Type: application/json; charset=utf-8
host: localhost:2690
accept: */*

Response DefaultHttpResponse(decodeResult: success, version: HTTP/1.1)
HTTP/1.1 200 OK
Content-Type: application/json; charset=utf-8
cache-control: no-cache
content-length: 28

[DEBUG] Adding key: http://localhost:2690 for channel [id: 0xe5765420, L:/127.0.0.1:59515 - R:localhost/127.0.0.1:2690]
[DEBUG] Using pooled Channel '[id: 0xe5765420, L:/127.0.0.1:59515 - R:localhost/127.0.0.1:2690]' for 'POST' to 'http://localhost:2690/session/1d17cba2db6a7aededa6c8addbfcc1f0/element'
[DEBUG] Using open Channel [id: 0xe5765420, L:/127.0.0.1:59515 - R:localhost/127.0.0.1:2690] for POST '/session/1d17cba2db6a7aededa6c8addbfcc1f0/element'
[DEBUG] 

Request DefaultHttpRequest(decodeResult: success, version: HTTP/1.1)
POST /session/1d17cba2db6a7aededa6c8addbfcc1f0/element HTTP/1.1
User-Agent: selenium/4.6.0 (java windows)
Content-Length: 129
Content-Type: application/json; charset=utf-8
host: localhost:2690
accept: */*

Response DefaultHttpResponse(decodeResult: success, version: HTTP/1.1)
HTTP/1.1 200 OK
Content-Type: application/json; charset=utf-8
cache-control: no-cache
content-length: 88

[DEBUG] Adding key: http://localhost:2690 for channel [id: 0xe5765420, L:/127.0.0.1:59515 - R:localhost/127.0.0.1:2690]
[DEBUG] Using pooled Channel '[id: 0xe5765420, L:/127.0.0.1:59515 - R:localhost/127.0.0.1:2690]' for 'GET' to 'http://localhost:2690/session/1d17cba2db6a7aededa6c8addbfcc1f0/element/02acda6c-86f6-4da2-98fd-6ff7d443fb08/text'
[DEBUG] Using open Channel [id: 0xe5765420, L:/127.0.0.1:59515 - R:localhost/127.0.0.1:2690] for GET '/session/1d17cba2db6a7aededa6c8addbfcc1f0/element/02acda6c-86f6-4da2-98fd-6ff7d443fb08/text'
[DEBUG] 

Request DefaultFullHttpRequest(decodeResult: success, version: HTTP/1.1, content: EmptyByteBufBE)
GET /session/1d17cba2db6a7aededa6c8addbfcc1f0/element/02acda6c-86f6-4da2-98fd-6ff7d443fb08/text HTTP/1.1
User-Agent: selenium/4.6.0 (java windows)
Cache-Control: no-cache
Content-Type: application/json; charset=utf-8
host: localhost:2690
accept: */*

Response DefaultHttpResponse(decodeResult: success, version: HTTP/1.1)
HTTP/1.1 200 OK
Content-Type: application/json; charset=utf-8
cache-control: no-cache
content-length: 23

[DEBUG] Adding key: http://localhost:2690 for channel [id: 0xe5765420, L:/127.0.0.1:59515 - R:localhost/127.0.0.1:2690]
[DEBUG] Using pooled Channel '[id: 0xe5765420, L:/127.0.0.1:59515 - R:localhost/127.0.0.1:2690]' for 'POST' to 'http://localhost:2690/session/1d17cba2db6a7aededa6c8addbfcc1f0/element'
[DEBUG] Using open Channel [id: 0xe5765420, L:/127.0.0.1:59515 - R:localhost/127.0.0.1:2690] for POST '/session/1d17cba2db6a7aededa6c8addbfcc1f0/element'
[DEBUG] 

Request DefaultHttpRequest(decodeResult: success, version: HTTP/1.1)
POST /session/1d17cba2db6a7aededa6c8addbfcc1f0/element HTTP/1.1
User-Agent: selenium/4.6.0 (java windows)
Content-Length: 129
Content-Type: application/json; charset=utf-8
host: localhost:2690
accept: */*

Response DefaultHttpResponse(decodeResult: success, version: HTTP/1.1)
HTTP/1.1 200 OK
Content-Type: application/json; charset=utf-8
cache-control: no-cache
content-length: 88

[DEBUG] Adding key: http://localhost:2690 for channel [id: 0xe5765420, L:/127.0.0.1:59515 - R:localhost/127.0.0.1:2690]
[DEBUG] Using pooled Channel '[id: 0xe5765420, L:/127.0.0.1:59515 - R:localhost/127.0.0.1:2690]' for 'GET' to 'http://localhost:2690/session/1d17cba2db6a7aededa6c8addbfcc1f0/element/016168a1-5f18-4e50-a5d4-f03b46370de4/text'
[DEBUG] Using open Channel [id: 0xe5765420, L:/127.0.0.1:59515 - R:localhost/127.0.0.1:2690] for GET '/session/1d17cba2db6a7aededa6c8addbfcc1f0/element/016168a1-5f18-4e50-a5d4-f03b46370de4/text'
[DEBUG] 

Request DefaultFullHttpRequest(decodeResult: success, version: HTTP/1.1, content: EmptyByteBufBE)
GET /session/1d17cba2db6a7aededa6c8addbfcc1f0/element/016168a1-5f18-4e50-a5d4-f03b46370de4/text HTTP/1.1
User-Agent: selenium/4.6.0 (java windows)
Cache-Control: no-cache
Content-Type: application/json; charset=utf-8
host: localhost:2690
accept: */*

Response DefaultHttpResponse(decodeResult: success, version: HTTP/1.1)
HTTP/1.1 200 OK
Content-Type: application/json; charset=utf-8
cache-control: no-cache
content-length: 19

[DEBUG] Adding key: http://localhost:2690 for channel [id: 0xe5765420, L:/127.0.0.1:59515 - R:localhost/127.0.0.1:2690]
[DEBUG] Using pooled Channel '[id: 0xe5765420, L:/127.0.0.1:59515 - R:localhost/127.0.0.1:2690]' for 'POST' to 'http://localhost:2690/session/1d17cba2db6a7aededa6c8addbfcc1f0/element'
[DEBUG] Using open Channel [id: 0xe5765420, L:/127.0.0.1:59515 - R:localhost/127.0.0.1:2690] for POST '/session/1d17cba2db6a7aededa6c8addbfcc1f0/element'
[DEBUG] 

Request DefaultHttpRequest(decodeResult: success, version: HTTP/1.1)
POST /session/1d17cba2db6a7aededa6c8addbfcc1f0/element HTTP/1.1
User-Agent: selenium/4.6.0 (java windows)
Content-Length: 129
Content-Type: application/json; charset=utf-8
host: localhost:2690
accept: */*

Response DefaultHttpResponse(decodeResult: success, version: HTTP/1.1)
HTTP/1.1 200 OK
Content-Type: application/json; charset=utf-8
cache-control: no-cache
content-length: 88

[DEBUG] Adding key: http://localhost:2690 for channel [id: 0xe5765420, L:/127.0.0.1:59515 - R:localhost/127.0.0.1:2690]
[DEBUG] Using pooled Channel '[id: 0xe5765420, L:/127.0.0.1:59515 - R:localhost/127.0.0.1:2690]' for 'GET' to 'http://localhost:2690/session/1d17cba2db6a7aededa6c8addbfcc1f0/element/80ec2969-bd3e-43dc-b47c-a5737e20bef9/text'
[DEBUG] Using open Channel [id: 0xe5765420, L:/127.0.0.1:59515 - R:localhost/127.0.0.1:2690] for GET '/session/1d17cba2db6a7aededa6c8addbfcc1f0/element/80ec2969-bd3e-43dc-b47c-a5737e20bef9/text'
[DEBUG] 

Request DefaultFullHttpRequest(decodeResult: success, version: HTTP/1.1, content: EmptyByteBufBE)
GET /session/1d17cba2db6a7aededa6c8addbfcc1f0/element/80ec2969-bd3e-43dc-b47c-a5737e20bef9/text HTTP/1.1
User-Agent: selenium/4.6.0 (java windows)
Cache-Control: no-cache
Content-Type: application/json; charset=utf-8
host: localhost:2690
accept: */*

Response DefaultHttpResponse(decodeResult: success, version: HTTP/1.1)
HTTP/1.1 200 OK
Content-Type: application/json; charset=utf-8
cache-control: no-cache
content-length: 34

[DEBUG] Adding key: http://localhost:2690 for channel [id: 0xe5765420, L:/127.0.0.1:59515 - R:localhost/127.0.0.1:2690]
[DEBUG] Using pooled Channel '[id: 0xe5765420, L:/127.0.0.1:59515 - R:localhost/127.0.0.1:2690]' for 'POST' to 'http://localhost:2690/session/1d17cba2db6a7aededa6c8addbfcc1f0/element'
[DEBUG] Using open Channel [id: 0xe5765420, L:/127.0.0.1:59515 - R:localhost/127.0.0.1:2690] for POST '/session/1d17cba2db6a7aededa6c8addbfcc1f0/element'
[DEBUG] 

Request DefaultHttpRequest(decodeResult: success, version: HTTP/1.1)
POST /session/1d17cba2db6a7aededa6c8addbfcc1f0/element HTTP/1.1
User-Agent: selenium/4.6.0 (java windows)
Content-Length: 129
Content-Type: application/json; charset=utf-8
host: localhost:2690
accept: */*

Response DefaultHttpResponse(decodeResult: success, version: HTTP/1.1)
HTTP/1.1 200 OK
Content-Type: application/json; charset=utf-8
cache-control: no-cache
content-length: 88

[DEBUG] Adding key: http://localhost:2690 for channel [id: 0xe5765420, L:/127.0.0.1:59515 - R:localhost/127.0.0.1:2690]
[DEBUG] Using pooled Channel '[id: 0xe5765420, L:/127.0.0.1:59515 - R:localhost/127.0.0.1:2690]' for 'GET' to 'http://localhost:2690/session/1d17cba2db6a7aededa6c8addbfcc1f0/element/7a0b8cda-11a2-4e58-9984-8dd8142033db/text'
[DEBUG] Using open Channel [id: 0xe5765420, L:/127.0.0.1:59515 - R:localhost/127.0.0.1:2690] for GET '/session/1d17cba2db6a7aededa6c8addbfcc1f0/element/7a0b8cda-11a2-4e58-9984-8dd8142033db/text'
[DEBUG] 

Request DefaultFullHttpRequest(decodeResult: success, version: HTTP/1.1, content: EmptyByteBufBE)
GET /session/1d17cba2db6a7aededa6c8addbfcc1f0/element/7a0b8cda-11a2-4e58-9984-8dd8142033db/text HTTP/1.1
User-Agent: selenium/4.6.0 (java windows)
Cache-Control: no-cache
Content-Type: application/json; charset=utf-8
host: localhost:2690
accept: */*

Response DefaultHttpResponse(decodeResult: success, version: HTTP/1.1)
HTTP/1.1 200 OK
Content-Type: application/json; charset=utf-8
cache-control: no-cache
content-length: 28

[DEBUG] Adding key: http://localhost:2690 for channel [id: 0xe5765420, L:/127.0.0.1:59515 - R:localhost/127.0.0.1:2690]
[DEBUG] Using pooled Channel '[id: 0xe5765420, L:/127.0.0.1:59515 - R:localhost/127.0.0.1:2690]' for 'POST' to 'http://localhost:2690/session/1d17cba2db6a7aededa6c8addbfcc1f0/element'
[DEBUG] Using open Channel [id: 0xe5765420, L:/127.0.0.1:59515 - R:localhost/127.0.0.1:2690] for POST '/session/1d17cba2db6a7aededa6c8addbfcc1f0/element'
[DEBUG] 

Request DefaultHttpRequest(decodeResult: success, version: HTTP/1.1)
POST /session/1d17cba2db6a7aededa6c8addbfcc1f0/element HTTP/1.1
User-Agent: selenium/4.6.0 (java windows)
Content-Length: 129
Content-Type: application/json; charset=utf-8
host: localhost:2690
accept: */*

Response DefaultHttpResponse(decodeResult: success, version: HTTP/1.1)
HTTP/1.1 200 OK
Content-Type: application/json; charset=utf-8
cache-control: no-cache
content-length: 88

[DEBUG] Adding key: http://localhost:2690 for channel [id: 0xe5765420, L:/127.0.0.1:59515 - R:localhost/127.0.0.1:2690]
[DEBUG] Using pooled Channel '[id: 0xe5765420, L:/127.0.0.1:59515 - R:localhost/127.0.0.1:2690]' for 'GET' to 'http://localhost:2690/session/1d17cba2db6a7aededa6c8addbfcc1f0/element/e989361f-3b86-4979-bb59-7b9d12c6362c/text'
[DEBUG] Using open Channel [id: 0xe5765420, L:/127.0.0.1:59515 - R:localhost/127.0.0.1:2690] for GET '/session/1d17cba2db6a7aededa6c8addbfcc1f0/element/e989361f-3b86-4979-bb59-7b9d12c6362c/text'
[DEBUG] 

Request DefaultFullHttpRequest(decodeResult: success, version: HTTP/1.1, content: EmptyByteBufBE)
GET /session/1d17cba2db6a7aededa6c8addbfcc1f0/element/e989361f-3b86-4979-bb59-7b9d12c6362c/text HTTP/1.1
User-Agent: selenium/4.6.0 (java windows)
Cache-Control: no-cache
Content-Type: application/json; charset=utf-8
host: localhost:2690
accept: */*

Response DefaultHttpResponse(decodeResult: success, version: HTTP/1.1)
HTTP/1.1 200 OK
Content-Type: application/json; charset=utf-8
cache-control: no-cache
content-length: 23

[DEBUG] Adding key: http://localhost:2690 for channel [id: 0xe5765420, L:/127.0.0.1:59515 - R:localhost/127.0.0.1:2690]
[DEBUG] Using pooled Channel '[id: 0xe5765420, L:/127.0.0.1:59515 - R:localhost/127.0.0.1:2690]' for 'POST' to 'http://localhost:2690/session/1d17cba2db6a7aededa6c8addbfcc1f0/element'
[DEBUG] Using open Channel [id: 0xe5765420, L:/127.0.0.1:59515 - R:localhost/127.0.0.1:2690] for POST '/session/1d17cba2db6a7aededa6c8addbfcc1f0/element'
[DEBUG] 

Request DefaultHttpRequest(decodeResult: success, version: HTTP/1.1)
POST /session/1d17cba2db6a7aededa6c8addbfcc1f0/element HTTP/1.1
User-Agent: selenium/4.6.0 (java windows)
Content-Length: 129
Content-Type: application/json; charset=utf-8
host: localhost:2690
accept: */*

Response DefaultHttpResponse(decodeResult: success, version: HTTP/1.1)
HTTP/1.1 200 OK
Content-Type: application/json; charset=utf-8
cache-control: no-cache
content-length: 88

[DEBUG] Adding key: http://localhost:2690 for channel [id: 0xe5765420, L:/127.0.0.1:59515 - R:localhost/127.0.0.1:2690]
[DEBUG] Using pooled Channel '[id: 0xe5765420, L:/127.0.0.1:59515 - R:localhost/127.0.0.1:2690]' for 'GET' to 'http://localhost:2690/session/1d17cba2db6a7aededa6c8addbfcc1f0/element/318d7548-68bc-47c5-ba05-4fc3584f9d56/text'
[DEBUG] Using open Channel [id: 0xe5765420, L:/127.0.0.1:59515 - R:localhost/127.0.0.1:2690] for GET '/session/1d17cba2db6a7aededa6c8addbfcc1f0/element/318d7548-68bc-47c5-ba05-4fc3584f9d56/text'
[DEBUG] 

Request DefaultFullHttpRequest(decodeResult: success, version: HTTP/1.1, content: EmptyByteBufBE)
GET /session/1d17cba2db6a7aededa6c8addbfcc1f0/element/318d7548-68bc-47c5-ba05-4fc3584f9d56/text HTTP/1.1
User-Agent: selenium/4.6.0 (java windows)
Cache-Control: no-cache
Content-Type: application/json; charset=utf-8
host: localhost:2690
accept: */*

Response DefaultHttpResponse(decodeResult: success, version: HTTP/1.1)
HTTP/1.1 200 OK
Content-Type: application/json; charset=utf-8
cache-control: no-cache
content-length: 21

[DEBUG] Adding key: http://localhost:2690 for channel [id: 0xe5765420, L:/127.0.0.1:59515 - R:localhost/127.0.0.1:2690]
[DEBUG] Using pooled Channel '[id: 0xe5765420, L:/127.0.0.1:59515 - R:localhost/127.0.0.1:2690]' for 'POST' to 'http://localhost:2690/session/1d17cba2db6a7aededa6c8addbfcc1f0/element'
[DEBUG] Using open Channel [id: 0xe5765420, L:/127.0.0.1:59515 - R:localhost/127.0.0.1:2690] for POST '/session/1d17cba2db6a7aededa6c8addbfcc1f0/element'
[DEBUG] 

Request DefaultHttpRequest(decodeResult: success, version: HTTP/1.1)
POST /session/1d17cba2db6a7aededa6c8addbfcc1f0/element HTTP/1.1
User-Agent: selenium/4.6.0 (java windows)
Content-Length: 129
Content-Type: application/json; charset=utf-8
host: localhost:2690
accept: */*

Response DefaultHttpResponse(decodeResult: success, version: HTTP/1.1)
HTTP/1.1 200 OK
Content-Type: application/json; charset=utf-8
cache-control: no-cache
content-length: 88

[DEBUG] Adding key: http://localhost:2690 for channel [id: 0xe5765420, L:/127.0.0.1:59515 - R:localhost/127.0.0.1:2690]
[DEBUG] Using pooled Channel '[id: 0xe5765420, L:/127.0.0.1:59515 - R:localhost/127.0.0.1:2690]' for 'GET' to 'http://localhost:2690/session/1d17cba2db6a7aededa6c8addbfcc1f0/element/7aa0dbb4-d3b1-4f8b-863b-1b6208320f38/text'
[DEBUG] Using open Channel [id: 0xe5765420, L:/127.0.0.1:59515 - R:localhost/127.0.0.1:2690] for GET '/session/1d17cba2db6a7aededa6c8addbfcc1f0/element/7aa0dbb4-d3b1-4f8b-863b-1b6208320f38/text'
[DEBUG] 

Request DefaultFullHttpRequest(decodeResult: success, version: HTTP/1.1, content: EmptyByteBufBE)
GET /session/1d17cba2db6a7aededa6c8addbfcc1f0/element/7aa0dbb4-d3b1-4f8b-863b-1b6208320f38/text HTTP/1.1
User-Agent: selenium/4.6.0 (java windows)
Cache-Control: no-cache
Content-Type: application/json; charset=utf-8
host: localhost:2690
accept: */*

Response DefaultHttpResponse(decodeResult: success, version: HTTP/1.1)
HTTP/1.1 200 OK
Content-Type: application/json; charset=utf-8
cache-control: no-cache
content-length: 36

[DEBUG] Adding key: http://localhost:2690 for channel [id: 0xe5765420, L:/127.0.0.1:59515 - R:localhost/127.0.0.1:2690]
[DEBUG] Using pooled Channel '[id: 0xe5765420, L:/127.0.0.1:59515 - R:localhost/127.0.0.1:2690]' for 'POST' to 'http://localhost:2690/session/1d17cba2db6a7aededa6c8addbfcc1f0/element'
[DEBUG] Using open Channel [id: 0xe5765420, L:/127.0.0.1:59515 - R:localhost/127.0.0.1:2690] for POST '/session/1d17cba2db6a7aededa6c8addbfcc1f0/element'
[DEBUG] 

Request DefaultHttpRequest(decodeResult: success, version: HTTP/1.1)
POST /session/1d17cba2db6a7aededa6c8addbfcc1f0/element HTTP/1.1
User-Agent: selenium/4.6.0 (java windows)
Content-Length: 129
Content-Type: application/json; charset=utf-8
host: localhost:2690
accept: */*

Response DefaultHttpResponse(decodeResult: success, version: HTTP/1.1)
HTTP/1.1 200 OK
Content-Type: application/json; charset=utf-8
cache-control: no-cache
content-length: 88

[DEBUG] Adding key: http://localhost:2690 for channel [id: 0xe5765420, L:/127.0.0.1:59515 - R:localhost/127.0.0.1:2690]
[DEBUG] Using pooled Channel '[id: 0xe5765420, L:/127.0.0.1:59515 - R:localhost/127.0.0.1:2690]' for 'GET' to 'http://localhost:2690/session/1d17cba2db6a7aededa6c8addbfcc1f0/element/8fb27b6f-7df9-4854-bbf0-406d81247bda/text'
[DEBUG] Using open Channel [id: 0xe5765420, L:/127.0.0.1:59515 - R:localhost/127.0.0.1:2690] for GET '/session/1d17cba2db6a7aededa6c8addbfcc1f0/element/8fb27b6f-7df9-4854-bbf0-406d81247bda/text'
[DEBUG] 

Request DefaultFullHttpRequest(decodeResult: success, version: HTTP/1.1, content: EmptyByteBufBE)
GET /session/1d17cba2db6a7aededa6c8addbfcc1f0/element/8fb27b6f-7df9-4854-bbf0-406d81247bda/text HTTP/1.1
User-Agent: selenium/4.6.0 (java windows)
Cache-Control: no-cache
Content-Type: application/json; charset=utf-8
host: localhost:2690
accept: */*

Response DefaultHttpResponse(decodeResult: success, version: HTTP/1.1)
HTTP/1.1 200 OK
Content-Type: application/json; charset=utf-8
cache-control: no-cache
content-length: 28

[DEBUG] Adding key: http://localhost:2690 for channel [id: 0xe5765420, L:/127.0.0.1:59515 - R:localhost/127.0.0.1:2690]
[DEBUG] Using pooled Channel '[id: 0xe5765420, L:/127.0.0.1:59515 - R:localhost/127.0.0.1:2690]' for 'POST' to 'http://localhost:2690/session/1d17cba2db6a7aededa6c8addbfcc1f0/element'
[DEBUG] Using open Channel [id: 0xe5765420, L:/127.0.0.1:59515 - R:localhost/127.0.0.1:2690] for POST '/session/1d17cba2db6a7aededa6c8addbfcc1f0/element'
[DEBUG] 

Request DefaultHttpRequest(decodeResult: success, version: HTTP/1.1)
POST /session/1d17cba2db6a7aededa6c8addbfcc1f0/element HTTP/1.1
User-Agent: selenium/4.6.0 (java windows)
Content-Length: 129
Content-Type: application/json; charset=utf-8
host: localhost:2690
accept: */*

Response DefaultHttpResponse(decodeResult: success, version: HTTP/1.1)
HTTP/1.1 200 OK
Content-Type: application/json; charset=utf-8
cache-control: no-cache
content-length: 88

[DEBUG] Adding key: http://localhost:2690 for channel [id: 0xe5765420, L:/127.0.0.1:59515 - R:localhost/127.0.0.1:2690]
[DEBUG] Using pooled Channel '[id: 0xe5765420, L:/127.0.0.1:59515 - R:localhost/127.0.0.1:2690]' for 'GET' to 'http://localhost:2690/session/1d17cba2db6a7aededa6c8addbfcc1f0/element/b2b04a9a-87c6-422f-9d93-de6350e3efc4/text'
[DEBUG] Using open Channel [id: 0xe5765420, L:/127.0.0.1:59515 - R:localhost/127.0.0.1:2690] for GET '/session/1d17cba2db6a7aededa6c8addbfcc1f0/element/b2b04a9a-87c6-422f-9d93-de6350e3efc4/text'
[DEBUG] 

Request DefaultFullHttpRequest(decodeResult: success, version: HTTP/1.1, content: EmptyByteBufBE)
GET /session/1d17cba2db6a7aededa6c8addbfcc1f0/element/b2b04a9a-87c6-422f-9d93-de6350e3efc4/text HTTP/1.1
User-Agent: selenium/4.6.0 (java windows)
Cache-Control: no-cache
Content-Type: application/json; charset=utf-8
host: localhost:2690
accept: */*

Response DefaultHttpResponse(decodeResult: success, version: HTTP/1.1)
HTTP/1.1 200 OK
Content-Type: application/json; charset=utf-8
cache-control: no-cache
content-length: 23

[DEBUG] Adding key: http://localhost:2690 for channel [id: 0xe5765420, L:/127.0.0.1:59515 - R:localhost/127.0.0.1:2690]
[DEBUG] Using pooled Channel '[id: 0xe5765420, L:/127.0.0.1:59515 - R:localhost/127.0.0.1:2690]' for 'POST' to 'http://localhost:2690/session/1d17cba2db6a7aededa6c8addbfcc1f0/element'
[DEBUG] Using open Channel [id: 0xe5765420, L:/127.0.0.1:59515 - R:localhost/127.0.0.1:2690] for POST '/session/1d17cba2db6a7aededa6c8addbfcc1f0/element'
[DEBUG] 

Request DefaultHttpRequest(decodeResult: success, version: HTTP/1.1)
POST /session/1d17cba2db6a7aededa6c8addbfcc1f0/element HTTP/1.1
User-Agent: selenium/4.6.0 (java windows)
Content-Length: 129
Content-Type: application/json; charset=utf-8
host: localhost:2690
accept: */*

Response DefaultHttpResponse(decodeResult: success, version: HTTP/1.1)
HTTP/1.1 200 OK
Content-Type: application/json; charset=utf-8
cache-control: no-cache
content-length: 88

[DEBUG] Adding key: http://localhost:2690 for channel [id: 0xe5765420, L:/127.0.0.1:59515 - R:localhost/127.0.0.1:2690]
[DEBUG] Using pooled Channel '[id: 0xe5765420, L:/127.0.0.1:59515 - R:localhost/127.0.0.1:2690]' for 'GET' to 'http://localhost:2690/session/1d17cba2db6a7aededa6c8addbfcc1f0/element/ca335106-fe40-4528-bc0b-bd0c172b06fe/text'
[DEBUG] Using open Channel [id: 0xe5765420, L:/127.0.0.1:59515 - R:localhost/127.0.0.1:2690] for GET '/session/1d17cba2db6a7aededa6c8addbfcc1f0/element/ca335106-fe40-4528-bc0b-bd0c172b06fe/text'
[DEBUG] 

Request DefaultFullHttpRequest(decodeResult: success, version: HTTP/1.1, content: EmptyByteBufBE)
GET /session/1d17cba2db6a7aededa6c8addbfcc1f0/element/ca335106-fe40-4528-bc0b-bd0c172b06fe/text HTTP/1.1
User-Agent: selenium/4.6.0 (java windows)
Cache-Control: no-cache
Content-Type: application/json; charset=utf-8
host: localhost:2690
accept: */*

Response DefaultHttpResponse(decodeResult: success, version: HTTP/1.1)
HTTP/1.1 200 OK
Content-Type: application/json; charset=utf-8
cache-control: no-cache
content-length: 18

[DEBUG] Adding key: http://localhost:2690 for channel [id: 0xe5765420, L:/127.0.0.1:59515 - R:localhost/127.0.0.1:2690]
[DEBUG] Using pooled Channel '[id: 0xe5765420, L:/127.0.0.1:59515 - R:localhost/127.0.0.1:2690]' for 'POST' to 'http://localhost:2690/session/1d17cba2db6a7aededa6c8addbfcc1f0/element'
[DEBUG] Using open Channel [id: 0xe5765420, L:/127.0.0.1:59515 - R:localhost/127.0.0.1:2690] for POST '/session/1d17cba2db6a7aededa6c8addbfcc1f0/element'
[DEBUG] 

Request DefaultHttpRequest(decodeResult: success, version: HTTP/1.1)
POST /session/1d17cba2db6a7aededa6c8addbfcc1f0/element HTTP/1.1
User-Agent: selenium/4.6.0 (java windows)
Content-Length: 129
Content-Type: application/json; charset=utf-8
host: localhost:2690
accept: */*

Response DefaultHttpResponse(decodeResult: success, version: HTTP/1.1)
HTTP/1.1 200 OK
Content-Type: application/json; charset=utf-8
cache-control: no-cache
content-length: 88

[DEBUG] Adding key: http://localhost:2690 for channel [id: 0xe5765420, L:/127.0.0.1:59515 - R:localhost/127.0.0.1:2690]
[DEBUG] Using pooled Channel '[id: 0xe5765420, L:/127.0.0.1:59515 - R:localhost/127.0.0.1:2690]' for 'GET' to 'http://localhost:2690/session/1d17cba2db6a7aededa6c8addbfcc1f0/element/25d918b0-9894-4444-a684-cbdf8ba80723/text'
[DEBUG] Using open Channel [id: 0xe5765420, L:/127.0.0.1:59515 - R:localhost/127.0.0.1:2690] for GET '/session/1d17cba2db6a7aededa6c8addbfcc1f0/element/25d918b0-9894-4444-a684-cbdf8ba80723/text'
[DEBUG] 

Request DefaultFullHttpRequest(decodeResult: success, version: HTTP/1.1, content: EmptyByteBufBE)
GET /session/1d17cba2db6a7aededa6c8addbfcc1f0/element/25d918b0-9894-4444-a684-cbdf8ba80723/text HTTP/1.1
User-Agent: selenium/4.6.0 (java windows)
Cache-Control: no-cache
Content-Type: application/json; charset=utf-8
host: localhost:2690
accept: */*

Response DefaultHttpResponse(decodeResult: success, version: HTTP/1.1)
HTTP/1.1 200 OK
Content-Type: application/json; charset=utf-8
cache-control: no-cache
content-length: 45

[DEBUG] Adding key: http://localhost:2690 for channel [id: 0xe5765420, L:/127.0.0.1:59515 - R:localhost/127.0.0.1:2690]
[DEBUG] Using pooled Channel '[id: 0xe5765420, L:/127.0.0.1:59515 - R:localhost/127.0.0.1:2690]' for 'POST' to 'http://localhost:2690/session/1d17cba2db6a7aededa6c8addbfcc1f0/element'
[DEBUG] Using open Channel [id: 0xe5765420, L:/127.0.0.1:59515 - R:localhost/127.0.0.1:2690] for POST '/session/1d17cba2db6a7aededa6c8addbfcc1f0/element'
[DEBUG] 

Request DefaultHttpRequest(decodeResult: success, version: HTTP/1.1)
POST /session/1d17cba2db6a7aededa6c8addbfcc1f0/element HTTP/1.1
User-Agent: selenium/4.6.0 (java windows)
Content-Length: 129
Content-Type: application/json; charset=utf-8
host: localhost:2690
accept: */*

Response DefaultHttpResponse(decodeResult: success, version: HTTP/1.1)
HTTP/1.1 200 OK
Content-Type: application/json; charset=utf-8
cache-control: no-cache
content-length: 88

[DEBUG] Adding key: http://localhost:2690 for channel [id: 0xe5765420, L:/127.0.0.1:59515 - R:localhost/127.0.0.1:2690]
[DEBUG] Using pooled Channel '[id: 0xe5765420, L:/127.0.0.1:59515 - R:localhost/127.0.0.1:2690]' for 'GET' to 'http://localhost:2690/session/1d17cba2db6a7aededa6c8addbfcc1f0/element/cebf5e3f-42c3-462e-ba19-299b42914792/text'
[DEBUG] Using open Channel [id: 0xe5765420, L:/127.0.0.1:59515 - R:localhost/127.0.0.1:2690] for GET '/session/1d17cba2db6a7aededa6c8addbfcc1f0/element/cebf5e3f-42c3-462e-ba19-299b42914792/text'
[DEBUG] 

Request DefaultFullHttpRequest(decodeResult: success, version: HTTP/1.1, content: EmptyByteBufBE)
GET /session/1d17cba2db6a7aededa6c8addbfcc1f0/element/cebf5e3f-42c3-462e-ba19-299b42914792/text HTTP/1.1
User-Agent: selenium/4.6.0 (java windows)
Cache-Control: no-cache
Content-Type: application/json; charset=utf-8
host: localhost:2690
accept: */*

Response DefaultHttpResponse(decodeResult: success, version: HTTP/1.1)
HTTP/1.1 200 OK
Content-Type: application/json; charset=utf-8
cache-control: no-cache
content-length: 28

[DEBUG] Adding key: http://localhost:2690 for channel [id: 0xe5765420, L:/127.0.0.1:59515 - R:localhost/127.0.0.1:2690]
[DEBUG] Using pooled Channel '[id: 0xe5765420, L:/127.0.0.1:59515 - R:localhost/127.0.0.1:2690]' for 'POST' to 'http://localhost:2690/session/1d17cba2db6a7aededa6c8addbfcc1f0/element'
[DEBUG] Using open Channel [id: 0xe5765420, L:/127.0.0.1:59515 - R:localhost/127.0.0.1:2690] for POST '/session/1d17cba2db6a7aededa6c8addbfcc1f0/element'
[DEBUG] 

Request DefaultHttpRequest(decodeResult: success, version: HTTP/1.1)
POST /session/1d17cba2db6a7aededa6c8addbfcc1f0/element HTTP/1.1
User-Agent: selenium/4.6.0 (java windows)
Content-Length: 129
Content-Type: application/json; charset=utf-8
host: localhost:2690
accept: */*

Response DefaultHttpResponse(decodeResult: success, version: HTTP/1.1)
HTTP/1.1 200 OK
Content-Type: application/json; charset=utf-8
cache-control: no-cache
content-length: 88

[DEBUG] Adding key: http://localhost:2690 for channel [id: 0xe5765420, L:/127.0.0.1:59515 - R:localhost/127.0.0.1:2690]
[DEBUG] Using pooled Channel '[id: 0xe5765420, L:/127.0.0.1:59515 - R:localhost/127.0.0.1:2690]' for 'GET' to 'http://localhost:2690/session/1d17cba2db6a7aededa6c8addbfcc1f0/element/48ae798b-39ca-4378-b2d0-6ee9ae79dabd/text'
[DEBUG] Using open Channel [id: 0xe5765420, L:/127.0.0.1:59515 - R:localhost/127.0.0.1:2690] for GET '/session/1d17cba2db6a7aededa6c8addbfcc1f0/element/48ae798b-39ca-4378-b2d0-6ee9ae79dabd/text'
[DEBUG] 

Request DefaultFullHttpRequest(decodeResult: success, version: HTTP/1.1, content: EmptyByteBufBE)
GET /session/1d17cba2db6a7aededa6c8addbfcc1f0/element/48ae798b-39ca-4378-b2d0-6ee9ae79dabd/text HTTP/1.1
User-Agent: selenium/4.6.0 (java windows)
Cache-Control: no-cache
Content-Type: application/json; charset=utf-8
host: localhost:2690
accept: */*

Response DefaultHttpResponse(decodeResult: success, version: HTTP/1.1)
HTTP/1.1 200 OK
Content-Type: application/json; charset=utf-8
cache-control: no-cache
content-length: 23

[DEBUG] Adding key: http://localhost:2690 for channel [id: 0xe5765420, L:/127.0.0.1:59515 - R:localhost/127.0.0.1:2690]
[DEBUG] Using pooled Channel '[id: 0xe5765420, L:/127.0.0.1:59515 - R:localhost/127.0.0.1:2690]' for 'POST' to 'http://localhost:2690/session/1d17cba2db6a7aededa6c8addbfcc1f0/element'
[DEBUG] Using open Channel [id: 0xe5765420, L:/127.0.0.1:59515 - R:localhost/127.0.0.1:2690] for POST '/session/1d17cba2db6a7aededa6c8addbfcc1f0/element'
[DEBUG] 

Request DefaultHttpRequest(decodeResult: success, version: HTTP/1.1)
POST /session/1d17cba2db6a7aededa6c8addbfcc1f0/element HTTP/1.1
User-Agent: selenium/4.6.0 (java windows)
Content-Length: 129
Content-Type: application/json; charset=utf-8
host: localhost:2690
accept: */*

Response DefaultHttpResponse(decodeResult: success, version: HTTP/1.1)
HTTP/1.1 200 OK
Content-Type: application/json; charset=utf-8
cache-control: no-cache
content-length: 88

[DEBUG] Adding key: http://localhost:2690 for channel [id: 0xe5765420, L:/127.0.0.1:59515 - R:localhost/127.0.0.1:2690]
[DEBUG] Using pooled Channel '[id: 0xe5765420, L:/127.0.0.1:59515 - R:localhost/127.0.0.1:2690]' for 'GET' to 'http://localhost:2690/session/1d17cba2db6a7aededa6c8addbfcc1f0/element/e98111ac-ae3e-4c97-9e09-1c35c57467e5/text'
[DEBUG] Using open Channel [id: 0xe5765420, L:/127.0.0.1:59515 - R:localhost/127.0.0.1:2690] for GET '/session/1d17cba2db6a7aededa6c8addbfcc1f0/element/e98111ac-ae3e-4c97-9e09-1c35c57467e5/text'
[DEBUG] 

Request DefaultFullHttpRequest(decodeResult: success, version: HTTP/1.1, content: EmptyByteBufBE)
GET /session/1d17cba2db6a7aededa6c8addbfcc1f0/element/e98111ac-ae3e-4c97-9e09-1c35c57467e5/text HTTP/1.1
User-Agent: selenium/4.6.0 (java windows)
Cache-Control: no-cache
Content-Type: application/json; charset=utf-8
host: localhost:2690
accept: */*

Response DefaultHttpResponse(decodeResult: success, version: HTTP/1.1)
HTTP/1.1 200 OK
Content-Type: application/json; charset=utf-8
cache-control: no-cache
content-length: 18

[DEBUG] Adding key: http://localhost:2690 for channel [id: 0xe5765420, L:/127.0.0.1:59515 - R:localhost/127.0.0.1:2690]
[DEBUG] Using pooled Channel '[id: 0xe5765420, L:/127.0.0.1:59515 - R:localhost/127.0.0.1:2690]' for 'POST' to 'http://localhost:2690/session/1d17cba2db6a7aededa6c8addbfcc1f0/element'
[DEBUG] Using open Channel [id: 0xe5765420, L:/127.0.0.1:59515 - R:localhost/127.0.0.1:2690] for POST '/session/1d17cba2db6a7aededa6c8addbfcc1f0/element'
[DEBUG] 

Request DefaultHttpRequest(decodeResult: success, version: HTTP/1.1)
POST /session/1d17cba2db6a7aededa6c8addbfcc1f0/element HTTP/1.1
User-Agent: selenium/4.6.0 (java windows)
Content-Length: 129
Content-Type: application/json; charset=utf-8
host: localhost:2690
accept: */*

Response DefaultHttpResponse(decodeResult: success, version: HTTP/1.1)
HTTP/1.1 200 OK
Content-Type: application/json; charset=utf-8
cache-control: no-cache
content-length: 88

[DEBUG] Adding key: http://localhost:2690 for channel [id: 0xe5765420, L:/127.0.0.1:59515 - R:localhost/127.0.0.1:2690]
[DEBUG] Using pooled Channel '[id: 0xe5765420, L:/127.0.0.1:59515 - R:localhost/127.0.0.1:2690]' for 'GET' to 'http://localhost:2690/session/1d17cba2db6a7aededa6c8addbfcc1f0/element/3145f5da-ca22-4449-8c06-6454ff750594/text'
[DEBUG] Using open Channel [id: 0xe5765420, L:/127.0.0.1:59515 - R:localhost/127.0.0.1:2690] for GET '/session/1d17cba2db6a7aededa6c8addbfcc1f0/element/3145f5da-ca22-4449-8c06-6454ff750594/text'
[DEBUG] 

Request DefaultFullHttpRequest(decodeResult: success, version: HTTP/1.1, content: EmptyByteBufBE)
GET /session/1d17cba2db6a7aededa6c8addbfcc1f0/element/3145f5da-ca22-4449-8c06-6454ff750594/text HTTP/1.1
User-Agent: selenium/4.6.0 (java windows)
Cache-Control: no-cache
Content-Type: application/json; charset=utf-8
host: localhost:2690
accept: */*

Response DefaultHttpResponse(decodeResult: success, version: HTTP/1.1)
HTTP/1.1 200 OK
Content-Type: application/json; charset=utf-8
cache-control: no-cache
content-length: 21

[DEBUG] Adding key: http://localhost:2690 for channel [id: 0xe5765420, L:/127.0.0.1:59515 - R:localhost/127.0.0.1:2690]
[DEBUG] Using pooled Channel '[id: 0xe5765420, L:/127.0.0.1:59515 - R:localhost/127.0.0.1:2690]' for 'POST' to 'http://localhost:2690/session/1d17cba2db6a7aededa6c8addbfcc1f0/element'
[DEBUG] Using open Channel [id: 0xe5765420, L:/127.0.0.1:59515 - R:localhost/127.0.0.1:2690] for POST '/session/1d17cba2db6a7aededa6c8addbfcc1f0/element'
[DEBUG] 

Request DefaultHttpRequest(decodeResult: success, version: HTTP/1.1)
POST /session/1d17cba2db6a7aededa6c8addbfcc1f0/element HTTP/1.1
User-Agent: selenium/4.6.0 (java windows)
Content-Length: 129
Content-Type: application/json; charset=utf-8
host: localhost:2690
accept: */*

Response DefaultHttpResponse(decodeResult: success, version: HTTP/1.1)
HTTP/1.1 200 OK
Content-Type: application/json; charset=utf-8
cache-control: no-cache
content-length: 88

[DEBUG] Adding key: http://localhost:2690 for channel [id: 0xe5765420, L:/127.0.0.1:59515 - R:localhost/127.0.0.1:2690]
[DEBUG] Using pooled Channel '[id: 0xe5765420, L:/127.0.0.1:59515 - R:localhost/127.0.0.1:2690]' for 'GET' to 'http://localhost:2690/session/1d17cba2db6a7aededa6c8addbfcc1f0/element/f1f8b7cc-3f89-4a61-a386-041810fe9c25/text'
[DEBUG] Using open Channel [id: 0xe5765420, L:/127.0.0.1:59515 - R:localhost/127.0.0.1:2690] for GET '/session/1d17cba2db6a7aededa6c8addbfcc1f0/element/f1f8b7cc-3f89-4a61-a386-041810fe9c25/text'
[DEBUG] 

Request DefaultFullHttpRequest(decodeResult: success, version: HTTP/1.1, content: EmptyByteBufBE)
GET /session/1d17cba2db6a7aededa6c8addbfcc1f0/element/f1f8b7cc-3f89-4a61-a386-041810fe9c25/text HTTP/1.1
User-Agent: selenium/4.6.0 (java windows)
Cache-Control: no-cache
Content-Type: application/json; charset=utf-8
host: localhost:2690
accept: */*

Response DefaultHttpResponse(decodeResult: success, version: HTTP/1.1)
HTTP/1.1 200 OK
Content-Type: application/json; charset=utf-8
cache-control: no-cache
content-length: 26

[DEBUG] Adding key: http://localhost:2690 for channel [id: 0xe5765420, L:/127.0.0.1:59515 - R:localhost/127.0.0.1:2690]
  And user validates count of Public Holidays is greater than or equal to ten              # com.lms.stepdefinition.LMSHolidayListSteps.user_validates_count_of_public_holidays_is_less_than_or_equal_to_ten()
[DEBUG] Using pooled Channel '[id: 0xe5765420, L:/127.0.0.1:59515 - R:localhost/127.0.0.1:2690]' for 'POST' to 'http://localhost:2690/session/1d17cba2db6a7aededa6c8addbfcc1f0/elements'
[DEBUG] Using open Channel [id: 0xe5765420, L:/127.0.0.1:59515 - R:localhost/127.0.0.1:2690] for POST '/session/1d17cba2db6a7aededa6c8addbfcc1f0/elements'
[DEBUG] 

Request DefaultHttpRequest(decodeResult: success, version: HTTP/1.1)
POST /session/1d17cba2db6a7aededa6c8addbfcc1f0/elements HTTP/1.1
User-Agent: selenium/4.6.0 (java windows)
Content-Length: 125
Content-Type: application/json; charset=utf-8
host: localhost:2690
accept: */*

Response DefaultHttpResponse(decodeResult: success, version: HTTP/1.1)
HTTP/1.1 200 OK
Content-Type: application/json; charset=utf-8
cache-control: no-cache
content-length: 327

[DEBUG] Adding key: http://localhost:2690 for channel [id: 0xe5765420, L:/127.0.0.1:59515 - R:localhost/127.0.0.1:2690]
[DEBUG] Using pooled Channel '[id: 0xe5765420, L:/127.0.0.1:59515 - R:localhost/127.0.0.1:2690]' for 'POST' to 'http://localhost:2690/session/1d17cba2db6a7aededa6c8addbfcc1f0/elements'
[DEBUG] Using open Channel [id: 0xe5765420, L:/127.0.0.1:59515 - R:localhost/127.0.0.1:2690] for POST '/session/1d17cba2db6a7aededa6c8addbfcc1f0/elements'
[DEBUG] 

Request DefaultHttpRequest(decodeResult: success, version: HTTP/1.1)
POST /session/1d17cba2db6a7aededa6c8addbfcc1f0/elements HTTP/1.1
User-Agent: selenium/4.6.0 (java windows)
Content-Length: 114
Content-Type: application/json; charset=utf-8
host: localhost:2690
accept: */*

Response DefaultHttpResponse(decodeResult: success, version: HTTP/1.1)
HTTP/1.1 200 OK
Content-Type: application/json; charset=utf-8
cache-control: no-cache
content-length: 3092

[DEBUG] Adding key: http://localhost:2690 for channel [id: 0xe5765420, L:/127.0.0.1:59515 - R:localhost/127.0.0.1:2690]
[DEBUG] Using pooled Channel '[id: 0xe5765420, L:/127.0.0.1:59515 - R:localhost/127.0.0.1:2690]' for 'POST' to 'http://localhost:2690/session/1d17cba2db6a7aededa6c8addbfcc1f0/elements'
[DEBUG] Using open Channel [id: 0xe5765420, L:/127.0.0.1:59515 - R:localhost/127.0.0.1:2690] for POST '/session/1d17cba2db6a7aededa6c8addbfcc1f0/elements'
[DEBUG] 

Request DefaultHttpRequest(decodeResult: success, version: HTTP/1.1)
POST /session/1d17cba2db6a7aededa6c8addbfcc1f0/elements HTTP/1.1
User-Agent: selenium/4.6.0 (java windows)
Content-Length: 125
Content-Type: application/json; charset=utf-8
host: localhost:2690
accept: */*

Response DefaultHttpResponse(decodeResult: success, version: HTTP/1.1)
HTTP/1.1 200 OK
Content-Type: application/json; charset=utf-8
cache-control: no-cache
content-length: 327

[DEBUG] Adding key: http://localhost:2690 for channel [id: 0xe5765420, L:/127.0.0.1:59515 - R:localhost/127.0.0.1:2690]
[DEBUG] Using pooled Channel '[id: 0xe5765420, L:/127.0.0.1:59515 - R:localhost/127.0.0.1:2690]' for 'POST' to 'http://localhost:2690/session/1d17cba2db6a7aededa6c8addbfcc1f0/element'
[DEBUG] Using open Channel [id: 0xe5765420, L:/127.0.0.1:59515 - R:localhost/127.0.0.1:2690] for POST '/session/1d17cba2db6a7aededa6c8addbfcc1f0/element'
[DEBUG] 

Request DefaultHttpRequest(decodeResult: success, version: HTTP/1.1)
POST /session/1d17cba2db6a7aededa6c8addbfcc1f0/element HTTP/1.1
User-Agent: selenium/4.6.0 (java windows)
Content-Length: 128
Content-Type: application/json; charset=utf-8
host: localhost:2690
accept: */*

Response DefaultHttpResponse(decodeResult: success, version: HTTP/1.1)
HTTP/1.1 200 OK
Content-Type: application/json; charset=utf-8
cache-control: no-cache
content-length: 88

[DEBUG] Adding key: http://localhost:2690 for channel [id: 0xe5765420, L:/127.0.0.1:59515 - R:localhost/127.0.0.1:2690]
[DEBUG] Using pooled Channel '[id: 0xe5765420, L:/127.0.0.1:59515 - R:localhost/127.0.0.1:2690]' for 'GET' to 'http://localhost:2690/session/1d17cba2db6a7aededa6c8addbfcc1f0/element/3d68cfa5-3512-49d8-86e2-e40c0eac6a72/text'
[DEBUG] Using open Channel [id: 0xe5765420, L:/127.0.0.1:59515 - R:localhost/127.0.0.1:2690] for GET '/session/1d17cba2db6a7aededa6c8addbfcc1f0/element/3d68cfa5-3512-49d8-86e2-e40c0eac6a72/text'
[DEBUG] 

Request DefaultFullHttpRequest(decodeResult: success, version: HTTP/1.1, content: EmptyByteBufBE)
GET /session/1d17cba2db6a7aededa6c8addbfcc1f0/element/3d68cfa5-3512-49d8-86e2-e40c0eac6a72/text HTTP/1.1
User-Agent: selenium/4.6.0 (java windows)
Cache-Control: no-cache
Content-Type: application/json; charset=utf-8
host: localhost:2690
accept: */*

Response DefaultHttpResponse(decodeResult: success, version: HTTP/1.1)
HTTP/1.1 200 OK
Content-Type: application/json; charset=utf-8
cache-control: no-cache
content-length: 24

[DEBUG] Adding key: http://localhost:2690 for channel [id: 0xe5765420, L:/127.0.0.1:59515 - R:localhost/127.0.0.1:2690]
[DEBUG] Using pooled Channel '[id: 0xe5765420, L:/127.0.0.1:59515 - R:localhost/127.0.0.1:2690]' for 'POST' to 'http://localhost:2690/session/1d17cba2db6a7aededa6c8addbfcc1f0/element'
[DEBUG] Using open Channel [id: 0xe5765420, L:/127.0.0.1:59515 - R:localhost/127.0.0.1:2690] for POST '/session/1d17cba2db6a7aededa6c8addbfcc1f0/element'
[DEBUG] 

Request DefaultHttpRequest(decodeResult: success, version: HTTP/1.1)
POST /session/1d17cba2db6a7aededa6c8addbfcc1f0/element HTTP/1.1
User-Agent: selenium/4.6.0 (java windows)
Content-Length: 128
Content-Type: application/json; charset=utf-8
host: localhost:2690
accept: */*

Response DefaultHttpResponse(decodeResult: success, version: HTTP/1.1)
HTTP/1.1 200 OK
Content-Type: application/json; charset=utf-8
cache-control: no-cache
content-length: 88

[DEBUG] Adding key: http://localhost:2690 for channel [id: 0xe5765420, L:/127.0.0.1:59515 - R:localhost/127.0.0.1:2690]
[DEBUG] Using pooled Channel '[id: 0xe5765420, L:/127.0.0.1:59515 - R:localhost/127.0.0.1:2690]' for 'GET' to 'http://localhost:2690/session/1d17cba2db6a7aededa6c8addbfcc1f0/element/9a71980b-1ae4-4234-b5cc-311476d3236e/text'
[DEBUG] Using open Channel [id: 0xe5765420, L:/127.0.0.1:59515 - R:localhost/127.0.0.1:2690] for GET '/session/1d17cba2db6a7aededa6c8addbfcc1f0/element/9a71980b-1ae4-4234-b5cc-311476d3236e/text'
[DEBUG] 

Request DefaultFullHttpRequest(decodeResult: success, version: HTTP/1.1, content: EmptyByteBufBE)
GET /session/1d17cba2db6a7aededa6c8addbfcc1f0/element/9a71980b-1ae4-4234-b5cc-311476d3236e/text HTTP/1.1
User-Agent: selenium/4.6.0 (java windows)
Cache-Control: no-cache
Content-Type: application/json; charset=utf-8
host: localhost:2690
accept: */*

Response DefaultHttpResponse(decodeResult: success, version: HTTP/1.1)
HTTP/1.1 200 OK
Content-Type: application/json; charset=utf-8
cache-control: no-cache
content-length: 23

[DEBUG] Adding key: http://localhost:2690 for channel [id: 0xe5765420, L:/127.0.0.1:59515 - R:localhost/127.0.0.1:2690]
[DEBUG] Using pooled Channel '[id: 0xe5765420, L:/127.0.0.1:59515 - R:localhost/127.0.0.1:2690]' for 'POST' to 'http://localhost:2690/session/1d17cba2db6a7aededa6c8addbfcc1f0/element'
[DEBUG] Using open Channel [id: 0xe5765420, L:/127.0.0.1:59515 - R:localhost/127.0.0.1:2690] for POST '/session/1d17cba2db6a7aededa6c8addbfcc1f0/element'
[DEBUG] 

Request DefaultHttpRequest(decodeResult: success, version: HTTP/1.1)
POST /session/1d17cba2db6a7aededa6c8addbfcc1f0/element HTTP/1.1
User-Agent: selenium/4.6.0 (java windows)
Content-Length: 128
Content-Type: application/json; charset=utf-8
host: localhost:2690
accept: */*

Response DefaultHttpResponse(decodeResult: success, version: HTTP/1.1)
HTTP/1.1 200 OK
Content-Type: application/json; charset=utf-8
cache-control: no-cache
content-length: 88

[DEBUG] Adding key: http://localhost:2690 for channel [id: 0xe5765420, L:/127.0.0.1:59515 - R:localhost/127.0.0.1:2690]
[DEBUG] Using pooled Channel '[id: 0xe5765420, L:/127.0.0.1:59515 - R:localhost/127.0.0.1:2690]' for 'GET' to 'http://localhost:2690/session/1d17cba2db6a7aededa6c8addbfcc1f0/element/7e464a57-e8dc-4ad8-9f8d-15bf6894416d/text'
[DEBUG] Using open Channel [id: 0xe5765420, L:/127.0.0.1:59515 - R:localhost/127.0.0.1:2690] for GET '/session/1d17cba2db6a7aededa6c8addbfcc1f0/element/7e464a57-e8dc-4ad8-9f8d-15bf6894416d/text'
[DEBUG] 

Request DefaultFullHttpRequest(decodeResult: success, version: HTTP/1.1, content: EmptyByteBufBE)
GET /session/1d17cba2db6a7aededa6c8addbfcc1f0/element/7e464a57-e8dc-4ad8-9f8d-15bf6894416d/text HTTP/1.1
User-Agent: selenium/4.6.0 (java windows)
Cache-Control: no-cache
Content-Type: application/json; charset=utf-8
host: localhost:2690
accept: */*

Response DefaultHttpResponse(decodeResult: success, version: HTTP/1.1)
HTTP/1.1 200 OK
Content-Type: application/json; charset=utf-8
cache-control: no-cache
content-length: 31

[DEBUG] Adding key: http://localhost:2690 for channel [id: 0xe5765420, L:/127.0.0.1:59515 - R:localhost/127.0.0.1:2690]
[DEBUG] Using pooled Channel '[id: 0xe5765420, L:/127.0.0.1:59515 - R:localhost/127.0.0.1:2690]' for 'POST' to 'http://localhost:2690/session/1d17cba2db6a7aededa6c8addbfcc1f0/element'
[DEBUG] Using open Channel [id: 0xe5765420, L:/127.0.0.1:59515 - R:localhost/127.0.0.1:2690] for POST '/session/1d17cba2db6a7aededa6c8addbfcc1f0/element'
[DEBUG] 

Request DefaultHttpRequest(decodeResult: success, version: HTTP/1.1)
POST /session/1d17cba2db6a7aededa6c8addbfcc1f0/element HTTP/1.1
User-Agent: selenium/4.6.0 (java windows)
Content-Length: 128
Content-Type: application/json; charset=utf-8
host: localhost:2690
accept: */*

Response DefaultHttpResponse(decodeResult: success, version: HTTP/1.1)
HTTP/1.1 200 OK
Content-Type: application/json; charset=utf-8
cache-control: no-cache
content-length: 88

[DEBUG] Adding key: http://localhost:2690 for channel [id: 0xe5765420, L:/127.0.0.1:59515 - R:localhost/127.0.0.1:2690]
[DEBUG] Using pooled Channel '[id: 0xe5765420, L:/127.0.0.1:59515 - R:localhost/127.0.0.1:2690]' for 'GET' to 'http://localhost:2690/session/1d17cba2db6a7aededa6c8addbfcc1f0/element/ac0b79a6-a876-4d01-9e71-612ec02a9959/text'
[DEBUG] Using open Channel [id: 0xe5765420, L:/127.0.0.1:59515 - R:localhost/127.0.0.1:2690] for GET '/session/1d17cba2db6a7aededa6c8addbfcc1f0/element/ac0b79a6-a876-4d01-9e71-612ec02a9959/text'
[DEBUG] 

Request DefaultFullHttpRequest(decodeResult: success, version: HTTP/1.1, content: EmptyByteBufBE)
GET /session/1d17cba2db6a7aededa6c8addbfcc1f0/element/ac0b79a6-a876-4d01-9e71-612ec02a9959/text HTTP/1.1
User-Agent: selenium/4.6.0 (java windows)
Cache-Control: no-cache
Content-Type: application/json; charset=utf-8
host: localhost:2690
accept: */*

Response DefaultHttpResponse(decodeResult: success, version: HTTP/1.1)
HTTP/1.1 200 OK
Content-Type: application/json; charset=utf-8
cache-control: no-cache
content-length: 24

[DEBUG] Adding key: http://localhost:2690 for channel [id: 0xe5765420, L:/127.0.0.1:59515 - R:localhost/127.0.0.1:2690]
[DEBUG] Using pooled Channel '[id: 0xe5765420, L:/127.0.0.1:59515 - R:localhost/127.0.0.1:2690]' for 'POST' to 'http://localhost:2690/session/1d17cba2db6a7aededa6c8addbfcc1f0/element'
[DEBUG] Using open Channel [id: 0xe5765420, L:/127.0.0.1:59515 - R:localhost/127.0.0.1:2690] for POST '/session/1d17cba2db6a7aededa6c8addbfcc1f0/element'
[DEBUG] 

Request DefaultHttpRequest(decodeResult: success, version: HTTP/1.1)
POST /session/1d17cba2db6a7aededa6c8addbfcc1f0/element HTTP/1.1
User-Agent: selenium/4.6.0 (java windows)
Content-Length: 128
Content-Type: application/json; charset=utf-8
host: localhost:2690
accept: */*

Response DefaultHttpResponse(decodeResult: success, version: HTTP/1.1)
HTTP/1.1 200 OK
Content-Type: application/json; charset=utf-8
cache-control: no-cache
content-length: 88

[DEBUG] Adding key: http://localhost:2690 for channel [id: 0xe5765420, L:/127.0.0.1:59515 - R:localhost/127.0.0.1:2690]
[DEBUG] Using pooled Channel '[id: 0xe5765420, L:/127.0.0.1:59515 - R:localhost/127.0.0.1:2690]' for 'GET' to 'http://localhost:2690/session/1d17cba2db6a7aededa6c8addbfcc1f0/element/30849911-69b2-466a-84c1-b3e581230e8a/text'
[DEBUG] Using open Channel [id: 0xe5765420, L:/127.0.0.1:59515 - R:localhost/127.0.0.1:2690] for GET '/session/1d17cba2db6a7aededa6c8addbfcc1f0/element/30849911-69b2-466a-84c1-b3e581230e8a/text'
[DEBUG] 

Request DefaultFullHttpRequest(decodeResult: success, version: HTTP/1.1, content: EmptyByteBufBE)
GET /session/1d17cba2db6a7aededa6c8addbfcc1f0/element/30849911-69b2-466a-84c1-b3e581230e8a/text HTTP/1.1
User-Agent: selenium/4.6.0 (java windows)
Cache-Control: no-cache
Content-Type: application/json; charset=utf-8
host: localhost:2690
accept: */*

Response DefaultHttpResponse(decodeResult: success, version: HTTP/1.1)
HTTP/1.1 200 OK
Content-Type: application/json; charset=utf-8
cache-control: no-cache
content-length: 28

[DEBUG] Adding key: http://localhost:2690 for channel [id: 0xe5765420, L:/127.0.0.1:59515 - R:localhost/127.0.0.1:2690]
[DEBUG] Using pooled Channel '[id: 0xe5765420, L:/127.0.0.1:59515 - R:localhost/127.0.0.1:2690]' for 'POST' to 'http://localhost:2690/session/1d17cba2db6a7aededa6c8addbfcc1f0/element'
[DEBUG] Using open Channel [id: 0xe5765420, L:/127.0.0.1:59515 - R:localhost/127.0.0.1:2690] for POST '/session/1d17cba2db6a7aededa6c8addbfcc1f0/element'
[DEBUG] 

Request DefaultHttpRequest(decodeResult: success, version: HTTP/1.1)
POST /session/1d17cba2db6a7aededa6c8addbfcc1f0/element HTTP/1.1
User-Agent: selenium/4.6.0 (java windows)
Content-Length: 128
Content-Type: application/json; charset=utf-8
host: localhost:2690
accept: */*

Response DefaultHttpResponse(decodeResult: success, version: HTTP/1.1)
HTTP/1.1 200 OK
Content-Type: application/json; charset=utf-8
cache-control: no-cache
content-length: 88

[DEBUG] Adding key: http://localhost:2690 for channel [id: 0xe5765420, L:/127.0.0.1:59515 - R:localhost/127.0.0.1:2690]
[DEBUG] Using pooled Channel '[id: 0xe5765420, L:/127.0.0.1:59515 - R:localhost/127.0.0.1:2690]' for 'GET' to 'http://localhost:2690/session/1d17cba2db6a7aededa6c8addbfcc1f0/element/c79a9c8e-8c29-45e5-b802-c6081461fa05/text'
[DEBUG] Using open Channel [id: 0xe5765420, L:/127.0.0.1:59515 - R:localhost/127.0.0.1:2690] for GET '/session/1d17cba2db6a7aededa6c8addbfcc1f0/element/c79a9c8e-8c29-45e5-b802-c6081461fa05/text'
[DEBUG] 

Request DefaultFullHttpRequest(decodeResult: success, version: HTTP/1.1, content: EmptyByteBufBE)
GET /session/1d17cba2db6a7aededa6c8addbfcc1f0/element/c79a9c8e-8c29-45e5-b802-c6081461fa05/text HTTP/1.1
User-Agent: selenium/4.6.0 (java windows)
Cache-Control: no-cache
Content-Type: application/json; charset=utf-8
host: localhost:2690
accept: */*

Response DefaultHttpResponse(decodeResult: success, version: HTTP/1.1)
HTTP/1.1 200 OK
Content-Type: application/json; charset=utf-8
cache-control: no-cache
content-length: 26

[DEBUG] Adding key: http://localhost:2690 for channel [id: 0xe5765420, L:/127.0.0.1:59515 - R:localhost/127.0.0.1:2690]
[DEBUG] Using pooled Channel '[id: 0xe5765420, L:/127.0.0.1:59515 - R:localhost/127.0.0.1:2690]' for 'POST' to 'http://localhost:2690/session/1d17cba2db6a7aededa6c8addbfcc1f0/elements'
[DEBUG] Using open Channel [id: 0xe5765420, L:/127.0.0.1:59515 - R:localhost/127.0.0.1:2690] for POST '/session/1d17cba2db6a7aededa6c8addbfcc1f0/elements'
[DEBUG] 

Request DefaultHttpRequest(decodeResult: success, version: HTTP/1.1)
POST /session/1d17cba2db6a7aededa6c8addbfcc1f0/elements HTTP/1.1
User-Agent: selenium/4.6.0 (java windows)
Content-Length: 128
Content-Type: application/json; charset=utf-8
host: localhost:2690
accept: */*

Response DefaultHttpResponse(decodeResult: success, version: HTTP/1.1)
HTTP/1.1 200 OK
Content-Type: application/json; charset=utf-8
cache-control: no-cache
content-length: 90

[DEBUG] Adding key: http://localhost:2690 for channel [id: 0xe5765420, L:/127.0.0.1:59515 - R:localhost/127.0.0.1:2690]
[DEBUG] Using pooled Channel '[id: 0xe5765420, L:/127.0.0.1:59515 - R:localhost/127.0.0.1:2690]' for 'GET' to 'http://localhost:2690/session/1d17cba2db6a7aededa6c8addbfcc1f0/element/975b0441-efa1-4755-9df5-dd300e5f8c75/text'
[DEBUG] Using open Channel [id: 0xe5765420, L:/127.0.0.1:59515 - R:localhost/127.0.0.1:2690] for GET '/session/1d17cba2db6a7aededa6c8addbfcc1f0/element/975b0441-efa1-4755-9df5-dd300e5f8c75/text'
[DEBUG] 

Request DefaultFullHttpRequest(decodeResult: success, version: HTTP/1.1, content: EmptyByteBufBE)
GET /session/1d17cba2db6a7aededa6c8addbfcc1f0/element/975b0441-efa1-4755-9df5-dd300e5f8c75/text HTTP/1.1
User-Agent: selenium/4.6.0 (java windows)
Cache-Control: no-cache
Content-Type: application/json; charset=utf-8
host: localhost:2690
accept: */*

Response DefaultHttpResponse(decodeResult: success, version: HTTP/1.1)
HTTP/1.1 200 OK
Content-Type: application/json; charset=utf-8
cache-control: no-cache
content-length: 23

[DEBUG] Adding key: http://localhost:2690 for channel [id: 0xe5765420, L:/127.0.0.1:59515 - R:localhost/127.0.0.1:2690]
[DEBUG] Using pooled Channel '[id: 0xe5765420, L:/127.0.0.1:59515 - R:localhost/127.0.0.1:2690]' for 'POST' to 'http://localhost:2690/session/1d17cba2db6a7aededa6c8addbfcc1f0/elements'
[DEBUG] Using open Channel [id: 0xe5765420, L:/127.0.0.1:59515 - R:localhost/127.0.0.1:2690] for POST '/session/1d17cba2db6a7aededa6c8addbfcc1f0/elements'
[DEBUG] 

Request DefaultHttpRequest(decodeResult: success, version: HTTP/1.1)
POST /session/1d17cba2db6a7aededa6c8addbfcc1f0/elements HTTP/1.1
User-Agent: selenium/4.6.0 (java windows)
Content-Length: 128
Content-Type: application/json; charset=utf-8
host: localhost:2690
accept: */*

Response DefaultHttpResponse(decodeResult: success, version: HTTP/1.1)
HTTP/1.1 200 OK
Content-Type: application/json; charset=utf-8
cache-control: no-cache
content-length: 90

[DEBUG] Adding key: http://localhost:2690 for channel [id: 0xe5765420, L:/127.0.0.1:59515 - R:localhost/127.0.0.1:2690]
[DEBUG] Using pooled Channel '[id: 0xe5765420, L:/127.0.0.1:59515 - R:localhost/127.0.0.1:2690]' for 'GET' to 'http://localhost:2690/session/1d17cba2db6a7aededa6c8addbfcc1f0/element/3d9ec8e1-4b65-4265-8e60-ac9f51611a53/text'
[DEBUG] Using open Channel [id: 0xe5765420, L:/127.0.0.1:59515 - R:localhost/127.0.0.1:2690] for GET '/session/1d17cba2db6a7aededa6c8addbfcc1f0/element/3d9ec8e1-4b65-4265-8e60-ac9f51611a53/text'
[DEBUG] 

Request DefaultFullHttpRequest(decodeResult: success, version: HTTP/1.1, content: EmptyByteBufBE)
GET /session/1d17cba2db6a7aededa6c8addbfcc1f0/element/3d9ec8e1-4b65-4265-8e60-ac9f51611a53/text HTTP/1.1
User-Agent: selenium/4.6.0 (java windows)
Cache-Control: no-cache
Content-Type: application/json; charset=utf-8
host: localhost:2690
accept: */*

Response DefaultHttpResponse(decodeResult: success, version: HTTP/1.1)
HTTP/1.1 200 OK
Content-Type: application/json; charset=utf-8
cache-control: no-cache
content-length: 20

[DEBUG] Adding key: http://localhost:2690 for channel [id: 0xe5765420, L:/127.0.0.1:59515 - R:localhost/127.0.0.1:2690]
[DEBUG] Using pooled Channel '[id: 0xe5765420, L:/127.0.0.1:59515 - R:localhost/127.0.0.1:2690]' for 'POST' to 'http://localhost:2690/session/1d17cba2db6a7aededa6c8addbfcc1f0/elements'
[DEBUG] Using open Channel [id: 0xe5765420, L:/127.0.0.1:59515 - R:localhost/127.0.0.1:2690] for POST '/session/1d17cba2db6a7aededa6c8addbfcc1f0/elements'
[DEBUG] 

Request DefaultHttpRequest(decodeResult: success, version: HTTP/1.1)
POST /session/1d17cba2db6a7aededa6c8addbfcc1f0/elements HTTP/1.1
User-Agent: selenium/4.6.0 (java windows)
Content-Length: 128
Content-Type: application/json; charset=utf-8
host: localhost:2690
accept: */*

Response DefaultHttpResponse(decodeResult: success, version: HTTP/1.1)
HTTP/1.1 200 OK
Content-Type: application/json; charset=utf-8
cache-control: no-cache
content-length: 90

[DEBUG] Adding key: http://localhost:2690 for channel [id: 0xe5765420, L:/127.0.0.1:59515 - R:localhost/127.0.0.1:2690]
[DEBUG] Using pooled Channel '[id: 0xe5765420, L:/127.0.0.1:59515 - R:localhost/127.0.0.1:2690]' for 'GET' to 'http://localhost:2690/session/1d17cba2db6a7aededa6c8addbfcc1f0/element/e7e7ee67-4c80-4894-943b-7bdfa9e58887/text'
[DEBUG] Using open Channel [id: 0xe5765420, L:/127.0.0.1:59515 - R:localhost/127.0.0.1:2690] for GET '/session/1d17cba2db6a7aededa6c8addbfcc1f0/element/e7e7ee67-4c80-4894-943b-7bdfa9e58887/text'
[DEBUG] 

Request DefaultFullHttpRequest(decodeResult: success, version: HTTP/1.1, content: EmptyByteBufBE)
GET /session/1d17cba2db6a7aededa6c8addbfcc1f0/element/e7e7ee67-4c80-4894-943b-7bdfa9e58887/text HTTP/1.1
User-Agent: selenium/4.6.0 (java windows)
Cache-Control: no-cache
Content-Type: application/json; charset=utf-8
host: localhost:2690
accept: */*

Response DefaultHttpResponse(decodeResult: success, version: HTTP/1.1)
HTTP/1.1 200 OK
Content-Type: application/json; charset=utf-8
cache-control: no-cache
content-length: 24

[DEBUG] Adding key: http://localhost:2690 for channel [id: 0xe5765420, L:/127.0.0.1:59515 - R:localhost/127.0.0.1:2690]
[DEBUG] Using pooled Channel '[id: 0xe5765420, L:/127.0.0.1:59515 - R:localhost/127.0.0.1:2690]' for 'POST' to 'http://localhost:2690/session/1d17cba2db6a7aededa6c8addbfcc1f0/elements'
[DEBUG] Using open Channel [id: 0xe5765420, L:/127.0.0.1:59515 - R:localhost/127.0.0.1:2690] for POST '/session/1d17cba2db6a7aededa6c8addbfcc1f0/elements'
[DEBUG] 

Request DefaultHttpRequest(decodeResult: success, version: HTTP/1.1)
POST /session/1d17cba2db6a7aededa6c8addbfcc1f0/elements HTTP/1.1
User-Agent: selenium/4.6.0 (java windows)
Content-Length: 128
Content-Type: application/json; charset=utf-8
host: localhost:2690
accept: */*

Response DefaultHttpResponse(decodeResult: success, version: HTTP/1.1)
HTTP/1.1 200 OK
Content-Type: application/json; charset=utf-8
cache-control: no-cache
content-length: 90

[DEBUG] Adding key: http://localhost:2690 for channel [id: 0xe5765420, L:/127.0.0.1:59515 - R:localhost/127.0.0.1:2690]
[DEBUG] Using pooled Channel '[id: 0xe5765420, L:/127.0.0.1:59515 - R:localhost/127.0.0.1:2690]' for 'GET' to 'http://localhost:2690/session/1d17cba2db6a7aededa6c8addbfcc1f0/element/c79a9c8e-8c29-45e5-b802-c6081461fa05/text'
[DEBUG] Using open Channel [id: 0xe5765420, L:/127.0.0.1:59515 - R:localhost/127.0.0.1:2690] for GET '/session/1d17cba2db6a7aededa6c8addbfcc1f0/element/c79a9c8e-8c29-45e5-b802-c6081461fa05/text'
[DEBUG] 

Request DefaultFullHttpRequest(decodeResult: success, version: HTTP/1.1, content: EmptyByteBufBE)
GET /session/1d17cba2db6a7aededa6c8addbfcc1f0/element/c79a9c8e-8c29-45e5-b802-c6081461fa05/text HTTP/1.1
User-Agent: selenium/4.6.0 (java windows)
Cache-Control: no-cache
Content-Type: application/json; charset=utf-8
host: localhost:2690
accept: */*

Response DefaultHttpResponse(decodeResult: success, version: HTTP/1.1)
HTTP/1.1 200 OK
Content-Type: application/json; charset=utf-8
cache-control: no-cache
content-length: 26

[DEBUG] Adding key: http://localhost:2690 for channel [id: 0xe5765420, L:/127.0.0.1:59515 - R:localhost/127.0.0.1:2690]
[DEBUG] Using pooled Channel '[id: 0xe5765420, L:/127.0.0.1:59515 - R:localhost/127.0.0.1:2690]' for 'POST' to 'http://localhost:2690/session/1d17cba2db6a7aededa6c8addbfcc1f0/element'
[DEBUG] Using open Channel [id: 0xe5765420, L:/127.0.0.1:59515 - R:localhost/127.0.0.1:2690] for POST '/session/1d17cba2db6a7aededa6c8addbfcc1f0/element'
[DEBUG] 

Request DefaultHttpRequest(decodeResult: success, version: HTTP/1.1)
POST /session/1d17cba2db6a7aededa6c8addbfcc1f0/element HTTP/1.1
User-Agent: selenium/4.6.0 (java windows)
Content-Length: 128
Content-Type: application/json; charset=utf-8
host: localhost:2690
accept: */*

Response DefaultHttpResponse(decodeResult: success, version: HTTP/1.1)
HTTP/1.1 200 OK
Content-Type: application/json; charset=utf-8
cache-control: no-cache
content-length: 88

[DEBUG] Adding key: http://localhost:2690 for channel [id: 0xe5765420, L:/127.0.0.1:59515 - R:localhost/127.0.0.1:2690]
[DEBUG] Using pooled Channel '[id: 0xe5765420, L:/127.0.0.1:59515 - R:localhost/127.0.0.1:2690]' for 'GET' to 'http://localhost:2690/session/1d17cba2db6a7aededa6c8addbfcc1f0/element/0f1f0afb-f340-4f60-a3a1-b22ec7db930e/text'
[DEBUG] Using open Channel [id: 0xe5765420, L:/127.0.0.1:59515 - R:localhost/127.0.0.1:2690] for GET '/session/1d17cba2db6a7aededa6c8addbfcc1f0/element/0f1f0afb-f340-4f60-a3a1-b22ec7db930e/text'
[DEBUG] 

Request DefaultFullHttpRequest(decodeResult: success, version: HTTP/1.1, content: EmptyByteBufBE)
GET /session/1d17cba2db6a7aededa6c8addbfcc1f0/element/0f1f0afb-f340-4f60-a3a1-b22ec7db930e/text HTTP/1.1
User-Agent: selenium/4.6.0 (java windows)
Cache-Control: no-cache
Content-Type: application/json; charset=utf-8
host: localhost:2690
accept: */*

Response DefaultHttpResponse(decodeResult: success, version: HTTP/1.1)
HTTP/1.1 200 OK
Content-Type: application/json; charset=utf-8
cache-control: no-cache
content-length: 28

[DEBUG] Adding key: http://localhost:2690 for channel [id: 0xe5765420, L:/127.0.0.1:59515 - R:localhost/127.0.0.1:2690]
[DEBUG] Using pooled Channel '[id: 0xe5765420, L:/127.0.0.1:59515 - R:localhost/127.0.0.1:2690]' for 'POST' to 'http://localhost:2690/session/1d17cba2db6a7aededa6c8addbfcc1f0/element'
[DEBUG] Using open Channel [id: 0xe5765420, L:/127.0.0.1:59515 - R:localhost/127.0.0.1:2690] for POST '/session/1d17cba2db6a7aededa6c8addbfcc1f0/element'
[DEBUG] 

Request DefaultHttpRequest(decodeResult: success, version: HTTP/1.1)
POST /session/1d17cba2db6a7aededa6c8addbfcc1f0/element HTTP/1.1
User-Agent: selenium/4.6.0 (java windows)
Content-Length: 128
Content-Type: application/json; charset=utf-8
host: localhost:2690
accept: */*

Response DefaultHttpResponse(decodeResult: success, version: HTTP/1.1)
HTTP/1.1 200 OK
Content-Type: application/json; charset=utf-8
cache-control: no-cache
content-length: 88

[DEBUG] Adding key: http://localhost:2690 for channel [id: 0xe5765420, L:/127.0.0.1:59515 - R:localhost/127.0.0.1:2690]
[DEBUG] Using pooled Channel '[id: 0xe5765420, L:/127.0.0.1:59515 - R:localhost/127.0.0.1:2690]' for 'GET' to 'http://localhost:2690/session/1d17cba2db6a7aededa6c8addbfcc1f0/element/6bb22460-38bf-4d38-8850-cd44bc71eb27/text'
[DEBUG] Using open Channel [id: 0xe5765420, L:/127.0.0.1:59515 - R:localhost/127.0.0.1:2690] for GET '/session/1d17cba2db6a7aededa6c8addbfcc1f0/element/6bb22460-38bf-4d38-8850-cd44bc71eb27/text'
[DEBUG] 

Request DefaultFullHttpRequest(decodeResult: success, version: HTTP/1.1, content: EmptyByteBufBE)
GET /session/1d17cba2db6a7aededa6c8addbfcc1f0/element/6bb22460-38bf-4d38-8850-cd44bc71eb27/text HTTP/1.1
User-Agent: selenium/4.6.0 (java windows)
Cache-Control: no-cache
Content-Type: application/json; charset=utf-8
host: localhost:2690
accept: */*

Response DefaultHttpResponse(decodeResult: success, version: HTTP/1.1)
HTTP/1.1 200 OK
Content-Type: application/json; charset=utf-8
cache-control: no-cache
content-length: 28

[DEBUG] Adding key: http://localhost:2690 for channel [id: 0xe5765420, L:/127.0.0.1:59515 - R:localhost/127.0.0.1:2690]
[DEBUG] Using pooled Channel '[id: 0xe5765420, L:/127.0.0.1:59515 - R:localhost/127.0.0.1:2690]' for 'POST' to 'http://localhost:2690/session/1d17cba2db6a7aededa6c8addbfcc1f0/element'
[DEBUG] Using open Channel [id: 0xe5765420, L:/127.0.0.1:59515 - R:localhost/127.0.0.1:2690] for POST '/session/1d17cba2db6a7aededa6c8addbfcc1f0/element'
[DEBUG] 

Request DefaultHttpRequest(decodeResult: success, version: HTTP/1.1)
POST /session/1d17cba2db6a7aededa6c8addbfcc1f0/element HTTP/1.1
User-Agent: selenium/4.6.0 (java windows)
Content-Length: 128
Content-Type: application/json; charset=utf-8
host: localhost:2690
accept: */*

Response DefaultHttpResponse(decodeResult: success, version: HTTP/1.1)
HTTP/1.1 200 OK
Content-Type: application/json; charset=utf-8
cache-control: no-cache
content-length: 88

[DEBUG] Adding key: http://localhost:2690 for channel [id: 0xe5765420, L:/127.0.0.1:59515 - R:localhost/127.0.0.1:2690]
[DEBUG] Using pooled Channel '[id: 0xe5765420, L:/127.0.0.1:59515 - R:localhost/127.0.0.1:2690]' for 'GET' to 'http://localhost:2690/session/1d17cba2db6a7aededa6c8addbfcc1f0/element/fc656d56-cc9d-4d16-b02c-36aa25c22dc9/text'
[DEBUG] Using open Channel [id: 0xe5765420, L:/127.0.0.1:59515 - R:localhost/127.0.0.1:2690] for GET '/session/1d17cba2db6a7aededa6c8addbfcc1f0/element/fc656d56-cc9d-4d16-b02c-36aa25c22dc9/text'
[DEBUG] 

Request DefaultFullHttpRequest(decodeResult: success, version: HTTP/1.1, content: EmptyByteBufBE)
GET /session/1d17cba2db6a7aededa6c8addbfcc1f0/element/fc656d56-cc9d-4d16-b02c-36aa25c22dc9/text HTTP/1.1
User-Agent: selenium/4.6.0 (java windows)
Cache-Control: no-cache
Content-Type: application/json; charset=utf-8
host: localhost:2690
accept: */*

Response DefaultHttpResponse(decodeResult: success, version: HTTP/1.1)
HTTP/1.1 200 OK
Content-Type: application/json; charset=utf-8
cache-control: no-cache
content-length: 28

[DEBUG] Adding key: http://localhost:2690 for channel [id: 0xe5765420, L:/127.0.0.1:59515 - R:localhost/127.0.0.1:2690]
[DEBUG] Using pooled Channel '[id: 0xe5765420, L:/127.0.0.1:59515 - R:localhost/127.0.0.1:2690]' for 'POST' to 'http://localhost:2690/session/1d17cba2db6a7aededa6c8addbfcc1f0/element'
[DEBUG] Using open Channel [id: 0xe5765420, L:/127.0.0.1:59515 - R:localhost/127.0.0.1:2690] for POST '/session/1d17cba2db6a7aededa6c8addbfcc1f0/element'
[DEBUG] 

Request DefaultHttpRequest(decodeResult: success, version: HTTP/1.1)
POST /session/1d17cba2db6a7aededa6c8addbfcc1f0/element HTTP/1.1
User-Agent: selenium/4.6.0 (java windows)
Content-Length: 128
Content-Type: application/json; charset=utf-8
host: localhost:2690
accept: */*

Response DefaultHttpResponse(decodeResult: success, version: HTTP/1.1)
HTTP/1.1 200 OK
Content-Type: application/json; charset=utf-8
cache-control: no-cache
content-length: 88

[DEBUG] Adding key: http://localhost:2690 for channel [id: 0xe5765420, L:/127.0.0.1:59515 - R:localhost/127.0.0.1:2690]
[DEBUG] Using pooled Channel '[id: 0xe5765420, L:/127.0.0.1:59515 - R:localhost/127.0.0.1:2690]' for 'GET' to 'http://localhost:2690/session/1d17cba2db6a7aededa6c8addbfcc1f0/element/7940c95d-7d60-47df-850a-aa0718c27123/text'
[DEBUG] Using open Channel [id: 0xe5765420, L:/127.0.0.1:59515 - R:localhost/127.0.0.1:2690] for GET '/session/1d17cba2db6a7aededa6c8addbfcc1f0/element/7940c95d-7d60-47df-850a-aa0718c27123/text'
[DEBUG] 

Request DefaultFullHttpRequest(decodeResult: success, version: HTTP/1.1, content: EmptyByteBufBE)
GET /session/1d17cba2db6a7aededa6c8addbfcc1f0/element/7940c95d-7d60-47df-850a-aa0718c27123/text HTTP/1.1
User-Agent: selenium/4.6.0 (java windows)
Cache-Control: no-cache
Content-Type: application/json; charset=utf-8
host: localhost:2690
accept: */*

Response DefaultHttpResponse(decodeResult: success, version: HTTP/1.1)
HTTP/1.1 200 OK
Content-Type: application/json; charset=utf-8
cache-control: no-cache
content-length: 28

[DEBUG] Adding key: http://localhost:2690 for channel [id: 0xe5765420, L:/127.0.0.1:59515 - R:localhost/127.0.0.1:2690]
[DEBUG] Using pooled Channel '[id: 0xe5765420, L:/127.0.0.1:59515 - R:localhost/127.0.0.1:2690]' for 'POST' to 'http://localhost:2690/session/1d17cba2db6a7aededa6c8addbfcc1f0/element'
[DEBUG] Using open Channel [id: 0xe5765420, L:/127.0.0.1:59515 - R:localhost/127.0.0.1:2690] for POST '/session/1d17cba2db6a7aededa6c8addbfcc1f0/element'
[DEBUG] 

Request DefaultHttpRequest(decodeResult: success, version: HTTP/1.1)
POST /session/1d17cba2db6a7aededa6c8addbfcc1f0/element HTTP/1.1
User-Agent: selenium/4.6.0 (java windows)
Content-Length: 128
Content-Type: application/json; charset=utf-8
host: localhost:2690
accept: */*

Response DefaultHttpResponse(decodeResult: success, version: HTTP/1.1)
HTTP/1.1 200 OK
Content-Type: application/json; charset=utf-8
cache-control: no-cache
content-length: 88

[DEBUG] Adding key: http://localhost:2690 for channel [id: 0xe5765420, L:/127.0.0.1:59515 - R:localhost/127.0.0.1:2690]
[DEBUG] Using pooled Channel '[id: 0xe5765420, L:/127.0.0.1:59515 - R:localhost/127.0.0.1:2690]' for 'GET' to 'http://localhost:2690/session/1d17cba2db6a7aededa6c8addbfcc1f0/element/dcebd84f-3cbe-43e0-8a1a-52230bfa3c5b/text'
[DEBUG] Using open Channel [id: 0xe5765420, L:/127.0.0.1:59515 - R:localhost/127.0.0.1:2690] for GET '/session/1d17cba2db6a7aededa6c8addbfcc1f0/element/dcebd84f-3cbe-43e0-8a1a-52230bfa3c5b/text'
[DEBUG] 

Request DefaultFullHttpRequest(decodeResult: success, version: HTTP/1.1, content: EmptyByteBufBE)
GET /session/1d17cba2db6a7aededa6c8addbfcc1f0/element/dcebd84f-3cbe-43e0-8a1a-52230bfa3c5b/text HTTP/1.1
User-Agent: selenium/4.6.0 (java windows)
Cache-Control: no-cache
Content-Type: application/json; charset=utf-8
host: localhost:2690
accept: */*

Response DefaultHttpResponse(decodeResult: success, version: HTTP/1.1)
HTTP/1.1 200 OK
Content-Type: application/json; charset=utf-8
cache-control: no-cache
content-length: 28

[DEBUG] Adding key: http://localhost:2690 for channel [id: 0xe5765420, L:/127.0.0.1:59515 - R:localhost/127.0.0.1:2690]
[DEBUG] Using pooled Channel '[id: 0xe5765420, L:/127.0.0.1:59515 - R:localhost/127.0.0.1:2690]' for 'POST' to 'http://localhost:2690/session/1d17cba2db6a7aededa6c8addbfcc1f0/element'
[DEBUG] Using open Channel [id: 0xe5765420, L:/127.0.0.1:59515 - R:localhost/127.0.0.1:2690] for POST '/session/1d17cba2db6a7aededa6c8addbfcc1f0/element'
[DEBUG] 

Request DefaultHttpRequest(decodeResult: success, version: HTTP/1.1)
POST /session/1d17cba2db6a7aededa6c8addbfcc1f0/element HTTP/1.1
User-Agent: selenium/4.6.0 (java windows)
Content-Length: 128
Content-Type: application/json; charset=utf-8
host: localhost:2690
accept: */*

Response DefaultHttpResponse(decodeResult: success, version: HTTP/1.1)
HTTP/1.1 200 OK
Content-Type: application/json; charset=utf-8
cache-control: no-cache
content-length: 88

[DEBUG] Adding key: http://localhost:2690 for channel [id: 0xe5765420, L:/127.0.0.1:59515 - R:localhost/127.0.0.1:2690]
[DEBUG] Using pooled Channel '[id: 0xe5765420, L:/127.0.0.1:59515 - R:localhost/127.0.0.1:2690]' for 'GET' to 'http://localhost:2690/session/1d17cba2db6a7aededa6c8addbfcc1f0/element/57940942-faeb-479c-82b1-6508c2e7f6b0/text'
[DEBUG] Using open Channel [id: 0xe5765420, L:/127.0.0.1:59515 - R:localhost/127.0.0.1:2690] for GET '/session/1d17cba2db6a7aededa6c8addbfcc1f0/element/57940942-faeb-479c-82b1-6508c2e7f6b0/text'
[DEBUG] 

Request DefaultFullHttpRequest(decodeResult: success, version: HTTP/1.1, content: EmptyByteBufBE)
GET /session/1d17cba2db6a7aededa6c8addbfcc1f0/element/57940942-faeb-479c-82b1-6508c2e7f6b0/text HTTP/1.1
User-Agent: selenium/4.6.0 (java windows)
Cache-Control: no-cache
Content-Type: application/json; charset=utf-8
host: localhost:2690
accept: */*

Response DefaultHttpResponse(decodeResult: success, version: HTTP/1.1)
HTTP/1.1 200 OK
Content-Type: application/json; charset=utf-8
cache-control: no-cache
content-length: 28

[DEBUG] Adding key: http://localhost:2690 for channel [id: 0xe5765420, L:/127.0.0.1:59515 - R:localhost/127.0.0.1:2690]
[DEBUG] Using pooled Channel '[id: 0xe5765420, L:/127.0.0.1:59515 - R:localhost/127.0.0.1:2690]' for 'POST' to 'http://localhost:2690/session/1d17cba2db6a7aededa6c8addbfcc1f0/element'
[DEBUG] Using open Channel [id: 0xe5765420, L:/127.0.0.1:59515 - R:localhost/127.0.0.1:2690] for POST '/session/1d17cba2db6a7aededa6c8addbfcc1f0/element'
[DEBUG] 

Request DefaultHttpRequest(decodeResult: success, version: HTTP/1.1)
POST /session/1d17cba2db6a7aededa6c8addbfcc1f0/element HTTP/1.1
User-Agent: selenium/4.6.0 (java windows)
Content-Length: 128
Content-Type: application/json; charset=utf-8
host: localhost:2690
accept: */*

Response DefaultHttpResponse(decodeResult: success, version: HTTP/1.1)
HTTP/1.1 200 OK
Content-Type: application/json; charset=utf-8
cache-control: no-cache
content-length: 88

[DEBUG] Adding key: http://localhost:2690 for channel [id: 0xe5765420, L:/127.0.0.1:59515 - R:localhost/127.0.0.1:2690]
[DEBUG] Using pooled Channel '[id: 0xe5765420, L:/127.0.0.1:59515 - R:localhost/127.0.0.1:2690]' for 'GET' to 'http://localhost:2690/session/1d17cba2db6a7aededa6c8addbfcc1f0/element/a3dfdd73-3d69-43e5-a745-2dc3ac51d0de/text'
[DEBUG] Using open Channel [id: 0xe5765420, L:/127.0.0.1:59515 - R:localhost/127.0.0.1:2690] for GET '/session/1d17cba2db6a7aededa6c8addbfcc1f0/element/a3dfdd73-3d69-43e5-a745-2dc3ac51d0de/text'
[DEBUG] 

Request DefaultFullHttpRequest(decodeResult: success, version: HTTP/1.1, content: EmptyByteBufBE)
GET /session/1d17cba2db6a7aededa6c8addbfcc1f0/element/a3dfdd73-3d69-43e5-a745-2dc3ac51d0de/text HTTP/1.1
User-Agent: selenium/4.6.0 (java windows)
Cache-Control: no-cache
Content-Type: application/json; charset=utf-8
host: localhost:2690
accept: */*

Response DefaultHttpResponse(decodeResult: success, version: HTTP/1.1)
HTTP/1.1 200 OK
Content-Type: application/json; charset=utf-8
cache-control: no-cache
content-length: 28

[DEBUG] Adding key: http://localhost:2690 for channel [id: 0xe5765420, L:/127.0.0.1:59515 - R:localhost/127.0.0.1:2690]
[DEBUG] Using pooled Channel '[id: 0xe5765420, L:/127.0.0.1:59515 - R:localhost/127.0.0.1:2690]' for 'POST' to 'http://localhost:2690/session/1d17cba2db6a7aededa6c8addbfcc1f0/element'
[DEBUG] Using open Channel [id: 0xe5765420, L:/127.0.0.1:59515 - R:localhost/127.0.0.1:2690] for POST '/session/1d17cba2db6a7aededa6c8addbfcc1f0/element'
[DEBUG] 

Request DefaultHttpRequest(decodeResult: success, version: HTTP/1.1)
POST /session/1d17cba2db6a7aededa6c8addbfcc1f0/element HTTP/1.1
User-Agent: selenium/4.6.0 (java windows)
Content-Length: 129
Content-Type: application/json; charset=utf-8
host: localhost:2690
accept: */*

Response DefaultHttpResponse(decodeResult: success, version: HTTP/1.1)
HTTP/1.1 200 OK
Content-Type: application/json; charset=utf-8
cache-control: no-cache
content-length: 88

[DEBUG] Adding key: http://localhost:2690 for channel [id: 0xe5765420, L:/127.0.0.1:59515 - R:localhost/127.0.0.1:2690]
[DEBUG] Using pooled Channel '[id: 0xe5765420, L:/127.0.0.1:59515 - R:localhost/127.0.0.1:2690]' for 'GET' to 'http://localhost:2690/session/1d17cba2db6a7aededa6c8addbfcc1f0/element/28c1333c-7c2f-4d7d-b80c-ece3b2d7ca96/text'
[DEBUG] Using open Channel [id: 0xe5765420, L:/127.0.0.1:59515 - R:localhost/127.0.0.1:2690] for GET '/session/1d17cba2db6a7aededa6c8addbfcc1f0/element/28c1333c-7c2f-4d7d-b80c-ece3b2d7ca96/text'
[DEBUG] 

Request DefaultFullHttpRequest(decodeResult: success, version: HTTP/1.1, content: EmptyByteBufBE)
GET /session/1d17cba2db6a7aededa6c8addbfcc1f0/element/28c1333c-7c2f-4d7d-b80c-ece3b2d7ca96/text HTTP/1.1
User-Agent: selenium/4.6.0 (java windows)
Cache-Control: no-cache
Content-Type: application/json; charset=utf-8
host: localhost:2690
accept: */*

Response DefaultHttpResponse(decodeResult: success, version: HTTP/1.1)
HTTP/1.1 200 OK
Content-Type: application/json; charset=utf-8
cache-control: no-cache
content-length: 26

[DEBUG] Adding key: http://localhost:2690 for channel [id: 0xe5765420, L:/127.0.0.1:59515 - R:localhost/127.0.0.1:2690]
[DEBUG] Using pooled Channel '[id: 0xe5765420, L:/127.0.0.1:59515 - R:localhost/127.0.0.1:2690]' for 'POST' to 'http://localhost:2690/session/1d17cba2db6a7aededa6c8addbfcc1f0/elements'
[DEBUG] Using open Channel [id: 0xe5765420, L:/127.0.0.1:59515 - R:localhost/127.0.0.1:2690] for POST '/session/1d17cba2db6a7aededa6c8addbfcc1f0/elements'
[DEBUG] 

Request DefaultHttpRequest(decodeResult: success, version: HTTP/1.1)
POST /session/1d17cba2db6a7aededa6c8addbfcc1f0/elements HTTP/1.1
User-Agent: selenium/4.6.0 (java windows)
Content-Length: 129
Content-Type: application/json; charset=utf-8
host: localhost:2690
accept: */*

Response DefaultHttpResponse(decodeResult: success, version: HTTP/1.1)
HTTP/1.1 200 OK
Content-Type: application/json; charset=utf-8
cache-control: no-cache
content-length: 90

[DEBUG] Adding key: http://localhost:2690 for channel [id: 0xe5765420, L:/127.0.0.1:59515 - R:localhost/127.0.0.1:2690]
[DEBUG] Using pooled Channel '[id: 0xe5765420, L:/127.0.0.1:59515 - R:localhost/127.0.0.1:2690]' for 'GET' to 'http://localhost:2690/session/1d17cba2db6a7aededa6c8addbfcc1f0/element/f8e20ea2-3367-46ed-aef5-a352a7eebe07/text'
[DEBUG] Using open Channel [id: 0xe5765420, L:/127.0.0.1:59515 - R:localhost/127.0.0.1:2690] for GET '/session/1d17cba2db6a7aededa6c8addbfcc1f0/element/f8e20ea2-3367-46ed-aef5-a352a7eebe07/text'
[DEBUG] 

Request DefaultFullHttpRequest(decodeResult: success, version: HTTP/1.1, content: EmptyByteBufBE)
GET /session/1d17cba2db6a7aededa6c8addbfcc1f0/element/f8e20ea2-3367-46ed-aef5-a352a7eebe07/text HTTP/1.1
User-Agent: selenium/4.6.0 (java windows)
Cache-Control: no-cache
Content-Type: application/json; charset=utf-8
host: localhost:2690
accept: */*

Response DefaultHttpResponse(decodeResult: success, version: HTTP/1.1)
HTTP/1.1 200 OK
Content-Type: application/json; charset=utf-8
cache-control: no-cache
content-length: 23

[DEBUG] Adding key: http://localhost:2690 for channel [id: 0xe5765420, L:/127.0.0.1:59515 - R:localhost/127.0.0.1:2690]
[DEBUG] Using pooled Channel '[id: 0xe5765420, L:/127.0.0.1:59515 - R:localhost/127.0.0.1:2690]' for 'POST' to 'http://localhost:2690/session/1d17cba2db6a7aededa6c8addbfcc1f0/elements'
[DEBUG] Using open Channel [id: 0xe5765420, L:/127.0.0.1:59515 - R:localhost/127.0.0.1:2690] for POST '/session/1d17cba2db6a7aededa6c8addbfcc1f0/elements'
[DEBUG] 

Request DefaultHttpRequest(decodeResult: success, version: HTTP/1.1)
POST /session/1d17cba2db6a7aededa6c8addbfcc1f0/elements HTTP/1.1
User-Agent: selenium/4.6.0 (java windows)
Content-Length: 129
Content-Type: application/json; charset=utf-8
host: localhost:2690
accept: */*

Response DefaultHttpResponse(decodeResult: success, version: HTTP/1.1)
HTTP/1.1 200 OK
Content-Type: application/json; charset=utf-8
cache-control: no-cache
content-length: 90

[DEBUG] Adding key: http://localhost:2690 for channel [id: 0xe5765420, L:/127.0.0.1:59515 - R:localhost/127.0.0.1:2690]
[DEBUG] Using pooled Channel '[id: 0xe5765420, L:/127.0.0.1:59515 - R:localhost/127.0.0.1:2690]' for 'GET' to 'http://localhost:2690/session/1d17cba2db6a7aededa6c8addbfcc1f0/element/e1c2c0fb-492e-424c-97c8-c5e664a1f00e/text'
[DEBUG] Using open Channel [id: 0xe5765420, L:/127.0.0.1:59515 - R:localhost/127.0.0.1:2690] for GET '/session/1d17cba2db6a7aededa6c8addbfcc1f0/element/e1c2c0fb-492e-424c-97c8-c5e664a1f00e/text'
[DEBUG] 

Request DefaultFullHttpRequest(decodeResult: success, version: HTTP/1.1, content: EmptyByteBufBE)
GET /session/1d17cba2db6a7aededa6c8addbfcc1f0/element/e1c2c0fb-492e-424c-97c8-c5e664a1f00e/text HTTP/1.1
User-Agent: selenium/4.6.0 (java windows)
Cache-Control: no-cache
Content-Type: application/json; charset=utf-8
host: localhost:2690
accept: */*

Response DefaultHttpResponse(decodeResult: success, version: HTTP/1.1)
HTTP/1.1 200 OK
Content-Type: application/json; charset=utf-8
cache-control: no-cache
content-length: 18

[DEBUG] Adding key: http://localhost:2690 for channel [id: 0xe5765420, L:/127.0.0.1:59515 - R:localhost/127.0.0.1:2690]
[DEBUG] Using pooled Channel '[id: 0xe5765420, L:/127.0.0.1:59515 - R:localhost/127.0.0.1:2690]' for 'POST' to 'http://localhost:2690/session/1d17cba2db6a7aededa6c8addbfcc1f0/elements'
[DEBUG] Using open Channel [id: 0xe5765420, L:/127.0.0.1:59515 - R:localhost/127.0.0.1:2690] for POST '/session/1d17cba2db6a7aededa6c8addbfcc1f0/elements'
[DEBUG] 

Request DefaultHttpRequest(decodeResult: success, version: HTTP/1.1)
POST /session/1d17cba2db6a7aededa6c8addbfcc1f0/elements HTTP/1.1
User-Agent: selenium/4.6.0 (java windows)
Content-Length: 129
Content-Type: application/json; charset=utf-8
host: localhost:2690
accept: */*

Response DefaultHttpResponse(decodeResult: success, version: HTTP/1.1)
HTTP/1.1 200 OK
Content-Type: application/json; charset=utf-8
cache-control: no-cache
content-length: 90

[DEBUG] Adding key: http://localhost:2690 for channel [id: 0xe5765420, L:/127.0.0.1:59515 - R:localhost/127.0.0.1:2690]
[DEBUG] Using pooled Channel '[id: 0xe5765420, L:/127.0.0.1:59515 - R:localhost/127.0.0.1:2690]' for 'GET' to 'http://localhost:2690/session/1d17cba2db6a7aededa6c8addbfcc1f0/element/07d307d8-2078-4513-be11-16c721f6f771/text'
[DEBUG] Using open Channel [id: 0xe5765420, L:/127.0.0.1:59515 - R:localhost/127.0.0.1:2690] for GET '/session/1d17cba2db6a7aededa6c8addbfcc1f0/element/07d307d8-2078-4513-be11-16c721f6f771/text'
[DEBUG] 

Request DefaultFullHttpRequest(decodeResult: success, version: HTTP/1.1, content: EmptyByteBufBE)
GET /session/1d17cba2db6a7aededa6c8addbfcc1f0/element/07d307d8-2078-4513-be11-16c721f6f771/text HTTP/1.1
User-Agent: selenium/4.6.0 (java windows)
Cache-Control: no-cache
Content-Type: application/json; charset=utf-8
host: localhost:2690
accept: */*

Response DefaultHttpResponse(decodeResult: success, version: HTTP/1.1)
HTTP/1.1 200 OK
Content-Type: application/json; charset=utf-8
cache-control: no-cache
content-length: 23

[DEBUG] Adding key: http://localhost:2690 for channel [id: 0xe5765420, L:/127.0.0.1:59515 - R:localhost/127.0.0.1:2690]
[DEBUG] Using pooled Channel '[id: 0xe5765420, L:/127.0.0.1:59515 - R:localhost/127.0.0.1:2690]' for 'POST' to 'http://localhost:2690/session/1d17cba2db6a7aededa6c8addbfcc1f0/elements'
[DEBUG] Using open Channel [id: 0xe5765420, L:/127.0.0.1:59515 - R:localhost/127.0.0.1:2690] for POST '/session/1d17cba2db6a7aededa6c8addbfcc1f0/elements'
[DEBUG] 

Request DefaultHttpRequest(decodeResult: success, version: HTTP/1.1)
POST /session/1d17cba2db6a7aededa6c8addbfcc1f0/elements HTTP/1.1
User-Agent: selenium/4.6.0 (java windows)
Content-Length: 129
Content-Type: application/json; charset=utf-8
host: localhost:2690
accept: */*

Response DefaultHttpResponse(decodeResult: success, version: HTTP/1.1)
HTTP/1.1 200 OK
Content-Type: application/json; charset=utf-8
cache-control: no-cache
content-length: 90

[DEBUG] Adding key: http://localhost:2690 for channel [id: 0xe5765420, L:/127.0.0.1:59515 - R:localhost/127.0.0.1:2690]
[DEBUG] Using pooled Channel '[id: 0xe5765420, L:/127.0.0.1:59515 - R:localhost/127.0.0.1:2690]' for 'GET' to 'http://localhost:2690/session/1d17cba2db6a7aededa6c8addbfcc1f0/element/28c1333c-7c2f-4d7d-b80c-ece3b2d7ca96/text'
[DEBUG] Using open Channel [id: 0xe5765420, L:/127.0.0.1:59515 - R:localhost/127.0.0.1:2690] for GET '/session/1d17cba2db6a7aededa6c8addbfcc1f0/element/28c1333c-7c2f-4d7d-b80c-ece3b2d7ca96/text'
[DEBUG] 

Request DefaultFullHttpRequest(decodeResult: success, version: HTTP/1.1, content: EmptyByteBufBE)
GET /session/1d17cba2db6a7aededa6c8addbfcc1f0/element/28c1333c-7c2f-4d7d-b80c-ece3b2d7ca96/text HTTP/1.1
User-Agent: selenium/4.6.0 (java windows)
Cache-Control: no-cache
Content-Type: application/json; charset=utf-8
host: localhost:2690
accept: */*

Response DefaultHttpResponse(decodeResult: success, version: HTTP/1.1)
HTTP/1.1 200 OK
Content-Type: application/json; charset=utf-8
cache-control: no-cache
content-length: 26

[DEBUG] Adding key: http://localhost:2690 for channel [id: 0xe5765420, L:/127.0.0.1:59515 - R:localhost/127.0.0.1:2690]
[DEBUG] Using pooled Channel '[id: 0xe5765420, L:/127.0.0.1:59515 - R:localhost/127.0.0.1:2690]' for 'POST' to 'http://localhost:2690/session/1d17cba2db6a7aededa6c8addbfcc1f0/element'
[DEBUG] Using open Channel [id: 0xe5765420, L:/127.0.0.1:59515 - R:localhost/127.0.0.1:2690] for POST '/session/1d17cba2db6a7aededa6c8addbfcc1f0/element'
[DEBUG] 

Request DefaultHttpRequest(decodeResult: success, version: HTTP/1.1)
POST /session/1d17cba2db6a7aededa6c8addbfcc1f0/element HTTP/1.1
User-Agent: selenium/4.6.0 (java windows)
Content-Length: 129
Content-Type: application/json; charset=utf-8
host: localhost:2690
accept: */*

Response DefaultHttpResponse(decodeResult: success, version: HTTP/1.1)
HTTP/1.1 200 OK
Content-Type: application/json; charset=utf-8
cache-control: no-cache
content-length: 88

[DEBUG] Adding key: http://localhost:2690 for channel [id: 0xe5765420, L:/127.0.0.1:59515 - R:localhost/127.0.0.1:2690]
[DEBUG] Using pooled Channel '[id: 0xe5765420, L:/127.0.0.1:59515 - R:localhost/127.0.0.1:2690]' for 'GET' to 'http://localhost:2690/session/1d17cba2db6a7aededa6c8addbfcc1f0/element/572ffbec-91aa-4718-86ac-9ef0c57684cf/text'
[DEBUG] Using open Channel [id: 0xe5765420, L:/127.0.0.1:59515 - R:localhost/127.0.0.1:2690] for GET '/session/1d17cba2db6a7aededa6c8addbfcc1f0/element/572ffbec-91aa-4718-86ac-9ef0c57684cf/text'
[DEBUG] 

Request DefaultFullHttpRequest(decodeResult: success, version: HTTP/1.1, content: EmptyByteBufBE)
GET /session/1d17cba2db6a7aededa6c8addbfcc1f0/element/572ffbec-91aa-4718-86ac-9ef0c57684cf/text HTTP/1.1
User-Agent: selenium/4.6.0 (java windows)
Cache-Control: no-cache
Content-Type: application/json; charset=utf-8
host: localhost:2690
accept: */*

Response DefaultHttpResponse(decodeResult: success, version: HTTP/1.1)
HTTP/1.1 200 OK
Content-Type: application/json; charset=utf-8
cache-control: no-cache
content-length: 28

[DEBUG] Adding key: http://localhost:2690 for channel [id: 0xe5765420, L:/127.0.0.1:59515 - R:localhost/127.0.0.1:2690]
[DEBUG] Using pooled Channel '[id: 0xe5765420, L:/127.0.0.1:59515 - R:localhost/127.0.0.1:2690]' for 'POST' to 'http://localhost:2690/session/1d17cba2db6a7aededa6c8addbfcc1f0/element'
[DEBUG] Using open Channel [id: 0xe5765420, L:/127.0.0.1:59515 - R:localhost/127.0.0.1:2690] for POST '/session/1d17cba2db6a7aededa6c8addbfcc1f0/element'
[DEBUG] 

Request DefaultHttpRequest(decodeResult: success, version: HTTP/1.1)
POST /session/1d17cba2db6a7aededa6c8addbfcc1f0/element HTTP/1.1
User-Agent: selenium/4.6.0 (java windows)
Content-Length: 129
Content-Type: application/json; charset=utf-8
host: localhost:2690
accept: */*

Response DefaultHttpResponse(decodeResult: success, version: HTTP/1.1)
HTTP/1.1 200 OK
Content-Type: application/json; charset=utf-8
cache-control: no-cache
content-length: 88

[DEBUG] Adding key: http://localhost:2690 for channel [id: 0xe5765420, L:/127.0.0.1:59515 - R:localhost/127.0.0.1:2690]
[DEBUG] Using pooled Channel '[id: 0xe5765420, L:/127.0.0.1:59515 - R:localhost/127.0.0.1:2690]' for 'GET' to 'http://localhost:2690/session/1d17cba2db6a7aededa6c8addbfcc1f0/element/bfe05ebc-696d-4b78-bbcb-9c02866f7b06/text'
[DEBUG] Using open Channel [id: 0xe5765420, L:/127.0.0.1:59515 - R:localhost/127.0.0.1:2690] for GET '/session/1d17cba2db6a7aededa6c8addbfcc1f0/element/bfe05ebc-696d-4b78-bbcb-9c02866f7b06/text'
[DEBUG] 

Request DefaultFullHttpRequest(decodeResult: success, version: HTTP/1.1, content: EmptyByteBufBE)
GET /session/1d17cba2db6a7aededa6c8addbfcc1f0/element/bfe05ebc-696d-4b78-bbcb-9c02866f7b06/text HTTP/1.1
User-Agent: selenium/4.6.0 (java windows)
Cache-Control: no-cache
Content-Type: application/json; charset=utf-8
host: localhost:2690
accept: */*

Response DefaultHttpResponse(decodeResult: success, version: HTTP/1.1)
HTTP/1.1 200 OK
Content-Type: application/json; charset=utf-8
cache-control: no-cache
content-length: 28

[DEBUG] Adding key: http://localhost:2690 for channel [id: 0xe5765420, L:/127.0.0.1:59515 - R:localhost/127.0.0.1:2690]
[DEBUG] Using pooled Channel '[id: 0xe5765420, L:/127.0.0.1:59515 - R:localhost/127.0.0.1:2690]' for 'POST' to 'http://localhost:2690/session/1d17cba2db6a7aededa6c8addbfcc1f0/element'
[DEBUG] Using open Channel [id: 0xe5765420, L:/127.0.0.1:59515 - R:localhost/127.0.0.1:2690] for POST '/session/1d17cba2db6a7aededa6c8addbfcc1f0/element'
[DEBUG] 

Request DefaultHttpRequest(decodeResult: success, version: HTTP/1.1)
POST /session/1d17cba2db6a7aededa6c8addbfcc1f0/element HTTP/1.1
User-Agent: selenium/4.6.0 (java windows)
Content-Length: 129
Content-Type: application/json; charset=utf-8
host: localhost:2690
accept: */*

Response DefaultHttpResponse(decodeResult: success, version: HTTP/1.1)
HTTP/1.1 200 OK
Content-Type: application/json; charset=utf-8
cache-control: no-cache
content-length: 88

[DEBUG] Adding key: http://localhost:2690 for channel [id: 0xe5765420, L:/127.0.0.1:59515 - R:localhost/127.0.0.1:2690]
[DEBUG] Using pooled Channel '[id: 0xe5765420, L:/127.0.0.1:59515 - R:localhost/127.0.0.1:2690]' for 'GET' to 'http://localhost:2690/session/1d17cba2db6a7aededa6c8addbfcc1f0/element/474c78cf-4dac-423d-bfa2-42c66962a225/text'
[DEBUG] Using open Channel [id: 0xe5765420, L:/127.0.0.1:59515 - R:localhost/127.0.0.1:2690] for GET '/session/1d17cba2db6a7aededa6c8addbfcc1f0/element/474c78cf-4dac-423d-bfa2-42c66962a225/text'
[DEBUG] 

Request DefaultFullHttpRequest(decodeResult: success, version: HTTP/1.1, content: EmptyByteBufBE)
GET /session/1d17cba2db6a7aededa6c8addbfcc1f0/element/474c78cf-4dac-423d-bfa2-42c66962a225/text HTTP/1.1
User-Agent: selenium/4.6.0 (java windows)
Cache-Control: no-cache
Content-Type: application/json; charset=utf-8
host: localhost:2690
accept: */*

Response DefaultHttpResponse(decodeResult: success, version: HTTP/1.1)
HTTP/1.1 200 OK
Content-Type: application/json; charset=utf-8
cache-control: no-cache
content-length: 28

[DEBUG] Adding key: http://localhost:2690 for channel [id: 0xe5765420, L:/127.0.0.1:59515 - R:localhost/127.0.0.1:2690]
[DEBUG] Using pooled Channel '[id: 0xe5765420, L:/127.0.0.1:59515 - R:localhost/127.0.0.1:2690]' for 'POST' to 'http://localhost:2690/session/1d17cba2db6a7aededa6c8addbfcc1f0/element'
[DEBUG] Using open Channel [id: 0xe5765420, L:/127.0.0.1:59515 - R:localhost/127.0.0.1:2690] for POST '/session/1d17cba2db6a7aededa6c8addbfcc1f0/element'
[DEBUG] 

Request DefaultHttpRequest(decodeResult: success, version: HTTP/1.1)
POST /session/1d17cba2db6a7aededa6c8addbfcc1f0/element HTTP/1.1
User-Agent: selenium/4.6.0 (java windows)
Content-Length: 129
Content-Type: application/json; charset=utf-8
host: localhost:2690
accept: */*

Response DefaultHttpResponse(decodeResult: success, version: HTTP/1.1)
HTTP/1.1 200 OK
Content-Type: application/json; charset=utf-8
cache-control: no-cache
content-length: 88

[DEBUG] Adding key: http://localhost:2690 for channel [id: 0xe5765420, L:/127.0.0.1:59515 - R:localhost/127.0.0.1:2690]
[DEBUG] Using pooled Channel '[id: 0xe5765420, L:/127.0.0.1:59515 - R:localhost/127.0.0.1:2690]' for 'GET' to 'http://localhost:2690/session/1d17cba2db6a7aededa6c8addbfcc1f0/element/51a950c7-21db-49f9-b5c5-b484c0779b50/text'
[DEBUG] Using open Channel [id: 0xe5765420, L:/127.0.0.1:59515 - R:localhost/127.0.0.1:2690] for GET '/session/1d17cba2db6a7aededa6c8addbfcc1f0/element/51a950c7-21db-49f9-b5c5-b484c0779b50/text'
[DEBUG] 

Request DefaultFullHttpRequest(decodeResult: success, version: HTTP/1.1, content: EmptyByteBufBE)
GET /session/1d17cba2db6a7aededa6c8addbfcc1f0/element/51a950c7-21db-49f9-b5c5-b484c0779b50/text HTTP/1.1
User-Agent: selenium/4.6.0 (java windows)
Cache-Control: no-cache
Content-Type: application/json; charset=utf-8
host: localhost:2690
accept: */*

Response DefaultHttpResponse(decodeResult: success, version: HTTP/1.1)
HTTP/1.1 200 OK
Content-Type: application/json; charset=utf-8
cache-control: no-cache
content-length: 28

[DEBUG] Adding key: http://localhost:2690 for channel [id: 0xe5765420, L:/127.0.0.1:59515 - R:localhost/127.0.0.1:2690]
[DEBUG] Using pooled Channel '[id: 0xe5765420, L:/127.0.0.1:59515 - R:localhost/127.0.0.1:2690]' for 'POST' to 'http://localhost:2690/session/1d17cba2db6a7aededa6c8addbfcc1f0/element'
[DEBUG] Using open Channel [id: 0xe5765420, L:/127.0.0.1:59515 - R:localhost/127.0.0.1:2690] for POST '/session/1d17cba2db6a7aededa6c8addbfcc1f0/element'
[DEBUG] 

Request DefaultHttpRequest(decodeResult: success, version: HTTP/1.1)
POST /session/1d17cba2db6a7aededa6c8addbfcc1f0/element HTTP/1.1
User-Agent: selenium/4.6.0 (java windows)
Content-Length: 129
Content-Type: application/json; charset=utf-8
host: localhost:2690
accept: */*

Response DefaultHttpResponse(decodeResult: success, version: HTTP/1.1)
HTTP/1.1 200 OK
Content-Type: application/json; charset=utf-8
cache-control: no-cache
content-length: 88

[DEBUG] Adding key: http://localhost:2690 for channel [id: 0xe5765420, L:/127.0.0.1:59515 - R:localhost/127.0.0.1:2690]
[DEBUG] Using pooled Channel '[id: 0xe5765420, L:/127.0.0.1:59515 - R:localhost/127.0.0.1:2690]' for 'GET' to 'http://localhost:2690/session/1d17cba2db6a7aededa6c8addbfcc1f0/element/265c3167-8cca-491c-b611-0677d2a80b2a/text'
[DEBUG] Using open Channel [id: 0xe5765420, L:/127.0.0.1:59515 - R:localhost/127.0.0.1:2690] for GET '/session/1d17cba2db6a7aededa6c8addbfcc1f0/element/265c3167-8cca-491c-b611-0677d2a80b2a/text'
[DEBUG] 

Request DefaultFullHttpRequest(decodeResult: success, version: HTTP/1.1, content: EmptyByteBufBE)
GET /session/1d17cba2db6a7aededa6c8addbfcc1f0/element/265c3167-8cca-491c-b611-0677d2a80b2a/text HTTP/1.1
User-Agent: selenium/4.6.0 (java windows)
Cache-Control: no-cache
Content-Type: application/json; charset=utf-8
host: localhost:2690
accept: */*

Response DefaultHttpResponse(decodeResult: success, version: HTTP/1.1)
HTTP/1.1 200 OK
Content-Type: application/json; charset=utf-8
cache-control: no-cache
content-length: 26

[DEBUG] Adding key: http://localhost:2690 for channel [id: 0xe5765420, L:/127.0.0.1:59515 - R:localhost/127.0.0.1:2690]
[DEBUG] Using pooled Channel '[id: 0xe5765420, L:/127.0.0.1:59515 - R:localhost/127.0.0.1:2690]' for 'POST' to 'http://localhost:2690/session/1d17cba2db6a7aededa6c8addbfcc1f0/elements'
[DEBUG] Using open Channel [id: 0xe5765420, L:/127.0.0.1:59515 - R:localhost/127.0.0.1:2690] for POST '/session/1d17cba2db6a7aededa6c8addbfcc1f0/elements'
[DEBUG] 

Request DefaultHttpRequest(decodeResult: success, version: HTTP/1.1)
POST /session/1d17cba2db6a7aededa6c8addbfcc1f0/elements HTTP/1.1
User-Agent: selenium/4.6.0 (java windows)
Content-Length: 129
Content-Type: application/json; charset=utf-8
host: localhost:2690
accept: */*

Response DefaultHttpResponse(decodeResult: success, version: HTTP/1.1)
HTTP/1.1 200 OK
Content-Type: application/json; charset=utf-8
cache-control: no-cache
content-length: 90

[DEBUG] Adding key: http://localhost:2690 for channel [id: 0xe5765420, L:/127.0.0.1:59515 - R:localhost/127.0.0.1:2690]
[DEBUG] Using pooled Channel '[id: 0xe5765420, L:/127.0.0.1:59515 - R:localhost/127.0.0.1:2690]' for 'GET' to 'http://localhost:2690/session/1d17cba2db6a7aededa6c8addbfcc1f0/element/95410b71-d105-4765-8124-6329dea4e56d/text'
[DEBUG] Using open Channel [id: 0xe5765420, L:/127.0.0.1:59515 - R:localhost/127.0.0.1:2690] for GET '/session/1d17cba2db6a7aededa6c8addbfcc1f0/element/95410b71-d105-4765-8124-6329dea4e56d/text'
[DEBUG] 

Request DefaultFullHttpRequest(decodeResult: success, version: HTTP/1.1, content: EmptyByteBufBE)
GET /session/1d17cba2db6a7aededa6c8addbfcc1f0/element/95410b71-d105-4765-8124-6329dea4e56d/text HTTP/1.1
User-Agent: selenium/4.6.0 (java windows)
Cache-Control: no-cache
Content-Type: application/json; charset=utf-8
host: localhost:2690
accept: */*

Response DefaultHttpResponse(decodeResult: success, version: HTTP/1.1)
HTTP/1.1 200 OK
Content-Type: application/json; charset=utf-8
cache-control: no-cache
content-length: 23

[DEBUG] Adding key: http://localhost:2690 for channel [id: 0xe5765420, L:/127.0.0.1:59515 - R:localhost/127.0.0.1:2690]
[DEBUG] Using pooled Channel '[id: 0xe5765420, L:/127.0.0.1:59515 - R:localhost/127.0.0.1:2690]' for 'POST' to 'http://localhost:2690/session/1d17cba2db6a7aededa6c8addbfcc1f0/elements'
[DEBUG] Using open Channel [id: 0xe5765420, L:/127.0.0.1:59515 - R:localhost/127.0.0.1:2690] for POST '/session/1d17cba2db6a7aededa6c8addbfcc1f0/elements'
[DEBUG] 

Request DefaultHttpRequest(decodeResult: success, version: HTTP/1.1)
POST /session/1d17cba2db6a7aededa6c8addbfcc1f0/elements HTTP/1.1
User-Agent: selenium/4.6.0 (java windows)
Content-Length: 129
Content-Type: application/json; charset=utf-8
host: localhost:2690
accept: */*

Response DefaultHttpResponse(decodeResult: success, version: HTTP/1.1)
HTTP/1.1 200 OK
Content-Type: application/json; charset=utf-8
cache-control: no-cache
content-length: 90

[DEBUG] Adding key: http://localhost:2690 for channel [id: 0xe5765420, L:/127.0.0.1:59515 - R:localhost/127.0.0.1:2690]
[DEBUG] Using pooled Channel '[id: 0xe5765420, L:/127.0.0.1:59515 - R:localhost/127.0.0.1:2690]' for 'GET' to 'http://localhost:2690/session/1d17cba2db6a7aededa6c8addbfcc1f0/element/72d60845-8d65-4dee-8e90-471ae616962a/text'
[DEBUG] Using open Channel [id: 0xe5765420, L:/127.0.0.1:59515 - R:localhost/127.0.0.1:2690] for GET '/session/1d17cba2db6a7aededa6c8addbfcc1f0/element/72d60845-8d65-4dee-8e90-471ae616962a/text'
[DEBUG] 

Request DefaultFullHttpRequest(decodeResult: success, version: HTTP/1.1, content: EmptyByteBufBE)
GET /session/1d17cba2db6a7aededa6c8addbfcc1f0/element/72d60845-8d65-4dee-8e90-471ae616962a/text HTTP/1.1
User-Agent: selenium/4.6.0 (java windows)
Cache-Control: no-cache
Content-Type: application/json; charset=utf-8
host: localhost:2690
accept: */*

Response DefaultHttpResponse(decodeResult: success, version: HTTP/1.1)
HTTP/1.1 200 OK
Content-Type: application/json; charset=utf-8
cache-control: no-cache
content-length: 18

[DEBUG] Adding key: http://localhost:2690 for channel [id: 0xe5765420, L:/127.0.0.1:59515 - R:localhost/127.0.0.1:2690]
[DEBUG] Using pooled Channel '[id: 0xe5765420, L:/127.0.0.1:59515 - R:localhost/127.0.0.1:2690]' for 'POST' to 'http://localhost:2690/session/1d17cba2db6a7aededa6c8addbfcc1f0/elements'
[DEBUG] Using open Channel [id: 0xe5765420, L:/127.0.0.1:59515 - R:localhost/127.0.0.1:2690] for POST '/session/1d17cba2db6a7aededa6c8addbfcc1f0/elements'
[DEBUG] 

Request DefaultHttpRequest(decodeResult: success, version: HTTP/1.1)
POST /session/1d17cba2db6a7aededa6c8addbfcc1f0/elements HTTP/1.1
User-Agent: selenium/4.6.0 (java windows)
Content-Length: 129
Content-Type: application/json; charset=utf-8
host: localhost:2690
accept: */*

Response DefaultHttpResponse(decodeResult: success, version: HTTP/1.1)
HTTP/1.1 200 OK
Content-Type: application/json; charset=utf-8
cache-control: no-cache
content-length: 90

[DEBUG] Adding key: http://localhost:2690 for channel [id: 0xe5765420, L:/127.0.0.1:59515 - R:localhost/127.0.0.1:2690]
[DEBUG] Using pooled Channel '[id: 0xe5765420, L:/127.0.0.1:59515 - R:localhost/127.0.0.1:2690]' for 'GET' to 'http://localhost:2690/session/1d17cba2db6a7aededa6c8addbfcc1f0/element/eecee500-e91f-4768-b2d2-48b85794d370/text'
[DEBUG] Using open Channel [id: 0xe5765420, L:/127.0.0.1:59515 - R:localhost/127.0.0.1:2690] for GET '/session/1d17cba2db6a7aededa6c8addbfcc1f0/element/eecee500-e91f-4768-b2d2-48b85794d370/text'
[DEBUG] 

Request DefaultFullHttpRequest(decodeResult: success, version: HTTP/1.1, content: EmptyByteBufBE)
GET /session/1d17cba2db6a7aededa6c8addbfcc1f0/element/eecee500-e91f-4768-b2d2-48b85794d370/text HTTP/1.1
User-Agent: selenium/4.6.0 (java windows)
Cache-Control: no-cache
Content-Type: application/json; charset=utf-8
host: localhost:2690
accept: */*

Response DefaultHttpResponse(decodeResult: success, version: HTTP/1.1)
HTTP/1.1 200 OK
Content-Type: application/json; charset=utf-8
cache-control: no-cache
content-length: 32

[DEBUG] Adding key: http://localhost:2690 for channel [id: 0xe5765420, L:/127.0.0.1:59515 - R:localhost/127.0.0.1:2690]
[DEBUG] Using pooled Channel '[id: 0xe5765420, L:/127.0.0.1:59515 - R:localhost/127.0.0.1:2690]' for 'POST' to 'http://localhost:2690/session/1d17cba2db6a7aededa6c8addbfcc1f0/elements'
[DEBUG] Using open Channel [id: 0xe5765420, L:/127.0.0.1:59515 - R:localhost/127.0.0.1:2690] for POST '/session/1d17cba2db6a7aededa6c8addbfcc1f0/elements'
[DEBUG] 

Request DefaultHttpRequest(decodeResult: success, version: HTTP/1.1)
POST /session/1d17cba2db6a7aededa6c8addbfcc1f0/elements HTTP/1.1
User-Agent: selenium/4.6.0 (java windows)
Content-Length: 129
Content-Type: application/json; charset=utf-8
host: localhost:2690
accept: */*

Response DefaultHttpResponse(decodeResult: success, version: HTTP/1.1)
HTTP/1.1 200 OK
Content-Type: application/json; charset=utf-8
cache-control: no-cache
content-length: 90

[DEBUG] Adding key: http://localhost:2690 for channel [id: 0xe5765420, L:/127.0.0.1:59515 - R:localhost/127.0.0.1:2690]
[DEBUG] Using pooled Channel '[id: 0xe5765420, L:/127.0.0.1:59515 - R:localhost/127.0.0.1:2690]' for 'GET' to 'http://localhost:2690/session/1d17cba2db6a7aededa6c8addbfcc1f0/element/265c3167-8cca-491c-b611-0677d2a80b2a/text'
[DEBUG] Using open Channel [id: 0xe5765420, L:/127.0.0.1:59515 - R:localhost/127.0.0.1:2690] for GET '/session/1d17cba2db6a7aededa6c8addbfcc1f0/element/265c3167-8cca-491c-b611-0677d2a80b2a/text'
[DEBUG] 

Request DefaultFullHttpRequest(decodeResult: success, version: HTTP/1.1, content: EmptyByteBufBE)
GET /session/1d17cba2db6a7aededa6c8addbfcc1f0/element/265c3167-8cca-491c-b611-0677d2a80b2a/text HTTP/1.1
User-Agent: selenium/4.6.0 (java windows)
Cache-Control: no-cache
Content-Type: application/json; charset=utf-8
host: localhost:2690
accept: */*

Response DefaultHttpResponse(decodeResult: success, version: HTTP/1.1)
HTTP/1.1 200 OK
Content-Type: application/json; charset=utf-8
cache-control: no-cache
content-length: 26

[DEBUG] Adding key: http://localhost:2690 for channel [id: 0xe5765420, L:/127.0.0.1:59515 - R:localhost/127.0.0.1:2690]
[DEBUG] Using pooled Channel '[id: 0xe5765420, L:/127.0.0.1:59515 - R:localhost/127.0.0.1:2690]' for 'POST' to 'http://localhost:2690/session/1d17cba2db6a7aededa6c8addbfcc1f0/element'
[DEBUG] Using open Channel [id: 0xe5765420, L:/127.0.0.1:59515 - R:localhost/127.0.0.1:2690] for POST '/session/1d17cba2db6a7aededa6c8addbfcc1f0/element'
[DEBUG] 

Request DefaultHttpRequest(decodeResult: success, version: HTTP/1.1)
POST /session/1d17cba2db6a7aededa6c8addbfcc1f0/element HTTP/1.1
User-Agent: selenium/4.6.0 (java windows)
Content-Length: 129
Content-Type: application/json; charset=utf-8
host: localhost:2690
accept: */*

Response DefaultHttpResponse(decodeResult: success, version: HTTP/1.1)
HTTP/1.1 200 OK
Content-Type: application/json; charset=utf-8
cache-control: no-cache
content-length: 88

[DEBUG] Adding key: http://localhost:2690 for channel [id: 0xe5765420, L:/127.0.0.1:59515 - R:localhost/127.0.0.1:2690]
[DEBUG] Using pooled Channel '[id: 0xe5765420, L:/127.0.0.1:59515 - R:localhost/127.0.0.1:2690]' for 'GET' to 'http://localhost:2690/session/1d17cba2db6a7aededa6c8addbfcc1f0/element/51f35b71-786c-48ef-9bd0-513a806a3953/text'
[DEBUG] Using open Channel [id: 0xe5765420, L:/127.0.0.1:59515 - R:localhost/127.0.0.1:2690] for GET '/session/1d17cba2db6a7aededa6c8addbfcc1f0/element/51f35b71-786c-48ef-9bd0-513a806a3953/text'
[DEBUG] 

Request DefaultFullHttpRequest(decodeResult: success, version: HTTP/1.1, content: EmptyByteBufBE)
GET /session/1d17cba2db6a7aededa6c8addbfcc1f0/element/51f35b71-786c-48ef-9bd0-513a806a3953/text HTTP/1.1
User-Agent: selenium/4.6.0 (java windows)
Cache-Control: no-cache
Content-Type: application/json; charset=utf-8
host: localhost:2690
accept: */*

Response DefaultHttpResponse(decodeResult: success, version: HTTP/1.1)
HTTP/1.1 200 OK
Content-Type: application/json; charset=utf-8
cache-control: no-cache
content-length: 28

[DEBUG] Adding key: http://localhost:2690 for channel [id: 0xe5765420, L:/127.0.0.1:59515 - R:localhost/127.0.0.1:2690]
[DEBUG] Using pooled Channel '[id: 0xe5765420, L:/127.0.0.1:59515 - R:localhost/127.0.0.1:2690]' for 'POST' to 'http://localhost:2690/session/1d17cba2db6a7aededa6c8addbfcc1f0/element'
[DEBUG] Using open Channel [id: 0xe5765420, L:/127.0.0.1:59515 - R:localhost/127.0.0.1:2690] for POST '/session/1d17cba2db6a7aededa6c8addbfcc1f0/element'
[DEBUG] 

Request DefaultHttpRequest(decodeResult: success, version: HTTP/1.1)
POST /session/1d17cba2db6a7aededa6c8addbfcc1f0/element HTTP/1.1
User-Agent: selenium/4.6.0 (java windows)
Content-Length: 129
Content-Type: application/json; charset=utf-8
host: localhost:2690
accept: */*

Response DefaultHttpResponse(decodeResult: success, version: HTTP/1.1)
HTTP/1.1 200 OK
Content-Type: application/json; charset=utf-8
cache-control: no-cache
content-length: 88

[DEBUG] Adding key: http://localhost:2690 for channel [id: 0xe5765420, L:/127.0.0.1:59515 - R:localhost/127.0.0.1:2690]
[DEBUG] Using pooled Channel '[id: 0xe5765420, L:/127.0.0.1:59515 - R:localhost/127.0.0.1:2690]' for 'GET' to 'http://localhost:2690/session/1d17cba2db6a7aededa6c8addbfcc1f0/element/e88f0b27-4cbe-4388-a559-50ba949facac/text'
[DEBUG] Using open Channel [id: 0xe5765420, L:/127.0.0.1:59515 - R:localhost/127.0.0.1:2690] for GET '/session/1d17cba2db6a7aededa6c8addbfcc1f0/element/e88f0b27-4cbe-4388-a559-50ba949facac/text'
[DEBUG] 

Request DefaultFullHttpRequest(decodeResult: success, version: HTTP/1.1, content: EmptyByteBufBE)
GET /session/1d17cba2db6a7aededa6c8addbfcc1f0/element/e88f0b27-4cbe-4388-a559-50ba949facac/text HTTP/1.1
User-Agent: selenium/4.6.0 (java windows)
Cache-Control: no-cache
Content-Type: application/json; charset=utf-8
host: localhost:2690
accept: */*

Response DefaultHttpResponse(decodeResult: success, version: HTTP/1.1)
HTTP/1.1 200 OK
Content-Type: application/json; charset=utf-8
cache-control: no-cache
content-length: 26

[DEBUG] Adding key: http://localhost:2690 for channel [id: 0xe5765420, L:/127.0.0.1:59515 - R:localhost/127.0.0.1:2690]
[DEBUG] Using pooled Channel '[id: 0xe5765420, L:/127.0.0.1:59515 - R:localhost/127.0.0.1:2690]' for 'POST' to 'http://localhost:2690/session/1d17cba2db6a7aededa6c8addbfcc1f0/elements'
[DEBUG] Using open Channel [id: 0xe5765420, L:/127.0.0.1:59515 - R:localhost/127.0.0.1:2690] for POST '/session/1d17cba2db6a7aededa6c8addbfcc1f0/elements'
[DEBUG] 

Request DefaultHttpRequest(decodeResult: success, version: HTTP/1.1)
POST /session/1d17cba2db6a7aededa6c8addbfcc1f0/elements HTTP/1.1
User-Agent: selenium/4.6.0 (java windows)
Content-Length: 129
Content-Type: application/json; charset=utf-8
host: localhost:2690
accept: */*

Response DefaultHttpResponse(decodeResult: success, version: HTTP/1.1)
HTTP/1.1 200 OK
Content-Type: application/json; charset=utf-8
cache-control: no-cache
content-length: 90

[DEBUG] Adding key: http://localhost:2690 for channel [id: 0xe5765420, L:/127.0.0.1:59515 - R:localhost/127.0.0.1:2690]
[DEBUG] Using pooled Channel '[id: 0xe5765420, L:/127.0.0.1:59515 - R:localhost/127.0.0.1:2690]' for 'GET' to 'http://localhost:2690/session/1d17cba2db6a7aededa6c8addbfcc1f0/element/e69145f5-5a4a-439c-804e-771500605a9a/text'
[DEBUG] Using open Channel [id: 0xe5765420, L:/127.0.0.1:59515 - R:localhost/127.0.0.1:2690] for GET '/session/1d17cba2db6a7aededa6c8addbfcc1f0/element/e69145f5-5a4a-439c-804e-771500605a9a/text'
[DEBUG] 

Request DefaultFullHttpRequest(decodeResult: success, version: HTTP/1.1, content: EmptyByteBufBE)
GET /session/1d17cba2db6a7aededa6c8addbfcc1f0/element/e69145f5-5a4a-439c-804e-771500605a9a/text HTTP/1.1
User-Agent: selenium/4.6.0 (java windows)
Cache-Control: no-cache
Content-Type: application/json; charset=utf-8
host: localhost:2690
accept: */*

Response DefaultHttpResponse(decodeResult: success, version: HTTP/1.1)
HTTP/1.1 200 OK
Content-Type: application/json; charset=utf-8
cache-control: no-cache
content-length: 23

[DEBUG] Adding key: http://localhost:2690 for channel [id: 0xe5765420, L:/127.0.0.1:59515 - R:localhost/127.0.0.1:2690]
[DEBUG] Using pooled Channel '[id: 0xe5765420, L:/127.0.0.1:59515 - R:localhost/127.0.0.1:2690]' for 'POST' to 'http://localhost:2690/session/1d17cba2db6a7aededa6c8addbfcc1f0/elements'
[DEBUG] Using open Channel [id: 0xe5765420, L:/127.0.0.1:59515 - R:localhost/127.0.0.1:2690] for POST '/session/1d17cba2db6a7aededa6c8addbfcc1f0/elements'
[DEBUG] 

Request DefaultHttpRequest(decodeResult: success, version: HTTP/1.1)
POST /session/1d17cba2db6a7aededa6c8addbfcc1f0/elements HTTP/1.1
User-Agent: selenium/4.6.0 (java windows)
Content-Length: 129
Content-Type: application/json; charset=utf-8
host: localhost:2690
accept: */*

Response DefaultHttpResponse(decodeResult: success, version: HTTP/1.1)
HTTP/1.1 200 OK
Content-Type: application/json; charset=utf-8
cache-control: no-cache
content-length: 90

[DEBUG] Adding key: http://localhost:2690 for channel [id: 0xe5765420, L:/127.0.0.1:59515 - R:localhost/127.0.0.1:2690]
[DEBUG] Using pooled Channel '[id: 0xe5765420, L:/127.0.0.1:59515 - R:localhost/127.0.0.1:2690]' for 'GET' to 'http://localhost:2690/session/1d17cba2db6a7aededa6c8addbfcc1f0/element/066c0730-eabd-47d6-a1a7-e46e4add76c3/text'
[DEBUG] Using open Channel [id: 0xe5765420, L:/127.0.0.1:59515 - R:localhost/127.0.0.1:2690] for GET '/session/1d17cba2db6a7aededa6c8addbfcc1f0/element/066c0730-eabd-47d6-a1a7-e46e4add76c3/text'
[DEBUG] 

Request DefaultFullHttpRequest(decodeResult: success, version: HTTP/1.1, content: EmptyByteBufBE)
GET /session/1d17cba2db6a7aededa6c8addbfcc1f0/element/066c0730-eabd-47d6-a1a7-e46e4add76c3/text HTTP/1.1
User-Agent: selenium/4.6.0 (java windows)
Cache-Control: no-cache
Content-Type: application/json; charset=utf-8
host: localhost:2690
accept: */*

Response DefaultHttpResponse(decodeResult: success, version: HTTP/1.1)
HTTP/1.1 200 OK
Content-Type: application/json; charset=utf-8
cache-control: no-cache
content-length: 18

[DEBUG] Adding key: http://localhost:2690 for channel [id: 0xe5765420, L:/127.0.0.1:59515 - R:localhost/127.0.0.1:2690]
[DEBUG] Using pooled Channel '[id: 0xe5765420, L:/127.0.0.1:59515 - R:localhost/127.0.0.1:2690]' for 'POST' to 'http://localhost:2690/session/1d17cba2db6a7aededa6c8addbfcc1f0/elements'
[DEBUG] Using open Channel [id: 0xe5765420, L:/127.0.0.1:59515 - R:localhost/127.0.0.1:2690] for POST '/session/1d17cba2db6a7aededa6c8addbfcc1f0/elements'
[DEBUG] 

Request DefaultHttpRequest(decodeResult: success, version: HTTP/1.1)
POST /session/1d17cba2db6a7aededa6c8addbfcc1f0/elements HTTP/1.1
User-Agent: selenium/4.6.0 (java windows)
Content-Length: 129
Content-Type: application/json; charset=utf-8
host: localhost:2690
accept: */*

Response DefaultHttpResponse(decodeResult: success, version: HTTP/1.1)
HTTP/1.1 200 OK
Content-Type: application/json; charset=utf-8
cache-control: no-cache
content-length: 90

[DEBUG] Adding key: http://localhost:2690 for channel [id: 0xe5765420, L:/127.0.0.1:59515 - R:localhost/127.0.0.1:2690]
[DEBUG] Using pooled Channel '[id: 0xe5765420, L:/127.0.0.1:59515 - R:localhost/127.0.0.1:2690]' for 'GET' to 'http://localhost:2690/session/1d17cba2db6a7aededa6c8addbfcc1f0/element/1457a684-6ea1-4b01-850f-4a1465053424/text'
[DEBUG] Using open Channel [id: 0xe5765420, L:/127.0.0.1:59515 - R:localhost/127.0.0.1:2690] for GET '/session/1d17cba2db6a7aededa6c8addbfcc1f0/element/1457a684-6ea1-4b01-850f-4a1465053424/text'
[DEBUG] 

Request DefaultFullHttpRequest(decodeResult: success, version: HTTP/1.1, content: EmptyByteBufBE)
GET /session/1d17cba2db6a7aededa6c8addbfcc1f0/element/1457a684-6ea1-4b01-850f-4a1465053424/text HTTP/1.1
User-Agent: selenium/4.6.0 (java windows)
Cache-Control: no-cache
Content-Type: application/json; charset=utf-8
host: localhost:2690
accept: */*

Response DefaultHttpResponse(decodeResult: success, version: HTTP/1.1)
HTTP/1.1 200 OK
Content-Type: application/json; charset=utf-8
cache-control: no-cache
content-length: 34

[DEBUG] Adding key: http://localhost:2690 for channel [id: 0xe5765420, L:/127.0.0.1:59515 - R:localhost/127.0.0.1:2690]
[DEBUG] Using pooled Channel '[id: 0xe5765420, L:/127.0.0.1:59515 - R:localhost/127.0.0.1:2690]' for 'POST' to 'http://localhost:2690/session/1d17cba2db6a7aededa6c8addbfcc1f0/elements'
[DEBUG] Using open Channel [id: 0xe5765420, L:/127.0.0.1:59515 - R:localhost/127.0.0.1:2690] for POST '/session/1d17cba2db6a7aededa6c8addbfcc1f0/elements'
[DEBUG] 

Request DefaultHttpRequest(decodeResult: success, version: HTTP/1.1)
POST /session/1d17cba2db6a7aededa6c8addbfcc1f0/elements HTTP/1.1
User-Agent: selenium/4.6.0 (java windows)
Content-Length: 129
Content-Type: application/json; charset=utf-8
host: localhost:2690
accept: */*

Response DefaultHttpResponse(decodeResult: success, version: HTTP/1.1)
HTTP/1.1 200 OK
Content-Type: application/json; charset=utf-8
cache-control: no-cache
content-length: 90

[DEBUG] Adding key: http://localhost:2690 for channel [id: 0xe5765420, L:/127.0.0.1:59515 - R:localhost/127.0.0.1:2690]
[DEBUG] Using pooled Channel '[id: 0xe5765420, L:/127.0.0.1:59515 - R:localhost/127.0.0.1:2690]' for 'GET' to 'http://localhost:2690/session/1d17cba2db6a7aededa6c8addbfcc1f0/element/e88f0b27-4cbe-4388-a559-50ba949facac/text'
[DEBUG] Using open Channel [id: 0xe5765420, L:/127.0.0.1:59515 - R:localhost/127.0.0.1:2690] for GET '/session/1d17cba2db6a7aededa6c8addbfcc1f0/element/e88f0b27-4cbe-4388-a559-50ba949facac/text'
[DEBUG] 

Request DefaultFullHttpRequest(decodeResult: success, version: HTTP/1.1, content: EmptyByteBufBE)
GET /session/1d17cba2db6a7aededa6c8addbfcc1f0/element/e88f0b27-4cbe-4388-a559-50ba949facac/text HTTP/1.1
User-Agent: selenium/4.6.0 (java windows)
Cache-Control: no-cache
Content-Type: application/json; charset=utf-8
host: localhost:2690
accept: */*

Response DefaultHttpResponse(decodeResult: success, version: HTTP/1.1)
HTTP/1.1 200 OK
Content-Type: application/json; charset=utf-8
cache-control: no-cache
content-length: 26

[DEBUG] Adding key: http://localhost:2690 for channel [id: 0xe5765420, L:/127.0.0.1:59515 - R:localhost/127.0.0.1:2690]
[DEBUG] Using pooled Channel '[id: 0xe5765420, L:/127.0.0.1:59515 - R:localhost/127.0.0.1:2690]' for 'POST' to 'http://localhost:2690/session/1d17cba2db6a7aededa6c8addbfcc1f0/element'
[DEBUG] Using open Channel [id: 0xe5765420, L:/127.0.0.1:59515 - R:localhost/127.0.0.1:2690] for POST '/session/1d17cba2db6a7aededa6c8addbfcc1f0/element'
[DEBUG] 

Request DefaultHttpRequest(decodeResult: success, version: HTTP/1.1)
POST /session/1d17cba2db6a7aededa6c8addbfcc1f0/element HTTP/1.1
User-Agent: selenium/4.6.0 (java windows)
Content-Length: 129
Content-Type: application/json; charset=utf-8
host: localhost:2690
accept: */*

Response DefaultHttpResponse(decodeResult: success, version: HTTP/1.1)
HTTP/1.1 200 OK
Content-Type: application/json; charset=utf-8
cache-control: no-cache
content-length: 88

[DEBUG] Adding key: http://localhost:2690 for channel [id: 0xe5765420, L:/127.0.0.1:59515 - R:localhost/127.0.0.1:2690]
[DEBUG] Using pooled Channel '[id: 0xe5765420, L:/127.0.0.1:59515 - R:localhost/127.0.0.1:2690]' for 'GET' to 'http://localhost:2690/session/1d17cba2db6a7aededa6c8addbfcc1f0/element/1239a971-9c72-48b4-93fc-6ee1a0117088/text'
[DEBUG] Using open Channel [id: 0xe5765420, L:/127.0.0.1:59515 - R:localhost/127.0.0.1:2690] for GET '/session/1d17cba2db6a7aededa6c8addbfcc1f0/element/1239a971-9c72-48b4-93fc-6ee1a0117088/text'
[DEBUG] 

Request DefaultFullHttpRequest(decodeResult: success, version: HTTP/1.1, content: EmptyByteBufBE)
GET /session/1d17cba2db6a7aededa6c8addbfcc1f0/element/1239a971-9c72-48b4-93fc-6ee1a0117088/text HTTP/1.1
User-Agent: selenium/4.6.0 (java windows)
Cache-Control: no-cache
Content-Type: application/json; charset=utf-8
host: localhost:2690
accept: */*

Response DefaultHttpResponse(decodeResult: success, version: HTTP/1.1)
HTTP/1.1 200 OK
Content-Type: application/json; charset=utf-8
cache-control: no-cache
content-length: 28

[DEBUG] Adding key: http://localhost:2690 for channel [id: 0xe5765420, L:/127.0.0.1:59515 - R:localhost/127.0.0.1:2690]
[DEBUG] Using pooled Channel '[id: 0xe5765420, L:/127.0.0.1:59515 - R:localhost/127.0.0.1:2690]' for 'POST' to 'http://localhost:2690/session/1d17cba2db6a7aededa6c8addbfcc1f0/element'
[DEBUG] Using open Channel [id: 0xe5765420, L:/127.0.0.1:59515 - R:localhost/127.0.0.1:2690] for POST '/session/1d17cba2db6a7aededa6c8addbfcc1f0/element'
[DEBUG] 

Request DefaultHttpRequest(decodeResult: success, version: HTTP/1.1)
POST /session/1d17cba2db6a7aededa6c8addbfcc1f0/element HTTP/1.1
User-Agent: selenium/4.6.0 (java windows)
Content-Length: 129
Content-Type: application/json; charset=utf-8
host: localhost:2690
accept: */*

Response DefaultHttpResponse(decodeResult: success, version: HTTP/1.1)
HTTP/1.1 200 OK
Content-Type: application/json; charset=utf-8
cache-control: no-cache
content-length: 88

[DEBUG] Adding key: http://localhost:2690 for channel [id: 0xe5765420, L:/127.0.0.1:59515 - R:localhost/127.0.0.1:2690]
[DEBUG] Using pooled Channel '[id: 0xe5765420, L:/127.0.0.1:59515 - R:localhost/127.0.0.1:2690]' for 'GET' to 'http://localhost:2690/session/1d17cba2db6a7aededa6c8addbfcc1f0/element/c62a6c1b-8ad3-4924-93ad-2bfb0e06fc96/text'
[DEBUG] Using open Channel [id: 0xe5765420, L:/127.0.0.1:59515 - R:localhost/127.0.0.1:2690] for GET '/session/1d17cba2db6a7aededa6c8addbfcc1f0/element/c62a6c1b-8ad3-4924-93ad-2bfb0e06fc96/text'
[DEBUG] 

Request DefaultFullHttpRequest(decodeResult: success, version: HTTP/1.1, content: EmptyByteBufBE)
GET /session/1d17cba2db6a7aededa6c8addbfcc1f0/element/c62a6c1b-8ad3-4924-93ad-2bfb0e06fc96/text HTTP/1.1
User-Agent: selenium/4.6.0 (java windows)
Cache-Control: no-cache
Content-Type: application/json; charset=utf-8
host: localhost:2690
accept: */*

Response DefaultHttpResponse(decodeResult: success, version: HTTP/1.1)
HTTP/1.1 200 OK
Content-Type: application/json; charset=utf-8
cache-control: no-cache
content-length: 26

[DEBUG] Adding key: http://localhost:2690 for channel [id: 0xe5765420, L:/127.0.0.1:59515 - R:localhost/127.0.0.1:2690]
[DEBUG] Using pooled Channel '[id: 0xe5765420, L:/127.0.0.1:59515 - R:localhost/127.0.0.1:2690]' for 'POST' to 'http://localhost:2690/session/1d17cba2db6a7aededa6c8addbfcc1f0/elements'
[DEBUG] Using open Channel [id: 0xe5765420, L:/127.0.0.1:59515 - R:localhost/127.0.0.1:2690] for POST '/session/1d17cba2db6a7aededa6c8addbfcc1f0/elements'
[DEBUG] 

Request DefaultHttpRequest(decodeResult: success, version: HTTP/1.1)
POST /session/1d17cba2db6a7aededa6c8addbfcc1f0/elements HTTP/1.1
User-Agent: selenium/4.6.0 (java windows)
Content-Length: 129
Content-Type: application/json; charset=utf-8
host: localhost:2690
accept: */*

Response DefaultHttpResponse(decodeResult: success, version: HTTP/1.1)
HTTP/1.1 200 OK
Content-Type: application/json; charset=utf-8
cache-control: no-cache
content-length: 90

[DEBUG] Adding key: http://localhost:2690 for channel [id: 0xe5765420, L:/127.0.0.1:59515 - R:localhost/127.0.0.1:2690]
[DEBUG] Using pooled Channel '[id: 0xe5765420, L:/127.0.0.1:59515 - R:localhost/127.0.0.1:2690]' for 'GET' to 'http://localhost:2690/session/1d17cba2db6a7aededa6c8addbfcc1f0/element/47678f57-c2cb-46a3-8229-c73e70111b6d/text'
[DEBUG] Using open Channel [id: 0xe5765420, L:/127.0.0.1:59515 - R:localhost/127.0.0.1:2690] for GET '/session/1d17cba2db6a7aededa6c8addbfcc1f0/element/47678f57-c2cb-46a3-8229-c73e70111b6d/text'
[DEBUG] 

Request DefaultFullHttpRequest(decodeResult: success, version: HTTP/1.1, content: EmptyByteBufBE)
GET /session/1d17cba2db6a7aededa6c8addbfcc1f0/element/47678f57-c2cb-46a3-8229-c73e70111b6d/text HTTP/1.1
User-Agent: selenium/4.6.0 (java windows)
Cache-Control: no-cache
Content-Type: application/json; charset=utf-8
host: localhost:2690
accept: */*

Response DefaultHttpResponse(decodeResult: success, version: HTTP/1.1)
HTTP/1.1 200 OK
Content-Type: application/json; charset=utf-8
cache-control: no-cache
content-length: 23

[DEBUG] Adding key: http://localhost:2690 for channel [id: 0xe5765420, L:/127.0.0.1:59515 - R:localhost/127.0.0.1:2690]
[DEBUG] Using pooled Channel '[id: 0xe5765420, L:/127.0.0.1:59515 - R:localhost/127.0.0.1:2690]' for 'POST' to 'http://localhost:2690/session/1d17cba2db6a7aededa6c8addbfcc1f0/elements'
[DEBUG] Using open Channel [id: 0xe5765420, L:/127.0.0.1:59515 - R:localhost/127.0.0.1:2690] for POST '/session/1d17cba2db6a7aededa6c8addbfcc1f0/elements'
[DEBUG] 

Request DefaultHttpRequest(decodeResult: success, version: HTTP/1.1)
POST /session/1d17cba2db6a7aededa6c8addbfcc1f0/elements HTTP/1.1
User-Agent: selenium/4.6.0 (java windows)
Content-Length: 129
Content-Type: application/json; charset=utf-8
host: localhost:2690
accept: */*

Response DefaultHttpResponse(decodeResult: success, version: HTTP/1.1)
HTTP/1.1 200 OK
Content-Type: application/json; charset=utf-8
cache-control: no-cache
content-length: 90

[DEBUG] Adding key: http://localhost:2690 for channel [id: 0xe5765420, L:/127.0.0.1:59515 - R:localhost/127.0.0.1:2690]
[DEBUG] Using pooled Channel '[id: 0xe5765420, L:/127.0.0.1:59515 - R:localhost/127.0.0.1:2690]' for 'GET' to 'http://localhost:2690/session/1d17cba2db6a7aededa6c8addbfcc1f0/element/9d6821b3-4227-48a7-aacd-9ef5c260308f/text'
[DEBUG] Using open Channel [id: 0xe5765420, L:/127.0.0.1:59515 - R:localhost/127.0.0.1:2690] for GET '/session/1d17cba2db6a7aededa6c8addbfcc1f0/element/9d6821b3-4227-48a7-aacd-9ef5c260308f/text'
[DEBUG] 

Request DefaultFullHttpRequest(decodeResult: success, version: HTTP/1.1, content: EmptyByteBufBE)
GET /session/1d17cba2db6a7aededa6c8addbfcc1f0/element/9d6821b3-4227-48a7-aacd-9ef5c260308f/text HTTP/1.1
User-Agent: selenium/4.6.0 (java windows)
Cache-Control: no-cache
Content-Type: application/json; charset=utf-8
host: localhost:2690
accept: */*

Response DefaultHttpResponse(decodeResult: success, version: HTTP/1.1)
HTTP/1.1 200 OK
Content-Type: application/json; charset=utf-8
cache-control: no-cache
content-length: 21

[DEBUG] Adding key: http://localhost:2690 for channel [id: 0xe5765420, L:/127.0.0.1:59515 - R:localhost/127.0.0.1:2690]
[DEBUG] Using pooled Channel '[id: 0xe5765420, L:/127.0.0.1:59515 - R:localhost/127.0.0.1:2690]' for 'POST' to 'http://localhost:2690/session/1d17cba2db6a7aededa6c8addbfcc1f0/elements'
[DEBUG] Using open Channel [id: 0xe5765420, L:/127.0.0.1:59515 - R:localhost/127.0.0.1:2690] for POST '/session/1d17cba2db6a7aededa6c8addbfcc1f0/elements'
[DEBUG] 

Request DefaultHttpRequest(decodeResult: success, version: HTTP/1.1)
POST /session/1d17cba2db6a7aededa6c8addbfcc1f0/elements HTTP/1.1
User-Agent: selenium/4.6.0 (java windows)
Content-Length: 129
Content-Type: application/json; charset=utf-8
host: localhost:2690
accept: */*

Response DefaultHttpResponse(decodeResult: success, version: HTTP/1.1)
HTTP/1.1 200 OK
Content-Type: application/json; charset=utf-8
cache-control: no-cache
content-length: 90

[DEBUG] Adding key: http://localhost:2690 for channel [id: 0xe5765420, L:/127.0.0.1:59515 - R:localhost/127.0.0.1:2690]
[DEBUG] Using pooled Channel '[id: 0xe5765420, L:/127.0.0.1:59515 - R:localhost/127.0.0.1:2690]' for 'GET' to 'http://localhost:2690/session/1d17cba2db6a7aededa6c8addbfcc1f0/element/cb31803b-fea0-475b-9dad-c555257894ef/text'
[DEBUG] Using open Channel [id: 0xe5765420, L:/127.0.0.1:59515 - R:localhost/127.0.0.1:2690] for GET '/session/1d17cba2db6a7aededa6c8addbfcc1f0/element/cb31803b-fea0-475b-9dad-c555257894ef/text'
[DEBUG] 

Request DefaultFullHttpRequest(decodeResult: success, version: HTTP/1.1, content: EmptyByteBufBE)
GET /session/1d17cba2db6a7aededa6c8addbfcc1f0/element/cb31803b-fea0-475b-9dad-c555257894ef/text HTTP/1.1
User-Agent: selenium/4.6.0 (java windows)
Cache-Control: no-cache
Content-Type: application/json; charset=utf-8
host: localhost:2690
accept: */*

Response DefaultHttpResponse(decodeResult: success, version: HTTP/1.1)
HTTP/1.1 200 OK
Content-Type: application/json; charset=utf-8
cache-control: no-cache
content-length: 35

[DEBUG] Adding key: http://localhost:2690 for channel [id: 0xe5765420, L:/127.0.0.1:59515 - R:localhost/127.0.0.1:2690]
[DEBUG] Using pooled Channel '[id: 0xe5765420, L:/127.0.0.1:59515 - R:localhost/127.0.0.1:2690]' for 'POST' to 'http://localhost:2690/session/1d17cba2db6a7aededa6c8addbfcc1f0/elements'
[DEBUG] Using open Channel [id: 0xe5765420, L:/127.0.0.1:59515 - R:localhost/127.0.0.1:2690] for POST '/session/1d17cba2db6a7aededa6c8addbfcc1f0/elements'
[DEBUG] 

Request DefaultHttpRequest(decodeResult: success, version: HTTP/1.1)
POST /session/1d17cba2db6a7aededa6c8addbfcc1f0/elements HTTP/1.1
User-Agent: selenium/4.6.0 (java windows)
Content-Length: 129
Content-Type: application/json; charset=utf-8
host: localhost:2690
accept: */*

Response DefaultHttpResponse(decodeResult: success, version: HTTP/1.1)
HTTP/1.1 200 OK
Content-Type: application/json; charset=utf-8
cache-control: no-cache
content-length: 90

[DEBUG] Adding key: http://localhost:2690 for channel [id: 0xe5765420, L:/127.0.0.1:59515 - R:localhost/127.0.0.1:2690]
[DEBUG] Using pooled Channel '[id: 0xe5765420, L:/127.0.0.1:59515 - R:localhost/127.0.0.1:2690]' for 'GET' to 'http://localhost:2690/session/1d17cba2db6a7aededa6c8addbfcc1f0/element/c62a6c1b-8ad3-4924-93ad-2bfb0e06fc96/text'
[DEBUG] Using open Channel [id: 0xe5765420, L:/127.0.0.1:59515 - R:localhost/127.0.0.1:2690] for GET '/session/1d17cba2db6a7aededa6c8addbfcc1f0/element/c62a6c1b-8ad3-4924-93ad-2bfb0e06fc96/text'
[DEBUG] 

Request DefaultFullHttpRequest(decodeResult: success, version: HTTP/1.1, content: EmptyByteBufBE)
GET /session/1d17cba2db6a7aededa6c8addbfcc1f0/element/c62a6c1b-8ad3-4924-93ad-2bfb0e06fc96/text HTTP/1.1
User-Agent: selenium/4.6.0 (java windows)
Cache-Control: no-cache
Content-Type: application/json; charset=utf-8
host: localhost:2690
accept: */*

Response DefaultHttpResponse(decodeResult: success, version: HTTP/1.1)
HTTP/1.1 200 OK
Content-Type: application/json; charset=utf-8
cache-control: no-cache
content-length: 26

[DEBUG] Adding key: http://localhost:2690 for channel [id: 0xe5765420, L:/127.0.0.1:59515 - R:localhost/127.0.0.1:2690]
[DEBUG] Using pooled Channel '[id: 0xe5765420, L:/127.0.0.1:59515 - R:localhost/127.0.0.1:2690]' for 'POST' to 'http://localhost:2690/session/1d17cba2db6a7aededa6c8addbfcc1f0/element'
[DEBUG] Using open Channel [id: 0xe5765420, L:/127.0.0.1:59515 - R:localhost/127.0.0.1:2690] for POST '/session/1d17cba2db6a7aededa6c8addbfcc1f0/element'
[DEBUG] 

Request DefaultHttpRequest(decodeResult: success, version: HTTP/1.1)
POST /session/1d17cba2db6a7aededa6c8addbfcc1f0/element HTTP/1.1
User-Agent: selenium/4.6.0 (java windows)
Content-Length: 129
Content-Type: application/json; charset=utf-8
host: localhost:2690
accept: */*

Response DefaultHttpResponse(decodeResult: success, version: HTTP/1.1)
HTTP/1.1 200 OK
Content-Type: application/json; charset=utf-8
cache-control: no-cache
content-length: 88

[DEBUG] Adding key: http://localhost:2690 for channel [id: 0xe5765420, L:/127.0.0.1:59515 - R:localhost/127.0.0.1:2690]
[DEBUG] Using pooled Channel '[id: 0xe5765420, L:/127.0.0.1:59515 - R:localhost/127.0.0.1:2690]' for 'GET' to 'http://localhost:2690/session/1d17cba2db6a7aededa6c8addbfcc1f0/element/d3ae005c-558c-4d5f-91cb-c30555cd65f0/text'
[DEBUG] Using open Channel [id: 0xe5765420, L:/127.0.0.1:59515 - R:localhost/127.0.0.1:2690] for GET '/session/1d17cba2db6a7aededa6c8addbfcc1f0/element/d3ae005c-558c-4d5f-91cb-c30555cd65f0/text'
[DEBUG] 

Request DefaultFullHttpRequest(decodeResult: success, version: HTTP/1.1, content: EmptyByteBufBE)
GET /session/1d17cba2db6a7aededa6c8addbfcc1f0/element/d3ae005c-558c-4d5f-91cb-c30555cd65f0/text HTTP/1.1
User-Agent: selenium/4.6.0 (java windows)
Cache-Control: no-cache
Content-Type: application/json; charset=utf-8
host: localhost:2690
accept: */*

Response DefaultHttpResponse(decodeResult: success, version: HTTP/1.1)
HTTP/1.1 200 OK
Content-Type: application/json; charset=utf-8
cache-control: no-cache
content-length: 28

[DEBUG] Adding key: http://localhost:2690 for channel [id: 0xe5765420, L:/127.0.0.1:59515 - R:localhost/127.0.0.1:2690]
[DEBUG] Using pooled Channel '[id: 0xe5765420, L:/127.0.0.1:59515 - R:localhost/127.0.0.1:2690]' for 'POST' to 'http://localhost:2690/session/1d17cba2db6a7aededa6c8addbfcc1f0/element'
[DEBUG] Using open Channel [id: 0xe5765420, L:/127.0.0.1:59515 - R:localhost/127.0.0.1:2690] for POST '/session/1d17cba2db6a7aededa6c8addbfcc1f0/element'
[DEBUG] 

Request DefaultHttpRequest(decodeResult: success, version: HTTP/1.1)
POST /session/1d17cba2db6a7aededa6c8addbfcc1f0/element HTTP/1.1
User-Agent: selenium/4.6.0 (java windows)
Content-Length: 129
Content-Type: application/json; charset=utf-8
host: localhost:2690
accept: */*

Response DefaultHttpResponse(decodeResult: success, version: HTTP/1.1)
HTTP/1.1 200 OK
Content-Type: application/json; charset=utf-8
cache-control: no-cache
content-length: 88

[DEBUG] Adding key: http://localhost:2690 for channel [id: 0xe5765420, L:/127.0.0.1:59515 - R:localhost/127.0.0.1:2690]
[DEBUG] Using pooled Channel '[id: 0xe5765420, L:/127.0.0.1:59515 - R:localhost/127.0.0.1:2690]' for 'GET' to 'http://localhost:2690/session/1d17cba2db6a7aededa6c8addbfcc1f0/element/9ba794c0-4d29-461c-a322-e4b1d52e5f22/text'
[DEBUG] Using open Channel [id: 0xe5765420, L:/127.0.0.1:59515 - R:localhost/127.0.0.1:2690] for GET '/session/1d17cba2db6a7aededa6c8addbfcc1f0/element/9ba794c0-4d29-461c-a322-e4b1d52e5f22/text'
[DEBUG] 

Request DefaultFullHttpRequest(decodeResult: success, version: HTTP/1.1, content: EmptyByteBufBE)
GET /session/1d17cba2db6a7aededa6c8addbfcc1f0/element/9ba794c0-4d29-461c-a322-e4b1d52e5f22/text HTTP/1.1
User-Agent: selenium/4.6.0 (java windows)
Cache-Control: no-cache
Content-Type: application/json; charset=utf-8
host: localhost:2690
accept: */*

Response DefaultHttpResponse(decodeResult: success, version: HTTP/1.1)
HTTP/1.1 200 OK
Content-Type: application/json; charset=utf-8
cache-control: no-cache
content-length: 26

[DEBUG] Adding key: http://localhost:2690 for channel [id: 0xe5765420, L:/127.0.0.1:59515 - R:localhost/127.0.0.1:2690]
[DEBUG] Using pooled Channel '[id: 0xe5765420, L:/127.0.0.1:59515 - R:localhost/127.0.0.1:2690]' for 'POST' to 'http://localhost:2690/session/1d17cba2db6a7aededa6c8addbfcc1f0/elements'
[DEBUG] Using open Channel [id: 0xe5765420, L:/127.0.0.1:59515 - R:localhost/127.0.0.1:2690] for POST '/session/1d17cba2db6a7aededa6c8addbfcc1f0/elements'
[DEBUG] 

Request DefaultHttpRequest(decodeResult: success, version: HTTP/1.1)
POST /session/1d17cba2db6a7aededa6c8addbfcc1f0/elements HTTP/1.1
User-Agent: selenium/4.6.0 (java windows)
Content-Length: 129
Content-Type: application/json; charset=utf-8
host: localhost:2690
accept: */*

Response DefaultHttpResponse(decodeResult: success, version: HTTP/1.1)
HTTP/1.1 200 OK
Content-Type: application/json; charset=utf-8
cache-control: no-cache
content-length: 90

[DEBUG] Adding key: http://localhost:2690 for channel [id: 0xe5765420, L:/127.0.0.1:59515 - R:localhost/127.0.0.1:2690]
[DEBUG] Using pooled Channel '[id: 0xe5765420, L:/127.0.0.1:59515 - R:localhost/127.0.0.1:2690]' for 'GET' to 'http://localhost:2690/session/1d17cba2db6a7aededa6c8addbfcc1f0/element/5920553d-4eb2-4d53-90d2-9758dace1ca2/text'
[DEBUG] Using open Channel [id: 0xe5765420, L:/127.0.0.1:59515 - R:localhost/127.0.0.1:2690] for GET '/session/1d17cba2db6a7aededa6c8addbfcc1f0/element/5920553d-4eb2-4d53-90d2-9758dace1ca2/text'
[DEBUG] 

Request DefaultFullHttpRequest(decodeResult: success, version: HTTP/1.1, content: EmptyByteBufBE)
GET /session/1d17cba2db6a7aededa6c8addbfcc1f0/element/5920553d-4eb2-4d53-90d2-9758dace1ca2/text HTTP/1.1
User-Agent: selenium/4.6.0 (java windows)
Cache-Control: no-cache
Content-Type: application/json; charset=utf-8
host: localhost:2690
accept: */*

Response DefaultHttpResponse(decodeResult: success, version: HTTP/1.1)
HTTP/1.1 200 OK
Content-Type: application/json; charset=utf-8
cache-control: no-cache
content-length: 23

[DEBUG] Adding key: http://localhost:2690 for channel [id: 0xe5765420, L:/127.0.0.1:59515 - R:localhost/127.0.0.1:2690]
[DEBUG] Using pooled Channel '[id: 0xe5765420, L:/127.0.0.1:59515 - R:localhost/127.0.0.1:2690]' for 'POST' to 'http://localhost:2690/session/1d17cba2db6a7aededa6c8addbfcc1f0/elements'
[DEBUG] Using open Channel [id: 0xe5765420, L:/127.0.0.1:59515 - R:localhost/127.0.0.1:2690] for POST '/session/1d17cba2db6a7aededa6c8addbfcc1f0/elements'
[DEBUG] 

Request DefaultHttpRequest(decodeResult: success, version: HTTP/1.1)
POST /session/1d17cba2db6a7aededa6c8addbfcc1f0/elements HTTP/1.1
User-Agent: selenium/4.6.0 (java windows)
Content-Length: 129
Content-Type: application/json; charset=utf-8
host: localhost:2690
accept: */*

Response DefaultHttpResponse(decodeResult: success, version: HTTP/1.1)
HTTP/1.1 200 OK
Content-Type: application/json; charset=utf-8
cache-control: no-cache
content-length: 90

[DEBUG] Adding key: http://localhost:2690 for channel [id: 0xe5765420, L:/127.0.0.1:59515 - R:localhost/127.0.0.1:2690]
[DEBUG] Using pooled Channel '[id: 0xe5765420, L:/127.0.0.1:59515 - R:localhost/127.0.0.1:2690]' for 'GET' to 'http://localhost:2690/session/1d17cba2db6a7aededa6c8addbfcc1f0/element/f2ebcc89-91b3-4556-80d1-d0a450586c49/text'
[DEBUG] Using open Channel [id: 0xe5765420, L:/127.0.0.1:59515 - R:localhost/127.0.0.1:2690] for GET '/session/1d17cba2db6a7aededa6c8addbfcc1f0/element/f2ebcc89-91b3-4556-80d1-d0a450586c49/text'
[DEBUG] 

Request DefaultFullHttpRequest(decodeResult: success, version: HTTP/1.1, content: EmptyByteBufBE)
GET /session/1d17cba2db6a7aededa6c8addbfcc1f0/element/f2ebcc89-91b3-4556-80d1-d0a450586c49/text HTTP/1.1
User-Agent: selenium/4.6.0 (java windows)
Cache-Control: no-cache
Content-Type: application/json; charset=utf-8
host: localhost:2690
accept: */*

Response DefaultHttpResponse(decodeResult: success, version: HTTP/1.1)
HTTP/1.1 200 OK
Content-Type: application/json; charset=utf-8
cache-control: no-cache
content-length: 19

[DEBUG] Adding key: http://localhost:2690 for channel [id: 0xe5765420, L:/127.0.0.1:59515 - R:localhost/127.0.0.1:2690]
[DEBUG] Using pooled Channel '[id: 0xe5765420, L:/127.0.0.1:59515 - R:localhost/127.0.0.1:2690]' for 'POST' to 'http://localhost:2690/session/1d17cba2db6a7aededa6c8addbfcc1f0/elements'
[DEBUG] Using open Channel [id: 0xe5765420, L:/127.0.0.1:59515 - R:localhost/127.0.0.1:2690] for POST '/session/1d17cba2db6a7aededa6c8addbfcc1f0/elements'
[DEBUG] 

Request DefaultHttpRequest(decodeResult: success, version: HTTP/1.1)
POST /session/1d17cba2db6a7aededa6c8addbfcc1f0/elements HTTP/1.1
User-Agent: selenium/4.6.0 (java windows)
Content-Length: 129
Content-Type: application/json; charset=utf-8
host: localhost:2690
accept: */*

Response DefaultHttpResponse(decodeResult: success, version: HTTP/1.1)
HTTP/1.1 200 OK
Content-Type: application/json; charset=utf-8
cache-control: no-cache
content-length: 90

[DEBUG] Adding key: http://localhost:2690 for channel [id: 0xe5765420, L:/127.0.0.1:59515 - R:localhost/127.0.0.1:2690]
[DEBUG] Using pooled Channel '[id: 0xe5765420, L:/127.0.0.1:59515 - R:localhost/127.0.0.1:2690]' for 'GET' to 'http://localhost:2690/session/1d17cba2db6a7aededa6c8addbfcc1f0/element/e5d6aaa9-b7e3-4f7a-a955-4f257dc03d2e/text'
[DEBUG] Using open Channel [id: 0xe5765420, L:/127.0.0.1:59515 - R:localhost/127.0.0.1:2690] for GET '/session/1d17cba2db6a7aededa6c8addbfcc1f0/element/e5d6aaa9-b7e3-4f7a-a955-4f257dc03d2e/text'
[DEBUG] 

Request DefaultFullHttpRequest(decodeResult: success, version: HTTP/1.1, content: EmptyByteBufBE)
GET /session/1d17cba2db6a7aededa6c8addbfcc1f0/element/e5d6aaa9-b7e3-4f7a-a955-4f257dc03d2e/text HTTP/1.1
User-Agent: selenium/4.6.0 (java windows)
Cache-Control: no-cache
Content-Type: application/json; charset=utf-8
host: localhost:2690
accept: */*

Response DefaultHttpResponse(decodeResult: success, version: HTTP/1.1)
HTTP/1.1 200 OK
Content-Type: application/json; charset=utf-8
cache-control: no-cache
content-length: 28

[DEBUG] Adding key: http://localhost:2690 for channel [id: 0xe5765420, L:/127.0.0.1:59515 - R:localhost/127.0.0.1:2690]
[DEBUG] Using pooled Channel '[id: 0xe5765420, L:/127.0.0.1:59515 - R:localhost/127.0.0.1:2690]' for 'POST' to 'http://localhost:2690/session/1d17cba2db6a7aededa6c8addbfcc1f0/elements'
[DEBUG] Using open Channel [id: 0xe5765420, L:/127.0.0.1:59515 - R:localhost/127.0.0.1:2690] for POST '/session/1d17cba2db6a7aededa6c8addbfcc1f0/elements'
[DEBUG] 

Request DefaultHttpRequest(decodeResult: success, version: HTTP/1.1)
POST /session/1d17cba2db6a7aededa6c8addbfcc1f0/elements HTTP/1.1
User-Agent: selenium/4.6.0 (java windows)
Content-Length: 129
Content-Type: application/json; charset=utf-8
host: localhost:2690
accept: */*

Response DefaultHttpResponse(decodeResult: success, version: HTTP/1.1)
HTTP/1.1 200 OK
Content-Type: application/json; charset=utf-8
cache-control: no-cache
content-length: 90

[DEBUG] Adding key: http://localhost:2690 for channel [id: 0xe5765420, L:/127.0.0.1:59515 - R:localhost/127.0.0.1:2690]
[DEBUG] Using pooled Channel '[id: 0xe5765420, L:/127.0.0.1:59515 - R:localhost/127.0.0.1:2690]' for 'GET' to 'http://localhost:2690/session/1d17cba2db6a7aededa6c8addbfcc1f0/element/9ba794c0-4d29-461c-a322-e4b1d52e5f22/text'
[DEBUG] Using open Channel [id: 0xe5765420, L:/127.0.0.1:59515 - R:localhost/127.0.0.1:2690] for GET '/session/1d17cba2db6a7aededa6c8addbfcc1f0/element/9ba794c0-4d29-461c-a322-e4b1d52e5f22/text'
[DEBUG] 

Request DefaultFullHttpRequest(decodeResult: success, version: HTTP/1.1, content: EmptyByteBufBE)
GET /session/1d17cba2db6a7aededa6c8addbfcc1f0/element/9ba794c0-4d29-461c-a322-e4b1d52e5f22/text HTTP/1.1
User-Agent: selenium/4.6.0 (java windows)
Cache-Control: no-cache
Content-Type: application/json; charset=utf-8
host: localhost:2690
accept: */*

Response DefaultHttpResponse(decodeResult: success, version: HTTP/1.1)
HTTP/1.1 200 OK
Content-Type: application/json; charset=utf-8
cache-control: no-cache
content-length: 26

[DEBUG] Adding key: http://localhost:2690 for channel [id: 0xe5765420, L:/127.0.0.1:59515 - R:localhost/127.0.0.1:2690]
[DEBUG] Using pooled Channel '[id: 0xe5765420, L:/127.0.0.1:59515 - R:localhost/127.0.0.1:2690]' for 'POST' to 'http://localhost:2690/session/1d17cba2db6a7aededa6c8addbfcc1f0/element'
[DEBUG] Using open Channel [id: 0xe5765420, L:/127.0.0.1:59515 - R:localhost/127.0.0.1:2690] for POST '/session/1d17cba2db6a7aededa6c8addbfcc1f0/element'
[DEBUG] 

Request DefaultHttpRequest(decodeResult: success, version: HTTP/1.1)
POST /session/1d17cba2db6a7aededa6c8addbfcc1f0/element HTTP/1.1
User-Agent: selenium/4.6.0 (java windows)
Content-Length: 129
Content-Type: application/json; charset=utf-8
host: localhost:2690
accept: */*

Response DefaultHttpResponse(decodeResult: success, version: HTTP/1.1)
HTTP/1.1 200 OK
Content-Type: application/json; charset=utf-8
cache-control: no-cache
content-length: 88

[DEBUG] Adding key: http://localhost:2690 for channel [id: 0xe5765420, L:/127.0.0.1:59515 - R:localhost/127.0.0.1:2690]
[DEBUG] Using pooled Channel '[id: 0xe5765420, L:/127.0.0.1:59515 - R:localhost/127.0.0.1:2690]' for 'GET' to 'http://localhost:2690/session/1d17cba2db6a7aededa6c8addbfcc1f0/element/735cb8bc-43f8-4451-a723-732dec7759c1/text'
[DEBUG] Using open Channel [id: 0xe5765420, L:/127.0.0.1:59515 - R:localhost/127.0.0.1:2690] for GET '/session/1d17cba2db6a7aededa6c8addbfcc1f0/element/735cb8bc-43f8-4451-a723-732dec7759c1/text'
[DEBUG] 

Request DefaultFullHttpRequest(decodeResult: success, version: HTTP/1.1, content: EmptyByteBufBE)
GET /session/1d17cba2db6a7aededa6c8addbfcc1f0/element/735cb8bc-43f8-4451-a723-732dec7759c1/text HTTP/1.1
User-Agent: selenium/4.6.0 (java windows)
Cache-Control: no-cache
Content-Type: application/json; charset=utf-8
host: localhost:2690
accept: */*

Response DefaultHttpResponse(decodeResult: success, version: HTTP/1.1)
HTTP/1.1 200 OK
Content-Type: application/json; charset=utf-8
cache-control: no-cache
content-length: 28

[DEBUG] Adding key: http://localhost:2690 for channel [id: 0xe5765420, L:/127.0.0.1:59515 - R:localhost/127.0.0.1:2690]
[DEBUG] Using pooled Channel '[id: 0xe5765420, L:/127.0.0.1:59515 - R:localhost/127.0.0.1:2690]' for 'POST' to 'http://localhost:2690/session/1d17cba2db6a7aededa6c8addbfcc1f0/element'
[DEBUG] Using open Channel [id: 0xe5765420, L:/127.0.0.1:59515 - R:localhost/127.0.0.1:2690] for POST '/session/1d17cba2db6a7aededa6c8addbfcc1f0/element'
[DEBUG] 

Request DefaultHttpRequest(decodeResult: success, version: HTTP/1.1)
POST /session/1d17cba2db6a7aededa6c8addbfcc1f0/element HTTP/1.1
User-Agent: selenium/4.6.0 (java windows)
Content-Length: 129
Content-Type: application/json; charset=utf-8
host: localhost:2690
accept: */*

Response DefaultHttpResponse(decodeResult: success, version: HTTP/1.1)
HTTP/1.1 200 OK
Content-Type: application/json; charset=utf-8
cache-control: no-cache
content-length: 88

[DEBUG] Adding key: http://localhost:2690 for channel [id: 0xe5765420, L:/127.0.0.1:59515 - R:localhost/127.0.0.1:2690]
[DEBUG] Using pooled Channel '[id: 0xe5765420, L:/127.0.0.1:59515 - R:localhost/127.0.0.1:2690]' for 'GET' to 'http://localhost:2690/session/1d17cba2db6a7aededa6c8addbfcc1f0/element/5f0cd3fe-8809-4612-acd1-e5633d841e5a/text'
[DEBUG] Using open Channel [id: 0xe5765420, L:/127.0.0.1:59515 - R:localhost/127.0.0.1:2690] for GET '/session/1d17cba2db6a7aededa6c8addbfcc1f0/element/5f0cd3fe-8809-4612-acd1-e5633d841e5a/text'
[DEBUG] 

Request DefaultFullHttpRequest(decodeResult: success, version: HTTP/1.1, content: EmptyByteBufBE)
GET /session/1d17cba2db6a7aededa6c8addbfcc1f0/element/5f0cd3fe-8809-4612-acd1-e5633d841e5a/text HTTP/1.1
User-Agent: selenium/4.6.0 (java windows)
Cache-Control: no-cache
Content-Type: application/json; charset=utf-8
host: localhost:2690
accept: */*

Response DefaultHttpResponse(decodeResult: success, version: HTTP/1.1)
HTTP/1.1 200 OK
Content-Type: application/json; charset=utf-8
cache-control: no-cache
content-length: 26

[DEBUG] Adding key: http://localhost:2690 for channel [id: 0xe5765420, L:/127.0.0.1:59515 - R:localhost/127.0.0.1:2690]
[DEBUG] Using pooled Channel '[id: 0xe5765420, L:/127.0.0.1:59515 - R:localhost/127.0.0.1:2690]' for 'POST' to 'http://localhost:2690/session/1d17cba2db6a7aededa6c8addbfcc1f0/elements'
[DEBUG] Using open Channel [id: 0xe5765420, L:/127.0.0.1:59515 - R:localhost/127.0.0.1:2690] for POST '/session/1d17cba2db6a7aededa6c8addbfcc1f0/elements'
[DEBUG] 

Request DefaultHttpRequest(decodeResult: success, version: HTTP/1.1)
POST /session/1d17cba2db6a7aededa6c8addbfcc1f0/elements HTTP/1.1
User-Agent: selenium/4.6.0 (java windows)
Content-Length: 129
Content-Type: application/json; charset=utf-8
host: localhost:2690
accept: */*

Response DefaultHttpResponse(decodeResult: success, version: HTTP/1.1)
HTTP/1.1 200 OK
Content-Type: application/json; charset=utf-8
cache-control: no-cache
content-length: 90

[DEBUG] Adding key: http://localhost:2690 for channel [id: 0xe5765420, L:/127.0.0.1:59515 - R:localhost/127.0.0.1:2690]
[DEBUG] Using pooled Channel '[id: 0xe5765420, L:/127.0.0.1:59515 - R:localhost/127.0.0.1:2690]' for 'GET' to 'http://localhost:2690/session/1d17cba2db6a7aededa6c8addbfcc1f0/element/85663c91-0c55-4e81-9dfd-ac48bde23364/text'
[DEBUG] Using open Channel [id: 0xe5765420, L:/127.0.0.1:59515 - R:localhost/127.0.0.1:2690] for GET '/session/1d17cba2db6a7aededa6c8addbfcc1f0/element/85663c91-0c55-4e81-9dfd-ac48bde23364/text'
[DEBUG] 

Request DefaultFullHttpRequest(decodeResult: success, version: HTTP/1.1, content: EmptyByteBufBE)
GET /session/1d17cba2db6a7aededa6c8addbfcc1f0/element/85663c91-0c55-4e81-9dfd-ac48bde23364/text HTTP/1.1
User-Agent: selenium/4.6.0 (java windows)
Cache-Control: no-cache
Content-Type: application/json; charset=utf-8
host: localhost:2690
accept: */*

Response DefaultHttpResponse(decodeResult: success, version: HTTP/1.1)
HTTP/1.1 200 OK
Content-Type: application/json; charset=utf-8
cache-control: no-cache
content-length: 23

[DEBUG] Adding key: http://localhost:2690 for channel [id: 0xe5765420, L:/127.0.0.1:59515 - R:localhost/127.0.0.1:2690]
[DEBUG] Using pooled Channel '[id: 0xe5765420, L:/127.0.0.1:59515 - R:localhost/127.0.0.1:2690]' for 'POST' to 'http://localhost:2690/session/1d17cba2db6a7aededa6c8addbfcc1f0/elements'
[DEBUG] Using open Channel [id: 0xe5765420, L:/127.0.0.1:59515 - R:localhost/127.0.0.1:2690] for POST '/session/1d17cba2db6a7aededa6c8addbfcc1f0/elements'
[DEBUG] 

Request DefaultHttpRequest(decodeResult: success, version: HTTP/1.1)
POST /session/1d17cba2db6a7aededa6c8addbfcc1f0/elements HTTP/1.1
User-Agent: selenium/4.6.0 (java windows)
Content-Length: 129
Content-Type: application/json; charset=utf-8
host: localhost:2690
accept: */*

Response DefaultHttpResponse(decodeResult: success, version: HTTP/1.1)
HTTP/1.1 200 OK
Content-Type: application/json; charset=utf-8
cache-control: no-cache
content-length: 90

[DEBUG] Adding key: http://localhost:2690 for channel [id: 0xe5765420, L:/127.0.0.1:59515 - R:localhost/127.0.0.1:2690]
[DEBUG] Using pooled Channel '[id: 0xe5765420, L:/127.0.0.1:59515 - R:localhost/127.0.0.1:2690]' for 'GET' to 'http://localhost:2690/session/1d17cba2db6a7aededa6c8addbfcc1f0/element/d2e516f1-14af-42e2-ad1a-ff001ccdad66/text'
[DEBUG] Using open Channel [id: 0xe5765420, L:/127.0.0.1:59515 - R:localhost/127.0.0.1:2690] for GET '/session/1d17cba2db6a7aededa6c8addbfcc1f0/element/d2e516f1-14af-42e2-ad1a-ff001ccdad66/text'
[DEBUG] 

Request DefaultFullHttpRequest(decodeResult: success, version: HTTP/1.1, content: EmptyByteBufBE)
GET /session/1d17cba2db6a7aededa6c8addbfcc1f0/element/d2e516f1-14af-42e2-ad1a-ff001ccdad66/text HTTP/1.1
User-Agent: selenium/4.6.0 (java windows)
Cache-Control: no-cache
Content-Type: application/json; charset=utf-8
host: localhost:2690
accept: */*

Response DefaultHttpResponse(decodeResult: success, version: HTTP/1.1)
HTTP/1.1 200 OK
Content-Type: application/json; charset=utf-8
cache-control: no-cache
content-length: 18

[DEBUG] Adding key: http://localhost:2690 for channel [id: 0xe5765420, L:/127.0.0.1:59515 - R:localhost/127.0.0.1:2690]
[DEBUG] Using pooled Channel '[id: 0xe5765420, L:/127.0.0.1:59515 - R:localhost/127.0.0.1:2690]' for 'POST' to 'http://localhost:2690/session/1d17cba2db6a7aededa6c8addbfcc1f0/elements'
[DEBUG] Using open Channel [id: 0xe5765420, L:/127.0.0.1:59515 - R:localhost/127.0.0.1:2690] for POST '/session/1d17cba2db6a7aededa6c8addbfcc1f0/elements'
[DEBUG] 

Request DefaultHttpRequest(decodeResult: success, version: HTTP/1.1)
POST /session/1d17cba2db6a7aededa6c8addbfcc1f0/elements HTTP/1.1
User-Agent: selenium/4.6.0 (java windows)
Content-Length: 129
Content-Type: application/json; charset=utf-8
host: localhost:2690
accept: */*

Response DefaultHttpResponse(decodeResult: success, version: HTTP/1.1)
HTTP/1.1 200 OK
Content-Type: application/json; charset=utf-8
cache-control: no-cache
content-length: 90

[DEBUG] Adding key: http://localhost:2690 for channel [id: 0xe5765420, L:/127.0.0.1:59515 - R:localhost/127.0.0.1:2690]
[DEBUG] Using pooled Channel '[id: 0xe5765420, L:/127.0.0.1:59515 - R:localhost/127.0.0.1:2690]' for 'GET' to 'http://localhost:2690/session/1d17cba2db6a7aededa6c8addbfcc1f0/element/8f2cf9ca-a616-4f6f-8662-127fff985d8a/text'
[DEBUG] Using open Channel [id: 0xe5765420, L:/127.0.0.1:59515 - R:localhost/127.0.0.1:2690] for GET '/session/1d17cba2db6a7aededa6c8addbfcc1f0/element/8f2cf9ca-a616-4f6f-8662-127fff985d8a/text'
[DEBUG] 

Request DefaultFullHttpRequest(decodeResult: success, version: HTTP/1.1, content: EmptyByteBufBE)
GET /session/1d17cba2db6a7aededa6c8addbfcc1f0/element/8f2cf9ca-a616-4f6f-8662-127fff985d8a/text HTTP/1.1
User-Agent: selenium/4.6.0 (java windows)
Cache-Control: no-cache
Content-Type: application/json; charset=utf-8
host: localhost:2690
accept: */*

Response DefaultHttpResponse(decodeResult: success, version: HTTP/1.1)
HTTP/1.1 200 OK
Content-Type: application/json; charset=utf-8
cache-control: no-cache
content-length: 22

[DEBUG] Adding key: http://localhost:2690 for channel [id: 0xe5765420, L:/127.0.0.1:59515 - R:localhost/127.0.0.1:2690]
[DEBUG] Using pooled Channel '[id: 0xe5765420, L:/127.0.0.1:59515 - R:localhost/127.0.0.1:2690]' for 'POST' to 'http://localhost:2690/session/1d17cba2db6a7aededa6c8addbfcc1f0/elements'
[DEBUG] Using open Channel [id: 0xe5765420, L:/127.0.0.1:59515 - R:localhost/127.0.0.1:2690] for POST '/session/1d17cba2db6a7aededa6c8addbfcc1f0/elements'
[DEBUG] 

Request DefaultHttpRequest(decodeResult: success, version: HTTP/1.1)
POST /session/1d17cba2db6a7aededa6c8addbfcc1f0/elements HTTP/1.1
User-Agent: selenium/4.6.0 (java windows)
Content-Length: 129
Content-Type: application/json; charset=utf-8
host: localhost:2690
accept: */*

Response DefaultHttpResponse(decodeResult: success, version: HTTP/1.1)
HTTP/1.1 200 OK
Content-Type: application/json; charset=utf-8
cache-control: no-cache
content-length: 90

[DEBUG] Adding key: http://localhost:2690 for channel [id: 0xe5765420, L:/127.0.0.1:59515 - R:localhost/127.0.0.1:2690]
[DEBUG] Using pooled Channel '[id: 0xe5765420, L:/127.0.0.1:59515 - R:localhost/127.0.0.1:2690]' for 'GET' to 'http://localhost:2690/session/1d17cba2db6a7aededa6c8addbfcc1f0/element/5f0cd3fe-8809-4612-acd1-e5633d841e5a/text'
[DEBUG] Using open Channel [id: 0xe5765420, L:/127.0.0.1:59515 - R:localhost/127.0.0.1:2690] for GET '/session/1d17cba2db6a7aededa6c8addbfcc1f0/element/5f0cd3fe-8809-4612-acd1-e5633d841e5a/text'
[DEBUG] 

Request DefaultFullHttpRequest(decodeResult: success, version: HTTP/1.1, content: EmptyByteBufBE)
GET /session/1d17cba2db6a7aededa6c8addbfcc1f0/element/5f0cd3fe-8809-4612-acd1-e5633d841e5a/text HTTP/1.1
User-Agent: selenium/4.6.0 (java windows)
Cache-Control: no-cache
Content-Type: application/json; charset=utf-8
host: localhost:2690
accept: */*

Response DefaultHttpResponse(decodeResult: success, version: HTTP/1.1)
HTTP/1.1 200 OK
Content-Type: application/json; charset=utf-8
cache-control: no-cache
content-length: 26

[DEBUG] Adding key: http://localhost:2690 for channel [id: 0xe5765420, L:/127.0.0.1:59515 - R:localhost/127.0.0.1:2690]
[DEBUG] Using pooled Channel '[id: 0xe5765420, L:/127.0.0.1:59515 - R:localhost/127.0.0.1:2690]' for 'POST' to 'http://localhost:2690/session/1d17cba2db6a7aededa6c8addbfcc1f0/element'
[DEBUG] Using open Channel [id: 0xe5765420, L:/127.0.0.1:59515 - R:localhost/127.0.0.1:2690] for POST '/session/1d17cba2db6a7aededa6c8addbfcc1f0/element'
[DEBUG] 

Request DefaultHttpRequest(decodeResult: success, version: HTTP/1.1)
POST /session/1d17cba2db6a7aededa6c8addbfcc1f0/element HTTP/1.1
User-Agent: selenium/4.6.0 (java windows)
Content-Length: 129
Content-Type: application/json; charset=utf-8
host: localhost:2690
accept: */*

Response DefaultHttpResponse(decodeResult: success, version: HTTP/1.1)
HTTP/1.1 200 OK
Content-Type: application/json; charset=utf-8
cache-control: no-cache
content-length: 88

[DEBUG] Adding key: http://localhost:2690 for channel [id: 0xe5765420, L:/127.0.0.1:59515 - R:localhost/127.0.0.1:2690]
[DEBUG] Using pooled Channel '[id: 0xe5765420, L:/127.0.0.1:59515 - R:localhost/127.0.0.1:2690]' for 'GET' to 'http://localhost:2690/session/1d17cba2db6a7aededa6c8addbfcc1f0/element/270f6c50-1dbf-4e1f-89d9-49f9c5795232/text'
[DEBUG] Using open Channel [id: 0xe5765420, L:/127.0.0.1:59515 - R:localhost/127.0.0.1:2690] for GET '/session/1d17cba2db6a7aededa6c8addbfcc1f0/element/270f6c50-1dbf-4e1f-89d9-49f9c5795232/text'
[DEBUG] 

Request DefaultFullHttpRequest(decodeResult: success, version: HTTP/1.1, content: EmptyByteBufBE)
GET /session/1d17cba2db6a7aededa6c8addbfcc1f0/element/270f6c50-1dbf-4e1f-89d9-49f9c5795232/text HTTP/1.1
User-Agent: selenium/4.6.0 (java windows)
Cache-Control: no-cache
Content-Type: application/json; charset=utf-8
host: localhost:2690
accept: */*

Response DefaultHttpResponse(decodeResult: success, version: HTTP/1.1)
HTTP/1.1 200 OK
Content-Type: application/json; charset=utf-8
cache-control: no-cache
content-length: 26

[DEBUG] Adding key: http://localhost:2690 for channel [id: 0xe5765420, L:/127.0.0.1:59515 - R:localhost/127.0.0.1:2690]
[DEBUG] Using pooled Channel '[id: 0xe5765420, L:/127.0.0.1:59515 - R:localhost/127.0.0.1:2690]' for 'POST' to 'http://localhost:2690/session/1d17cba2db6a7aededa6c8addbfcc1f0/elements'
[DEBUG] Using open Channel [id: 0xe5765420, L:/127.0.0.1:59515 - R:localhost/127.0.0.1:2690] for POST '/session/1d17cba2db6a7aededa6c8addbfcc1f0/elements'
[DEBUG] 

Request DefaultHttpRequest(decodeResult: success, version: HTTP/1.1)
POST /session/1d17cba2db6a7aededa6c8addbfcc1f0/elements HTTP/1.1
User-Agent: selenium/4.6.0 (java windows)
Content-Length: 129
Content-Type: application/json; charset=utf-8
host: localhost:2690
accept: */*

Response DefaultHttpResponse(decodeResult: success, version: HTTP/1.1)
HTTP/1.1 200 OK
Content-Type: application/json; charset=utf-8
cache-control: no-cache
content-length: 90

[DEBUG] Adding key: http://localhost:2690 for channel [id: 0xe5765420, L:/127.0.0.1:59515 - R:localhost/127.0.0.1:2690]
[DEBUG] Using pooled Channel '[id: 0xe5765420, L:/127.0.0.1:59515 - R:localhost/127.0.0.1:2690]' for 'GET' to 'http://localhost:2690/session/1d17cba2db6a7aededa6c8addbfcc1f0/element/071405ed-5ccd-40e9-aeb2-71717ebe578a/text'
[DEBUG] Using open Channel [id: 0xe5765420, L:/127.0.0.1:59515 - R:localhost/127.0.0.1:2690] for GET '/session/1d17cba2db6a7aededa6c8addbfcc1f0/element/071405ed-5ccd-40e9-aeb2-71717ebe578a/text'
[DEBUG] 

Request DefaultFullHttpRequest(decodeResult: success, version: HTTP/1.1, content: EmptyByteBufBE)
GET /session/1d17cba2db6a7aededa6c8addbfcc1f0/element/071405ed-5ccd-40e9-aeb2-71717ebe578a/text HTTP/1.1
User-Agent: selenium/4.6.0 (java windows)
Cache-Control: no-cache
Content-Type: application/json; charset=utf-8
host: localhost:2690
accept: */*

Response DefaultHttpResponse(decodeResult: success, version: HTTP/1.1)
HTTP/1.1 200 OK
Content-Type: application/json; charset=utf-8
cache-control: no-cache
content-length: 23

[DEBUG] Adding key: http://localhost:2690 for channel [id: 0xe5765420, L:/127.0.0.1:59515 - R:localhost/127.0.0.1:2690]
[DEBUG] Using pooled Channel '[id: 0xe5765420, L:/127.0.0.1:59515 - R:localhost/127.0.0.1:2690]' for 'POST' to 'http://localhost:2690/session/1d17cba2db6a7aededa6c8addbfcc1f0/elements'
[DEBUG] Using open Channel [id: 0xe5765420, L:/127.0.0.1:59515 - R:localhost/127.0.0.1:2690] for POST '/session/1d17cba2db6a7aededa6c8addbfcc1f0/elements'
[DEBUG] 

Request DefaultHttpRequest(decodeResult: success, version: HTTP/1.1)
POST /session/1d17cba2db6a7aededa6c8addbfcc1f0/elements HTTP/1.1
User-Agent: selenium/4.6.0 (java windows)
Content-Length: 129
Content-Type: application/json; charset=utf-8
host: localhost:2690
accept: */*

Response DefaultHttpResponse(decodeResult: success, version: HTTP/1.1)
HTTP/1.1 200 OK
Content-Type: application/json; charset=utf-8
cache-control: no-cache
content-length: 90

[DEBUG] Adding key: http://localhost:2690 for channel [id: 0xe5765420, L:/127.0.0.1:59515 - R:localhost/127.0.0.1:2690]
[DEBUG] Using pooled Channel '[id: 0xe5765420, L:/127.0.0.1:59515 - R:localhost/127.0.0.1:2690]' for 'GET' to 'http://localhost:2690/session/1d17cba2db6a7aededa6c8addbfcc1f0/element/de26984a-0a45-47f0-97eb-74f71de612f3/text'
[DEBUG] Using open Channel [id: 0xe5765420, L:/127.0.0.1:59515 - R:localhost/127.0.0.1:2690] for GET '/session/1d17cba2db6a7aededa6c8addbfcc1f0/element/de26984a-0a45-47f0-97eb-74f71de612f3/text'
[DEBUG] 

Request DefaultFullHttpRequest(decodeResult: success, version: HTTP/1.1, content: EmptyByteBufBE)
GET /session/1d17cba2db6a7aededa6c8addbfcc1f0/element/de26984a-0a45-47f0-97eb-74f71de612f3/text HTTP/1.1
User-Agent: selenium/4.6.0 (java windows)
Cache-Control: no-cache
Content-Type: application/json; charset=utf-8
host: localhost:2690
accept: */*

Response DefaultHttpResponse(decodeResult: success, version: HTTP/1.1)
HTTP/1.1 200 OK
Content-Type: application/json; charset=utf-8
cache-control: no-cache
content-length: 19

[DEBUG] Adding key: http://localhost:2690 for channel [id: 0xe5765420, L:/127.0.0.1:59515 - R:localhost/127.0.0.1:2690]
[DEBUG] Using pooled Channel '[id: 0xe5765420, L:/127.0.0.1:59515 - R:localhost/127.0.0.1:2690]' for 'POST' to 'http://localhost:2690/session/1d17cba2db6a7aededa6c8addbfcc1f0/elements'
[DEBUG] Using open Channel [id: 0xe5765420, L:/127.0.0.1:59515 - R:localhost/127.0.0.1:2690] for POST '/session/1d17cba2db6a7aededa6c8addbfcc1f0/elements'
[DEBUG] 

Request DefaultHttpRequest(decodeResult: success, version: HTTP/1.1)
POST /session/1d17cba2db6a7aededa6c8addbfcc1f0/elements HTTP/1.1
User-Agent: selenium/4.6.0 (java windows)
Content-Length: 129
Content-Type: application/json; charset=utf-8
host: localhost:2690
accept: */*

Response DefaultHttpResponse(decodeResult: success, version: HTTP/1.1)
HTTP/1.1 200 OK
Content-Type: application/json; charset=utf-8
cache-control: no-cache
content-length: 90

[DEBUG] Adding key: http://localhost:2690 for channel [id: 0xe5765420, L:/127.0.0.1:59515 - R:localhost/127.0.0.1:2690]
[DEBUG] Using pooled Channel '[id: 0xe5765420, L:/127.0.0.1:59515 - R:localhost/127.0.0.1:2690]' for 'GET' to 'http://localhost:2690/session/1d17cba2db6a7aededa6c8addbfcc1f0/element/4dc16fc5-5925-491a-865d-c95481f91d22/text'
[DEBUG] Using open Channel [id: 0xe5765420, L:/127.0.0.1:59515 - R:localhost/127.0.0.1:2690] for GET '/session/1d17cba2db6a7aededa6c8addbfcc1f0/element/4dc16fc5-5925-491a-865d-c95481f91d22/text'
[DEBUG] 

Request DefaultFullHttpRequest(decodeResult: success, version: HTTP/1.1, content: EmptyByteBufBE)
GET /session/1d17cba2db6a7aededa6c8addbfcc1f0/element/4dc16fc5-5925-491a-865d-c95481f91d22/text HTTP/1.1
User-Agent: selenium/4.6.0 (java windows)
Cache-Control: no-cache
Content-Type: application/json; charset=utf-8
host: localhost:2690
accept: */*

Response DefaultHttpResponse(decodeResult: success, version: HTTP/1.1)
HTTP/1.1 200 OK
Content-Type: application/json; charset=utf-8
cache-control: no-cache
content-length: 22

[DEBUG] Adding key: http://localhost:2690 for channel [id: 0xe5765420, L:/127.0.0.1:59515 - R:localhost/127.0.0.1:2690]
[DEBUG] Using pooled Channel '[id: 0xe5765420, L:/127.0.0.1:59515 - R:localhost/127.0.0.1:2690]' for 'POST' to 'http://localhost:2690/session/1d17cba2db6a7aededa6c8addbfcc1f0/elements'
[DEBUG] Using open Channel [id: 0xe5765420, L:/127.0.0.1:59515 - R:localhost/127.0.0.1:2690] for POST '/session/1d17cba2db6a7aededa6c8addbfcc1f0/elements'
[DEBUG] 

Request DefaultHttpRequest(decodeResult: success, version: HTTP/1.1)
POST /session/1d17cba2db6a7aededa6c8addbfcc1f0/elements HTTP/1.1
User-Agent: selenium/4.6.0 (java windows)
Content-Length: 129
Content-Type: application/json; charset=utf-8
host: localhost:2690
accept: */*

Response DefaultHttpResponse(decodeResult: success, version: HTTP/1.1)
HTTP/1.1 200 OK
Content-Type: application/json; charset=utf-8
cache-control: no-cache
content-length: 90

[DEBUG] Adding key: http://localhost:2690 for channel [id: 0xe5765420, L:/127.0.0.1:59515 - R:localhost/127.0.0.1:2690]
[DEBUG] Using pooled Channel '[id: 0xe5765420, L:/127.0.0.1:59515 - R:localhost/127.0.0.1:2690]' for 'GET' to 'http://localhost:2690/session/1d17cba2db6a7aededa6c8addbfcc1f0/element/270f6c50-1dbf-4e1f-89d9-49f9c5795232/text'
[DEBUG] Using open Channel [id: 0xe5765420, L:/127.0.0.1:59515 - R:localhost/127.0.0.1:2690] for GET '/session/1d17cba2db6a7aededa6c8addbfcc1f0/element/270f6c50-1dbf-4e1f-89d9-49f9c5795232/text'
[DEBUG] 

Request DefaultFullHttpRequest(decodeResult: success, version: HTTP/1.1, content: EmptyByteBufBE)
GET /session/1d17cba2db6a7aededa6c8addbfcc1f0/element/270f6c50-1dbf-4e1f-89d9-49f9c5795232/text HTTP/1.1
User-Agent: selenium/4.6.0 (java windows)
Cache-Control: no-cache
Content-Type: application/json; charset=utf-8
host: localhost:2690
accept: */*

Response DefaultHttpResponse(decodeResult: success, version: HTTP/1.1)
HTTP/1.1 200 OK
Content-Type: application/json; charset=utf-8
cache-control: no-cache
content-length: 26

[DEBUG] Adding key: http://localhost:2690 for channel [id: 0xe5765420, L:/127.0.0.1:59515 - R:localhost/127.0.0.1:2690]
[DEBUG] Using pooled Channel '[id: 0xe5765420, L:/127.0.0.1:59515 - R:localhost/127.0.0.1:2690]' for 'POST' to 'http://localhost:2690/session/1d17cba2db6a7aededa6c8addbfcc1f0/element'
[DEBUG] Using open Channel [id: 0xe5765420, L:/127.0.0.1:59515 - R:localhost/127.0.0.1:2690] for POST '/session/1d17cba2db6a7aededa6c8addbfcc1f0/element'
[DEBUG] 

Request DefaultHttpRequest(decodeResult: success, version: HTTP/1.1)
POST /session/1d17cba2db6a7aededa6c8addbfcc1f0/element HTTP/1.1
User-Agent: selenium/4.6.0 (java windows)
Content-Length: 129
Content-Type: application/json; charset=utf-8
host: localhost:2690
accept: */*

Response DefaultHttpResponse(decodeResult: success, version: HTTP/1.1)
HTTP/1.1 200 OK
Content-Type: application/json; charset=utf-8
cache-control: no-cache
content-length: 88

[DEBUG] Adding key: http://localhost:2690 for channel [id: 0xe5765420, L:/127.0.0.1:59515 - R:localhost/127.0.0.1:2690]
[DEBUG] Using pooled Channel '[id: 0xe5765420, L:/127.0.0.1:59515 - R:localhost/127.0.0.1:2690]' for 'GET' to 'http://localhost:2690/session/1d17cba2db6a7aededa6c8addbfcc1f0/element/8e6f9330-6b26-4fb1-b48f-b182f32c5c86/text'
[DEBUG] Using open Channel [id: 0xe5765420, L:/127.0.0.1:59515 - R:localhost/127.0.0.1:2690] for GET '/session/1d17cba2db6a7aededa6c8addbfcc1f0/element/8e6f9330-6b26-4fb1-b48f-b182f32c5c86/text'
[DEBUG] 

Request DefaultFullHttpRequest(decodeResult: success, version: HTTP/1.1, content: EmptyByteBufBE)
GET /session/1d17cba2db6a7aededa6c8addbfcc1f0/element/8e6f9330-6b26-4fb1-b48f-b182f32c5c86/text HTTP/1.1
User-Agent: selenium/4.6.0 (java windows)
Cache-Control: no-cache
Content-Type: application/json; charset=utf-8
host: localhost:2690
accept: */*

Response DefaultHttpResponse(decodeResult: success, version: HTTP/1.1)
HTTP/1.1 200 OK
Content-Type: application/json; charset=utf-8
cache-control: no-cache
content-length: 28

[DEBUG] Adding key: http://localhost:2690 for channel [id: 0xe5765420, L:/127.0.0.1:59515 - R:localhost/127.0.0.1:2690]
[DEBUG] Using pooled Channel '[id: 0xe5765420, L:/127.0.0.1:59515 - R:localhost/127.0.0.1:2690]' for 'POST' to 'http://localhost:2690/session/1d17cba2db6a7aededa6c8addbfcc1f0/element'
[DEBUG] Using open Channel [id: 0xe5765420, L:/127.0.0.1:59515 - R:localhost/127.0.0.1:2690] for POST '/session/1d17cba2db6a7aededa6c8addbfcc1f0/element'
[DEBUG] 

Request DefaultHttpRequest(decodeResult: success, version: HTTP/1.1)
POST /session/1d17cba2db6a7aededa6c8addbfcc1f0/element HTTP/1.1
User-Agent: selenium/4.6.0 (java windows)
Content-Length: 129
Content-Type: application/json; charset=utf-8
host: localhost:2690
accept: */*

Response DefaultHttpResponse(decodeResult: success, version: HTTP/1.1)
HTTP/1.1 200 OK
Content-Type: application/json; charset=utf-8
cache-control: no-cache
content-length: 88

[DEBUG] Adding key: http://localhost:2690 for channel [id: 0xe5765420, L:/127.0.0.1:59515 - R:localhost/127.0.0.1:2690]
[DEBUG] Using pooled Channel '[id: 0xe5765420, L:/127.0.0.1:59515 - R:localhost/127.0.0.1:2690]' for 'GET' to 'http://localhost:2690/session/1d17cba2db6a7aededa6c8addbfcc1f0/element/1599b57f-0d7a-49af-8a1b-6857824a8179/text'
[DEBUG] Using open Channel [id: 0xe5765420, L:/127.0.0.1:59515 - R:localhost/127.0.0.1:2690] for GET '/session/1d17cba2db6a7aededa6c8addbfcc1f0/element/1599b57f-0d7a-49af-8a1b-6857824a8179/text'
[DEBUG] 

Request DefaultFullHttpRequest(decodeResult: success, version: HTTP/1.1, content: EmptyByteBufBE)
GET /session/1d17cba2db6a7aededa6c8addbfcc1f0/element/1599b57f-0d7a-49af-8a1b-6857824a8179/text HTTP/1.1
User-Agent: selenium/4.6.0 (java windows)
Cache-Control: no-cache
Content-Type: application/json; charset=utf-8
host: localhost:2690
accept: */*

Response DefaultHttpResponse(decodeResult: success, version: HTTP/1.1)
HTTP/1.1 200 OK
Content-Type: application/json; charset=utf-8
cache-control: no-cache
content-length: 28

[DEBUG] Adding key: http://localhost:2690 for channel [id: 0xe5765420, L:/127.0.0.1:59515 - R:localhost/127.0.0.1:2690]
[DEBUG] Using pooled Channel '[id: 0xe5765420, L:/127.0.0.1:59515 - R:localhost/127.0.0.1:2690]' for 'POST' to 'http://localhost:2690/session/1d17cba2db6a7aededa6c8addbfcc1f0/element'
[DEBUG] Using open Channel [id: 0xe5765420, L:/127.0.0.1:59515 - R:localhost/127.0.0.1:2690] for POST '/session/1d17cba2db6a7aededa6c8addbfcc1f0/element'
[DEBUG] 

Request DefaultHttpRequest(decodeResult: success, version: HTTP/1.1)
POST /session/1d17cba2db6a7aededa6c8addbfcc1f0/element HTTP/1.1
User-Agent: selenium/4.6.0 (java windows)
Content-Length: 129
Content-Type: application/json; charset=utf-8
host: localhost:2690
accept: */*

Response DefaultHttpResponse(decodeResult: success, version: HTTP/1.1)
HTTP/1.1 200 OK
Content-Type: application/json; charset=utf-8
cache-control: no-cache
content-length: 88

[DEBUG] Adding key: http://localhost:2690 for channel [id: 0xe5765420, L:/127.0.0.1:59515 - R:localhost/127.0.0.1:2690]
[DEBUG] Using pooled Channel '[id: 0xe5765420, L:/127.0.0.1:59515 - R:localhost/127.0.0.1:2690]' for 'GET' to 'http://localhost:2690/session/1d17cba2db6a7aededa6c8addbfcc1f0/element/43a5a861-92a7-457e-891b-d40ea93feeb1/text'
[DEBUG] Using open Channel [id: 0xe5765420, L:/127.0.0.1:59515 - R:localhost/127.0.0.1:2690] for GET '/session/1d17cba2db6a7aededa6c8addbfcc1f0/element/43a5a861-92a7-457e-891b-d40ea93feeb1/text'
[DEBUG] 

Request DefaultFullHttpRequest(decodeResult: success, version: HTTP/1.1, content: EmptyByteBufBE)
GET /session/1d17cba2db6a7aededa6c8addbfcc1f0/element/43a5a861-92a7-457e-891b-d40ea93feeb1/text HTTP/1.1
User-Agent: selenium/4.6.0 (java windows)
Cache-Control: no-cache
Content-Type: application/json; charset=utf-8
host: localhost:2690
accept: */*

Response DefaultHttpResponse(decodeResult: success, version: HTTP/1.1)
HTTP/1.1 200 OK
Content-Type: application/json; charset=utf-8
cache-control: no-cache
content-length: 28

[DEBUG] Adding key: http://localhost:2690 for channel [id: 0xe5765420, L:/127.0.0.1:59515 - R:localhost/127.0.0.1:2690]
[DEBUG] Using pooled Channel '[id: 0xe5765420, L:/127.0.0.1:59515 - R:localhost/127.0.0.1:2690]' for 'POST' to 'http://localhost:2690/session/1d17cba2db6a7aededa6c8addbfcc1f0/element'
[DEBUG] Using open Channel [id: 0xe5765420, L:/127.0.0.1:59515 - R:localhost/127.0.0.1:2690] for POST '/session/1d17cba2db6a7aededa6c8addbfcc1f0/element'
[DEBUG] 

Request DefaultHttpRequest(decodeResult: success, version: HTTP/1.1)
POST /session/1d17cba2db6a7aededa6c8addbfcc1f0/element HTTP/1.1
User-Agent: selenium/4.6.0 (java windows)
Content-Length: 129
Content-Type: application/json; charset=utf-8
host: localhost:2690
accept: */*

Response DefaultHttpResponse(decodeResult: success, version: HTTP/1.1)
HTTP/1.1 200 OK
Content-Type: application/json; charset=utf-8
cache-control: no-cache
content-length: 88

[DEBUG] Adding key: http://localhost:2690 for channel [id: 0xe5765420, L:/127.0.0.1:59515 - R:localhost/127.0.0.1:2690]
[DEBUG] Using pooled Channel '[id: 0xe5765420, L:/127.0.0.1:59515 - R:localhost/127.0.0.1:2690]' for 'GET' to 'http://localhost:2690/session/1d17cba2db6a7aededa6c8addbfcc1f0/element/2c1b1d76-26a3-4ba5-940d-925ceb56ec38/text'
[DEBUG] Using open Channel [id: 0xe5765420, L:/127.0.0.1:59515 - R:localhost/127.0.0.1:2690] for GET '/session/1d17cba2db6a7aededa6c8addbfcc1f0/element/2c1b1d76-26a3-4ba5-940d-925ceb56ec38/text'
[DEBUG] 

Request DefaultFullHttpRequest(decodeResult: success, version: HTTP/1.1, content: EmptyByteBufBE)
GET /session/1d17cba2db6a7aededa6c8addbfcc1f0/element/2c1b1d76-26a3-4ba5-940d-925ceb56ec38/text HTTP/1.1
User-Agent: selenium/4.6.0 (java windows)
Cache-Control: no-cache
Content-Type: application/json; charset=utf-8
host: localhost:2690
accept: */*

Response DefaultHttpResponse(decodeResult: success, version: HTTP/1.1)
HTTP/1.1 200 OK
Content-Type: application/json; charset=utf-8
cache-control: no-cache
content-length: 28

[DEBUG] Adding key: http://localhost:2690 for channel [id: 0xe5765420, L:/127.0.0.1:59515 - R:localhost/127.0.0.1:2690]
[DEBUG] Using pooled Channel '[id: 0xe5765420, L:/127.0.0.1:59515 - R:localhost/127.0.0.1:2690]' for 'POST' to 'http://localhost:2690/session/1d17cba2db6a7aededa6c8addbfcc1f0/element'
[DEBUG] Using open Channel [id: 0xe5765420, L:/127.0.0.1:59515 - R:localhost/127.0.0.1:2690] for POST '/session/1d17cba2db6a7aededa6c8addbfcc1f0/element'
[DEBUG] 

Request DefaultHttpRequest(decodeResult: success, version: HTTP/1.1)
POST /session/1d17cba2db6a7aededa6c8addbfcc1f0/element HTTP/1.1
User-Agent: selenium/4.6.0 (java windows)
Content-Length: 129
Content-Type: application/json; charset=utf-8
host: localhost:2690
accept: */*

Response DefaultHttpResponse(decodeResult: success, version: HTTP/1.1)
HTTP/1.1 200 OK
Content-Type: application/json; charset=utf-8
cache-control: no-cache
content-length: 88

[DEBUG] Adding key: http://localhost:2690 for channel [id: 0xe5765420, L:/127.0.0.1:59515 - R:localhost/127.0.0.1:2690]
[DEBUG] Using pooled Channel '[id: 0xe5765420, L:/127.0.0.1:59515 - R:localhost/127.0.0.1:2690]' for 'GET' to 'http://localhost:2690/session/1d17cba2db6a7aededa6c8addbfcc1f0/element/60cf1b99-9da5-44f7-845c-7b0b4bf036ba/text'
[DEBUG] Using open Channel [id: 0xe5765420, L:/127.0.0.1:59515 - R:localhost/127.0.0.1:2690] for GET '/session/1d17cba2db6a7aededa6c8addbfcc1f0/element/60cf1b99-9da5-44f7-845c-7b0b4bf036ba/text'
[DEBUG] 

Request DefaultFullHttpRequest(decodeResult: success, version: HTTP/1.1, content: EmptyByteBufBE)
GET /session/1d17cba2db6a7aededa6c8addbfcc1f0/element/60cf1b99-9da5-44f7-845c-7b0b4bf036ba/text HTTP/1.1
User-Agent: selenium/4.6.0 (java windows)
Cache-Control: no-cache
Content-Type: application/json; charset=utf-8
host: localhost:2690
accept: */*

Response DefaultHttpResponse(decodeResult: success, version: HTTP/1.1)
HTTP/1.1 200 OK
Content-Type: application/json; charset=utf-8
cache-control: no-cache
content-length: 28

[DEBUG] Adding key: http://localhost:2690 for channel [id: 0xe5765420, L:/127.0.0.1:59515 - R:localhost/127.0.0.1:2690]
[DEBUG] Using pooled Channel '[id: 0xe5765420, L:/127.0.0.1:59515 - R:localhost/127.0.0.1:2690]' for 'POST' to 'http://localhost:2690/session/1d17cba2db6a7aededa6c8addbfcc1f0/element'
[DEBUG] Using open Channel [id: 0xe5765420, L:/127.0.0.1:59515 - R:localhost/127.0.0.1:2690] for POST '/session/1d17cba2db6a7aededa6c8addbfcc1f0/element'
[DEBUG] 

Request DefaultHttpRequest(decodeResult: success, version: HTTP/1.1)
POST /session/1d17cba2db6a7aededa6c8addbfcc1f0/element HTTP/1.1
User-Agent: selenium/4.6.0 (java windows)
Content-Length: 129
Content-Type: application/json; charset=utf-8
host: localhost:2690
accept: */*

Response DefaultHttpResponse(decodeResult: success, version: HTTP/1.1)
HTTP/1.1 200 OK
Content-Type: application/json; charset=utf-8
cache-control: no-cache
content-length: 88

[DEBUG] Adding key: http://localhost:2690 for channel [id: 0xe5765420, L:/127.0.0.1:59515 - R:localhost/127.0.0.1:2690]
[DEBUG] Using pooled Channel '[id: 0xe5765420, L:/127.0.0.1:59515 - R:localhost/127.0.0.1:2690]' for 'GET' to 'http://localhost:2690/session/1d17cba2db6a7aededa6c8addbfcc1f0/element/b431674c-5e5b-40d8-b57b-0e3526007f49/text'
[DEBUG] Using open Channel [id: 0xe5765420, L:/127.0.0.1:59515 - R:localhost/127.0.0.1:2690] for GET '/session/1d17cba2db6a7aededa6c8addbfcc1f0/element/b431674c-5e5b-40d8-b57b-0e3526007f49/text'
[DEBUG] 

Request DefaultFullHttpRequest(decodeResult: success, version: HTTP/1.1, content: EmptyByteBufBE)
GET /session/1d17cba2db6a7aededa6c8addbfcc1f0/element/b431674c-5e5b-40d8-b57b-0e3526007f49/text HTTP/1.1
User-Agent: selenium/4.6.0 (java windows)
Cache-Control: no-cache
Content-Type: application/json; charset=utf-8
host: localhost:2690
accept: */*

Response DefaultHttpResponse(decodeResult: success, version: HTTP/1.1)
HTTP/1.1 200 OK
Content-Type: application/json; charset=utf-8
cache-control: no-cache
content-length: 28

[DEBUG] Adding key: http://localhost:2690 for channel [id: 0xe5765420, L:/127.0.0.1:59515 - R:localhost/127.0.0.1:2690]
[DEBUG] Using pooled Channel '[id: 0xe5765420, L:/127.0.0.1:59515 - R:localhost/127.0.0.1:2690]' for 'POST' to 'http://localhost:2690/session/1d17cba2db6a7aededa6c8addbfcc1f0/element'
[DEBUG] Using open Channel [id: 0xe5765420, L:/127.0.0.1:59515 - R:localhost/127.0.0.1:2690] for POST '/session/1d17cba2db6a7aededa6c8addbfcc1f0/element'
[DEBUG] 

Request DefaultHttpRequest(decodeResult: success, version: HTTP/1.1)
POST /session/1d17cba2db6a7aededa6c8addbfcc1f0/element HTTP/1.1
User-Agent: selenium/4.6.0 (java windows)
Content-Length: 129
Content-Type: application/json; charset=utf-8
host: localhost:2690
accept: */*

Response DefaultHttpResponse(decodeResult: success, version: HTTP/1.1)
HTTP/1.1 200 OK
Content-Type: application/json; charset=utf-8
cache-control: no-cache
content-length: 88

[DEBUG] Adding key: http://localhost:2690 for channel [id: 0xe5765420, L:/127.0.0.1:59515 - R:localhost/127.0.0.1:2690]
[DEBUG] Using pooled Channel '[id: 0xe5765420, L:/127.0.0.1:59515 - R:localhost/127.0.0.1:2690]' for 'GET' to 'http://localhost:2690/session/1d17cba2db6a7aededa6c8addbfcc1f0/element/c810ba44-a521-4917-9da3-f5eea31f751f/text'
[DEBUG] Using open Channel [id: 0xe5765420, L:/127.0.0.1:59515 - R:localhost/127.0.0.1:2690] for GET '/session/1d17cba2db6a7aededa6c8addbfcc1f0/element/c810ba44-a521-4917-9da3-f5eea31f751f/text'
[DEBUG] 

Request DefaultFullHttpRequest(decodeResult: success, version: HTTP/1.1, content: EmptyByteBufBE)
GET /session/1d17cba2db6a7aededa6c8addbfcc1f0/element/c810ba44-a521-4917-9da3-f5eea31f751f/text HTTP/1.1
User-Agent: selenium/4.6.0 (java windows)
Cache-Control: no-cache
Content-Type: application/json; charset=utf-8
host: localhost:2690
accept: */*

Response DefaultHttpResponse(decodeResult: success, version: HTTP/1.1)
HTTP/1.1 200 OK
Content-Type: application/json; charset=utf-8
cache-control: no-cache
content-length: 26

[DEBUG] Adding key: http://localhost:2690 for channel [id: 0xe5765420, L:/127.0.0.1:59515 - R:localhost/127.0.0.1:2690]
[DEBUG] Using pooled Channel '[id: 0xe5765420, L:/127.0.0.1:59515 - R:localhost/127.0.0.1:2690]' for 'POST' to 'http://localhost:2690/session/1d17cba2db6a7aededa6c8addbfcc1f0/elements'
[DEBUG] Using open Channel [id: 0xe5765420, L:/127.0.0.1:59515 - R:localhost/127.0.0.1:2690] for POST '/session/1d17cba2db6a7aededa6c8addbfcc1f0/elements'
[DEBUG] 

Request DefaultHttpRequest(decodeResult: success, version: HTTP/1.1)
POST /session/1d17cba2db6a7aededa6c8addbfcc1f0/elements HTTP/1.1
User-Agent: selenium/4.6.0 (java windows)
Content-Length: 129
Content-Type: application/json; charset=utf-8
host: localhost:2690
accept: */*

Response DefaultHttpResponse(decodeResult: success, version: HTTP/1.1)
HTTP/1.1 200 OK
Content-Type: application/json; charset=utf-8
cache-control: no-cache
content-length: 90

[DEBUG] Adding key: http://localhost:2690 for channel [id: 0xe5765420, L:/127.0.0.1:59515 - R:localhost/127.0.0.1:2690]
[DEBUG] Using pooled Channel '[id: 0xe5765420, L:/127.0.0.1:59515 - R:localhost/127.0.0.1:2690]' for 'GET' to 'http://localhost:2690/session/1d17cba2db6a7aededa6c8addbfcc1f0/element/8a74e734-36c0-4792-b25a-0ac1e56e1c74/text'
[DEBUG] Using open Channel [id: 0xe5765420, L:/127.0.0.1:59515 - R:localhost/127.0.0.1:2690] for GET '/session/1d17cba2db6a7aededa6c8addbfcc1f0/element/8a74e734-36c0-4792-b25a-0ac1e56e1c74/text'
[DEBUG] 

Request DefaultFullHttpRequest(decodeResult: success, version: HTTP/1.1, content: EmptyByteBufBE)
GET /session/1d17cba2db6a7aededa6c8addbfcc1f0/element/8a74e734-36c0-4792-b25a-0ac1e56e1c74/text HTTP/1.1
User-Agent: selenium/4.6.0 (java windows)
Cache-Control: no-cache
Content-Type: application/json; charset=utf-8
host: localhost:2690
accept: */*

Response DefaultHttpResponse(decodeResult: success, version: HTTP/1.1)
HTTP/1.1 200 OK
Content-Type: application/json; charset=utf-8
cache-control: no-cache
content-length: 23

[DEBUG] Adding key: http://localhost:2690 for channel [id: 0xe5765420, L:/127.0.0.1:59515 - R:localhost/127.0.0.1:2690]
[DEBUG] Using pooled Channel '[id: 0xe5765420, L:/127.0.0.1:59515 - R:localhost/127.0.0.1:2690]' for 'POST' to 'http://localhost:2690/session/1d17cba2db6a7aededa6c8addbfcc1f0/elements'
[DEBUG] Using open Channel [id: 0xe5765420, L:/127.0.0.1:59515 - R:localhost/127.0.0.1:2690] for POST '/session/1d17cba2db6a7aededa6c8addbfcc1f0/elements'
[DEBUG] 

Request DefaultHttpRequest(decodeResult: success, version: HTTP/1.1)
POST /session/1d17cba2db6a7aededa6c8addbfcc1f0/elements HTTP/1.1
User-Agent: selenium/4.6.0 (java windows)
Content-Length: 129
Content-Type: application/json; charset=utf-8
host: localhost:2690
accept: */*

Response DefaultHttpResponse(decodeResult: success, version: HTTP/1.1)
HTTP/1.1 200 OK
Content-Type: application/json; charset=utf-8
cache-control: no-cache
content-length: 90

[DEBUG] Adding key: http://localhost:2690 for channel [id: 0xe5765420, L:/127.0.0.1:59515 - R:localhost/127.0.0.1:2690]
[DEBUG] Using pooled Channel '[id: 0xe5765420, L:/127.0.0.1:59515 - R:localhost/127.0.0.1:2690]' for 'GET' to 'http://localhost:2690/session/1d17cba2db6a7aededa6c8addbfcc1f0/element/c3684a97-5d31-44a1-babf-ef926cc07247/text'
[DEBUG] Using open Channel [id: 0xe5765420, L:/127.0.0.1:59515 - R:localhost/127.0.0.1:2690] for GET '/session/1d17cba2db6a7aededa6c8addbfcc1f0/element/c3684a97-5d31-44a1-babf-ef926cc07247/text'
[DEBUG] 

Request DefaultFullHttpRequest(decodeResult: success, version: HTTP/1.1, content: EmptyByteBufBE)
GET /session/1d17cba2db6a7aededa6c8addbfcc1f0/element/c3684a97-5d31-44a1-babf-ef926cc07247/text HTTP/1.1
User-Agent: selenium/4.6.0 (java windows)
Cache-Control: no-cache
Content-Type: application/json; charset=utf-8
host: localhost:2690
accept: */*

Response DefaultHttpResponse(decodeResult: success, version: HTTP/1.1)
HTTP/1.1 200 OK
Content-Type: application/json; charset=utf-8
cache-control: no-cache
content-length: 18

[DEBUG] Adding key: http://localhost:2690 for channel [id: 0xe5765420, L:/127.0.0.1:59515 - R:localhost/127.0.0.1:2690]
[DEBUG] Using pooled Channel '[id: 0xe5765420, L:/127.0.0.1:59515 - R:localhost/127.0.0.1:2690]' for 'POST' to 'http://localhost:2690/session/1d17cba2db6a7aededa6c8addbfcc1f0/elements'
[DEBUG] Using open Channel [id: 0xe5765420, L:/127.0.0.1:59515 - R:localhost/127.0.0.1:2690] for POST '/session/1d17cba2db6a7aededa6c8addbfcc1f0/elements'
[DEBUG] 

Request DefaultHttpRequest(decodeResult: success, version: HTTP/1.1)
POST /session/1d17cba2db6a7aededa6c8addbfcc1f0/elements HTTP/1.1
User-Agent: selenium/4.6.0 (java windows)
Content-Length: 129
Content-Type: application/json; charset=utf-8
host: localhost:2690
accept: */*

Response DefaultHttpResponse(decodeResult: success, version: HTTP/1.1)
HTTP/1.1 200 OK
Content-Type: application/json; charset=utf-8
cache-control: no-cache
content-length: 90

[DEBUG] Adding key: http://localhost:2690 for channel [id: 0xe5765420, L:/127.0.0.1:59515 - R:localhost/127.0.0.1:2690]
[DEBUG] Using pooled Channel '[id: 0xe5765420, L:/127.0.0.1:59515 - R:localhost/127.0.0.1:2690]' for 'GET' to 'http://localhost:2690/session/1d17cba2db6a7aededa6c8addbfcc1f0/element/824f8e4e-f81e-4d25-9251-b2713f784d6a/text'
[DEBUG] Using open Channel [id: 0xe5765420, L:/127.0.0.1:59515 - R:localhost/127.0.0.1:2690] for GET '/session/1d17cba2db6a7aededa6c8addbfcc1f0/element/824f8e4e-f81e-4d25-9251-b2713f784d6a/text'
[DEBUG] 

Request DefaultFullHttpRequest(decodeResult: success, version: HTTP/1.1, content: EmptyByteBufBE)
GET /session/1d17cba2db6a7aededa6c8addbfcc1f0/element/824f8e4e-f81e-4d25-9251-b2713f784d6a/text HTTP/1.1
User-Agent: selenium/4.6.0 (java windows)
Cache-Control: no-cache
Content-Type: application/json; charset=utf-8
host: localhost:2690
accept: */*

Response DefaultHttpResponse(decodeResult: success, version: HTTP/1.1)
HTTP/1.1 200 OK
Content-Type: application/json; charset=utf-8
cache-control: no-cache
content-length: 27

[DEBUG] Adding key: http://localhost:2690 for channel [id: 0xe5765420, L:/127.0.0.1:59515 - R:localhost/127.0.0.1:2690]
[DEBUG] Using pooled Channel '[id: 0xe5765420, L:/127.0.0.1:59515 - R:localhost/127.0.0.1:2690]' for 'POST' to 'http://localhost:2690/session/1d17cba2db6a7aededa6c8addbfcc1f0/elements'
[DEBUG] Using open Channel [id: 0xe5765420, L:/127.0.0.1:59515 - R:localhost/127.0.0.1:2690] for POST '/session/1d17cba2db6a7aededa6c8addbfcc1f0/elements'
[DEBUG] 

Request DefaultHttpRequest(decodeResult: success, version: HTTP/1.1)
POST /session/1d17cba2db6a7aededa6c8addbfcc1f0/elements HTTP/1.1
User-Agent: selenium/4.6.0 (java windows)
Content-Length: 129
Content-Type: application/json; charset=utf-8
host: localhost:2690
accept: */*

Response DefaultHttpResponse(decodeResult: success, version: HTTP/1.1)
HTTP/1.1 200 OK
Content-Type: application/json; charset=utf-8
cache-control: no-cache
content-length: 90

[DEBUG] Adding key: http://localhost:2690 for channel [id: 0xe5765420, L:/127.0.0.1:59515 - R:localhost/127.0.0.1:2690]
[DEBUG] Using pooled Channel '[id: 0xe5765420, L:/127.0.0.1:59515 - R:localhost/127.0.0.1:2690]' for 'GET' to 'http://localhost:2690/session/1d17cba2db6a7aededa6c8addbfcc1f0/element/c810ba44-a521-4917-9da3-f5eea31f751f/text'
[DEBUG] Using open Channel [id: 0xe5765420, L:/127.0.0.1:59515 - R:localhost/127.0.0.1:2690] for GET '/session/1d17cba2db6a7aededa6c8addbfcc1f0/element/c810ba44-a521-4917-9da3-f5eea31f751f/text'
[DEBUG] 

Request DefaultFullHttpRequest(decodeResult: success, version: HTTP/1.1, content: EmptyByteBufBE)
GET /session/1d17cba2db6a7aededa6c8addbfcc1f0/element/c810ba44-a521-4917-9da3-f5eea31f751f/text HTTP/1.1
User-Agent: selenium/4.6.0 (java windows)
Cache-Control: no-cache
Content-Type: application/json; charset=utf-8
host: localhost:2690
accept: */*

Response DefaultHttpResponse(decodeResult: success, version: HTTP/1.1)
HTTP/1.1 200 OK
Content-Type: application/json; charset=utf-8
cache-control: no-cache
content-length: 26

[DEBUG] Adding key: http://localhost:2690 for channel [id: 0xe5765420, L:/127.0.0.1:59515 - R:localhost/127.0.0.1:2690]
[DEBUG] Using pooled Channel '[id: 0xe5765420, L:/127.0.0.1:59515 - R:localhost/127.0.0.1:2690]' for 'POST' to 'http://localhost:2690/session/1d17cba2db6a7aededa6c8addbfcc1f0/element'
[DEBUG] Using open Channel [id: 0xe5765420, L:/127.0.0.1:59515 - R:localhost/127.0.0.1:2690] for POST '/session/1d17cba2db6a7aededa6c8addbfcc1f0/element'
[DEBUG] 

Request DefaultHttpRequest(decodeResult: success, version: HTTP/1.1)
POST /session/1d17cba2db6a7aededa6c8addbfcc1f0/element HTTP/1.1
User-Agent: selenium/4.6.0 (java windows)
Content-Length: 129
Content-Type: application/json; charset=utf-8
host: localhost:2690
accept: */*

Response DefaultHttpResponse(decodeResult: success, version: HTTP/1.1)
HTTP/1.1 200 OK
Content-Type: application/json; charset=utf-8
cache-control: no-cache
content-length: 88

[DEBUG] Adding key: http://localhost:2690 for channel [id: 0xe5765420, L:/127.0.0.1:59515 - R:localhost/127.0.0.1:2690]
[DEBUG] Using pooled Channel '[id: 0xe5765420, L:/127.0.0.1:59515 - R:localhost/127.0.0.1:2690]' for 'GET' to 'http://localhost:2690/session/1d17cba2db6a7aededa6c8addbfcc1f0/element/e3e990cc-954f-48b6-88c7-c3bddd6ffba2/text'
[DEBUG] Using open Channel [id: 0xe5765420, L:/127.0.0.1:59515 - R:localhost/127.0.0.1:2690] for GET '/session/1d17cba2db6a7aededa6c8addbfcc1f0/element/e3e990cc-954f-48b6-88c7-c3bddd6ffba2/text'
[DEBUG] 

Request DefaultFullHttpRequest(decodeResult: success, version: HTTP/1.1, content: EmptyByteBufBE)
GET /session/1d17cba2db6a7aededa6c8addbfcc1f0/element/e3e990cc-954f-48b6-88c7-c3bddd6ffba2/text HTTP/1.1
User-Agent: selenium/4.6.0 (java windows)
Cache-Control: no-cache
Content-Type: application/json; charset=utf-8
host: localhost:2690
accept: */*

Response DefaultHttpResponse(decodeResult: success, version: HTTP/1.1)
HTTP/1.1 200 OK
Content-Type: application/json; charset=utf-8
cache-control: no-cache
content-length: 26

[DEBUG] Adding key: http://localhost:2690 for channel [id: 0xe5765420, L:/127.0.0.1:59515 - R:localhost/127.0.0.1:2690]
[DEBUG] Using pooled Channel '[id: 0xe5765420, L:/127.0.0.1:59515 - R:localhost/127.0.0.1:2690]' for 'POST' to 'http://localhost:2690/session/1d17cba2db6a7aededa6c8addbfcc1f0/elements'
[DEBUG] Using open Channel [id: 0xe5765420, L:/127.0.0.1:59515 - R:localhost/127.0.0.1:2690] for POST '/session/1d17cba2db6a7aededa6c8addbfcc1f0/elements'
[DEBUG] 

Request DefaultHttpRequest(decodeResult: success, version: HTTP/1.1)
POST /session/1d17cba2db6a7aededa6c8addbfcc1f0/elements HTTP/1.1
User-Agent: selenium/4.6.0 (java windows)
Content-Length: 129
Content-Type: application/json; charset=utf-8
host: localhost:2690
accept: */*

Response DefaultHttpResponse(decodeResult: success, version: HTTP/1.1)
HTTP/1.1 200 OK
Content-Type: application/json; charset=utf-8
cache-control: no-cache
content-length: 90

[DEBUG] Adding key: http://localhost:2690 for channel [id: 0xe5765420, L:/127.0.0.1:59515 - R:localhost/127.0.0.1:2690]
[DEBUG] Using pooled Channel '[id: 0xe5765420, L:/127.0.0.1:59515 - R:localhost/127.0.0.1:2690]' for 'GET' to 'http://localhost:2690/session/1d17cba2db6a7aededa6c8addbfcc1f0/element/dcc31236-4251-4b5e-b63d-99af481491c1/text'
[DEBUG] Using open Channel [id: 0xe5765420, L:/127.0.0.1:59515 - R:localhost/127.0.0.1:2690] for GET '/session/1d17cba2db6a7aededa6c8addbfcc1f0/element/dcc31236-4251-4b5e-b63d-99af481491c1/text'
[DEBUG] 

Request DefaultFullHttpRequest(decodeResult: success, version: HTTP/1.1, content: EmptyByteBufBE)
GET /session/1d17cba2db6a7aededa6c8addbfcc1f0/element/dcc31236-4251-4b5e-b63d-99af481491c1/text HTTP/1.1
User-Agent: selenium/4.6.0 (java windows)
Cache-Control: no-cache
Content-Type: application/json; charset=utf-8
host: localhost:2690
accept: */*

Response DefaultHttpResponse(decodeResult: success, version: HTTP/1.1)
HTTP/1.1 200 OK
Content-Type: application/json; charset=utf-8
cache-control: no-cache
content-length: 23

[DEBUG] Adding key: http://localhost:2690 for channel [id: 0xe5765420, L:/127.0.0.1:59515 - R:localhost/127.0.0.1:2690]
[DEBUG] Using pooled Channel '[id: 0xe5765420, L:/127.0.0.1:59515 - R:localhost/127.0.0.1:2690]' for 'POST' to 'http://localhost:2690/session/1d17cba2db6a7aededa6c8addbfcc1f0/elements'
[DEBUG] Using open Channel [id: 0xe5765420, L:/127.0.0.1:59515 - R:localhost/127.0.0.1:2690] for POST '/session/1d17cba2db6a7aededa6c8addbfcc1f0/elements'
[DEBUG] 

Request DefaultHttpRequest(decodeResult: success, version: HTTP/1.1)
POST /session/1d17cba2db6a7aededa6c8addbfcc1f0/elements HTTP/1.1
User-Agent: selenium/4.6.0 (java windows)
Content-Length: 129
Content-Type: application/json; charset=utf-8
host: localhost:2690
accept: */*

Response DefaultHttpResponse(decodeResult: success, version: HTTP/1.1)
HTTP/1.1 200 OK
Content-Type: application/json; charset=utf-8
cache-control: no-cache
content-length: 90

[DEBUG] Adding key: http://localhost:2690 for channel [id: 0xe5765420, L:/127.0.0.1:59515 - R:localhost/127.0.0.1:2690]
[DEBUG] Using pooled Channel '[id: 0xe5765420, L:/127.0.0.1:59515 - R:localhost/127.0.0.1:2690]' for 'GET' to 'http://localhost:2690/session/1d17cba2db6a7aededa6c8addbfcc1f0/element/a23ba1d6-ea92-4e04-9853-339ff6fbca0f/text'
[DEBUG] Using open Channel [id: 0xe5765420, L:/127.0.0.1:59515 - R:localhost/127.0.0.1:2690] for GET '/session/1d17cba2db6a7aededa6c8addbfcc1f0/element/a23ba1d6-ea92-4e04-9853-339ff6fbca0f/text'
[DEBUG] 

Request DefaultFullHttpRequest(decodeResult: success, version: HTTP/1.1, content: EmptyByteBufBE)
GET /session/1d17cba2db6a7aededa6c8addbfcc1f0/element/a23ba1d6-ea92-4e04-9853-339ff6fbca0f/text HTTP/1.1
User-Agent: selenium/4.6.0 (java windows)
Cache-Control: no-cache
Content-Type: application/json; charset=utf-8
host: localhost:2690
accept: */*

Response DefaultHttpResponse(decodeResult: success, version: HTTP/1.1)
HTTP/1.1 200 OK
Content-Type: application/json; charset=utf-8
cache-control: no-cache
content-length: 18

[DEBUG] Adding key: http://localhost:2690 for channel [id: 0xe5765420, L:/127.0.0.1:59515 - R:localhost/127.0.0.1:2690]
[DEBUG] Using pooled Channel '[id: 0xe5765420, L:/127.0.0.1:59515 - R:localhost/127.0.0.1:2690]' for 'POST' to 'http://localhost:2690/session/1d17cba2db6a7aededa6c8addbfcc1f0/elements'
[DEBUG] Using open Channel [id: 0xe5765420, L:/127.0.0.1:59515 - R:localhost/127.0.0.1:2690] for POST '/session/1d17cba2db6a7aededa6c8addbfcc1f0/elements'
[DEBUG] 

Request DefaultHttpRequest(decodeResult: success, version: HTTP/1.1)
POST /session/1d17cba2db6a7aededa6c8addbfcc1f0/elements HTTP/1.1
User-Agent: selenium/4.6.0 (java windows)
Content-Length: 129
Content-Type: application/json; charset=utf-8
host: localhost:2690
accept: */*

Response DefaultHttpResponse(decodeResult: success, version: HTTP/1.1)
HTTP/1.1 200 OK
Content-Type: application/json; charset=utf-8
cache-control: no-cache
content-length: 90

[DEBUG] Adding key: http://localhost:2690 for channel [id: 0xe5765420, L:/127.0.0.1:59515 - R:localhost/127.0.0.1:2690]
[DEBUG] Using pooled Channel '[id: 0xe5765420, L:/127.0.0.1:59515 - R:localhost/127.0.0.1:2690]' for 'GET' to 'http://localhost:2690/session/1d17cba2db6a7aededa6c8addbfcc1f0/element/96caed25-af3d-4f61-a42d-7fa1d5d0c448/text'
[DEBUG] Using open Channel [id: 0xe5765420, L:/127.0.0.1:59515 - R:localhost/127.0.0.1:2690] for GET '/session/1d17cba2db6a7aededa6c8addbfcc1f0/element/96caed25-af3d-4f61-a42d-7fa1d5d0c448/text'
[DEBUG] 

Request DefaultFullHttpRequest(decodeResult: success, version: HTTP/1.1, content: EmptyByteBufBE)
GET /session/1d17cba2db6a7aededa6c8addbfcc1f0/element/96caed25-af3d-4f61-a42d-7fa1d5d0c448/text HTTP/1.1
User-Agent: selenium/4.6.0 (java windows)
Cache-Control: no-cache
Content-Type: application/json; charset=utf-8
host: localhost:2690
accept: */*

Response DefaultHttpResponse(decodeResult: success, version: HTTP/1.1)
HTTP/1.1 200 OK
Content-Type: application/json; charset=utf-8
cache-control: no-cache
content-length: 44

[DEBUG] Adding key: http://localhost:2690 for channel [id: 0xe5765420, L:/127.0.0.1:59515 - R:localhost/127.0.0.1:2690]
[DEBUG] Using pooled Channel '[id: 0xe5765420, L:/127.0.0.1:59515 - R:localhost/127.0.0.1:2690]' for 'POST' to 'http://localhost:2690/session/1d17cba2db6a7aededa6c8addbfcc1f0/elements'
[DEBUG] Using open Channel [id: 0xe5765420, L:/127.0.0.1:59515 - R:localhost/127.0.0.1:2690] for POST '/session/1d17cba2db6a7aededa6c8addbfcc1f0/elements'
[DEBUG] 

Request DefaultHttpRequest(decodeResult: success, version: HTTP/1.1)
POST /session/1d17cba2db6a7aededa6c8addbfcc1f0/elements HTTP/1.1
User-Agent: selenium/4.6.0 (java windows)
Content-Length: 129
Content-Type: application/json; charset=utf-8
host: localhost:2690
accept: */*

Response DefaultHttpResponse(decodeResult: success, version: HTTP/1.1)
HTTP/1.1 200 OK
Content-Type: application/json; charset=utf-8
cache-control: no-cache
content-length: 90

[DEBUG] Adding key: http://localhost:2690 for channel [id: 0xe5765420, L:/127.0.0.1:59515 - R:localhost/127.0.0.1:2690]
[DEBUG] Using pooled Channel '[id: 0xe5765420, L:/127.0.0.1:59515 - R:localhost/127.0.0.1:2690]' for 'GET' to 'http://localhost:2690/session/1d17cba2db6a7aededa6c8addbfcc1f0/element/e3e990cc-954f-48b6-88c7-c3bddd6ffba2/text'
[DEBUG] Using open Channel [id: 0xe5765420, L:/127.0.0.1:59515 - R:localhost/127.0.0.1:2690] for GET '/session/1d17cba2db6a7aededa6c8addbfcc1f0/element/e3e990cc-954f-48b6-88c7-c3bddd6ffba2/text'
[DEBUG] 

Request DefaultFullHttpRequest(decodeResult: success, version: HTTP/1.1, content: EmptyByteBufBE)
GET /session/1d17cba2db6a7aededa6c8addbfcc1f0/element/e3e990cc-954f-48b6-88c7-c3bddd6ffba2/text HTTP/1.1
User-Agent: selenium/4.6.0 (java windows)
Cache-Control: no-cache
Content-Type: application/json; charset=utf-8
host: localhost:2690
accept: */*

Response DefaultHttpResponse(decodeResult: success, version: HTTP/1.1)
HTTP/1.1 200 OK
Content-Type: application/json; charset=utf-8
cache-control: no-cache
content-length: 26

[DEBUG] Adding key: http://localhost:2690 for channel [id: 0xe5765420, L:/127.0.0.1:59515 - R:localhost/127.0.0.1:2690]
[DEBUG] Using pooled Channel '[id: 0xe5765420, L:/127.0.0.1:59515 - R:localhost/127.0.0.1:2690]' for 'POST' to 'http://localhost:2690/session/1d17cba2db6a7aededa6c8addbfcc1f0/element'
[DEBUG] Using open Channel [id: 0xe5765420, L:/127.0.0.1:59515 - R:localhost/127.0.0.1:2690] for POST '/session/1d17cba2db6a7aededa6c8addbfcc1f0/element'
[DEBUG] 

Request DefaultHttpRequest(decodeResult: success, version: HTTP/1.1)
POST /session/1d17cba2db6a7aededa6c8addbfcc1f0/element HTTP/1.1
User-Agent: selenium/4.6.0 (java windows)
Content-Length: 129
Content-Type: application/json; charset=utf-8
host: localhost:2690
accept: */*

Response DefaultHttpResponse(decodeResult: success, version: HTTP/1.1)
HTTP/1.1 200 OK
Content-Type: application/json; charset=utf-8
cache-control: no-cache
content-length: 88

[DEBUG] Adding key: http://localhost:2690 for channel [id: 0xe5765420, L:/127.0.0.1:59515 - R:localhost/127.0.0.1:2690]
[DEBUG] Using pooled Channel '[id: 0xe5765420, L:/127.0.0.1:59515 - R:localhost/127.0.0.1:2690]' for 'GET' to 'http://localhost:2690/session/1d17cba2db6a7aededa6c8addbfcc1f0/element/454ccab2-b7b8-4298-8498-19c7f0be754d/text'
[DEBUG] Using open Channel [id: 0xe5765420, L:/127.0.0.1:59515 - R:localhost/127.0.0.1:2690] for GET '/session/1d17cba2db6a7aededa6c8addbfcc1f0/element/454ccab2-b7b8-4298-8498-19c7f0be754d/text'
[DEBUG] 

Request DefaultFullHttpRequest(decodeResult: success, version: HTTP/1.1, content: EmptyByteBufBE)
GET /session/1d17cba2db6a7aededa6c8addbfcc1f0/element/454ccab2-b7b8-4298-8498-19c7f0be754d/text HTTP/1.1
User-Agent: selenium/4.6.0 (java windows)
Cache-Control: no-cache
Content-Type: application/json; charset=utf-8
host: localhost:2690
accept: */*

Response DefaultHttpResponse(decodeResult: success, version: HTTP/1.1)
HTTP/1.1 200 OK
Content-Type: application/json; charset=utf-8
cache-control: no-cache
content-length: 28

[DEBUG] Adding key: http://localhost:2690 for channel [id: 0xe5765420, L:/127.0.0.1:59515 - R:localhost/127.0.0.1:2690]
[DEBUG] Using pooled Channel '[id: 0xe5765420, L:/127.0.0.1:59515 - R:localhost/127.0.0.1:2690]' for 'POST' to 'http://localhost:2690/session/1d17cba2db6a7aededa6c8addbfcc1f0/element'
[DEBUG] Using open Channel [id: 0xe5765420, L:/127.0.0.1:59515 - R:localhost/127.0.0.1:2690] for POST '/session/1d17cba2db6a7aededa6c8addbfcc1f0/element'
[DEBUG] 

Request DefaultHttpRequest(decodeResult: success, version: HTTP/1.1)
POST /session/1d17cba2db6a7aededa6c8addbfcc1f0/element HTTP/1.1
User-Agent: selenium/4.6.0 (java windows)
Content-Length: 129
Content-Type: application/json; charset=utf-8
host: localhost:2690
accept: */*

Response DefaultHttpResponse(decodeResult: success, version: HTTP/1.1)
HTTP/1.1 200 OK
Content-Type: application/json; charset=utf-8
cache-control: no-cache
content-length: 88

[DEBUG] Adding key: http://localhost:2690 for channel [id: 0xe5765420, L:/127.0.0.1:59515 - R:localhost/127.0.0.1:2690]
[DEBUG] Using pooled Channel '[id: 0xe5765420, L:/127.0.0.1:59515 - R:localhost/127.0.0.1:2690]' for 'GET' to 'http://localhost:2690/session/1d17cba2db6a7aededa6c8addbfcc1f0/element/8281f184-75d4-42d6-be36-39c8503190cc/text'
[DEBUG] Using open Channel [id: 0xe5765420, L:/127.0.0.1:59515 - R:localhost/127.0.0.1:2690] for GET '/session/1d17cba2db6a7aededa6c8addbfcc1f0/element/8281f184-75d4-42d6-be36-39c8503190cc/text'
[DEBUG] 

Request DefaultFullHttpRequest(decodeResult: success, version: HTTP/1.1, content: EmptyByteBufBE)
GET /session/1d17cba2db6a7aededa6c8addbfcc1f0/element/8281f184-75d4-42d6-be36-39c8503190cc/text HTTP/1.1
User-Agent: selenium/4.6.0 (java windows)
Cache-Control: no-cache
Content-Type: application/json; charset=utf-8
host: localhost:2690
accept: */*

Response DefaultHttpResponse(decodeResult: success, version: HTTP/1.1)
HTTP/1.1 200 OK
Content-Type: application/json; charset=utf-8
cache-control: no-cache
content-length: 28

[DEBUG] Adding key: http://localhost:2690 for channel [id: 0xe5765420, L:/127.0.0.1:59515 - R:localhost/127.0.0.1:2690]
[DEBUG] Using pooled Channel '[id: 0xe5765420, L:/127.0.0.1:59515 - R:localhost/127.0.0.1:2690]' for 'POST' to 'http://localhost:2690/session/1d17cba2db6a7aededa6c8addbfcc1f0/element'
[DEBUG] Using open Channel [id: 0xe5765420, L:/127.0.0.1:59515 - R:localhost/127.0.0.1:2690] for POST '/session/1d17cba2db6a7aededa6c8addbfcc1f0/element'
[DEBUG] 

Request DefaultHttpRequest(decodeResult: success, version: HTTP/1.1)
POST /session/1d17cba2db6a7aededa6c8addbfcc1f0/element HTTP/1.1
User-Agent: selenium/4.6.0 (java windows)
Content-Length: 129
Content-Type: application/json; charset=utf-8
host: localhost:2690
accept: */*

Response DefaultHttpResponse(decodeResult: success, version: HTTP/1.1)
HTTP/1.1 200 OK
Content-Type: application/json; charset=utf-8
cache-control: no-cache
content-length: 88

[DEBUG] Adding key: http://localhost:2690 for channel [id: 0xe5765420, L:/127.0.0.1:59515 - R:localhost/127.0.0.1:2690]
[DEBUG] Using pooled Channel '[id: 0xe5765420, L:/127.0.0.1:59515 - R:localhost/127.0.0.1:2690]' for 'GET' to 'http://localhost:2690/session/1d17cba2db6a7aededa6c8addbfcc1f0/element/cb7ad885-3d12-42e0-8eeb-fda25a4fe06c/text'
[DEBUG] Using open Channel [id: 0xe5765420, L:/127.0.0.1:59515 - R:localhost/127.0.0.1:2690] for GET '/session/1d17cba2db6a7aededa6c8addbfcc1f0/element/cb7ad885-3d12-42e0-8eeb-fda25a4fe06c/text'
[DEBUG] 

Request DefaultFullHttpRequest(decodeResult: success, version: HTTP/1.1, content: EmptyByteBufBE)
GET /session/1d17cba2db6a7aededa6c8addbfcc1f0/element/cb7ad885-3d12-42e0-8eeb-fda25a4fe06c/text HTTP/1.1
User-Agent: selenium/4.6.0 (java windows)
Cache-Control: no-cache
Content-Type: application/json; charset=utf-8
host: localhost:2690
accept: */*

Response DefaultHttpResponse(decodeResult: success, version: HTTP/1.1)
HTTP/1.1 200 OK
Content-Type: application/json; charset=utf-8
cache-control: no-cache
content-length: 28

[DEBUG] Adding key: http://localhost:2690 for channel [id: 0xe5765420, L:/127.0.0.1:59515 - R:localhost/127.0.0.1:2690]
[DEBUG] Using pooled Channel '[id: 0xe5765420, L:/127.0.0.1:59515 - R:localhost/127.0.0.1:2690]' for 'POST' to 'http://localhost:2690/session/1d17cba2db6a7aededa6c8addbfcc1f0/element'
[DEBUG] Using open Channel [id: 0xe5765420, L:/127.0.0.1:59515 - R:localhost/127.0.0.1:2690] for POST '/session/1d17cba2db6a7aededa6c8addbfcc1f0/element'
[DEBUG] 

Request DefaultHttpRequest(decodeResult: success, version: HTTP/1.1)
POST /session/1d17cba2db6a7aededa6c8addbfcc1f0/element HTTP/1.1
User-Agent: selenium/4.6.0 (java windows)
Content-Length: 129
Content-Type: application/json; charset=utf-8
host: localhost:2690
accept: */*

Response DefaultHttpResponse(decodeResult: success, version: HTTP/1.1)
HTTP/1.1 200 OK
Content-Type: application/json; charset=utf-8
cache-control: no-cache
content-length: 88

[DEBUG] Adding key: http://localhost:2690 for channel [id: 0xe5765420, L:/127.0.0.1:59515 - R:localhost/127.0.0.1:2690]
[DEBUG] Using pooled Channel '[id: 0xe5765420, L:/127.0.0.1:59515 - R:localhost/127.0.0.1:2690]' for 'GET' to 'http://localhost:2690/session/1d17cba2db6a7aededa6c8addbfcc1f0/element/7a0b8cda-11a2-4e58-9984-8dd8142033db/text'
[DEBUG] Using open Channel [id: 0xe5765420, L:/127.0.0.1:59515 - R:localhost/127.0.0.1:2690] for GET '/session/1d17cba2db6a7aededa6c8addbfcc1f0/element/7a0b8cda-11a2-4e58-9984-8dd8142033db/text'
[DEBUG] 

Request DefaultFullHttpRequest(decodeResult: success, version: HTTP/1.1, content: EmptyByteBufBE)
GET /session/1d17cba2db6a7aededa6c8addbfcc1f0/element/7a0b8cda-11a2-4e58-9984-8dd8142033db/text HTTP/1.1
User-Agent: selenium/4.6.0 (java windows)
Cache-Control: no-cache
Content-Type: application/json; charset=utf-8
host: localhost:2690
accept: */*

Response DefaultHttpResponse(decodeResult: success, version: HTTP/1.1)
HTTP/1.1 200 OK
Content-Type: application/json; charset=utf-8
cache-control: no-cache
content-length: 28

[DEBUG] Adding key: http://localhost:2690 for channel [id: 0xe5765420, L:/127.0.0.1:59515 - R:localhost/127.0.0.1:2690]
[DEBUG] Using pooled Channel '[id: 0xe5765420, L:/127.0.0.1:59515 - R:localhost/127.0.0.1:2690]' for 'POST' to 'http://localhost:2690/session/1d17cba2db6a7aededa6c8addbfcc1f0/element'
[DEBUG] Using open Channel [id: 0xe5765420, L:/127.0.0.1:59515 - R:localhost/127.0.0.1:2690] for POST '/session/1d17cba2db6a7aededa6c8addbfcc1f0/element'
[DEBUG] 

Request DefaultHttpRequest(decodeResult: success, version: HTTP/1.1)
POST /session/1d17cba2db6a7aededa6c8addbfcc1f0/element HTTP/1.1
User-Agent: selenium/4.6.0 (java windows)
Content-Length: 129
Content-Type: application/json; charset=utf-8
host: localhost:2690
accept: */*

Response DefaultHttpResponse(decodeResult: success, version: HTTP/1.1)
HTTP/1.1 200 OK
Content-Type: application/json; charset=utf-8
cache-control: no-cache
content-length: 88

[DEBUG] Adding key: http://localhost:2690 for channel [id: 0xe5765420, L:/127.0.0.1:59515 - R:localhost/127.0.0.1:2690]
[DEBUG] Using pooled Channel '[id: 0xe5765420, L:/127.0.0.1:59515 - R:localhost/127.0.0.1:2690]' for 'GET' to 'http://localhost:2690/session/1d17cba2db6a7aededa6c8addbfcc1f0/element/8fb27b6f-7df9-4854-bbf0-406d81247bda/text'
[DEBUG] Using open Channel [id: 0xe5765420, L:/127.0.0.1:59515 - R:localhost/127.0.0.1:2690] for GET '/session/1d17cba2db6a7aededa6c8addbfcc1f0/element/8fb27b6f-7df9-4854-bbf0-406d81247bda/text'
[DEBUG] 

Request DefaultFullHttpRequest(decodeResult: success, version: HTTP/1.1, content: EmptyByteBufBE)
GET /session/1d17cba2db6a7aededa6c8addbfcc1f0/element/8fb27b6f-7df9-4854-bbf0-406d81247bda/text HTTP/1.1
User-Agent: selenium/4.6.0 (java windows)
Cache-Control: no-cache
Content-Type: application/json; charset=utf-8
host: localhost:2690
accept: */*

Response DefaultHttpResponse(decodeResult: success, version: HTTP/1.1)
HTTP/1.1 200 OK
Content-Type: application/json; charset=utf-8
cache-control: no-cache
content-length: 28

[DEBUG] Adding key: http://localhost:2690 for channel [id: 0xe5765420, L:/127.0.0.1:59515 - R:localhost/127.0.0.1:2690]
[DEBUG] Using pooled Channel '[id: 0xe5765420, L:/127.0.0.1:59515 - R:localhost/127.0.0.1:2690]' for 'POST' to 'http://localhost:2690/session/1d17cba2db6a7aededa6c8addbfcc1f0/element'
[DEBUG] Using open Channel [id: 0xe5765420, L:/127.0.0.1:59515 - R:localhost/127.0.0.1:2690] for POST '/session/1d17cba2db6a7aededa6c8addbfcc1f0/element'
[DEBUG] 

Request DefaultHttpRequest(decodeResult: success, version: HTTP/1.1)
POST /session/1d17cba2db6a7aededa6c8addbfcc1f0/element HTTP/1.1
User-Agent: selenium/4.6.0 (java windows)
Content-Length: 129
Content-Type: application/json; charset=utf-8
host: localhost:2690
accept: */*

Response DefaultHttpResponse(decodeResult: success, version: HTTP/1.1)
HTTP/1.1 200 OK
Content-Type: application/json; charset=utf-8
cache-control: no-cache
content-length: 88

[DEBUG] Adding key: http://localhost:2690 for channel [id: 0xe5765420, L:/127.0.0.1:59515 - R:localhost/127.0.0.1:2690]
[DEBUG] Using pooled Channel '[id: 0xe5765420, L:/127.0.0.1:59515 - R:localhost/127.0.0.1:2690]' for 'GET' to 'http://localhost:2690/session/1d17cba2db6a7aededa6c8addbfcc1f0/element/cebf5e3f-42c3-462e-ba19-299b42914792/text'
[DEBUG] Using open Channel [id: 0xe5765420, L:/127.0.0.1:59515 - R:localhost/127.0.0.1:2690] for GET '/session/1d17cba2db6a7aededa6c8addbfcc1f0/element/cebf5e3f-42c3-462e-ba19-299b42914792/text'
[DEBUG] 

Request DefaultFullHttpRequest(decodeResult: success, version: HTTP/1.1, content: EmptyByteBufBE)
GET /session/1d17cba2db6a7aededa6c8addbfcc1f0/element/cebf5e3f-42c3-462e-ba19-299b42914792/text HTTP/1.1
User-Agent: selenium/4.6.0 (java windows)
Cache-Control: no-cache
Content-Type: application/json; charset=utf-8
host: localhost:2690
accept: */*

Response DefaultHttpResponse(decodeResult: success, version: HTTP/1.1)
HTTP/1.1 200 OK
Content-Type: application/json; charset=utf-8
cache-control: no-cache
content-length: 28

[DEBUG] Adding key: http://localhost:2690 for channel [id: 0xe5765420, L:/127.0.0.1:59515 - R:localhost/127.0.0.1:2690]
[DEBUG] Using pooled Channel '[id: 0xe5765420, L:/127.0.0.1:59515 - R:localhost/127.0.0.1:2690]' for 'POST' to 'http://localhost:2690/session/1d17cba2db6a7aededa6c8addbfcc1f0/element'
[DEBUG] Using open Channel [id: 0xe5765420, L:/127.0.0.1:59515 - R:localhost/127.0.0.1:2690] for POST '/session/1d17cba2db6a7aededa6c8addbfcc1f0/element'
[DEBUG] 

Request DefaultHttpRequest(decodeResult: success, version: HTTP/1.1)
POST /session/1d17cba2db6a7aededa6c8addbfcc1f0/element HTTP/1.1
User-Agent: selenium/4.6.0 (java windows)
Content-Length: 129
Content-Type: application/json; charset=utf-8
host: localhost:2690
accept: */*

Response DefaultHttpResponse(decodeResult: success, version: HTTP/1.1)
HTTP/1.1 200 OK
Content-Type: application/json; charset=utf-8
cache-control: no-cache
content-length: 88

[DEBUG] Adding key: http://localhost:2690 for channel [id: 0xe5765420, L:/127.0.0.1:59515 - R:localhost/127.0.0.1:2690]
[DEBUG] Using pooled Channel '[id: 0xe5765420, L:/127.0.0.1:59515 - R:localhost/127.0.0.1:2690]' for 'GET' to 'http://localhost:2690/session/1d17cba2db6a7aededa6c8addbfcc1f0/element/f1f8b7cc-3f89-4a61-a386-041810fe9c25/text'
[DEBUG] Using open Channel [id: 0xe5765420, L:/127.0.0.1:59515 - R:localhost/127.0.0.1:2690] for GET '/session/1d17cba2db6a7aededa6c8addbfcc1f0/element/f1f8b7cc-3f89-4a61-a386-041810fe9c25/text'
[DEBUG] 

Request DefaultFullHttpRequest(decodeResult: success, version: HTTP/1.1, content: EmptyByteBufBE)
GET /session/1d17cba2db6a7aededa6c8addbfcc1f0/element/f1f8b7cc-3f89-4a61-a386-041810fe9c25/text HTTP/1.1
User-Agent: selenium/4.6.0 (java windows)
Cache-Control: no-cache
Content-Type: application/json; charset=utf-8
host: localhost:2690
accept: */*

Response DefaultHttpResponse(decodeResult: success, version: HTTP/1.1)
HTTP/1.1 200 OK
Content-Type: application/json; charset=utf-8
cache-control: no-cache
content-length: 26

[DEBUG] Adding key: http://localhost:2690 for channel [id: 0xe5765420, L:/127.0.0.1:59515 - R:localhost/127.0.0.1:2690]
[DEBUG] Using pooled Channel '[id: 0xe5765420, L:/127.0.0.1:59515 - R:localhost/127.0.0.1:2690]' for 'POST' to 'http://localhost:2690/session/1d17cba2db6a7aededa6c8addbfcc1f0/elements'
[DEBUG] Using open Channel [id: 0xe5765420, L:/127.0.0.1:59515 - R:localhost/127.0.0.1:2690] for POST '/session/1d17cba2db6a7aededa6c8addbfcc1f0/elements'
[DEBUG] 

Request DefaultHttpRequest(decodeResult: success, version: HTTP/1.1)
POST /session/1d17cba2db6a7aededa6c8addbfcc1f0/elements HTTP/1.1
User-Agent: selenium/4.6.0 (java windows)
Content-Length: 129
Content-Type: application/json; charset=utf-8
host: localhost:2690
accept: */*

Response DefaultHttpResponse(decodeResult: success, version: HTTP/1.1)
HTTP/1.1 200 OK
Content-Type: application/json; charset=utf-8
cache-control: no-cache
content-length: 90

[DEBUG] Adding key: http://localhost:2690 for channel [id: 0xe5765420, L:/127.0.0.1:59515 - R:localhost/127.0.0.1:2690]
[DEBUG] Using pooled Channel '[id: 0xe5765420, L:/127.0.0.1:59515 - R:localhost/127.0.0.1:2690]' for 'GET' to 'http://localhost:2690/session/1d17cba2db6a7aededa6c8addbfcc1f0/element/48ae798b-39ca-4378-b2d0-6ee9ae79dabd/text'
[DEBUG] Using open Channel [id: 0xe5765420, L:/127.0.0.1:59515 - R:localhost/127.0.0.1:2690] for GET '/session/1d17cba2db6a7aededa6c8addbfcc1f0/element/48ae798b-39ca-4378-b2d0-6ee9ae79dabd/text'
[DEBUG] 

Request DefaultFullHttpRequest(decodeResult: success, version: HTTP/1.1, content: EmptyByteBufBE)
GET /session/1d17cba2db6a7aededa6c8addbfcc1f0/element/48ae798b-39ca-4378-b2d0-6ee9ae79dabd/text HTTP/1.1
User-Agent: selenium/4.6.0 (java windows)
Cache-Control: no-cache
Content-Type: application/json; charset=utf-8
host: localhost:2690
accept: */*

Response DefaultHttpResponse(decodeResult: success, version: HTTP/1.1)
HTTP/1.1 200 OK
Content-Type: application/json; charset=utf-8
cache-control: no-cache
content-length: 23

[DEBUG] Adding key: http://localhost:2690 for channel [id: 0xe5765420, L:/127.0.0.1:59515 - R:localhost/127.0.0.1:2690]
[DEBUG] Using pooled Channel '[id: 0xe5765420, L:/127.0.0.1:59515 - R:localhost/127.0.0.1:2690]' for 'POST' to 'http://localhost:2690/session/1d17cba2db6a7aededa6c8addbfcc1f0/elements'
[DEBUG] Using open Channel [id: 0xe5765420, L:/127.0.0.1:59515 - R:localhost/127.0.0.1:2690] for POST '/session/1d17cba2db6a7aededa6c8addbfcc1f0/elements'
[DEBUG] 

Request DefaultHttpRequest(decodeResult: success, version: HTTP/1.1)
POST /session/1d17cba2db6a7aededa6c8addbfcc1f0/elements HTTP/1.1
User-Agent: selenium/4.6.0 (java windows)
Content-Length: 129
Content-Type: application/json; charset=utf-8
host: localhost:2690
accept: */*

Response DefaultHttpResponse(decodeResult: success, version: HTTP/1.1)
HTTP/1.1 200 OK
Content-Type: application/json; charset=utf-8
cache-control: no-cache
content-length: 90

[DEBUG] Adding key: http://localhost:2690 for channel [id: 0xe5765420, L:/127.0.0.1:59515 - R:localhost/127.0.0.1:2690]
[DEBUG] Using pooled Channel '[id: 0xe5765420, L:/127.0.0.1:59515 - R:localhost/127.0.0.1:2690]' for 'GET' to 'http://localhost:2690/session/1d17cba2db6a7aededa6c8addbfcc1f0/element/e98111ac-ae3e-4c97-9e09-1c35c57467e5/text'
[DEBUG] Using open Channel [id: 0xe5765420, L:/127.0.0.1:59515 - R:localhost/127.0.0.1:2690] for GET '/session/1d17cba2db6a7aededa6c8addbfcc1f0/element/e98111ac-ae3e-4c97-9e09-1c35c57467e5/text'
[DEBUG] 

Request DefaultFullHttpRequest(decodeResult: success, version: HTTP/1.1, content: EmptyByteBufBE)
GET /session/1d17cba2db6a7aededa6c8addbfcc1f0/element/e98111ac-ae3e-4c97-9e09-1c35c57467e5/text HTTP/1.1
User-Agent: selenium/4.6.0 (java windows)
Cache-Control: no-cache
Content-Type: application/json; charset=utf-8
host: localhost:2690
accept: */*

Response DefaultHttpResponse(decodeResult: success, version: HTTP/1.1)
HTTP/1.1 200 OK
Content-Type: application/json; charset=utf-8
cache-control: no-cache
content-length: 18

[DEBUG] Adding key: http://localhost:2690 for channel [id: 0xe5765420, L:/127.0.0.1:59515 - R:localhost/127.0.0.1:2690]
[DEBUG] Using pooled Channel '[id: 0xe5765420, L:/127.0.0.1:59515 - R:localhost/127.0.0.1:2690]' for 'POST' to 'http://localhost:2690/session/1d17cba2db6a7aededa6c8addbfcc1f0/elements'
[DEBUG] Using open Channel [id: 0xe5765420, L:/127.0.0.1:59515 - R:localhost/127.0.0.1:2690] for POST '/session/1d17cba2db6a7aededa6c8addbfcc1f0/elements'
[DEBUG] 

Request DefaultHttpRequest(decodeResult: success, version: HTTP/1.1)
POST /session/1d17cba2db6a7aededa6c8addbfcc1f0/elements HTTP/1.1
User-Agent: selenium/4.6.0 (java windows)
Content-Length: 129
Content-Type: application/json; charset=utf-8
host: localhost:2690
accept: */*

Response DefaultHttpResponse(decodeResult: success, version: HTTP/1.1)
HTTP/1.1 200 OK
Content-Type: application/json; charset=utf-8
cache-control: no-cache
content-length: 90

[DEBUG] Adding key: http://localhost:2690 for channel [id: 0xe5765420, L:/127.0.0.1:59515 - R:localhost/127.0.0.1:2690]
[DEBUG] Using pooled Channel '[id: 0xe5765420, L:/127.0.0.1:59515 - R:localhost/127.0.0.1:2690]' for 'GET' to 'http://localhost:2690/session/1d17cba2db6a7aededa6c8addbfcc1f0/element/3145f5da-ca22-4449-8c06-6454ff750594/text'
[DEBUG] Using open Channel [id: 0xe5765420, L:/127.0.0.1:59515 - R:localhost/127.0.0.1:2690] for GET '/session/1d17cba2db6a7aededa6c8addbfcc1f0/element/3145f5da-ca22-4449-8c06-6454ff750594/text'
[DEBUG] 

Request DefaultFullHttpRequest(decodeResult: success, version: HTTP/1.1, content: EmptyByteBufBE)
GET /session/1d17cba2db6a7aededa6c8addbfcc1f0/element/3145f5da-ca22-4449-8c06-6454ff750594/text HTTP/1.1
User-Agent: selenium/4.6.0 (java windows)
Cache-Control: no-cache
Content-Type: application/json; charset=utf-8
host: localhost:2690
accept: */*

Response DefaultHttpResponse(decodeResult: success, version: HTTP/1.1)
HTTP/1.1 200 OK
Content-Type: application/json; charset=utf-8
cache-control: no-cache
content-length: 21

[DEBUG] Adding key: http://localhost:2690 for channel [id: 0xe5765420, L:/127.0.0.1:59515 - R:localhost/127.0.0.1:2690]
[DEBUG] Using pooled Channel '[id: 0xe5765420, L:/127.0.0.1:59515 - R:localhost/127.0.0.1:2690]' for 'POST' to 'http://localhost:2690/session/1d17cba2db6a7aededa6c8addbfcc1f0/elements'
[DEBUG] Using open Channel [id: 0xe5765420, L:/127.0.0.1:59515 - R:localhost/127.0.0.1:2690] for POST '/session/1d17cba2db6a7aededa6c8addbfcc1f0/elements'
[DEBUG] 

Request DefaultHttpRequest(decodeResult: success, version: HTTP/1.1)
POST /session/1d17cba2db6a7aededa6c8addbfcc1f0/elements HTTP/1.1
User-Agent: selenium/4.6.0 (java windows)
Content-Length: 129
Content-Type: application/json; charset=utf-8
host: localhost:2690
accept: */*

Response DefaultHttpResponse(decodeResult: success, version: HTTP/1.1)
HTTP/1.1 200 OK
Content-Type: application/json; charset=utf-8
cache-control: no-cache
content-length: 90

[DEBUG] Adding key: http://localhost:2690 for channel [id: 0xe5765420, L:/127.0.0.1:59515 - R:localhost/127.0.0.1:2690]
[DEBUG] Using pooled Channel '[id: 0xe5765420, L:/127.0.0.1:59515 - R:localhost/127.0.0.1:2690]' for 'GET' to 'http://localhost:2690/session/1d17cba2db6a7aededa6c8addbfcc1f0/element/f1f8b7cc-3f89-4a61-a386-041810fe9c25/text'
[DEBUG] Using open Channel [id: 0xe5765420, L:/127.0.0.1:59515 - R:localhost/127.0.0.1:2690] for GET '/session/1d17cba2db6a7aededa6c8addbfcc1f0/element/f1f8b7cc-3f89-4a61-a386-041810fe9c25/text'
[DEBUG] 

Request DefaultFullHttpRequest(decodeResult: success, version: HTTP/1.1, content: EmptyByteBufBE)
GET /session/1d17cba2db6a7aededa6c8addbfcc1f0/element/f1f8b7cc-3f89-4a61-a386-041810fe9c25/text HTTP/1.1
User-Agent: selenium/4.6.0 (java windows)
Cache-Control: no-cache
Content-Type: application/json; charset=utf-8
host: localhost:2690
accept: */*

Response DefaultHttpResponse(decodeResult: success, version: HTTP/1.1)
HTTP/1.1 200 OK
Content-Type: application/json; charset=utf-8
cache-control: no-cache
content-length: 26

[DEBUG] Adding key: http://localhost:2690 for channel [id: 0xe5765420, L:/127.0.0.1:59515 - R:localhost/127.0.0.1:2690]
[DEBUG] Using pooled Channel '[id: 0xe5765420, L:/127.0.0.1:59515 - R:localhost/127.0.0.1:2690]' for 'POST' to 'http://localhost:2690/session/1d17cba2db6a7aededa6c8addbfcc1f0/element'
[DEBUG] Using open Channel [id: 0xe5765420, L:/127.0.0.1:59515 - R:localhost/127.0.0.1:2690] for POST '/session/1d17cba2db6a7aededa6c8addbfcc1f0/element'
[DEBUG] 

Request DefaultHttpRequest(decodeResult: success, version: HTTP/1.1)
POST /session/1d17cba2db6a7aededa6c8addbfcc1f0/element HTTP/1.1
User-Agent: selenium/4.6.0 (java windows)
Content-Length: 128
Content-Type: application/json; charset=utf-8
host: localhost:2690
accept: */*

Response DefaultHttpResponse(decodeResult: success, version: HTTP/1.1)
HTTP/1.1 200 OK
Content-Type: application/json; charset=utf-8
cache-control: no-cache
content-length: 88

[DEBUG] Adding key: http://localhost:2690 for channel [id: 0xe5765420, L:/127.0.0.1:59515 - R:localhost/127.0.0.1:2690]
[DEBUG] Using pooled Channel '[id: 0xe5765420, L:/127.0.0.1:59515 - R:localhost/127.0.0.1:2690]' for 'GET' to 'http://localhost:2690/session/1d17cba2db6a7aededa6c8addbfcc1f0/element/30849911-69b2-466a-84c1-b3e581230e8a/text'
[DEBUG] Using open Channel [id: 0xe5765420, L:/127.0.0.1:59515 - R:localhost/127.0.0.1:2690] for GET '/session/1d17cba2db6a7aededa6c8addbfcc1f0/element/30849911-69b2-466a-84c1-b3e581230e8a/text'
[DEBUG] 

Request DefaultFullHttpRequest(decodeResult: success, version: HTTP/1.1, content: EmptyByteBufBE)
GET /session/1d17cba2db6a7aededa6c8addbfcc1f0/element/30849911-69b2-466a-84c1-b3e581230e8a/text HTTP/1.1
User-Agent: selenium/4.6.0 (java windows)
Cache-Control: no-cache
Content-Type: application/json; charset=utf-8
host: localhost:2690
accept: */*

Response DefaultHttpResponse(decodeResult: success, version: HTTP/1.1)
HTTP/1.1 200 OK
Content-Type: application/json; charset=utf-8
cache-control: no-cache
content-length: 28

[DEBUG] Adding key: http://localhost:2690 for channel [id: 0xe5765420, L:/127.0.0.1:59515 - R:localhost/127.0.0.1:2690]
[DEBUG] Using pooled Channel '[id: 0xe5765420, L:/127.0.0.1:59515 - R:localhost/127.0.0.1:2690]' for 'POST' to 'http://localhost:2690/session/1d17cba2db6a7aededa6c8addbfcc1f0/elements'
[DEBUG] Using open Channel [id: 0xe5765420, L:/127.0.0.1:59515 - R:localhost/127.0.0.1:2690] for POST '/session/1d17cba2db6a7aededa6c8addbfcc1f0/elements'
[DEBUG] 

Request DefaultHttpRequest(decodeResult: success, version: HTTP/1.1)
POST /session/1d17cba2db6a7aededa6c8addbfcc1f0/elements HTTP/1.1
User-Agent: selenium/4.6.0 (java windows)
Content-Length: 128
Content-Type: application/json; charset=utf-8
host: localhost:2690
accept: */*

Response DefaultHttpResponse(decodeResult: success, version: HTTP/1.1)
HTTP/1.1 200 OK
Content-Type: application/json; charset=utf-8
cache-control: no-cache
content-length: 90

[DEBUG] Adding key: http://localhost:2690 for channel [id: 0xe5765420, L:/127.0.0.1:59515 - R:localhost/127.0.0.1:2690]
[DEBUG] Using pooled Channel '[id: 0xe5765420, L:/127.0.0.1:59515 - R:localhost/127.0.0.1:2690]' for 'GET' to 'http://localhost:2690/session/1d17cba2db6a7aededa6c8addbfcc1f0/element/b0775355-c9dc-4a4d-9000-d11f4a7ca89c/text'
[DEBUG] Using open Channel [id: 0xe5765420, L:/127.0.0.1:59515 - R:localhost/127.0.0.1:2690] for GET '/session/1d17cba2db6a7aededa6c8addbfcc1f0/element/b0775355-c9dc-4a4d-9000-d11f4a7ca89c/text'
[DEBUG] 

Request DefaultFullHttpRequest(decodeResult: success, version: HTTP/1.1, content: EmptyByteBufBE)
GET /session/1d17cba2db6a7aededa6c8addbfcc1f0/element/b0775355-c9dc-4a4d-9000-d11f4a7ca89c/text HTTP/1.1
User-Agent: selenium/4.6.0 (java windows)
Cache-Control: no-cache
Content-Type: application/json; charset=utf-8
host: localhost:2690
accept: */*

Response DefaultHttpResponse(decodeResult: success, version: HTTP/1.1)
HTTP/1.1 200 OK
Content-Type: application/json; charset=utf-8
cache-control: no-cache
content-length: 23

[DEBUG] Adding key: http://localhost:2690 for channel [id: 0xe5765420, L:/127.0.0.1:59515 - R:localhost/127.0.0.1:2690]
[DEBUG] Using pooled Channel '[id: 0xe5765420, L:/127.0.0.1:59515 - R:localhost/127.0.0.1:2690]' for 'POST' to 'http://localhost:2690/session/1d17cba2db6a7aededa6c8addbfcc1f0/elements'
[DEBUG] Using open Channel [id: 0xe5765420, L:/127.0.0.1:59515 - R:localhost/127.0.0.1:2690] for POST '/session/1d17cba2db6a7aededa6c8addbfcc1f0/elements'
[DEBUG] 

Request DefaultHttpRequest(decodeResult: success, version: HTTP/1.1)
POST /session/1d17cba2db6a7aededa6c8addbfcc1f0/elements HTTP/1.1
User-Agent: selenium/4.6.0 (java windows)
Content-Length: 128
Content-Type: application/json; charset=utf-8
host: localhost:2690
accept: */*

Response DefaultHttpResponse(decodeResult: success, version: HTTP/1.1)
HTTP/1.1 200 OK
Content-Type: application/json; charset=utf-8
cache-control: no-cache
content-length: 90

[DEBUG] Adding key: http://localhost:2690 for channel [id: 0xe5765420, L:/127.0.0.1:59515 - R:localhost/127.0.0.1:2690]
[DEBUG] Using pooled Channel '[id: 0xe5765420, L:/127.0.0.1:59515 - R:localhost/127.0.0.1:2690]' for 'GET' to 'http://localhost:2690/session/1d17cba2db6a7aededa6c8addbfcc1f0/element/53dc9029-e6ad-4396-a09e-def86ab74aa6/text'
[DEBUG] Using open Channel [id: 0xe5765420, L:/127.0.0.1:59515 - R:localhost/127.0.0.1:2690] for GET '/session/1d17cba2db6a7aededa6c8addbfcc1f0/element/53dc9029-e6ad-4396-a09e-def86ab74aa6/text'
[DEBUG] 

Request DefaultFullHttpRequest(decodeResult: success, version: HTTP/1.1, content: EmptyByteBufBE)
GET /session/1d17cba2db6a7aededa6c8addbfcc1f0/element/53dc9029-e6ad-4396-a09e-def86ab74aa6/text HTTP/1.1
User-Agent: selenium/4.6.0 (java windows)
Cache-Control: no-cache
Content-Type: application/json; charset=utf-8
host: localhost:2690
accept: */*

Response DefaultHttpResponse(decodeResult: success, version: HTTP/1.1)
HTTP/1.1 200 OK
Content-Type: application/json; charset=utf-8
cache-control: no-cache
content-length: 18

[DEBUG] Adding key: http://localhost:2690 for channel [id: 0xe5765420, L:/127.0.0.1:59515 - R:localhost/127.0.0.1:2690]
[DEBUG] Using pooled Channel '[id: 0xe5765420, L:/127.0.0.1:59515 - R:localhost/127.0.0.1:2690]' for 'POST' to 'http://localhost:2690/session/1d17cba2db6a7aededa6c8addbfcc1f0/elements'
[DEBUG] Using open Channel [id: 0xe5765420, L:/127.0.0.1:59515 - R:localhost/127.0.0.1:2690] for POST '/session/1d17cba2db6a7aededa6c8addbfcc1f0/elements'
[DEBUG] 

Request DefaultHttpRequest(decodeResult: success, version: HTTP/1.1)
POST /session/1d17cba2db6a7aededa6c8addbfcc1f0/elements HTTP/1.1
User-Agent: selenium/4.6.0 (java windows)
Content-Length: 128
Content-Type: application/json; charset=utf-8
host: localhost:2690
accept: */*

Response DefaultHttpResponse(decodeResult: success, version: HTTP/1.1)
HTTP/1.1 200 OK
Content-Type: application/json; charset=utf-8
cache-control: no-cache
content-length: 90

[DEBUG] Adding key: http://localhost:2690 for channel [id: 0xe5765420, L:/127.0.0.1:59515 - R:localhost/127.0.0.1:2690]
[DEBUG] Using pooled Channel '[id: 0xe5765420, L:/127.0.0.1:59515 - R:localhost/127.0.0.1:2690]' for 'GET' to 'http://localhost:2690/session/1d17cba2db6a7aededa6c8addbfcc1f0/element/b3567439-7611-4820-8b4e-463faa450dde/text'
[DEBUG] Using open Channel [id: 0xe5765420, L:/127.0.0.1:59515 - R:localhost/127.0.0.1:2690] for GET '/session/1d17cba2db6a7aededa6c8addbfcc1f0/element/b3567439-7611-4820-8b4e-463faa450dde/text'
[DEBUG] 

Request DefaultFullHttpRequest(decodeResult: success, version: HTTP/1.1, content: EmptyByteBufBE)
GET /session/1d17cba2db6a7aededa6c8addbfcc1f0/element/b3567439-7611-4820-8b4e-463faa450dde/text HTTP/1.1
User-Agent: selenium/4.6.0 (java windows)
Cache-Control: no-cache
Content-Type: application/json; charset=utf-8
host: localhost:2690
accept: */*

Response DefaultHttpResponse(decodeResult: success, version: HTTP/1.1)
HTTP/1.1 200 OK
Content-Type: application/json; charset=utf-8
cache-control: no-cache
content-length: 29

[DEBUG] Adding key: http://localhost:2690 for channel [id: 0xe5765420, L:/127.0.0.1:59515 - R:localhost/127.0.0.1:2690]
[DEBUG] Using pooled Channel '[id: 0xe5765420, L:/127.0.0.1:59515 - R:localhost/127.0.0.1:2690]' for 'POST' to 'http://localhost:2690/session/1d17cba2db6a7aededa6c8addbfcc1f0/elements'
[DEBUG] Using open Channel [id: 0xe5765420, L:/127.0.0.1:59515 - R:localhost/127.0.0.1:2690] for POST '/session/1d17cba2db6a7aededa6c8addbfcc1f0/elements'
[DEBUG] 

Request DefaultHttpRequest(decodeResult: success, version: HTTP/1.1)
POST /session/1d17cba2db6a7aededa6c8addbfcc1f0/elements HTTP/1.1
User-Agent: selenium/4.6.0 (java windows)
Content-Length: 128
Content-Type: application/json; charset=utf-8
host: localhost:2690
accept: */*

Response DefaultHttpResponse(decodeResult: success, version: HTTP/1.1)
HTTP/1.1 200 OK
Content-Type: application/json; charset=utf-8
cache-control: no-cache
content-length: 90

[DEBUG] Adding key: http://localhost:2690 for channel [id: 0xe5765420, L:/127.0.0.1:59515 - R:localhost/127.0.0.1:2690]
[DEBUG] Using pooled Channel '[id: 0xe5765420, L:/127.0.0.1:59515 - R:localhost/127.0.0.1:2690]' for 'GET' to 'http://localhost:2690/session/1d17cba2db6a7aededa6c8addbfcc1f0/element/30849911-69b2-466a-84c1-b3e581230e8a/text'
[DEBUG] Using open Channel [id: 0xe5765420, L:/127.0.0.1:59515 - R:localhost/127.0.0.1:2690] for GET '/session/1d17cba2db6a7aededa6c8addbfcc1f0/element/30849911-69b2-466a-84c1-b3e581230e8a/text'
[DEBUG] 

Request DefaultFullHttpRequest(decodeResult: success, version: HTTP/1.1, content: EmptyByteBufBE)
GET /session/1d17cba2db6a7aededa6c8addbfcc1f0/element/30849911-69b2-466a-84c1-b3e581230e8a/text HTTP/1.1
User-Agent: selenium/4.6.0 (java windows)
Cache-Control: no-cache
Content-Type: application/json; charset=utf-8
host: localhost:2690
accept: */*

Response DefaultHttpResponse(decodeResult: success, version: HTTP/1.1)
HTTP/1.1 200 OK
Content-Type: application/json; charset=utf-8
cache-control: no-cache
content-length: 28

[DEBUG] Adding key: http://localhost:2690 for channel [id: 0xe5765420, L:/127.0.0.1:59515 - R:localhost/127.0.0.1:2690]
[DEBUG] Using pooled Channel '[id: 0xe5765420, L:/127.0.0.1:59515 - R:localhost/127.0.0.1:2690]' for 'POST' to 'http://localhost:2690/session/1d17cba2db6a7aededa6c8addbfcc1f0/element'
[DEBUG] Using open Channel [id: 0xe5765420, L:/127.0.0.1:59515 - R:localhost/127.0.0.1:2690] for POST '/session/1d17cba2db6a7aededa6c8addbfcc1f0/element'
[DEBUG] 

Request DefaultHttpRequest(decodeResult: success, version: HTTP/1.1)
POST /session/1d17cba2db6a7aededa6c8addbfcc1f0/element HTTP/1.1
User-Agent: selenium/4.6.0 (java windows)
Content-Length: 128
Content-Type: application/json; charset=utf-8
host: localhost:2690
accept: */*

Response DefaultHttpResponse(decodeResult: success, version: HTTP/1.1)
HTTP/1.1 200 OK
Content-Type: application/json; charset=utf-8
cache-control: no-cache
content-length: 88

[DEBUG] Adding key: http://localhost:2690 for channel [id: 0xe5765420, L:/127.0.0.1:59515 - R:localhost/127.0.0.1:2690]
[DEBUG] Using pooled Channel '[id: 0xe5765420, L:/127.0.0.1:59515 - R:localhost/127.0.0.1:2690]' for 'GET' to 'http://localhost:2690/session/1d17cba2db6a7aededa6c8addbfcc1f0/element/c79a9c8e-8c29-45e5-b802-c6081461fa05/text'
[DEBUG] Using open Channel [id: 0xe5765420, L:/127.0.0.1:59515 - R:localhost/127.0.0.1:2690] for GET '/session/1d17cba2db6a7aededa6c8addbfcc1f0/element/c79a9c8e-8c29-45e5-b802-c6081461fa05/text'
[DEBUG] 

Request DefaultFullHttpRequest(decodeResult: success, version: HTTP/1.1, content: EmptyByteBufBE)
GET /session/1d17cba2db6a7aededa6c8addbfcc1f0/element/c79a9c8e-8c29-45e5-b802-c6081461fa05/text HTTP/1.1
User-Agent: selenium/4.6.0 (java windows)
Cache-Control: no-cache
Content-Type: application/json; charset=utf-8
host: localhost:2690
accept: */*

Response DefaultHttpResponse(decodeResult: success, version: HTTP/1.1)
HTTP/1.1 200 OK
Content-Type: application/json; charset=utf-8
cache-control: no-cache
content-length: 26

[DEBUG] Adding key: http://localhost:2690 for channel [id: 0xe5765420, L:/127.0.0.1:59515 - R:localhost/127.0.0.1:2690]
[DEBUG] Using pooled Channel '[id: 0xe5765420, L:/127.0.0.1:59515 - R:localhost/127.0.0.1:2690]' for 'POST' to 'http://localhost:2690/session/1d17cba2db6a7aededa6c8addbfcc1f0/element'
[DEBUG] Using open Channel [id: 0xe5765420, L:/127.0.0.1:59515 - R:localhost/127.0.0.1:2690] for POST '/session/1d17cba2db6a7aededa6c8addbfcc1f0/element'
[DEBUG] 

Request DefaultHttpRequest(decodeResult: success, version: HTTP/1.1)
POST /session/1d17cba2db6a7aededa6c8addbfcc1f0/element HTTP/1.1
User-Agent: selenium/4.6.0 (java windows)
Content-Length: 128
Content-Type: application/json; charset=utf-8
host: localhost:2690
accept: */*

Response DefaultHttpResponse(decodeResult: success, version: HTTP/1.1)
HTTP/1.1 200 OK
Content-Type: application/json; charset=utf-8
cache-control: no-cache
content-length: 88

[DEBUG] Adding key: http://localhost:2690 for channel [id: 0xe5765420, L:/127.0.0.1:59515 - R:localhost/127.0.0.1:2690]
[DEBUG] Using pooled Channel '[id: 0xe5765420, L:/127.0.0.1:59515 - R:localhost/127.0.0.1:2690]' for 'GET' to 'http://localhost:2690/session/1d17cba2db6a7aededa6c8addbfcc1f0/element/0f1f0afb-f340-4f60-a3a1-b22ec7db930e/text'
[DEBUG] Using open Channel [id: 0xe5765420, L:/127.0.0.1:59515 - R:localhost/127.0.0.1:2690] for GET '/session/1d17cba2db6a7aededa6c8addbfcc1f0/element/0f1f0afb-f340-4f60-a3a1-b22ec7db930e/text'
[DEBUG] 

Request DefaultFullHttpRequest(decodeResult: success, version: HTTP/1.1, content: EmptyByteBufBE)
GET /session/1d17cba2db6a7aededa6c8addbfcc1f0/element/0f1f0afb-f340-4f60-a3a1-b22ec7db930e/text HTTP/1.1
User-Agent: selenium/4.6.0 (java windows)
Cache-Control: no-cache
Content-Type: application/json; charset=utf-8
host: localhost:2690
accept: */*

Response DefaultHttpResponse(decodeResult: success, version: HTTP/1.1)
HTTP/1.1 200 OK
Content-Type: application/json; charset=utf-8
cache-control: no-cache
content-length: 28

[DEBUG] Adding key: http://localhost:2690 for channel [id: 0xe5765420, L:/127.0.0.1:59515 - R:localhost/127.0.0.1:2690]
[DEBUG] Using pooled Channel '[id: 0xe5765420, L:/127.0.0.1:59515 - R:localhost/127.0.0.1:2690]' for 'POST' to 'http://localhost:2690/session/1d17cba2db6a7aededa6c8addbfcc1f0/elements'
[DEBUG] Using open Channel [id: 0xe5765420, L:/127.0.0.1:59515 - R:localhost/127.0.0.1:2690] for POST '/session/1d17cba2db6a7aededa6c8addbfcc1f0/elements'
[DEBUG] 

Request DefaultHttpRequest(decodeResult: success, version: HTTP/1.1)
POST /session/1d17cba2db6a7aededa6c8addbfcc1f0/elements HTTP/1.1
User-Agent: selenium/4.6.0 (java windows)
Content-Length: 128
Content-Type: application/json; charset=utf-8
host: localhost:2690
accept: */*

Response DefaultHttpResponse(decodeResult: success, version: HTTP/1.1)
HTTP/1.1 200 OK
Content-Type: application/json; charset=utf-8
cache-control: no-cache
content-length: 90

[DEBUG] Adding key: http://localhost:2690 for channel [id: 0xe5765420, L:/127.0.0.1:59515 - R:localhost/127.0.0.1:2690]
[DEBUG] Using pooled Channel '[id: 0xe5765420, L:/127.0.0.1:59515 - R:localhost/127.0.0.1:2690]' for 'GET' to 'http://localhost:2690/session/1d17cba2db6a7aededa6c8addbfcc1f0/element/1e1c5608-0226-4ec8-9bfa-bc613ef65b8e/text'
[DEBUG] Using open Channel [id: 0xe5765420, L:/127.0.0.1:59515 - R:localhost/127.0.0.1:2690] for GET '/session/1d17cba2db6a7aededa6c8addbfcc1f0/element/1e1c5608-0226-4ec8-9bfa-bc613ef65b8e/text'
[DEBUG] 

Request DefaultFullHttpRequest(decodeResult: success, version: HTTP/1.1, content: EmptyByteBufBE)
GET /session/1d17cba2db6a7aededa6c8addbfcc1f0/element/1e1c5608-0226-4ec8-9bfa-bc613ef65b8e/text HTTP/1.1
User-Agent: selenium/4.6.0 (java windows)
Cache-Control: no-cache
Content-Type: application/json; charset=utf-8
host: localhost:2690
accept: */*

Response DefaultHttpResponse(decodeResult: success, version: HTTP/1.1)
HTTP/1.1 200 OK
Content-Type: application/json; charset=utf-8
cache-control: no-cache
content-length: 23

[DEBUG] Adding key: http://localhost:2690 for channel [id: 0xe5765420, L:/127.0.0.1:59515 - R:localhost/127.0.0.1:2690]
[DEBUG] Using pooled Channel '[id: 0xe5765420, L:/127.0.0.1:59515 - R:localhost/127.0.0.1:2690]' for 'POST' to 'http://localhost:2690/session/1d17cba2db6a7aededa6c8addbfcc1f0/elements'
[DEBUG] Using open Channel [id: 0xe5765420, L:/127.0.0.1:59515 - R:localhost/127.0.0.1:2690] for POST '/session/1d17cba2db6a7aededa6c8addbfcc1f0/elements'
[DEBUG] 

Request DefaultHttpRequest(decodeResult: success, version: HTTP/1.1)
POST /session/1d17cba2db6a7aededa6c8addbfcc1f0/elements HTTP/1.1
User-Agent: selenium/4.6.0 (java windows)
Content-Length: 128
Content-Type: application/json; charset=utf-8
host: localhost:2690
accept: */*

Response DefaultHttpResponse(decodeResult: success, version: HTTP/1.1)
HTTP/1.1 200 OK
Content-Type: application/json; charset=utf-8
cache-control: no-cache
content-length: 90

[DEBUG] Adding key: http://localhost:2690 for channel [id: 0xe5765420, L:/127.0.0.1:59515 - R:localhost/127.0.0.1:2690]
[DEBUG] Using pooled Channel '[id: 0xe5765420, L:/127.0.0.1:59515 - R:localhost/127.0.0.1:2690]' for 'GET' to 'http://localhost:2690/session/1d17cba2db6a7aededa6c8addbfcc1f0/element/ee697809-95a0-4005-9ed3-a46b04a9bd74/text'
[DEBUG] Using open Channel [id: 0xe5765420, L:/127.0.0.1:59515 - R:localhost/127.0.0.1:2690] for GET '/session/1d17cba2db6a7aededa6c8addbfcc1f0/element/ee697809-95a0-4005-9ed3-a46b04a9bd74/text'
[DEBUG] 

Request DefaultFullHttpRequest(decodeResult: success, version: HTTP/1.1, content: EmptyByteBufBE)
GET /session/1d17cba2db6a7aededa6c8addbfcc1f0/element/ee697809-95a0-4005-9ed3-a46b04a9bd74/text HTTP/1.1
User-Agent: selenium/4.6.0 (java windows)
Cache-Control: no-cache
Content-Type: application/json; charset=utf-8
host: localhost:2690
accept: */*

Response DefaultHttpResponse(decodeResult: success, version: HTTP/1.1)
HTTP/1.1 200 OK
Content-Type: application/json; charset=utf-8
cache-control: no-cache
content-length: 20

[DEBUG] Adding key: http://localhost:2690 for channel [id: 0xe5765420, L:/127.0.0.1:59515 - R:localhost/127.0.0.1:2690]
[DEBUG] Using pooled Channel '[id: 0xe5765420, L:/127.0.0.1:59515 - R:localhost/127.0.0.1:2690]' for 'POST' to 'http://localhost:2690/session/1d17cba2db6a7aededa6c8addbfcc1f0/elements'
[DEBUG] Using open Channel [id: 0xe5765420, L:/127.0.0.1:59515 - R:localhost/127.0.0.1:2690] for POST '/session/1d17cba2db6a7aededa6c8addbfcc1f0/elements'
[DEBUG] 

Request DefaultHttpRequest(decodeResult: success, version: HTTP/1.1)
POST /session/1d17cba2db6a7aededa6c8addbfcc1f0/elements HTTP/1.1
User-Agent: selenium/4.6.0 (java windows)
Content-Length: 128
Content-Type: application/json; charset=utf-8
host: localhost:2690
accept: */*

Response DefaultHttpResponse(decodeResult: success, version: HTTP/1.1)
HTTP/1.1 200 OK
Content-Type: application/json; charset=utf-8
cache-control: no-cache
content-length: 90

[DEBUG] Adding key: http://localhost:2690 for channel [id: 0xe5765420, L:/127.0.0.1:59515 - R:localhost/127.0.0.1:2690]
[DEBUG] Using pooled Channel '[id: 0xe5765420, L:/127.0.0.1:59515 - R:localhost/127.0.0.1:2690]' for 'GET' to 'http://localhost:2690/session/1d17cba2db6a7aededa6c8addbfcc1f0/element/f6a8338a-cd86-4e29-bfe0-8c2a8a7fa342/text'
[DEBUG] Using open Channel [id: 0xe5765420, L:/127.0.0.1:59515 - R:localhost/127.0.0.1:2690] for GET '/session/1d17cba2db6a7aededa6c8addbfcc1f0/element/f6a8338a-cd86-4e29-bfe0-8c2a8a7fa342/text'
[DEBUG] 

Request DefaultFullHttpRequest(decodeResult: success, version: HTTP/1.1, content: EmptyByteBufBE)
GET /session/1d17cba2db6a7aededa6c8addbfcc1f0/element/f6a8338a-cd86-4e29-bfe0-8c2a8a7fa342/text HTTP/1.1
User-Agent: selenium/4.6.0 (java windows)
Cache-Control: no-cache
Content-Type: application/json; charset=utf-8
host: localhost:2690
accept: */*

Response DefaultHttpResponse(decodeResult: success, version: HTTP/1.1)
HTTP/1.1 200 OK
Content-Type: application/json; charset=utf-8
cache-control: no-cache
content-length: 22

[DEBUG] Adding key: http://localhost:2690 for channel [id: 0xe5765420, L:/127.0.0.1:59515 - R:localhost/127.0.0.1:2690]
[DEBUG] Using pooled Channel '[id: 0xe5765420, L:/127.0.0.1:59515 - R:localhost/127.0.0.1:2690]' for 'POST' to 'http://localhost:2690/session/1d17cba2db6a7aededa6c8addbfcc1f0/elements'
[DEBUG] Using open Channel [id: 0xe5765420, L:/127.0.0.1:59515 - R:localhost/127.0.0.1:2690] for POST '/session/1d17cba2db6a7aededa6c8addbfcc1f0/elements'
[DEBUG] 

Request DefaultHttpRequest(decodeResult: success, version: HTTP/1.1)
POST /session/1d17cba2db6a7aededa6c8addbfcc1f0/elements HTTP/1.1
User-Agent: selenium/4.6.0 (java windows)
Content-Length: 128
Content-Type: application/json; charset=utf-8
host: localhost:2690
accept: */*

Response DefaultHttpResponse(decodeResult: success, version: HTTP/1.1)
HTTP/1.1 200 OK
Content-Type: application/json; charset=utf-8
cache-control: no-cache
content-length: 90

[DEBUG] Adding key: http://localhost:2690 for channel [id: 0xe5765420, L:/127.0.0.1:59515 - R:localhost/127.0.0.1:2690]
[DEBUG] Using pooled Channel '[id: 0xe5765420, L:/127.0.0.1:59515 - R:localhost/127.0.0.1:2690]' for 'GET' to 'http://localhost:2690/session/1d17cba2db6a7aededa6c8addbfcc1f0/element/0f1f0afb-f340-4f60-a3a1-b22ec7db930e/text'
[DEBUG] Using open Channel [id: 0xe5765420, L:/127.0.0.1:59515 - R:localhost/127.0.0.1:2690] for GET '/session/1d17cba2db6a7aededa6c8addbfcc1f0/element/0f1f0afb-f340-4f60-a3a1-b22ec7db930e/text'
[DEBUG] 

Request DefaultFullHttpRequest(decodeResult: success, version: HTTP/1.1, content: EmptyByteBufBE)
GET /session/1d17cba2db6a7aededa6c8addbfcc1f0/element/0f1f0afb-f340-4f60-a3a1-b22ec7db930e/text HTTP/1.1
User-Agent: selenium/4.6.0 (java windows)
Cache-Control: no-cache
Content-Type: application/json; charset=utf-8
host: localhost:2690
accept: */*

Response DefaultHttpResponse(decodeResult: success, version: HTTP/1.1)
HTTP/1.1 200 OK
Content-Type: application/json; charset=utf-8
cache-control: no-cache
content-length: 28

[DEBUG] Adding key: http://localhost:2690 for channel [id: 0xe5765420, L:/127.0.0.1:59515 - R:localhost/127.0.0.1:2690]
[DEBUG] Using pooled Channel '[id: 0xe5765420, L:/127.0.0.1:59515 - R:localhost/127.0.0.1:2690]' for 'POST' to 'http://localhost:2690/session/1d17cba2db6a7aededa6c8addbfcc1f0/element'
[DEBUG] Using open Channel [id: 0xe5765420, L:/127.0.0.1:59515 - R:localhost/127.0.0.1:2690] for POST '/session/1d17cba2db6a7aededa6c8addbfcc1f0/element'
[DEBUG] 

Request DefaultHttpRequest(decodeResult: success, version: HTTP/1.1)
POST /session/1d17cba2db6a7aededa6c8addbfcc1f0/element HTTP/1.1
User-Agent: selenium/4.6.0 (java windows)
Content-Length: 128
Content-Type: application/json; charset=utf-8
host: localhost:2690
accept: */*

Response DefaultHttpResponse(decodeResult: success, version: HTTP/1.1)
HTTP/1.1 200 OK
Content-Type: application/json; charset=utf-8
cache-control: no-cache
content-length: 88

[DEBUG] Adding key: http://localhost:2690 for channel [id: 0xe5765420, L:/127.0.0.1:59515 - R:localhost/127.0.0.1:2690]
[DEBUG] Using pooled Channel '[id: 0xe5765420, L:/127.0.0.1:59515 - R:localhost/127.0.0.1:2690]' for 'GET' to 'http://localhost:2690/session/1d17cba2db6a7aededa6c8addbfcc1f0/element/6bb22460-38bf-4d38-8850-cd44bc71eb27/text'
[DEBUG] Using open Channel [id: 0xe5765420, L:/127.0.0.1:59515 - R:localhost/127.0.0.1:2690] for GET '/session/1d17cba2db6a7aededa6c8addbfcc1f0/element/6bb22460-38bf-4d38-8850-cd44bc71eb27/text'
[DEBUG] 

Request DefaultFullHttpRequest(decodeResult: success, version: HTTP/1.1, content: EmptyByteBufBE)
GET /session/1d17cba2db6a7aededa6c8addbfcc1f0/element/6bb22460-38bf-4d38-8850-cd44bc71eb27/text HTTP/1.1
User-Agent: selenium/4.6.0 (java windows)
Cache-Control: no-cache
Content-Type: application/json; charset=utf-8
host: localhost:2690
accept: */*

Response DefaultHttpResponse(decodeResult: success, version: HTTP/1.1)
HTTP/1.1 200 OK
Content-Type: application/json; charset=utf-8
cache-control: no-cache
content-length: 28

[DEBUG] Adding key: http://localhost:2690 for channel [id: 0xe5765420, L:/127.0.0.1:59515 - R:localhost/127.0.0.1:2690]
[DEBUG] Using pooled Channel '[id: 0xe5765420, L:/127.0.0.1:59515 - R:localhost/127.0.0.1:2690]' for 'POST' to 'http://localhost:2690/session/1d17cba2db6a7aededa6c8addbfcc1f0/elements'
[DEBUG] Using open Channel [id: 0xe5765420, L:/127.0.0.1:59515 - R:localhost/127.0.0.1:2690] for POST '/session/1d17cba2db6a7aededa6c8addbfcc1f0/elements'
[DEBUG] 

Request DefaultHttpRequest(decodeResult: success, version: HTTP/1.1)
POST /session/1d17cba2db6a7aededa6c8addbfcc1f0/elements HTTP/1.1
User-Agent: selenium/4.6.0 (java windows)
Content-Length: 128
Content-Type: application/json; charset=utf-8
host: localhost:2690
accept: */*

Response DefaultHttpResponse(decodeResult: success, version: HTTP/1.1)
HTTP/1.1 200 OK
Content-Type: application/json; charset=utf-8
cache-control: no-cache
content-length: 90

[DEBUG] Adding key: http://localhost:2690 for channel [id: 0xe5765420, L:/127.0.0.1:59515 - R:localhost/127.0.0.1:2690]
[DEBUG] Using pooled Channel '[id: 0xe5765420, L:/127.0.0.1:59515 - R:localhost/127.0.0.1:2690]' for 'GET' to 'http://localhost:2690/session/1d17cba2db6a7aededa6c8addbfcc1f0/element/886aded8-54f1-4f48-84a4-89105ac712fd/text'
[DEBUG] Using open Channel [id: 0xe5765420, L:/127.0.0.1:59515 - R:localhost/127.0.0.1:2690] for GET '/session/1d17cba2db6a7aededa6c8addbfcc1f0/element/886aded8-54f1-4f48-84a4-89105ac712fd/text'
[DEBUG] 

Request DefaultFullHttpRequest(decodeResult: success, version: HTTP/1.1, content: EmptyByteBufBE)
GET /session/1d17cba2db6a7aededa6c8addbfcc1f0/element/886aded8-54f1-4f48-84a4-89105ac712fd/text HTTP/1.1
User-Agent: selenium/4.6.0 (java windows)
Cache-Control: no-cache
Content-Type: application/json; charset=utf-8
host: localhost:2690
accept: */*

Response DefaultHttpResponse(decodeResult: success, version: HTTP/1.1)
HTTP/1.1 200 OK
Content-Type: application/json; charset=utf-8
cache-control: no-cache
content-length: 23

[DEBUG] Adding key: http://localhost:2690 for channel [id: 0xe5765420, L:/127.0.0.1:59515 - R:localhost/127.0.0.1:2690]
[DEBUG] Using pooled Channel '[id: 0xe5765420, L:/127.0.0.1:59515 - R:localhost/127.0.0.1:2690]' for 'POST' to 'http://localhost:2690/session/1d17cba2db6a7aededa6c8addbfcc1f0/elements'
[DEBUG] Using open Channel [id: 0xe5765420, L:/127.0.0.1:59515 - R:localhost/127.0.0.1:2690] for POST '/session/1d17cba2db6a7aededa6c8addbfcc1f0/elements'
[DEBUG] 

Request DefaultHttpRequest(decodeResult: success, version: HTTP/1.1)
POST /session/1d17cba2db6a7aededa6c8addbfcc1f0/elements HTTP/1.1
User-Agent: selenium/4.6.0 (java windows)
Content-Length: 128
Content-Type: application/json; charset=utf-8
host: localhost:2690
accept: */*

Response DefaultHttpResponse(decodeResult: success, version: HTTP/1.1)
HTTP/1.1 200 OK
Content-Type: application/json; charset=utf-8
cache-control: no-cache
content-length: 90

[DEBUG] Adding key: http://localhost:2690 for channel [id: 0xe5765420, L:/127.0.0.1:59515 - R:localhost/127.0.0.1:2690]
[DEBUG] Using pooled Channel '[id: 0xe5765420, L:/127.0.0.1:59515 - R:localhost/127.0.0.1:2690]' for 'GET' to 'http://localhost:2690/session/1d17cba2db6a7aededa6c8addbfcc1f0/element/62558679-07ac-430b-92ef-7194bcca9711/text'
[DEBUG] Using open Channel [id: 0xe5765420, L:/127.0.0.1:59515 - R:localhost/127.0.0.1:2690] for GET '/session/1d17cba2db6a7aededa6c8addbfcc1f0/element/62558679-07ac-430b-92ef-7194bcca9711/text'
[DEBUG] 

Request DefaultFullHttpRequest(decodeResult: success, version: HTTP/1.1, content: EmptyByteBufBE)
GET /session/1d17cba2db6a7aededa6c8addbfcc1f0/element/62558679-07ac-430b-92ef-7194bcca9711/text HTTP/1.1
User-Agent: selenium/4.6.0 (java windows)
Cache-Control: no-cache
Content-Type: application/json; charset=utf-8
host: localhost:2690
accept: */*

Response DefaultHttpResponse(decodeResult: success, version: HTTP/1.1)
HTTP/1.1 200 OK
Content-Type: application/json; charset=utf-8
cache-control: no-cache
content-length: 19

[DEBUG] Adding key: http://localhost:2690 for channel [id: 0xe5765420, L:/127.0.0.1:59515 - R:localhost/127.0.0.1:2690]
[DEBUG] Using pooled Channel '[id: 0xe5765420, L:/127.0.0.1:59515 - R:localhost/127.0.0.1:2690]' for 'POST' to 'http://localhost:2690/session/1d17cba2db6a7aededa6c8addbfcc1f0/elements'
[DEBUG] Using open Channel [id: 0xe5765420, L:/127.0.0.1:59515 - R:localhost/127.0.0.1:2690] for POST '/session/1d17cba2db6a7aededa6c8addbfcc1f0/elements'
[DEBUG] 

Request DefaultHttpRequest(decodeResult: success, version: HTTP/1.1)
POST /session/1d17cba2db6a7aededa6c8addbfcc1f0/elements HTTP/1.1
User-Agent: selenium/4.6.0 (java windows)
Content-Length: 128
Content-Type: application/json; charset=utf-8
host: localhost:2690
accept: */*

Response DefaultHttpResponse(decodeResult: success, version: HTTP/1.1)
HTTP/1.1 200 OK
Content-Type: application/json; charset=utf-8
cache-control: no-cache
content-length: 90

[DEBUG] Adding key: http://localhost:2690 for channel [id: 0xe5765420, L:/127.0.0.1:59515 - R:localhost/127.0.0.1:2690]
[DEBUG] Using pooled Channel '[id: 0xe5765420, L:/127.0.0.1:59515 - R:localhost/127.0.0.1:2690]' for 'GET' to 'http://localhost:2690/session/1d17cba2db6a7aededa6c8addbfcc1f0/element/755d4677-0352-4f81-84e8-1ec4bdcd2f80/text'
[DEBUG] Using open Channel [id: 0xe5765420, L:/127.0.0.1:59515 - R:localhost/127.0.0.1:2690] for GET '/session/1d17cba2db6a7aededa6c8addbfcc1f0/element/755d4677-0352-4f81-84e8-1ec4bdcd2f80/text'
[DEBUG] 

Request DefaultFullHttpRequest(decodeResult: success, version: HTTP/1.1, content: EmptyByteBufBE)
GET /session/1d17cba2db6a7aededa6c8addbfcc1f0/element/755d4677-0352-4f81-84e8-1ec4bdcd2f80/text HTTP/1.1
User-Agent: selenium/4.6.0 (java windows)
Cache-Control: no-cache
Content-Type: application/json; charset=utf-8
host: localhost:2690
accept: */*

Response DefaultHttpResponse(decodeResult: success, version: HTTP/1.1)
HTTP/1.1 200 OK
Content-Type: application/json; charset=utf-8
cache-control: no-cache
content-length: 30

[DEBUG] Adding key: http://localhost:2690 for channel [id: 0xe5765420, L:/127.0.0.1:59515 - R:localhost/127.0.0.1:2690]
[DEBUG] Using pooled Channel '[id: 0xe5765420, L:/127.0.0.1:59515 - R:localhost/127.0.0.1:2690]' for 'POST' to 'http://localhost:2690/session/1d17cba2db6a7aededa6c8addbfcc1f0/elements'
[DEBUG] Using open Channel [id: 0xe5765420, L:/127.0.0.1:59515 - R:localhost/127.0.0.1:2690] for POST '/session/1d17cba2db6a7aededa6c8addbfcc1f0/elements'
[DEBUG] 

Request DefaultHttpRequest(decodeResult: success, version: HTTP/1.1)
POST /session/1d17cba2db6a7aededa6c8addbfcc1f0/elements HTTP/1.1
User-Agent: selenium/4.6.0 (java windows)
Content-Length: 128
Content-Type: application/json; charset=utf-8
host: localhost:2690
accept: */*

Response DefaultHttpResponse(decodeResult: success, version: HTTP/1.1)
HTTP/1.1 200 OK
Content-Type: application/json; charset=utf-8
cache-control: no-cache
content-length: 90

[DEBUG] Adding key: http://localhost:2690 for channel [id: 0xe5765420, L:/127.0.0.1:59515 - R:localhost/127.0.0.1:2690]
[DEBUG] Using pooled Channel '[id: 0xe5765420, L:/127.0.0.1:59515 - R:localhost/127.0.0.1:2690]' for 'GET' to 'http://localhost:2690/session/1d17cba2db6a7aededa6c8addbfcc1f0/element/6bb22460-38bf-4d38-8850-cd44bc71eb27/text'
[DEBUG] Using open Channel [id: 0xe5765420, L:/127.0.0.1:59515 - R:localhost/127.0.0.1:2690] for GET '/session/1d17cba2db6a7aededa6c8addbfcc1f0/element/6bb22460-38bf-4d38-8850-cd44bc71eb27/text'
[DEBUG] 

Request DefaultFullHttpRequest(decodeResult: success, version: HTTP/1.1, content: EmptyByteBufBE)
GET /session/1d17cba2db6a7aededa6c8addbfcc1f0/element/6bb22460-38bf-4d38-8850-cd44bc71eb27/text HTTP/1.1
User-Agent: selenium/4.6.0 (java windows)
Cache-Control: no-cache
Content-Type: application/json; charset=utf-8
host: localhost:2690
accept: */*

Response DefaultHttpResponse(decodeResult: success, version: HTTP/1.1)
HTTP/1.1 200 OK
Content-Type: application/json; charset=utf-8
cache-control: no-cache
content-length: 28

[DEBUG] Adding key: http://localhost:2690 for channel [id: 0xe5765420, L:/127.0.0.1:59515 - R:localhost/127.0.0.1:2690]
[DEBUG] Using pooled Channel '[id: 0xe5765420, L:/127.0.0.1:59515 - R:localhost/127.0.0.1:2690]' for 'POST' to 'http://localhost:2690/session/1d17cba2db6a7aededa6c8addbfcc1f0/element'
[DEBUG] Using open Channel [id: 0xe5765420, L:/127.0.0.1:59515 - R:localhost/127.0.0.1:2690] for POST '/session/1d17cba2db6a7aededa6c8addbfcc1f0/element'
[DEBUG] 

Request DefaultHttpRequest(decodeResult: success, version: HTTP/1.1)
POST /session/1d17cba2db6a7aededa6c8addbfcc1f0/element HTTP/1.1
User-Agent: selenium/4.6.0 (java windows)
Content-Length: 128
Content-Type: application/json; charset=utf-8
host: localhost:2690
accept: */*

Response DefaultHttpResponse(decodeResult: success, version: HTTP/1.1)
HTTP/1.1 200 OK
Content-Type: application/json; charset=utf-8
cache-control: no-cache
content-length: 88

[DEBUG] Adding key: http://localhost:2690 for channel [id: 0xe5765420, L:/127.0.0.1:59515 - R:localhost/127.0.0.1:2690]
[DEBUG] Using pooled Channel '[id: 0xe5765420, L:/127.0.0.1:59515 - R:localhost/127.0.0.1:2690]' for 'GET' to 'http://localhost:2690/session/1d17cba2db6a7aededa6c8addbfcc1f0/element/fc656d56-cc9d-4d16-b02c-36aa25c22dc9/text'
[DEBUG] Using open Channel [id: 0xe5765420, L:/127.0.0.1:59515 - R:localhost/127.0.0.1:2690] for GET '/session/1d17cba2db6a7aededa6c8addbfcc1f0/element/fc656d56-cc9d-4d16-b02c-36aa25c22dc9/text'
[DEBUG] 

Request DefaultFullHttpRequest(decodeResult: success, version: HTTP/1.1, content: EmptyByteBufBE)
GET /session/1d17cba2db6a7aededa6c8addbfcc1f0/element/fc656d56-cc9d-4d16-b02c-36aa25c22dc9/text HTTP/1.1
User-Agent: selenium/4.6.0 (java windows)
Cache-Control: no-cache
Content-Type: application/json; charset=utf-8
host: localhost:2690
accept: */*

Response DefaultHttpResponse(decodeResult: success, version: HTTP/1.1)
HTTP/1.1 200 OK
Content-Type: application/json; charset=utf-8
cache-control: no-cache
content-length: 28

[DEBUG] Adding key: http://localhost:2690 for channel [id: 0xe5765420, L:/127.0.0.1:59515 - R:localhost/127.0.0.1:2690]
[DEBUG] Using pooled Channel '[id: 0xe5765420, L:/127.0.0.1:59515 - R:localhost/127.0.0.1:2690]' for 'POST' to 'http://localhost:2690/session/1d17cba2db6a7aededa6c8addbfcc1f0/elements'
[DEBUG] Using open Channel [id: 0xe5765420, L:/127.0.0.1:59515 - R:localhost/127.0.0.1:2690] for POST '/session/1d17cba2db6a7aededa6c8addbfcc1f0/elements'
[DEBUG] 

Request DefaultHttpRequest(decodeResult: success, version: HTTP/1.1)
POST /session/1d17cba2db6a7aededa6c8addbfcc1f0/elements HTTP/1.1
User-Agent: selenium/4.6.0 (java windows)
Content-Length: 128
Content-Type: application/json; charset=utf-8
host: localhost:2690
accept: */*

Response DefaultHttpResponse(decodeResult: success, version: HTTP/1.1)
HTTP/1.1 200 OK
Content-Type: application/json; charset=utf-8
cache-control: no-cache
content-length: 90

[DEBUG] Adding key: http://localhost:2690 for channel [id: 0xe5765420, L:/127.0.0.1:59515 - R:localhost/127.0.0.1:2690]
[DEBUG] Using pooled Channel '[id: 0xe5765420, L:/127.0.0.1:59515 - R:localhost/127.0.0.1:2690]' for 'GET' to 'http://localhost:2690/session/1d17cba2db6a7aededa6c8addbfcc1f0/element/f27473f0-9ae9-46b9-8e5b-0b63fe6f989c/text'
[DEBUG] Using open Channel [id: 0xe5765420, L:/127.0.0.1:59515 - R:localhost/127.0.0.1:2690] for GET '/session/1d17cba2db6a7aededa6c8addbfcc1f0/element/f27473f0-9ae9-46b9-8e5b-0b63fe6f989c/text'
[DEBUG] 

Request DefaultFullHttpRequest(decodeResult: success, version: HTTP/1.1, content: EmptyByteBufBE)
GET /session/1d17cba2db6a7aededa6c8addbfcc1f0/element/f27473f0-9ae9-46b9-8e5b-0b63fe6f989c/text HTTP/1.1
User-Agent: selenium/4.6.0 (java windows)
Cache-Control: no-cache
Content-Type: application/json; charset=utf-8
host: localhost:2690
accept: */*

Response DefaultHttpResponse(decodeResult: success, version: HTTP/1.1)
HTTP/1.1 200 OK
Content-Type: application/json; charset=utf-8
cache-control: no-cache
content-length: 23

[DEBUG] Adding key: http://localhost:2690 for channel [id: 0xe5765420, L:/127.0.0.1:59515 - R:localhost/127.0.0.1:2690]
[DEBUG] Using pooled Channel '[id: 0xe5765420, L:/127.0.0.1:59515 - R:localhost/127.0.0.1:2690]' for 'POST' to 'http://localhost:2690/session/1d17cba2db6a7aededa6c8addbfcc1f0/elements'
[DEBUG] Using open Channel [id: 0xe5765420, L:/127.0.0.1:59515 - R:localhost/127.0.0.1:2690] for POST '/session/1d17cba2db6a7aededa6c8addbfcc1f0/elements'
[DEBUG] 

Request DefaultHttpRequest(decodeResult: success, version: HTTP/1.1)
POST /session/1d17cba2db6a7aededa6c8addbfcc1f0/elements HTTP/1.1
User-Agent: selenium/4.6.0 (java windows)
Content-Length: 128
Content-Type: application/json; charset=utf-8
host: localhost:2690
accept: */*

Response DefaultHttpResponse(decodeResult: success, version: HTTP/1.1)
HTTP/1.1 200 OK
Content-Type: application/json; charset=utf-8
cache-control: no-cache
content-length: 90

[DEBUG] Adding key: http://localhost:2690 for channel [id: 0xe5765420, L:/127.0.0.1:59515 - R:localhost/127.0.0.1:2690]
[DEBUG] Using pooled Channel '[id: 0xe5765420, L:/127.0.0.1:59515 - R:localhost/127.0.0.1:2690]' for 'GET' to 'http://localhost:2690/session/1d17cba2db6a7aededa6c8addbfcc1f0/element/cf4ccd67-9d25-4787-8947-7b93ed8f3d58/text'
[DEBUG] Using open Channel [id: 0xe5765420, L:/127.0.0.1:59515 - R:localhost/127.0.0.1:2690] for GET '/session/1d17cba2db6a7aededa6c8addbfcc1f0/element/cf4ccd67-9d25-4787-8947-7b93ed8f3d58/text'
[DEBUG] 

Request DefaultFullHttpRequest(decodeResult: success, version: HTTP/1.1, content: EmptyByteBufBE)
GET /session/1d17cba2db6a7aededa6c8addbfcc1f0/element/cf4ccd67-9d25-4787-8947-7b93ed8f3d58/text HTTP/1.1
User-Agent: selenium/4.6.0 (java windows)
Cache-Control: no-cache
Content-Type: application/json; charset=utf-8
host: localhost:2690
accept: */*

Response DefaultHttpResponse(decodeResult: success, version: HTTP/1.1)
HTTP/1.1 200 OK
Content-Type: application/json; charset=utf-8
cache-control: no-cache
content-length: 21

[DEBUG] Adding key: http://localhost:2690 for channel [id: 0xe5765420, L:/127.0.0.1:59515 - R:localhost/127.0.0.1:2690]
[DEBUG] Using pooled Channel '[id: 0xe5765420, L:/127.0.0.1:59515 - R:localhost/127.0.0.1:2690]' for 'POST' to 'http://localhost:2690/session/1d17cba2db6a7aededa6c8addbfcc1f0/elements'
[DEBUG] Using open Channel [id: 0xe5765420, L:/127.0.0.1:59515 - R:localhost/127.0.0.1:2690] for POST '/session/1d17cba2db6a7aededa6c8addbfcc1f0/elements'
[DEBUG] 

Request DefaultHttpRequest(decodeResult: success, version: HTTP/1.1)
POST /session/1d17cba2db6a7aededa6c8addbfcc1f0/elements HTTP/1.1
User-Agent: selenium/4.6.0 (java windows)
Content-Length: 128
Content-Type: application/json; charset=utf-8
host: localhost:2690
accept: */*

Response DefaultHttpResponse(decodeResult: success, version: HTTP/1.1)
HTTP/1.1 200 OK
Content-Type: application/json; charset=utf-8
cache-control: no-cache
content-length: 90

[DEBUG] Adding key: http://localhost:2690 for channel [id: 0xe5765420, L:/127.0.0.1:59515 - R:localhost/127.0.0.1:2690]
[DEBUG] Using pooled Channel '[id: 0xe5765420, L:/127.0.0.1:59515 - R:localhost/127.0.0.1:2690]' for 'GET' to 'http://localhost:2690/session/1d17cba2db6a7aededa6c8addbfcc1f0/element/8cdc885b-bcb7-4737-a0fa-ff7efd07da58/text'
[DEBUG] Using open Channel [id: 0xe5765420, L:/127.0.0.1:59515 - R:localhost/127.0.0.1:2690] for GET '/session/1d17cba2db6a7aededa6c8addbfcc1f0/element/8cdc885b-bcb7-4737-a0fa-ff7efd07da58/text'
[DEBUG] 

Request DefaultFullHttpRequest(decodeResult: success, version: HTTP/1.1, content: EmptyByteBufBE)
GET /session/1d17cba2db6a7aededa6c8addbfcc1f0/element/8cdc885b-bcb7-4737-a0fa-ff7efd07da58/text HTTP/1.1
User-Agent: selenium/4.6.0 (java windows)
Cache-Control: no-cache
Content-Type: application/json; charset=utf-8
host: localhost:2690
accept: */*

Response DefaultHttpResponse(decodeResult: success, version: HTTP/1.1)
HTTP/1.1 200 OK
Content-Type: application/json; charset=utf-8
cache-control: no-cache
content-length: 17

[DEBUG] Adding key: http://localhost:2690 for channel [id: 0xe5765420, L:/127.0.0.1:59515 - R:localhost/127.0.0.1:2690]
[DEBUG] Using pooled Channel '[id: 0xe5765420, L:/127.0.0.1:59515 - R:localhost/127.0.0.1:2690]' for 'POST' to 'http://localhost:2690/session/1d17cba2db6a7aededa6c8addbfcc1f0/elements'
[DEBUG] Using open Channel [id: 0xe5765420, L:/127.0.0.1:59515 - R:localhost/127.0.0.1:2690] for POST '/session/1d17cba2db6a7aededa6c8addbfcc1f0/elements'
[DEBUG] 

Request DefaultHttpRequest(decodeResult: success, version: HTTP/1.1)
POST /session/1d17cba2db6a7aededa6c8addbfcc1f0/elements HTTP/1.1
User-Agent: selenium/4.6.0 (java windows)
Content-Length: 128
Content-Type: application/json; charset=utf-8
host: localhost:2690
accept: */*

Response DefaultHttpResponse(decodeResult: success, version: HTTP/1.1)
HTTP/1.1 200 OK
Content-Type: application/json; charset=utf-8
cache-control: no-cache
content-length: 90

[DEBUG] Adding key: http://localhost:2690 for channel [id: 0xe5765420, L:/127.0.0.1:59515 - R:localhost/127.0.0.1:2690]
[DEBUG] Using pooled Channel '[id: 0xe5765420, L:/127.0.0.1:59515 - R:localhost/127.0.0.1:2690]' for 'GET' to 'http://localhost:2690/session/1d17cba2db6a7aededa6c8addbfcc1f0/element/fc656d56-cc9d-4d16-b02c-36aa25c22dc9/text'
[DEBUG] Using open Channel [id: 0xe5765420, L:/127.0.0.1:59515 - R:localhost/127.0.0.1:2690] for GET '/session/1d17cba2db6a7aededa6c8addbfcc1f0/element/fc656d56-cc9d-4d16-b02c-36aa25c22dc9/text'
[DEBUG] 

Request DefaultFullHttpRequest(decodeResult: success, version: HTTP/1.1, content: EmptyByteBufBE)
GET /session/1d17cba2db6a7aededa6c8addbfcc1f0/element/fc656d56-cc9d-4d16-b02c-36aa25c22dc9/text HTTP/1.1
User-Agent: selenium/4.6.0 (java windows)
Cache-Control: no-cache
Content-Type: application/json; charset=utf-8
host: localhost:2690
accept: */*

Response DefaultHttpResponse(decodeResult: success, version: HTTP/1.1)
HTTP/1.1 200 OK
Content-Type: application/json; charset=utf-8
cache-control: no-cache
content-length: 28

[DEBUG] Adding key: http://localhost:2690 for channel [id: 0xe5765420, L:/127.0.0.1:59515 - R:localhost/127.0.0.1:2690]
[DEBUG] Using pooled Channel '[id: 0xe5765420, L:/127.0.0.1:59515 - R:localhost/127.0.0.1:2690]' for 'POST' to 'http://localhost:2690/session/1d17cba2db6a7aededa6c8addbfcc1f0/element'
[DEBUG] Using open Channel [id: 0xe5765420, L:/127.0.0.1:59515 - R:localhost/127.0.0.1:2690] for POST '/session/1d17cba2db6a7aededa6c8addbfcc1f0/element'
[DEBUG] 

Request DefaultHttpRequest(decodeResult: success, version: HTTP/1.1)
POST /session/1d17cba2db6a7aededa6c8addbfcc1f0/element HTTP/1.1
User-Agent: selenium/4.6.0 (java windows)
Content-Length: 128
Content-Type: application/json; charset=utf-8
host: localhost:2690
accept: */*

Response DefaultHttpResponse(decodeResult: success, version: HTTP/1.1)
HTTP/1.1 200 OK
Content-Type: application/json; charset=utf-8
cache-control: no-cache
content-length: 88

[DEBUG] Adding key: http://localhost:2690 for channel [id: 0xe5765420, L:/127.0.0.1:59515 - R:localhost/127.0.0.1:2690]
[DEBUG] Using pooled Channel '[id: 0xe5765420, L:/127.0.0.1:59515 - R:localhost/127.0.0.1:2690]' for 'GET' to 'http://localhost:2690/session/1d17cba2db6a7aededa6c8addbfcc1f0/element/7940c95d-7d60-47df-850a-aa0718c27123/text'
[DEBUG] Using open Channel [id: 0xe5765420, L:/127.0.0.1:59515 - R:localhost/127.0.0.1:2690] for GET '/session/1d17cba2db6a7aededa6c8addbfcc1f0/element/7940c95d-7d60-47df-850a-aa0718c27123/text'
[DEBUG] 

Request DefaultFullHttpRequest(decodeResult: success, version: HTTP/1.1, content: EmptyByteBufBE)
GET /session/1d17cba2db6a7aededa6c8addbfcc1f0/element/7940c95d-7d60-47df-850a-aa0718c27123/text HTTP/1.1
User-Agent: selenium/4.6.0 (java windows)
Cache-Control: no-cache
Content-Type: application/json; charset=utf-8
host: localhost:2690
accept: */*

Response DefaultHttpResponse(decodeResult: success, version: HTTP/1.1)
HTTP/1.1 200 OK
Content-Type: application/json; charset=utf-8
cache-control: no-cache
content-length: 28

[DEBUG] Adding key: http://localhost:2690 for channel [id: 0xe5765420, L:/127.0.0.1:59515 - R:localhost/127.0.0.1:2690]
[DEBUG] Using pooled Channel '[id: 0xe5765420, L:/127.0.0.1:59515 - R:localhost/127.0.0.1:2690]' for 'POST' to 'http://localhost:2690/session/1d17cba2db6a7aededa6c8addbfcc1f0/elements'
[DEBUG] Using open Channel [id: 0xe5765420, L:/127.0.0.1:59515 - R:localhost/127.0.0.1:2690] for POST '/session/1d17cba2db6a7aededa6c8addbfcc1f0/elements'
[DEBUG] 

Request DefaultHttpRequest(decodeResult: success, version: HTTP/1.1)
POST /session/1d17cba2db6a7aededa6c8addbfcc1f0/elements HTTP/1.1
User-Agent: selenium/4.6.0 (java windows)
Content-Length: 128
Content-Type: application/json; charset=utf-8
host: localhost:2690
accept: */*

Response DefaultHttpResponse(decodeResult: success, version: HTTP/1.1)
HTTP/1.1 200 OK
Content-Type: application/json; charset=utf-8
cache-control: no-cache
content-length: 90

[DEBUG] Adding key: http://localhost:2690 for channel [id: 0xe5765420, L:/127.0.0.1:59515 - R:localhost/127.0.0.1:2690]
[DEBUG] Using pooled Channel '[id: 0xe5765420, L:/127.0.0.1:59515 - R:localhost/127.0.0.1:2690]' for 'GET' to 'http://localhost:2690/session/1d17cba2db6a7aededa6c8addbfcc1f0/element/0aca8d4b-faf7-44c5-bbca-26aa12debb2b/text'
[DEBUG] Using open Channel [id: 0xe5765420, L:/127.0.0.1:59515 - R:localhost/127.0.0.1:2690] for GET '/session/1d17cba2db6a7aededa6c8addbfcc1f0/element/0aca8d4b-faf7-44c5-bbca-26aa12debb2b/text'
[DEBUG] 

Request DefaultFullHttpRequest(decodeResult: success, version: HTTP/1.1, content: EmptyByteBufBE)
GET /session/1d17cba2db6a7aededa6c8addbfcc1f0/element/0aca8d4b-faf7-44c5-bbca-26aa12debb2b/text HTTP/1.1
User-Agent: selenium/4.6.0 (java windows)
Cache-Control: no-cache
Content-Type: application/json; charset=utf-8
host: localhost:2690
accept: */*

Response DefaultHttpResponse(decodeResult: success, version: HTTP/1.1)
HTTP/1.1 200 OK
Content-Type: application/json; charset=utf-8
cache-control: no-cache
content-length: 23

[DEBUG] Adding key: http://localhost:2690 for channel [id: 0xe5765420, L:/127.0.0.1:59515 - R:localhost/127.0.0.1:2690]
[DEBUG] Using pooled Channel '[id: 0xe5765420, L:/127.0.0.1:59515 - R:localhost/127.0.0.1:2690]' for 'POST' to 'http://localhost:2690/session/1d17cba2db6a7aededa6c8addbfcc1f0/elements'
[DEBUG] Using open Channel [id: 0xe5765420, L:/127.0.0.1:59515 - R:localhost/127.0.0.1:2690] for POST '/session/1d17cba2db6a7aededa6c8addbfcc1f0/elements'
[DEBUG] 

Request DefaultHttpRequest(decodeResult: success, version: HTTP/1.1)
POST /session/1d17cba2db6a7aededa6c8addbfcc1f0/elements HTTP/1.1
User-Agent: selenium/4.6.0 (java windows)
Content-Length: 128
Content-Type: application/json; charset=utf-8
host: localhost:2690
accept: */*

Response DefaultHttpResponse(decodeResult: success, version: HTTP/1.1)
HTTP/1.1 200 OK
Content-Type: application/json; charset=utf-8
cache-control: no-cache
content-length: 90

[DEBUG] Adding key: http://localhost:2690 for channel [id: 0xe5765420, L:/127.0.0.1:59515 - R:localhost/127.0.0.1:2690]
[DEBUG] Using pooled Channel '[id: 0xe5765420, L:/127.0.0.1:59515 - R:localhost/127.0.0.1:2690]' for 'GET' to 'http://localhost:2690/session/1d17cba2db6a7aededa6c8addbfcc1f0/element/fbad737e-9839-4ba7-ad43-62c1d4efbf27/text'
[DEBUG] Using open Channel [id: 0xe5765420, L:/127.0.0.1:59515 - R:localhost/127.0.0.1:2690] for GET '/session/1d17cba2db6a7aededa6c8addbfcc1f0/element/fbad737e-9839-4ba7-ad43-62c1d4efbf27/text'
[DEBUG] 

Request DefaultFullHttpRequest(decodeResult: success, version: HTTP/1.1, content: EmptyByteBufBE)
GET /session/1d17cba2db6a7aededa6c8addbfcc1f0/element/fbad737e-9839-4ba7-ad43-62c1d4efbf27/text HTTP/1.1
User-Agent: selenium/4.6.0 (java windows)
Cache-Control: no-cache
Content-Type: application/json; charset=utf-8
host: localhost:2690
accept: */*

Response DefaultHttpResponse(decodeResult: success, version: HTTP/1.1)
HTTP/1.1 200 OK
Content-Type: application/json; charset=utf-8
cache-control: no-cache
content-length: 20

[DEBUG] Adding key: http://localhost:2690 for channel [id: 0xe5765420, L:/127.0.0.1:59515 - R:localhost/127.0.0.1:2690]
[DEBUG] Using pooled Channel '[id: 0xe5765420, L:/127.0.0.1:59515 - R:localhost/127.0.0.1:2690]' for 'POST' to 'http://localhost:2690/session/1d17cba2db6a7aededa6c8addbfcc1f0/elements'
[DEBUG] Using open Channel [id: 0xe5765420, L:/127.0.0.1:59515 - R:localhost/127.0.0.1:2690] for POST '/session/1d17cba2db6a7aededa6c8addbfcc1f0/elements'
[DEBUG] 

Request DefaultHttpRequest(decodeResult: success, version: HTTP/1.1)
POST /session/1d17cba2db6a7aededa6c8addbfcc1f0/elements HTTP/1.1
User-Agent: selenium/4.6.0 (java windows)
Content-Length: 128
Content-Type: application/json; charset=utf-8
host: localhost:2690
accept: */*

Response DefaultHttpResponse(decodeResult: success, version: HTTP/1.1)
HTTP/1.1 200 OK
Content-Type: application/json; charset=utf-8
cache-control: no-cache
content-length: 90

[DEBUG] Adding key: http://localhost:2690 for channel [id: 0xe5765420, L:/127.0.0.1:59515 - R:localhost/127.0.0.1:2690]
[DEBUG] Using pooled Channel '[id: 0xe5765420, L:/127.0.0.1:59515 - R:localhost/127.0.0.1:2690]' for 'GET' to 'http://localhost:2690/session/1d17cba2db6a7aededa6c8addbfcc1f0/element/4dfff729-9b35-4cc3-8596-9ebbb9759f74/text'
[DEBUG] Using open Channel [id: 0xe5765420, L:/127.0.0.1:59515 - R:localhost/127.0.0.1:2690] for GET '/session/1d17cba2db6a7aededa6c8addbfcc1f0/element/4dfff729-9b35-4cc3-8596-9ebbb9759f74/text'
[DEBUG] 

Request DefaultFullHttpRequest(decodeResult: success, version: HTTP/1.1, content: EmptyByteBufBE)
GET /session/1d17cba2db6a7aededa6c8addbfcc1f0/element/4dfff729-9b35-4cc3-8596-9ebbb9759f74/text HTTP/1.1
User-Agent: selenium/4.6.0 (java windows)
Cache-Control: no-cache
Content-Type: application/json; charset=utf-8
host: localhost:2690
accept: */*

Response DefaultHttpResponse(decodeResult: success, version: HTTP/1.1)
HTTP/1.1 200 OK
Content-Type: application/json; charset=utf-8
cache-control: no-cache
content-length: 27

[DEBUG] Adding key: http://localhost:2690 for channel [id: 0xe5765420, L:/127.0.0.1:59515 - R:localhost/127.0.0.1:2690]
[DEBUG] Using pooled Channel '[id: 0xe5765420, L:/127.0.0.1:59515 - R:localhost/127.0.0.1:2690]' for 'POST' to 'http://localhost:2690/session/1d17cba2db6a7aededa6c8addbfcc1f0/elements'
[DEBUG] Using open Channel [id: 0xe5765420, L:/127.0.0.1:59515 - R:localhost/127.0.0.1:2690] for POST '/session/1d17cba2db6a7aededa6c8addbfcc1f0/elements'
[DEBUG] 

Request DefaultHttpRequest(decodeResult: success, version: HTTP/1.1)
POST /session/1d17cba2db6a7aededa6c8addbfcc1f0/elements HTTP/1.1
User-Agent: selenium/4.6.0 (java windows)
Content-Length: 128
Content-Type: application/json; charset=utf-8
host: localhost:2690
accept: */*

Response DefaultHttpResponse(decodeResult: success, version: HTTP/1.1)
HTTP/1.1 200 OK
Content-Type: application/json; charset=utf-8
cache-control: no-cache
content-length: 90

[DEBUG] Adding key: http://localhost:2690 for channel [id: 0xe5765420, L:/127.0.0.1:59515 - R:localhost/127.0.0.1:2690]
[DEBUG] Using pooled Channel '[id: 0xe5765420, L:/127.0.0.1:59515 - R:localhost/127.0.0.1:2690]' for 'GET' to 'http://localhost:2690/session/1d17cba2db6a7aededa6c8addbfcc1f0/element/7940c95d-7d60-47df-850a-aa0718c27123/text'
[DEBUG] Using open Channel [id: 0xe5765420, L:/127.0.0.1:59515 - R:localhost/127.0.0.1:2690] for GET '/session/1d17cba2db6a7aededa6c8addbfcc1f0/element/7940c95d-7d60-47df-850a-aa0718c27123/text'
[DEBUG] 

Request DefaultFullHttpRequest(decodeResult: success, version: HTTP/1.1, content: EmptyByteBufBE)
GET /session/1d17cba2db6a7aededa6c8addbfcc1f0/element/7940c95d-7d60-47df-850a-aa0718c27123/text HTTP/1.1
User-Agent: selenium/4.6.0 (java windows)
Cache-Control: no-cache
Content-Type: application/json; charset=utf-8
host: localhost:2690
accept: */*

Response DefaultHttpResponse(decodeResult: success, version: HTTP/1.1)
HTTP/1.1 200 OK
Content-Type: application/json; charset=utf-8
cache-control: no-cache
content-length: 28

[DEBUG] Adding key: http://localhost:2690 for channel [id: 0xe5765420, L:/127.0.0.1:59515 - R:localhost/127.0.0.1:2690]
[DEBUG] Using pooled Channel '[id: 0xe5765420, L:/127.0.0.1:59515 - R:localhost/127.0.0.1:2690]' for 'POST' to 'http://localhost:2690/session/1d17cba2db6a7aededa6c8addbfcc1f0/element'
[DEBUG] Using open Channel [id: 0xe5765420, L:/127.0.0.1:59515 - R:localhost/127.0.0.1:2690] for POST '/session/1d17cba2db6a7aededa6c8addbfcc1f0/element'
[DEBUG] 

Request DefaultHttpRequest(decodeResult: success, version: HTTP/1.1)
POST /session/1d17cba2db6a7aededa6c8addbfcc1f0/element HTTP/1.1
User-Agent: selenium/4.6.0 (java windows)
Content-Length: 128
Content-Type: application/json; charset=utf-8
host: localhost:2690
accept: */*

Response DefaultHttpResponse(decodeResult: success, version: HTTP/1.1)
HTTP/1.1 200 OK
Content-Type: application/json; charset=utf-8
cache-control: no-cache
content-length: 88

[DEBUG] Adding key: http://localhost:2690 for channel [id: 0xe5765420, L:/127.0.0.1:59515 - R:localhost/127.0.0.1:2690]
[DEBUG] Using pooled Channel '[id: 0xe5765420, L:/127.0.0.1:59515 - R:localhost/127.0.0.1:2690]' for 'GET' to 'http://localhost:2690/session/1d17cba2db6a7aededa6c8addbfcc1f0/element/dcebd84f-3cbe-43e0-8a1a-52230bfa3c5b/text'
[DEBUG] Using open Channel [id: 0xe5765420, L:/127.0.0.1:59515 - R:localhost/127.0.0.1:2690] for GET '/session/1d17cba2db6a7aededa6c8addbfcc1f0/element/dcebd84f-3cbe-43e0-8a1a-52230bfa3c5b/text'
[DEBUG] 

Request DefaultFullHttpRequest(decodeResult: success, version: HTTP/1.1, content: EmptyByteBufBE)
GET /session/1d17cba2db6a7aededa6c8addbfcc1f0/element/dcebd84f-3cbe-43e0-8a1a-52230bfa3c5b/text HTTP/1.1
User-Agent: selenium/4.6.0 (java windows)
Cache-Control: no-cache
Content-Type: application/json; charset=utf-8
host: localhost:2690
accept: */*

Response DefaultHttpResponse(decodeResult: success, version: HTTP/1.1)
HTTP/1.1 200 OK
Content-Type: application/json; charset=utf-8
cache-control: no-cache
content-length: 28

[DEBUG] Adding key: http://localhost:2690 for channel [id: 0xe5765420, L:/127.0.0.1:59515 - R:localhost/127.0.0.1:2690]
[DEBUG] Using pooled Channel '[id: 0xe5765420, L:/127.0.0.1:59515 - R:localhost/127.0.0.1:2690]' for 'POST' to 'http://localhost:2690/session/1d17cba2db6a7aededa6c8addbfcc1f0/elements'
[DEBUG] Using open Channel [id: 0xe5765420, L:/127.0.0.1:59515 - R:localhost/127.0.0.1:2690] for POST '/session/1d17cba2db6a7aededa6c8addbfcc1f0/elements'
[DEBUG] 

Request DefaultHttpRequest(decodeResult: success, version: HTTP/1.1)
POST /session/1d17cba2db6a7aededa6c8addbfcc1f0/elements HTTP/1.1
User-Agent: selenium/4.6.0 (java windows)
Content-Length: 128
Content-Type: application/json; charset=utf-8
host: localhost:2690
accept: */*

Response DefaultHttpResponse(decodeResult: success, version: HTTP/1.1)
HTTP/1.1 200 OK
Content-Type: application/json; charset=utf-8
cache-control: no-cache
content-length: 90

[DEBUG] Adding key: http://localhost:2690 for channel [id: 0xe5765420, L:/127.0.0.1:59515 - R:localhost/127.0.0.1:2690]
[DEBUG] Using pooled Channel '[id: 0xe5765420, L:/127.0.0.1:59515 - R:localhost/127.0.0.1:2690]' for 'GET' to 'http://localhost:2690/session/1d17cba2db6a7aededa6c8addbfcc1f0/element/8bc18dde-193e-4f5f-b5b2-451ef1cab02e/text'
[DEBUG] Using open Channel [id: 0xe5765420, L:/127.0.0.1:59515 - R:localhost/127.0.0.1:2690] for GET '/session/1d17cba2db6a7aededa6c8addbfcc1f0/element/8bc18dde-193e-4f5f-b5b2-451ef1cab02e/text'
[DEBUG] 

Request DefaultFullHttpRequest(decodeResult: success, version: HTTP/1.1, content: EmptyByteBufBE)
GET /session/1d17cba2db6a7aededa6c8addbfcc1f0/element/8bc18dde-193e-4f5f-b5b2-451ef1cab02e/text HTTP/1.1
User-Agent: selenium/4.6.0 (java windows)
Cache-Control: no-cache
Content-Type: application/json; charset=utf-8
host: localhost:2690
accept: */*

Response DefaultHttpResponse(decodeResult: success, version: HTTP/1.1)
HTTP/1.1 200 OK
Content-Type: application/json; charset=utf-8
cache-control: no-cache
content-length: 23

[DEBUG] Adding key: http://localhost:2690 for channel [id: 0xe5765420, L:/127.0.0.1:59515 - R:localhost/127.0.0.1:2690]
[DEBUG] Using pooled Channel '[id: 0xe5765420, L:/127.0.0.1:59515 - R:localhost/127.0.0.1:2690]' for 'POST' to 'http://localhost:2690/session/1d17cba2db6a7aededa6c8addbfcc1f0/elements'
[DEBUG] Using open Channel [id: 0xe5765420, L:/127.0.0.1:59515 - R:localhost/127.0.0.1:2690] for POST '/session/1d17cba2db6a7aededa6c8addbfcc1f0/elements'
[DEBUG] 

Request DefaultHttpRequest(decodeResult: success, version: HTTP/1.1)
POST /session/1d17cba2db6a7aededa6c8addbfcc1f0/elements HTTP/1.1
User-Agent: selenium/4.6.0 (java windows)
Content-Length: 128
Content-Type: application/json; charset=utf-8
host: localhost:2690
accept: */*

Response DefaultHttpResponse(decodeResult: success, version: HTTP/1.1)
HTTP/1.1 200 OK
Content-Type: application/json; charset=utf-8
cache-control: no-cache
content-length: 90

[DEBUG] Adding key: http://localhost:2690 for channel [id: 0xe5765420, L:/127.0.0.1:59515 - R:localhost/127.0.0.1:2690]
[DEBUG] Using pooled Channel '[id: 0xe5765420, L:/127.0.0.1:59515 - R:localhost/127.0.0.1:2690]' for 'GET' to 'http://localhost:2690/session/1d17cba2db6a7aededa6c8addbfcc1f0/element/6ade71d7-2527-4bf5-b888-4785be703365/text'
[DEBUG] Using open Channel [id: 0xe5765420, L:/127.0.0.1:59515 - R:localhost/127.0.0.1:2690] for GET '/session/1d17cba2db6a7aededa6c8addbfcc1f0/element/6ade71d7-2527-4bf5-b888-4785be703365/text'
[DEBUG] 

Request DefaultFullHttpRequest(decodeResult: success, version: HTTP/1.1, content: EmptyByteBufBE)
GET /session/1d17cba2db6a7aededa6c8addbfcc1f0/element/6ade71d7-2527-4bf5-b888-4785be703365/text HTTP/1.1
User-Agent: selenium/4.6.0 (java windows)
Cache-Control: no-cache
Content-Type: application/json; charset=utf-8
host: localhost:2690
accept: */*

Response DefaultHttpResponse(decodeResult: success, version: HTTP/1.1)
HTTP/1.1 200 OK
Content-Type: application/json; charset=utf-8
cache-control: no-cache
content-length: 18

[DEBUG] Adding key: http://localhost:2690 for channel [id: 0xe5765420, L:/127.0.0.1:59515 - R:localhost/127.0.0.1:2690]
[DEBUG] Using pooled Channel '[id: 0xe5765420, L:/127.0.0.1:59515 - R:localhost/127.0.0.1:2690]' for 'POST' to 'http://localhost:2690/session/1d17cba2db6a7aededa6c8addbfcc1f0/elements'
[DEBUG] Using open Channel [id: 0xe5765420, L:/127.0.0.1:59515 - R:localhost/127.0.0.1:2690] for POST '/session/1d17cba2db6a7aededa6c8addbfcc1f0/elements'
[DEBUG] 

Request DefaultHttpRequest(decodeResult: success, version: HTTP/1.1)
POST /session/1d17cba2db6a7aededa6c8addbfcc1f0/elements HTTP/1.1
User-Agent: selenium/4.6.0 (java windows)
Content-Length: 128
Content-Type: application/json; charset=utf-8
host: localhost:2690
accept: */*

Response DefaultHttpResponse(decodeResult: success, version: HTTP/1.1)
HTTP/1.1 200 OK
Content-Type: application/json; charset=utf-8
cache-control: no-cache
content-length: 90

[DEBUG] Adding key: http://localhost:2690 for channel [id: 0xe5765420, L:/127.0.0.1:59515 - R:localhost/127.0.0.1:2690]
[DEBUG] Using pooled Channel '[id: 0xe5765420, L:/127.0.0.1:59515 - R:localhost/127.0.0.1:2690]' for 'GET' to 'http://localhost:2690/session/1d17cba2db6a7aededa6c8addbfcc1f0/element/9b1864e6-c749-4a20-8c58-4014342737da/text'
[DEBUG] Using open Channel [id: 0xe5765420, L:/127.0.0.1:59515 - R:localhost/127.0.0.1:2690] for GET '/session/1d17cba2db6a7aededa6c8addbfcc1f0/element/9b1864e6-c749-4a20-8c58-4014342737da/text'
[DEBUG] 

Request DefaultFullHttpRequest(decodeResult: success, version: HTTP/1.1, content: EmptyByteBufBE)
GET /session/1d17cba2db6a7aededa6c8addbfcc1f0/element/9b1864e6-c749-4a20-8c58-4014342737da/text HTTP/1.1
User-Agent: selenium/4.6.0 (java windows)
Cache-Control: no-cache
Content-Type: application/json; charset=utf-8
host: localhost:2690
accept: */*

Response DefaultHttpResponse(decodeResult: success, version: HTTP/1.1)
HTTP/1.1 200 OK
Content-Type: application/json; charset=utf-8
cache-control: no-cache
content-length: 40

[DEBUG] Adding key: http://localhost:2690 for channel [id: 0xe5765420, L:/127.0.0.1:59515 - R:localhost/127.0.0.1:2690]
[DEBUG] Using pooled Channel '[id: 0xe5765420, L:/127.0.0.1:59515 - R:localhost/127.0.0.1:2690]' for 'POST' to 'http://localhost:2690/session/1d17cba2db6a7aededa6c8addbfcc1f0/elements'
[DEBUG] Using open Channel [id: 0xe5765420, L:/127.0.0.1:59515 - R:localhost/127.0.0.1:2690] for POST '/session/1d17cba2db6a7aededa6c8addbfcc1f0/elements'
[DEBUG] 

Request DefaultHttpRequest(decodeResult: success, version: HTTP/1.1)
POST /session/1d17cba2db6a7aededa6c8addbfcc1f0/elements HTTP/1.1
User-Agent: selenium/4.6.0 (java windows)
Content-Length: 128
Content-Type: application/json; charset=utf-8
host: localhost:2690
accept: */*

Response DefaultHttpResponse(decodeResult: success, version: HTTP/1.1)
HTTP/1.1 200 OK
Content-Type: application/json; charset=utf-8
cache-control: no-cache
content-length: 90

[DEBUG] Adding key: http://localhost:2690 for channel [id: 0xe5765420, L:/127.0.0.1:59515 - R:localhost/127.0.0.1:2690]
[DEBUG] Using pooled Channel '[id: 0xe5765420, L:/127.0.0.1:59515 - R:localhost/127.0.0.1:2690]' for 'GET' to 'http://localhost:2690/session/1d17cba2db6a7aededa6c8addbfcc1f0/element/dcebd84f-3cbe-43e0-8a1a-52230bfa3c5b/text'
[DEBUG] Using open Channel [id: 0xe5765420, L:/127.0.0.1:59515 - R:localhost/127.0.0.1:2690] for GET '/session/1d17cba2db6a7aededa6c8addbfcc1f0/element/dcebd84f-3cbe-43e0-8a1a-52230bfa3c5b/text'
[DEBUG] 

Request DefaultFullHttpRequest(decodeResult: success, version: HTTP/1.1, content: EmptyByteBufBE)
GET /session/1d17cba2db6a7aededa6c8addbfcc1f0/element/dcebd84f-3cbe-43e0-8a1a-52230bfa3c5b/text HTTP/1.1
User-Agent: selenium/4.6.0 (java windows)
Cache-Control: no-cache
Content-Type: application/json; charset=utf-8
host: localhost:2690
accept: */*

Response DefaultHttpResponse(decodeResult: success, version: HTTP/1.1)
HTTP/1.1 200 OK
Content-Type: application/json; charset=utf-8
cache-control: no-cache
content-length: 28

[DEBUG] Adding key: http://localhost:2690 for channel [id: 0xe5765420, L:/127.0.0.1:59515 - R:localhost/127.0.0.1:2690]
[DEBUG] Using pooled Channel '[id: 0xe5765420, L:/127.0.0.1:59515 - R:localhost/127.0.0.1:2690]' for 'POST' to 'http://localhost:2690/session/1d17cba2db6a7aededa6c8addbfcc1f0/element'
[DEBUG] Using open Channel [id: 0xe5765420, L:/127.0.0.1:59515 - R:localhost/127.0.0.1:2690] for POST '/session/1d17cba2db6a7aededa6c8addbfcc1f0/element'
[DEBUG] 

Request DefaultHttpRequest(decodeResult: success, version: HTTP/1.1)
POST /session/1d17cba2db6a7aededa6c8addbfcc1f0/element HTTP/1.1
User-Agent: selenium/4.6.0 (java windows)
Content-Length: 128
Content-Type: application/json; charset=utf-8
host: localhost:2690
accept: */*

Response DefaultHttpResponse(decodeResult: success, version: HTTP/1.1)
HTTP/1.1 200 OK
Content-Type: application/json; charset=utf-8
cache-control: no-cache
content-length: 88

[DEBUG] Adding key: http://localhost:2690 for channel [id: 0xe5765420, L:/127.0.0.1:59515 - R:localhost/127.0.0.1:2690]
[DEBUG] Using pooled Channel '[id: 0xe5765420, L:/127.0.0.1:59515 - R:localhost/127.0.0.1:2690]' for 'GET' to 'http://localhost:2690/session/1d17cba2db6a7aededa6c8addbfcc1f0/element/57940942-faeb-479c-82b1-6508c2e7f6b0/text'
[DEBUG] Using open Channel [id: 0xe5765420, L:/127.0.0.1:59515 - R:localhost/127.0.0.1:2690] for GET '/session/1d17cba2db6a7aededa6c8addbfcc1f0/element/57940942-faeb-479c-82b1-6508c2e7f6b0/text'
[DEBUG] 

Request DefaultFullHttpRequest(decodeResult: success, version: HTTP/1.1, content: EmptyByteBufBE)
GET /session/1d17cba2db6a7aededa6c8addbfcc1f0/element/57940942-faeb-479c-82b1-6508c2e7f6b0/text HTTP/1.1
User-Agent: selenium/4.6.0 (java windows)
Cache-Control: no-cache
Content-Type: application/json; charset=utf-8
host: localhost:2690
accept: */*

Response DefaultHttpResponse(decodeResult: success, version: HTTP/1.1)
HTTP/1.1 200 OK
Content-Type: application/json; charset=utf-8
cache-control: no-cache
content-length: 28

[DEBUG] Adding key: http://localhost:2690 for channel [id: 0xe5765420, L:/127.0.0.1:59515 - R:localhost/127.0.0.1:2690]
[DEBUG] Using pooled Channel '[id: 0xe5765420, L:/127.0.0.1:59515 - R:localhost/127.0.0.1:2690]' for 'POST' to 'http://localhost:2690/session/1d17cba2db6a7aededa6c8addbfcc1f0/elements'
[DEBUG] Using open Channel [id: 0xe5765420, L:/127.0.0.1:59515 - R:localhost/127.0.0.1:2690] for POST '/session/1d17cba2db6a7aededa6c8addbfcc1f0/elements'
[DEBUG] 

Request DefaultHttpRequest(decodeResult: success, version: HTTP/1.1)
POST /session/1d17cba2db6a7aededa6c8addbfcc1f0/elements HTTP/1.1
User-Agent: selenium/4.6.0 (java windows)
Content-Length: 128
Content-Type: application/json; charset=utf-8
host: localhost:2690
accept: */*

Response DefaultHttpResponse(decodeResult: success, version: HTTP/1.1)
HTTP/1.1 200 OK
Content-Type: application/json; charset=utf-8
cache-control: no-cache
content-length: 90

[DEBUG] Adding key: http://localhost:2690 for channel [id: 0xe5765420, L:/127.0.0.1:59515 - R:localhost/127.0.0.1:2690]
[DEBUG] Using pooled Channel '[id: 0xe5765420, L:/127.0.0.1:59515 - R:localhost/127.0.0.1:2690]' for 'GET' to 'http://localhost:2690/session/1d17cba2db6a7aededa6c8addbfcc1f0/element/c9cc29fc-a25c-4118-afb4-df9dbbf94d3a/text'
[DEBUG] Using open Channel [id: 0xe5765420, L:/127.0.0.1:59515 - R:localhost/127.0.0.1:2690] for GET '/session/1d17cba2db6a7aededa6c8addbfcc1f0/element/c9cc29fc-a25c-4118-afb4-df9dbbf94d3a/text'
[DEBUG] 

Request DefaultFullHttpRequest(decodeResult: success, version: HTTP/1.1, content: EmptyByteBufBE)
GET /session/1d17cba2db6a7aededa6c8addbfcc1f0/element/c9cc29fc-a25c-4118-afb4-df9dbbf94d3a/text HTTP/1.1
User-Agent: selenium/4.6.0 (java windows)
Cache-Control: no-cache
Content-Type: application/json; charset=utf-8
host: localhost:2690
accept: */*

Response DefaultHttpResponse(decodeResult: success, version: HTTP/1.1)
HTTP/1.1 200 OK
Content-Type: application/json; charset=utf-8
cache-control: no-cache
content-length: 23

[DEBUG] Adding key: http://localhost:2690 for channel [id: 0xe5765420, L:/127.0.0.1:59515 - R:localhost/127.0.0.1:2690]
[DEBUG] Using pooled Channel '[id: 0xe5765420, L:/127.0.0.1:59515 - R:localhost/127.0.0.1:2690]' for 'POST' to 'http://localhost:2690/session/1d17cba2db6a7aededa6c8addbfcc1f0/elements'
[DEBUG] Using open Channel [id: 0xe5765420, L:/127.0.0.1:59515 - R:localhost/127.0.0.1:2690] for POST '/session/1d17cba2db6a7aededa6c8addbfcc1f0/elements'
[DEBUG] 

Request DefaultHttpRequest(decodeResult: success, version: HTTP/1.1)
POST /session/1d17cba2db6a7aededa6c8addbfcc1f0/elements HTTP/1.1
User-Agent: selenium/4.6.0 (java windows)
Content-Length: 128
Content-Type: application/json; charset=utf-8
host: localhost:2690
accept: */*

Response DefaultHttpResponse(decodeResult: success, version: HTTP/1.1)
HTTP/1.1 200 OK
Content-Type: application/json; charset=utf-8
cache-control: no-cache
content-length: 90

[DEBUG] Adding key: http://localhost:2690 for channel [id: 0xe5765420, L:/127.0.0.1:59515 - R:localhost/127.0.0.1:2690]
[DEBUG] Using pooled Channel '[id: 0xe5765420, L:/127.0.0.1:59515 - R:localhost/127.0.0.1:2690]' for 'GET' to 'http://localhost:2690/session/1d17cba2db6a7aededa6c8addbfcc1f0/element/5f90bc0c-c051-4d0e-b0e1-fb4aec4b9a68/text'
[DEBUG] Using open Channel [id: 0xe5765420, L:/127.0.0.1:59515 - R:localhost/127.0.0.1:2690] for GET '/session/1d17cba2db6a7aededa6c8addbfcc1f0/element/5f90bc0c-c051-4d0e-b0e1-fb4aec4b9a68/text'
[DEBUG] 

Request DefaultFullHttpRequest(decodeResult: success, version: HTTP/1.1, content: EmptyByteBufBE)
GET /session/1d17cba2db6a7aededa6c8addbfcc1f0/element/5f90bc0c-c051-4d0e-b0e1-fb4aec4b9a68/text HTTP/1.1
User-Agent: selenium/4.6.0 (java windows)
Cache-Control: no-cache
Content-Type: application/json; charset=utf-8
host: localhost:2690
accept: */*

Response DefaultHttpResponse(decodeResult: success, version: HTTP/1.1)
HTTP/1.1 200 OK
Content-Type: application/json; charset=utf-8
cache-control: no-cache
content-length: 19

[DEBUG] Adding key: http://localhost:2690 for channel [id: 0xe5765420, L:/127.0.0.1:59515 - R:localhost/127.0.0.1:2690]
[DEBUG] Using pooled Channel '[id: 0xe5765420, L:/127.0.0.1:59515 - R:localhost/127.0.0.1:2690]' for 'POST' to 'http://localhost:2690/session/1d17cba2db6a7aededa6c8addbfcc1f0/elements'
[DEBUG] Using open Channel [id: 0xe5765420, L:/127.0.0.1:59515 - R:localhost/127.0.0.1:2690] for POST '/session/1d17cba2db6a7aededa6c8addbfcc1f0/elements'
[DEBUG] 

Request DefaultHttpRequest(decodeResult: success, version: HTTP/1.1)
POST /session/1d17cba2db6a7aededa6c8addbfcc1f0/elements HTTP/1.1
User-Agent: selenium/4.6.0 (java windows)
Content-Length: 128
Content-Type: application/json; charset=utf-8
host: localhost:2690
accept: */*

Response DefaultHttpResponse(decodeResult: success, version: HTTP/1.1)
HTTP/1.1 200 OK
Content-Type: application/json; charset=utf-8
cache-control: no-cache
content-length: 90

[DEBUG] Adding key: http://localhost:2690 for channel [id: 0xe5765420, L:/127.0.0.1:59515 - R:localhost/127.0.0.1:2690]
[DEBUG] Using pooled Channel '[id: 0xe5765420, L:/127.0.0.1:59515 - R:localhost/127.0.0.1:2690]' for 'GET' to 'http://localhost:2690/session/1d17cba2db6a7aededa6c8addbfcc1f0/element/f328b17a-376d-4858-aaed-ac372143c453/text'
[DEBUG] Using open Channel [id: 0xe5765420, L:/127.0.0.1:59515 - R:localhost/127.0.0.1:2690] for GET '/session/1d17cba2db6a7aededa6c8addbfcc1f0/element/f328b17a-376d-4858-aaed-ac372143c453/text'
[DEBUG] 

Request DefaultFullHttpRequest(decodeResult: success, version: HTTP/1.1, content: EmptyByteBufBE)
GET /session/1d17cba2db6a7aededa6c8addbfcc1f0/element/f328b17a-376d-4858-aaed-ac372143c453/text HTTP/1.1
User-Agent: selenium/4.6.0 (java windows)
Cache-Control: no-cache
Content-Type: application/json; charset=utf-8
host: localhost:2690
accept: */*

Response DefaultHttpResponse(decodeResult: success, version: HTTP/1.1)
HTTP/1.1 200 OK
Content-Type: application/json; charset=utf-8
cache-control: no-cache
content-length: 54

[DEBUG] Adding key: http://localhost:2690 for channel [id: 0xe5765420, L:/127.0.0.1:59515 - R:localhost/127.0.0.1:2690]
[DEBUG] Using pooled Channel '[id: 0xe5765420, L:/127.0.0.1:59515 - R:localhost/127.0.0.1:2690]' for 'POST' to 'http://localhost:2690/session/1d17cba2db6a7aededa6c8addbfcc1f0/elements'
[DEBUG] Using open Channel [id: 0xe5765420, L:/127.0.0.1:59515 - R:localhost/127.0.0.1:2690] for POST '/session/1d17cba2db6a7aededa6c8addbfcc1f0/elements'
[DEBUG] 

Request DefaultHttpRequest(decodeResult: success, version: HTTP/1.1)
POST /session/1d17cba2db6a7aededa6c8addbfcc1f0/elements HTTP/1.1
User-Agent: selenium/4.6.0 (java windows)
Content-Length: 128
Content-Type: application/json; charset=utf-8
host: localhost:2690
accept: */*

Response DefaultHttpResponse(decodeResult: success, version: HTTP/1.1)
HTTP/1.1 200 OK
Content-Type: application/json; charset=utf-8
cache-control: no-cache
content-length: 90

[DEBUG] Adding key: http://localhost:2690 for channel [id: 0xe5765420, L:/127.0.0.1:59515 - R:localhost/127.0.0.1:2690]
[DEBUG] Using pooled Channel '[id: 0xe5765420, L:/127.0.0.1:59515 - R:localhost/127.0.0.1:2690]' for 'GET' to 'http://localhost:2690/session/1d17cba2db6a7aededa6c8addbfcc1f0/element/57940942-faeb-479c-82b1-6508c2e7f6b0/text'
[DEBUG] Using open Channel [id: 0xe5765420, L:/127.0.0.1:59515 - R:localhost/127.0.0.1:2690] for GET '/session/1d17cba2db6a7aededa6c8addbfcc1f0/element/57940942-faeb-479c-82b1-6508c2e7f6b0/text'
[DEBUG] 

Request DefaultFullHttpRequest(decodeResult: success, version: HTTP/1.1, content: EmptyByteBufBE)
GET /session/1d17cba2db6a7aededa6c8addbfcc1f0/element/57940942-faeb-479c-82b1-6508c2e7f6b0/text HTTP/1.1
User-Agent: selenium/4.6.0 (java windows)
Cache-Control: no-cache
Content-Type: application/json; charset=utf-8
host: localhost:2690
accept: */*

Response DefaultHttpResponse(decodeResult: success, version: HTTP/1.1)
HTTP/1.1 200 OK
Content-Type: application/json; charset=utf-8
cache-control: no-cache
content-length: 28

[DEBUG] Adding key: http://localhost:2690 for channel [id: 0xe5765420, L:/127.0.0.1:59515 - R:localhost/127.0.0.1:2690]
[DEBUG] Using pooled Channel '[id: 0xe5765420, L:/127.0.0.1:59515 - R:localhost/127.0.0.1:2690]' for 'POST' to 'http://localhost:2690/session/1d17cba2db6a7aededa6c8addbfcc1f0/element'
[DEBUG] Using open Channel [id: 0xe5765420, L:/127.0.0.1:59515 - R:localhost/127.0.0.1:2690] for POST '/session/1d17cba2db6a7aededa6c8addbfcc1f0/element'
[DEBUG] 

Request DefaultHttpRequest(decodeResult: success, version: HTTP/1.1)
POST /session/1d17cba2db6a7aededa6c8addbfcc1f0/element HTTP/1.1
User-Agent: selenium/4.6.0 (java windows)
Content-Length: 128
Content-Type: application/json; charset=utf-8
host: localhost:2690
accept: */*

Response DefaultHttpResponse(decodeResult: success, version: HTTP/1.1)
HTTP/1.1 200 OK
Content-Type: application/json; charset=utf-8
cache-control: no-cache
content-length: 88

[DEBUG] Adding key: http://localhost:2690 for channel [id: 0xe5765420, L:/127.0.0.1:59515 - R:localhost/127.0.0.1:2690]
[DEBUG] Using pooled Channel '[id: 0xe5765420, L:/127.0.0.1:59515 - R:localhost/127.0.0.1:2690]' for 'GET' to 'http://localhost:2690/session/1d17cba2db6a7aededa6c8addbfcc1f0/element/a3dfdd73-3d69-43e5-a745-2dc3ac51d0de/text'
[DEBUG] Using open Channel [id: 0xe5765420, L:/127.0.0.1:59515 - R:localhost/127.0.0.1:2690] for GET '/session/1d17cba2db6a7aededa6c8addbfcc1f0/element/a3dfdd73-3d69-43e5-a745-2dc3ac51d0de/text'
[DEBUG] 

Request DefaultFullHttpRequest(decodeResult: success, version: HTTP/1.1, content: EmptyByteBufBE)
GET /session/1d17cba2db6a7aededa6c8addbfcc1f0/element/a3dfdd73-3d69-43e5-a745-2dc3ac51d0de/text HTTP/1.1
User-Agent: selenium/4.6.0 (java windows)
Cache-Control: no-cache
Content-Type: application/json; charset=utf-8
host: localhost:2690
accept: */*

Response DefaultHttpResponse(decodeResult: success, version: HTTP/1.1)
HTTP/1.1 200 OK
Content-Type: application/json; charset=utf-8
cache-control: no-cache
content-length: 28

[DEBUG] Adding key: http://localhost:2690 for channel [id: 0xe5765420, L:/127.0.0.1:59515 - R:localhost/127.0.0.1:2690]
[DEBUG] Using pooled Channel '[id: 0xe5765420, L:/127.0.0.1:59515 - R:localhost/127.0.0.1:2690]' for 'POST' to 'http://localhost:2690/session/1d17cba2db6a7aededa6c8addbfcc1f0/elements'
[DEBUG] Using open Channel [id: 0xe5765420, L:/127.0.0.1:59515 - R:localhost/127.0.0.1:2690] for POST '/session/1d17cba2db6a7aededa6c8addbfcc1f0/elements'
[DEBUG] 

Request DefaultHttpRequest(decodeResult: success, version: HTTP/1.1)
POST /session/1d17cba2db6a7aededa6c8addbfcc1f0/elements HTTP/1.1
User-Agent: selenium/4.6.0 (java windows)
Content-Length: 128
Content-Type: application/json; charset=utf-8
host: localhost:2690
accept: */*

Response DefaultHttpResponse(decodeResult: success, version: HTTP/1.1)
HTTP/1.1 200 OK
Content-Type: application/json; charset=utf-8
cache-control: no-cache
content-length: 90

[DEBUG] Adding key: http://localhost:2690 for channel [id: 0xe5765420, L:/127.0.0.1:59515 - R:localhost/127.0.0.1:2690]
[DEBUG] Using pooled Channel '[id: 0xe5765420, L:/127.0.0.1:59515 - R:localhost/127.0.0.1:2690]' for 'GET' to 'http://localhost:2690/session/1d17cba2db6a7aededa6c8addbfcc1f0/element/b41a06d1-6a36-459e-aeab-45996224a23d/text'
[DEBUG] Using open Channel [id: 0xe5765420, L:/127.0.0.1:59515 - R:localhost/127.0.0.1:2690] for GET '/session/1d17cba2db6a7aededa6c8addbfcc1f0/element/b41a06d1-6a36-459e-aeab-45996224a23d/text'
[DEBUG] 

Request DefaultFullHttpRequest(decodeResult: success, version: HTTP/1.1, content: EmptyByteBufBE)
GET /session/1d17cba2db6a7aededa6c8addbfcc1f0/element/b41a06d1-6a36-459e-aeab-45996224a23d/text HTTP/1.1
User-Agent: selenium/4.6.0 (java windows)
Cache-Control: no-cache
Content-Type: application/json; charset=utf-8
host: localhost:2690
accept: */*

Response DefaultHttpResponse(decodeResult: success, version: HTTP/1.1)
HTTP/1.1 200 OK
Content-Type: application/json; charset=utf-8
cache-control: no-cache
content-length: 23

[DEBUG] Adding key: http://localhost:2690 for channel [id: 0xe5765420, L:/127.0.0.1:59515 - R:localhost/127.0.0.1:2690]
[DEBUG] Using pooled Channel '[id: 0xe5765420, L:/127.0.0.1:59515 - R:localhost/127.0.0.1:2690]' for 'POST' to 'http://localhost:2690/session/1d17cba2db6a7aededa6c8addbfcc1f0/elements'
[DEBUG] Using open Channel [id: 0xe5765420, L:/127.0.0.1:59515 - R:localhost/127.0.0.1:2690] for POST '/session/1d17cba2db6a7aededa6c8addbfcc1f0/elements'
[DEBUG] 

Request DefaultHttpRequest(decodeResult: success, version: HTTP/1.1)
POST /session/1d17cba2db6a7aededa6c8addbfcc1f0/elements HTTP/1.1
User-Agent: selenium/4.6.0 (java windows)
Content-Length: 128
Content-Type: application/json; charset=utf-8
host: localhost:2690
accept: */*

Response DefaultHttpResponse(decodeResult: success, version: HTTP/1.1)
HTTP/1.1 200 OK
Content-Type: application/json; charset=utf-8
cache-control: no-cache
content-length: 90

[DEBUG] Adding key: http://localhost:2690 for channel [id: 0xe5765420, L:/127.0.0.1:59515 - R:localhost/127.0.0.1:2690]
[DEBUG] Using pooled Channel '[id: 0xe5765420, L:/127.0.0.1:59515 - R:localhost/127.0.0.1:2690]' for 'GET' to 'http://localhost:2690/session/1d17cba2db6a7aededa6c8addbfcc1f0/element/e218eec0-10b7-419b-a09a-2644b7023259/text'
[DEBUG] Using open Channel [id: 0xe5765420, L:/127.0.0.1:59515 - R:localhost/127.0.0.1:2690] for GET '/session/1d17cba2db6a7aededa6c8addbfcc1f0/element/e218eec0-10b7-419b-a09a-2644b7023259/text'
[DEBUG] 

Request DefaultFullHttpRequest(decodeResult: success, version: HTTP/1.1, content: EmptyByteBufBE)
GET /session/1d17cba2db6a7aededa6c8addbfcc1f0/element/e218eec0-10b7-419b-a09a-2644b7023259/text HTTP/1.1
User-Agent: selenium/4.6.0 (java windows)
Cache-Control: no-cache
Content-Type: application/json; charset=utf-8
host: localhost:2690
accept: */*

Response DefaultHttpResponse(decodeResult: success, version: HTTP/1.1)
HTTP/1.1 200 OK
Content-Type: application/json; charset=utf-8
cache-control: no-cache
content-length: 21

[DEBUG] Adding key: http://localhost:2690 for channel [id: 0xe5765420, L:/127.0.0.1:59515 - R:localhost/127.0.0.1:2690]
[DEBUG] Using pooled Channel '[id: 0xe5765420, L:/127.0.0.1:59515 - R:localhost/127.0.0.1:2690]' for 'POST' to 'http://localhost:2690/session/1d17cba2db6a7aededa6c8addbfcc1f0/elements'
[DEBUG] Using open Channel [id: 0xe5765420, L:/127.0.0.1:59515 - R:localhost/127.0.0.1:2690] for POST '/session/1d17cba2db6a7aededa6c8addbfcc1f0/elements'
[DEBUG] 

Request DefaultHttpRequest(decodeResult: success, version: HTTP/1.1)
POST /session/1d17cba2db6a7aededa6c8addbfcc1f0/elements HTTP/1.1
User-Agent: selenium/4.6.0 (java windows)
Content-Length: 128
Content-Type: application/json; charset=utf-8
host: localhost:2690
accept: */*

Response DefaultHttpResponse(decodeResult: success, version: HTTP/1.1)
HTTP/1.1 200 OK
Content-Type: application/json; charset=utf-8
cache-control: no-cache
content-length: 90

[DEBUG] Adding key: http://localhost:2690 for channel [id: 0xe5765420, L:/127.0.0.1:59515 - R:localhost/127.0.0.1:2690]
[DEBUG] Using pooled Channel '[id: 0xe5765420, L:/127.0.0.1:59515 - R:localhost/127.0.0.1:2690]' for 'GET' to 'http://localhost:2690/session/1d17cba2db6a7aededa6c8addbfcc1f0/element/f9535e93-5817-457e-9858-eb541cfbbc2d/text'
[DEBUG] Using open Channel [id: 0xe5765420, L:/127.0.0.1:59515 - R:localhost/127.0.0.1:2690] for GET '/session/1d17cba2db6a7aededa6c8addbfcc1f0/element/f9535e93-5817-457e-9858-eb541cfbbc2d/text'
[DEBUG] 

Request DefaultFullHttpRequest(decodeResult: success, version: HTTP/1.1, content: EmptyByteBufBE)
GET /session/1d17cba2db6a7aededa6c8addbfcc1f0/element/f9535e93-5817-457e-9858-eb541cfbbc2d/text HTTP/1.1
User-Agent: selenium/4.6.0 (java windows)
Cache-Control: no-cache
Content-Type: application/json; charset=utf-8
host: localhost:2690
accept: */*

Response DefaultHttpResponse(decodeResult: success, version: HTTP/1.1)
HTTP/1.1 200 OK
Content-Type: application/json; charset=utf-8
cache-control: no-cache
content-length: 39

[DEBUG] Adding key: http://localhost:2690 for channel [id: 0xe5765420, L:/127.0.0.1:59515 - R:localhost/127.0.0.1:2690]
[DEBUG] Using pooled Channel '[id: 0xe5765420, L:/127.0.0.1:59515 - R:localhost/127.0.0.1:2690]' for 'POST' to 'http://localhost:2690/session/1d17cba2db6a7aededa6c8addbfcc1f0/elements'
[DEBUG] Using open Channel [id: 0xe5765420, L:/127.0.0.1:59515 - R:localhost/127.0.0.1:2690] for POST '/session/1d17cba2db6a7aededa6c8addbfcc1f0/elements'
[DEBUG] 

Request DefaultHttpRequest(decodeResult: success, version: HTTP/1.1)
POST /session/1d17cba2db6a7aededa6c8addbfcc1f0/elements HTTP/1.1
User-Agent: selenium/4.6.0 (java windows)
Content-Length: 128
Content-Type: application/json; charset=utf-8
host: localhost:2690
accept: */*

Response DefaultHttpResponse(decodeResult: success, version: HTTP/1.1)
HTTP/1.1 200 OK
Content-Type: application/json; charset=utf-8
cache-control: no-cache
content-length: 90

[DEBUG] Adding key: http://localhost:2690 for channel [id: 0xe5765420, L:/127.0.0.1:59515 - R:localhost/127.0.0.1:2690]
[DEBUG] Using pooled Channel '[id: 0xe5765420, L:/127.0.0.1:59515 - R:localhost/127.0.0.1:2690]' for 'GET' to 'http://localhost:2690/session/1d17cba2db6a7aededa6c8addbfcc1f0/element/a3dfdd73-3d69-43e5-a745-2dc3ac51d0de/text'
[DEBUG] Using open Channel [id: 0xe5765420, L:/127.0.0.1:59515 - R:localhost/127.0.0.1:2690] for GET '/session/1d17cba2db6a7aededa6c8addbfcc1f0/element/a3dfdd73-3d69-43e5-a745-2dc3ac51d0de/text'
[DEBUG] 

Request DefaultFullHttpRequest(decodeResult: success, version: HTTP/1.1, content: EmptyByteBufBE)
GET /session/1d17cba2db6a7aededa6c8addbfcc1f0/element/a3dfdd73-3d69-43e5-a745-2dc3ac51d0de/text HTTP/1.1
User-Agent: selenium/4.6.0 (java windows)
Cache-Control: no-cache
Content-Type: application/json; charset=utf-8
host: localhost:2690
accept: */*

Response DefaultHttpResponse(decodeResult: success, version: HTTP/1.1)
HTTP/1.1 200 OK
Content-Type: application/json; charset=utf-8
cache-control: no-cache
content-length: 28

[DEBUG] Adding key: http://localhost:2690 for channel [id: 0xe5765420, L:/127.0.0.1:59515 - R:localhost/127.0.0.1:2690]
[DEBUG] Using pooled Channel '[id: 0xe5765420, L:/127.0.0.1:59515 - R:localhost/127.0.0.1:2690]' for 'POST' to 'http://localhost:2690/session/1d17cba2db6a7aededa6c8addbfcc1f0/element'
[DEBUG] Using open Channel [id: 0xe5765420, L:/127.0.0.1:59515 - R:localhost/127.0.0.1:2690] for POST '/session/1d17cba2db6a7aededa6c8addbfcc1f0/element'
[DEBUG] 

Request DefaultHttpRequest(decodeResult: success, version: HTTP/1.1)
POST /session/1d17cba2db6a7aededa6c8addbfcc1f0/element HTTP/1.1
User-Agent: selenium/4.6.0 (java windows)
Content-Length: 129
Content-Type: application/json; charset=utf-8
host: localhost:2690
accept: */*

Response DefaultHttpResponse(decodeResult: success, version: HTTP/1.1)
HTTP/1.1 200 OK
Content-Type: application/json; charset=utf-8
cache-control: no-cache
content-length: 88

[DEBUG] Adding key: http://localhost:2690 for channel [id: 0xe5765420, L:/127.0.0.1:59515 - R:localhost/127.0.0.1:2690]
[DEBUG] Using pooled Channel '[id: 0xe5765420, L:/127.0.0.1:59515 - R:localhost/127.0.0.1:2690]' for 'GET' to 'http://localhost:2690/session/1d17cba2db6a7aededa6c8addbfcc1f0/element/28c1333c-7c2f-4d7d-b80c-ece3b2d7ca96/text'
[DEBUG] Using open Channel [id: 0xe5765420, L:/127.0.0.1:59515 - R:localhost/127.0.0.1:2690] for GET '/session/1d17cba2db6a7aededa6c8addbfcc1f0/element/28c1333c-7c2f-4d7d-b80c-ece3b2d7ca96/text'
[DEBUG] 

Request DefaultFullHttpRequest(decodeResult: success, version: HTTP/1.1, content: EmptyByteBufBE)
GET /session/1d17cba2db6a7aededa6c8addbfcc1f0/element/28c1333c-7c2f-4d7d-b80c-ece3b2d7ca96/text HTTP/1.1
User-Agent: selenium/4.6.0 (java windows)
Cache-Control: no-cache
Content-Type: application/json; charset=utf-8
host: localhost:2690
accept: */*

Response DefaultHttpResponse(decodeResult: success, version: HTTP/1.1)
HTTP/1.1 200 OK
Content-Type: application/json; charset=utf-8
cache-control: no-cache
content-length: 26

[DEBUG] Adding key: http://localhost:2690 for channel [id: 0xe5765420, L:/127.0.0.1:59515 - R:localhost/127.0.0.1:2690]
[DEBUG] Using pooled Channel '[id: 0xe5765420, L:/127.0.0.1:59515 - R:localhost/127.0.0.1:2690]' for 'POST' to 'http://localhost:2690/session/1d17cba2db6a7aededa6c8addbfcc1f0/element'
[DEBUG] Using open Channel [id: 0xe5765420, L:/127.0.0.1:59515 - R:localhost/127.0.0.1:2690] for POST '/session/1d17cba2db6a7aededa6c8addbfcc1f0/element'
[DEBUG] 

Request DefaultHttpRequest(decodeResult: success, version: HTTP/1.1)
POST /session/1d17cba2db6a7aededa6c8addbfcc1f0/element HTTP/1.1
User-Agent: selenium/4.6.0 (java windows)
Content-Length: 129
Content-Type: application/json; charset=utf-8
host: localhost:2690
accept: */*

Response DefaultHttpResponse(decodeResult: success, version: HTTP/1.1)
HTTP/1.1 200 OK
Content-Type: application/json; charset=utf-8
cache-control: no-cache
content-length: 88

[DEBUG] Adding key: http://localhost:2690 for channel [id: 0xe5765420, L:/127.0.0.1:59515 - R:localhost/127.0.0.1:2690]
[DEBUG] Using pooled Channel '[id: 0xe5765420, L:/127.0.0.1:59515 - R:localhost/127.0.0.1:2690]' for 'GET' to 'http://localhost:2690/session/1d17cba2db6a7aededa6c8addbfcc1f0/element/572ffbec-91aa-4718-86ac-9ef0c57684cf/text'
[DEBUG] Using open Channel [id: 0xe5765420, L:/127.0.0.1:59515 - R:localhost/127.0.0.1:2690] for GET '/session/1d17cba2db6a7aededa6c8addbfcc1f0/element/572ffbec-91aa-4718-86ac-9ef0c57684cf/text'
[DEBUG] 

Request DefaultFullHttpRequest(decodeResult: success, version: HTTP/1.1, content: EmptyByteBufBE)
GET /session/1d17cba2db6a7aededa6c8addbfcc1f0/element/572ffbec-91aa-4718-86ac-9ef0c57684cf/text HTTP/1.1
User-Agent: selenium/4.6.0 (java windows)
Cache-Control: no-cache
Content-Type: application/json; charset=utf-8
host: localhost:2690
accept: */*

Response DefaultHttpResponse(decodeResult: success, version: HTTP/1.1)
HTTP/1.1 200 OK
Content-Type: application/json; charset=utf-8
cache-control: no-cache
content-length: 28

[DEBUG] Adding key: http://localhost:2690 for channel [id: 0xe5765420, L:/127.0.0.1:59515 - R:localhost/127.0.0.1:2690]
[DEBUG] Using pooled Channel '[id: 0xe5765420, L:/127.0.0.1:59515 - R:localhost/127.0.0.1:2690]' for 'POST' to 'http://localhost:2690/session/1d17cba2db6a7aededa6c8addbfcc1f0/elements'
[DEBUG] Using open Channel [id: 0xe5765420, L:/127.0.0.1:59515 - R:localhost/127.0.0.1:2690] for POST '/session/1d17cba2db6a7aededa6c8addbfcc1f0/elements'
[DEBUG] 

Request DefaultHttpRequest(decodeResult: success, version: HTTP/1.1)
POST /session/1d17cba2db6a7aededa6c8addbfcc1f0/elements HTTP/1.1
User-Agent: selenium/4.6.0 (java windows)
Content-Length: 129
Content-Type: application/json; charset=utf-8
host: localhost:2690
accept: */*

Response DefaultHttpResponse(decodeResult: success, version: HTTP/1.1)
HTTP/1.1 200 OK
Content-Type: application/json; charset=utf-8
cache-control: no-cache
content-length: 90

[DEBUG] Adding key: http://localhost:2690 for channel [id: 0xe5765420, L:/127.0.0.1:59515 - R:localhost/127.0.0.1:2690]
[DEBUG] Using pooled Channel '[id: 0xe5765420, L:/127.0.0.1:59515 - R:localhost/127.0.0.1:2690]' for 'GET' to 'http://localhost:2690/session/1d17cba2db6a7aededa6c8addbfcc1f0/element/d6ed76ff-0f59-4544-bd06-71cce081707c/text'
[DEBUG] Using open Channel [id: 0xe5765420, L:/127.0.0.1:59515 - R:localhost/127.0.0.1:2690] for GET '/session/1d17cba2db6a7aededa6c8addbfcc1f0/element/d6ed76ff-0f59-4544-bd06-71cce081707c/text'
[DEBUG] 

Request DefaultFullHttpRequest(decodeResult: success, version: HTTP/1.1, content: EmptyByteBufBE)
GET /session/1d17cba2db6a7aededa6c8addbfcc1f0/element/d6ed76ff-0f59-4544-bd06-71cce081707c/text HTTP/1.1
User-Agent: selenium/4.6.0 (java windows)
Cache-Control: no-cache
Content-Type: application/json; charset=utf-8
host: localhost:2690
accept: */*

Response DefaultHttpResponse(decodeResult: success, version: HTTP/1.1)
HTTP/1.1 200 OK
Content-Type: application/json; charset=utf-8
cache-control: no-cache
content-length: 23

[DEBUG] Adding key: http://localhost:2690 for channel [id: 0xe5765420, L:/127.0.0.1:59515 - R:localhost/127.0.0.1:2690]
[DEBUG] Using pooled Channel '[id: 0xe5765420, L:/127.0.0.1:59515 - R:localhost/127.0.0.1:2690]' for 'POST' to 'http://localhost:2690/session/1d17cba2db6a7aededa6c8addbfcc1f0/elements'
[DEBUG] Using open Channel [id: 0xe5765420, L:/127.0.0.1:59515 - R:localhost/127.0.0.1:2690] for POST '/session/1d17cba2db6a7aededa6c8addbfcc1f0/elements'
[DEBUG] 

Request DefaultHttpRequest(decodeResult: success, version: HTTP/1.1)
POST /session/1d17cba2db6a7aededa6c8addbfcc1f0/elements HTTP/1.1
User-Agent: selenium/4.6.0 (java windows)
Content-Length: 129
Content-Type: application/json; charset=utf-8
host: localhost:2690
accept: */*

Response DefaultHttpResponse(decodeResult: success, version: HTTP/1.1)
HTTP/1.1 200 OK
Content-Type: application/json; charset=utf-8
cache-control: no-cache
content-length: 90

[DEBUG] Adding key: http://localhost:2690 for channel [id: 0xe5765420, L:/127.0.0.1:59515 - R:localhost/127.0.0.1:2690]
[DEBUG] Using pooled Channel '[id: 0xe5765420, L:/127.0.0.1:59515 - R:localhost/127.0.0.1:2690]' for 'GET' to 'http://localhost:2690/session/1d17cba2db6a7aededa6c8addbfcc1f0/element/53435682-7ad6-4fd6-b690-3842c15e24a9/text'
[DEBUG] Using open Channel [id: 0xe5765420, L:/127.0.0.1:59515 - R:localhost/127.0.0.1:2690] for GET '/session/1d17cba2db6a7aededa6c8addbfcc1f0/element/53435682-7ad6-4fd6-b690-3842c15e24a9/text'
[DEBUG] 

Request DefaultFullHttpRequest(decodeResult: success, version: HTTP/1.1, content: EmptyByteBufBE)
GET /session/1d17cba2db6a7aededa6c8addbfcc1f0/element/53435682-7ad6-4fd6-b690-3842c15e24a9/text HTTP/1.1
User-Agent: selenium/4.6.0 (java windows)
Cache-Control: no-cache
Content-Type: application/json; charset=utf-8
host: localhost:2690
accept: */*

Response DefaultHttpResponse(decodeResult: success, version: HTTP/1.1)
HTTP/1.1 200 OK
Content-Type: application/json; charset=utf-8
cache-control: no-cache
content-length: 18

[DEBUG] Adding key: http://localhost:2690 for channel [id: 0xe5765420, L:/127.0.0.1:59515 - R:localhost/127.0.0.1:2690]
[DEBUG] Using pooled Channel '[id: 0xe5765420, L:/127.0.0.1:59515 - R:localhost/127.0.0.1:2690]' for 'POST' to 'http://localhost:2690/session/1d17cba2db6a7aededa6c8addbfcc1f0/elements'
[DEBUG] Using open Channel [id: 0xe5765420, L:/127.0.0.1:59515 - R:localhost/127.0.0.1:2690] for POST '/session/1d17cba2db6a7aededa6c8addbfcc1f0/elements'
[DEBUG] 

Request DefaultHttpRequest(decodeResult: success, version: HTTP/1.1)
POST /session/1d17cba2db6a7aededa6c8addbfcc1f0/elements HTTP/1.1
User-Agent: selenium/4.6.0 (java windows)
Content-Length: 129
Content-Type: application/json; charset=utf-8
host: localhost:2690
accept: */*

Response DefaultHttpResponse(decodeResult: success, version: HTTP/1.1)
HTTP/1.1 200 OK
Content-Type: application/json; charset=utf-8
cache-control: no-cache
content-length: 90

[DEBUG] Adding key: http://localhost:2690 for channel [id: 0xe5765420, L:/127.0.0.1:59515 - R:localhost/127.0.0.1:2690]
[DEBUG] Using pooled Channel '[id: 0xe5765420, L:/127.0.0.1:59515 - R:localhost/127.0.0.1:2690]' for 'GET' to 'http://localhost:2690/session/1d17cba2db6a7aededa6c8addbfcc1f0/element/d9aaacdf-0d55-4445-a737-1d04c981ef13/text'
[DEBUG] Using open Channel [id: 0xe5765420, L:/127.0.0.1:59515 - R:localhost/127.0.0.1:2690] for GET '/session/1d17cba2db6a7aededa6c8addbfcc1f0/element/d9aaacdf-0d55-4445-a737-1d04c981ef13/text'
[DEBUG] 

Request DefaultFullHttpRequest(decodeResult: success, version: HTTP/1.1, content: EmptyByteBufBE)
GET /session/1d17cba2db6a7aededa6c8addbfcc1f0/element/d9aaacdf-0d55-4445-a737-1d04c981ef13/text HTTP/1.1
User-Agent: selenium/4.6.0 (java windows)
Cache-Control: no-cache
Content-Type: application/json; charset=utf-8
host: localhost:2690
accept: */*

Response DefaultHttpResponse(decodeResult: success, version: HTTP/1.1)
HTTP/1.1 200 OK
Content-Type: application/json; charset=utf-8
cache-control: no-cache
content-length: 18

[DEBUG] Adding key: http://localhost:2690 for channel [id: 0xe5765420, L:/127.0.0.1:59515 - R:localhost/127.0.0.1:2690]
[DEBUG] Using pooled Channel '[id: 0xe5765420, L:/127.0.0.1:59515 - R:localhost/127.0.0.1:2690]' for 'POST' to 'http://localhost:2690/session/1d17cba2db6a7aededa6c8addbfcc1f0/elements'
[DEBUG] Using open Channel [id: 0xe5765420, L:/127.0.0.1:59515 - R:localhost/127.0.0.1:2690] for POST '/session/1d17cba2db6a7aededa6c8addbfcc1f0/elements'
[DEBUG] 

Request DefaultHttpRequest(decodeResult: success, version: HTTP/1.1)
POST /session/1d17cba2db6a7aededa6c8addbfcc1f0/elements HTTP/1.1
User-Agent: selenium/4.6.0 (java windows)
Content-Length: 129
Content-Type: application/json; charset=utf-8
host: localhost:2690
accept: */*

Response DefaultHttpResponse(decodeResult: success, version: HTTP/1.1)
HTTP/1.1 200 OK
Content-Type: application/json; charset=utf-8
cache-control: no-cache
content-length: 90

[DEBUG] Adding key: http://localhost:2690 for channel [id: 0xe5765420, L:/127.0.0.1:59515 - R:localhost/127.0.0.1:2690]
[DEBUG] Using pooled Channel '[id: 0xe5765420, L:/127.0.0.1:59515 - R:localhost/127.0.0.1:2690]' for 'GET' to 'http://localhost:2690/session/1d17cba2db6a7aededa6c8addbfcc1f0/element/572ffbec-91aa-4718-86ac-9ef0c57684cf/text'
[DEBUG] Using open Channel [id: 0xe5765420, L:/127.0.0.1:59515 - R:localhost/127.0.0.1:2690] for GET '/session/1d17cba2db6a7aededa6c8addbfcc1f0/element/572ffbec-91aa-4718-86ac-9ef0c57684cf/text'
[DEBUG] 

Request DefaultFullHttpRequest(decodeResult: success, version: HTTP/1.1, content: EmptyByteBufBE)
GET /session/1d17cba2db6a7aededa6c8addbfcc1f0/element/572ffbec-91aa-4718-86ac-9ef0c57684cf/text HTTP/1.1
User-Agent: selenium/4.6.0 (java windows)
Cache-Control: no-cache
Content-Type: application/json; charset=utf-8
host: localhost:2690
accept: */*

Response DefaultHttpResponse(decodeResult: success, version: HTTP/1.1)
HTTP/1.1 200 OK
Content-Type: application/json; charset=utf-8
cache-control: no-cache
content-length: 28

[DEBUG] Adding key: http://localhost:2690 for channel [id: 0xe5765420, L:/127.0.0.1:59515 - R:localhost/127.0.0.1:2690]
[DEBUG] Using pooled Channel '[id: 0xe5765420, L:/127.0.0.1:59515 - R:localhost/127.0.0.1:2690]' for 'POST' to 'http://localhost:2690/session/1d17cba2db6a7aededa6c8addbfcc1f0/element'
[DEBUG] Using open Channel [id: 0xe5765420, L:/127.0.0.1:59515 - R:localhost/127.0.0.1:2690] for POST '/session/1d17cba2db6a7aededa6c8addbfcc1f0/element'
[DEBUG] 

Request DefaultHttpRequest(decodeResult: success, version: HTTP/1.1)
POST /session/1d17cba2db6a7aededa6c8addbfcc1f0/element HTTP/1.1
User-Agent: selenium/4.6.0 (java windows)
Content-Length: 129
Content-Type: application/json; charset=utf-8
host: localhost:2690
accept: */*

Response DefaultHttpResponse(decodeResult: success, version: HTTP/1.1)
HTTP/1.1 200 OK
Content-Type: application/json; charset=utf-8
cache-control: no-cache
content-length: 88

[DEBUG] Adding key: http://localhost:2690 for channel [id: 0xe5765420, L:/127.0.0.1:59515 - R:localhost/127.0.0.1:2690]
[DEBUG] Using pooled Channel '[id: 0xe5765420, L:/127.0.0.1:59515 - R:localhost/127.0.0.1:2690]' for 'GET' to 'http://localhost:2690/session/1d17cba2db6a7aededa6c8addbfcc1f0/element/bfe05ebc-696d-4b78-bbcb-9c02866f7b06/text'
[DEBUG] Using open Channel [id: 0xe5765420, L:/127.0.0.1:59515 - R:localhost/127.0.0.1:2690] for GET '/session/1d17cba2db6a7aededa6c8addbfcc1f0/element/bfe05ebc-696d-4b78-bbcb-9c02866f7b06/text'
[DEBUG] 

Request DefaultFullHttpRequest(decodeResult: success, version: HTTP/1.1, content: EmptyByteBufBE)
GET /session/1d17cba2db6a7aededa6c8addbfcc1f0/element/bfe05ebc-696d-4b78-bbcb-9c02866f7b06/text HTTP/1.1
User-Agent: selenium/4.6.0 (java windows)
Cache-Control: no-cache
Content-Type: application/json; charset=utf-8
host: localhost:2690
accept: */*

Response DefaultHttpResponse(decodeResult: success, version: HTTP/1.1)
HTTP/1.1 200 OK
Content-Type: application/json; charset=utf-8
cache-control: no-cache
content-length: 28

[DEBUG] Adding key: http://localhost:2690 for channel [id: 0xe5765420, L:/127.0.0.1:59515 - R:localhost/127.0.0.1:2690]
[DEBUG] Using pooled Channel '[id: 0xe5765420, L:/127.0.0.1:59515 - R:localhost/127.0.0.1:2690]' for 'POST' to 'http://localhost:2690/session/1d17cba2db6a7aededa6c8addbfcc1f0/elements'
[DEBUG] Using open Channel [id: 0xe5765420, L:/127.0.0.1:59515 - R:localhost/127.0.0.1:2690] for POST '/session/1d17cba2db6a7aededa6c8addbfcc1f0/elements'
[DEBUG] 

Request DefaultHttpRequest(decodeResult: success, version: HTTP/1.1)
POST /session/1d17cba2db6a7aededa6c8addbfcc1f0/elements HTTP/1.1
User-Agent: selenium/4.6.0 (java windows)
Content-Length: 129
Content-Type: application/json; charset=utf-8
host: localhost:2690
accept: */*

Response DefaultHttpResponse(decodeResult: success, version: HTTP/1.1)
HTTP/1.1 200 OK
Content-Type: application/json; charset=utf-8
cache-control: no-cache
content-length: 90

[DEBUG] Adding key: http://localhost:2690 for channel [id: 0xe5765420, L:/127.0.0.1:59515 - R:localhost/127.0.0.1:2690]
[DEBUG] Using pooled Channel '[id: 0xe5765420, L:/127.0.0.1:59515 - R:localhost/127.0.0.1:2690]' for 'GET' to 'http://localhost:2690/session/1d17cba2db6a7aededa6c8addbfcc1f0/element/0f86a2bd-7e7a-4eb4-ba1c-d3c8c4d96e15/text'
[DEBUG] Using open Channel [id: 0xe5765420, L:/127.0.0.1:59515 - R:localhost/127.0.0.1:2690] for GET '/session/1d17cba2db6a7aededa6c8addbfcc1f0/element/0f86a2bd-7e7a-4eb4-ba1c-d3c8c4d96e15/text'
[DEBUG] 

Request DefaultFullHttpRequest(decodeResult: success, version: HTTP/1.1, content: EmptyByteBufBE)
GET /session/1d17cba2db6a7aededa6c8addbfcc1f0/element/0f86a2bd-7e7a-4eb4-ba1c-d3c8c4d96e15/text HTTP/1.1
User-Agent: selenium/4.6.0 (java windows)
Cache-Control: no-cache
Content-Type: application/json; charset=utf-8
host: localhost:2690
accept: */*

Response DefaultHttpResponse(decodeResult: success, version: HTTP/1.1)
HTTP/1.1 200 OK
Content-Type: application/json; charset=utf-8
cache-control: no-cache
content-length: 23

[DEBUG] Adding key: http://localhost:2690 for channel [id: 0xe5765420, L:/127.0.0.1:59515 - R:localhost/127.0.0.1:2690]
[DEBUG] Using pooled Channel '[id: 0xe5765420, L:/127.0.0.1:59515 - R:localhost/127.0.0.1:2690]' for 'POST' to 'http://localhost:2690/session/1d17cba2db6a7aededa6c8addbfcc1f0/elements'
[DEBUG] Using open Channel [id: 0xe5765420, L:/127.0.0.1:59515 - R:localhost/127.0.0.1:2690] for POST '/session/1d17cba2db6a7aededa6c8addbfcc1f0/elements'
[DEBUG] 

Request DefaultHttpRequest(decodeResult: success, version: HTTP/1.1)
POST /session/1d17cba2db6a7aededa6c8addbfcc1f0/elements HTTP/1.1
User-Agent: selenium/4.6.0 (java windows)
Content-Length: 129
Content-Type: application/json; charset=utf-8
host: localhost:2690
accept: */*

Response DefaultHttpResponse(decodeResult: success, version: HTTP/1.1)
HTTP/1.1 200 OK
Content-Type: application/json; charset=utf-8
cache-control: no-cache
content-length: 90

[DEBUG] Adding key: http://localhost:2690 for channel [id: 0xe5765420, L:/127.0.0.1:59515 - R:localhost/127.0.0.1:2690]
[DEBUG] Using pooled Channel '[id: 0xe5765420, L:/127.0.0.1:59515 - R:localhost/127.0.0.1:2690]' for 'GET' to 'http://localhost:2690/session/1d17cba2db6a7aededa6c8addbfcc1f0/element/e5652c01-785a-4105-80af-e96986ab65b2/text'
[DEBUG] Using open Channel [id: 0xe5765420, L:/127.0.0.1:59515 - R:localhost/127.0.0.1:2690] for GET '/session/1d17cba2db6a7aededa6c8addbfcc1f0/element/e5652c01-785a-4105-80af-e96986ab65b2/text'
[DEBUG] 

Request DefaultFullHttpRequest(decodeResult: success, version: HTTP/1.1, content: EmptyByteBufBE)
GET /session/1d17cba2db6a7aededa6c8addbfcc1f0/element/e5652c01-785a-4105-80af-e96986ab65b2/text HTTP/1.1
User-Agent: selenium/4.6.0 (java windows)
Cache-Control: no-cache
Content-Type: application/json; charset=utf-8
host: localhost:2690
accept: */*

Response DefaultHttpResponse(decodeResult: success, version: HTTP/1.1)
HTTP/1.1 200 OK
Content-Type: application/json; charset=utf-8
cache-control: no-cache
content-length: 18

[DEBUG] Adding key: http://localhost:2690 for channel [id: 0xe5765420, L:/127.0.0.1:59515 - R:localhost/127.0.0.1:2690]
[DEBUG] Using pooled Channel '[id: 0xe5765420, L:/127.0.0.1:59515 - R:localhost/127.0.0.1:2690]' for 'POST' to 'http://localhost:2690/session/1d17cba2db6a7aededa6c8addbfcc1f0/elements'
[DEBUG] Using open Channel [id: 0xe5765420, L:/127.0.0.1:59515 - R:localhost/127.0.0.1:2690] for POST '/session/1d17cba2db6a7aededa6c8addbfcc1f0/elements'
[DEBUG] 

Request DefaultHttpRequest(decodeResult: success, version: HTTP/1.1)
POST /session/1d17cba2db6a7aededa6c8addbfcc1f0/elements HTTP/1.1
User-Agent: selenium/4.6.0 (java windows)
Content-Length: 129
Content-Type: application/json; charset=utf-8
host: localhost:2690
accept: */*

Response DefaultHttpResponse(decodeResult: success, version: HTTP/1.1)
HTTP/1.1 200 OK
Content-Type: application/json; charset=utf-8
cache-control: no-cache
content-length: 90

[DEBUG] Adding key: http://localhost:2690 for channel [id: 0xe5765420, L:/127.0.0.1:59515 - R:localhost/127.0.0.1:2690]
[DEBUG] Using pooled Channel '[id: 0xe5765420, L:/127.0.0.1:59515 - R:localhost/127.0.0.1:2690]' for 'GET' to 'http://localhost:2690/session/1d17cba2db6a7aededa6c8addbfcc1f0/element/a86183ae-5635-4f96-a417-af7a01fc357e/text'
[DEBUG] Using open Channel [id: 0xe5765420, L:/127.0.0.1:59515 - R:localhost/127.0.0.1:2690] for GET '/session/1d17cba2db6a7aededa6c8addbfcc1f0/element/a86183ae-5635-4f96-a417-af7a01fc357e/text'
[DEBUG] 

Request DefaultFullHttpRequest(decodeResult: success, version: HTTP/1.1, content: EmptyByteBufBE)
GET /session/1d17cba2db6a7aededa6c8addbfcc1f0/element/a86183ae-5635-4f96-a417-af7a01fc357e/text HTTP/1.1
User-Agent: selenium/4.6.0 (java windows)
Cache-Control: no-cache
Content-Type: application/json; charset=utf-8
host: localhost:2690
accept: */*

Response DefaultHttpResponse(decodeResult: success, version: HTTP/1.1)
HTTP/1.1 200 OK
Content-Type: application/json; charset=utf-8
cache-control: no-cache
content-length: 67

[DEBUG] Adding key: http://localhost:2690 for channel [id: 0xe5765420, L:/127.0.0.1:59515 - R:localhost/127.0.0.1:2690]
[DEBUG] Using pooled Channel '[id: 0xe5765420, L:/127.0.0.1:59515 - R:localhost/127.0.0.1:2690]' for 'POST' to 'http://localhost:2690/session/1d17cba2db6a7aededa6c8addbfcc1f0/elements'
[DEBUG] Using open Channel [id: 0xe5765420, L:/127.0.0.1:59515 - R:localhost/127.0.0.1:2690] for POST '/session/1d17cba2db6a7aededa6c8addbfcc1f0/elements'
[DEBUG] 

Request DefaultHttpRequest(decodeResult: success, version: HTTP/1.1)
POST /session/1d17cba2db6a7aededa6c8addbfcc1f0/elements HTTP/1.1
User-Agent: selenium/4.6.0 (java windows)
Content-Length: 129
Content-Type: application/json; charset=utf-8
host: localhost:2690
accept: */*

Response DefaultHttpResponse(decodeResult: success, version: HTTP/1.1)
HTTP/1.1 200 OK
Content-Type: application/json; charset=utf-8
cache-control: no-cache
content-length: 90

[DEBUG] Adding key: http://localhost:2690 for channel [id: 0xe5765420, L:/127.0.0.1:59515 - R:localhost/127.0.0.1:2690]
[DEBUG] Using pooled Channel '[id: 0xe5765420, L:/127.0.0.1:59515 - R:localhost/127.0.0.1:2690]' for 'GET' to 'http://localhost:2690/session/1d17cba2db6a7aededa6c8addbfcc1f0/element/bfe05ebc-696d-4b78-bbcb-9c02866f7b06/text'
[DEBUG] Using open Channel [id: 0xe5765420, L:/127.0.0.1:59515 - R:localhost/127.0.0.1:2690] for GET '/session/1d17cba2db6a7aededa6c8addbfcc1f0/element/bfe05ebc-696d-4b78-bbcb-9c02866f7b06/text'
[DEBUG] 

Request DefaultFullHttpRequest(decodeResult: success, version: HTTP/1.1, content: EmptyByteBufBE)
GET /session/1d17cba2db6a7aededa6c8addbfcc1f0/element/bfe05ebc-696d-4b78-bbcb-9c02866f7b06/text HTTP/1.1
User-Agent: selenium/4.6.0 (java windows)
Cache-Control: no-cache
Content-Type: application/json; charset=utf-8
host: localhost:2690
accept: */*

Response DefaultHttpResponse(decodeResult: success, version: HTTP/1.1)
HTTP/1.1 200 OK
Content-Type: application/json; charset=utf-8
cache-control: no-cache
content-length: 28

[DEBUG] Adding key: http://localhost:2690 for channel [id: 0xe5765420, L:/127.0.0.1:59515 - R:localhost/127.0.0.1:2690]
[DEBUG] Using pooled Channel '[id: 0xe5765420, L:/127.0.0.1:59515 - R:localhost/127.0.0.1:2690]' for 'POST' to 'http://localhost:2690/session/1d17cba2db6a7aededa6c8addbfcc1f0/element'
[DEBUG] Using open Channel [id: 0xe5765420, L:/127.0.0.1:59515 - R:localhost/127.0.0.1:2690] for POST '/session/1d17cba2db6a7aededa6c8addbfcc1f0/element'
[DEBUG] 

Request DefaultHttpRequest(decodeResult: success, version: HTTP/1.1)
POST /session/1d17cba2db6a7aededa6c8addbfcc1f0/element HTTP/1.1
User-Agent: selenium/4.6.0 (java windows)
Content-Length: 129
Content-Type: application/json; charset=utf-8
host: localhost:2690
accept: */*

Response DefaultHttpResponse(decodeResult: success, version: HTTP/1.1)
HTTP/1.1 200 OK
Content-Type: application/json; charset=utf-8
cache-control: no-cache
content-length: 88

[DEBUG] Adding key: http://localhost:2690 for channel [id: 0xe5765420, L:/127.0.0.1:59515 - R:localhost/127.0.0.1:2690]
[DEBUG] Using pooled Channel '[id: 0xe5765420, L:/127.0.0.1:59515 - R:localhost/127.0.0.1:2690]' for 'GET' to 'http://localhost:2690/session/1d17cba2db6a7aededa6c8addbfcc1f0/element/474c78cf-4dac-423d-bfa2-42c66962a225/text'
[DEBUG] Using open Channel [id: 0xe5765420, L:/127.0.0.1:59515 - R:localhost/127.0.0.1:2690] for GET '/session/1d17cba2db6a7aededa6c8addbfcc1f0/element/474c78cf-4dac-423d-bfa2-42c66962a225/text'
[DEBUG] 

Request DefaultFullHttpRequest(decodeResult: success, version: HTTP/1.1, content: EmptyByteBufBE)
GET /session/1d17cba2db6a7aededa6c8addbfcc1f0/element/474c78cf-4dac-423d-bfa2-42c66962a225/text HTTP/1.1
User-Agent: selenium/4.6.0 (java windows)
Cache-Control: no-cache
Content-Type: application/json; charset=utf-8
host: localhost:2690
accept: */*

Response DefaultHttpResponse(decodeResult: success, version: HTTP/1.1)
HTTP/1.1 200 OK
Content-Type: application/json; charset=utf-8
cache-control: no-cache
content-length: 28

[DEBUG] Adding key: http://localhost:2690 for channel [id: 0xe5765420, L:/127.0.0.1:59515 - R:localhost/127.0.0.1:2690]
[DEBUG] Using pooled Channel '[id: 0xe5765420, L:/127.0.0.1:59515 - R:localhost/127.0.0.1:2690]' for 'POST' to 'http://localhost:2690/session/1d17cba2db6a7aededa6c8addbfcc1f0/elements'
[DEBUG] Using open Channel [id: 0xe5765420, L:/127.0.0.1:59515 - R:localhost/127.0.0.1:2690] for POST '/session/1d17cba2db6a7aededa6c8addbfcc1f0/elements'
[DEBUG] 

Request DefaultHttpRequest(decodeResult: success, version: HTTP/1.1)
POST /session/1d17cba2db6a7aededa6c8addbfcc1f0/elements HTTP/1.1
User-Agent: selenium/4.6.0 (java windows)
Content-Length: 129
Content-Type: application/json; charset=utf-8
host: localhost:2690
accept: */*

Response DefaultHttpResponse(decodeResult: success, version: HTTP/1.1)
HTTP/1.1 200 OK
Content-Type: application/json; charset=utf-8
cache-control: no-cache
content-length: 90

[DEBUG] Adding key: http://localhost:2690 for channel [id: 0xe5765420, L:/127.0.0.1:59515 - R:localhost/127.0.0.1:2690]
[DEBUG] Using pooled Channel '[id: 0xe5765420, L:/127.0.0.1:59515 - R:localhost/127.0.0.1:2690]' for 'GET' to 'http://localhost:2690/session/1d17cba2db6a7aededa6c8addbfcc1f0/element/cb6aeeea-0d9c-4837-b1c6-6b215a4908d4/text'
[DEBUG] Using open Channel [id: 0xe5765420, L:/127.0.0.1:59515 - R:localhost/127.0.0.1:2690] for GET '/session/1d17cba2db6a7aededa6c8addbfcc1f0/element/cb6aeeea-0d9c-4837-b1c6-6b215a4908d4/text'
[DEBUG] 

Request DefaultFullHttpRequest(decodeResult: success, version: HTTP/1.1, content: EmptyByteBufBE)
GET /session/1d17cba2db6a7aededa6c8addbfcc1f0/element/cb6aeeea-0d9c-4837-b1c6-6b215a4908d4/text HTTP/1.1
User-Agent: selenium/4.6.0 (java windows)
Cache-Control: no-cache
Content-Type: application/json; charset=utf-8
host: localhost:2690
accept: */*

Response DefaultHttpResponse(decodeResult: success, version: HTTP/1.1)
HTTP/1.1 200 OK
Content-Type: application/json; charset=utf-8
cache-control: no-cache
content-length: 23

[DEBUG] Adding key: http://localhost:2690 for channel [id: 0xe5765420, L:/127.0.0.1:59515 - R:localhost/127.0.0.1:2690]
[DEBUG] Using pooled Channel '[id: 0xe5765420, L:/127.0.0.1:59515 - R:localhost/127.0.0.1:2690]' for 'POST' to 'http://localhost:2690/session/1d17cba2db6a7aededa6c8addbfcc1f0/elements'
[DEBUG] Using open Channel [id: 0xe5765420, L:/127.0.0.1:59515 - R:localhost/127.0.0.1:2690] for POST '/session/1d17cba2db6a7aededa6c8addbfcc1f0/elements'
[DEBUG] 

Request DefaultHttpRequest(decodeResult: success, version: HTTP/1.1)
POST /session/1d17cba2db6a7aededa6c8addbfcc1f0/elements HTTP/1.1
User-Agent: selenium/4.6.0 (java windows)
Content-Length: 129
Content-Type: application/json; charset=utf-8
host: localhost:2690
accept: */*

Response DefaultHttpResponse(decodeResult: success, version: HTTP/1.1)
HTTP/1.1 200 OK
Content-Type: application/json; charset=utf-8
cache-control: no-cache
content-length: 90

[DEBUG] Adding key: http://localhost:2690 for channel [id: 0xe5765420, L:/127.0.0.1:59515 - R:localhost/127.0.0.1:2690]
[DEBUG] Using pooled Channel '[id: 0xe5765420, L:/127.0.0.1:59515 - R:localhost/127.0.0.1:2690]' for 'GET' to 'http://localhost:2690/session/1d17cba2db6a7aededa6c8addbfcc1f0/element/2752bf59-215f-4d2e-95f1-e65b8df2ee27/text'
[DEBUG] Using open Channel [id: 0xe5765420, L:/127.0.0.1:59515 - R:localhost/127.0.0.1:2690] for GET '/session/1d17cba2db6a7aededa6c8addbfcc1f0/element/2752bf59-215f-4d2e-95f1-e65b8df2ee27/text'
[DEBUG] 

Request DefaultFullHttpRequest(decodeResult: success, version: HTTP/1.1, content: EmptyByteBufBE)
GET /session/1d17cba2db6a7aededa6c8addbfcc1f0/element/2752bf59-215f-4d2e-95f1-e65b8df2ee27/text HTTP/1.1
User-Agent: selenium/4.6.0 (java windows)
Cache-Control: no-cache
Content-Type: application/json; charset=utf-8
host: localhost:2690
accept: */*

Response DefaultHttpResponse(decodeResult: success, version: HTTP/1.1)
HTTP/1.1 200 OK
Content-Type: application/json; charset=utf-8
cache-control: no-cache
content-length: 20

[DEBUG] Adding key: http://localhost:2690 for channel [id: 0xe5765420, L:/127.0.0.1:59515 - R:localhost/127.0.0.1:2690]
[DEBUG] Using pooled Channel '[id: 0xe5765420, L:/127.0.0.1:59515 - R:localhost/127.0.0.1:2690]' for 'POST' to 'http://localhost:2690/session/1d17cba2db6a7aededa6c8addbfcc1f0/elements'
[DEBUG] Using open Channel [id: 0xe5765420, L:/127.0.0.1:59515 - R:localhost/127.0.0.1:2690] for POST '/session/1d17cba2db6a7aededa6c8addbfcc1f0/elements'
[DEBUG] 

Request DefaultHttpRequest(decodeResult: success, version: HTTP/1.1)
POST /session/1d17cba2db6a7aededa6c8addbfcc1f0/elements HTTP/1.1
User-Agent: selenium/4.6.0 (java windows)
Content-Length: 129
Content-Type: application/json; charset=utf-8
host: localhost:2690
accept: */*

Response DefaultHttpResponse(decodeResult: success, version: HTTP/1.1)
HTTP/1.1 200 OK
Content-Type: application/json; charset=utf-8
cache-control: no-cache
content-length: 90

[DEBUG] Adding key: http://localhost:2690 for channel [id: 0xe5765420, L:/127.0.0.1:59515 - R:localhost/127.0.0.1:2690]
[DEBUG] Using pooled Channel '[id: 0xe5765420, L:/127.0.0.1:59515 - R:localhost/127.0.0.1:2690]' for 'GET' to 'http://localhost:2690/session/1d17cba2db6a7aededa6c8addbfcc1f0/element/6c1a809d-8424-409e-ac47-2f4ac9b931ca/text'
[DEBUG] Using open Channel [id: 0xe5765420, L:/127.0.0.1:59515 - R:localhost/127.0.0.1:2690] for GET '/session/1d17cba2db6a7aededa6c8addbfcc1f0/element/6c1a809d-8424-409e-ac47-2f4ac9b931ca/text'
[DEBUG] 

Request DefaultFullHttpRequest(decodeResult: success, version: HTTP/1.1, content: EmptyByteBufBE)
GET /session/1d17cba2db6a7aededa6c8addbfcc1f0/element/6c1a809d-8424-409e-ac47-2f4ac9b931ca/text HTTP/1.1
User-Agent: selenium/4.6.0 (java windows)
Cache-Control: no-cache
Content-Type: application/json; charset=utf-8
host: localhost:2690
accept: */*

Response DefaultHttpResponse(decodeResult: success, version: HTTP/1.1)
HTTP/1.1 200 OK
Content-Type: application/json; charset=utf-8
cache-control: no-cache
content-length: 17

[DEBUG] Adding key: http://localhost:2690 for channel [id: 0xe5765420, L:/127.0.0.1:59515 - R:localhost/127.0.0.1:2690]
[DEBUG] Using pooled Channel '[id: 0xe5765420, L:/127.0.0.1:59515 - R:localhost/127.0.0.1:2690]' for 'POST' to 'http://localhost:2690/session/1d17cba2db6a7aededa6c8addbfcc1f0/elements'
[DEBUG] Using open Channel [id: 0xe5765420, L:/127.0.0.1:59515 - R:localhost/127.0.0.1:2690] for POST '/session/1d17cba2db6a7aededa6c8addbfcc1f0/elements'
[DEBUG] 

Request DefaultHttpRequest(decodeResult: success, version: HTTP/1.1)
POST /session/1d17cba2db6a7aededa6c8addbfcc1f0/elements HTTP/1.1
User-Agent: selenium/4.6.0 (java windows)
Content-Length: 129
Content-Type: application/json; charset=utf-8
host: localhost:2690
accept: */*

Response DefaultHttpResponse(decodeResult: success, version: HTTP/1.1)
HTTP/1.1 200 OK
Content-Type: application/json; charset=utf-8
cache-control: no-cache
content-length: 90

[DEBUG] Adding key: http://localhost:2690 for channel [id: 0xe5765420, L:/127.0.0.1:59515 - R:localhost/127.0.0.1:2690]
[DEBUG] Using pooled Channel '[id: 0xe5765420, L:/127.0.0.1:59515 - R:localhost/127.0.0.1:2690]' for 'GET' to 'http://localhost:2690/session/1d17cba2db6a7aededa6c8addbfcc1f0/element/474c78cf-4dac-423d-bfa2-42c66962a225/text'
[DEBUG] Using open Channel [id: 0xe5765420, L:/127.0.0.1:59515 - R:localhost/127.0.0.1:2690] for GET '/session/1d17cba2db6a7aededa6c8addbfcc1f0/element/474c78cf-4dac-423d-bfa2-42c66962a225/text'
[DEBUG] 

Request DefaultFullHttpRequest(decodeResult: success, version: HTTP/1.1, content: EmptyByteBufBE)
GET /session/1d17cba2db6a7aededa6c8addbfcc1f0/element/474c78cf-4dac-423d-bfa2-42c66962a225/text HTTP/1.1
User-Agent: selenium/4.6.0 (java windows)
Cache-Control: no-cache
Content-Type: application/json; charset=utf-8
host: localhost:2690
accept: */*

Response DefaultHttpResponse(decodeResult: success, version: HTTP/1.1)
HTTP/1.1 200 OK
Content-Type: application/json; charset=utf-8
cache-control: no-cache
content-length: 28

[DEBUG] Adding key: http://localhost:2690 for channel [id: 0xe5765420, L:/127.0.0.1:59515 - R:localhost/127.0.0.1:2690]
[DEBUG] Using pooled Channel '[id: 0xe5765420, L:/127.0.0.1:59515 - R:localhost/127.0.0.1:2690]' for 'POST' to 'http://localhost:2690/session/1d17cba2db6a7aededa6c8addbfcc1f0/element'
[DEBUG] Using open Channel [id: 0xe5765420, L:/127.0.0.1:59515 - R:localhost/127.0.0.1:2690] for POST '/session/1d17cba2db6a7aededa6c8addbfcc1f0/element'
[DEBUG] 

Request DefaultHttpRequest(decodeResult: success, version: HTTP/1.1)
POST /session/1d17cba2db6a7aededa6c8addbfcc1f0/element HTTP/1.1
User-Agent: selenium/4.6.0 (java windows)
Content-Length: 129
Content-Type: application/json; charset=utf-8
host: localhost:2690
accept: */*

Response DefaultHttpResponse(decodeResult: success, version: HTTP/1.1)
HTTP/1.1 200 OK
Content-Type: application/json; charset=utf-8
cache-control: no-cache
content-length: 88

[DEBUG] Adding key: http://localhost:2690 for channel [id: 0xe5765420, L:/127.0.0.1:59515 - R:localhost/127.0.0.1:2690]
[DEBUG] Using pooled Channel '[id: 0xe5765420, L:/127.0.0.1:59515 - R:localhost/127.0.0.1:2690]' for 'GET' to 'http://localhost:2690/session/1d17cba2db6a7aededa6c8addbfcc1f0/element/51a950c7-21db-49f9-b5c5-b484c0779b50/text'
[DEBUG] Using open Channel [id: 0xe5765420, L:/127.0.0.1:59515 - R:localhost/127.0.0.1:2690] for GET '/session/1d17cba2db6a7aededa6c8addbfcc1f0/element/51a950c7-21db-49f9-b5c5-b484c0779b50/text'
[DEBUG] 

Request DefaultFullHttpRequest(decodeResult: success, version: HTTP/1.1, content: EmptyByteBufBE)
GET /session/1d17cba2db6a7aededa6c8addbfcc1f0/element/51a950c7-21db-49f9-b5c5-b484c0779b50/text HTTP/1.1
User-Agent: selenium/4.6.0 (java windows)
Cache-Control: no-cache
Content-Type: application/json; charset=utf-8
host: localhost:2690
accept: */*

Response DefaultHttpResponse(decodeResult: success, version: HTTP/1.1)
HTTP/1.1 200 OK
Content-Type: application/json; charset=utf-8
cache-control: no-cache
content-length: 28

[DEBUG] Adding key: http://localhost:2690 for channel [id: 0xe5765420, L:/127.0.0.1:59515 - R:localhost/127.0.0.1:2690]
[DEBUG] Using pooled Channel '[id: 0xe5765420, L:/127.0.0.1:59515 - R:localhost/127.0.0.1:2690]' for 'POST' to 'http://localhost:2690/session/1d17cba2db6a7aededa6c8addbfcc1f0/elements'
[DEBUG] Using open Channel [id: 0xe5765420, L:/127.0.0.1:59515 - R:localhost/127.0.0.1:2690] for POST '/session/1d17cba2db6a7aededa6c8addbfcc1f0/elements'
[DEBUG] 

Request DefaultHttpRequest(decodeResult: success, version: HTTP/1.1)
POST /session/1d17cba2db6a7aededa6c8addbfcc1f0/elements HTTP/1.1
User-Agent: selenium/4.6.0 (java windows)
Content-Length: 129
Content-Type: application/json; charset=utf-8
host: localhost:2690
accept: */*

Response DefaultHttpResponse(decodeResult: success, version: HTTP/1.1)
HTTP/1.1 200 OK
Content-Type: application/json; charset=utf-8
cache-control: no-cache
content-length: 90

[DEBUG] Adding key: http://localhost:2690 for channel [id: 0xe5765420, L:/127.0.0.1:59515 - R:localhost/127.0.0.1:2690]
[DEBUG] Using pooled Channel '[id: 0xe5765420, L:/127.0.0.1:59515 - R:localhost/127.0.0.1:2690]' for 'GET' to 'http://localhost:2690/session/1d17cba2db6a7aededa6c8addbfcc1f0/element/b7e636cc-6b2d-4f95-bf46-4eb2c9f880eb/text'
[DEBUG] Using open Channel [id: 0xe5765420, L:/127.0.0.1:59515 - R:localhost/127.0.0.1:2690] for GET '/session/1d17cba2db6a7aededa6c8addbfcc1f0/element/b7e636cc-6b2d-4f95-bf46-4eb2c9f880eb/text'
[DEBUG] 

Request DefaultFullHttpRequest(decodeResult: success, version: HTTP/1.1, content: EmptyByteBufBE)
GET /session/1d17cba2db6a7aededa6c8addbfcc1f0/element/b7e636cc-6b2d-4f95-bf46-4eb2c9f880eb/text HTTP/1.1
User-Agent: selenium/4.6.0 (java windows)
Cache-Control: no-cache
Content-Type: application/json; charset=utf-8
host: localhost:2690
accept: */*

Response DefaultHttpResponse(decodeResult: success, version: HTTP/1.1)
HTTP/1.1 200 OK
Content-Type: application/json; charset=utf-8
cache-control: no-cache
content-length: 23

[DEBUG] Adding key: http://localhost:2690 for channel [id: 0xe5765420, L:/127.0.0.1:59515 - R:localhost/127.0.0.1:2690]
[DEBUG] Using pooled Channel '[id: 0xe5765420, L:/127.0.0.1:59515 - R:localhost/127.0.0.1:2690]' for 'POST' to 'http://localhost:2690/session/1d17cba2db6a7aededa6c8addbfcc1f0/elements'
[DEBUG] Using open Channel [id: 0xe5765420, L:/127.0.0.1:59515 - R:localhost/127.0.0.1:2690] for POST '/session/1d17cba2db6a7aededa6c8addbfcc1f0/elements'
[DEBUG] 

Request DefaultHttpRequest(decodeResult: success, version: HTTP/1.1)
POST /session/1d17cba2db6a7aededa6c8addbfcc1f0/elements HTTP/1.1
User-Agent: selenium/4.6.0 (java windows)
Content-Length: 129
Content-Type: application/json; charset=utf-8
host: localhost:2690
accept: */*

Response DefaultHttpResponse(decodeResult: success, version: HTTP/1.1)
HTTP/1.1 200 OK
Content-Type: application/json; charset=utf-8
cache-control: no-cache
content-length: 90

[DEBUG] Adding key: http://localhost:2690 for channel [id: 0xe5765420, L:/127.0.0.1:59515 - R:localhost/127.0.0.1:2690]
[DEBUG] Using pooled Channel '[id: 0xe5765420, L:/127.0.0.1:59515 - R:localhost/127.0.0.1:2690]' for 'GET' to 'http://localhost:2690/session/1d17cba2db6a7aededa6c8addbfcc1f0/element/4f0cb30c-f69c-4964-8120-714d5b54885d/text'
[DEBUG] Using open Channel [id: 0xe5765420, L:/127.0.0.1:59515 - R:localhost/127.0.0.1:2690] for GET '/session/1d17cba2db6a7aededa6c8addbfcc1f0/element/4f0cb30c-f69c-4964-8120-714d5b54885d/text'
[DEBUG] 

Request DefaultFullHttpRequest(decodeResult: success, version: HTTP/1.1, content: EmptyByteBufBE)
GET /session/1d17cba2db6a7aededa6c8addbfcc1f0/element/4f0cb30c-f69c-4964-8120-714d5b54885d/text HTTP/1.1
User-Agent: selenium/4.6.0 (java windows)
Cache-Control: no-cache
Content-Type: application/json; charset=utf-8
host: localhost:2690
accept: */*

Response DefaultHttpResponse(decodeResult: success, version: HTTP/1.1)
HTTP/1.1 200 OK
Content-Type: application/json; charset=utf-8
cache-control: no-cache
content-length: 19

[DEBUG] Adding key: http://localhost:2690 for channel [id: 0xe5765420, L:/127.0.0.1:59515 - R:localhost/127.0.0.1:2690]
[DEBUG] Using pooled Channel '[id: 0xe5765420, L:/127.0.0.1:59515 - R:localhost/127.0.0.1:2690]' for 'POST' to 'http://localhost:2690/session/1d17cba2db6a7aededa6c8addbfcc1f0/elements'
[DEBUG] Using open Channel [id: 0xe5765420, L:/127.0.0.1:59515 - R:localhost/127.0.0.1:2690] for POST '/session/1d17cba2db6a7aededa6c8addbfcc1f0/elements'
[DEBUG] 

Request DefaultHttpRequest(decodeResult: success, version: HTTP/1.1)
POST /session/1d17cba2db6a7aededa6c8addbfcc1f0/elements HTTP/1.1
User-Agent: selenium/4.6.0 (java windows)
Content-Length: 129
Content-Type: application/json; charset=utf-8
host: localhost:2690
accept: */*

Response DefaultHttpResponse(decodeResult: success, version: HTTP/1.1)
HTTP/1.1 200 OK
Content-Type: application/json; charset=utf-8
cache-control: no-cache
content-length: 90

[DEBUG] Adding key: http://localhost:2690 for channel [id: 0xe5765420, L:/127.0.0.1:59515 - R:localhost/127.0.0.1:2690]
[DEBUG] Using pooled Channel '[id: 0xe5765420, L:/127.0.0.1:59515 - R:localhost/127.0.0.1:2690]' for 'GET' to 'http://localhost:2690/session/1d17cba2db6a7aededa6c8addbfcc1f0/element/4333774f-b0d6-4c60-a9ea-47fcd569b334/text'
[DEBUG] Using open Channel [id: 0xe5765420, L:/127.0.0.1:59515 - R:localhost/127.0.0.1:2690] for GET '/session/1d17cba2db6a7aededa6c8addbfcc1f0/element/4333774f-b0d6-4c60-a9ea-47fcd569b334/text'
[DEBUG] 

Request DefaultFullHttpRequest(decodeResult: success, version: HTTP/1.1, content: EmptyByteBufBE)
GET /session/1d17cba2db6a7aededa6c8addbfcc1f0/element/4333774f-b0d6-4c60-a9ea-47fcd569b334/text HTTP/1.1
User-Agent: selenium/4.6.0 (java windows)
Cache-Control: no-cache
Content-Type: application/json; charset=utf-8
host: localhost:2690
accept: */*

Response DefaultHttpResponse(decodeResult: success, version: HTTP/1.1)
HTTP/1.1 200 OK
Content-Type: application/json; charset=utf-8
cache-control: no-cache
content-length: 25

[DEBUG] Adding key: http://localhost:2690 for channel [id: 0xe5765420, L:/127.0.0.1:59515 - R:localhost/127.0.0.1:2690]
[DEBUG] Using pooled Channel '[id: 0xe5765420, L:/127.0.0.1:59515 - R:localhost/127.0.0.1:2690]' for 'POST' to 'http://localhost:2690/session/1d17cba2db6a7aededa6c8addbfcc1f0/elements'
[DEBUG] Using open Channel [id: 0xe5765420, L:/127.0.0.1:59515 - R:localhost/127.0.0.1:2690] for POST '/session/1d17cba2db6a7aededa6c8addbfcc1f0/elements'
[DEBUG] 

Request DefaultHttpRequest(decodeResult: success, version: HTTP/1.1)
POST /session/1d17cba2db6a7aededa6c8addbfcc1f0/elements HTTP/1.1
User-Agent: selenium/4.6.0 (java windows)
Content-Length: 129
Content-Type: application/json; charset=utf-8
host: localhost:2690
accept: */*

Response DefaultHttpResponse(decodeResult: success, version: HTTP/1.1)
HTTP/1.1 200 OK
Content-Type: application/json; charset=utf-8
cache-control: no-cache
content-length: 90

[DEBUG] Adding key: http://localhost:2690 for channel [id: 0xe5765420, L:/127.0.0.1:59515 - R:localhost/127.0.0.1:2690]
[DEBUG] Using pooled Channel '[id: 0xe5765420, L:/127.0.0.1:59515 - R:localhost/127.0.0.1:2690]' for 'GET' to 'http://localhost:2690/session/1d17cba2db6a7aededa6c8addbfcc1f0/element/51a950c7-21db-49f9-b5c5-b484c0779b50/text'
[DEBUG] Using open Channel [id: 0xe5765420, L:/127.0.0.1:59515 - R:localhost/127.0.0.1:2690] for GET '/session/1d17cba2db6a7aededa6c8addbfcc1f0/element/51a950c7-21db-49f9-b5c5-b484c0779b50/text'
[DEBUG] 

Request DefaultFullHttpRequest(decodeResult: success, version: HTTP/1.1, content: EmptyByteBufBE)
GET /session/1d17cba2db6a7aededa6c8addbfcc1f0/element/51a950c7-21db-49f9-b5c5-b484c0779b50/text HTTP/1.1
User-Agent: selenium/4.6.0 (java windows)
Cache-Control: no-cache
Content-Type: application/json; charset=utf-8
host: localhost:2690
accept: */*

Response DefaultHttpResponse(decodeResult: success, version: HTTP/1.1)
HTTP/1.1 200 OK
Content-Type: application/json; charset=utf-8
cache-control: no-cache
content-length: 28

[DEBUG] Adding key: http://localhost:2690 for channel [id: 0xe5765420, L:/127.0.0.1:59515 - R:localhost/127.0.0.1:2690]
[DEBUG] Using pooled Channel '[id: 0xe5765420, L:/127.0.0.1:59515 - R:localhost/127.0.0.1:2690]' for 'POST' to 'http://localhost:2690/session/1d17cba2db6a7aededa6c8addbfcc1f0/element'
[DEBUG] Using open Channel [id: 0xe5765420, L:/127.0.0.1:59515 - R:localhost/127.0.0.1:2690] for POST '/session/1d17cba2db6a7aededa6c8addbfcc1f0/element'
[DEBUG] 

Request DefaultHttpRequest(decodeResult: success, version: HTTP/1.1)
POST /session/1d17cba2db6a7aededa6c8addbfcc1f0/element HTTP/1.1
User-Agent: selenium/4.6.0 (java windows)
Content-Length: 129
Content-Type: application/json; charset=utf-8
host: localhost:2690
accept: */*

Response DefaultHttpResponse(decodeResult: success, version: HTTP/1.1)
HTTP/1.1 200 OK
Content-Type: application/json; charset=utf-8
cache-control: no-cache
content-length: 88

[DEBUG] Adding key: http://localhost:2690 for channel [id: 0xe5765420, L:/127.0.0.1:59515 - R:localhost/127.0.0.1:2690]
[DEBUG] Using pooled Channel '[id: 0xe5765420, L:/127.0.0.1:59515 - R:localhost/127.0.0.1:2690]' for 'GET' to 'http://localhost:2690/session/1d17cba2db6a7aededa6c8addbfcc1f0/element/265c3167-8cca-491c-b611-0677d2a80b2a/text'
[DEBUG] Using open Channel [id: 0xe5765420, L:/127.0.0.1:59515 - R:localhost/127.0.0.1:2690] for GET '/session/1d17cba2db6a7aededa6c8addbfcc1f0/element/265c3167-8cca-491c-b611-0677d2a80b2a/text'
[DEBUG] 

Request DefaultFullHttpRequest(decodeResult: success, version: HTTP/1.1, content: EmptyByteBufBE)
GET /session/1d17cba2db6a7aededa6c8addbfcc1f0/element/265c3167-8cca-491c-b611-0677d2a80b2a/text HTTP/1.1
User-Agent: selenium/4.6.0 (java windows)
Cache-Control: no-cache
Content-Type: application/json; charset=utf-8
host: localhost:2690
accept: */*

Response DefaultHttpResponse(decodeResult: success, version: HTTP/1.1)
HTTP/1.1 200 OK
Content-Type: application/json; charset=utf-8
cache-control: no-cache
content-length: 26

[DEBUG] Adding key: http://localhost:2690 for channel [id: 0xe5765420, L:/127.0.0.1:59515 - R:localhost/127.0.0.1:2690]
[DEBUG] Using pooled Channel '[id: 0xe5765420, L:/127.0.0.1:59515 - R:localhost/127.0.0.1:2690]' for 'POST' to 'http://localhost:2690/session/1d17cba2db6a7aededa6c8addbfcc1f0/element'
[DEBUG] Using open Channel [id: 0xe5765420, L:/127.0.0.1:59515 - R:localhost/127.0.0.1:2690] for POST '/session/1d17cba2db6a7aededa6c8addbfcc1f0/element'
[DEBUG] 

Request DefaultHttpRequest(decodeResult: success, version: HTTP/1.1)
POST /session/1d17cba2db6a7aededa6c8addbfcc1f0/element HTTP/1.1
User-Agent: selenium/4.6.0 (java windows)
Content-Length: 129
Content-Type: application/json; charset=utf-8
host: localhost:2690
accept: */*

Response DefaultHttpResponse(decodeResult: success, version: HTTP/1.1)
HTTP/1.1 200 OK
Content-Type: application/json; charset=utf-8
cache-control: no-cache
content-length: 88

[DEBUG] Adding key: http://localhost:2690 for channel [id: 0xe5765420, L:/127.0.0.1:59515 - R:localhost/127.0.0.1:2690]
[DEBUG] Using pooled Channel '[id: 0xe5765420, L:/127.0.0.1:59515 - R:localhost/127.0.0.1:2690]' for 'GET' to 'http://localhost:2690/session/1d17cba2db6a7aededa6c8addbfcc1f0/element/51f35b71-786c-48ef-9bd0-513a806a3953/text'
[DEBUG] Using open Channel [id: 0xe5765420, L:/127.0.0.1:59515 - R:localhost/127.0.0.1:2690] for GET '/session/1d17cba2db6a7aededa6c8addbfcc1f0/element/51f35b71-786c-48ef-9bd0-513a806a3953/text'
[DEBUG] 

Request DefaultFullHttpRequest(decodeResult: success, version: HTTP/1.1, content: EmptyByteBufBE)
GET /session/1d17cba2db6a7aededa6c8addbfcc1f0/element/51f35b71-786c-48ef-9bd0-513a806a3953/text HTTP/1.1
User-Agent: selenium/4.6.0 (java windows)
Cache-Control: no-cache
Content-Type: application/json; charset=utf-8
host: localhost:2690
accept: */*

Response DefaultHttpResponse(decodeResult: success, version: HTTP/1.1)
HTTP/1.1 200 OK
Content-Type: application/json; charset=utf-8
cache-control: no-cache
content-length: 28

[DEBUG] Adding key: http://localhost:2690 for channel [id: 0xe5765420, L:/127.0.0.1:59515 - R:localhost/127.0.0.1:2690]
[DEBUG] Using pooled Channel '[id: 0xe5765420, L:/127.0.0.1:59515 - R:localhost/127.0.0.1:2690]' for 'POST' to 'http://localhost:2690/session/1d17cba2db6a7aededa6c8addbfcc1f0/elements'
[DEBUG] Using open Channel [id: 0xe5765420, L:/127.0.0.1:59515 - R:localhost/127.0.0.1:2690] for POST '/session/1d17cba2db6a7aededa6c8addbfcc1f0/elements'
[DEBUG] 

Request DefaultHttpRequest(decodeResult: success, version: HTTP/1.1)
POST /session/1d17cba2db6a7aededa6c8addbfcc1f0/elements HTTP/1.1
User-Agent: selenium/4.6.0 (java windows)
Content-Length: 129
Content-Type: application/json; charset=utf-8
host: localhost:2690
accept: */*

Response DefaultHttpResponse(decodeResult: success, version: HTTP/1.1)
HTTP/1.1 200 OK
Content-Type: application/json; charset=utf-8
cache-control: no-cache
content-length: 90

[DEBUG] Adding key: http://localhost:2690 for channel [id: 0xe5765420, L:/127.0.0.1:59515 - R:localhost/127.0.0.1:2690]
[DEBUG] Using pooled Channel '[id: 0xe5765420, L:/127.0.0.1:59515 - R:localhost/127.0.0.1:2690]' for 'GET' to 'http://localhost:2690/session/1d17cba2db6a7aededa6c8addbfcc1f0/element/cdda3bf9-fe48-4033-92b1-af91d4f7aff6/text'
[DEBUG] Using open Channel [id: 0xe5765420, L:/127.0.0.1:59515 - R:localhost/127.0.0.1:2690] for GET '/session/1d17cba2db6a7aededa6c8addbfcc1f0/element/cdda3bf9-fe48-4033-92b1-af91d4f7aff6/text'
[DEBUG] 

Request DefaultFullHttpRequest(decodeResult: success, version: HTTP/1.1, content: EmptyByteBufBE)
GET /session/1d17cba2db6a7aededa6c8addbfcc1f0/element/cdda3bf9-fe48-4033-92b1-af91d4f7aff6/text HTTP/1.1
User-Agent: selenium/4.6.0 (java windows)
Cache-Control: no-cache
Content-Type: application/json; charset=utf-8
host: localhost:2690
accept: */*

Response DefaultHttpResponse(decodeResult: success, version: HTTP/1.1)
HTTP/1.1 200 OK
Content-Type: application/json; charset=utf-8
cache-control: no-cache
content-length: 23

[DEBUG] Adding key: http://localhost:2690 for channel [id: 0xe5765420, L:/127.0.0.1:59515 - R:localhost/127.0.0.1:2690]
[DEBUG] Using pooled Channel '[id: 0xe5765420, L:/127.0.0.1:59515 - R:localhost/127.0.0.1:2690]' for 'POST' to 'http://localhost:2690/session/1d17cba2db6a7aededa6c8addbfcc1f0/elements'
[DEBUG] Using open Channel [id: 0xe5765420, L:/127.0.0.1:59515 - R:localhost/127.0.0.1:2690] for POST '/session/1d17cba2db6a7aededa6c8addbfcc1f0/elements'
[DEBUG] 

Request DefaultHttpRequest(decodeResult: success, version: HTTP/1.1)
POST /session/1d17cba2db6a7aededa6c8addbfcc1f0/elements HTTP/1.1
User-Agent: selenium/4.6.0 (java windows)
Content-Length: 129
Content-Type: application/json; charset=utf-8
host: localhost:2690
accept: */*

Response DefaultHttpResponse(decodeResult: success, version: HTTP/1.1)
HTTP/1.1 200 OK
Content-Type: application/json; charset=utf-8
cache-control: no-cache
content-length: 90

[DEBUG] Adding key: http://localhost:2690 for channel [id: 0xe5765420, L:/127.0.0.1:59515 - R:localhost/127.0.0.1:2690]
[DEBUG] Using pooled Channel '[id: 0xe5765420, L:/127.0.0.1:59515 - R:localhost/127.0.0.1:2690]' for 'GET' to 'http://localhost:2690/session/1d17cba2db6a7aededa6c8addbfcc1f0/element/d3923a52-0c4b-4b4d-b4c6-33adbcd56bb9/text'
[DEBUG] Using open Channel [id: 0xe5765420, L:/127.0.0.1:59515 - R:localhost/127.0.0.1:2690] for GET '/session/1d17cba2db6a7aededa6c8addbfcc1f0/element/d3923a52-0c4b-4b4d-b4c6-33adbcd56bb9/text'
[DEBUG] 

Request DefaultFullHttpRequest(decodeResult: success, version: HTTP/1.1, content: EmptyByteBufBE)
GET /session/1d17cba2db6a7aededa6c8addbfcc1f0/element/d3923a52-0c4b-4b4d-b4c6-33adbcd56bb9/text HTTP/1.1
User-Agent: selenium/4.6.0 (java windows)
Cache-Control: no-cache
Content-Type: application/json; charset=utf-8
host: localhost:2690
accept: */*

Response DefaultHttpResponse(decodeResult: success, version: HTTP/1.1)
HTTP/1.1 200 OK
Content-Type: application/json; charset=utf-8
cache-control: no-cache
content-length: 18

[DEBUG] Adding key: http://localhost:2690 for channel [id: 0xe5765420, L:/127.0.0.1:59515 - R:localhost/127.0.0.1:2690]
[DEBUG] Using pooled Channel '[id: 0xe5765420, L:/127.0.0.1:59515 - R:localhost/127.0.0.1:2690]' for 'POST' to 'http://localhost:2690/session/1d17cba2db6a7aededa6c8addbfcc1f0/elements'
[DEBUG] Using open Channel [id: 0xe5765420, L:/127.0.0.1:59515 - R:localhost/127.0.0.1:2690] for POST '/session/1d17cba2db6a7aededa6c8addbfcc1f0/elements'
[DEBUG] 

Request DefaultHttpRequest(decodeResult: success, version: HTTP/1.1)
POST /session/1d17cba2db6a7aededa6c8addbfcc1f0/elements HTTP/1.1
User-Agent: selenium/4.6.0 (java windows)
Content-Length: 129
Content-Type: application/json; charset=utf-8
host: localhost:2690
accept: */*

Response DefaultHttpResponse(decodeResult: success, version: HTTP/1.1)
HTTP/1.1 200 OK
Content-Type: application/json; charset=utf-8
cache-control: no-cache
content-length: 90

[DEBUG] Adding key: http://localhost:2690 for channel [id: 0xe5765420, L:/127.0.0.1:59515 - R:localhost/127.0.0.1:2690]
[DEBUG] Using pooled Channel '[id: 0xe5765420, L:/127.0.0.1:59515 - R:localhost/127.0.0.1:2690]' for 'GET' to 'http://localhost:2690/session/1d17cba2db6a7aededa6c8addbfcc1f0/element/00670a2b-af2e-4610-bb2e-c0f6344c30f8/text'
[DEBUG] Using open Channel [id: 0xe5765420, L:/127.0.0.1:59515 - R:localhost/127.0.0.1:2690] for GET '/session/1d17cba2db6a7aededa6c8addbfcc1f0/element/00670a2b-af2e-4610-bb2e-c0f6344c30f8/text'
[DEBUG] 

Request DefaultFullHttpRequest(decodeResult: success, version: HTTP/1.1, content: EmptyByteBufBE)
GET /session/1d17cba2db6a7aededa6c8addbfcc1f0/element/00670a2b-af2e-4610-bb2e-c0f6344c30f8/text HTTP/1.1
User-Agent: selenium/4.6.0 (java windows)
Cache-Control: no-cache
Content-Type: application/json; charset=utf-8
host: localhost:2690
accept: */*

Response DefaultHttpResponse(decodeResult: success, version: HTTP/1.1)
HTTP/1.1 200 OK
Content-Type: application/json; charset=utf-8
cache-control: no-cache
content-length: 25

[DEBUG] Adding key: http://localhost:2690 for channel [id: 0xe5765420, L:/127.0.0.1:59515 - R:localhost/127.0.0.1:2690]
[DEBUG] Using pooled Channel '[id: 0xe5765420, L:/127.0.0.1:59515 - R:localhost/127.0.0.1:2690]' for 'POST' to 'http://localhost:2690/session/1d17cba2db6a7aededa6c8addbfcc1f0/elements'
[DEBUG] Using open Channel [id: 0xe5765420, L:/127.0.0.1:59515 - R:localhost/127.0.0.1:2690] for POST '/session/1d17cba2db6a7aededa6c8addbfcc1f0/elements'
[DEBUG] 

Request DefaultHttpRequest(decodeResult: success, version: HTTP/1.1)
POST /session/1d17cba2db6a7aededa6c8addbfcc1f0/elements HTTP/1.1
User-Agent: selenium/4.6.0 (java windows)
Content-Length: 129
Content-Type: application/json; charset=utf-8
host: localhost:2690
accept: */*

Response DefaultHttpResponse(decodeResult: success, version: HTTP/1.1)
HTTP/1.1 200 OK
Content-Type: application/json; charset=utf-8
cache-control: no-cache
content-length: 90

[DEBUG] Adding key: http://localhost:2690 for channel [id: 0xe5765420, L:/127.0.0.1:59515 - R:localhost/127.0.0.1:2690]
[DEBUG] Using pooled Channel '[id: 0xe5765420, L:/127.0.0.1:59515 - R:localhost/127.0.0.1:2690]' for 'GET' to 'http://localhost:2690/session/1d17cba2db6a7aededa6c8addbfcc1f0/element/51f35b71-786c-48ef-9bd0-513a806a3953/text'
[DEBUG] Using open Channel [id: 0xe5765420, L:/127.0.0.1:59515 - R:localhost/127.0.0.1:2690] for GET '/session/1d17cba2db6a7aededa6c8addbfcc1f0/element/51f35b71-786c-48ef-9bd0-513a806a3953/text'
[DEBUG] 

Request DefaultFullHttpRequest(decodeResult: success, version: HTTP/1.1, content: EmptyByteBufBE)
GET /session/1d17cba2db6a7aededa6c8addbfcc1f0/element/51f35b71-786c-48ef-9bd0-513a806a3953/text HTTP/1.1
User-Agent: selenium/4.6.0 (java windows)
Cache-Control: no-cache
Content-Type: application/json; charset=utf-8
host: localhost:2690
accept: */*

Response DefaultHttpResponse(decodeResult: success, version: HTTP/1.1)
HTTP/1.1 200 OK
Content-Type: application/json; charset=utf-8
cache-control: no-cache
content-length: 28

[DEBUG] Adding key: http://localhost:2690 for channel [id: 0xe5765420, L:/127.0.0.1:59515 - R:localhost/127.0.0.1:2690]
[DEBUG] Using pooled Channel '[id: 0xe5765420, L:/127.0.0.1:59515 - R:localhost/127.0.0.1:2690]' for 'POST' to 'http://localhost:2690/session/1d17cba2db6a7aededa6c8addbfcc1f0/element'
[DEBUG] Using open Channel [id: 0xe5765420, L:/127.0.0.1:59515 - R:localhost/127.0.0.1:2690] for POST '/session/1d17cba2db6a7aededa6c8addbfcc1f0/element'
[DEBUG] 

Request DefaultHttpRequest(decodeResult: success, version: HTTP/1.1)
POST /session/1d17cba2db6a7aededa6c8addbfcc1f0/element HTTP/1.1
User-Agent: selenium/4.6.0 (java windows)
Content-Length: 129
Content-Type: application/json; charset=utf-8
host: localhost:2690
accept: */*

Response DefaultHttpResponse(decodeResult: success, version: HTTP/1.1)
HTTP/1.1 200 OK
Content-Type: application/json; charset=utf-8
cache-control: no-cache
content-length: 88

[DEBUG] Adding key: http://localhost:2690 for channel [id: 0xe5765420, L:/127.0.0.1:59515 - R:localhost/127.0.0.1:2690]
[DEBUG] Using pooled Channel '[id: 0xe5765420, L:/127.0.0.1:59515 - R:localhost/127.0.0.1:2690]' for 'GET' to 'http://localhost:2690/session/1d17cba2db6a7aededa6c8addbfcc1f0/element/e88f0b27-4cbe-4388-a559-50ba949facac/text'
[DEBUG] Using open Channel [id: 0xe5765420, L:/127.0.0.1:59515 - R:localhost/127.0.0.1:2690] for GET '/session/1d17cba2db6a7aededa6c8addbfcc1f0/element/e88f0b27-4cbe-4388-a559-50ba949facac/text'
[DEBUG] 

Request DefaultFullHttpRequest(decodeResult: success, version: HTTP/1.1, content: EmptyByteBufBE)
GET /session/1d17cba2db6a7aededa6c8addbfcc1f0/element/e88f0b27-4cbe-4388-a559-50ba949facac/text HTTP/1.1
User-Agent: selenium/4.6.0 (java windows)
Cache-Control: no-cache
Content-Type: application/json; charset=utf-8
host: localhost:2690
accept: */*

Response DefaultHttpResponse(decodeResult: success, version: HTTP/1.1)
HTTP/1.1 200 OK
Content-Type: application/json; charset=utf-8
cache-control: no-cache
content-length: 26

[DEBUG] Adding key: http://localhost:2690 for channel [id: 0xe5765420, L:/127.0.0.1:59515 - R:localhost/127.0.0.1:2690]
[DEBUG] Using pooled Channel '[id: 0xe5765420, L:/127.0.0.1:59515 - R:localhost/127.0.0.1:2690]' for 'POST' to 'http://localhost:2690/session/1d17cba2db6a7aededa6c8addbfcc1f0/element'
[DEBUG] Using open Channel [id: 0xe5765420, L:/127.0.0.1:59515 - R:localhost/127.0.0.1:2690] for POST '/session/1d17cba2db6a7aededa6c8addbfcc1f0/element'
[DEBUG] 

Request DefaultHttpRequest(decodeResult: success, version: HTTP/1.1)
POST /session/1d17cba2db6a7aededa6c8addbfcc1f0/element HTTP/1.1
User-Agent: selenium/4.6.0 (java windows)
Content-Length: 129
Content-Type: application/json; charset=utf-8
host: localhost:2690
accept: */*

Response DefaultHttpResponse(decodeResult: success, version: HTTP/1.1)
HTTP/1.1 200 OK
Content-Type: application/json; charset=utf-8
cache-control: no-cache
content-length: 88

[DEBUG] Adding key: http://localhost:2690 for channel [id: 0xe5765420, L:/127.0.0.1:59515 - R:localhost/127.0.0.1:2690]
[DEBUG] Using pooled Channel '[id: 0xe5765420, L:/127.0.0.1:59515 - R:localhost/127.0.0.1:2690]' for 'GET' to 'http://localhost:2690/session/1d17cba2db6a7aededa6c8addbfcc1f0/element/1239a971-9c72-48b4-93fc-6ee1a0117088/text'
[DEBUG] Using open Channel [id: 0xe5765420, L:/127.0.0.1:59515 - R:localhost/127.0.0.1:2690] for GET '/session/1d17cba2db6a7aededa6c8addbfcc1f0/element/1239a971-9c72-48b4-93fc-6ee1a0117088/text'
[DEBUG] 

Request DefaultFullHttpRequest(decodeResult: success, version: HTTP/1.1, content: EmptyByteBufBE)
GET /session/1d17cba2db6a7aededa6c8addbfcc1f0/element/1239a971-9c72-48b4-93fc-6ee1a0117088/text HTTP/1.1
User-Agent: selenium/4.6.0 (java windows)
Cache-Control: no-cache
Content-Type: application/json; charset=utf-8
host: localhost:2690
accept: */*

Response DefaultHttpResponse(decodeResult: success, version: HTTP/1.1)
HTTP/1.1 200 OK
Content-Type: application/json; charset=utf-8
cache-control: no-cache
content-length: 28

[DEBUG] Adding key: http://localhost:2690 for channel [id: 0xe5765420, L:/127.0.0.1:59515 - R:localhost/127.0.0.1:2690]
[DEBUG] Using pooled Channel '[id: 0xe5765420, L:/127.0.0.1:59515 - R:localhost/127.0.0.1:2690]' for 'POST' to 'http://localhost:2690/session/1d17cba2db6a7aededa6c8addbfcc1f0/elements'
[DEBUG] Using open Channel [id: 0xe5765420, L:/127.0.0.1:59515 - R:localhost/127.0.0.1:2690] for POST '/session/1d17cba2db6a7aededa6c8addbfcc1f0/elements'
[DEBUG] 

Request DefaultHttpRequest(decodeResult: success, version: HTTP/1.1)
POST /session/1d17cba2db6a7aededa6c8addbfcc1f0/elements HTTP/1.1
User-Agent: selenium/4.6.0 (java windows)
Content-Length: 129
Content-Type: application/json; charset=utf-8
host: localhost:2690
accept: */*

Response DefaultHttpResponse(decodeResult: success, version: HTTP/1.1)
HTTP/1.1 200 OK
Content-Type: application/json; charset=utf-8
cache-control: no-cache
content-length: 90

[DEBUG] Adding key: http://localhost:2690 for channel [id: 0xe5765420, L:/127.0.0.1:59515 - R:localhost/127.0.0.1:2690]
[DEBUG] Using pooled Channel '[id: 0xe5765420, L:/127.0.0.1:59515 - R:localhost/127.0.0.1:2690]' for 'GET' to 'http://localhost:2690/session/1d17cba2db6a7aededa6c8addbfcc1f0/element/4d29f08a-9705-49d6-bc2d-0d17700b171d/text'
[DEBUG] Using open Channel [id: 0xe5765420, L:/127.0.0.1:59515 - R:localhost/127.0.0.1:2690] for GET '/session/1d17cba2db6a7aededa6c8addbfcc1f0/element/4d29f08a-9705-49d6-bc2d-0d17700b171d/text'
[DEBUG] 

Request DefaultFullHttpRequest(decodeResult: success, version: HTTP/1.1, content: EmptyByteBufBE)
GET /session/1d17cba2db6a7aededa6c8addbfcc1f0/element/4d29f08a-9705-49d6-bc2d-0d17700b171d/text HTTP/1.1
User-Agent: selenium/4.6.0 (java windows)
Cache-Control: no-cache
Content-Type: application/json; charset=utf-8
host: localhost:2690
accept: */*

Response DefaultHttpResponse(decodeResult: success, version: HTTP/1.1)
HTTP/1.1 200 OK
Content-Type: application/json; charset=utf-8
cache-control: no-cache
content-length: 23

[DEBUG] Adding key: http://localhost:2690 for channel [id: 0xe5765420, L:/127.0.0.1:59515 - R:localhost/127.0.0.1:2690]
[DEBUG] Using pooled Channel '[id: 0xe5765420, L:/127.0.0.1:59515 - R:localhost/127.0.0.1:2690]' for 'POST' to 'http://localhost:2690/session/1d17cba2db6a7aededa6c8addbfcc1f0/elements'
[DEBUG] Using open Channel [id: 0xe5765420, L:/127.0.0.1:59515 - R:localhost/127.0.0.1:2690] for POST '/session/1d17cba2db6a7aededa6c8addbfcc1f0/elements'
[DEBUG] 

Request DefaultHttpRequest(decodeResult: success, version: HTTP/1.1)
POST /session/1d17cba2db6a7aededa6c8addbfcc1f0/elements HTTP/1.1
User-Agent: selenium/4.6.0 (java windows)
Content-Length: 129
Content-Type: application/json; charset=utf-8
host: localhost:2690
accept: */*

Response DefaultHttpResponse(decodeResult: success, version: HTTP/1.1)
HTTP/1.1 200 OK
Content-Type: application/json; charset=utf-8
cache-control: no-cache
content-length: 90

[DEBUG] Adding key: http://localhost:2690 for channel [id: 0xe5765420, L:/127.0.0.1:59515 - R:localhost/127.0.0.1:2690]
[DEBUG] Using pooled Channel '[id: 0xe5765420, L:/127.0.0.1:59515 - R:localhost/127.0.0.1:2690]' for 'GET' to 'http://localhost:2690/session/1d17cba2db6a7aededa6c8addbfcc1f0/element/30923051-82c0-4771-8d25-766fceb69aa5/text'
[DEBUG] Using open Channel [id: 0xe5765420, L:/127.0.0.1:59515 - R:localhost/127.0.0.1:2690] for GET '/session/1d17cba2db6a7aededa6c8addbfcc1f0/element/30923051-82c0-4771-8d25-766fceb69aa5/text'
[DEBUG] 

Request DefaultFullHttpRequest(decodeResult: success, version: HTTP/1.1, content: EmptyByteBufBE)
GET /session/1d17cba2db6a7aededa6c8addbfcc1f0/element/30923051-82c0-4771-8d25-766fceb69aa5/text HTTP/1.1
User-Agent: selenium/4.6.0 (java windows)
Cache-Control: no-cache
Content-Type: application/json; charset=utf-8
host: localhost:2690
accept: */*

Response DefaultHttpResponse(decodeResult: success, version: HTTP/1.1)
HTTP/1.1 200 OK
Content-Type: application/json; charset=utf-8
cache-control: no-cache
content-length: 18

[DEBUG] Adding key: http://localhost:2690 for channel [id: 0xe5765420, L:/127.0.0.1:59515 - R:localhost/127.0.0.1:2690]
[DEBUG] Using pooled Channel '[id: 0xe5765420, L:/127.0.0.1:59515 - R:localhost/127.0.0.1:2690]' for 'POST' to 'http://localhost:2690/session/1d17cba2db6a7aededa6c8addbfcc1f0/elements'
[DEBUG] Using open Channel [id: 0xe5765420, L:/127.0.0.1:59515 - R:localhost/127.0.0.1:2690] for POST '/session/1d17cba2db6a7aededa6c8addbfcc1f0/elements'
[DEBUG] 

Request DefaultHttpRequest(decodeResult: success, version: HTTP/1.1)
POST /session/1d17cba2db6a7aededa6c8addbfcc1f0/elements HTTP/1.1
User-Agent: selenium/4.6.0 (java windows)
Content-Length: 129
Content-Type: application/json; charset=utf-8
host: localhost:2690
accept: */*

Response DefaultHttpResponse(decodeResult: success, version: HTTP/1.1)
HTTP/1.1 200 OK
Content-Type: application/json; charset=utf-8
cache-control: no-cache
content-length: 90

[DEBUG] Adding key: http://localhost:2690 for channel [id: 0xe5765420, L:/127.0.0.1:59515 - R:localhost/127.0.0.1:2690]
[DEBUG] Using pooled Channel '[id: 0xe5765420, L:/127.0.0.1:59515 - R:localhost/127.0.0.1:2690]' for 'GET' to 'http://localhost:2690/session/1d17cba2db6a7aededa6c8addbfcc1f0/element/922f99ea-0cb5-4d0b-b11e-0a0e9577a1f4/text'
[DEBUG] Using open Channel [id: 0xe5765420, L:/127.0.0.1:59515 - R:localhost/127.0.0.1:2690] for GET '/session/1d17cba2db6a7aededa6c8addbfcc1f0/element/922f99ea-0cb5-4d0b-b11e-0a0e9577a1f4/text'
[DEBUG] 

Request DefaultFullHttpRequest(decodeResult: success, version: HTTP/1.1, content: EmptyByteBufBE)
GET /session/1d17cba2db6a7aededa6c8addbfcc1f0/element/922f99ea-0cb5-4d0b-b11e-0a0e9577a1f4/text HTTP/1.1
User-Agent: selenium/4.6.0 (java windows)
Cache-Control: no-cache
Content-Type: application/json; charset=utf-8
host: localhost:2690
accept: */*

Response DefaultHttpResponse(decodeResult: success, version: HTTP/1.1)
HTTP/1.1 200 OK
Content-Type: application/json; charset=utf-8
cache-control: no-cache
content-length: 24

[DEBUG] Adding key: http://localhost:2690 for channel [id: 0xe5765420, L:/127.0.0.1:59515 - R:localhost/127.0.0.1:2690]
[DEBUG] Using pooled Channel '[id: 0xe5765420, L:/127.0.0.1:59515 - R:localhost/127.0.0.1:2690]' for 'POST' to 'http://localhost:2690/session/1d17cba2db6a7aededa6c8addbfcc1f0/elements'
[DEBUG] Using open Channel [id: 0xe5765420, L:/127.0.0.1:59515 - R:localhost/127.0.0.1:2690] for POST '/session/1d17cba2db6a7aededa6c8addbfcc1f0/elements'
[DEBUG] 

Request DefaultHttpRequest(decodeResult: success, version: HTTP/1.1)
POST /session/1d17cba2db6a7aededa6c8addbfcc1f0/elements HTTP/1.1
User-Agent: selenium/4.6.0 (java windows)
Content-Length: 129
Content-Type: application/json; charset=utf-8
host: localhost:2690
accept: */*

Response DefaultHttpResponse(decodeResult: success, version: HTTP/1.1)
HTTP/1.1 200 OK
Content-Type: application/json; charset=utf-8
cache-control: no-cache
content-length: 90

[DEBUG] Adding key: http://localhost:2690 for channel [id: 0xe5765420, L:/127.0.0.1:59515 - R:localhost/127.0.0.1:2690]
[DEBUG] Using pooled Channel '[id: 0xe5765420, L:/127.0.0.1:59515 - R:localhost/127.0.0.1:2690]' for 'GET' to 'http://localhost:2690/session/1d17cba2db6a7aededa6c8addbfcc1f0/element/1239a971-9c72-48b4-93fc-6ee1a0117088/text'
[DEBUG] Using open Channel [id: 0xe5765420, L:/127.0.0.1:59515 - R:localhost/127.0.0.1:2690] for GET '/session/1d17cba2db6a7aededa6c8addbfcc1f0/element/1239a971-9c72-48b4-93fc-6ee1a0117088/text'
[DEBUG] 

Request DefaultFullHttpRequest(decodeResult: success, version: HTTP/1.1, content: EmptyByteBufBE)
GET /session/1d17cba2db6a7aededa6c8addbfcc1f0/element/1239a971-9c72-48b4-93fc-6ee1a0117088/text HTTP/1.1
User-Agent: selenium/4.6.0 (java windows)
Cache-Control: no-cache
Content-Type: application/json; charset=utf-8
host: localhost:2690
accept: */*

Response DefaultHttpResponse(decodeResult: success, version: HTTP/1.1)
HTTP/1.1 200 OK
Content-Type: application/json; charset=utf-8
cache-control: no-cache
content-length: 28

[DEBUG] Adding key: http://localhost:2690 for channel [id: 0xe5765420, L:/127.0.0.1:59515 - R:localhost/127.0.0.1:2690]
[DEBUG] Using pooled Channel '[id: 0xe5765420, L:/127.0.0.1:59515 - R:localhost/127.0.0.1:2690]' for 'POST' to 'http://localhost:2690/session/1d17cba2db6a7aededa6c8addbfcc1f0/element'
[DEBUG] Using open Channel [id: 0xe5765420, L:/127.0.0.1:59515 - R:localhost/127.0.0.1:2690] for POST '/session/1d17cba2db6a7aededa6c8addbfcc1f0/element'
[DEBUG] 

Request DefaultHttpRequest(decodeResult: success, version: HTTP/1.1)
POST /session/1d17cba2db6a7aededa6c8addbfcc1f0/element HTTP/1.1
User-Agent: selenium/4.6.0 (java windows)
Content-Length: 129
Content-Type: application/json; charset=utf-8
host: localhost:2690
accept: */*

Response DefaultHttpResponse(decodeResult: success, version: HTTP/1.1)
HTTP/1.1 200 OK
Content-Type: application/json; charset=utf-8
cache-control: no-cache
content-length: 88

[DEBUG] Adding key: http://localhost:2690 for channel [id: 0xe5765420, L:/127.0.0.1:59515 - R:localhost/127.0.0.1:2690]
[DEBUG] Using pooled Channel '[id: 0xe5765420, L:/127.0.0.1:59515 - R:localhost/127.0.0.1:2690]' for 'GET' to 'http://localhost:2690/session/1d17cba2db6a7aededa6c8addbfcc1f0/element/c62a6c1b-8ad3-4924-93ad-2bfb0e06fc96/text'
[DEBUG] Using open Channel [id: 0xe5765420, L:/127.0.0.1:59515 - R:localhost/127.0.0.1:2690] for GET '/session/1d17cba2db6a7aededa6c8addbfcc1f0/element/c62a6c1b-8ad3-4924-93ad-2bfb0e06fc96/text'
[DEBUG] 

Request DefaultFullHttpRequest(decodeResult: success, version: HTTP/1.1, content: EmptyByteBufBE)
GET /session/1d17cba2db6a7aededa6c8addbfcc1f0/element/c62a6c1b-8ad3-4924-93ad-2bfb0e06fc96/text HTTP/1.1
User-Agent: selenium/4.6.0 (java windows)
Cache-Control: no-cache
Content-Type: application/json; charset=utf-8
host: localhost:2690
accept: */*

Response DefaultHttpResponse(decodeResult: success, version: HTTP/1.1)
HTTP/1.1 200 OK
Content-Type: application/json; charset=utf-8
cache-control: no-cache
content-length: 26

[DEBUG] Adding key: http://localhost:2690 for channel [id: 0xe5765420, L:/127.0.0.1:59515 - R:localhost/127.0.0.1:2690]
[DEBUG] Using pooled Channel '[id: 0xe5765420, L:/127.0.0.1:59515 - R:localhost/127.0.0.1:2690]' for 'POST' to 'http://localhost:2690/session/1d17cba2db6a7aededa6c8addbfcc1f0/element'
[DEBUG] Using open Channel [id: 0xe5765420, L:/127.0.0.1:59515 - R:localhost/127.0.0.1:2690] for POST '/session/1d17cba2db6a7aededa6c8addbfcc1f0/element'
[DEBUG] 

Request DefaultHttpRequest(decodeResult: success, version: HTTP/1.1)
POST /session/1d17cba2db6a7aededa6c8addbfcc1f0/element HTTP/1.1
User-Agent: selenium/4.6.0 (java windows)
Content-Length: 129
Content-Type: application/json; charset=utf-8
host: localhost:2690
accept: */*

Response DefaultHttpResponse(decodeResult: success, version: HTTP/1.1)
HTTP/1.1 200 OK
Content-Type: application/json; charset=utf-8
cache-control: no-cache
content-length: 88

[DEBUG] Adding key: http://localhost:2690 for channel [id: 0xe5765420, L:/127.0.0.1:59515 - R:localhost/127.0.0.1:2690]
[DEBUG] Using pooled Channel '[id: 0xe5765420, L:/127.0.0.1:59515 - R:localhost/127.0.0.1:2690]' for 'GET' to 'http://localhost:2690/session/1d17cba2db6a7aededa6c8addbfcc1f0/element/d3ae005c-558c-4d5f-91cb-c30555cd65f0/text'
[DEBUG] Using open Channel [id: 0xe5765420, L:/127.0.0.1:59515 - R:localhost/127.0.0.1:2690] for GET '/session/1d17cba2db6a7aededa6c8addbfcc1f0/element/d3ae005c-558c-4d5f-91cb-c30555cd65f0/text'
[DEBUG] 

Request DefaultFullHttpRequest(decodeResult: success, version: HTTP/1.1, content: EmptyByteBufBE)
GET /session/1d17cba2db6a7aededa6c8addbfcc1f0/element/d3ae005c-558c-4d5f-91cb-c30555cd65f0/text HTTP/1.1
User-Agent: selenium/4.6.0 (java windows)
Cache-Control: no-cache
Content-Type: application/json; charset=utf-8
host: localhost:2690
accept: */*

Response DefaultHttpResponse(decodeResult: success, version: HTTP/1.1)
HTTP/1.1 200 OK
Content-Type: application/json; charset=utf-8
cache-control: no-cache
content-length: 28

[DEBUG] Adding key: http://localhost:2690 for channel [id: 0xe5765420, L:/127.0.0.1:59515 - R:localhost/127.0.0.1:2690]
[DEBUG] Using pooled Channel '[id: 0xe5765420, L:/127.0.0.1:59515 - R:localhost/127.0.0.1:2690]' for 'POST' to 'http://localhost:2690/session/1d17cba2db6a7aededa6c8addbfcc1f0/elements'
[DEBUG] Using open Channel [id: 0xe5765420, L:/127.0.0.1:59515 - R:localhost/127.0.0.1:2690] for POST '/session/1d17cba2db6a7aededa6c8addbfcc1f0/elements'
[DEBUG] 

Request DefaultHttpRequest(decodeResult: success, version: HTTP/1.1)
POST /session/1d17cba2db6a7aededa6c8addbfcc1f0/elements HTTP/1.1
User-Agent: selenium/4.6.0 (java windows)
Content-Length: 129
Content-Type: application/json; charset=utf-8
host: localhost:2690
accept: */*

Response DefaultHttpResponse(decodeResult: success, version: HTTP/1.1)
HTTP/1.1 200 OK
Content-Type: application/json; charset=utf-8
cache-control: no-cache
content-length: 90

[DEBUG] Adding key: http://localhost:2690 for channel [id: 0xe5765420, L:/127.0.0.1:59515 - R:localhost/127.0.0.1:2690]
[DEBUG] Using pooled Channel '[id: 0xe5765420, L:/127.0.0.1:59515 - R:localhost/127.0.0.1:2690]' for 'GET' to 'http://localhost:2690/session/1d17cba2db6a7aededa6c8addbfcc1f0/element/82281c10-dbef-4941-8512-d43a47f37526/text'
[DEBUG] Using open Channel [id: 0xe5765420, L:/127.0.0.1:59515 - R:localhost/127.0.0.1:2690] for GET '/session/1d17cba2db6a7aededa6c8addbfcc1f0/element/82281c10-dbef-4941-8512-d43a47f37526/text'
[DEBUG] 

Request DefaultFullHttpRequest(decodeResult: success, version: HTTP/1.1, content: EmptyByteBufBE)
GET /session/1d17cba2db6a7aededa6c8addbfcc1f0/element/82281c10-dbef-4941-8512-d43a47f37526/text HTTP/1.1
User-Agent: selenium/4.6.0 (java windows)
Cache-Control: no-cache
Content-Type: application/json; charset=utf-8
host: localhost:2690
accept: */*

Response DefaultHttpResponse(decodeResult: success, version: HTTP/1.1)
HTTP/1.1 200 OK
Content-Type: application/json; charset=utf-8
cache-control: no-cache
content-length: 23

[DEBUG] Adding key: http://localhost:2690 for channel [id: 0xe5765420, L:/127.0.0.1:59515 - R:localhost/127.0.0.1:2690]
[DEBUG] Using pooled Channel '[id: 0xe5765420, L:/127.0.0.1:59515 - R:localhost/127.0.0.1:2690]' for 'POST' to 'http://localhost:2690/session/1d17cba2db6a7aededa6c8addbfcc1f0/elements'
[DEBUG] Using open Channel [id: 0xe5765420, L:/127.0.0.1:59515 - R:localhost/127.0.0.1:2690] for POST '/session/1d17cba2db6a7aededa6c8addbfcc1f0/elements'
[DEBUG] 

Request DefaultHttpRequest(decodeResult: success, version: HTTP/1.1)
POST /session/1d17cba2db6a7aededa6c8addbfcc1f0/elements HTTP/1.1
User-Agent: selenium/4.6.0 (java windows)
Content-Length: 129
Content-Type: application/json; charset=utf-8
host: localhost:2690
accept: */*

Response DefaultHttpResponse(decodeResult: success, version: HTTP/1.1)
HTTP/1.1 200 OK
Content-Type: application/json; charset=utf-8
cache-control: no-cache
content-length: 90

[DEBUG] Adding key: http://localhost:2690 for channel [id: 0xe5765420, L:/127.0.0.1:59515 - R:localhost/127.0.0.1:2690]
[DEBUG] Using pooled Channel '[id: 0xe5765420, L:/127.0.0.1:59515 - R:localhost/127.0.0.1:2690]' for 'GET' to 'http://localhost:2690/session/1d17cba2db6a7aededa6c8addbfcc1f0/element/b4db575b-c3ea-4606-b560-7e31827ef2af/text'
[DEBUG] Using open Channel [id: 0xe5765420, L:/127.0.0.1:59515 - R:localhost/127.0.0.1:2690] for GET '/session/1d17cba2db6a7aededa6c8addbfcc1f0/element/b4db575b-c3ea-4606-b560-7e31827ef2af/text'
[DEBUG] 

Request DefaultFullHttpRequest(decodeResult: success, version: HTTP/1.1, content: EmptyByteBufBE)
GET /session/1d17cba2db6a7aededa6c8addbfcc1f0/element/b4db575b-c3ea-4606-b560-7e31827ef2af/text HTTP/1.1
User-Agent: selenium/4.6.0 (java windows)
Cache-Control: no-cache
Content-Type: application/json; charset=utf-8
host: localhost:2690
accept: */*

Response DefaultHttpResponse(decodeResult: success, version: HTTP/1.1)
HTTP/1.1 200 OK
Content-Type: application/json; charset=utf-8
cache-control: no-cache
content-length: 18

[DEBUG] Adding key: http://localhost:2690 for channel [id: 0xe5765420, L:/127.0.0.1:59515 - R:localhost/127.0.0.1:2690]
[DEBUG] Using pooled Channel '[id: 0xe5765420, L:/127.0.0.1:59515 - R:localhost/127.0.0.1:2690]' for 'POST' to 'http://localhost:2690/session/1d17cba2db6a7aededa6c8addbfcc1f0/elements'
[DEBUG] Using open Channel [id: 0xe5765420, L:/127.0.0.1:59515 - R:localhost/127.0.0.1:2690] for POST '/session/1d17cba2db6a7aededa6c8addbfcc1f0/elements'
[DEBUG] 

Request DefaultHttpRequest(decodeResult: success, version: HTTP/1.1)
POST /session/1d17cba2db6a7aededa6c8addbfcc1f0/elements HTTP/1.1
User-Agent: selenium/4.6.0 (java windows)
Content-Length: 129
Content-Type: application/json; charset=utf-8
host: localhost:2690
accept: */*

Response DefaultHttpResponse(decodeResult: success, version: HTTP/1.1)
HTTP/1.1 200 OK
Content-Type: application/json; charset=utf-8
cache-control: no-cache
content-length: 90

[DEBUG] Adding key: http://localhost:2690 for channel [id: 0xe5765420, L:/127.0.0.1:59515 - R:localhost/127.0.0.1:2690]
[DEBUG] Using pooled Channel '[id: 0xe5765420, L:/127.0.0.1:59515 - R:localhost/127.0.0.1:2690]' for 'GET' to 'http://localhost:2690/session/1d17cba2db6a7aededa6c8addbfcc1f0/element/7980f9c0-5543-4d53-b4c8-db1760108941/text'
[DEBUG] Using open Channel [id: 0xe5765420, L:/127.0.0.1:59515 - R:localhost/127.0.0.1:2690] for GET '/session/1d17cba2db6a7aededa6c8addbfcc1f0/element/7980f9c0-5543-4d53-b4c8-db1760108941/text'
[DEBUG] 

Request DefaultFullHttpRequest(decodeResult: success, version: HTTP/1.1, content: EmptyByteBufBE)
GET /session/1d17cba2db6a7aededa6c8addbfcc1f0/element/7980f9c0-5543-4d53-b4c8-db1760108941/text HTTP/1.1
User-Agent: selenium/4.6.0 (java windows)
Cache-Control: no-cache
Content-Type: application/json; charset=utf-8
host: localhost:2690
accept: */*

Response DefaultHttpResponse(decodeResult: success, version: HTTP/1.1)
HTTP/1.1 200 OK
Content-Type: application/json; charset=utf-8
cache-control: no-cache
content-length: 20

[DEBUG] Adding key: http://localhost:2690 for channel [id: 0xe5765420, L:/127.0.0.1:59515 - R:localhost/127.0.0.1:2690]
[DEBUG] Using pooled Channel '[id: 0xe5765420, L:/127.0.0.1:59515 - R:localhost/127.0.0.1:2690]' for 'POST' to 'http://localhost:2690/session/1d17cba2db6a7aededa6c8addbfcc1f0/elements'
[DEBUG] Using open Channel [id: 0xe5765420, L:/127.0.0.1:59515 - R:localhost/127.0.0.1:2690] for POST '/session/1d17cba2db6a7aededa6c8addbfcc1f0/elements'
[DEBUG] 

Request DefaultHttpRequest(decodeResult: success, version: HTTP/1.1)
POST /session/1d17cba2db6a7aededa6c8addbfcc1f0/elements HTTP/1.1
User-Agent: selenium/4.6.0 (java windows)
Content-Length: 129
Content-Type: application/json; charset=utf-8
host: localhost:2690
accept: */*

Response DefaultHttpResponse(decodeResult: success, version: HTTP/1.1)
HTTP/1.1 200 OK
Content-Type: application/json; charset=utf-8
cache-control: no-cache
content-length: 90

[DEBUG] Adding key: http://localhost:2690 for channel [id: 0xe5765420, L:/127.0.0.1:59515 - R:localhost/127.0.0.1:2690]
[DEBUG] Using pooled Channel '[id: 0xe5765420, L:/127.0.0.1:59515 - R:localhost/127.0.0.1:2690]' for 'GET' to 'http://localhost:2690/session/1d17cba2db6a7aededa6c8addbfcc1f0/element/d3ae005c-558c-4d5f-91cb-c30555cd65f0/text'
[DEBUG] Using open Channel [id: 0xe5765420, L:/127.0.0.1:59515 - R:localhost/127.0.0.1:2690] for GET '/session/1d17cba2db6a7aededa6c8addbfcc1f0/element/d3ae005c-558c-4d5f-91cb-c30555cd65f0/text'
[DEBUG] 

Request DefaultFullHttpRequest(decodeResult: success, version: HTTP/1.1, content: EmptyByteBufBE)
GET /session/1d17cba2db6a7aededa6c8addbfcc1f0/element/d3ae005c-558c-4d5f-91cb-c30555cd65f0/text HTTP/1.1
User-Agent: selenium/4.6.0 (java windows)
Cache-Control: no-cache
Content-Type: application/json; charset=utf-8
host: localhost:2690
accept: */*

Response DefaultHttpResponse(decodeResult: success, version: HTTP/1.1)
HTTP/1.1 200 OK
Content-Type: application/json; charset=utf-8
cache-control: no-cache
content-length: 28

[DEBUG] Adding key: http://localhost:2690 for channel [id: 0xe5765420, L:/127.0.0.1:59515 - R:localhost/127.0.0.1:2690]
[DEBUG] Using pooled Channel '[id: 0xe5765420, L:/127.0.0.1:59515 - R:localhost/127.0.0.1:2690]' for 'POST' to 'http://localhost:2690/session/1d17cba2db6a7aededa6c8addbfcc1f0/element'
[DEBUG] Using open Channel [id: 0xe5765420, L:/127.0.0.1:59515 - R:localhost/127.0.0.1:2690] for POST '/session/1d17cba2db6a7aededa6c8addbfcc1f0/element'
[DEBUG] 

Request DefaultHttpRequest(decodeResult: success, version: HTTP/1.1)
POST /session/1d17cba2db6a7aededa6c8addbfcc1f0/element HTTP/1.1
User-Agent: selenium/4.6.0 (java windows)
Content-Length: 129
Content-Type: application/json; charset=utf-8
host: localhost:2690
accept: */*

Response DefaultHttpResponse(decodeResult: success, version: HTTP/1.1)
HTTP/1.1 200 OK
Content-Type: application/json; charset=utf-8
cache-control: no-cache
content-length: 88

[DEBUG] Adding key: http://localhost:2690 for channel [id: 0xe5765420, L:/127.0.0.1:59515 - R:localhost/127.0.0.1:2690]
[DEBUG] Using pooled Channel '[id: 0xe5765420, L:/127.0.0.1:59515 - R:localhost/127.0.0.1:2690]' for 'GET' to 'http://localhost:2690/session/1d17cba2db6a7aededa6c8addbfcc1f0/element/9ba794c0-4d29-461c-a322-e4b1d52e5f22/text'
[DEBUG] Using open Channel [id: 0xe5765420, L:/127.0.0.1:59515 - R:localhost/127.0.0.1:2690] for GET '/session/1d17cba2db6a7aededa6c8addbfcc1f0/element/9ba794c0-4d29-461c-a322-e4b1d52e5f22/text'
[DEBUG] 

Request DefaultFullHttpRequest(decodeResult: success, version: HTTP/1.1, content: EmptyByteBufBE)
GET /session/1d17cba2db6a7aededa6c8addbfcc1f0/element/9ba794c0-4d29-461c-a322-e4b1d52e5f22/text HTTP/1.1
User-Agent: selenium/4.6.0 (java windows)
Cache-Control: no-cache
Content-Type: application/json; charset=utf-8
host: localhost:2690
accept: */*

Response DefaultHttpResponse(decodeResult: success, version: HTTP/1.1)
HTTP/1.1 200 OK
Content-Type: application/json; charset=utf-8
cache-control: no-cache
content-length: 26

[DEBUG] Adding key: http://localhost:2690 for channel [id: 0xe5765420, L:/127.0.0.1:59515 - R:localhost/127.0.0.1:2690]
[DEBUG] Using pooled Channel '[id: 0xe5765420, L:/127.0.0.1:59515 - R:localhost/127.0.0.1:2690]' for 'POST' to 'http://localhost:2690/session/1d17cba2db6a7aededa6c8addbfcc1f0/element'
[DEBUG] Using open Channel [id: 0xe5765420, L:/127.0.0.1:59515 - R:localhost/127.0.0.1:2690] for POST '/session/1d17cba2db6a7aededa6c8addbfcc1f0/element'
[DEBUG] 

Request DefaultHttpRequest(decodeResult: success, version: HTTP/1.1)
POST /session/1d17cba2db6a7aededa6c8addbfcc1f0/element HTTP/1.1
User-Agent: selenium/4.6.0 (java windows)
Content-Length: 129
Content-Type: application/json; charset=utf-8
host: localhost:2690
accept: */*

Response DefaultHttpResponse(decodeResult: success, version: HTTP/1.1)
HTTP/1.1 200 OK
Content-Type: application/json; charset=utf-8
cache-control: no-cache
content-length: 88

[DEBUG] Adding key: http://localhost:2690 for channel [id: 0xe5765420, L:/127.0.0.1:59515 - R:localhost/127.0.0.1:2690]
[DEBUG] Using pooled Channel '[id: 0xe5765420, L:/127.0.0.1:59515 - R:localhost/127.0.0.1:2690]' for 'GET' to 'http://localhost:2690/session/1d17cba2db6a7aededa6c8addbfcc1f0/element/735cb8bc-43f8-4451-a723-732dec7759c1/text'
[DEBUG] Using open Channel [id: 0xe5765420, L:/127.0.0.1:59515 - R:localhost/127.0.0.1:2690] for GET '/session/1d17cba2db6a7aededa6c8addbfcc1f0/element/735cb8bc-43f8-4451-a723-732dec7759c1/text'
[DEBUG] 

Request DefaultFullHttpRequest(decodeResult: success, version: HTTP/1.1, content: EmptyByteBufBE)
GET /session/1d17cba2db6a7aededa6c8addbfcc1f0/element/735cb8bc-43f8-4451-a723-732dec7759c1/text HTTP/1.1
User-Agent: selenium/4.6.0 (java windows)
Cache-Control: no-cache
Content-Type: application/json; charset=utf-8
host: localhost:2690
accept: */*

Response DefaultHttpResponse(decodeResult: success, version: HTTP/1.1)
HTTP/1.1 200 OK
Content-Type: application/json; charset=utf-8
cache-control: no-cache
content-length: 28

[DEBUG] Adding key: http://localhost:2690 for channel [id: 0xe5765420, L:/127.0.0.1:59515 - R:localhost/127.0.0.1:2690]
[DEBUG] Using pooled Channel '[id: 0xe5765420, L:/127.0.0.1:59515 - R:localhost/127.0.0.1:2690]' for 'POST' to 'http://localhost:2690/session/1d17cba2db6a7aededa6c8addbfcc1f0/elements'
[DEBUG] Using open Channel [id: 0xe5765420, L:/127.0.0.1:59515 - R:localhost/127.0.0.1:2690] for POST '/session/1d17cba2db6a7aededa6c8addbfcc1f0/elements'
[DEBUG] 

Request DefaultHttpRequest(decodeResult: success, version: HTTP/1.1)
POST /session/1d17cba2db6a7aededa6c8addbfcc1f0/elements HTTP/1.1
User-Agent: selenium/4.6.0 (java windows)
Content-Length: 129
Content-Type: application/json; charset=utf-8
host: localhost:2690
accept: */*

Response DefaultHttpResponse(decodeResult: success, version: HTTP/1.1)
HTTP/1.1 200 OK
Content-Type: application/json; charset=utf-8
cache-control: no-cache
content-length: 90

[DEBUG] Adding key: http://localhost:2690 for channel [id: 0xe5765420, L:/127.0.0.1:59515 - R:localhost/127.0.0.1:2690]
[DEBUG] Using pooled Channel '[id: 0xe5765420, L:/127.0.0.1:59515 - R:localhost/127.0.0.1:2690]' for 'GET' to 'http://localhost:2690/session/1d17cba2db6a7aededa6c8addbfcc1f0/element/cb707684-ae4a-4161-814b-0389fe745cdf/text'
[DEBUG] Using open Channel [id: 0xe5765420, L:/127.0.0.1:59515 - R:localhost/127.0.0.1:2690] for GET '/session/1d17cba2db6a7aededa6c8addbfcc1f0/element/cb707684-ae4a-4161-814b-0389fe745cdf/text'
[DEBUG] 

Request DefaultFullHttpRequest(decodeResult: success, version: HTTP/1.1, content: EmptyByteBufBE)
GET /session/1d17cba2db6a7aededa6c8addbfcc1f0/element/cb707684-ae4a-4161-814b-0389fe745cdf/text HTTP/1.1
User-Agent: selenium/4.6.0 (java windows)
Cache-Control: no-cache
Content-Type: application/json; charset=utf-8
host: localhost:2690
accept: */*

Response DefaultHttpResponse(decodeResult: success, version: HTTP/1.1)
HTTP/1.1 200 OK
Content-Type: application/json; charset=utf-8
cache-control: no-cache
content-length: 23

[DEBUG] Adding key: http://localhost:2690 for channel [id: 0xe5765420, L:/127.0.0.1:59515 - R:localhost/127.0.0.1:2690]
[DEBUG] Using pooled Channel '[id: 0xe5765420, L:/127.0.0.1:59515 - R:localhost/127.0.0.1:2690]' for 'POST' to 'http://localhost:2690/session/1d17cba2db6a7aededa6c8addbfcc1f0/elements'
[DEBUG] Using open Channel [id: 0xe5765420, L:/127.0.0.1:59515 - R:localhost/127.0.0.1:2690] for POST '/session/1d17cba2db6a7aededa6c8addbfcc1f0/elements'
[DEBUG] 

Request DefaultHttpRequest(decodeResult: success, version: HTTP/1.1)
POST /session/1d17cba2db6a7aededa6c8addbfcc1f0/elements HTTP/1.1
User-Agent: selenium/4.6.0 (java windows)
Content-Length: 129
Content-Type: application/json; charset=utf-8
host: localhost:2690
accept: */*

Response DefaultHttpResponse(decodeResult: success, version: HTTP/1.1)
HTTP/1.1 200 OK
Content-Type: application/json; charset=utf-8
cache-control: no-cache
content-length: 90

[DEBUG] Adding key: http://localhost:2690 for channel [id: 0xe5765420, L:/127.0.0.1:59515 - R:localhost/127.0.0.1:2690]
[DEBUG] Using pooled Channel '[id: 0xe5765420, L:/127.0.0.1:59515 - R:localhost/127.0.0.1:2690]' for 'GET' to 'http://localhost:2690/session/1d17cba2db6a7aededa6c8addbfcc1f0/element/5af0a85e-db7d-4853-8ded-92dd122d3de1/text'
[DEBUG] Using open Channel [id: 0xe5765420, L:/127.0.0.1:59515 - R:localhost/127.0.0.1:2690] for GET '/session/1d17cba2db6a7aededa6c8addbfcc1f0/element/5af0a85e-db7d-4853-8ded-92dd122d3de1/text'
[DEBUG] 

Request DefaultFullHttpRequest(decodeResult: success, version: HTTP/1.1, content: EmptyByteBufBE)
GET /session/1d17cba2db6a7aededa6c8addbfcc1f0/element/5af0a85e-db7d-4853-8ded-92dd122d3de1/text HTTP/1.1
User-Agent: selenium/4.6.0 (java windows)
Cache-Control: no-cache
Content-Type: application/json; charset=utf-8
host: localhost:2690
accept: */*

Response DefaultHttpResponse(decodeResult: success, version: HTTP/1.1)
HTTP/1.1 200 OK
Content-Type: application/json; charset=utf-8
cache-control: no-cache
content-length: 18

[DEBUG] Adding key: http://localhost:2690 for channel [id: 0xe5765420, L:/127.0.0.1:59515 - R:localhost/127.0.0.1:2690]
[DEBUG] Using pooled Channel '[id: 0xe5765420, L:/127.0.0.1:59515 - R:localhost/127.0.0.1:2690]' for 'POST' to 'http://localhost:2690/session/1d17cba2db6a7aededa6c8addbfcc1f0/elements'
[DEBUG] Using open Channel [id: 0xe5765420, L:/127.0.0.1:59515 - R:localhost/127.0.0.1:2690] for POST '/session/1d17cba2db6a7aededa6c8addbfcc1f0/elements'
[DEBUG] 

Request DefaultHttpRequest(decodeResult: success, version: HTTP/1.1)
POST /session/1d17cba2db6a7aededa6c8addbfcc1f0/elements HTTP/1.1
User-Agent: selenium/4.6.0 (java windows)
Content-Length: 129
Content-Type: application/json; charset=utf-8
host: localhost:2690
accept: */*

Response DefaultHttpResponse(decodeResult: success, version: HTTP/1.1)
HTTP/1.1 200 OK
Content-Type: application/json; charset=utf-8
cache-control: no-cache
content-length: 90

[DEBUG] Adding key: http://localhost:2690 for channel [id: 0xe5765420, L:/127.0.0.1:59515 - R:localhost/127.0.0.1:2690]
[DEBUG] Using pooled Channel '[id: 0xe5765420, L:/127.0.0.1:59515 - R:localhost/127.0.0.1:2690]' for 'GET' to 'http://localhost:2690/session/1d17cba2db6a7aededa6c8addbfcc1f0/element/8485053a-c9b8-4926-843d-11bffd47174f/text'
[DEBUG] Using open Channel [id: 0xe5765420, L:/127.0.0.1:59515 - R:localhost/127.0.0.1:2690] for GET '/session/1d17cba2db6a7aededa6c8addbfcc1f0/element/8485053a-c9b8-4926-843d-11bffd47174f/text'
[DEBUG] 

Request DefaultFullHttpRequest(decodeResult: success, version: HTTP/1.1, content: EmptyByteBufBE)
GET /session/1d17cba2db6a7aededa6c8addbfcc1f0/element/8485053a-c9b8-4926-843d-11bffd47174f/text HTTP/1.1
User-Agent: selenium/4.6.0 (java windows)
Cache-Control: no-cache
Content-Type: application/json; charset=utf-8
host: localhost:2690
accept: */*

Response DefaultHttpResponse(decodeResult: success, version: HTTP/1.1)
HTTP/1.1 200 OK
Content-Type: application/json; charset=utf-8
cache-control: no-cache
content-length: 33

[DEBUG] Adding key: http://localhost:2690 for channel [id: 0xe5765420, L:/127.0.0.1:59515 - R:localhost/127.0.0.1:2690]
[DEBUG] Using pooled Channel '[id: 0xe5765420, L:/127.0.0.1:59515 - R:localhost/127.0.0.1:2690]' for 'POST' to 'http://localhost:2690/session/1d17cba2db6a7aededa6c8addbfcc1f0/elements'
[DEBUG] Using open Channel [id: 0xe5765420, L:/127.0.0.1:59515 - R:localhost/127.0.0.1:2690] for POST '/session/1d17cba2db6a7aededa6c8addbfcc1f0/elements'
[DEBUG] 

Request DefaultHttpRequest(decodeResult: success, version: HTTP/1.1)
POST /session/1d17cba2db6a7aededa6c8addbfcc1f0/elements HTTP/1.1
User-Agent: selenium/4.6.0 (java windows)
Content-Length: 129
Content-Type: application/json; charset=utf-8
host: localhost:2690
accept: */*

Response DefaultHttpResponse(decodeResult: success, version: HTTP/1.1)
HTTP/1.1 200 OK
Content-Type: application/json; charset=utf-8
cache-control: no-cache
content-length: 90

[DEBUG] Adding key: http://localhost:2690 for channel [id: 0xe5765420, L:/127.0.0.1:59515 - R:localhost/127.0.0.1:2690]
[DEBUG] Using pooled Channel '[id: 0xe5765420, L:/127.0.0.1:59515 - R:localhost/127.0.0.1:2690]' for 'GET' to 'http://localhost:2690/session/1d17cba2db6a7aededa6c8addbfcc1f0/element/735cb8bc-43f8-4451-a723-732dec7759c1/text'
[DEBUG] Using open Channel [id: 0xe5765420, L:/127.0.0.1:59515 - R:localhost/127.0.0.1:2690] for GET '/session/1d17cba2db6a7aededa6c8addbfcc1f0/element/735cb8bc-43f8-4451-a723-732dec7759c1/text'
[DEBUG] 

Request DefaultFullHttpRequest(decodeResult: success, version: HTTP/1.1, content: EmptyByteBufBE)
GET /session/1d17cba2db6a7aededa6c8addbfcc1f0/element/735cb8bc-43f8-4451-a723-732dec7759c1/text HTTP/1.1
User-Agent: selenium/4.6.0 (java windows)
Cache-Control: no-cache
Content-Type: application/json; charset=utf-8
host: localhost:2690
accept: */*

Response DefaultHttpResponse(decodeResult: success, version: HTTP/1.1)
HTTP/1.1 200 OK
Content-Type: application/json; charset=utf-8
cache-control: no-cache
content-length: 28

[DEBUG] Adding key: http://localhost:2690 for channel [id: 0xe5765420, L:/127.0.0.1:59515 - R:localhost/127.0.0.1:2690]
[DEBUG] Using pooled Channel '[id: 0xe5765420, L:/127.0.0.1:59515 - R:localhost/127.0.0.1:2690]' for 'POST' to 'http://localhost:2690/session/1d17cba2db6a7aededa6c8addbfcc1f0/element'
[DEBUG] Using open Channel [id: 0xe5765420, L:/127.0.0.1:59515 - R:localhost/127.0.0.1:2690] for POST '/session/1d17cba2db6a7aededa6c8addbfcc1f0/element'
[DEBUG] 

Request DefaultHttpRequest(decodeResult: success, version: HTTP/1.1)
POST /session/1d17cba2db6a7aededa6c8addbfcc1f0/element HTTP/1.1
User-Agent: selenium/4.6.0 (java windows)
Content-Length: 129
Content-Type: application/json; charset=utf-8
host: localhost:2690
accept: */*

Response DefaultHttpResponse(decodeResult: success, version: HTTP/1.1)
HTTP/1.1 200 OK
Content-Type: application/json; charset=utf-8
cache-control: no-cache
content-length: 88

[DEBUG] Adding key: http://localhost:2690 for channel [id: 0xe5765420, L:/127.0.0.1:59515 - R:localhost/127.0.0.1:2690]
[DEBUG] Using pooled Channel '[id: 0xe5765420, L:/127.0.0.1:59515 - R:localhost/127.0.0.1:2690]' for 'GET' to 'http://localhost:2690/session/1d17cba2db6a7aededa6c8addbfcc1f0/element/5f0cd3fe-8809-4612-acd1-e5633d841e5a/text'
[DEBUG] Using open Channel [id: 0xe5765420, L:/127.0.0.1:59515 - R:localhost/127.0.0.1:2690] for GET '/session/1d17cba2db6a7aededa6c8addbfcc1f0/element/5f0cd3fe-8809-4612-acd1-e5633d841e5a/text'
[DEBUG] 

Request DefaultFullHttpRequest(decodeResult: success, version: HTTP/1.1, content: EmptyByteBufBE)
GET /session/1d17cba2db6a7aededa6c8addbfcc1f0/element/5f0cd3fe-8809-4612-acd1-e5633d841e5a/text HTTP/1.1
User-Agent: selenium/4.6.0 (java windows)
Cache-Control: no-cache
Content-Type: application/json; charset=utf-8
host: localhost:2690
accept: */*

Response DefaultHttpResponse(decodeResult: success, version: HTTP/1.1)
HTTP/1.1 200 OK
Content-Type: application/json; charset=utf-8
cache-control: no-cache
content-length: 26

[DEBUG] Adding key: http://localhost:2690 for channel [id: 0xe5765420, L:/127.0.0.1:59515 - R:localhost/127.0.0.1:2690]
[DEBUG] Using pooled Channel '[id: 0xe5765420, L:/127.0.0.1:59515 - R:localhost/127.0.0.1:2690]' for 'POST' to 'http://localhost:2690/session/1d17cba2db6a7aededa6c8addbfcc1f0/element'
[DEBUG] Using open Channel [id: 0xe5765420, L:/127.0.0.1:59515 - R:localhost/127.0.0.1:2690] for POST '/session/1d17cba2db6a7aededa6c8addbfcc1f0/element'
[DEBUG] 

Request DefaultHttpRequest(decodeResult: success, version: HTTP/1.1)
POST /session/1d17cba2db6a7aededa6c8addbfcc1f0/element HTTP/1.1
User-Agent: selenium/4.6.0 (java windows)
Content-Length: 129
Content-Type: application/json; charset=utf-8
host: localhost:2690
accept: */*

Response DefaultHttpResponse(decodeResult: success, version: HTTP/1.1)
HTTP/1.1 200 OK
Content-Type: application/json; charset=utf-8
cache-control: no-cache
content-length: 88

[DEBUG] Adding key: http://localhost:2690 for channel [id: 0xe5765420, L:/127.0.0.1:59515 - R:localhost/127.0.0.1:2690]
[DEBUG] Using pooled Channel '[id: 0xe5765420, L:/127.0.0.1:59515 - R:localhost/127.0.0.1:2690]' for 'GET' to 'http://localhost:2690/session/1d17cba2db6a7aededa6c8addbfcc1f0/element/270f6c50-1dbf-4e1f-89d9-49f9c5795232/text'
[DEBUG] Using open Channel [id: 0xe5765420, L:/127.0.0.1:59515 - R:localhost/127.0.0.1:2690] for GET '/session/1d17cba2db6a7aededa6c8addbfcc1f0/element/270f6c50-1dbf-4e1f-89d9-49f9c5795232/text'
[DEBUG] 

Request DefaultFullHttpRequest(decodeResult: success, version: HTTP/1.1, content: EmptyByteBufBE)
GET /session/1d17cba2db6a7aededa6c8addbfcc1f0/element/270f6c50-1dbf-4e1f-89d9-49f9c5795232/text HTTP/1.1
User-Agent: selenium/4.6.0 (java windows)
Cache-Control: no-cache
Content-Type: application/json; charset=utf-8
host: localhost:2690
accept: */*

Response DefaultHttpResponse(decodeResult: success, version: HTTP/1.1)
HTTP/1.1 200 OK
Content-Type: application/json; charset=utf-8
cache-control: no-cache
content-length: 26

[DEBUG] Adding key: http://localhost:2690 for channel [id: 0xe5765420, L:/127.0.0.1:59515 - R:localhost/127.0.0.1:2690]
[DEBUG] Using pooled Channel '[id: 0xe5765420, L:/127.0.0.1:59515 - R:localhost/127.0.0.1:2690]' for 'POST' to 'http://localhost:2690/session/1d17cba2db6a7aededa6c8addbfcc1f0/element'
[DEBUG] Using open Channel [id: 0xe5765420, L:/127.0.0.1:59515 - R:localhost/127.0.0.1:2690] for POST '/session/1d17cba2db6a7aededa6c8addbfcc1f0/element'
[DEBUG] 

Request DefaultHttpRequest(decodeResult: success, version: HTTP/1.1)
POST /session/1d17cba2db6a7aededa6c8addbfcc1f0/element HTTP/1.1
User-Agent: selenium/4.6.0 (java windows)
Content-Length: 129
Content-Type: application/json; charset=utf-8
host: localhost:2690
accept: */*

Response DefaultHttpResponse(decodeResult: success, version: HTTP/1.1)
HTTP/1.1 200 OK
Content-Type: application/json; charset=utf-8
cache-control: no-cache
content-length: 88

[DEBUG] Adding key: http://localhost:2690 for channel [id: 0xe5765420, L:/127.0.0.1:59515 - R:localhost/127.0.0.1:2690]
[DEBUG] Using pooled Channel '[id: 0xe5765420, L:/127.0.0.1:59515 - R:localhost/127.0.0.1:2690]' for 'GET' to 'http://localhost:2690/session/1d17cba2db6a7aededa6c8addbfcc1f0/element/8e6f9330-6b26-4fb1-b48f-b182f32c5c86/text'
[DEBUG] Using open Channel [id: 0xe5765420, L:/127.0.0.1:59515 - R:localhost/127.0.0.1:2690] for GET '/session/1d17cba2db6a7aededa6c8addbfcc1f0/element/8e6f9330-6b26-4fb1-b48f-b182f32c5c86/text'
[DEBUG] 

Request DefaultFullHttpRequest(decodeResult: success, version: HTTP/1.1, content: EmptyByteBufBE)
GET /session/1d17cba2db6a7aededa6c8addbfcc1f0/element/8e6f9330-6b26-4fb1-b48f-b182f32c5c86/text HTTP/1.1
User-Agent: selenium/4.6.0 (java windows)
Cache-Control: no-cache
Content-Type: application/json; charset=utf-8
host: localhost:2690
accept: */*

Response DefaultHttpResponse(decodeResult: success, version: HTTP/1.1)
HTTP/1.1 200 OK
Content-Type: application/json; charset=utf-8
cache-control: no-cache
content-length: 28

[DEBUG] Adding key: http://localhost:2690 for channel [id: 0xe5765420, L:/127.0.0.1:59515 - R:localhost/127.0.0.1:2690]
[DEBUG] Using pooled Channel '[id: 0xe5765420, L:/127.0.0.1:59515 - R:localhost/127.0.0.1:2690]' for 'POST' to 'http://localhost:2690/session/1d17cba2db6a7aededa6c8addbfcc1f0/elements'
[DEBUG] Using open Channel [id: 0xe5765420, L:/127.0.0.1:59515 - R:localhost/127.0.0.1:2690] for POST '/session/1d17cba2db6a7aededa6c8addbfcc1f0/elements'
[DEBUG] 

Request DefaultHttpRequest(decodeResult: success, version: HTTP/1.1)
POST /session/1d17cba2db6a7aededa6c8addbfcc1f0/elements HTTP/1.1
User-Agent: selenium/4.6.0 (java windows)
Content-Length: 129
Content-Type: application/json; charset=utf-8
host: localhost:2690
accept: */*

Response DefaultHttpResponse(decodeResult: success, version: HTTP/1.1)
HTTP/1.1 200 OK
Content-Type: application/json; charset=utf-8
cache-control: no-cache
content-length: 90

[DEBUG] Adding key: http://localhost:2690 for channel [id: 0xe5765420, L:/127.0.0.1:59515 - R:localhost/127.0.0.1:2690]
[DEBUG] Using pooled Channel '[id: 0xe5765420, L:/127.0.0.1:59515 - R:localhost/127.0.0.1:2690]' for 'GET' to 'http://localhost:2690/session/1d17cba2db6a7aededa6c8addbfcc1f0/element/707e27c9-764c-4d6e-8138-1ef018f59d9d/text'
[DEBUG] Using open Channel [id: 0xe5765420, L:/127.0.0.1:59515 - R:localhost/127.0.0.1:2690] for GET '/session/1d17cba2db6a7aededa6c8addbfcc1f0/element/707e27c9-764c-4d6e-8138-1ef018f59d9d/text'
[DEBUG] 

Request DefaultFullHttpRequest(decodeResult: success, version: HTTP/1.1, content: EmptyByteBufBE)
GET /session/1d17cba2db6a7aededa6c8addbfcc1f0/element/707e27c9-764c-4d6e-8138-1ef018f59d9d/text HTTP/1.1
User-Agent: selenium/4.6.0 (java windows)
Cache-Control: no-cache
Content-Type: application/json; charset=utf-8
host: localhost:2690
accept: */*

Response DefaultHttpResponse(decodeResult: success, version: HTTP/1.1)
HTTP/1.1 200 OK
Content-Type: application/json; charset=utf-8
cache-control: no-cache
content-length: 23

[DEBUG] Adding key: http://localhost:2690 for channel [id: 0xe5765420, L:/127.0.0.1:59515 - R:localhost/127.0.0.1:2690]
[DEBUG] Using pooled Channel '[id: 0xe5765420, L:/127.0.0.1:59515 - R:localhost/127.0.0.1:2690]' for 'POST' to 'http://localhost:2690/session/1d17cba2db6a7aededa6c8addbfcc1f0/elements'
[DEBUG] Using open Channel [id: 0xe5765420, L:/127.0.0.1:59515 - R:localhost/127.0.0.1:2690] for POST '/session/1d17cba2db6a7aededa6c8addbfcc1f0/elements'
[DEBUG] 

Request DefaultHttpRequest(decodeResult: success, version: HTTP/1.1)
POST /session/1d17cba2db6a7aededa6c8addbfcc1f0/elements HTTP/1.1
User-Agent: selenium/4.6.0 (java windows)
Content-Length: 129
Content-Type: application/json; charset=utf-8
host: localhost:2690
accept: */*

Response DefaultHttpResponse(decodeResult: success, version: HTTP/1.1)
HTTP/1.1 200 OK
Content-Type: application/json; charset=utf-8
cache-control: no-cache
content-length: 90

[DEBUG] Adding key: http://localhost:2690 for channel [id: 0xe5765420, L:/127.0.0.1:59515 - R:localhost/127.0.0.1:2690]
[DEBUG] Using pooled Channel '[id: 0xe5765420, L:/127.0.0.1:59515 - R:localhost/127.0.0.1:2690]' for 'GET' to 'http://localhost:2690/session/1d17cba2db6a7aededa6c8addbfcc1f0/element/b351edc2-5fe6-410e-be9b-f003003dc509/text'
[DEBUG] Using open Channel [id: 0xe5765420, L:/127.0.0.1:59515 - R:localhost/127.0.0.1:2690] for GET '/session/1d17cba2db6a7aededa6c8addbfcc1f0/element/b351edc2-5fe6-410e-be9b-f003003dc509/text'
[DEBUG] 

Request DefaultFullHttpRequest(decodeResult: success, version: HTTP/1.1, content: EmptyByteBufBE)
GET /session/1d17cba2db6a7aededa6c8addbfcc1f0/element/b351edc2-5fe6-410e-be9b-f003003dc509/text HTTP/1.1
User-Agent: selenium/4.6.0 (java windows)
Cache-Control: no-cache
Content-Type: application/json; charset=utf-8
host: localhost:2690
accept: */*

Response DefaultHttpResponse(decodeResult: success, version: HTTP/1.1)
HTTP/1.1 200 OK
Content-Type: application/json; charset=utf-8
cache-control: no-cache
content-length: 20

[DEBUG] Adding key: http://localhost:2690 for channel [id: 0xe5765420, L:/127.0.0.1:59515 - R:localhost/127.0.0.1:2690]
[DEBUG] Using pooled Channel '[id: 0xe5765420, L:/127.0.0.1:59515 - R:localhost/127.0.0.1:2690]' for 'POST' to 'http://localhost:2690/session/1d17cba2db6a7aededa6c8addbfcc1f0/elements'
[DEBUG] Using open Channel [id: 0xe5765420, L:/127.0.0.1:59515 - R:localhost/127.0.0.1:2690] for POST '/session/1d17cba2db6a7aededa6c8addbfcc1f0/elements'
[DEBUG] 

Request DefaultHttpRequest(decodeResult: success, version: HTTP/1.1)
POST /session/1d17cba2db6a7aededa6c8addbfcc1f0/elements HTTP/1.1
User-Agent: selenium/4.6.0 (java windows)
Content-Length: 129
Content-Type: application/json; charset=utf-8
host: localhost:2690
accept: */*

Response DefaultHttpResponse(decodeResult: success, version: HTTP/1.1)
HTTP/1.1 200 OK
Content-Type: application/json; charset=utf-8
cache-control: no-cache
content-length: 90

[DEBUG] Adding key: http://localhost:2690 for channel [id: 0xe5765420, L:/127.0.0.1:59515 - R:localhost/127.0.0.1:2690]
[DEBUG] Using pooled Channel '[id: 0xe5765420, L:/127.0.0.1:59515 - R:localhost/127.0.0.1:2690]' for 'GET' to 'http://localhost:2690/session/1d17cba2db6a7aededa6c8addbfcc1f0/element/427a8d91-3610-43c6-bda2-6df33822a452/text'
[DEBUG] Using open Channel [id: 0xe5765420, L:/127.0.0.1:59515 - R:localhost/127.0.0.1:2690] for GET '/session/1d17cba2db6a7aededa6c8addbfcc1f0/element/427a8d91-3610-43c6-bda2-6df33822a452/text'
[DEBUG] 

Request DefaultFullHttpRequest(decodeResult: success, version: HTTP/1.1, content: EmptyByteBufBE)
GET /session/1d17cba2db6a7aededa6c8addbfcc1f0/element/427a8d91-3610-43c6-bda2-6df33822a452/text HTTP/1.1
User-Agent: selenium/4.6.0 (java windows)
Cache-Control: no-cache
Content-Type: application/json; charset=utf-8
host: localhost:2690
accept: */*

Response DefaultHttpResponse(decodeResult: success, version: HTTP/1.1)
HTTP/1.1 200 OK
Content-Type: application/json; charset=utf-8
cache-control: no-cache
content-length: 55

[DEBUG] Adding key: http://localhost:2690 for channel [id: 0xe5765420, L:/127.0.0.1:59515 - R:localhost/127.0.0.1:2690]
[DEBUG] Using pooled Channel '[id: 0xe5765420, L:/127.0.0.1:59515 - R:localhost/127.0.0.1:2690]' for 'POST' to 'http://localhost:2690/session/1d17cba2db6a7aededa6c8addbfcc1f0/elements'
[DEBUG] Using open Channel [id: 0xe5765420, L:/127.0.0.1:59515 - R:localhost/127.0.0.1:2690] for POST '/session/1d17cba2db6a7aededa6c8addbfcc1f0/elements'
[DEBUG] 

Request DefaultHttpRequest(decodeResult: success, version: HTTP/1.1)
POST /session/1d17cba2db6a7aededa6c8addbfcc1f0/elements HTTP/1.1
User-Agent: selenium/4.6.0 (java windows)
Content-Length: 129
Content-Type: application/json; charset=utf-8
host: localhost:2690
accept: */*

Response DefaultHttpResponse(decodeResult: success, version: HTTP/1.1)
HTTP/1.1 200 OK
Content-Type: application/json; charset=utf-8
cache-control: no-cache
content-length: 90

[DEBUG] Adding key: http://localhost:2690 for channel [id: 0xe5765420, L:/127.0.0.1:59515 - R:localhost/127.0.0.1:2690]
[DEBUG] Using pooled Channel '[id: 0xe5765420, L:/127.0.0.1:59515 - R:localhost/127.0.0.1:2690]' for 'GET' to 'http://localhost:2690/session/1d17cba2db6a7aededa6c8addbfcc1f0/element/8e6f9330-6b26-4fb1-b48f-b182f32c5c86/text'
[DEBUG] Using open Channel [id: 0xe5765420, L:/127.0.0.1:59515 - R:localhost/127.0.0.1:2690] for GET '/session/1d17cba2db6a7aededa6c8addbfcc1f0/element/8e6f9330-6b26-4fb1-b48f-b182f32c5c86/text'
[DEBUG] 

Request DefaultFullHttpRequest(decodeResult: success, version: HTTP/1.1, content: EmptyByteBufBE)
GET /session/1d17cba2db6a7aededa6c8addbfcc1f0/element/8e6f9330-6b26-4fb1-b48f-b182f32c5c86/text HTTP/1.1
User-Agent: selenium/4.6.0 (java windows)
Cache-Control: no-cache
Content-Type: application/json; charset=utf-8
host: localhost:2690
accept: */*

Response DefaultHttpResponse(decodeResult: success, version: HTTP/1.1)
HTTP/1.1 200 OK
Content-Type: application/json; charset=utf-8
cache-control: no-cache
content-length: 28

[DEBUG] Adding key: http://localhost:2690 for channel [id: 0xe5765420, L:/127.0.0.1:59515 - R:localhost/127.0.0.1:2690]
[DEBUG] Using pooled Channel '[id: 0xe5765420, L:/127.0.0.1:59515 - R:localhost/127.0.0.1:2690]' for 'POST' to 'http://localhost:2690/session/1d17cba2db6a7aededa6c8addbfcc1f0/element'
[DEBUG] Using open Channel [id: 0xe5765420, L:/127.0.0.1:59515 - R:localhost/127.0.0.1:2690] for POST '/session/1d17cba2db6a7aededa6c8addbfcc1f0/element'
[DEBUG] 

Request DefaultHttpRequest(decodeResult: success, version: HTTP/1.1)
POST /session/1d17cba2db6a7aededa6c8addbfcc1f0/element HTTP/1.1
User-Agent: selenium/4.6.0 (java windows)
Content-Length: 129
Content-Type: application/json; charset=utf-8
host: localhost:2690
accept: */*

Response DefaultHttpResponse(decodeResult: success, version: HTTP/1.1)
HTTP/1.1 200 OK
Content-Type: application/json; charset=utf-8
cache-control: no-cache
content-length: 88

[DEBUG] Adding key: http://localhost:2690 for channel [id: 0xe5765420, L:/127.0.0.1:59515 - R:localhost/127.0.0.1:2690]
[DEBUG] Using pooled Channel '[id: 0xe5765420, L:/127.0.0.1:59515 - R:localhost/127.0.0.1:2690]' for 'GET' to 'http://localhost:2690/session/1d17cba2db6a7aededa6c8addbfcc1f0/element/1599b57f-0d7a-49af-8a1b-6857824a8179/text'
[DEBUG] Using open Channel [id: 0xe5765420, L:/127.0.0.1:59515 - R:localhost/127.0.0.1:2690] for GET '/session/1d17cba2db6a7aededa6c8addbfcc1f0/element/1599b57f-0d7a-49af-8a1b-6857824a8179/text'
[DEBUG] 

Request DefaultFullHttpRequest(decodeResult: success, version: HTTP/1.1, content: EmptyByteBufBE)
GET /session/1d17cba2db6a7aededa6c8addbfcc1f0/element/1599b57f-0d7a-49af-8a1b-6857824a8179/text HTTP/1.1
User-Agent: selenium/4.6.0 (java windows)
Cache-Control: no-cache
Content-Type: application/json; charset=utf-8
host: localhost:2690
accept: */*

Response DefaultHttpResponse(decodeResult: success, version: HTTP/1.1)
HTTP/1.1 200 OK
Content-Type: application/json; charset=utf-8
cache-control: no-cache
content-length: 28

[DEBUG] Adding key: http://localhost:2690 for channel [id: 0xe5765420, L:/127.0.0.1:59515 - R:localhost/127.0.0.1:2690]
[DEBUG] Using pooled Channel '[id: 0xe5765420, L:/127.0.0.1:59515 - R:localhost/127.0.0.1:2690]' for 'POST' to 'http://localhost:2690/session/1d17cba2db6a7aededa6c8addbfcc1f0/elements'
[DEBUG] Using open Channel [id: 0xe5765420, L:/127.0.0.1:59515 - R:localhost/127.0.0.1:2690] for POST '/session/1d17cba2db6a7aededa6c8addbfcc1f0/elements'
[DEBUG] 

Request DefaultHttpRequest(decodeResult: success, version: HTTP/1.1)
POST /session/1d17cba2db6a7aededa6c8addbfcc1f0/elements HTTP/1.1
User-Agent: selenium/4.6.0 (java windows)
Content-Length: 129
Content-Type: application/json; charset=utf-8
host: localhost:2690
accept: */*

Response DefaultHttpResponse(decodeResult: success, version: HTTP/1.1)
HTTP/1.1 200 OK
Content-Type: application/json; charset=utf-8
cache-control: no-cache
content-length: 90

[DEBUG] Adding key: http://localhost:2690 for channel [id: 0xe5765420, L:/127.0.0.1:59515 - R:localhost/127.0.0.1:2690]
[DEBUG] Using pooled Channel '[id: 0xe5765420, L:/127.0.0.1:59515 - R:localhost/127.0.0.1:2690]' for 'GET' to 'http://localhost:2690/session/1d17cba2db6a7aededa6c8addbfcc1f0/element/6302376a-559c-4ef0-a2e9-68c9b9e8020a/text'
[DEBUG] Using open Channel [id: 0xe5765420, L:/127.0.0.1:59515 - R:localhost/127.0.0.1:2690] for GET '/session/1d17cba2db6a7aededa6c8addbfcc1f0/element/6302376a-559c-4ef0-a2e9-68c9b9e8020a/text'
[DEBUG] 

Request DefaultFullHttpRequest(decodeResult: success, version: HTTP/1.1, content: EmptyByteBufBE)
GET /session/1d17cba2db6a7aededa6c8addbfcc1f0/element/6302376a-559c-4ef0-a2e9-68c9b9e8020a/text HTTP/1.1
User-Agent: selenium/4.6.0 (java windows)
Cache-Control: no-cache
Content-Type: application/json; charset=utf-8
host: localhost:2690
accept: */*

Response DefaultHttpResponse(decodeResult: success, version: HTTP/1.1)
HTTP/1.1 200 OK
Content-Type: application/json; charset=utf-8
cache-control: no-cache
content-length: 23

[DEBUG] Adding key: http://localhost:2690 for channel [id: 0xe5765420, L:/127.0.0.1:59515 - R:localhost/127.0.0.1:2690]
[DEBUG] Using pooled Channel '[id: 0xe5765420, L:/127.0.0.1:59515 - R:localhost/127.0.0.1:2690]' for 'POST' to 'http://localhost:2690/session/1d17cba2db6a7aededa6c8addbfcc1f0/elements'
[DEBUG] Using open Channel [id: 0xe5765420, L:/127.0.0.1:59515 - R:localhost/127.0.0.1:2690] for POST '/session/1d17cba2db6a7aededa6c8addbfcc1f0/elements'
[DEBUG] 

Request DefaultHttpRequest(decodeResult: success, version: HTTP/1.1)
POST /session/1d17cba2db6a7aededa6c8addbfcc1f0/elements HTTP/1.1
User-Agent: selenium/4.6.0 (java windows)
Content-Length: 129
Content-Type: application/json; charset=utf-8
host: localhost:2690
accept: */*

Response DefaultHttpResponse(decodeResult: success, version: HTTP/1.1)
HTTP/1.1 200 OK
Content-Type: application/json; charset=utf-8
cache-control: no-cache
content-length: 90

[DEBUG] Adding key: http://localhost:2690 for channel [id: 0xe5765420, L:/127.0.0.1:59515 - R:localhost/127.0.0.1:2690]
[DEBUG] Using pooled Channel '[id: 0xe5765420, L:/127.0.0.1:59515 - R:localhost/127.0.0.1:2690]' for 'GET' to 'http://localhost:2690/session/1d17cba2db6a7aededa6c8addbfcc1f0/element/92e6aba2-a6f6-45e8-b068-79ac2a2a7978/text'
[DEBUG] Using open Channel [id: 0xe5765420, L:/127.0.0.1:59515 - R:localhost/127.0.0.1:2690] for GET '/session/1d17cba2db6a7aededa6c8addbfcc1f0/element/92e6aba2-a6f6-45e8-b068-79ac2a2a7978/text'
[DEBUG] 

Request DefaultFullHttpRequest(decodeResult: success, version: HTTP/1.1, content: EmptyByteBufBE)
GET /session/1d17cba2db6a7aededa6c8addbfcc1f0/element/92e6aba2-a6f6-45e8-b068-79ac2a2a7978/text HTTP/1.1
User-Agent: selenium/4.6.0 (java windows)
Cache-Control: no-cache
Content-Type: application/json; charset=utf-8
host: localhost:2690
accept: */*

Response DefaultHttpResponse(decodeResult: success, version: HTTP/1.1)
HTTP/1.1 200 OK
Content-Type: application/json; charset=utf-8
cache-control: no-cache
content-length: 21

[DEBUG] Adding key: http://localhost:2690 for channel [id: 0xe5765420, L:/127.0.0.1:59515 - R:localhost/127.0.0.1:2690]
[DEBUG] Using pooled Channel '[id: 0xe5765420, L:/127.0.0.1:59515 - R:localhost/127.0.0.1:2690]' for 'POST' to 'http://localhost:2690/session/1d17cba2db6a7aededa6c8addbfcc1f0/elements'
[DEBUG] Using open Channel [id: 0xe5765420, L:/127.0.0.1:59515 - R:localhost/127.0.0.1:2690] for POST '/session/1d17cba2db6a7aededa6c8addbfcc1f0/elements'
[DEBUG] 

Request DefaultHttpRequest(decodeResult: success, version: HTTP/1.1)
POST /session/1d17cba2db6a7aededa6c8addbfcc1f0/elements HTTP/1.1
User-Agent: selenium/4.6.0 (java windows)
Content-Length: 129
Content-Type: application/json; charset=utf-8
host: localhost:2690
accept: */*

Response DefaultHttpResponse(decodeResult: success, version: HTTP/1.1)
HTTP/1.1 200 OK
Content-Type: application/json; charset=utf-8
cache-control: no-cache
content-length: 90

[DEBUG] Adding key: http://localhost:2690 for channel [id: 0xe5765420, L:/127.0.0.1:59515 - R:localhost/127.0.0.1:2690]
[DEBUG] Using pooled Channel '[id: 0xe5765420, L:/127.0.0.1:59515 - R:localhost/127.0.0.1:2690]' for 'GET' to 'http://localhost:2690/session/1d17cba2db6a7aededa6c8addbfcc1f0/element/3db67c19-0b63-4404-9586-032fc2757e78/text'
[DEBUG] Using open Channel [id: 0xe5765420, L:/127.0.0.1:59515 - R:localhost/127.0.0.1:2690] for GET '/session/1d17cba2db6a7aededa6c8addbfcc1f0/element/3db67c19-0b63-4404-9586-032fc2757e78/text'
[DEBUG] 

Request DefaultFullHttpRequest(decodeResult: success, version: HTTP/1.1, content: EmptyByteBufBE)
GET /session/1d17cba2db6a7aededa6c8addbfcc1f0/element/3db67c19-0b63-4404-9586-032fc2757e78/text HTTP/1.1
User-Agent: selenium/4.6.0 (java windows)
Cache-Control: no-cache
Content-Type: application/json; charset=utf-8
host: localhost:2690
accept: */*

Response DefaultHttpResponse(decodeResult: success, version: HTTP/1.1)
HTTP/1.1 200 OK
Content-Type: application/json; charset=utf-8
cache-control: no-cache
content-length: 44

[DEBUG] Adding key: http://localhost:2690 for channel [id: 0xe5765420, L:/127.0.0.1:59515 - R:localhost/127.0.0.1:2690]
[DEBUG] Using pooled Channel '[id: 0xe5765420, L:/127.0.0.1:59515 - R:localhost/127.0.0.1:2690]' for 'POST' to 'http://localhost:2690/session/1d17cba2db6a7aededa6c8addbfcc1f0/elements'
[DEBUG] Using open Channel [id: 0xe5765420, L:/127.0.0.1:59515 - R:localhost/127.0.0.1:2690] for POST '/session/1d17cba2db6a7aededa6c8addbfcc1f0/elements'
[DEBUG] 

Request DefaultHttpRequest(decodeResult: success, version: HTTP/1.1)
POST /session/1d17cba2db6a7aededa6c8addbfcc1f0/elements HTTP/1.1
User-Agent: selenium/4.6.0 (java windows)
Content-Length: 129
Content-Type: application/json; charset=utf-8
host: localhost:2690
accept: */*

Response DefaultHttpResponse(decodeResult: success, version: HTTP/1.1)
HTTP/1.1 200 OK
Content-Type: application/json; charset=utf-8
cache-control: no-cache
content-length: 90

[DEBUG] Adding key: http://localhost:2690 for channel [id: 0xe5765420, L:/127.0.0.1:59515 - R:localhost/127.0.0.1:2690]
[DEBUG] Using pooled Channel '[id: 0xe5765420, L:/127.0.0.1:59515 - R:localhost/127.0.0.1:2690]' for 'GET' to 'http://localhost:2690/session/1d17cba2db6a7aededa6c8addbfcc1f0/element/1599b57f-0d7a-49af-8a1b-6857824a8179/text'
[DEBUG] Using open Channel [id: 0xe5765420, L:/127.0.0.1:59515 - R:localhost/127.0.0.1:2690] for GET '/session/1d17cba2db6a7aededa6c8addbfcc1f0/element/1599b57f-0d7a-49af-8a1b-6857824a8179/text'
[DEBUG] 

Request DefaultFullHttpRequest(decodeResult: success, version: HTTP/1.1, content: EmptyByteBufBE)
GET /session/1d17cba2db6a7aededa6c8addbfcc1f0/element/1599b57f-0d7a-49af-8a1b-6857824a8179/text HTTP/1.1
User-Agent: selenium/4.6.0 (java windows)
Cache-Control: no-cache
Content-Type: application/json; charset=utf-8
host: localhost:2690
accept: */*

Response DefaultHttpResponse(decodeResult: success, version: HTTP/1.1)
HTTP/1.1 200 OK
Content-Type: application/json; charset=utf-8
cache-control: no-cache
content-length: 28

[DEBUG] Adding key: http://localhost:2690 for channel [id: 0xe5765420, L:/127.0.0.1:59515 - R:localhost/127.0.0.1:2690]
[DEBUG] Using pooled Channel '[id: 0xe5765420, L:/127.0.0.1:59515 - R:localhost/127.0.0.1:2690]' for 'POST' to 'http://localhost:2690/session/1d17cba2db6a7aededa6c8addbfcc1f0/element'
[DEBUG] Using open Channel [id: 0xe5765420, L:/127.0.0.1:59515 - R:localhost/127.0.0.1:2690] for POST '/session/1d17cba2db6a7aededa6c8addbfcc1f0/element'
[DEBUG] 

Request DefaultHttpRequest(decodeResult: success, version: HTTP/1.1)
POST /session/1d17cba2db6a7aededa6c8addbfcc1f0/element HTTP/1.1
User-Agent: selenium/4.6.0 (java windows)
Content-Length: 129
Content-Type: application/json; charset=utf-8
host: localhost:2690
accept: */*

Response DefaultHttpResponse(decodeResult: success, version: HTTP/1.1)
HTTP/1.1 200 OK
Content-Type: application/json; charset=utf-8
cache-control: no-cache
content-length: 88

[DEBUG] Adding key: http://localhost:2690 for channel [id: 0xe5765420, L:/127.0.0.1:59515 - R:localhost/127.0.0.1:2690]
[DEBUG] Using pooled Channel '[id: 0xe5765420, L:/127.0.0.1:59515 - R:localhost/127.0.0.1:2690]' for 'GET' to 'http://localhost:2690/session/1d17cba2db6a7aededa6c8addbfcc1f0/element/43a5a861-92a7-457e-891b-d40ea93feeb1/text'
[DEBUG] Using open Channel [id: 0xe5765420, L:/127.0.0.1:59515 - R:localhost/127.0.0.1:2690] for GET '/session/1d17cba2db6a7aededa6c8addbfcc1f0/element/43a5a861-92a7-457e-891b-d40ea93feeb1/text'
[DEBUG] 

Request DefaultFullHttpRequest(decodeResult: success, version: HTTP/1.1, content: EmptyByteBufBE)
GET /session/1d17cba2db6a7aededa6c8addbfcc1f0/element/43a5a861-92a7-457e-891b-d40ea93feeb1/text HTTP/1.1
User-Agent: selenium/4.6.0 (java windows)
Cache-Control: no-cache
Content-Type: application/json; charset=utf-8
host: localhost:2690
accept: */*

Response DefaultHttpResponse(decodeResult: success, version: HTTP/1.1)
HTTP/1.1 200 OK
Content-Type: application/json; charset=utf-8
cache-control: no-cache
content-length: 28

[DEBUG] Adding key: http://localhost:2690 for channel [id: 0xe5765420, L:/127.0.0.1:59515 - R:localhost/127.0.0.1:2690]
[DEBUG] Using pooled Channel '[id: 0xe5765420, L:/127.0.0.1:59515 - R:localhost/127.0.0.1:2690]' for 'POST' to 'http://localhost:2690/session/1d17cba2db6a7aededa6c8addbfcc1f0/elements'
[DEBUG] Using open Channel [id: 0xe5765420, L:/127.0.0.1:59515 - R:localhost/127.0.0.1:2690] for POST '/session/1d17cba2db6a7aededa6c8addbfcc1f0/elements'
[DEBUG] 

Request DefaultHttpRequest(decodeResult: success, version: HTTP/1.1)
POST /session/1d17cba2db6a7aededa6c8addbfcc1f0/elements HTTP/1.1
User-Agent: selenium/4.6.0 (java windows)
Content-Length: 129
Content-Type: application/json; charset=utf-8
host: localhost:2690
accept: */*

Response DefaultHttpResponse(decodeResult: success, version: HTTP/1.1)
HTTP/1.1 200 OK
Content-Type: application/json; charset=utf-8
cache-control: no-cache
content-length: 90

[DEBUG] Adding key: http://localhost:2690 for channel [id: 0xe5765420, L:/127.0.0.1:59515 - R:localhost/127.0.0.1:2690]
[DEBUG] Using pooled Channel '[id: 0xe5765420, L:/127.0.0.1:59515 - R:localhost/127.0.0.1:2690]' for 'GET' to 'http://localhost:2690/session/1d17cba2db6a7aededa6c8addbfcc1f0/element/97386074-543b-427f-a13b-03ffee550af9/text'
[DEBUG] Using open Channel [id: 0xe5765420, L:/127.0.0.1:59515 - R:localhost/127.0.0.1:2690] for GET '/session/1d17cba2db6a7aededa6c8addbfcc1f0/element/97386074-543b-427f-a13b-03ffee550af9/text'
[DEBUG] 

Request DefaultFullHttpRequest(decodeResult: success, version: HTTP/1.1, content: EmptyByteBufBE)
GET /session/1d17cba2db6a7aededa6c8addbfcc1f0/element/97386074-543b-427f-a13b-03ffee550af9/text HTTP/1.1
User-Agent: selenium/4.6.0 (java windows)
Cache-Control: no-cache
Content-Type: application/json; charset=utf-8
host: localhost:2690
accept: */*

Response DefaultHttpResponse(decodeResult: success, version: HTTP/1.1)
HTTP/1.1 200 OK
Content-Type: application/json; charset=utf-8
cache-control: no-cache
content-length: 23

[DEBUG] Adding key: http://localhost:2690 for channel [id: 0xe5765420, L:/127.0.0.1:59515 - R:localhost/127.0.0.1:2690]
[DEBUG] Using pooled Channel '[id: 0xe5765420, L:/127.0.0.1:59515 - R:localhost/127.0.0.1:2690]' for 'POST' to 'http://localhost:2690/session/1d17cba2db6a7aededa6c8addbfcc1f0/elements'
[DEBUG] Using open Channel [id: 0xe5765420, L:/127.0.0.1:59515 - R:localhost/127.0.0.1:2690] for POST '/session/1d17cba2db6a7aededa6c8addbfcc1f0/elements'
[DEBUG] 

Request DefaultHttpRequest(decodeResult: success, version: HTTP/1.1)
POST /session/1d17cba2db6a7aededa6c8addbfcc1f0/elements HTTP/1.1
User-Agent: selenium/4.6.0 (java windows)
Content-Length: 129
Content-Type: application/json; charset=utf-8
host: localhost:2690
accept: */*

Response DefaultHttpResponse(decodeResult: success, version: HTTP/1.1)
HTTP/1.1 200 OK
Content-Type: application/json; charset=utf-8
cache-control: no-cache
content-length: 90

[DEBUG] Adding key: http://localhost:2690 for channel [id: 0xe5765420, L:/127.0.0.1:59515 - R:localhost/127.0.0.1:2690]
[DEBUG] Using pooled Channel '[id: 0xe5765420, L:/127.0.0.1:59515 - R:localhost/127.0.0.1:2690]' for 'GET' to 'http://localhost:2690/session/1d17cba2db6a7aededa6c8addbfcc1f0/element/53bd2382-68ca-449e-8c8e-5f56c3fdb676/text'
[DEBUG] Using open Channel [id: 0xe5765420, L:/127.0.0.1:59515 - R:localhost/127.0.0.1:2690] for GET '/session/1d17cba2db6a7aededa6c8addbfcc1f0/element/53bd2382-68ca-449e-8c8e-5f56c3fdb676/text'
[DEBUG] 

Request DefaultFullHttpRequest(decodeResult: success, version: HTTP/1.1, content: EmptyByteBufBE)
GET /session/1d17cba2db6a7aededa6c8addbfcc1f0/element/53bd2382-68ca-449e-8c8e-5f56c3fdb676/text HTTP/1.1
User-Agent: selenium/4.6.0 (java windows)
Cache-Control: no-cache
Content-Type: application/json; charset=utf-8
host: localhost:2690
accept: */*

Response DefaultHttpResponse(decodeResult: success, version: HTTP/1.1)
HTTP/1.1 200 OK
Content-Type: application/json; charset=utf-8
cache-control: no-cache
content-length: 19

[DEBUG] Adding key: http://localhost:2690 for channel [id: 0xe5765420, L:/127.0.0.1:59515 - R:localhost/127.0.0.1:2690]
[DEBUG] Using pooled Channel '[id: 0xe5765420, L:/127.0.0.1:59515 - R:localhost/127.0.0.1:2690]' for 'POST' to 'http://localhost:2690/session/1d17cba2db6a7aededa6c8addbfcc1f0/elements'
[DEBUG] Using open Channel [id: 0xe5765420, L:/127.0.0.1:59515 - R:localhost/127.0.0.1:2690] for POST '/session/1d17cba2db6a7aededa6c8addbfcc1f0/elements'
[DEBUG] 

Request DefaultHttpRequest(decodeResult: success, version: HTTP/1.1)
POST /session/1d17cba2db6a7aededa6c8addbfcc1f0/elements HTTP/1.1
User-Agent: selenium/4.6.0 (java windows)
Content-Length: 129
Content-Type: application/json; charset=utf-8
host: localhost:2690
accept: */*

Response DefaultHttpResponse(decodeResult: success, version: HTTP/1.1)
HTTP/1.1 200 OK
Content-Type: application/json; charset=utf-8
cache-control: no-cache
content-length: 90

[DEBUG] Adding key: http://localhost:2690 for channel [id: 0xe5765420, L:/127.0.0.1:59515 - R:localhost/127.0.0.1:2690]
[DEBUG] Using pooled Channel '[id: 0xe5765420, L:/127.0.0.1:59515 - R:localhost/127.0.0.1:2690]' for 'GET' to 'http://localhost:2690/session/1d17cba2db6a7aededa6c8addbfcc1f0/element/5cc1dd9c-630c-430b-b48f-25bfdee48b38/text'
[DEBUG] Using open Channel [id: 0xe5765420, L:/127.0.0.1:59515 - R:localhost/127.0.0.1:2690] for GET '/session/1d17cba2db6a7aededa6c8addbfcc1f0/element/5cc1dd9c-630c-430b-b48f-25bfdee48b38/text'
[DEBUG] 

Request DefaultFullHttpRequest(decodeResult: success, version: HTTP/1.1, content: EmptyByteBufBE)
GET /session/1d17cba2db6a7aededa6c8addbfcc1f0/element/5cc1dd9c-630c-430b-b48f-25bfdee48b38/text HTTP/1.1
User-Agent: selenium/4.6.0 (java windows)
Cache-Control: no-cache
Content-Type: application/json; charset=utf-8
host: localhost:2690
accept: */*

Response DefaultHttpResponse(decodeResult: success, version: HTTP/1.1)
HTTP/1.1 200 OK
Content-Type: application/json; charset=utf-8
cache-control: no-cache
content-length: 28

[DEBUG] Adding key: http://localhost:2690 for channel [id: 0xe5765420, L:/127.0.0.1:59515 - R:localhost/127.0.0.1:2690]
[DEBUG] Using pooled Channel '[id: 0xe5765420, L:/127.0.0.1:59515 - R:localhost/127.0.0.1:2690]' for 'POST' to 'http://localhost:2690/session/1d17cba2db6a7aededa6c8addbfcc1f0/elements'
[DEBUG] Using open Channel [id: 0xe5765420, L:/127.0.0.1:59515 - R:localhost/127.0.0.1:2690] for POST '/session/1d17cba2db6a7aededa6c8addbfcc1f0/elements'
[DEBUG] 

Request DefaultHttpRequest(decodeResult: success, version: HTTP/1.1)
POST /session/1d17cba2db6a7aededa6c8addbfcc1f0/elements HTTP/1.1
User-Agent: selenium/4.6.0 (java windows)
Content-Length: 129
Content-Type: application/json; charset=utf-8
host: localhost:2690
accept: */*

Response DefaultHttpResponse(decodeResult: success, version: HTTP/1.1)
HTTP/1.1 200 OK
Content-Type: application/json; charset=utf-8
cache-control: no-cache
content-length: 90

[DEBUG] Adding key: http://localhost:2690 for channel [id: 0xe5765420, L:/127.0.0.1:59515 - R:localhost/127.0.0.1:2690]
[DEBUG] Using pooled Channel '[id: 0xe5765420, L:/127.0.0.1:59515 - R:localhost/127.0.0.1:2690]' for 'GET' to 'http://localhost:2690/session/1d17cba2db6a7aededa6c8addbfcc1f0/element/43a5a861-92a7-457e-891b-d40ea93feeb1/text'
[DEBUG] Using open Channel [id: 0xe5765420, L:/127.0.0.1:59515 - R:localhost/127.0.0.1:2690] for GET '/session/1d17cba2db6a7aededa6c8addbfcc1f0/element/43a5a861-92a7-457e-891b-d40ea93feeb1/text'
[DEBUG] 

Request DefaultFullHttpRequest(decodeResult: success, version: HTTP/1.1, content: EmptyByteBufBE)
GET /session/1d17cba2db6a7aededa6c8addbfcc1f0/element/43a5a861-92a7-457e-891b-d40ea93feeb1/text HTTP/1.1
User-Agent: selenium/4.6.0 (java windows)
Cache-Control: no-cache
Content-Type: application/json; charset=utf-8
host: localhost:2690
accept: */*

Response DefaultHttpResponse(decodeResult: success, version: HTTP/1.1)
HTTP/1.1 200 OK
Content-Type: application/json; charset=utf-8
cache-control: no-cache
content-length: 28

[DEBUG] Adding key: http://localhost:2690 for channel [id: 0xe5765420, L:/127.0.0.1:59515 - R:localhost/127.0.0.1:2690]
[DEBUG] Using pooled Channel '[id: 0xe5765420, L:/127.0.0.1:59515 - R:localhost/127.0.0.1:2690]' for 'POST' to 'http://localhost:2690/session/1d17cba2db6a7aededa6c8addbfcc1f0/element'
[DEBUG] Using open Channel [id: 0xe5765420, L:/127.0.0.1:59515 - R:localhost/127.0.0.1:2690] for POST '/session/1d17cba2db6a7aededa6c8addbfcc1f0/element'
[DEBUG] 

Request DefaultHttpRequest(decodeResult: success, version: HTTP/1.1)
POST /session/1d17cba2db6a7aededa6c8addbfcc1f0/element HTTP/1.1
User-Agent: selenium/4.6.0 (java windows)
Content-Length: 129
Content-Type: application/json; charset=utf-8
host: localhost:2690
accept: */*

Response DefaultHttpResponse(decodeResult: success, version: HTTP/1.1)
HTTP/1.1 200 OK
Content-Type: application/json; charset=utf-8
cache-control: no-cache
content-length: 88

[DEBUG] Adding key: http://localhost:2690 for channel [id: 0xe5765420, L:/127.0.0.1:59515 - R:localhost/127.0.0.1:2690]
[DEBUG] Using pooled Channel '[id: 0xe5765420, L:/127.0.0.1:59515 - R:localhost/127.0.0.1:2690]' for 'GET' to 'http://localhost:2690/session/1d17cba2db6a7aededa6c8addbfcc1f0/element/2c1b1d76-26a3-4ba5-940d-925ceb56ec38/text'
[DEBUG] Using open Channel [id: 0xe5765420, L:/127.0.0.1:59515 - R:localhost/127.0.0.1:2690] for GET '/session/1d17cba2db6a7aededa6c8addbfcc1f0/element/2c1b1d76-26a3-4ba5-940d-925ceb56ec38/text'
[DEBUG] 

Request DefaultFullHttpRequest(decodeResult: success, version: HTTP/1.1, content: EmptyByteBufBE)
GET /session/1d17cba2db6a7aededa6c8addbfcc1f0/element/2c1b1d76-26a3-4ba5-940d-925ceb56ec38/text HTTP/1.1
User-Agent: selenium/4.6.0 (java windows)
Cache-Control: no-cache
Content-Type: application/json; charset=utf-8
host: localhost:2690
accept: */*

Response DefaultHttpResponse(decodeResult: success, version: HTTP/1.1)
HTTP/1.1 200 OK
Content-Type: application/json; charset=utf-8
cache-control: no-cache
content-length: 28

[DEBUG] Adding key: http://localhost:2690 for channel [id: 0xe5765420, L:/127.0.0.1:59515 - R:localhost/127.0.0.1:2690]
[DEBUG] Using pooled Channel '[id: 0xe5765420, L:/127.0.0.1:59515 - R:localhost/127.0.0.1:2690]' for 'POST' to 'http://localhost:2690/session/1d17cba2db6a7aededa6c8addbfcc1f0/elements'
[DEBUG] Using open Channel [id: 0xe5765420, L:/127.0.0.1:59515 - R:localhost/127.0.0.1:2690] for POST '/session/1d17cba2db6a7aededa6c8addbfcc1f0/elements'
[DEBUG] 

Request DefaultHttpRequest(decodeResult: success, version: HTTP/1.1)
POST /session/1d17cba2db6a7aededa6c8addbfcc1f0/elements HTTP/1.1
User-Agent: selenium/4.6.0 (java windows)
Content-Length: 129
Content-Type: application/json; charset=utf-8
host: localhost:2690
accept: */*

Response DefaultHttpResponse(decodeResult: success, version: HTTP/1.1)
HTTP/1.1 200 OK
Content-Type: application/json; charset=utf-8
cache-control: no-cache
content-length: 90

[DEBUG] Adding key: http://localhost:2690 for channel [id: 0xe5765420, L:/127.0.0.1:59515 - R:localhost/127.0.0.1:2690]
[DEBUG] Using pooled Channel '[id: 0xe5765420, L:/127.0.0.1:59515 - R:localhost/127.0.0.1:2690]' for 'GET' to 'http://localhost:2690/session/1d17cba2db6a7aededa6c8addbfcc1f0/element/c2c5a0dd-431d-4acf-8db3-2d6e1535fb15/text'
[DEBUG] Using open Channel [id: 0xe5765420, L:/127.0.0.1:59515 - R:localhost/127.0.0.1:2690] for GET '/session/1d17cba2db6a7aededa6c8addbfcc1f0/element/c2c5a0dd-431d-4acf-8db3-2d6e1535fb15/text'
[DEBUG] 

Request DefaultFullHttpRequest(decodeResult: success, version: HTTP/1.1, content: EmptyByteBufBE)
GET /session/1d17cba2db6a7aededa6c8addbfcc1f0/element/c2c5a0dd-431d-4acf-8db3-2d6e1535fb15/text HTTP/1.1
User-Agent: selenium/4.6.0 (java windows)
Cache-Control: no-cache
Content-Type: application/json; charset=utf-8
host: localhost:2690
accept: */*

Response DefaultHttpResponse(decodeResult: success, version: HTTP/1.1)
HTTP/1.1 200 OK
Content-Type: application/json; charset=utf-8
cache-control: no-cache
content-length: 23

[DEBUG] Adding key: http://localhost:2690 for channel [id: 0xe5765420, L:/127.0.0.1:59515 - R:localhost/127.0.0.1:2690]
[DEBUG] Using pooled Channel '[id: 0xe5765420, L:/127.0.0.1:59515 - R:localhost/127.0.0.1:2690]' for 'POST' to 'http://localhost:2690/session/1d17cba2db6a7aededa6c8addbfcc1f0/elements'
[DEBUG] Using open Channel [id: 0xe5765420, L:/127.0.0.1:59515 - R:localhost/127.0.0.1:2690] for POST '/session/1d17cba2db6a7aededa6c8addbfcc1f0/elements'
[DEBUG] 

Request DefaultHttpRequest(decodeResult: success, version: HTTP/1.1)
POST /session/1d17cba2db6a7aededa6c8addbfcc1f0/elements HTTP/1.1
User-Agent: selenium/4.6.0 (java windows)
Content-Length: 129
Content-Type: application/json; charset=utf-8
host: localhost:2690
accept: */*

Response DefaultHttpResponse(decodeResult: success, version: HTTP/1.1)
HTTP/1.1 200 OK
Content-Type: application/json; charset=utf-8
cache-control: no-cache
content-length: 90

[DEBUG] Adding key: http://localhost:2690 for channel [id: 0xe5765420, L:/127.0.0.1:59515 - R:localhost/127.0.0.1:2690]
[DEBUG] Using pooled Channel '[id: 0xe5765420, L:/127.0.0.1:59515 - R:localhost/127.0.0.1:2690]' for 'GET' to 'http://localhost:2690/session/1d17cba2db6a7aededa6c8addbfcc1f0/element/01b3c24a-ad61-434a-93d6-4121cac2a6c3/text'
[DEBUG] Using open Channel [id: 0xe5765420, L:/127.0.0.1:59515 - R:localhost/127.0.0.1:2690] for GET '/session/1d17cba2db6a7aededa6c8addbfcc1f0/element/01b3c24a-ad61-434a-93d6-4121cac2a6c3/text'
[DEBUG] 

Request DefaultFullHttpRequest(decodeResult: success, version: HTTP/1.1, content: EmptyByteBufBE)
GET /session/1d17cba2db6a7aededa6c8addbfcc1f0/element/01b3c24a-ad61-434a-93d6-4121cac2a6c3/text HTTP/1.1
User-Agent: selenium/4.6.0 (java windows)
Cache-Control: no-cache
Content-Type: application/json; charset=utf-8
host: localhost:2690
accept: */*

Response DefaultHttpResponse(decodeResult: success, version: HTTP/1.1)
HTTP/1.1 200 OK
Content-Type: application/json; charset=utf-8
cache-control: no-cache
content-length: 18

[DEBUG] Adding key: http://localhost:2690 for channel [id: 0xe5765420, L:/127.0.0.1:59515 - R:localhost/127.0.0.1:2690]
[DEBUG] Using pooled Channel '[id: 0xe5765420, L:/127.0.0.1:59515 - R:localhost/127.0.0.1:2690]' for 'POST' to 'http://localhost:2690/session/1d17cba2db6a7aededa6c8addbfcc1f0/elements'
[DEBUG] Using open Channel [id: 0xe5765420, L:/127.0.0.1:59515 - R:localhost/127.0.0.1:2690] for POST '/session/1d17cba2db6a7aededa6c8addbfcc1f0/elements'
[DEBUG] 

Request DefaultHttpRequest(decodeResult: success, version: HTTP/1.1)
POST /session/1d17cba2db6a7aededa6c8addbfcc1f0/elements HTTP/1.1
User-Agent: selenium/4.6.0 (java windows)
Content-Length: 129
Content-Type: application/json; charset=utf-8
host: localhost:2690
accept: */*

Response DefaultHttpResponse(decodeResult: success, version: HTTP/1.1)
HTTP/1.1 200 OK
Content-Type: application/json; charset=utf-8
cache-control: no-cache
content-length: 90

[DEBUG] Adding key: http://localhost:2690 for channel [id: 0xe5765420, L:/127.0.0.1:59515 - R:localhost/127.0.0.1:2690]
[DEBUG] Using pooled Channel '[id: 0xe5765420, L:/127.0.0.1:59515 - R:localhost/127.0.0.1:2690]' for 'GET' to 'http://localhost:2690/session/1d17cba2db6a7aededa6c8addbfcc1f0/element/5da78fde-a6b0-4e26-bb0e-8bd046df8fca/text'
[DEBUG] Using open Channel [id: 0xe5765420, L:/127.0.0.1:59515 - R:localhost/127.0.0.1:2690] for GET '/session/1d17cba2db6a7aededa6c8addbfcc1f0/element/5da78fde-a6b0-4e26-bb0e-8bd046df8fca/text'
[DEBUG] 

Request DefaultFullHttpRequest(decodeResult: success, version: HTTP/1.1, content: EmptyByteBufBE)
GET /session/1d17cba2db6a7aededa6c8addbfcc1f0/element/5da78fde-a6b0-4e26-bb0e-8bd046df8fca/text HTTP/1.1
User-Agent: selenium/4.6.0 (java windows)
Cache-Control: no-cache
Content-Type: application/json; charset=utf-8
host: localhost:2690
accept: */*

Response DefaultHttpResponse(decodeResult: success, version: HTTP/1.1)
HTTP/1.1 200 OK
Content-Type: application/json; charset=utf-8
cache-control: no-cache
content-length: 42

[DEBUG] Adding key: http://localhost:2690 for channel [id: 0xe5765420, L:/127.0.0.1:59515 - R:localhost/127.0.0.1:2690]
[DEBUG] Using pooled Channel '[id: 0xe5765420, L:/127.0.0.1:59515 - R:localhost/127.0.0.1:2690]' for 'POST' to 'http://localhost:2690/session/1d17cba2db6a7aededa6c8addbfcc1f0/elements'
[DEBUG] Using open Channel [id: 0xe5765420, L:/127.0.0.1:59515 - R:localhost/127.0.0.1:2690] for POST '/session/1d17cba2db6a7aededa6c8addbfcc1f0/elements'
[DEBUG] 

Request DefaultHttpRequest(decodeResult: success, version: HTTP/1.1)
POST /session/1d17cba2db6a7aededa6c8addbfcc1f0/elements HTTP/1.1
User-Agent: selenium/4.6.0 (java windows)
Content-Length: 129
Content-Type: application/json; charset=utf-8
host: localhost:2690
accept: */*

Response DefaultHttpResponse(decodeResult: success, version: HTTP/1.1)
HTTP/1.1 200 OK
Content-Type: application/json; charset=utf-8
cache-control: no-cache
content-length: 90

[DEBUG] Adding key: http://localhost:2690 for channel [id: 0xe5765420, L:/127.0.0.1:59515 - R:localhost/127.0.0.1:2690]
[DEBUG] Using pooled Channel '[id: 0xe5765420, L:/127.0.0.1:59515 - R:localhost/127.0.0.1:2690]' for 'GET' to 'http://localhost:2690/session/1d17cba2db6a7aededa6c8addbfcc1f0/element/2c1b1d76-26a3-4ba5-940d-925ceb56ec38/text'
[DEBUG] Using open Channel [id: 0xe5765420, L:/127.0.0.1:59515 - R:localhost/127.0.0.1:2690] for GET '/session/1d17cba2db6a7aededa6c8addbfcc1f0/element/2c1b1d76-26a3-4ba5-940d-925ceb56ec38/text'
[DEBUG] 

Request DefaultFullHttpRequest(decodeResult: success, version: HTTP/1.1, content: EmptyByteBufBE)
GET /session/1d17cba2db6a7aededa6c8addbfcc1f0/element/2c1b1d76-26a3-4ba5-940d-925ceb56ec38/text HTTP/1.1
User-Agent: selenium/4.6.0 (java windows)
Cache-Control: no-cache
Content-Type: application/json; charset=utf-8
host: localhost:2690
accept: */*

Response DefaultHttpResponse(decodeResult: success, version: HTTP/1.1)
HTTP/1.1 200 OK
Content-Type: application/json; charset=utf-8
cache-control: no-cache
content-length: 28

[DEBUG] Adding key: http://localhost:2690 for channel [id: 0xe5765420, L:/127.0.0.1:59515 - R:localhost/127.0.0.1:2690]
[DEBUG] Using pooled Channel '[id: 0xe5765420, L:/127.0.0.1:59515 - R:localhost/127.0.0.1:2690]' for 'POST' to 'http://localhost:2690/session/1d17cba2db6a7aededa6c8addbfcc1f0/element'
[DEBUG] Using open Channel [id: 0xe5765420, L:/127.0.0.1:59515 - R:localhost/127.0.0.1:2690] for POST '/session/1d17cba2db6a7aededa6c8addbfcc1f0/element'
[DEBUG] 

Request DefaultHttpRequest(decodeResult: success, version: HTTP/1.1)
POST /session/1d17cba2db6a7aededa6c8addbfcc1f0/element HTTP/1.1
User-Agent: selenium/4.6.0 (java windows)
Content-Length: 129
Content-Type: application/json; charset=utf-8
host: localhost:2690
accept: */*

Response DefaultHttpResponse(decodeResult: success, version: HTTP/1.1)
HTTP/1.1 200 OK
Content-Type: application/json; charset=utf-8
cache-control: no-cache
content-length: 88

[DEBUG] Adding key: http://localhost:2690 for channel [id: 0xe5765420, L:/127.0.0.1:59515 - R:localhost/127.0.0.1:2690]
[DEBUG] Using pooled Channel '[id: 0xe5765420, L:/127.0.0.1:59515 - R:localhost/127.0.0.1:2690]' for 'GET' to 'http://localhost:2690/session/1d17cba2db6a7aededa6c8addbfcc1f0/element/60cf1b99-9da5-44f7-845c-7b0b4bf036ba/text'
[DEBUG] Using open Channel [id: 0xe5765420, L:/127.0.0.1:59515 - R:localhost/127.0.0.1:2690] for GET '/session/1d17cba2db6a7aededa6c8addbfcc1f0/element/60cf1b99-9da5-44f7-845c-7b0b4bf036ba/text'
[DEBUG] 

Request DefaultFullHttpRequest(decodeResult: success, version: HTTP/1.1, content: EmptyByteBufBE)
GET /session/1d17cba2db6a7aededa6c8addbfcc1f0/element/60cf1b99-9da5-44f7-845c-7b0b4bf036ba/text HTTP/1.1
User-Agent: selenium/4.6.0 (java windows)
Cache-Control: no-cache
Content-Type: application/json; charset=utf-8
host: localhost:2690
accept: */*

Response DefaultHttpResponse(decodeResult: success, version: HTTP/1.1)
HTTP/1.1 200 OK
Content-Type: application/json; charset=utf-8
cache-control: no-cache
content-length: 28

[DEBUG] Adding key: http://localhost:2690 for channel [id: 0xe5765420, L:/127.0.0.1:59515 - R:localhost/127.0.0.1:2690]
[DEBUG] Using pooled Channel '[id: 0xe5765420, L:/127.0.0.1:59515 - R:localhost/127.0.0.1:2690]' for 'POST' to 'http://localhost:2690/session/1d17cba2db6a7aededa6c8addbfcc1f0/elements'
[DEBUG] Using open Channel [id: 0xe5765420, L:/127.0.0.1:59515 - R:localhost/127.0.0.1:2690] for POST '/session/1d17cba2db6a7aededa6c8addbfcc1f0/elements'
[DEBUG] 

Request DefaultHttpRequest(decodeResult: success, version: HTTP/1.1)
POST /session/1d17cba2db6a7aededa6c8addbfcc1f0/elements HTTP/1.1
User-Agent: selenium/4.6.0 (java windows)
Content-Length: 129
Content-Type: application/json; charset=utf-8
host: localhost:2690
accept: */*

Response DefaultHttpResponse(decodeResult: success, version: HTTP/1.1)
HTTP/1.1 200 OK
Content-Type: application/json; charset=utf-8
cache-control: no-cache
content-length: 90

[DEBUG] Adding key: http://localhost:2690 for channel [id: 0xe5765420, L:/127.0.0.1:59515 - R:localhost/127.0.0.1:2690]
[DEBUG] Using pooled Channel '[id: 0xe5765420, L:/127.0.0.1:59515 - R:localhost/127.0.0.1:2690]' for 'GET' to 'http://localhost:2690/session/1d17cba2db6a7aededa6c8addbfcc1f0/element/4f9e9d98-fe7d-4aee-9383-d966fe7f4c7f/text'
[DEBUG] Using open Channel [id: 0xe5765420, L:/127.0.0.1:59515 - R:localhost/127.0.0.1:2690] for GET '/session/1d17cba2db6a7aededa6c8addbfcc1f0/element/4f9e9d98-fe7d-4aee-9383-d966fe7f4c7f/text'
[DEBUG] 

Request DefaultFullHttpRequest(decodeResult: success, version: HTTP/1.1, content: EmptyByteBufBE)
GET /session/1d17cba2db6a7aededa6c8addbfcc1f0/element/4f9e9d98-fe7d-4aee-9383-d966fe7f4c7f/text HTTP/1.1
User-Agent: selenium/4.6.0 (java windows)
Cache-Control: no-cache
Content-Type: application/json; charset=utf-8
host: localhost:2690
accept: */*

Response DefaultHttpResponse(decodeResult: success, version: HTTP/1.1)
HTTP/1.1 200 OK
Content-Type: application/json; charset=utf-8
cache-control: no-cache
content-length: 23

[DEBUG] Adding key: http://localhost:2690 for channel [id: 0xe5765420, L:/127.0.0.1:59515 - R:localhost/127.0.0.1:2690]
[DEBUG] Using pooled Channel '[id: 0xe5765420, L:/127.0.0.1:59515 - R:localhost/127.0.0.1:2690]' for 'POST' to 'http://localhost:2690/session/1d17cba2db6a7aededa6c8addbfcc1f0/elements'
[DEBUG] Using open Channel [id: 0xe5765420, L:/127.0.0.1:59515 - R:localhost/127.0.0.1:2690] for POST '/session/1d17cba2db6a7aededa6c8addbfcc1f0/elements'
[DEBUG] 

Request DefaultHttpRequest(decodeResult: success, version: HTTP/1.1)
POST /session/1d17cba2db6a7aededa6c8addbfcc1f0/elements HTTP/1.1
User-Agent: selenium/4.6.0 (java windows)
Content-Length: 129
Content-Type: application/json; charset=utf-8
host: localhost:2690
accept: */*

Response DefaultHttpResponse(decodeResult: success, version: HTTP/1.1)
HTTP/1.1 200 OK
Content-Type: application/json; charset=utf-8
cache-control: no-cache
content-length: 90

[DEBUG] Adding key: http://localhost:2690 for channel [id: 0xe5765420, L:/127.0.0.1:59515 - R:localhost/127.0.0.1:2690]
[DEBUG] Using pooled Channel '[id: 0xe5765420, L:/127.0.0.1:59515 - R:localhost/127.0.0.1:2690]' for 'GET' to 'http://localhost:2690/session/1d17cba2db6a7aededa6c8addbfcc1f0/element/73741b61-319d-4d9e-b08b-7bf75b63b929/text'
[DEBUG] Using open Channel [id: 0xe5765420, L:/127.0.0.1:59515 - R:localhost/127.0.0.1:2690] for GET '/session/1d17cba2db6a7aededa6c8addbfcc1f0/element/73741b61-319d-4d9e-b08b-7bf75b63b929/text'
[DEBUG] 

Request DefaultFullHttpRequest(decodeResult: success, version: HTTP/1.1, content: EmptyByteBufBE)
GET /session/1d17cba2db6a7aededa6c8addbfcc1f0/element/73741b61-319d-4d9e-b08b-7bf75b63b929/text HTTP/1.1
User-Agent: selenium/4.6.0 (java windows)
Cache-Control: no-cache
Content-Type: application/json; charset=utf-8
host: localhost:2690
accept: */*

Response DefaultHttpResponse(decodeResult: success, version: HTTP/1.1)
HTTP/1.1 200 OK
Content-Type: application/json; charset=utf-8
cache-control: no-cache
content-length: 21

[DEBUG] Adding key: http://localhost:2690 for channel [id: 0xe5765420, L:/127.0.0.1:59515 - R:localhost/127.0.0.1:2690]
[DEBUG] Using pooled Channel '[id: 0xe5765420, L:/127.0.0.1:59515 - R:localhost/127.0.0.1:2690]' for 'POST' to 'http://localhost:2690/session/1d17cba2db6a7aededa6c8addbfcc1f0/elements'
[DEBUG] Using open Channel [id: 0xe5765420, L:/127.0.0.1:59515 - R:localhost/127.0.0.1:2690] for POST '/session/1d17cba2db6a7aededa6c8addbfcc1f0/elements'
[DEBUG] 

Request DefaultHttpRequest(decodeResult: success, version: HTTP/1.1)
POST /session/1d17cba2db6a7aededa6c8addbfcc1f0/elements HTTP/1.1
User-Agent: selenium/4.6.0 (java windows)
Content-Length: 129
Content-Type: application/json; charset=utf-8
host: localhost:2690
accept: */*

Response DefaultHttpResponse(decodeResult: success, version: HTTP/1.1)
HTTP/1.1 200 OK
Content-Type: application/json; charset=utf-8
cache-control: no-cache
content-length: 90

[DEBUG] Adding key: http://localhost:2690 for channel [id: 0xe5765420, L:/127.0.0.1:59515 - R:localhost/127.0.0.1:2690]
[DEBUG] Using pooled Channel '[id: 0xe5765420, L:/127.0.0.1:59515 - R:localhost/127.0.0.1:2690]' for 'GET' to 'http://localhost:2690/session/1d17cba2db6a7aededa6c8addbfcc1f0/element/f4c86d65-3325-4410-a86e-3f6c18d65029/text'
[DEBUG] Using open Channel [id: 0xe5765420, L:/127.0.0.1:59515 - R:localhost/127.0.0.1:2690] for GET '/session/1d17cba2db6a7aededa6c8addbfcc1f0/element/f4c86d65-3325-4410-a86e-3f6c18d65029/text'
[DEBUG] 

Request DefaultFullHttpRequest(decodeResult: success, version: HTTP/1.1, content: EmptyByteBufBE)
GET /session/1d17cba2db6a7aededa6c8addbfcc1f0/element/f4c86d65-3325-4410-a86e-3f6c18d65029/text HTTP/1.1
User-Agent: selenium/4.6.0 (java windows)
Cache-Control: no-cache
Content-Type: application/json; charset=utf-8
host: localhost:2690
accept: */*

Response DefaultHttpResponse(decodeResult: success, version: HTTP/1.1)
HTTP/1.1 200 OK
Content-Type: application/json; charset=utf-8
cache-control: no-cache
content-length: 58

[DEBUG] Adding key: http://localhost:2690 for channel [id: 0xe5765420, L:/127.0.0.1:59515 - R:localhost/127.0.0.1:2690]
[DEBUG] Using pooled Channel '[id: 0xe5765420, L:/127.0.0.1:59515 - R:localhost/127.0.0.1:2690]' for 'POST' to 'http://localhost:2690/session/1d17cba2db6a7aededa6c8addbfcc1f0/elements'
[DEBUG] Using open Channel [id: 0xe5765420, L:/127.0.0.1:59515 - R:localhost/127.0.0.1:2690] for POST '/session/1d17cba2db6a7aededa6c8addbfcc1f0/elements'
[DEBUG] 

Request DefaultHttpRequest(decodeResult: success, version: HTTP/1.1)
POST /session/1d17cba2db6a7aededa6c8addbfcc1f0/elements HTTP/1.1
User-Agent: selenium/4.6.0 (java windows)
Content-Length: 129
Content-Type: application/json; charset=utf-8
host: localhost:2690
accept: */*

Response DefaultHttpResponse(decodeResult: success, version: HTTP/1.1)
HTTP/1.1 200 OK
Content-Type: application/json; charset=utf-8
cache-control: no-cache
content-length: 90

[DEBUG] Adding key: http://localhost:2690 for channel [id: 0xe5765420, L:/127.0.0.1:59515 - R:localhost/127.0.0.1:2690]
[DEBUG] Using pooled Channel '[id: 0xe5765420, L:/127.0.0.1:59515 - R:localhost/127.0.0.1:2690]' for 'GET' to 'http://localhost:2690/session/1d17cba2db6a7aededa6c8addbfcc1f0/element/60cf1b99-9da5-44f7-845c-7b0b4bf036ba/text'
[DEBUG] Using open Channel [id: 0xe5765420, L:/127.0.0.1:59515 - R:localhost/127.0.0.1:2690] for GET '/session/1d17cba2db6a7aededa6c8addbfcc1f0/element/60cf1b99-9da5-44f7-845c-7b0b4bf036ba/text'
[DEBUG] 

Request DefaultFullHttpRequest(decodeResult: success, version: HTTP/1.1, content: EmptyByteBufBE)
GET /session/1d17cba2db6a7aededa6c8addbfcc1f0/element/60cf1b99-9da5-44f7-845c-7b0b4bf036ba/text HTTP/1.1
User-Agent: selenium/4.6.0 (java windows)
Cache-Control: no-cache
Content-Type: application/json; charset=utf-8
host: localhost:2690
accept: */*

Response DefaultHttpResponse(decodeResult: success, version: HTTP/1.1)
HTTP/1.1 200 OK
Content-Type: application/json; charset=utf-8
cache-control: no-cache
content-length: 28

[DEBUG] Adding key: http://localhost:2690 for channel [id: 0xe5765420, L:/127.0.0.1:59515 - R:localhost/127.0.0.1:2690]
[DEBUG] Using pooled Channel '[id: 0xe5765420, L:/127.0.0.1:59515 - R:localhost/127.0.0.1:2690]' for 'POST' to 'http://localhost:2690/session/1d17cba2db6a7aededa6c8addbfcc1f0/element'
[DEBUG] Using open Channel [id: 0xe5765420, L:/127.0.0.1:59515 - R:localhost/127.0.0.1:2690] for POST '/session/1d17cba2db6a7aededa6c8addbfcc1f0/element'
[DEBUG] 

Request DefaultHttpRequest(decodeResult: success, version: HTTP/1.1)
POST /session/1d17cba2db6a7aededa6c8addbfcc1f0/element HTTP/1.1
User-Agent: selenium/4.6.0 (java windows)
Content-Length: 129
Content-Type: application/json; charset=utf-8
host: localhost:2690
accept: */*

Response DefaultHttpResponse(decodeResult: success, version: HTTP/1.1)
HTTP/1.1 200 OK
Content-Type: application/json; charset=utf-8
cache-control: no-cache
content-length: 88

[DEBUG] Adding key: http://localhost:2690 for channel [id: 0xe5765420, L:/127.0.0.1:59515 - R:localhost/127.0.0.1:2690]
[DEBUG] Using pooled Channel '[id: 0xe5765420, L:/127.0.0.1:59515 - R:localhost/127.0.0.1:2690]' for 'GET' to 'http://localhost:2690/session/1d17cba2db6a7aededa6c8addbfcc1f0/element/b431674c-5e5b-40d8-b57b-0e3526007f49/text'
[DEBUG] Using open Channel [id: 0xe5765420, L:/127.0.0.1:59515 - R:localhost/127.0.0.1:2690] for GET '/session/1d17cba2db6a7aededa6c8addbfcc1f0/element/b431674c-5e5b-40d8-b57b-0e3526007f49/text'
[DEBUG] 

Request DefaultFullHttpRequest(decodeResult: success, version: HTTP/1.1, content: EmptyByteBufBE)
GET /session/1d17cba2db6a7aededa6c8addbfcc1f0/element/b431674c-5e5b-40d8-b57b-0e3526007f49/text HTTP/1.1
User-Agent: selenium/4.6.0 (java windows)
Cache-Control: no-cache
Content-Type: application/json; charset=utf-8
host: localhost:2690
accept: */*

Response DefaultHttpResponse(decodeResult: success, version: HTTP/1.1)
HTTP/1.1 200 OK
Content-Type: application/json; charset=utf-8
cache-control: no-cache
content-length: 28

[DEBUG] Adding key: http://localhost:2690 for channel [id: 0xe5765420, L:/127.0.0.1:59515 - R:localhost/127.0.0.1:2690]
[DEBUG] Using pooled Channel '[id: 0xe5765420, L:/127.0.0.1:59515 - R:localhost/127.0.0.1:2690]' for 'POST' to 'http://localhost:2690/session/1d17cba2db6a7aededa6c8addbfcc1f0/elements'
[DEBUG] Using open Channel [id: 0xe5765420, L:/127.0.0.1:59515 - R:localhost/127.0.0.1:2690] for POST '/session/1d17cba2db6a7aededa6c8addbfcc1f0/elements'
[DEBUG] 

Request DefaultHttpRequest(decodeResult: success, version: HTTP/1.1)
POST /session/1d17cba2db6a7aededa6c8addbfcc1f0/elements HTTP/1.1
User-Agent: selenium/4.6.0 (java windows)
Content-Length: 129
Content-Type: application/json; charset=utf-8
host: localhost:2690
accept: */*

Response DefaultHttpResponse(decodeResult: success, version: HTTP/1.1)
HTTP/1.1 200 OK
Content-Type: application/json; charset=utf-8
cache-control: no-cache
content-length: 90

[DEBUG] Adding key: http://localhost:2690 for channel [id: 0xe5765420, L:/127.0.0.1:59515 - R:localhost/127.0.0.1:2690]
[DEBUG] Using pooled Channel '[id: 0xe5765420, L:/127.0.0.1:59515 - R:localhost/127.0.0.1:2690]' for 'GET' to 'http://localhost:2690/session/1d17cba2db6a7aededa6c8addbfcc1f0/element/6e4fa2e2-8fa2-493a-bcd7-6b086cd98119/text'
[DEBUG] Using open Channel [id: 0xe5765420, L:/127.0.0.1:59515 - R:localhost/127.0.0.1:2690] for GET '/session/1d17cba2db6a7aededa6c8addbfcc1f0/element/6e4fa2e2-8fa2-493a-bcd7-6b086cd98119/text'
[DEBUG] 

Request DefaultFullHttpRequest(decodeResult: success, version: HTTP/1.1, content: EmptyByteBufBE)
GET /session/1d17cba2db6a7aededa6c8addbfcc1f0/element/6e4fa2e2-8fa2-493a-bcd7-6b086cd98119/text HTTP/1.1
User-Agent: selenium/4.6.0 (java windows)
Cache-Control: no-cache
Content-Type: application/json; charset=utf-8
host: localhost:2690
accept: */*

Response DefaultHttpResponse(decodeResult: success, version: HTTP/1.1)
HTTP/1.1 200 OK
Content-Type: application/json; charset=utf-8
cache-control: no-cache
content-length: 23

[DEBUG] Adding key: http://localhost:2690 for channel [id: 0xe5765420, L:/127.0.0.1:59515 - R:localhost/127.0.0.1:2690]
[DEBUG] Using pooled Channel '[id: 0xe5765420, L:/127.0.0.1:59515 - R:localhost/127.0.0.1:2690]' for 'POST' to 'http://localhost:2690/session/1d17cba2db6a7aededa6c8addbfcc1f0/elements'
[DEBUG] Using open Channel [id: 0xe5765420, L:/127.0.0.1:59515 - R:localhost/127.0.0.1:2690] for POST '/session/1d17cba2db6a7aededa6c8addbfcc1f0/elements'
[DEBUG] 

Request DefaultHttpRequest(decodeResult: success, version: HTTP/1.1)
POST /session/1d17cba2db6a7aededa6c8addbfcc1f0/elements HTTP/1.1
User-Agent: selenium/4.6.0 (java windows)
Content-Length: 129
Content-Type: application/json; charset=utf-8
host: localhost:2690
accept: */*

Response DefaultHttpResponse(decodeResult: success, version: HTTP/1.1)
HTTP/1.1 200 OK
Content-Type: application/json; charset=utf-8
cache-control: no-cache
content-length: 90

[DEBUG] Adding key: http://localhost:2690 for channel [id: 0xe5765420, L:/127.0.0.1:59515 - R:localhost/127.0.0.1:2690]
[DEBUG] Using pooled Channel '[id: 0xe5765420, L:/127.0.0.1:59515 - R:localhost/127.0.0.1:2690]' for 'GET' to 'http://localhost:2690/session/1d17cba2db6a7aededa6c8addbfcc1f0/element/1b4af53f-5a79-400f-88c7-ddc96e412fe0/text'
[DEBUG] Using open Channel [id: 0xe5765420, L:/127.0.0.1:59515 - R:localhost/127.0.0.1:2690] for GET '/session/1d17cba2db6a7aededa6c8addbfcc1f0/element/1b4af53f-5a79-400f-88c7-ddc96e412fe0/text'
[DEBUG] 

Request DefaultFullHttpRequest(decodeResult: success, version: HTTP/1.1, content: EmptyByteBufBE)
GET /session/1d17cba2db6a7aededa6c8addbfcc1f0/element/1b4af53f-5a79-400f-88c7-ddc96e412fe0/text HTTP/1.1
User-Agent: selenium/4.6.0 (java windows)
Cache-Control: no-cache
Content-Type: application/json; charset=utf-8
host: localhost:2690
accept: */*

Response DefaultHttpResponse(decodeResult: success, version: HTTP/1.1)
HTTP/1.1 200 OK
Content-Type: application/json; charset=utf-8
cache-control: no-cache
content-length: 20

[DEBUG] Adding key: http://localhost:2690 for channel [id: 0xe5765420, L:/127.0.0.1:59515 - R:localhost/127.0.0.1:2690]
[DEBUG] Using pooled Channel '[id: 0xe5765420, L:/127.0.0.1:59515 - R:localhost/127.0.0.1:2690]' for 'POST' to 'http://localhost:2690/session/1d17cba2db6a7aededa6c8addbfcc1f0/elements'
[DEBUG] Using open Channel [id: 0xe5765420, L:/127.0.0.1:59515 - R:localhost/127.0.0.1:2690] for POST '/session/1d17cba2db6a7aededa6c8addbfcc1f0/elements'
[DEBUG] 

Request DefaultHttpRequest(decodeResult: success, version: HTTP/1.1)
POST /session/1d17cba2db6a7aededa6c8addbfcc1f0/elements HTTP/1.1
User-Agent: selenium/4.6.0 (java windows)
Content-Length: 129
Content-Type: application/json; charset=utf-8
host: localhost:2690
accept: */*

Response DefaultHttpResponse(decodeResult: success, version: HTTP/1.1)
HTTP/1.1 200 OK
Content-Type: application/json; charset=utf-8
cache-control: no-cache
content-length: 90

[DEBUG] Adding key: http://localhost:2690 for channel [id: 0xe5765420, L:/127.0.0.1:59515 - R:localhost/127.0.0.1:2690]
[DEBUG] Using pooled Channel '[id: 0xe5765420, L:/127.0.0.1:59515 - R:localhost/127.0.0.1:2690]' for 'GET' to 'http://localhost:2690/session/1d17cba2db6a7aededa6c8addbfcc1f0/element/d7fc2194-0936-4344-b323-dd727ab35300/text'
[DEBUG] Using open Channel [id: 0xe5765420, L:/127.0.0.1:59515 - R:localhost/127.0.0.1:2690] for GET '/session/1d17cba2db6a7aededa6c8addbfcc1f0/element/d7fc2194-0936-4344-b323-dd727ab35300/text'
[DEBUG] 

Request DefaultFullHttpRequest(decodeResult: success, version: HTTP/1.1, content: EmptyByteBufBE)
GET /session/1d17cba2db6a7aededa6c8addbfcc1f0/element/d7fc2194-0936-4344-b323-dd727ab35300/text HTTP/1.1
User-Agent: selenium/4.6.0 (java windows)
Cache-Control: no-cache
Content-Type: application/json; charset=utf-8
host: localhost:2690
accept: */*

Response DefaultHttpResponse(decodeResult: success, version: HTTP/1.1)
HTTP/1.1 200 OK
Content-Type: application/json; charset=utf-8
cache-control: no-cache
content-length: 28

[DEBUG] Adding key: http://localhost:2690 for channel [id: 0xe5765420, L:/127.0.0.1:59515 - R:localhost/127.0.0.1:2690]
[DEBUG] Using pooled Channel '[id: 0xe5765420, L:/127.0.0.1:59515 - R:localhost/127.0.0.1:2690]' for 'POST' to 'http://localhost:2690/session/1d17cba2db6a7aededa6c8addbfcc1f0/elements'
[DEBUG] Using open Channel [id: 0xe5765420, L:/127.0.0.1:59515 - R:localhost/127.0.0.1:2690] for POST '/session/1d17cba2db6a7aededa6c8addbfcc1f0/elements'
[DEBUG] 

Request DefaultHttpRequest(decodeResult: success, version: HTTP/1.1)
POST /session/1d17cba2db6a7aededa6c8addbfcc1f0/elements HTTP/1.1
User-Agent: selenium/4.6.0 (java windows)
Content-Length: 129
Content-Type: application/json; charset=utf-8
host: localhost:2690
accept: */*

Response DefaultHttpResponse(decodeResult: success, version: HTTP/1.1)
HTTP/1.1 200 OK
Content-Type: application/json; charset=utf-8
cache-control: no-cache
content-length: 90

[DEBUG] Adding key: http://localhost:2690 for channel [id: 0xe5765420, L:/127.0.0.1:59515 - R:localhost/127.0.0.1:2690]
[DEBUG] Using pooled Channel '[id: 0xe5765420, L:/127.0.0.1:59515 - R:localhost/127.0.0.1:2690]' for 'GET' to 'http://localhost:2690/session/1d17cba2db6a7aededa6c8addbfcc1f0/element/b431674c-5e5b-40d8-b57b-0e3526007f49/text'
[DEBUG] Using open Channel [id: 0xe5765420, L:/127.0.0.1:59515 - R:localhost/127.0.0.1:2690] for GET '/session/1d17cba2db6a7aededa6c8addbfcc1f0/element/b431674c-5e5b-40d8-b57b-0e3526007f49/text'
[DEBUG] 

Request DefaultFullHttpRequest(decodeResult: success, version: HTTP/1.1, content: EmptyByteBufBE)
GET /session/1d17cba2db6a7aededa6c8addbfcc1f0/element/b431674c-5e5b-40d8-b57b-0e3526007f49/text HTTP/1.1
User-Agent: selenium/4.6.0 (java windows)
Cache-Control: no-cache
Content-Type: application/json; charset=utf-8
host: localhost:2690
accept: */*

Response DefaultHttpResponse(decodeResult: success, version: HTTP/1.1)
HTTP/1.1 200 OK
Content-Type: application/json; charset=utf-8
cache-control: no-cache
content-length: 28

[DEBUG] Adding key: http://localhost:2690 for channel [id: 0xe5765420, L:/127.0.0.1:59515 - R:localhost/127.0.0.1:2690]
[DEBUG] Using pooled Channel '[id: 0xe5765420, L:/127.0.0.1:59515 - R:localhost/127.0.0.1:2690]' for 'POST' to 'http://localhost:2690/session/1d17cba2db6a7aededa6c8addbfcc1f0/element'
[DEBUG] Using open Channel [id: 0xe5765420, L:/127.0.0.1:59515 - R:localhost/127.0.0.1:2690] for POST '/session/1d17cba2db6a7aededa6c8addbfcc1f0/element'
[DEBUG] 

Request DefaultHttpRequest(decodeResult: success, version: HTTP/1.1)
POST /session/1d17cba2db6a7aededa6c8addbfcc1f0/element HTTP/1.1
User-Agent: selenium/4.6.0 (java windows)
Content-Length: 129
Content-Type: application/json; charset=utf-8
host: localhost:2690
accept: */*

Response DefaultHttpResponse(decodeResult: success, version: HTTP/1.1)
HTTP/1.1 200 OK
Content-Type: application/json; charset=utf-8
cache-control: no-cache
content-length: 88

[DEBUG] Adding key: http://localhost:2690 for channel [id: 0xe5765420, L:/127.0.0.1:59515 - R:localhost/127.0.0.1:2690]
[DEBUG] Using pooled Channel '[id: 0xe5765420, L:/127.0.0.1:59515 - R:localhost/127.0.0.1:2690]' for 'GET' to 'http://localhost:2690/session/1d17cba2db6a7aededa6c8addbfcc1f0/element/c810ba44-a521-4917-9da3-f5eea31f751f/text'
[DEBUG] Using open Channel [id: 0xe5765420, L:/127.0.0.1:59515 - R:localhost/127.0.0.1:2690] for GET '/session/1d17cba2db6a7aededa6c8addbfcc1f0/element/c810ba44-a521-4917-9da3-f5eea31f751f/text'
[DEBUG] 

Request DefaultFullHttpRequest(decodeResult: success, version: HTTP/1.1, content: EmptyByteBufBE)
GET /session/1d17cba2db6a7aededa6c8addbfcc1f0/element/c810ba44-a521-4917-9da3-f5eea31f751f/text HTTP/1.1
User-Agent: selenium/4.6.0 (java windows)
Cache-Control: no-cache
Content-Type: application/json; charset=utf-8
host: localhost:2690
accept: */*

Response DefaultHttpResponse(decodeResult: success, version: HTTP/1.1)
HTTP/1.1 200 OK
Content-Type: application/json; charset=utf-8
cache-control: no-cache
content-length: 26

[DEBUG] Adding key: http://localhost:2690 for channel [id: 0xe5765420, L:/127.0.0.1:59515 - R:localhost/127.0.0.1:2690]
[DEBUG] Using pooled Channel '[id: 0xe5765420, L:/127.0.0.1:59515 - R:localhost/127.0.0.1:2690]' for 'POST' to 'http://localhost:2690/session/1d17cba2db6a7aededa6c8addbfcc1f0/element'
[DEBUG] Using open Channel [id: 0xe5765420, L:/127.0.0.1:59515 - R:localhost/127.0.0.1:2690] for POST '/session/1d17cba2db6a7aededa6c8addbfcc1f0/element'
[DEBUG] 

Request DefaultHttpRequest(decodeResult: success, version: HTTP/1.1)
POST /session/1d17cba2db6a7aededa6c8addbfcc1f0/element HTTP/1.1
User-Agent: selenium/4.6.0 (java windows)
Content-Length: 129
Content-Type: application/json; charset=utf-8
host: localhost:2690
accept: */*

Response DefaultHttpResponse(decodeResult: success, version: HTTP/1.1)
HTTP/1.1 200 OK
Content-Type: application/json; charset=utf-8
cache-control: no-cache
content-length: 88

[DEBUG] Adding key: http://localhost:2690 for channel [id: 0xe5765420, L:/127.0.0.1:59515 - R:localhost/127.0.0.1:2690]
[DEBUG] Using pooled Channel '[id: 0xe5765420, L:/127.0.0.1:59515 - R:localhost/127.0.0.1:2690]' for 'GET' to 'http://localhost:2690/session/1d17cba2db6a7aededa6c8addbfcc1f0/element/e3e990cc-954f-48b6-88c7-c3bddd6ffba2/text'
[DEBUG] Using open Channel [id: 0xe5765420, L:/127.0.0.1:59515 - R:localhost/127.0.0.1:2690] for GET '/session/1d17cba2db6a7aededa6c8addbfcc1f0/element/e3e990cc-954f-48b6-88c7-c3bddd6ffba2/text'
[DEBUG] 

Request DefaultFullHttpRequest(decodeResult: success, version: HTTP/1.1, content: EmptyByteBufBE)
GET /session/1d17cba2db6a7aededa6c8addbfcc1f0/element/e3e990cc-954f-48b6-88c7-c3bddd6ffba2/text HTTP/1.1
User-Agent: selenium/4.6.0 (java windows)
Cache-Control: no-cache
Content-Type: application/json; charset=utf-8
host: localhost:2690
accept: */*

Response DefaultHttpResponse(decodeResult: success, version: HTTP/1.1)
HTTP/1.1 200 OK
Content-Type: application/json; charset=utf-8
cache-control: no-cache
content-length: 26

[DEBUG] Adding key: http://localhost:2690 for channel [id: 0xe5765420, L:/127.0.0.1:59515 - R:localhost/127.0.0.1:2690]
[DEBUG] Using pooled Channel '[id: 0xe5765420, L:/127.0.0.1:59515 - R:localhost/127.0.0.1:2690]' for 'POST' to 'http://localhost:2690/session/1d17cba2db6a7aededa6c8addbfcc1f0/element'
[DEBUG] Using open Channel [id: 0xe5765420, L:/127.0.0.1:59515 - R:localhost/127.0.0.1:2690] for POST '/session/1d17cba2db6a7aededa6c8addbfcc1f0/element'
[DEBUG] 

Request DefaultHttpRequest(decodeResult: success, version: HTTP/1.1)
POST /session/1d17cba2db6a7aededa6c8addbfcc1f0/element HTTP/1.1
User-Agent: selenium/4.6.0 (java windows)
Content-Length: 129
Content-Type: application/json; charset=utf-8
host: localhost:2690
accept: */*

Response DefaultHttpResponse(decodeResult: success, version: HTTP/1.1)
HTTP/1.1 200 OK
Content-Type: application/json; charset=utf-8
cache-control: no-cache
content-length: 88

[DEBUG] Adding key: http://localhost:2690 for channel [id: 0xe5765420, L:/127.0.0.1:59515 - R:localhost/127.0.0.1:2690]
[DEBUG] Using pooled Channel '[id: 0xe5765420, L:/127.0.0.1:59515 - R:localhost/127.0.0.1:2690]' for 'GET' to 'http://localhost:2690/session/1d17cba2db6a7aededa6c8addbfcc1f0/element/454ccab2-b7b8-4298-8498-19c7f0be754d/text'
[DEBUG] Using open Channel [id: 0xe5765420, L:/127.0.0.1:59515 - R:localhost/127.0.0.1:2690] for GET '/session/1d17cba2db6a7aededa6c8addbfcc1f0/element/454ccab2-b7b8-4298-8498-19c7f0be754d/text'
[DEBUG] 

Request DefaultFullHttpRequest(decodeResult: success, version: HTTP/1.1, content: EmptyByteBufBE)
GET /session/1d17cba2db6a7aededa6c8addbfcc1f0/element/454ccab2-b7b8-4298-8498-19c7f0be754d/text HTTP/1.1
User-Agent: selenium/4.6.0 (java windows)
Cache-Control: no-cache
Content-Type: application/json; charset=utf-8
host: localhost:2690
accept: */*

Response DefaultHttpResponse(decodeResult: success, version: HTTP/1.1)
HTTP/1.1 200 OK
Content-Type: application/json; charset=utf-8
cache-control: no-cache
content-length: 28

[DEBUG] Adding key: http://localhost:2690 for channel [id: 0xe5765420, L:/127.0.0.1:59515 - R:localhost/127.0.0.1:2690]
[DEBUG] Using pooled Channel '[id: 0xe5765420, L:/127.0.0.1:59515 - R:localhost/127.0.0.1:2690]' for 'POST' to 'http://localhost:2690/session/1d17cba2db6a7aededa6c8addbfcc1f0/elements'
[DEBUG] Using open Channel [id: 0xe5765420, L:/127.0.0.1:59515 - R:localhost/127.0.0.1:2690] for POST '/session/1d17cba2db6a7aededa6c8addbfcc1f0/elements'
[DEBUG] 

Request DefaultHttpRequest(decodeResult: success, version: HTTP/1.1)
POST /session/1d17cba2db6a7aededa6c8addbfcc1f0/elements HTTP/1.1
User-Agent: selenium/4.6.0 (java windows)
Content-Length: 129
Content-Type: application/json; charset=utf-8
host: localhost:2690
accept: */*

Response DefaultHttpResponse(decodeResult: success, version: HTTP/1.1)
HTTP/1.1 200 OK
Content-Type: application/json; charset=utf-8
cache-control: no-cache
content-length: 90

[DEBUG] Adding key: http://localhost:2690 for channel [id: 0xe5765420, L:/127.0.0.1:59515 - R:localhost/127.0.0.1:2690]
[DEBUG] Using pooled Channel '[id: 0xe5765420, L:/127.0.0.1:59515 - R:localhost/127.0.0.1:2690]' for 'GET' to 'http://localhost:2690/session/1d17cba2db6a7aededa6c8addbfcc1f0/element/70c8598a-407a-419e-8178-4cc173dd7269/text'
[DEBUG] Using open Channel [id: 0xe5765420, L:/127.0.0.1:59515 - R:localhost/127.0.0.1:2690] for GET '/session/1d17cba2db6a7aededa6c8addbfcc1f0/element/70c8598a-407a-419e-8178-4cc173dd7269/text'
[DEBUG] 

Request DefaultFullHttpRequest(decodeResult: success, version: HTTP/1.1, content: EmptyByteBufBE)
GET /session/1d17cba2db6a7aededa6c8addbfcc1f0/element/70c8598a-407a-419e-8178-4cc173dd7269/text HTTP/1.1
User-Agent: selenium/4.6.0 (java windows)
Cache-Control: no-cache
Content-Type: application/json; charset=utf-8
host: localhost:2690
accept: */*

Response DefaultHttpResponse(decodeResult: success, version: HTTP/1.1)
HTTP/1.1 200 OK
Content-Type: application/json; charset=utf-8
cache-control: no-cache
content-length: 23

[DEBUG] Adding key: http://localhost:2690 for channel [id: 0xe5765420, L:/127.0.0.1:59515 - R:localhost/127.0.0.1:2690]
[DEBUG] Using pooled Channel '[id: 0xe5765420, L:/127.0.0.1:59515 - R:localhost/127.0.0.1:2690]' for 'POST' to 'http://localhost:2690/session/1d17cba2db6a7aededa6c8addbfcc1f0/elements'
[DEBUG] Using open Channel [id: 0xe5765420, L:/127.0.0.1:59515 - R:localhost/127.0.0.1:2690] for POST '/session/1d17cba2db6a7aededa6c8addbfcc1f0/elements'
[DEBUG] 

Request DefaultHttpRequest(decodeResult: success, version: HTTP/1.1)
POST /session/1d17cba2db6a7aededa6c8addbfcc1f0/elements HTTP/1.1
User-Agent: selenium/4.6.0 (java windows)
Content-Length: 129
Content-Type: application/json; charset=utf-8
host: localhost:2690
accept: */*

Response DefaultHttpResponse(decodeResult: success, version: HTTP/1.1)
HTTP/1.1 200 OK
Content-Type: application/json; charset=utf-8
cache-control: no-cache
content-length: 90

[DEBUG] Adding key: http://localhost:2690 for channel [id: 0xe5765420, L:/127.0.0.1:59515 - R:localhost/127.0.0.1:2690]
[DEBUG] Using pooled Channel '[id: 0xe5765420, L:/127.0.0.1:59515 - R:localhost/127.0.0.1:2690]' for 'GET' to 'http://localhost:2690/session/1d17cba2db6a7aededa6c8addbfcc1f0/element/374214ed-856e-43ed-b0ce-d5984fee17b8/text'
[DEBUG] Using open Channel [id: 0xe5765420, L:/127.0.0.1:59515 - R:localhost/127.0.0.1:2690] for GET '/session/1d17cba2db6a7aededa6c8addbfcc1f0/element/374214ed-856e-43ed-b0ce-d5984fee17b8/text'
[DEBUG] 

Request DefaultFullHttpRequest(decodeResult: success, version: HTTP/1.1, content: EmptyByteBufBE)
GET /session/1d17cba2db6a7aededa6c8addbfcc1f0/element/374214ed-856e-43ed-b0ce-d5984fee17b8/text HTTP/1.1
User-Agent: selenium/4.6.0 (java windows)
Cache-Control: no-cache
Content-Type: application/json; charset=utf-8
host: localhost:2690
accept: */*

Response DefaultHttpResponse(decodeResult: success, version: HTTP/1.1)
HTTP/1.1 200 OK
Content-Type: application/json; charset=utf-8
cache-control: no-cache
content-length: 19

[DEBUG] Adding key: http://localhost:2690 for channel [id: 0xe5765420, L:/127.0.0.1:59515 - R:localhost/127.0.0.1:2690]
[DEBUG] Using pooled Channel '[id: 0xe5765420, L:/127.0.0.1:59515 - R:localhost/127.0.0.1:2690]' for 'POST' to 'http://localhost:2690/session/1d17cba2db6a7aededa6c8addbfcc1f0/elements'
[DEBUG] Using open Channel [id: 0xe5765420, L:/127.0.0.1:59515 - R:localhost/127.0.0.1:2690] for POST '/session/1d17cba2db6a7aededa6c8addbfcc1f0/elements'
[DEBUG] 

Request DefaultHttpRequest(decodeResult: success, version: HTTP/1.1)
POST /session/1d17cba2db6a7aededa6c8addbfcc1f0/elements HTTP/1.1
User-Agent: selenium/4.6.0 (java windows)
Content-Length: 129
Content-Type: application/json; charset=utf-8
host: localhost:2690
accept: */*

Response DefaultHttpResponse(decodeResult: success, version: HTTP/1.1)
HTTP/1.1 200 OK
Content-Type: application/json; charset=utf-8
cache-control: no-cache
content-length: 90

[DEBUG] Adding key: http://localhost:2690 for channel [id: 0xe5765420, L:/127.0.0.1:59515 - R:localhost/127.0.0.1:2690]
[DEBUG] Using pooled Channel '[id: 0xe5765420, L:/127.0.0.1:59515 - R:localhost/127.0.0.1:2690]' for 'GET' to 'http://localhost:2690/session/1d17cba2db6a7aededa6c8addbfcc1f0/element/df810b0a-df72-4ece-bde9-7dc446c2fb20/text'
[DEBUG] Using open Channel [id: 0xe5765420, L:/127.0.0.1:59515 - R:localhost/127.0.0.1:2690] for GET '/session/1d17cba2db6a7aededa6c8addbfcc1f0/element/df810b0a-df72-4ece-bde9-7dc446c2fb20/text'
[DEBUG] 

Request DefaultFullHttpRequest(decodeResult: success, version: HTTP/1.1, content: EmptyByteBufBE)
GET /session/1d17cba2db6a7aededa6c8addbfcc1f0/element/df810b0a-df72-4ece-bde9-7dc446c2fb20/text HTTP/1.1
User-Agent: selenium/4.6.0 (java windows)
Cache-Control: no-cache
Content-Type: application/json; charset=utf-8
host: localhost:2690
accept: */*

Response DefaultHttpResponse(decodeResult: success, version: HTTP/1.1)
HTTP/1.1 200 OK
Content-Type: application/json; charset=utf-8
cache-control: no-cache
content-length: 57

[DEBUG] Adding key: http://localhost:2690 for channel [id: 0xe5765420, L:/127.0.0.1:59515 - R:localhost/127.0.0.1:2690]
[DEBUG] Using pooled Channel '[id: 0xe5765420, L:/127.0.0.1:59515 - R:localhost/127.0.0.1:2690]' for 'POST' to 'http://localhost:2690/session/1d17cba2db6a7aededa6c8addbfcc1f0/elements'
[DEBUG] Using open Channel [id: 0xe5765420, L:/127.0.0.1:59515 - R:localhost/127.0.0.1:2690] for POST '/session/1d17cba2db6a7aededa6c8addbfcc1f0/elements'
[DEBUG] 

Request DefaultHttpRequest(decodeResult: success, version: HTTP/1.1)
POST /session/1d17cba2db6a7aededa6c8addbfcc1f0/elements HTTP/1.1
User-Agent: selenium/4.6.0 (java windows)
Content-Length: 129
Content-Type: application/json; charset=utf-8
host: localhost:2690
accept: */*

Response DefaultHttpResponse(decodeResult: success, version: HTTP/1.1)
HTTP/1.1 200 OK
Content-Type: application/json; charset=utf-8
cache-control: no-cache
content-length: 90

[DEBUG] Adding key: http://localhost:2690 for channel [id: 0xe5765420, L:/127.0.0.1:59515 - R:localhost/127.0.0.1:2690]
[DEBUG] Using pooled Channel '[id: 0xe5765420, L:/127.0.0.1:59515 - R:localhost/127.0.0.1:2690]' for 'GET' to 'http://localhost:2690/session/1d17cba2db6a7aededa6c8addbfcc1f0/element/454ccab2-b7b8-4298-8498-19c7f0be754d/text'
[DEBUG] Using open Channel [id: 0xe5765420, L:/127.0.0.1:59515 - R:localhost/127.0.0.1:2690] for GET '/session/1d17cba2db6a7aededa6c8addbfcc1f0/element/454ccab2-b7b8-4298-8498-19c7f0be754d/text'
[DEBUG] 

Request DefaultFullHttpRequest(decodeResult: success, version: HTTP/1.1, content: EmptyByteBufBE)
GET /session/1d17cba2db6a7aededa6c8addbfcc1f0/element/454ccab2-b7b8-4298-8498-19c7f0be754d/text HTTP/1.1
User-Agent: selenium/4.6.0 (java windows)
Cache-Control: no-cache
Content-Type: application/json; charset=utf-8
host: localhost:2690
accept: */*

Response DefaultHttpResponse(decodeResult: success, version: HTTP/1.1)
HTTP/1.1 200 OK
Content-Type: application/json; charset=utf-8
cache-control: no-cache
content-length: 28

[DEBUG] Adding key: http://localhost:2690 for channel [id: 0xe5765420, L:/127.0.0.1:59515 - R:localhost/127.0.0.1:2690]
[DEBUG] Using pooled Channel '[id: 0xe5765420, L:/127.0.0.1:59515 - R:localhost/127.0.0.1:2690]' for 'POST' to 'http://localhost:2690/session/1d17cba2db6a7aededa6c8addbfcc1f0/element'
[DEBUG] Using open Channel [id: 0xe5765420, L:/127.0.0.1:59515 - R:localhost/127.0.0.1:2690] for POST '/session/1d17cba2db6a7aededa6c8addbfcc1f0/element'
[DEBUG] 

Request DefaultHttpRequest(decodeResult: success, version: HTTP/1.1)
POST /session/1d17cba2db6a7aededa6c8addbfcc1f0/element HTTP/1.1
User-Agent: selenium/4.6.0 (java windows)
Content-Length: 129
Content-Type: application/json; charset=utf-8
host: localhost:2690
accept: */*

Response DefaultHttpResponse(decodeResult: success, version: HTTP/1.1)
HTTP/1.1 200 OK
Content-Type: application/json; charset=utf-8
cache-control: no-cache
content-length: 88

[DEBUG] Adding key: http://localhost:2690 for channel [id: 0xe5765420, L:/127.0.0.1:59515 - R:localhost/127.0.0.1:2690]
[DEBUG] Using pooled Channel '[id: 0xe5765420, L:/127.0.0.1:59515 - R:localhost/127.0.0.1:2690]' for 'GET' to 'http://localhost:2690/session/1d17cba2db6a7aededa6c8addbfcc1f0/element/8281f184-75d4-42d6-be36-39c8503190cc/text'
[DEBUG] Using open Channel [id: 0xe5765420, L:/127.0.0.1:59515 - R:localhost/127.0.0.1:2690] for GET '/session/1d17cba2db6a7aededa6c8addbfcc1f0/element/8281f184-75d4-42d6-be36-39c8503190cc/text'
[DEBUG] 

Request DefaultFullHttpRequest(decodeResult: success, version: HTTP/1.1, content: EmptyByteBufBE)
GET /session/1d17cba2db6a7aededa6c8addbfcc1f0/element/8281f184-75d4-42d6-be36-39c8503190cc/text HTTP/1.1
User-Agent: selenium/4.6.0 (java windows)
Cache-Control: no-cache
Content-Type: application/json; charset=utf-8
host: localhost:2690
accept: */*

Response DefaultHttpResponse(decodeResult: success, version: HTTP/1.1)
HTTP/1.1 200 OK
Content-Type: application/json; charset=utf-8
cache-control: no-cache
content-length: 28

[DEBUG] Adding key: http://localhost:2690 for channel [id: 0xe5765420, L:/127.0.0.1:59515 - R:localhost/127.0.0.1:2690]
[DEBUG] Using pooled Channel '[id: 0xe5765420, L:/127.0.0.1:59515 - R:localhost/127.0.0.1:2690]' for 'POST' to 'http://localhost:2690/session/1d17cba2db6a7aededa6c8addbfcc1f0/elements'
[DEBUG] Using open Channel [id: 0xe5765420, L:/127.0.0.1:59515 - R:localhost/127.0.0.1:2690] for POST '/session/1d17cba2db6a7aededa6c8addbfcc1f0/elements'
[DEBUG] 

Request DefaultHttpRequest(decodeResult: success, version: HTTP/1.1)
POST /session/1d17cba2db6a7aededa6c8addbfcc1f0/elements HTTP/1.1
User-Agent: selenium/4.6.0 (java windows)
Content-Length: 129
Content-Type: application/json; charset=utf-8
host: localhost:2690
accept: */*

Response DefaultHttpResponse(decodeResult: success, version: HTTP/1.1)
HTTP/1.1 200 OK
Content-Type: application/json; charset=utf-8
cache-control: no-cache
content-length: 90

[DEBUG] Adding key: http://localhost:2690 for channel [id: 0xe5765420, L:/127.0.0.1:59515 - R:localhost/127.0.0.1:2690]
[DEBUG] Using pooled Channel '[id: 0xe5765420, L:/127.0.0.1:59515 - R:localhost/127.0.0.1:2690]' for 'GET' to 'http://localhost:2690/session/1d17cba2db6a7aededa6c8addbfcc1f0/element/26a106e3-561f-4925-8ddb-89252f2332f8/text'
[DEBUG] Using open Channel [id: 0xe5765420, L:/127.0.0.1:59515 - R:localhost/127.0.0.1:2690] for GET '/session/1d17cba2db6a7aededa6c8addbfcc1f0/element/26a106e3-561f-4925-8ddb-89252f2332f8/text'
[DEBUG] 

Request DefaultFullHttpRequest(decodeResult: success, version: HTTP/1.1, content: EmptyByteBufBE)
GET /session/1d17cba2db6a7aededa6c8addbfcc1f0/element/26a106e3-561f-4925-8ddb-89252f2332f8/text HTTP/1.1
User-Agent: selenium/4.6.0 (java windows)
Cache-Control: no-cache
Content-Type: application/json; charset=utf-8
host: localhost:2690
accept: */*

Response DefaultHttpResponse(decodeResult: success, version: HTTP/1.1)
HTTP/1.1 200 OK
Content-Type: application/json; charset=utf-8
cache-control: no-cache
content-length: 23

[DEBUG] Adding key: http://localhost:2690 for channel [id: 0xe5765420, L:/127.0.0.1:59515 - R:localhost/127.0.0.1:2690]
[DEBUG] Using pooled Channel '[id: 0xe5765420, L:/127.0.0.1:59515 - R:localhost/127.0.0.1:2690]' for 'POST' to 'http://localhost:2690/session/1d17cba2db6a7aededa6c8addbfcc1f0/elements'
[DEBUG] Using open Channel [id: 0xe5765420, L:/127.0.0.1:59515 - R:localhost/127.0.0.1:2690] for POST '/session/1d17cba2db6a7aededa6c8addbfcc1f0/elements'
[DEBUG] 

Request DefaultHttpRequest(decodeResult: success, version: HTTP/1.1)
POST /session/1d17cba2db6a7aededa6c8addbfcc1f0/elements HTTP/1.1
User-Agent: selenium/4.6.0 (java windows)
Content-Length: 129
Content-Type: application/json; charset=utf-8
host: localhost:2690
accept: */*

Response DefaultHttpResponse(decodeResult: success, version: HTTP/1.1)
HTTP/1.1 200 OK
Content-Type: application/json; charset=utf-8
cache-control: no-cache
content-length: 90

[DEBUG] Adding key: http://localhost:2690 for channel [id: 0xe5765420, L:/127.0.0.1:59515 - R:localhost/127.0.0.1:2690]
[DEBUG] Using pooled Channel '[id: 0xe5765420, L:/127.0.0.1:59515 - R:localhost/127.0.0.1:2690]' for 'GET' to 'http://localhost:2690/session/1d17cba2db6a7aededa6c8addbfcc1f0/element/c6541b61-3e87-483a-bd7f-84b3f899419c/text'
[DEBUG] Using open Channel [id: 0xe5765420, L:/127.0.0.1:59515 - R:localhost/127.0.0.1:2690] for GET '/session/1d17cba2db6a7aededa6c8addbfcc1f0/element/c6541b61-3e87-483a-bd7f-84b3f899419c/text'
[DEBUG] 

Request DefaultFullHttpRequest(decodeResult: success, version: HTTP/1.1, content: EmptyByteBufBE)
GET /session/1d17cba2db6a7aededa6c8addbfcc1f0/element/c6541b61-3e87-483a-bd7f-84b3f899419c/text HTTP/1.1
User-Agent: selenium/4.6.0 (java windows)
Cache-Control: no-cache
Content-Type: application/json; charset=utf-8
host: localhost:2690
accept: */*

Response DefaultHttpResponse(decodeResult: success, version: HTTP/1.1)
HTTP/1.1 200 OK
Content-Type: application/json; charset=utf-8
cache-control: no-cache
content-length: 18

[DEBUG] Adding key: http://localhost:2690 for channel [id: 0xe5765420, L:/127.0.0.1:59515 - R:localhost/127.0.0.1:2690]
[DEBUG] Using pooled Channel '[id: 0xe5765420, L:/127.0.0.1:59515 - R:localhost/127.0.0.1:2690]' for 'POST' to 'http://localhost:2690/session/1d17cba2db6a7aededa6c8addbfcc1f0/elements'
[DEBUG] Using open Channel [id: 0xe5765420, L:/127.0.0.1:59515 - R:localhost/127.0.0.1:2690] for POST '/session/1d17cba2db6a7aededa6c8addbfcc1f0/elements'
[DEBUG] 

Request DefaultHttpRequest(decodeResult: success, version: HTTP/1.1)
POST /session/1d17cba2db6a7aededa6c8addbfcc1f0/elements HTTP/1.1
User-Agent: selenium/4.6.0 (java windows)
Content-Length: 129
Content-Type: application/json; charset=utf-8
host: localhost:2690
accept: */*

Response DefaultHttpResponse(decodeResult: success, version: HTTP/1.1)
HTTP/1.1 200 OK
Content-Type: application/json; charset=utf-8
cache-control: no-cache
content-length: 90

[DEBUG] Adding key: http://localhost:2690 for channel [id: 0xe5765420, L:/127.0.0.1:59515 - R:localhost/127.0.0.1:2690]
[DEBUG] Using pooled Channel '[id: 0xe5765420, L:/127.0.0.1:59515 - R:localhost/127.0.0.1:2690]' for 'GET' to 'http://localhost:2690/session/1d17cba2db6a7aededa6c8addbfcc1f0/element/0f9cee7a-69da-4255-bdce-7b3e409dded1/text'
[DEBUG] Using open Channel [id: 0xe5765420, L:/127.0.0.1:59515 - R:localhost/127.0.0.1:2690] for GET '/session/1d17cba2db6a7aededa6c8addbfcc1f0/element/0f9cee7a-69da-4255-bdce-7b3e409dded1/text'
[DEBUG] 

Request DefaultFullHttpRequest(decodeResult: success, version: HTTP/1.1, content: EmptyByteBufBE)
GET /session/1d17cba2db6a7aededa6c8addbfcc1f0/element/0f9cee7a-69da-4255-bdce-7b3e409dded1/text HTTP/1.1
User-Agent: selenium/4.6.0 (java windows)
Cache-Control: no-cache
Content-Type: application/json; charset=utf-8
host: localhost:2690
accept: */*

Response DefaultHttpResponse(decodeResult: success, version: HTTP/1.1)
HTTP/1.1 200 OK
Content-Type: application/json; charset=utf-8
cache-control: no-cache
content-length: 41

[DEBUG] Adding key: http://localhost:2690 for channel [id: 0xe5765420, L:/127.0.0.1:59515 - R:localhost/127.0.0.1:2690]
[DEBUG] Using pooled Channel '[id: 0xe5765420, L:/127.0.0.1:59515 - R:localhost/127.0.0.1:2690]' for 'POST' to 'http://localhost:2690/session/1d17cba2db6a7aededa6c8addbfcc1f0/elements'
[DEBUG] Using open Channel [id: 0xe5765420, L:/127.0.0.1:59515 - R:localhost/127.0.0.1:2690] for POST '/session/1d17cba2db6a7aededa6c8addbfcc1f0/elements'
[DEBUG] 

Request DefaultHttpRequest(decodeResult: success, version: HTTP/1.1)
POST /session/1d17cba2db6a7aededa6c8addbfcc1f0/elements HTTP/1.1
User-Agent: selenium/4.6.0 (java windows)
Content-Length: 129
Content-Type: application/json; charset=utf-8
host: localhost:2690
accept: */*

Response DefaultHttpResponse(decodeResult: success, version: HTTP/1.1)
HTTP/1.1 200 OK
Content-Type: application/json; charset=utf-8
cache-control: no-cache
content-length: 90

[DEBUG] Adding key: http://localhost:2690 for channel [id: 0xe5765420, L:/127.0.0.1:59515 - R:localhost/127.0.0.1:2690]
[DEBUG] Using pooled Channel '[id: 0xe5765420, L:/127.0.0.1:59515 - R:localhost/127.0.0.1:2690]' for 'GET' to 'http://localhost:2690/session/1d17cba2db6a7aededa6c8addbfcc1f0/element/8281f184-75d4-42d6-be36-39c8503190cc/text'
[DEBUG] Using open Channel [id: 0xe5765420, L:/127.0.0.1:59515 - R:localhost/127.0.0.1:2690] for GET '/session/1d17cba2db6a7aededa6c8addbfcc1f0/element/8281f184-75d4-42d6-be36-39c8503190cc/text'
[DEBUG] 

Request DefaultFullHttpRequest(decodeResult: success, version: HTTP/1.1, content: EmptyByteBufBE)
GET /session/1d17cba2db6a7aededa6c8addbfcc1f0/element/8281f184-75d4-42d6-be36-39c8503190cc/text HTTP/1.1
User-Agent: selenium/4.6.0 (java windows)
Cache-Control: no-cache
Content-Type: application/json; charset=utf-8
host: localhost:2690
accept: */*

Response DefaultHttpResponse(decodeResult: success, version: HTTP/1.1)
HTTP/1.1 200 OK
Content-Type: application/json; charset=utf-8
cache-control: no-cache
content-length: 28

[DEBUG] Adding key: http://localhost:2690 for channel [id: 0xe5765420, L:/127.0.0.1:59515 - R:localhost/127.0.0.1:2690]
[DEBUG] Using pooled Channel '[id: 0xe5765420, L:/127.0.0.1:59515 - R:localhost/127.0.0.1:2690]' for 'POST' to 'http://localhost:2690/session/1d17cba2db6a7aededa6c8addbfcc1f0/element'
[DEBUG] Using open Channel [id: 0xe5765420, L:/127.0.0.1:59515 - R:localhost/127.0.0.1:2690] for POST '/session/1d17cba2db6a7aededa6c8addbfcc1f0/element'
[DEBUG] 

Request DefaultHttpRequest(decodeResult: success, version: HTTP/1.1)
POST /session/1d17cba2db6a7aededa6c8addbfcc1f0/element HTTP/1.1
User-Agent: selenium/4.6.0 (java windows)
Content-Length: 129
Content-Type: application/json; charset=utf-8
host: localhost:2690
accept: */*

Response DefaultHttpResponse(decodeResult: success, version: HTTP/1.1)
HTTP/1.1 200 OK
Content-Type: application/json; charset=utf-8
cache-control: no-cache
content-length: 88

[DEBUG] Adding key: http://localhost:2690 for channel [id: 0xe5765420, L:/127.0.0.1:59515 - R:localhost/127.0.0.1:2690]
[DEBUG] Using pooled Channel '[id: 0xe5765420, L:/127.0.0.1:59515 - R:localhost/127.0.0.1:2690]' for 'GET' to 'http://localhost:2690/session/1d17cba2db6a7aededa6c8addbfcc1f0/element/cb7ad885-3d12-42e0-8eeb-fda25a4fe06c/text'
[DEBUG] Using open Channel [id: 0xe5765420, L:/127.0.0.1:59515 - R:localhost/127.0.0.1:2690] for GET '/session/1d17cba2db6a7aededa6c8addbfcc1f0/element/cb7ad885-3d12-42e0-8eeb-fda25a4fe06c/text'
[DEBUG] 

Request DefaultFullHttpRequest(decodeResult: success, version: HTTP/1.1, content: EmptyByteBufBE)
GET /session/1d17cba2db6a7aededa6c8addbfcc1f0/element/cb7ad885-3d12-42e0-8eeb-fda25a4fe06c/text HTTP/1.1
User-Agent: selenium/4.6.0 (java windows)
Cache-Control: no-cache
Content-Type: application/json; charset=utf-8
host: localhost:2690
accept: */*

Response DefaultHttpResponse(decodeResult: success, version: HTTP/1.1)
HTTP/1.1 200 OK
Content-Type: application/json; charset=utf-8
cache-control: no-cache
content-length: 28

[DEBUG] Adding key: http://localhost:2690 for channel [id: 0xe5765420, L:/127.0.0.1:59515 - R:localhost/127.0.0.1:2690]
[DEBUG] Using pooled Channel '[id: 0xe5765420, L:/127.0.0.1:59515 - R:localhost/127.0.0.1:2690]' for 'POST' to 'http://localhost:2690/session/1d17cba2db6a7aededa6c8addbfcc1f0/elements'
[DEBUG] Using open Channel [id: 0xe5765420, L:/127.0.0.1:59515 - R:localhost/127.0.0.1:2690] for POST '/session/1d17cba2db6a7aededa6c8addbfcc1f0/elements'
[DEBUG] 

Request DefaultHttpRequest(decodeResult: success, version: HTTP/1.1)
POST /session/1d17cba2db6a7aededa6c8addbfcc1f0/elements HTTP/1.1
User-Agent: selenium/4.6.0 (java windows)
Content-Length: 129
Content-Type: application/json; charset=utf-8
host: localhost:2690
accept: */*

Response DefaultHttpResponse(decodeResult: success, version: HTTP/1.1)
HTTP/1.1 200 OK
Content-Type: application/json; charset=utf-8
cache-control: no-cache
content-length: 90

[DEBUG] Adding key: http://localhost:2690 for channel [id: 0xe5765420, L:/127.0.0.1:59515 - R:localhost/127.0.0.1:2690]
[DEBUG] Using pooled Channel '[id: 0xe5765420, L:/127.0.0.1:59515 - R:localhost/127.0.0.1:2690]' for 'GET' to 'http://localhost:2690/session/1d17cba2db6a7aededa6c8addbfcc1f0/element/85f52a19-dc0e-43aa-84bd-732a9bebdad6/text'
[DEBUG] Using open Channel [id: 0xe5765420, L:/127.0.0.1:59515 - R:localhost/127.0.0.1:2690] for GET '/session/1d17cba2db6a7aededa6c8addbfcc1f0/element/85f52a19-dc0e-43aa-84bd-732a9bebdad6/text'
[DEBUG] 

Request DefaultFullHttpRequest(decodeResult: success, version: HTTP/1.1, content: EmptyByteBufBE)
GET /session/1d17cba2db6a7aededa6c8addbfcc1f0/element/85f52a19-dc0e-43aa-84bd-732a9bebdad6/text HTTP/1.1
User-Agent: selenium/4.6.0 (java windows)
Cache-Control: no-cache
Content-Type: application/json; charset=utf-8
host: localhost:2690
accept: */*

Response DefaultHttpResponse(decodeResult: success, version: HTTP/1.1)
HTTP/1.1 200 OK
Content-Type: application/json; charset=utf-8
cache-control: no-cache
content-length: 23

[DEBUG] Adding key: http://localhost:2690 for channel [id: 0xe5765420, L:/127.0.0.1:59515 - R:localhost/127.0.0.1:2690]
[DEBUG] Using pooled Channel '[id: 0xe5765420, L:/127.0.0.1:59515 - R:localhost/127.0.0.1:2690]' for 'POST' to 'http://localhost:2690/session/1d17cba2db6a7aededa6c8addbfcc1f0/elements'
[DEBUG] Using open Channel [id: 0xe5765420, L:/127.0.0.1:59515 - R:localhost/127.0.0.1:2690] for POST '/session/1d17cba2db6a7aededa6c8addbfcc1f0/elements'
[DEBUG] 

Request DefaultHttpRequest(decodeResult: success, version: HTTP/1.1)
POST /session/1d17cba2db6a7aededa6c8addbfcc1f0/elements HTTP/1.1
User-Agent: selenium/4.6.0 (java windows)
Content-Length: 129
Content-Type: application/json; charset=utf-8
host: localhost:2690
accept: */*

Response DefaultHttpResponse(decodeResult: success, version: HTTP/1.1)
HTTP/1.1 200 OK
Content-Type: application/json; charset=utf-8
cache-control: no-cache
content-length: 90

[DEBUG] Adding key: http://localhost:2690 for channel [id: 0xe5765420, L:/127.0.0.1:59515 - R:localhost/127.0.0.1:2690]
[DEBUG] Using pooled Channel '[id: 0xe5765420, L:/127.0.0.1:59515 - R:localhost/127.0.0.1:2690]' for 'GET' to 'http://localhost:2690/session/1d17cba2db6a7aededa6c8addbfcc1f0/element/26ae834c-1876-455d-adfe-09ec20768ca8/text'
[DEBUG] Using open Channel [id: 0xe5765420, L:/127.0.0.1:59515 - R:localhost/127.0.0.1:2690] for GET '/session/1d17cba2db6a7aededa6c8addbfcc1f0/element/26ae834c-1876-455d-adfe-09ec20768ca8/text'
[DEBUG] 

Request DefaultFullHttpRequest(decodeResult: success, version: HTTP/1.1, content: EmptyByteBufBE)
GET /session/1d17cba2db6a7aededa6c8addbfcc1f0/element/26ae834c-1876-455d-adfe-09ec20768ca8/text HTTP/1.1
User-Agent: selenium/4.6.0 (java windows)
Cache-Control: no-cache
Content-Type: application/json; charset=utf-8
host: localhost:2690
accept: */*

Response DefaultHttpResponse(decodeResult: success, version: HTTP/1.1)
HTTP/1.1 200 OK
Content-Type: application/json; charset=utf-8
cache-control: no-cache
content-length: 18

[DEBUG] Adding key: http://localhost:2690 for channel [id: 0xe5765420, L:/127.0.0.1:59515 - R:localhost/127.0.0.1:2690]
[DEBUG] Using pooled Channel '[id: 0xe5765420, L:/127.0.0.1:59515 - R:localhost/127.0.0.1:2690]' for 'POST' to 'http://localhost:2690/session/1d17cba2db6a7aededa6c8addbfcc1f0/elements'
[DEBUG] Using open Channel [id: 0xe5765420, L:/127.0.0.1:59515 - R:localhost/127.0.0.1:2690] for POST '/session/1d17cba2db6a7aededa6c8addbfcc1f0/elements'
[DEBUG] 

Request DefaultHttpRequest(decodeResult: success, version: HTTP/1.1)
POST /session/1d17cba2db6a7aededa6c8addbfcc1f0/elements HTTP/1.1
User-Agent: selenium/4.6.0 (java windows)
Content-Length: 129
Content-Type: application/json; charset=utf-8
host: localhost:2690
accept: */*

Response DefaultHttpResponse(decodeResult: success, version: HTTP/1.1)
HTTP/1.1 200 OK
Content-Type: application/json; charset=utf-8
cache-control: no-cache
content-length: 90

[DEBUG] Adding key: http://localhost:2690 for channel [id: 0xe5765420, L:/127.0.0.1:59515 - R:localhost/127.0.0.1:2690]
[DEBUG] Using pooled Channel '[id: 0xe5765420, L:/127.0.0.1:59515 - R:localhost/127.0.0.1:2690]' for 'GET' to 'http://localhost:2690/session/1d17cba2db6a7aededa6c8addbfcc1f0/element/5457bb71-d273-412d-b57d-03315e839793/text'
[DEBUG] Using open Channel [id: 0xe5765420, L:/127.0.0.1:59515 - R:localhost/127.0.0.1:2690] for GET '/session/1d17cba2db6a7aededa6c8addbfcc1f0/element/5457bb71-d273-412d-b57d-03315e839793/text'
[DEBUG] 

Request DefaultFullHttpRequest(decodeResult: success, version: HTTP/1.1, content: EmptyByteBufBE)
GET /session/1d17cba2db6a7aededa6c8addbfcc1f0/element/5457bb71-d273-412d-b57d-03315e839793/text HTTP/1.1
User-Agent: selenium/4.6.0 (java windows)
Cache-Control: no-cache
Content-Type: application/json; charset=utf-8
host: localhost:2690
accept: */*

Response DefaultHttpResponse(decodeResult: success, version: HTTP/1.1)
HTTP/1.1 200 OK
Content-Type: application/json; charset=utf-8
cache-control: no-cache
content-length: 26

[DEBUG] Adding key: http://localhost:2690 for channel [id: 0xe5765420, L:/127.0.0.1:59515 - R:localhost/127.0.0.1:2690]
[DEBUG] Using pooled Channel '[id: 0xe5765420, L:/127.0.0.1:59515 - R:localhost/127.0.0.1:2690]' for 'POST' to 'http://localhost:2690/session/1d17cba2db6a7aededa6c8addbfcc1f0/elements'
[DEBUG] Using open Channel [id: 0xe5765420, L:/127.0.0.1:59515 - R:localhost/127.0.0.1:2690] for POST '/session/1d17cba2db6a7aededa6c8addbfcc1f0/elements'
[DEBUG] 

Request DefaultHttpRequest(decodeResult: success, version: HTTP/1.1)
POST /session/1d17cba2db6a7aededa6c8addbfcc1f0/elements HTTP/1.1
User-Agent: selenium/4.6.0 (java windows)
Content-Length: 129
Content-Type: application/json; charset=utf-8
host: localhost:2690
accept: */*

Response DefaultHttpResponse(decodeResult: success, version: HTTP/1.1)
HTTP/1.1 200 OK
Content-Type: application/json; charset=utf-8
cache-control: no-cache
content-length: 90

[DEBUG] Adding key: http://localhost:2690 for channel [id: 0xe5765420, L:/127.0.0.1:59515 - R:localhost/127.0.0.1:2690]
[DEBUG] Using pooled Channel '[id: 0xe5765420, L:/127.0.0.1:59515 - R:localhost/127.0.0.1:2690]' for 'GET' to 'http://localhost:2690/session/1d17cba2db6a7aededa6c8addbfcc1f0/element/cb7ad885-3d12-42e0-8eeb-fda25a4fe06c/text'
[DEBUG] Using open Channel [id: 0xe5765420, L:/127.0.0.1:59515 - R:localhost/127.0.0.1:2690] for GET '/session/1d17cba2db6a7aededa6c8addbfcc1f0/element/cb7ad885-3d12-42e0-8eeb-fda25a4fe06c/text'
[DEBUG] 

Request DefaultFullHttpRequest(decodeResult: success, version: HTTP/1.1, content: EmptyByteBufBE)
GET /session/1d17cba2db6a7aededa6c8addbfcc1f0/element/cb7ad885-3d12-42e0-8eeb-fda25a4fe06c/text HTTP/1.1
User-Agent: selenium/4.6.0 (java windows)
Cache-Control: no-cache
Content-Type: application/json; charset=utf-8
host: localhost:2690
accept: */*

Response DefaultHttpResponse(decodeResult: success, version: HTTP/1.1)
HTTP/1.1 200 OK
Content-Type: application/json; charset=utf-8
cache-control: no-cache
content-length: 28

[DEBUG] Adding key: http://localhost:2690 for channel [id: 0xe5765420, L:/127.0.0.1:59515 - R:localhost/127.0.0.1:2690]
[DEBUG] Using pooled Channel '[id: 0xe5765420, L:/127.0.0.1:59515 - R:localhost/127.0.0.1:2690]' for 'POST' to 'http://localhost:2690/session/1d17cba2db6a7aededa6c8addbfcc1f0/element'
[DEBUG] Using open Channel [id: 0xe5765420, L:/127.0.0.1:59515 - R:localhost/127.0.0.1:2690] for POST '/session/1d17cba2db6a7aededa6c8addbfcc1f0/element'
[DEBUG] 

Request DefaultHttpRequest(decodeResult: success, version: HTTP/1.1)
POST /session/1d17cba2db6a7aededa6c8addbfcc1f0/element HTTP/1.1
User-Agent: selenium/4.6.0 (java windows)
Content-Length: 129
Content-Type: application/json; charset=utf-8
host: localhost:2690
accept: */*

Response DefaultHttpResponse(decodeResult: success, version: HTTP/1.1)
HTTP/1.1 200 OK
Content-Type: application/json; charset=utf-8
cache-control: no-cache
content-length: 88

[DEBUG] Adding key: http://localhost:2690 for channel [id: 0xe5765420, L:/127.0.0.1:59515 - R:localhost/127.0.0.1:2690]
[DEBUG] Using pooled Channel '[id: 0xe5765420, L:/127.0.0.1:59515 - R:localhost/127.0.0.1:2690]' for 'GET' to 'http://localhost:2690/session/1d17cba2db6a7aededa6c8addbfcc1f0/element/7a0b8cda-11a2-4e58-9984-8dd8142033db/text'
[DEBUG] Using open Channel [id: 0xe5765420, L:/127.0.0.1:59515 - R:localhost/127.0.0.1:2690] for GET '/session/1d17cba2db6a7aededa6c8addbfcc1f0/element/7a0b8cda-11a2-4e58-9984-8dd8142033db/text'
[DEBUG] 

Request DefaultFullHttpRequest(decodeResult: success, version: HTTP/1.1, content: EmptyByteBufBE)
GET /session/1d17cba2db6a7aededa6c8addbfcc1f0/element/7a0b8cda-11a2-4e58-9984-8dd8142033db/text HTTP/1.1
User-Agent: selenium/4.6.0 (java windows)
Cache-Control: no-cache
Content-Type: application/json; charset=utf-8
host: localhost:2690
accept: */*

Response DefaultHttpResponse(decodeResult: success, version: HTTP/1.1)
HTTP/1.1 200 OK
Content-Type: application/json; charset=utf-8
cache-control: no-cache
content-length: 28

[DEBUG] Adding key: http://localhost:2690 for channel [id: 0xe5765420, L:/127.0.0.1:59515 - R:localhost/127.0.0.1:2690]
[DEBUG] Using pooled Channel '[id: 0xe5765420, L:/127.0.0.1:59515 - R:localhost/127.0.0.1:2690]' for 'POST' to 'http://localhost:2690/session/1d17cba2db6a7aededa6c8addbfcc1f0/elements'
[DEBUG] Using open Channel [id: 0xe5765420, L:/127.0.0.1:59515 - R:localhost/127.0.0.1:2690] for POST '/session/1d17cba2db6a7aededa6c8addbfcc1f0/elements'
[DEBUG] 

Request DefaultHttpRequest(decodeResult: success, version: HTTP/1.1)
POST /session/1d17cba2db6a7aededa6c8addbfcc1f0/elements HTTP/1.1
User-Agent: selenium/4.6.0 (java windows)
Content-Length: 129
Content-Type: application/json; charset=utf-8
host: localhost:2690
accept: */*

Response DefaultHttpResponse(decodeResult: success, version: HTTP/1.1)
HTTP/1.1 200 OK
Content-Type: application/json; charset=utf-8
cache-control: no-cache
content-length: 90

[DEBUG] Adding key: http://localhost:2690 for channel [id: 0xe5765420, L:/127.0.0.1:59515 - R:localhost/127.0.0.1:2690]
[DEBUG] Using pooled Channel '[id: 0xe5765420, L:/127.0.0.1:59515 - R:localhost/127.0.0.1:2690]' for 'GET' to 'http://localhost:2690/session/1d17cba2db6a7aededa6c8addbfcc1f0/element/02acda6c-86f6-4da2-98fd-6ff7d443fb08/text'
[DEBUG] Using open Channel [id: 0xe5765420, L:/127.0.0.1:59515 - R:localhost/127.0.0.1:2690] for GET '/session/1d17cba2db6a7aededa6c8addbfcc1f0/element/02acda6c-86f6-4da2-98fd-6ff7d443fb08/text'
[DEBUG] 

Request DefaultFullHttpRequest(decodeResult: success, version: HTTP/1.1, content: EmptyByteBufBE)
GET /session/1d17cba2db6a7aededa6c8addbfcc1f0/element/02acda6c-86f6-4da2-98fd-6ff7d443fb08/text HTTP/1.1
User-Agent: selenium/4.6.0 (java windows)
Cache-Control: no-cache
Content-Type: application/json; charset=utf-8
host: localhost:2690
accept: */*

Response DefaultHttpResponse(decodeResult: success, version: HTTP/1.1)
HTTP/1.1 200 OK
Content-Type: application/json; charset=utf-8
cache-control: no-cache
content-length: 23

[DEBUG] Adding key: http://localhost:2690 for channel [id: 0xe5765420, L:/127.0.0.1:59515 - R:localhost/127.0.0.1:2690]
[DEBUG] Using pooled Channel '[id: 0xe5765420, L:/127.0.0.1:59515 - R:localhost/127.0.0.1:2690]' for 'POST' to 'http://localhost:2690/session/1d17cba2db6a7aededa6c8addbfcc1f0/elements'
[DEBUG] Using open Channel [id: 0xe5765420, L:/127.0.0.1:59515 - R:localhost/127.0.0.1:2690] for POST '/session/1d17cba2db6a7aededa6c8addbfcc1f0/elements'
[DEBUG] 

Request DefaultHttpRequest(decodeResult: success, version: HTTP/1.1)
POST /session/1d17cba2db6a7aededa6c8addbfcc1f0/elements HTTP/1.1
User-Agent: selenium/4.6.0 (java windows)
Content-Length: 129
Content-Type: application/json; charset=utf-8
host: localhost:2690
accept: */*

Response DefaultHttpResponse(decodeResult: success, version: HTTP/1.1)
HTTP/1.1 200 OK
Content-Type: application/json; charset=utf-8
cache-control: no-cache
content-length: 90

[DEBUG] Adding key: http://localhost:2690 for channel [id: 0xe5765420, L:/127.0.0.1:59515 - R:localhost/127.0.0.1:2690]
[DEBUG] Using pooled Channel '[id: 0xe5765420, L:/127.0.0.1:59515 - R:localhost/127.0.0.1:2690]' for 'GET' to 'http://localhost:2690/session/1d17cba2db6a7aededa6c8addbfcc1f0/element/016168a1-5f18-4e50-a5d4-f03b46370de4/text'
[DEBUG] Using open Channel [id: 0xe5765420, L:/127.0.0.1:59515 - R:localhost/127.0.0.1:2690] for GET '/session/1d17cba2db6a7aededa6c8addbfcc1f0/element/016168a1-5f18-4e50-a5d4-f03b46370de4/text'
[DEBUG] 

Request DefaultFullHttpRequest(decodeResult: success, version: HTTP/1.1, content: EmptyByteBufBE)
GET /session/1d17cba2db6a7aededa6c8addbfcc1f0/element/016168a1-5f18-4e50-a5d4-f03b46370de4/text HTTP/1.1
User-Agent: selenium/4.6.0 (java windows)
Cache-Control: no-cache
Content-Type: application/json; charset=utf-8
host: localhost:2690
accept: */*

Response DefaultHttpResponse(decodeResult: success, version: HTTP/1.1)
HTTP/1.1 200 OK
Content-Type: application/json; charset=utf-8
cache-control: no-cache
content-length: 19

[DEBUG] Adding key: http://localhost:2690 for channel [id: 0xe5765420, L:/127.0.0.1:59515 - R:localhost/127.0.0.1:2690]
[DEBUG] Using pooled Channel '[id: 0xe5765420, L:/127.0.0.1:59515 - R:localhost/127.0.0.1:2690]' for 'POST' to 'http://localhost:2690/session/1d17cba2db6a7aededa6c8addbfcc1f0/elements'
[DEBUG] Using open Channel [id: 0xe5765420, L:/127.0.0.1:59515 - R:localhost/127.0.0.1:2690] for POST '/session/1d17cba2db6a7aededa6c8addbfcc1f0/elements'
[DEBUG] 

Request DefaultHttpRequest(decodeResult: success, version: HTTP/1.1)
POST /session/1d17cba2db6a7aededa6c8addbfcc1f0/elements HTTP/1.1
User-Agent: selenium/4.6.0 (java windows)
Content-Length: 129
Content-Type: application/json; charset=utf-8
host: localhost:2690
accept: */*

Response DefaultHttpResponse(decodeResult: success, version: HTTP/1.1)
HTTP/1.1 200 OK
Content-Type: application/json; charset=utf-8
cache-control: no-cache
content-length: 90

[DEBUG] Adding key: http://localhost:2690 for channel [id: 0xe5765420, L:/127.0.0.1:59515 - R:localhost/127.0.0.1:2690]
[DEBUG] Using pooled Channel '[id: 0xe5765420, L:/127.0.0.1:59515 - R:localhost/127.0.0.1:2690]' for 'GET' to 'http://localhost:2690/session/1d17cba2db6a7aededa6c8addbfcc1f0/element/80ec2969-bd3e-43dc-b47c-a5737e20bef9/text'
[DEBUG] Using open Channel [id: 0xe5765420, L:/127.0.0.1:59515 - R:localhost/127.0.0.1:2690] for GET '/session/1d17cba2db6a7aededa6c8addbfcc1f0/element/80ec2969-bd3e-43dc-b47c-a5737e20bef9/text'
[DEBUG] 

Request DefaultFullHttpRequest(decodeResult: success, version: HTTP/1.1, content: EmptyByteBufBE)
GET /session/1d17cba2db6a7aededa6c8addbfcc1f0/element/80ec2969-bd3e-43dc-b47c-a5737e20bef9/text HTTP/1.1
User-Agent: selenium/4.6.0 (java windows)
Cache-Control: no-cache
Content-Type: application/json; charset=utf-8
host: localhost:2690
accept: */*

Response DefaultHttpResponse(decodeResult: success, version: HTTP/1.1)
HTTP/1.1 200 OK
Content-Type: application/json; charset=utf-8
cache-control: no-cache
content-length: 34

[DEBUG] Adding key: http://localhost:2690 for channel [id: 0xe5765420, L:/127.0.0.1:59515 - R:localhost/127.0.0.1:2690]
[DEBUG] Using pooled Channel '[id: 0xe5765420, L:/127.0.0.1:59515 - R:localhost/127.0.0.1:2690]' for 'POST' to 'http://localhost:2690/session/1d17cba2db6a7aededa6c8addbfcc1f0/elements'
[DEBUG] Using open Channel [id: 0xe5765420, L:/127.0.0.1:59515 - R:localhost/127.0.0.1:2690] for POST '/session/1d17cba2db6a7aededa6c8addbfcc1f0/elements'
[DEBUG] 

Request DefaultHttpRequest(decodeResult: success, version: HTTP/1.1)
POST /session/1d17cba2db6a7aededa6c8addbfcc1f0/elements HTTP/1.1
User-Agent: selenium/4.6.0 (java windows)
Content-Length: 129
Content-Type: application/json; charset=utf-8
host: localhost:2690
accept: */*

Response DefaultHttpResponse(decodeResult: success, version: HTTP/1.1)
HTTP/1.1 200 OK
Content-Type: application/json; charset=utf-8
cache-control: no-cache
content-length: 90

[DEBUG] Adding key: http://localhost:2690 for channel [id: 0xe5765420, L:/127.0.0.1:59515 - R:localhost/127.0.0.1:2690]
[DEBUG] Using pooled Channel '[id: 0xe5765420, L:/127.0.0.1:59515 - R:localhost/127.0.0.1:2690]' for 'GET' to 'http://localhost:2690/session/1d17cba2db6a7aededa6c8addbfcc1f0/element/7a0b8cda-11a2-4e58-9984-8dd8142033db/text'
[DEBUG] Using open Channel [id: 0xe5765420, L:/127.0.0.1:59515 - R:localhost/127.0.0.1:2690] for GET '/session/1d17cba2db6a7aededa6c8addbfcc1f0/element/7a0b8cda-11a2-4e58-9984-8dd8142033db/text'
[DEBUG] 

Request DefaultFullHttpRequest(decodeResult: success, version: HTTP/1.1, content: EmptyByteBufBE)
GET /session/1d17cba2db6a7aededa6c8addbfcc1f0/element/7a0b8cda-11a2-4e58-9984-8dd8142033db/text HTTP/1.1
User-Agent: selenium/4.6.0 (java windows)
Cache-Control: no-cache
Content-Type: application/json; charset=utf-8
host: localhost:2690
accept: */*

Response DefaultHttpResponse(decodeResult: success, version: HTTP/1.1)
HTTP/1.1 200 OK
Content-Type: application/json; charset=utf-8
cache-control: no-cache
content-length: 28

[DEBUG] Adding key: http://localhost:2690 for channel [id: 0xe5765420, L:/127.0.0.1:59515 - R:localhost/127.0.0.1:2690]
[DEBUG] Using pooled Channel '[id: 0xe5765420, L:/127.0.0.1:59515 - R:localhost/127.0.0.1:2690]' for 'POST' to 'http://localhost:2690/session/1d17cba2db6a7aededa6c8addbfcc1f0/element'
[DEBUG] Using open Channel [id: 0xe5765420, L:/127.0.0.1:59515 - R:localhost/127.0.0.1:2690] for POST '/session/1d17cba2db6a7aededa6c8addbfcc1f0/element'
[DEBUG] 

Request DefaultHttpRequest(decodeResult: success, version: HTTP/1.1)
POST /session/1d17cba2db6a7aededa6c8addbfcc1f0/element HTTP/1.1
User-Agent: selenium/4.6.0 (java windows)
Content-Length: 129
Content-Type: application/json; charset=utf-8
host: localhost:2690
accept: */*

Response DefaultHttpResponse(decodeResult: success, version: HTTP/1.1)
HTTP/1.1 200 OK
Content-Type: application/json; charset=utf-8
cache-control: no-cache
content-length: 88

[DEBUG] Adding key: http://localhost:2690 for channel [id: 0xe5765420, L:/127.0.0.1:59515 - R:localhost/127.0.0.1:2690]
[DEBUG] Using pooled Channel '[id: 0xe5765420, L:/127.0.0.1:59515 - R:localhost/127.0.0.1:2690]' for 'GET' to 'http://localhost:2690/session/1d17cba2db6a7aededa6c8addbfcc1f0/element/8fb27b6f-7df9-4854-bbf0-406d81247bda/text'
[DEBUG] Using open Channel [id: 0xe5765420, L:/127.0.0.1:59515 - R:localhost/127.0.0.1:2690] for GET '/session/1d17cba2db6a7aededa6c8addbfcc1f0/element/8fb27b6f-7df9-4854-bbf0-406d81247bda/text'
[DEBUG] 

Request DefaultFullHttpRequest(decodeResult: success, version: HTTP/1.1, content: EmptyByteBufBE)
GET /session/1d17cba2db6a7aededa6c8addbfcc1f0/element/8fb27b6f-7df9-4854-bbf0-406d81247bda/text HTTP/1.1
User-Agent: selenium/4.6.0 (java windows)
Cache-Control: no-cache
Content-Type: application/json; charset=utf-8
host: localhost:2690
accept: */*

Response DefaultHttpResponse(decodeResult: success, version: HTTP/1.1)
HTTP/1.1 200 OK
Content-Type: application/json; charset=utf-8
cache-control: no-cache
content-length: 28

[DEBUG] Adding key: http://localhost:2690 for channel [id: 0xe5765420, L:/127.0.0.1:59515 - R:localhost/127.0.0.1:2690]
[DEBUG] Using pooled Channel '[id: 0xe5765420, L:/127.0.0.1:59515 - R:localhost/127.0.0.1:2690]' for 'POST' to 'http://localhost:2690/session/1d17cba2db6a7aededa6c8addbfcc1f0/elements'
[DEBUG] Using open Channel [id: 0xe5765420, L:/127.0.0.1:59515 - R:localhost/127.0.0.1:2690] for POST '/session/1d17cba2db6a7aededa6c8addbfcc1f0/elements'
[DEBUG] 

Request DefaultHttpRequest(decodeResult: success, version: HTTP/1.1)
POST /session/1d17cba2db6a7aededa6c8addbfcc1f0/elements HTTP/1.1
User-Agent: selenium/4.6.0 (java windows)
Content-Length: 129
Content-Type: application/json; charset=utf-8
host: localhost:2690
accept: */*

Response DefaultHttpResponse(decodeResult: success, version: HTTP/1.1)
HTTP/1.1 200 OK
Content-Type: application/json; charset=utf-8
cache-control: no-cache
content-length: 90

[DEBUG] Adding key: http://localhost:2690 for channel [id: 0xe5765420, L:/127.0.0.1:59515 - R:localhost/127.0.0.1:2690]
[DEBUG] Using pooled Channel '[id: 0xe5765420, L:/127.0.0.1:59515 - R:localhost/127.0.0.1:2690]' for 'GET' to 'http://localhost:2690/session/1d17cba2db6a7aededa6c8addbfcc1f0/element/e989361f-3b86-4979-bb59-7b9d12c6362c/text'
[DEBUG] Using open Channel [id: 0xe5765420, L:/127.0.0.1:59515 - R:localhost/127.0.0.1:2690] for GET '/session/1d17cba2db6a7aededa6c8addbfcc1f0/element/e989361f-3b86-4979-bb59-7b9d12c6362c/text'
[DEBUG] 

Request DefaultFullHttpRequest(decodeResult: success, version: HTTP/1.1, content: EmptyByteBufBE)
GET /session/1d17cba2db6a7aededa6c8addbfcc1f0/element/e989361f-3b86-4979-bb59-7b9d12c6362c/text HTTP/1.1
User-Agent: selenium/4.6.0 (java windows)
Cache-Control: no-cache
Content-Type: application/json; charset=utf-8
host: localhost:2690
accept: */*

Response DefaultHttpResponse(decodeResult: success, version: HTTP/1.1)
HTTP/1.1 200 OK
Content-Type: application/json; charset=utf-8
cache-control: no-cache
content-length: 23

[DEBUG] Adding key: http://localhost:2690 for channel [id: 0xe5765420, L:/127.0.0.1:59515 - R:localhost/127.0.0.1:2690]
[DEBUG] Using pooled Channel '[id: 0xe5765420, L:/127.0.0.1:59515 - R:localhost/127.0.0.1:2690]' for 'POST' to 'http://localhost:2690/session/1d17cba2db6a7aededa6c8addbfcc1f0/elements'
[DEBUG] Using open Channel [id: 0xe5765420, L:/127.0.0.1:59515 - R:localhost/127.0.0.1:2690] for POST '/session/1d17cba2db6a7aededa6c8addbfcc1f0/elements'
[DEBUG] 

Request DefaultHttpRequest(decodeResult: success, version: HTTP/1.1)
POST /session/1d17cba2db6a7aededa6c8addbfcc1f0/elements HTTP/1.1
User-Agent: selenium/4.6.0 (java windows)
Content-Length: 129
Content-Type: application/json; charset=utf-8
host: localhost:2690
accept: */*

Response DefaultHttpResponse(decodeResult: success, version: HTTP/1.1)
HTTP/1.1 200 OK
Content-Type: application/json; charset=utf-8
cache-control: no-cache
content-length: 90

[DEBUG] Adding key: http://localhost:2690 for channel [id: 0xe5765420, L:/127.0.0.1:59515 - R:localhost/127.0.0.1:2690]
[DEBUG] Using pooled Channel '[id: 0xe5765420, L:/127.0.0.1:59515 - R:localhost/127.0.0.1:2690]' for 'GET' to 'http://localhost:2690/session/1d17cba2db6a7aededa6c8addbfcc1f0/element/318d7548-68bc-47c5-ba05-4fc3584f9d56/text'
[DEBUG] Using open Channel [id: 0xe5765420, L:/127.0.0.1:59515 - R:localhost/127.0.0.1:2690] for GET '/session/1d17cba2db6a7aededa6c8addbfcc1f0/element/318d7548-68bc-47c5-ba05-4fc3584f9d56/text'
[DEBUG] 

Request DefaultFullHttpRequest(decodeResult: success, version: HTTP/1.1, content: EmptyByteBufBE)
GET /session/1d17cba2db6a7aededa6c8addbfcc1f0/element/318d7548-68bc-47c5-ba05-4fc3584f9d56/text HTTP/1.1
User-Agent: selenium/4.6.0 (java windows)
Cache-Control: no-cache
Content-Type: application/json; charset=utf-8
host: localhost:2690
accept: */*

Response DefaultHttpResponse(decodeResult: success, version: HTTP/1.1)
HTTP/1.1 200 OK
Content-Type: application/json; charset=utf-8
cache-control: no-cache
content-length: 21

[DEBUG] Adding key: http://localhost:2690 for channel [id: 0xe5765420, L:/127.0.0.1:59515 - R:localhost/127.0.0.1:2690]
[DEBUG] Using pooled Channel '[id: 0xe5765420, L:/127.0.0.1:59515 - R:localhost/127.0.0.1:2690]' for 'POST' to 'http://localhost:2690/session/1d17cba2db6a7aededa6c8addbfcc1f0/elements'
[DEBUG] Using open Channel [id: 0xe5765420, L:/127.0.0.1:59515 - R:localhost/127.0.0.1:2690] for POST '/session/1d17cba2db6a7aededa6c8addbfcc1f0/elements'
[DEBUG] 

Request DefaultHttpRequest(decodeResult: success, version: HTTP/1.1)
POST /session/1d17cba2db6a7aededa6c8addbfcc1f0/elements HTTP/1.1
User-Agent: selenium/4.6.0 (java windows)
Content-Length: 129
Content-Type: application/json; charset=utf-8
host: localhost:2690
accept: */*

Response DefaultHttpResponse(decodeResult: success, version: HTTP/1.1)
HTTP/1.1 200 OK
Content-Type: application/json; charset=utf-8
cache-control: no-cache
content-length: 90

[DEBUG] Adding key: http://localhost:2690 for channel [id: 0xe5765420, L:/127.0.0.1:59515 - R:localhost/127.0.0.1:2690]
[DEBUG] Using pooled Channel '[id: 0xe5765420, L:/127.0.0.1:59515 - R:localhost/127.0.0.1:2690]' for 'GET' to 'http://localhost:2690/session/1d17cba2db6a7aededa6c8addbfcc1f0/element/7aa0dbb4-d3b1-4f8b-863b-1b6208320f38/text'
[DEBUG] Using open Channel [id: 0xe5765420, L:/127.0.0.1:59515 - R:localhost/127.0.0.1:2690] for GET '/session/1d17cba2db6a7aededa6c8addbfcc1f0/element/7aa0dbb4-d3b1-4f8b-863b-1b6208320f38/text'
[DEBUG] 

Request DefaultFullHttpRequest(decodeResult: success, version: HTTP/1.1, content: EmptyByteBufBE)
GET /session/1d17cba2db6a7aededa6c8addbfcc1f0/element/7aa0dbb4-d3b1-4f8b-863b-1b6208320f38/text HTTP/1.1
User-Agent: selenium/4.6.0 (java windows)
Cache-Control: no-cache
Content-Type: application/json; charset=utf-8
host: localhost:2690
accept: */*

Response DefaultHttpResponse(decodeResult: success, version: HTTP/1.1)
HTTP/1.1 200 OK
Content-Type: application/json; charset=utf-8
cache-control: no-cache
content-length: 36

[DEBUG] Adding key: http://localhost:2690 for channel [id: 0xe5765420, L:/127.0.0.1:59515 - R:localhost/127.0.0.1:2690]
[DEBUG] Using pooled Channel '[id: 0xe5765420, L:/127.0.0.1:59515 - R:localhost/127.0.0.1:2690]' for 'POST' to 'http://localhost:2690/session/1d17cba2db6a7aededa6c8addbfcc1f0/elements'
[DEBUG] Using open Channel [id: 0xe5765420, L:/127.0.0.1:59515 - R:localhost/127.0.0.1:2690] for POST '/session/1d17cba2db6a7aededa6c8addbfcc1f0/elements'
[DEBUG] 

Request DefaultHttpRequest(decodeResult: success, version: HTTP/1.1)
POST /session/1d17cba2db6a7aededa6c8addbfcc1f0/elements HTTP/1.1
User-Agent: selenium/4.6.0 (java windows)
Content-Length: 129
Content-Type: application/json; charset=utf-8
host: localhost:2690
accept: */*

Response DefaultHttpResponse(decodeResult: success, version: HTTP/1.1)
HTTP/1.1 200 OK
Content-Type: application/json; charset=utf-8
cache-control: no-cache
content-length: 90

[DEBUG] Adding key: http://localhost:2690 for channel [id: 0xe5765420, L:/127.0.0.1:59515 - R:localhost/127.0.0.1:2690]
[DEBUG] Using pooled Channel '[id: 0xe5765420, L:/127.0.0.1:59515 - R:localhost/127.0.0.1:2690]' for 'GET' to 'http://localhost:2690/session/1d17cba2db6a7aededa6c8addbfcc1f0/element/8fb27b6f-7df9-4854-bbf0-406d81247bda/text'
[DEBUG] Using open Channel [id: 0xe5765420, L:/127.0.0.1:59515 - R:localhost/127.0.0.1:2690] for GET '/session/1d17cba2db6a7aededa6c8addbfcc1f0/element/8fb27b6f-7df9-4854-bbf0-406d81247bda/text'
[DEBUG] 

Request DefaultFullHttpRequest(decodeResult: success, version: HTTP/1.1, content: EmptyByteBufBE)
GET /session/1d17cba2db6a7aededa6c8addbfcc1f0/element/8fb27b6f-7df9-4854-bbf0-406d81247bda/text HTTP/1.1
User-Agent: selenium/4.6.0 (java windows)
Cache-Control: no-cache
Content-Type: application/json; charset=utf-8
host: localhost:2690
accept: */*

Response DefaultHttpResponse(decodeResult: success, version: HTTP/1.1)
HTTP/1.1 200 OK
Content-Type: application/json; charset=utf-8
cache-control: no-cache
content-length: 28

[DEBUG] Adding key: http://localhost:2690 for channel [id: 0xe5765420, L:/127.0.0.1:59515 - R:localhost/127.0.0.1:2690]
[DEBUG] Using pooled Channel '[id: 0xe5765420, L:/127.0.0.1:59515 - R:localhost/127.0.0.1:2690]' for 'POST' to 'http://localhost:2690/session/1d17cba2db6a7aededa6c8addbfcc1f0/element'
[DEBUG] Using open Channel [id: 0xe5765420, L:/127.0.0.1:59515 - R:localhost/127.0.0.1:2690] for POST '/session/1d17cba2db6a7aededa6c8addbfcc1f0/element'
[DEBUG] 

Request DefaultHttpRequest(decodeResult: success, version: HTTP/1.1)
POST /session/1d17cba2db6a7aededa6c8addbfcc1f0/element HTTP/1.1
User-Agent: selenium/4.6.0 (java windows)
Content-Length: 129
Content-Type: application/json; charset=utf-8
host: localhost:2690
accept: */*

Response DefaultHttpResponse(decodeResult: success, version: HTTP/1.1)
HTTP/1.1 200 OK
Content-Type: application/json; charset=utf-8
cache-control: no-cache
content-length: 88

[DEBUG] Adding key: http://localhost:2690 for channel [id: 0xe5765420, L:/127.0.0.1:59515 - R:localhost/127.0.0.1:2690]
[DEBUG] Using pooled Channel '[id: 0xe5765420, L:/127.0.0.1:59515 - R:localhost/127.0.0.1:2690]' for 'GET' to 'http://localhost:2690/session/1d17cba2db6a7aededa6c8addbfcc1f0/element/cebf5e3f-42c3-462e-ba19-299b42914792/text'
[DEBUG] Using open Channel [id: 0xe5765420, L:/127.0.0.1:59515 - R:localhost/127.0.0.1:2690] for GET '/session/1d17cba2db6a7aededa6c8addbfcc1f0/element/cebf5e3f-42c3-462e-ba19-299b42914792/text'
[DEBUG] 

Request DefaultFullHttpRequest(decodeResult: success, version: HTTP/1.1, content: EmptyByteBufBE)
GET /session/1d17cba2db6a7aededa6c8addbfcc1f0/element/cebf5e3f-42c3-462e-ba19-299b42914792/text HTTP/1.1
User-Agent: selenium/4.6.0 (java windows)
Cache-Control: no-cache
Content-Type: application/json; charset=utf-8
host: localhost:2690
accept: */*

Response DefaultHttpResponse(decodeResult: success, version: HTTP/1.1)
HTTP/1.1 200 OK
Content-Type: application/json; charset=utf-8
cache-control: no-cache
content-length: 28

[DEBUG] Adding key: http://localhost:2690 for channel [id: 0xe5765420, L:/127.0.0.1:59515 - R:localhost/127.0.0.1:2690]
[DEBUG] Using pooled Channel '[id: 0xe5765420, L:/127.0.0.1:59515 - R:localhost/127.0.0.1:2690]' for 'POST' to 'http://localhost:2690/session/1d17cba2db6a7aededa6c8addbfcc1f0/elements'
[DEBUG] Using open Channel [id: 0xe5765420, L:/127.0.0.1:59515 - R:localhost/127.0.0.1:2690] for POST '/session/1d17cba2db6a7aededa6c8addbfcc1f0/elements'
[DEBUG] 

Request DefaultHttpRequest(decodeResult: success, version: HTTP/1.1)
POST /session/1d17cba2db6a7aededa6c8addbfcc1f0/elements HTTP/1.1
User-Agent: selenium/4.6.0 (java windows)
Content-Length: 129
Content-Type: application/json; charset=utf-8
host: localhost:2690
accept: */*

Response DefaultHttpResponse(decodeResult: success, version: HTTP/1.1)
HTTP/1.1 200 OK
Content-Type: application/json; charset=utf-8
cache-control: no-cache
content-length: 90

[DEBUG] Adding key: http://localhost:2690 for channel [id: 0xe5765420, L:/127.0.0.1:59515 - R:localhost/127.0.0.1:2690]
[DEBUG] Using pooled Channel '[id: 0xe5765420, L:/127.0.0.1:59515 - R:localhost/127.0.0.1:2690]' for 'GET' to 'http://localhost:2690/session/1d17cba2db6a7aededa6c8addbfcc1f0/element/b2b04a9a-87c6-422f-9d93-de6350e3efc4/text'
[DEBUG] Using open Channel [id: 0xe5765420, L:/127.0.0.1:59515 - R:localhost/127.0.0.1:2690] for GET '/session/1d17cba2db6a7aededa6c8addbfcc1f0/element/b2b04a9a-87c6-422f-9d93-de6350e3efc4/text'
[DEBUG] 

Request DefaultFullHttpRequest(decodeResult: success, version: HTTP/1.1, content: EmptyByteBufBE)
GET /session/1d17cba2db6a7aededa6c8addbfcc1f0/element/b2b04a9a-87c6-422f-9d93-de6350e3efc4/text HTTP/1.1
User-Agent: selenium/4.6.0 (java windows)
Cache-Control: no-cache
Content-Type: application/json; charset=utf-8
host: localhost:2690
accept: */*

Response DefaultHttpResponse(decodeResult: success, version: HTTP/1.1)
HTTP/1.1 200 OK
Content-Type: application/json; charset=utf-8
cache-control: no-cache
content-length: 23

[DEBUG] Adding key: http://localhost:2690 for channel [id: 0xe5765420, L:/127.0.0.1:59515 - R:localhost/127.0.0.1:2690]
[DEBUG] Using pooled Channel '[id: 0xe5765420, L:/127.0.0.1:59515 - R:localhost/127.0.0.1:2690]' for 'POST' to 'http://localhost:2690/session/1d17cba2db6a7aededa6c8addbfcc1f0/elements'
[DEBUG] Using open Channel [id: 0xe5765420, L:/127.0.0.1:59515 - R:localhost/127.0.0.1:2690] for POST '/session/1d17cba2db6a7aededa6c8addbfcc1f0/elements'
[DEBUG] 

Request DefaultHttpRequest(decodeResult: success, version: HTTP/1.1)
POST /session/1d17cba2db6a7aededa6c8addbfcc1f0/elements HTTP/1.1
User-Agent: selenium/4.6.0 (java windows)
Content-Length: 129
Content-Type: application/json; charset=utf-8
host: localhost:2690
accept: */*

Response DefaultHttpResponse(decodeResult: success, version: HTTP/1.1)
HTTP/1.1 200 OK
Content-Type: application/json; charset=utf-8
cache-control: no-cache
content-length: 90

[DEBUG] Adding key: http://localhost:2690 for channel [id: 0xe5765420, L:/127.0.0.1:59515 - R:localhost/127.0.0.1:2690]
[DEBUG] Using pooled Channel '[id: 0xe5765420, L:/127.0.0.1:59515 - R:localhost/127.0.0.1:2690]' for 'GET' to 'http://localhost:2690/session/1d17cba2db6a7aededa6c8addbfcc1f0/element/ca335106-fe40-4528-bc0b-bd0c172b06fe/text'
[DEBUG] Using open Channel [id: 0xe5765420, L:/127.0.0.1:59515 - R:localhost/127.0.0.1:2690] for GET '/session/1d17cba2db6a7aededa6c8addbfcc1f0/element/ca335106-fe40-4528-bc0b-bd0c172b06fe/text'
[DEBUG] 

Request DefaultFullHttpRequest(decodeResult: success, version: HTTP/1.1, content: EmptyByteBufBE)
GET /session/1d17cba2db6a7aededa6c8addbfcc1f0/element/ca335106-fe40-4528-bc0b-bd0c172b06fe/text HTTP/1.1
User-Agent: selenium/4.6.0 (java windows)
Cache-Control: no-cache
Content-Type: application/json; charset=utf-8
host: localhost:2690
accept: */*

Response DefaultHttpResponse(decodeResult: success, version: HTTP/1.1)
HTTP/1.1 200 OK
Content-Type: application/json; charset=utf-8
cache-control: no-cache
content-length: 18

[DEBUG] Adding key: http://localhost:2690 for channel [id: 0xe5765420, L:/127.0.0.1:59515 - R:localhost/127.0.0.1:2690]
[DEBUG] Using pooled Channel '[id: 0xe5765420, L:/127.0.0.1:59515 - R:localhost/127.0.0.1:2690]' for 'POST' to 'http://localhost:2690/session/1d17cba2db6a7aededa6c8addbfcc1f0/elements'
[DEBUG] Using open Channel [id: 0xe5765420, L:/127.0.0.1:59515 - R:localhost/127.0.0.1:2690] for POST '/session/1d17cba2db6a7aededa6c8addbfcc1f0/elements'
[DEBUG] 

Request DefaultHttpRequest(decodeResult: success, version: HTTP/1.1)
POST /session/1d17cba2db6a7aededa6c8addbfcc1f0/elements HTTP/1.1
User-Agent: selenium/4.6.0 (java windows)
Content-Length: 129
Content-Type: application/json; charset=utf-8
host: localhost:2690
accept: */*

Response DefaultHttpResponse(decodeResult: success, version: HTTP/1.1)
HTTP/1.1 200 OK
Content-Type: application/json; charset=utf-8
cache-control: no-cache
content-length: 90

[DEBUG] Adding key: http://localhost:2690 for channel [id: 0xe5765420, L:/127.0.0.1:59515 - R:localhost/127.0.0.1:2690]
[DEBUG] Using pooled Channel '[id: 0xe5765420, L:/127.0.0.1:59515 - R:localhost/127.0.0.1:2690]' for 'GET' to 'http://localhost:2690/session/1d17cba2db6a7aededa6c8addbfcc1f0/element/25d918b0-9894-4444-a684-cbdf8ba80723/text'
[DEBUG] Using open Channel [id: 0xe5765420, L:/127.0.0.1:59515 - R:localhost/127.0.0.1:2690] for GET '/session/1d17cba2db6a7aededa6c8addbfcc1f0/element/25d918b0-9894-4444-a684-cbdf8ba80723/text'
[DEBUG] 

Request DefaultFullHttpRequest(decodeResult: success, version: HTTP/1.1, content: EmptyByteBufBE)
GET /session/1d17cba2db6a7aededa6c8addbfcc1f0/element/25d918b0-9894-4444-a684-cbdf8ba80723/text HTTP/1.1
User-Agent: selenium/4.6.0 (java windows)
Cache-Control: no-cache
Content-Type: application/json; charset=utf-8
host: localhost:2690
accept: */*

Response DefaultHttpResponse(decodeResult: success, version: HTTP/1.1)
HTTP/1.1 200 OK
Content-Type: application/json; charset=utf-8
cache-control: no-cache
content-length: 45

[DEBUG] Adding key: http://localhost:2690 for channel [id: 0xe5765420, L:/127.0.0.1:59515 - R:localhost/127.0.0.1:2690]
[DEBUG] Using pooled Channel '[id: 0xe5765420, L:/127.0.0.1:59515 - R:localhost/127.0.0.1:2690]' for 'POST' to 'http://localhost:2690/session/1d17cba2db6a7aededa6c8addbfcc1f0/elements'
[DEBUG] Using open Channel [id: 0xe5765420, L:/127.0.0.1:59515 - R:localhost/127.0.0.1:2690] for POST '/session/1d17cba2db6a7aededa6c8addbfcc1f0/elements'
[DEBUG] 

Request DefaultHttpRequest(decodeResult: success, version: HTTP/1.1)
POST /session/1d17cba2db6a7aededa6c8addbfcc1f0/elements HTTP/1.1
User-Agent: selenium/4.6.0 (java windows)
Content-Length: 129
Content-Type: application/json; charset=utf-8
host: localhost:2690
accept: */*

Response DefaultHttpResponse(decodeResult: success, version: HTTP/1.1)
HTTP/1.1 200 OK
Content-Type: application/json; charset=utf-8
cache-control: no-cache
content-length: 90

[DEBUG] Adding key: http://localhost:2690 for channel [id: 0xe5765420, L:/127.0.0.1:59515 - R:localhost/127.0.0.1:2690]
[DEBUG] Using pooled Channel '[id: 0xe5765420, L:/127.0.0.1:59515 - R:localhost/127.0.0.1:2690]' for 'GET' to 'http://localhost:2690/session/1d17cba2db6a7aededa6c8addbfcc1f0/element/cebf5e3f-42c3-462e-ba19-299b42914792/text'
[DEBUG] Using open Channel [id: 0xe5765420, L:/127.0.0.1:59515 - R:localhost/127.0.0.1:2690] for GET '/session/1d17cba2db6a7aededa6c8addbfcc1f0/element/cebf5e3f-42c3-462e-ba19-299b42914792/text'
[DEBUG] 

Request DefaultFullHttpRequest(decodeResult: success, version: HTTP/1.1, content: EmptyByteBufBE)
GET /session/1d17cba2db6a7aededa6c8addbfcc1f0/element/cebf5e3f-42c3-462e-ba19-299b42914792/text HTTP/1.1
User-Agent: selenium/4.6.0 (java windows)
Cache-Control: no-cache
Content-Type: application/json; charset=utf-8
host: localhost:2690
accept: */*

Response DefaultHttpResponse(decodeResult: success, version: HTTP/1.1)
HTTP/1.1 200 OK
Content-Type: application/json; charset=utf-8
cache-control: no-cache
content-length: 28

[DEBUG] Adding key: http://localhost:2690 for channel [id: 0xe5765420, L:/127.0.0.1:59515 - R:localhost/127.0.0.1:2690]
[DEBUG] Using pooled Channel '[id: 0xe5765420, L:/127.0.0.1:59515 - R:localhost/127.0.0.1:2690]' for 'POST' to 'http://localhost:2690/session/1d17cba2db6a7aededa6c8addbfcc1f0/element'
[DEBUG] Using open Channel [id: 0xe5765420, L:/127.0.0.1:59515 - R:localhost/127.0.0.1:2690] for POST '/session/1d17cba2db6a7aededa6c8addbfcc1f0/element'
[DEBUG] 

Request DefaultHttpRequest(decodeResult: success, version: HTTP/1.1)
POST /session/1d17cba2db6a7aededa6c8addbfcc1f0/element HTTP/1.1
User-Agent: selenium/4.6.0 (java windows)
Content-Length: 129
Content-Type: application/json; charset=utf-8
host: localhost:2690
accept: */*

Response DefaultHttpResponse(decodeResult: success, version: HTTP/1.1)
HTTP/1.1 200 OK
Content-Type: application/json; charset=utf-8
cache-control: no-cache
content-length: 88

[DEBUG] Adding key: http://localhost:2690 for channel [id: 0xe5765420, L:/127.0.0.1:59515 - R:localhost/127.0.0.1:2690]
[DEBUG] Using pooled Channel '[id: 0xe5765420, L:/127.0.0.1:59515 - R:localhost/127.0.0.1:2690]' for 'GET' to 'http://localhost:2690/session/1d17cba2db6a7aededa6c8addbfcc1f0/element/f1f8b7cc-3f89-4a61-a386-041810fe9c25/text'
[DEBUG] Using open Channel [id: 0xe5765420, L:/127.0.0.1:59515 - R:localhost/127.0.0.1:2690] for GET '/session/1d17cba2db6a7aededa6c8addbfcc1f0/element/f1f8b7cc-3f89-4a61-a386-041810fe9c25/text'
[DEBUG] 

Request DefaultFullHttpRequest(decodeResult: success, version: HTTP/1.1, content: EmptyByteBufBE)
GET /session/1d17cba2db6a7aededa6c8addbfcc1f0/element/f1f8b7cc-3f89-4a61-a386-041810fe9c25/text HTTP/1.1
User-Agent: selenium/4.6.0 (java windows)
Cache-Control: no-cache
Content-Type: application/json; charset=utf-8
host: localhost:2690
accept: */*

Response DefaultHttpResponse(decodeResult: success, version: HTTP/1.1)
HTTP/1.1 200 OK
Content-Type: application/json; charset=utf-8
cache-control: no-cache
content-length: 26

[DEBUG] Adding key: http://localhost:2690 for channel [id: 0xe5765420, L:/127.0.0.1:59515 - R:localhost/127.0.0.1:2690]
  And user can generate a report based on the holiday type                                 # com.lms.stepdefinition.LMSHolidayListSteps.user_can_generate_a_report_based_on_the_holiday_type()
[DEBUG] Using pooled Channel '[id: 0xe5765420, L:/127.0.0.1:59515 - R:localhost/127.0.0.1:2690]' for 'GET' to 'http://localhost:2690/session/1d17cba2db6a7aededa6c8addbfcc1f0/screenshot'
[DEBUG] Using open Channel [id: 0xe5765420, L:/127.0.0.1:59515 - R:localhost/127.0.0.1:2690] for GET '/session/1d17cba2db6a7aededa6c8addbfcc1f0/screenshot'
[DEBUG] 

Request DefaultFullHttpRequest(decodeResult: success, version: HTTP/1.1, content: EmptyByteBufBE)
GET /session/1d17cba2db6a7aededa6c8addbfcc1f0/screenshot HTTP/1.1
User-Agent: selenium/4.6.0 (java windows)
Cache-Control: no-cache
Content-Type: application/json; charset=utf-8
host: localhost:2690
accept: */*

Response DefaultHttpResponse(decodeResult: success, version: HTTP/1.1)
HTTP/1.1 200 OK
Content-Type: application/json; charset=utf-8
cache-control: no-cache
content-length: 254432

[DEBUG] Adding key: http://localhost:2690 for channel [id: 0xe5765420, L:/127.0.0.1:59515 - R:localhost/127.0.0.1:2690]

    Embedding User_is_able_to_validate_the_count_of_Public_Holidays_on_LMS_and_generate_report [image/png 190813 bytes]

[DEBUG] Using pooled Channel '[id: 0xe5765420, L:/127.0.0.1:59515 - R:localhost/127.0.0.1:2690]' for 'DELETE' to 'http://localhost:2690/session/1d17cba2db6a7aededa6c8addbfcc1f0'
[DEBUG] Using open Channel [id: 0xe5765420, L:/127.0.0.1:59515 - R:localhost/127.0.0.1:2690] for DELETE '/session/1d17cba2db6a7aededa6c8addbfcc1f0'
[DEBUG] Channel Closed: [id: 0x0c34dc0e, L:/127.0.0.1:59535 ! R:localhost/127.0.0.1:59518] with attribute NettyResponseFuture{currentRetry=0,
	isDone=1,
	isCancelled=0,
	asyncHandler=org.asynchttpclient.ws.WebSocketUpgradeHandler@379c6266,
	nettyRequest=org.asynchttpclient.netty.request.NettyRequest@2b0f8e20,
	future=java.util.concurrent.CompletableFuture@6c7972d6[Completed normally],
	uri=ws://localhost:59518/devtools/browser/a37ac6dc-e0f0-4d64-a271-87e34771ebe7,
	keepAlive=true,
	redirectCount=0,
	timeoutsHolder=null,
	inAuth=0,
	touch=1676960397119}
[DEBUG] Closing Channel [id: 0x0c34dc0e, L:/127.0.0.1:59535 ! R:localhost/127.0.0.1:59518] 
[DEBUG] Unexpected I/O exception on channel [id: 0x98f71934, L:/127.0.0.1:59533 - R:localhost/127.0.0.1:59518]
java.net.SocketException: Connection reset
	at java.base/sun.nio.ch.SocketChannelImpl.throwConnectionReset(SocketChannelImpl.java:394) ~[na:na]
	at java.base/sun.nio.ch.SocketChannelImpl.read(SocketChannelImpl.java:426) ~[na:na]
	at io.netty.buffer.PooledByteBuf.setBytes(PooledByteBuf.java:259) ~[netty-buffer-4.1.84.Final.jar:4.1.84.Final]
	at io.netty.buffer.AbstractByteBuf.writeBytes(AbstractByteBuf.java:1132) ~[netty-buffer-4.1.84.Final.jar:4.1.84.Final]
	at io.netty.channel.socket.nio.NioSocketChannel.doReadBytes(NioSocketChannel.java:357) ~[netty-transport-4.1.84.Final.jar:4.1.84.Final]
	at io.netty.channel.nio.AbstractNioByteChannel$NioByteUnsafe.read(AbstractNioByteChannel.java:151) ~[netty-transport-4.1.84.Final.jar:4.1.84.Final]
	at io.netty.channel.nio.NioEventLoop.processSelectedKey(NioEventLoop.java:788) ~[netty-transport-4.1.84.Final.jar:4.1.84.Final]
	at io.netty.channel.nio.NioEventLoop.processSelectedKeysOptimized(NioEventLoop.java:724) ~[netty-transport-4.1.84.Final.jar:4.1.84.Final]
	at io.netty.channel.nio.NioEventLoop.processSelectedKeys(NioEventLoop.java:650) ~[netty-transport-4.1.84.Final.jar:4.1.84.Final]
	at io.netty.channel.nio.NioEventLoop.run(NioEventLoop.java:562) ~[netty-transport-4.1.84.Final.jar:4.1.84.Final]
	at io.netty.util.concurrent.SingleThreadEventExecutor$4.run(SingleThreadEventExecutor.java:997) ~[netty-common-4.1.84.Final.jar:4.1.84.Final]
	at io.netty.util.internal.ThreadExecutorMap$2.run(ThreadExecutorMap.java:74) ~[netty-common-4.1.84.Final.jar:4.1.84.Final]
	at io.netty.util.concurrent.FastThreadLocalRunnable.run(FastThreadLocalRunnable.java:30) ~[netty-common-4.1.84.Final.jar:4.1.84.Final]
	at java.base/java.lang.Thread.run(Thread.java:833) ~[na:na]
[DEBUG] Closing Channel [id: 0x98f71934, L:/127.0.0.1:59533 - R:localhost/127.0.0.1:59518] 
[DEBUG] Channel Closed: [id: 0x98f71934, L:/127.0.0.1:59533 ! R:localhost/127.0.0.1:59518] with attribute DISCARD
[DEBUG] 

Request DefaultFullHttpRequest(decodeResult: success, version: HTTP/1.1, content: EmptyByteBufBE)
DELETE /session/1d17cba2db6a7aededa6c8addbfcc1f0 HTTP/1.1
User-Agent: selenium/4.6.0 (java windows)
Content-Type: application/json; charset=utf-8
host: localhost:2690
accept: */*

Response DefaultHttpResponse(decodeResult: success, version: HTTP/1.1)
HTTP/1.1 200 OK
Content-Type: application/json; charset=utf-8
cache-control: no-cache
content-length: 14

[DEBUG] Adding key: http://localhost:2690 for channel [id: 0xe5765420, L:/127.0.0.1:59515 - R:localhost/127.0.0.1:2690]
[DEBUG] Channel Closed: [id: 0xe5765420, L:/127.0.0.1:59515 ! R:localhost/127.0.0.1:2690] with attribute DISCARD
]]></system-out>
    <system-err><![CDATA[Starting Microsoft Edge WebDriver 110.0.1587.50 (05bf83b2e806ffb3a92b68f835d6bee390b3797e) on port 2690
To submit feedback, report a bug, or suggest new features, please visit https://github.com/MicrosoftEdge/EdgeWebDriver

Only local connections are allowed.
Please see https://aka.ms/WebDriverSecurity for suggestions on keeping Microsoft Edge WebDriver safe.

Microsoft Edge WebDriver was started successfully.
[1676960395.398][WARNING]: virtual void DevToolsClientImpl::AddListener(DevToolsEventListener *) subscribing a listener to the already connected DevToolsClient. Connection notification will not arrive.
Feb 21, 2023 11:49:57 AM org.openqa.selenium.devtools.CdpVersionFinder findNearestMatch
WARNING: Unable to find an exact match for CDP version 110, so returning the closest version found: 107
]]></system-err>
  </testcase>
</testsuite>